09:13:02.794 [main                     ] DEBUG Logger               - Configured Logger
09:13:02.826 [main                     ] DEBUG GameApplication      - Logging settings
Title: Gonvival
Version: beta
Width: 800
Height: 800
Fullscreen: false
Intro: false
Profiling: false
Single step:false
App Mode: DEVELOPER
Menu Key: ESCAPE
Stage Style: DECORATED
Scene Factory: class com.lab.App$1

09:13:04.511 [JavaFX Application Thread] DEBUG FXGLApplication      - Initializing FXGL
09:13:04.516 [JavaFX Application Thread] INFO  Engine               - FXGL-21.1 (27.03.2024 07.52) on WINDOWS (J:21.0.5 FX:21.0.1)
09:13:04.517 [JavaFX Application Thread] DEBUG Engine               - JRE Vendor Name: Eclipse Adoptium
09:13:04.517 [JavaFX Application Thread] DEBUG Engine               - Running on OS: Windows 11 version 10.0
09:13:04.518 [JavaFX Application Thread] DEBUG Engine               - Architecture: amd64
09:13:04.518 [JavaFX Application Thread] INFO  Engine               - Source code and latest versions at: https://github.com/AlmasB/FXGL
09:13:04.518 [JavaFX Application Thread] INFO  Engine               -       Ask questions and discuss at: https://github.com/AlmasB/FXGL/discussions
09:13:04.518 [JavaFX Application Thread] INFO  Engine               -              Join the FXGL chat at: https://gitter.im/AlmasB/FXGL
09:13:04.717 [JavaFX Application Thread] DEBUG PrimaryStageWindow   - Creating a JavaFX scene
09:13:04.816 [JavaFX Application Thread] DEBUG PrimaryStageWindow   - Target settings size: 800.0 x 800.0
09:13:04.816 [JavaFX Application Thread] DEBUG PrimaryStageWindow   - Scaled scene size:    800.0 x 800.0
09:13:04.817 [JavaFX Application Thread] DEBUG PrimaryStageWindow   - Scaled ratio: (1.0, 1.0)
09:13:04.818 [JavaFX Application Thread] DEBUG PrimaryStageWindow   - Set initial scene to FXGLStartupScene
09:13:04.825 [JavaFX Application Thread] DEBUG PrimaryStageWindow   - Opening main window
09:13:04.985 [JavaFX Application Thread] DEBUG PrimaryStageWindow   - Window border size: (14.4000244140625, 37.5999755859375)
09:13:04.986 [JavaFX Application Thread] DEBUG PrimaryStageWindow   - Scaled size: 800.0 x 800.0
09:13:04.986 [JavaFX Application Thread] DEBUG PrimaryStageWindow   - Scaled ratio: (1.0, 1.0)
09:13:04.987 [JavaFX Application Thread] DEBUG PrimaryStageWindow   - Scene size: 800.0 x 800.0
09:13:04.987 [JavaFX Application Thread] DEBUG PrimaryStageWindow   - Stage size: 814.4000244140625 x 837.5999755859375
09:13:05.004 [FXGL Background Thread 1 ] DEBUG Engine               - Initializing environment variables
09:13:05.090 [FXGL Background Thread 1 ] DEBUG FXGLAssetLoaderServi - User app class for loading assets: class com.lab.App
09:13:05.091 [FXGL Background Thread 1 ] DEBUG GameApplicationServi - Applying CSS: fxgl_dark.css
09:13:05.091 [FXGL Background Thread 1 ] DEBUG FXGLAssetLoaderServi - Loading from file system: jar:file:/C:/Users/HP/.m2/repository/com/github/almasb/fxgl/21.1/fxgl-21.1.jar!/fxglassets/ui/css/fxgl_dark.css
09:13:05.157 [FXGL Background Thread 1 ] DEBUG GameApplicationServi - Initializing application scenes
09:13:05.249 [FXGL Background Thread 1 ] DEBUG GameWorld            - Game world initialized
09:13:05.344 [FXGL Background Thread 1 ] DEBUG PhysicsWorld         - Physics world initialized: appHeight=800, physics.ppm=50.0
09:13:05.345 [FXGL Background Thread 1 ] DEBUG PhysicsWorld         - Using strategy: BRUTE_FORCE
09:13:05.349 [FXGL Background Thread 1 ] DEBUG GameScene            - Game scene initialized: 800x800
09:13:05.395 [FXGL Background Thread 1 ] DEBUG FXGLAssetLoaderServi - Loading from file system: file:/D:/Gonvival/game/target/classes/assets/music/runNiggaRun.mp3
09:13:05.632 [FXGL Background Thread 1 ] DEBUG AudioPlayer          - Playing music com.almasb.fxgl.audio.Music@250ef61
09:13:05.651 [FXGL Background Thread 1 ] DEBUG FXGL.DefaultMenu     - createMenuBodyGameMenu()
09:13:05.675 [FXGL Background Thread 1 ] DEBUG FXGL.DefaultMenu     - createOptionsMenu()
09:13:05.688 [FXGL Background Thread 1 ] DEBUG FXGLAssetLoaderServi - Loading from file system: jar:file:/C:/Users/HP/.m2/repository/com/github/almasb/fxgl/21.1/fxgl-21.1.jar!/fxglassets/textures/particles/smoke.png
09:13:05.859 [FXGL Background Thread 1 ] DEBUG FXGLAssetLoaderServi - Loading from file system: jar:file:/C:/Users/HP/.m2/repository/com/github/almasb/fxgl/21.1/fxgl-21.1.jar!/fxglassets/textures/particles/trace_horizontal.png
09:13:05.917 [FXGL Background Thread 1 ] DEBUG GameApplicationServi - Application scenes initialized
09:13:05.947 [FXGL Background Thread 1 ] DEBUG SystemBundleService  - Loading FXGL system data
09:13:05.969 [FXGL Background Thread 1 ] DEBUG FileSystemAccess     - Reading from: D:\Gonvival\system\fxgl.bundle
09:13:05.988 [FXGL Background Thread 1 ] DEBUG SystemBundleService  - Bundle FXGL: {}
09:13:05.988 [FXGL Background Thread 1 ] DEBUG UpdaterService       - Checking for updates
09:13:05.996 [FXGL Background Thread 4 ] DEBUG FXGLApplication      - Loading fonts
09:13:05.997 [FXGL Background Thread 4 ] DEBUG FXGLAssetLoaderServi - Loading from file system: jar:file:/C:/Users/HP/.m2/repository/com/github/almasb/fxgl/21.1/fxgl-21.1.jar!/fxglassets/ui/fonts/VarelaRound-Regular.ttf
09:13:05.999 [FXGL Background Thread 1 ] DEBUG FXGLApplication      - Loading default localization
09:13:06.000 [FXGL Background Thread 1 ] DEBUG FXGLAssetLoaderServi - Loading from file system: jar:file:/C:/Users/HP/.m2/repository/com/github/almasb/fxgl/21.1/fxgl-21.1.jar!/fxglassets/languages/english.lang
09:13:06.053 [FXGL Background Thread 1 ] INFO  FXGLApplication      - FXGL initialization took: 1.050 sec
09:13:06.057 [JavaFX Application Thread] DEBUG FXGLAssetLoaderServi - Loading from file system: jar:file:/C:/Users/HP/.m2/repository/com/github/almasb/fxgl/21.1/fxgl-21.1.jar!/fxglassets/textures/fxgl_icon.png
09:13:06.070 [FXGL Background Thread 4 ] DEBUG FXGLAssetLoaderServi - Loading from file system: jar:file:/C:/Users/HP/.m2/repository/com/github/almasb/fxgl/21.1/fxgl-21.1.jar!/fxglassets/ui/fonts/Abel-Regular.ttf
09:13:06.078 [FXGL Background Thread 4 ] DEBUG FXGLAssetLoaderServi - Loading from file system: jar:file:/C:/Users/HP/.m2/repository/com/github/almasb/fxgl/21.1/fxgl-21.1.jar!/fxglassets/ui/fonts/TerminalLandMono-Regular.otf
09:13:06.086 [FXGL Background Thread 4 ] DEBUG FXGLAssetLoaderServi - Loading from file system: jar:file:/C:/Users/HP/.m2/repository/com/github/almasb/fxgl/21.1/fxgl-21.1.jar!/fxglassets/ui/fonts/Courier-Prime.ttf
09:13:06.099 [JavaFX Application Thread] DEBUG FXGLAssetLoaderServi - Loading from file system: jar:file:/C:/Users/HP/.m2/repository/com/github/almasb/fxgl/21.1/fxgl-21.1.jar!/fxglassets/textures/fxgl_default_cursor.png
09:13:06.119 [JavaFX Application Thread] DEBUG Input                - Registered new binding: Screenshot - CTRL+8
09:13:06.120 [JavaFX Application Thread] DEBUG Input                - Registered new binding: System info dump - CTRL+9
09:13:06.121 [JavaFX Application Thread] DEBUG Input                - Registered new binding: Restart - CTRL+R
09:13:06.122 [JavaFX Application Thread] DEBUG Input                - Registered new binding: Toggle Debug Camera - CTRL+7
09:13:06.128 [JavaFX Application Thread] DEBUG LoopRunner           - Starting loop
09:13:06.129 [JavaFX Application Thread] DEBUG LoopRunner           - Initializing JavaFX AnimationTimerLoop
09:13:06.132 [JavaFX Application Thread] DEBUG Input                - Clearing active input actions
09:13:06.150 [JavaFX Application Thread] DEBUG GameApplicationServi - Removing overlay from FXGLStartupScene and adding to FXGLMainMenuDummyScene
09:13:06.151 [JavaFX Application Thread] DEBUG PrimaryStageWindow   - FXGLStartupScene -> FXGLMainMenuDummyScene
09:13:06.151 [JavaFX Application Thread] DEBUG PrimaryStageWindow   - Push state: StartScreen
09:13:06.153 [JavaFX Application Thread] DEBUG Input                - Clearing active input actions
09:13:06.179 [JavaFX Application Thread] DEBUG GameApplicationServi - Removing overlay from FXGLMainMenuDummyScene and adding to StartScreen
09:13:06.180 [JavaFX Application Thread] DEBUG PrimaryStageWindow   - FXGLMainMenuDummyScene -> StartScreen
09:13:06.180 [JavaFX Application Thread] DEBUG FXGLApplication      - Registering font factories with UI factory
09:13:07.717 [JavaFX Application Thread] DEBUG AudioPlayer          - Stopping music com.almasb.fxgl.audio.Music@250ef61
09:13:07.721 [JavaFX Application Thread] WARN  FXGLAssetLoaderServi - Asset "/assets/music/Yakety.mp3" was not found!
09:13:07.723 [JavaFX Application Thread] WARN  FXGLAssetLoaderServi - Failed to load MUSIC
09:13:07.726 [JavaFX Application Thread] DEBUG AudioPlayer          - Playing music com.almasb.fxgl.audio.Music@2f91d1b4
09:13:07.729 [JavaFX Application Thread] DEBUG AudioPlayer          - Pausing music com.almasb.fxgl.audio.Music@250ef61
09:13:07.730 [JavaFX Application Thread] DEBUG AudioPlayer          - Pausing music com.almasb.fxgl.audio.Music@2f91d1b4
09:13:07.730 [JavaFX Application Thread] DEBUG LoopRunner           - Pausing loop
09:13:07.730 [JavaFX Application Thread] DEBUG Menu                 - fireNewGame()
09:13:07.730 [JavaFX Application Thread] DEBUG GameApplicationServi - Starting new game
09:13:07.731 [JavaFX Application Thread] DEBUG PrimaryStageWindow   - Pop state: StartScreen
09:13:07.731 [JavaFX Application Thread] DEBUG Input                - Clearing active input actions
09:13:07.732 [JavaFX Application Thread] DEBUG GameApplicationServi - Removing overlay from StartScreen and adding to FXGLMainMenuDummyScene
09:13:07.732 [JavaFX Application Thread] DEBUG PrimaryStageWindow   - FXGLMainMenuDummyScene <- StartScreen
09:13:07.732 [JavaFX Application Thread] DEBUG Input                - Clearing active input actions
09:13:07.741 [JavaFX Application Thread] DEBUG GameApplicationServi - Removing overlay from FXGLMainMenuDummyScene and adding to FXGLLoadingScene
09:13:07.742 [JavaFX Application Thread] DEBUG PrimaryStageWindow   - FXGLMainMenuDummyScene -> FXGLLoadingScene
09:13:07.742 [JavaFX Application Thread] DEBUG GameApplicationServi - Clearing previous game
09:13:07.742 [JavaFX Application Thread] DEBUG GameScene            - Clearing game scene
09:13:07.742 [JavaFX Application Thread] DEBUG GameWorld            - Clearing game world
09:13:07.742 [JavaFX Application Thread] DEBUG PhysicsWorld         - Clearing physics world
09:13:07.744 [FXGL Background Thread 2 ] DEBUG FXGLApplication      - Initializing game
09:13:07.766 [FXGL Background Thread 2 ] DEBUG FXGLAssetLoaderServi - Loading from file system: file:/D:/Gonvival/game/target/classes/assets/textures/newmap2.png
09:13:07.867 [FXGL Background Thread 2 ] DEBUG FXGLAssetLoaderServi - Loading from file system: file:/D:/Gonvival/game/target/classes/assets/textures/idle_down.png
09:13:07.873 [FXGL Background Thread 2 ] DEBUG FXGLAssetLoaderServi - Loading from file system: file:/D:/Gonvival/game/target/classes/assets/textures/idle_up.png
09:13:07.877 [FXGL Background Thread 2 ] DEBUG FXGLAssetLoaderServi - Loading from file system: file:/D:/Gonvival/game/target/classes/assets/textures/idle_left_down.png
09:13:07.879 [FXGL Background Thread 2 ] DEBUG FXGLAssetLoaderServi - Loading from file system: file:/D:/Gonvival/game/target/classes/assets/textures/idle_left_up.png
09:13:07.882 [FXGL Background Thread 2 ] DEBUG FXGLAssetLoaderServi - Loading from file system: file:/D:/Gonvival/game/target/classes/assets/textures/idle_right_down.png
09:13:07.885 [FXGL Background Thread 2 ] DEBUG FXGLAssetLoaderServi - Loading from file system: file:/D:/Gonvival/game/target/classes/assets/textures/idle_right_up.png
09:13:07.888 [FXGL Background Thread 2 ] DEBUG FXGLAssetLoaderServi - Loading from file system: file:/D:/Gonvival/game/target/classes/assets/textures/walk_left_down.png
09:13:07.891 [FXGL Background Thread 2 ] DEBUG FXGLAssetLoaderServi - Loading from file system: file:/D:/Gonvival/game/target/classes/assets/textures/walk_right_down.png
09:13:07.893 [FXGL Background Thread 2 ] DEBUG FXGLAssetLoaderServi - Loading from file system: file:/D:/Gonvival/game/target/classes/assets/textures/walk_up.png
09:13:07.897 [FXGL Background Thread 2 ] DEBUG FXGLAssetLoaderServi - Loading from file system: file:/D:/Gonvival/game/target/classes/assets/textures/walk_down.png
09:13:07.900 [FXGL Background Thread 2 ] DEBUG FXGLAssetLoaderServi - Loading from file system: file:/D:/Gonvival/game/target/classes/assets/textures/walk_left_up.png
09:13:07.904 [FXGL Background Thread 2 ] DEBUG FXGLAssetLoaderServi - Loading from file system: file:/D:/Gonvival/game/target/classes/assets/textures/walk_right_up.png
09:13:07.924 [FXGL Background Thread 2 ] DEBUG FXGLAssetLoaderServi - Loading from file system: file:/D:/Gonvival/game/target/classes/assets/textures/Level.png
09:13:07.929 [FXGL Background Thread 2 ] INFO  FXGLApplication      - Game initialization took: 0.185 sec
09:13:07.931 [JavaFX Application Thread] DEBUG Input                - Clearing active input actions
09:13:07.940 [JavaFX Application Thread] DEBUG GameApplicationServi - Removing overlay from FXGLLoadingScene and adding to GameScene
09:13:07.940 [JavaFX Application Thread] DEBUG PrimaryStageWindow   - FXGLLoadingScene -> GameScene
09:13:08.994 [FXGL Background Thread 3 ] DEBUG Engine               - Logging environment variables
09:13:08.995 [FXGL Background Thread 3 ] DEBUG Engine               - achievements: []
09:13:08.995 [FXGL Background Thread 3 ] DEBUG Engine               - actualHeight: 800.0
09:13:08.995 [FXGL Background Thread 3 ] DEBUG Engine               - actualHeightProperty: ReadOnlyDoubleProperty [value: 800.0]
09:13:08.995 [FXGL Background Thread 3 ] DEBUG Engine               - actualWidth: 800.0
09:13:08.995 [FXGL Background Thread 3 ] DEBUG Engine               - actualWidthProperty: ReadOnlyDoubleProperty [value: 800.0]
09:13:08.995 [FXGL Background Thread 3 ] DEBUG Engine               - appIcon: fxgl_icon.png
09:13:08.995 [FXGL Background Thread 3 ] DEBUG Engine               - applicationMode: DEVELOPER
09:13:08.995 [FXGL Background Thread 3 ] DEBUG Engine               - cSSList: [fxgl_dark.css]
09:13:08.995 [FXGL Background Thread 3 ] DEBUG Engine               - collisionDetectionStrategy: BRUTE_FORCE
09:13:08.996 [FXGL Background Thread 3 ] DEBUG Engine               - configClass: Optional.empty
09:13:08.996 [FXGL Background Thread 3 ] DEBUG Engine               - credits: []
09:13:08.996 [FXGL Background Thread 3 ] DEBUG Engine               - defaultCursor: CursorInfo(imageName=fxgl_default_cursor.png, hotspotX=7.0, hotspotY=6.0)
09:13:08.996 [FXGL Background Thread 3 ] DEBUG Engine               - devBBoxColorProperty: ObjectProperty [value: 0xff0000ff]
09:13:08.997 [FXGL Background Thread 3 ] DEBUG Engine               - devEnableDebugCameraProperty: BooleanProperty [value: false]
09:13:08.997 [FXGL Background Thread 3 ] DEBUG Engine               - devSensorColorProperty: ObjectProperty [value: 0xffff00ff]
09:13:08.997 [FXGL Background Thread 3 ] DEBUG Engine               - devShowBBoxProperty: BooleanProperty [value: false]
09:13:08.997 [FXGL Background Thread 3 ] DEBUG Engine               - devShowPositionProperty: BooleanProperty [value: false]
09:13:08.997 [FXGL Background Thread 3 ] DEBUG Engine               - enabledMenuItems: []
09:13:08.997 [FXGL Background Thread 3 ] DEBUG Engine               - engineServices: [class com.almasb.fxgl.app.services.FXGLAssetLoaderService, class com.almasb.fxgl.app.FXGLApplication$GameApplicationService, class com.almasb.fxgl.app.services.FXGLDialogService, class com.almasb.fxgl.app.services.IOTaskExecutorService, class com.almasb.fxgl.io.FileSystemService, class com.almasb.fxgl.localization.LocalizationService, class com.almasb.fxgl.app.services.SystemBundleService, class com.almasb.fxgl.profile.SaveLoadService, class com.almasb.fxgl.ui.FXGLUIFactoryServiceProvider, class com.almasb.fxgl.ui.FXGLDialogFactoryServiceProvider, class com.almasb.fxgl.audio.AudioPlayer, class com.almasb.fxgl.notification.impl.NotificationServiceProvider, class com.almasb.fxgl.achievement.AchievementService, class com.almasb.fxgl.cutscene.CutsceneService, class com.almasb.fxgl.minigames.MiniGameService, class com.almasb.fxgl.net.NetService, class com.almasb.fxgl.app.services.UpdaterService, class com.almasb.fxgl.dev.DevService]
09:13:08.997 [FXGL Background Thread 3 ] DEBUG Engine               - fontGame: Abel-Regular.ttf
09:13:08.997 [FXGL Background Thread 3 ] DEBUG Engine               - fontMono: TerminalLandMono-Regular.otf
09:13:08.997 [FXGL Background Thread 3 ] DEBUG Engine               - fontSizeScaleUI: 1.0
09:13:08.998 [FXGL Background Thread 3 ] DEBUG Engine               - fontText: Courier-Prime.ttf
09:13:08.998 [FXGL Background Thread 3 ] DEBUG Engine               - fontUI: VarelaRound-Regular.ttf
09:13:08.998 [FXGL Background Thread 3 ] DEBUG Engine               - fullScreen: BooleanProperty [value: false]
09:13:08.998 [FXGL Background Thread 3 ] DEBUG Engine               - gameDifficulty: MEDIUM
09:13:08.998 [FXGL Background Thread 3 ] DEBUG Engine               - gameDifficultyProperty: ObjectProperty [value: MEDIUM]
09:13:08.998 [FXGL Background Thread 3 ] DEBUG Engine               - globalMusicVolume: 0.5
09:13:08.998 [FXGL Background Thread 3 ] DEBUG Engine               - globalMusicVolumeProperty: DoubleProperty [value: 1.0]
09:13:08.998 [FXGL Background Thread 3 ] DEBUG Engine               - globalSoundVolume: 0.5
09:13:08.998 [FXGL Background Thread 3 ] DEBUG Engine               - globalSoundVolumeProperty: DoubleProperty [value: 1.0]
09:13:08.998 [FXGL Background Thread 3 ] DEBUG Engine               - height: 800
09:13:08.998 [FXGL Background Thread 3 ] DEBUG Engine               - is3D: false
09:13:08.998 [FXGL Background Thread 3 ] DEBUG Engine               - isAndroid: false
09:13:08.998 [FXGL Background Thread 3 ] DEBUG Engine               - isBrowser: false
09:13:08.998 [FXGL Background Thread 3 ] DEBUG Engine               - isClickFeedbackEnabled: false
09:13:08.999 [FXGL Background Thread 3 ] DEBUG Engine               - isCloseConfirmation: false
09:13:08.999 [FXGL Background Thread 3 ] DEBUG Engine               - isDesktop: true
09:13:08.999 [FXGL Background Thread 3 ] DEBUG Engine               - isDeveloperMenuEnabled: false
09:13:08.999 [FXGL Background Thread 3 ] DEBUG Engine               - isEmbedded: false
09:13:08.999 [FXGL Background Thread 3 ] DEBUG Engine               - isEntityPreloadEnabled: true
09:13:08.999 [FXGL Background Thread 3 ] DEBUG Engine               - isExperimentalTiledLargeMap: false
09:13:08.999 [FXGL Background Thread 3 ] DEBUG Engine               - isFileSystemWriteAllowed: true
09:13:08.999 [FXGL Background Thread 3 ] DEBUG Engine               - isFullScreenAllowed: false
09:13:08.999 [FXGL Background Thread 3 ] DEBUG Engine               - isFullScreenFromStart: false
09:13:08.999 [FXGL Background Thread 3 ] DEBUG Engine               - isGameMenuEnabled: true
09:13:08.999 [FXGL Background Thread 3 ] DEBUG Engine               - isIOS: false
09:13:08.999 [FXGL Background Thread 3 ] DEBUG Engine               - isIntroEnabled: false
09:13:08.999 [FXGL Background Thread 3 ] DEBUG Engine               - isLinux: false
09:13:08.999 [FXGL Background Thread 3 ] DEBUG Engine               - isMac: false
09:13:08.999 [FXGL Background Thread 3 ] DEBUG Engine               - isMainMenuEnabled: true
09:13:08.999 [FXGL Background Thread 3 ] DEBUG Engine               - isManualResizeEnabled: false
09:13:09.000 [FXGL Background Thread 3 ] DEBUG Engine               - isMobile: false
09:13:09.000 [FXGL Background Thread 3 ] DEBUG Engine               - isNative: false
09:13:09.000 [FXGL Background Thread 3 ] DEBUG Engine               - isPauseMusicWhenMinimized: true
09:13:09.000 [FXGL Background Thread 3 ] DEBUG Engine               - isPreserveResizeRatio: false
09:13:09.000 [FXGL Background Thread 3 ] DEBUG Engine               - isProfilingEnabled: false
09:13:09.000 [FXGL Background Thread 3 ] DEBUG Engine               - isScaleAffectedOnResize: true
09:13:09.000 [FXGL Background Thread 3 ] DEBUG Engine               - isSingleStep: false
09:13:09.000 [FXGL Background Thread 3 ] DEBUG Engine               - isUserProfileEnabled: false
09:13:09.000 [FXGL Background Thread 3 ] DEBUG Engine               - isWindows: true
09:13:09.000 [FXGL Background Thread 3 ] DEBUG Engine               - language: ObjectProperty [value: ENGLISH]
09:13:09.000 [FXGL Background Thread 3 ] DEBUG Engine               - menuKey: ESCAPE
09:13:09.000 [FXGL Background Thread 3 ] DEBUG Engine               - mouseSensitivity: 0.2
09:13:09.000 [FXGL Background Thread 3 ] DEBUG Engine               - notificationViewClass: class com.almasb.fxgl.notification.view.XboxNotificationView
09:13:09.000 [FXGL Background Thread 3 ] DEBUG Engine               - pixelsPerMeter: 50.0
09:13:09.000 [FXGL Background Thread 3 ] DEBUG Engine               - platform: WINDOWS
09:13:09.001 [FXGL Background Thread 3 ] DEBUG Engine               - prefHeightProperty: ReadOnlyDoubleProperty [value: 800.0]
09:13:09.001 [FXGL Background Thread 3 ] DEBUG Engine               - prefWidthProperty: ReadOnlyDoubleProperty [value: 800.0]
09:13:09.001 [FXGL Background Thread 3 ] DEBUG Engine               - profileDir: profiles/
09:13:09.001 [FXGL Background Thread 3 ] DEBUG Engine               - profileName: StringProperty [value: DEFAULT]
09:13:09.001 [FXGL Background Thread 3 ] DEBUG Engine               - randomSeed: -1
09:13:09.001 [FXGL Background Thread 3 ] DEBUG Engine               - runtimeInfo: RuntimeInfo(platform=WINDOWS, version=21.1, build=27.03.2024 07.52)
09:13:09.001 [FXGL Background Thread 3 ] DEBUG Engine               - saveFileExt: sav
09:13:09.002 [FXGL Background Thread 3 ] DEBUG Engine               - scaledHeightProp$fxgl: DoubleProperty [bound, value: 800.0]
09:13:09.002 [FXGL Background Thread 3 ] DEBUG Engine               - scaledWidthProp$fxgl: DoubleProperty [bound, value: 800.0]
09:13:09.002 [FXGL Background Thread 3 ] DEBUG Engine               - sceneFactory: com.lab.App$1@60a59d2
09:13:09.002 [FXGL Background Thread 3 ] DEBUG Engine               - secondsIn24h: 60
09:13:09.002 [FXGL Background Thread 3 ] DEBUG Engine               - soundMenuBack: menu/back.wav
09:13:09.002 [FXGL Background Thread 3 ] DEBUG Engine               - soundMenuPress: menu/press.wav
09:13:09.002 [FXGL Background Thread 3 ] DEBUG Engine               - soundMenuSelect: menu/select.wav
09:13:09.002 [FXGL Background Thread 3 ] DEBUG Engine               - soundNotification: core/notification.wav
09:13:09.002 [FXGL Background Thread 3 ] DEBUG Engine               - stageStyle: DECORATED
09:13:09.002 [FXGL Background Thread 3 ] DEBUG Engine               - supportedLanguages: [ENGLISH, FRENCH, GERMAN, HUNGARIAN, RUSSIAN]
09:13:09.002 [FXGL Background Thread 3 ] DEBUG Engine               - ticksPerSecond: -1
09:13:09.002 [FXGL Background Thread 3 ] DEBUG Engine               - title: Gonvival
09:13:09.002 [FXGL Background Thread 3 ] DEBUG Engine               - urlGithub: https://github.com/AlmasB/FXGL
09:13:09.003 [FXGL Background Thread 3 ] DEBUG Engine               - urlLeaderboard: http://fxgl-top.herokuapp.com/
09:13:09.003 [FXGL Background Thread 3 ] DEBUG Engine               - urlPOM: https://raw.githubusercontent.com/AlmasB/FXGL/release/README.md
09:13:09.003 [FXGL Background Thread 3 ] DEBUG Engine               - userAppClass: class com.lab.App
09:13:09.003 [FXGL Background Thread 3 ] DEBUG Engine               - version: beta
09:13:09.003 [FXGL Background Thread 3 ] DEBUG Engine               - versionCheckDays: 7
09:13:09.003 [FXGL Background Thread 3 ] DEBUG Engine               - width: 800
09:13:09.003 [FXGL Background Thread 3 ] DEBUG Engine               - Logging services
09:13:09.003 [FXGL Background Thread 3 ] DEBUG Engine               - class com.almasb.fxgl.app.services.FXGLAssetLoaderService
09:13:09.003 [FXGL Background Thread 3 ] DEBUG Engine               - class com.almasb.fxgl.app.FXGLApplication$GameApplicationService
09:13:09.003 [FXGL Background Thread 3 ] DEBUG Engine               - class com.almasb.fxgl.app.services.FXGLDialogService
09:13:09.004 [FXGL Background Thread 3 ] DEBUG Engine               - class com.almasb.fxgl.app.services.IOTaskExecutorService
09:13:09.004 [FXGL Background Thread 3 ] DEBUG Engine               - class com.almasb.fxgl.io.FileSystemService
09:13:09.004 [FXGL Background Thread 3 ] DEBUG Engine               - class com.almasb.fxgl.localization.LocalizationService
09:13:09.004 [FXGL Background Thread 3 ] DEBUG Engine               - class com.almasb.fxgl.app.services.SystemBundleService
09:13:09.004 [FXGL Background Thread 3 ] DEBUG Engine               - class com.almasb.fxgl.profile.SaveLoadService
09:13:09.004 [FXGL Background Thread 3 ] DEBUG Engine               - class com.almasb.fxgl.ui.FXGLUIFactoryServiceProvider
09:13:09.004 [FXGL Background Thread 3 ] DEBUG Engine               - class com.almasb.fxgl.ui.FXGLDialogFactoryServiceProvider
09:13:09.004 [FXGL Background Thread 3 ] DEBUG Engine               - class com.almasb.fxgl.audio.AudioPlayer
09:13:09.004 [FXGL Background Thread 3 ] DEBUG Engine               - class com.almasb.fxgl.notification.impl.NotificationServiceProvider
09:13:09.004 [FXGL Background Thread 3 ] DEBUG Engine               - class com.almasb.fxgl.achievement.AchievementService
09:13:09.004 [FXGL Background Thread 3 ] DEBUG Engine               - class com.almasb.fxgl.cutscene.CutsceneService
09:13:09.004 [FXGL Background Thread 3 ] DEBUG Engine               - class com.almasb.fxgl.minigames.MiniGameService
09:13:09.004 [FXGL Background Thread 3 ] DEBUG Engine               - class com.almasb.fxgl.net.NetService
09:13:09.004 [FXGL Background Thread 3 ] DEBUG Engine               - class com.almasb.fxgl.app.services.UpdaterService
09:13:09.004 [FXGL Background Thread 3 ] DEBUG Engine               - class com.almasb.fxgl.dev.DevService
09:13:14.727 [JavaFX Application Thread] DEBUG LoopRunner           - Resuming loop
09:13:14.727 [JavaFX Application Thread] DEBUG AudioPlayer          - Resuming music com.almasb.fxgl.audio.Music@250ef61
09:13:14.727 [JavaFX Application Thread] DEBUG AudioPlayer          - Resuming music com.almasb.fxgl.audio.Music@2f91d1b4
09:13:14.819 [JavaFX Application Thread] DEBUG Input                - Registered new binding: SHOOT - LMB
09:13:14.819 [JavaFX Application Thread] DEBUG Input                - Registered new binding: MOVE LEFT - A
09:13:14.819 [JavaFX Application Thread] DEBUG Input                - Registered new binding: MOVE RIGHT - D
09:13:14.819 [JavaFX Application Thread] DEBUG Input                - Registered new binding: MOVE UP - W
09:13:14.821 [JavaFX Application Thread] DEBUG Input                - Registered new binding: MOVE DOWN - S
09:13:15.424 [JavaFX Application Thread] DEBUG FXGLAssetLoaderServi - Loading from file system: file:/D:/Gonvival/game/target/classes/assets/textures/GraveRevenant.png
09:13:15.848 [JavaFX Application Thread] DEBUG FXGLAssetLoaderServi - Loading from file system: file:/D:/Gonvival/game/target/classes/assets/textures/arrow.png
09:13:19.629 [JavaFX Application Thread] DEBUG PrimaryStageWindow   - Push state: FXGLDefaultMenu
09:13:19.633 [JavaFX Application Thread] DEBUG Input                - Clearing active input actions
09:13:19.635 [JavaFX Application Thread] DEBUG GameApplicationServi - Removing overlay from GameScene and adding to FXGLDefaultMenu
09:13:19.636 [JavaFX Application Thread] DEBUG PrimaryStageWindow   - GameScene -> FXGLDefaultMenu
09:13:21.718 [JavaFX Application Thread] DEBUG FXGL.DefaultMenu     - createContentAudio()
09:13:31.438 [JavaFX Application Thread] DEBUG PrimaryStageWindow   - Pop state: FXGLDefaultMenu
09:13:31.438 [JavaFX Application Thread] DEBUG Input                - Clearing active input actions
09:13:31.439 [JavaFX Application Thread] DEBUG GameApplicationServi - Removing overlay from FXGLDefaultMenu and adding to GameScene
09:13:31.439 [JavaFX Application Thread] DEBUG PrimaryStageWindow   - GameScene <- FXGLDefaultMenu
09:13:38.696 [JavaFX Application Thread] DEBUG PrimaryStageWindow   - Push state: DialogSubScene
09:13:38.696 [JavaFX Application Thread] DEBUG Input                - Clearing active input actions
09:13:38.696 [JavaFX Application Thread] DEBUG GameApplicationServi - Removing overlay from GameScene and adding to DialogSubScene
09:13:38.696 [JavaFX Application Thread] DEBUG PrimaryStageWindow   - GameScene -> DialogSubScene
09:13:41.845 [JavaFX Application Thread] DEBUG PrimaryStageWindow   - Pop state: DialogSubScene
09:13:41.845 [JavaFX Application Thread] DEBUG Input                - Clearing active input actions
09:13:41.845 [JavaFX Application Thread] DEBUG GameApplicationServi - Removing overlay from DialogSubScene and adding to GameScene
09:13:41.846 [JavaFX Application Thread] DEBUG PrimaryStageWindow   - GameScene <- DialogSubScene
09:13:41.846 [JavaFX Application Thread] DEBUG Input                - Clearing active input actions
09:13:41.852 [JavaFX Application Thread] DEBUG GameApplicationServi - Removing overlay from GameScene and adding to FXGLMainMenuDummyScene
09:13:41.853 [JavaFX Application Thread] DEBUG PrimaryStageWindow   - GameScene -> FXGLMainMenuDummyScene
09:13:41.853 [JavaFX Application Thread] DEBUG PrimaryStageWindow   - Push state: StartScreen
09:13:41.853 [JavaFX Application Thread] DEBUG Input                - Clearing active input actions
09:13:41.854 [JavaFX Application Thread] DEBUG GameApplicationServi - Removing overlay from FXGLMainMenuDummyScene and adding to StartScreen
09:13:41.854 [JavaFX Application Thread] DEBUG PrimaryStageWindow   - FXGLMainMenuDummyScene -> StartScreen
09:13:47.646 [JavaFX Application Thread] DEBUG FXGLApplication      - Exiting FXGL
09:13:47.646 [JavaFX Application Thread] DEBUG LoopRunner           - Stopping loop
09:13:47.646 [JavaFX Application Thread] DEBUG SystemBundleService  - Saving FXGL system data
09:13:47.648 [JavaFX Application Thread] DEBUG FileSystemAccess     - Writing to: D:\Gonvival\system\fxgl.bundle
09:13:47.652 [JavaFX Application Thread] DEBUG Async                - Shutting down background threads
09:13:47.652 [JavaFX Application Thread] DEBUG PrimaryStageWindow   - Closing main window
09:13:47.672 [JavaFX Application Thread] DEBUG Logger               - Closing Logger
