03:48:58.902 [main                     ] DEBUG Logger               - Configured Logger
03:48:58.951 [main                     ] DEBUG GameApplication      - Logging settings
Title: Gonvival
Version: beta
Width: 800
Height: 800
Fullscreen: false
Intro: false
Profiling: false
Single step:false
App Mode: DEVELOPER
Menu Key: ESCAPE
Stage Style: DECORATED
Scene Factory: class com.lab.App$1

03:48:59.856 [JavaFX Application Thread] DEBUG FXGLApplication      - Initializing FXGL
03:48:59.865 [JavaFX Application Thread] INFO  Engine               - FXGL-21.1 (27.03.2024 07.52) on WINDOWS (J:21.0.5 FX:21.0.1)
03:48:59.868 [JavaFX Application Thread] DEBUG Engine               - JRE Vendor Name: Eclipse Adoptium
03:48:59.868 [JavaFX Application Thread] DEBUG Engine               - Running on OS: Windows 10 version 10.0
03:48:59.869 [JavaFX Application Thread] DEBUG Engine               - Architecture: amd64
03:48:59.869 [JavaFX Application Thread] INFO  Engine               - Source code and latest versions at: https://github.com/AlmasB/FXGL
03:48:59.870 [JavaFX Application Thread] INFO  Engine               -       Ask questions and discuss at: https://github.com/AlmasB/FXGL/discussions
03:48:59.870 [JavaFX Application Thread] INFO  Engine               -              Join the FXGL chat at: https://gitter.im/AlmasB/FXGL
03:49:00.153 [JavaFX Application Thread] DEBUG PrimaryStageWindow   - Creating a JavaFX scene
03:49:00.154 [JavaFX Application Thread] DEBUG PrimaryStageWindow   - Target size > screen size
03:49:00.915 [JavaFX Application Thread] DEBUG PrimaryStageWindow   - Target settings size: 800.0 x 800.0
03:49:00.916 [JavaFX Application Thread] DEBUG PrimaryStageWindow   - Scaled scene size:    703.0 x 728.0
03:49:00.916 [JavaFX Application Thread] DEBUG PrimaryStageWindow   - Scaled ratio: (0.87875, 0.91)
03:49:00.919 [JavaFX Application Thread] DEBUG PrimaryStageWindow   - Set initial scene to FXGLStartupScene
03:49:00.926 [JavaFX Application Thread] DEBUG PrimaryStageWindow   - Opening main window
03:49:01.155 [JavaFX Application Thread] DEBUG PrimaryStageWindow   - Window border size: (16.0, 39.0)
03:49:01.156 [JavaFX Application Thread] DEBUG PrimaryStageWindow   - Scaled size: 703.0 x 728.0
03:49:01.157 [JavaFX Application Thread] DEBUG PrimaryStageWindow   - Scaled ratio: (0.87875, 0.91)
03:49:01.158 [JavaFX Application Thread] DEBUG PrimaryStageWindow   - Scene size: 703.0 x 728.0
03:49:01.159 [JavaFX Application Thread] DEBUG PrimaryStageWindow   - Stage size: 719.0 x 767.0
03:49:01.218 [FXGL Background Thread 1 ] DEBUG Engine               - Initializing environment variables
03:49:01.365 [FXGL Background Thread 1 ] DEBUG FXGLAssetLoaderServi - User app class for loading assets: class com.lab.App
03:49:01.366 [FXGL Background Thread 1 ] DEBUG GameApplicationServi - Applying CSS: fxgl_dark.css
03:49:01.368 [FXGL Background Thread 1 ] DEBUG FXGLAssetLoaderServi - Loading from file system: jar:file:/C:/Users/Khana/.m2/repository/com/github/almasb/fxgl/21.1/fxgl-21.1.jar!/fxglassets/ui/css/fxgl_dark.css
03:49:01.499 [FXGL Background Thread 1 ] DEBUG GameApplicationServi - Initializing application scenes
03:49:01.672 [FXGL Background Thread 1 ] DEBUG GameWorld            - Game world initialized
03:49:01.821 [FXGL Background Thread 1 ] DEBUG PhysicsWorld         - Physics world initialized: appHeight=800, physics.ppm=50.0
03:49:01.822 [FXGL Background Thread 1 ] DEBUG PhysicsWorld         - Using strategy: BRUTE_FORCE
03:49:01.831 [FXGL Background Thread 1 ] DEBUG GameScene            - Game scene initialized: 800x800
03:49:01.922 [FXGL Background Thread 1 ] DEBUG FXGL.DefaultMenu     - createMenuBodyGameMenu()
03:49:01.951 [FXGL Background Thread 1 ] DEBUG FXGL.DefaultMenu     - createOptionsMenu()
03:49:01.968 [FXGL Background Thread 1 ] DEBUG FXGLAssetLoaderServi - Loading from file system: jar:file:/C:/Users/Khana/.m2/repository/com/github/almasb/fxgl/21.1/fxgl-21.1.jar!/fxglassets/textures/particles/smoke.png
03:49:02.174 [FXGL Background Thread 1 ] DEBUG FXGLAssetLoaderServi - Loading from file system: jar:file:/C:/Users/Khana/.m2/repository/com/github/almasb/fxgl/21.1/fxgl-21.1.jar!/fxglassets/textures/particles/trace_horizontal.png
03:49:02.254 [FXGL Background Thread 1 ] DEBUG GameApplicationServi - Application scenes initialized
03:49:02.284 [FXGL Background Thread 1 ] DEBUG SystemBundleService  - Loading FXGL system data
03:49:02.292 [FXGL Background Thread 1 ] DEBUG FileSystemAccess     - Reading from: E:\Labs\Gonvival\system\fxgl.bundle
03:49:02.312 [FXGL Background Thread 1 ] DEBUG SystemBundleService  - Bundle FXGL: {}
03:49:02.312 [FXGL Background Thread 1 ] DEBUG UpdaterService       - Checking for updates
03:49:02.321 [FXGL Background Thread 1 ] DEBUG FXGLApplication      - Loading default localization
03:49:02.323 [FXGL Background Thread 1 ] DEBUG FXGLAssetLoaderServi - Loading from file system: jar:file:/C:/Users/Khana/.m2/repository/com/github/almasb/fxgl/21.1/fxgl-21.1.jar!/fxglassets/languages/english.lang
03:49:02.376 [FXGL Background Thread 1 ] INFO  FXGLApplication      - FXGL initialization took: 1.158 sec
03:49:02.394 [JavaFX Application Thread] DEBUG FXGLAssetLoaderServi - Loading from file system: jar:file:/C:/Users/Khana/.m2/repository/com/github/almasb/fxgl/21.1/fxgl-21.1.jar!/fxglassets/textures/fxgl_icon.png
03:49:02.503 [FXGL Background Thread 4 ] DEBUG FXGLApplication      - Loading fonts
03:49:02.504 [FXGL Background Thread 4 ] DEBUG FXGLAssetLoaderServi - Loading from file system: jar:file:/C:/Users/Khana/.m2/repository/com/github/almasb/fxgl/21.1/fxgl-21.1.jar!/fxglassets/ui/fonts/VarelaRound-Regular.ttf
03:49:02.514 [JavaFX Application Thread] DEBUG FXGLAssetLoaderServi - Loading from file system: jar:file:/C:/Users/Khana/.m2/repository/com/github/almasb/fxgl/21.1/fxgl-21.1.jar!/fxglassets/textures/fxgl_default_cursor.png
03:49:02.538 [JavaFX Application Thread] DEBUG Input                - Registered new binding: Screenshot - CTRL+8
03:49:02.541 [JavaFX Application Thread] DEBUG Input                - Registered new binding: System info dump - CTRL+9
03:49:02.542 [JavaFX Application Thread] DEBUG Input                - Registered new binding: Restart - CTRL+R
03:49:02.543 [JavaFX Application Thread] DEBUG Input                - Registered new binding: Toggle Debug Camera - CTRL+7
03:49:02.549 [JavaFX Application Thread] DEBUG LoopRunner           - Starting loop
03:49:02.549 [JavaFX Application Thread] DEBUG LoopRunner           - Initializing JavaFX AnimationTimerLoop
03:49:02.554 [JavaFX Application Thread] DEBUG Input                - Clearing active input actions
03:49:02.575 [JavaFX Application Thread] DEBUG GameApplicationServi - Removing overlay from FXGLStartupScene and adding to FXGLMainMenuDummyScene
03:49:02.575 [JavaFX Application Thread] DEBUG PrimaryStageWindow   - FXGLStartupScene -> FXGLMainMenuDummyScene
03:49:02.575 [JavaFX Application Thread] DEBUG PrimaryStageWindow   - Push state: StartScreen
03:49:02.576 [JavaFX Application Thread] DEBUG Input                - Clearing active input actions
03:49:02.596 [JavaFX Application Thread] DEBUG GameApplicationServi - Removing overlay from FXGLMainMenuDummyScene and adding to StartScreen
03:49:02.597 [JavaFX Application Thread] DEBUG PrimaryStageWindow   - FXGLMainMenuDummyScene -> StartScreen
03:49:02.697 [FXGL Background Thread 4 ] DEBUG FXGLAssetLoaderServi - Loading from file system: jar:file:/C:/Users/Khana/.m2/repository/com/github/almasb/fxgl/21.1/fxgl-21.1.jar!/fxglassets/ui/fonts/Abel-Regular.ttf
03:49:02.703 [FXGL Background Thread 4 ] DEBUG FXGLAssetLoaderServi - Loading from file system: jar:file:/C:/Users/Khana/.m2/repository/com/github/almasb/fxgl/21.1/fxgl-21.1.jar!/fxglassets/ui/fonts/TerminalLandMono-Regular.otf
03:49:02.712 [FXGL Background Thread 4 ] DEBUG FXGLAssetLoaderServi - Loading from file system: jar:file:/C:/Users/Khana/.m2/repository/com/github/almasb/fxgl/21.1/fxgl-21.1.jar!/fxglassets/ui/fonts/Courier-Prime.ttf
03:49:02.875 [JavaFX Application Thread] DEBUG FXGLApplication      - Registering font factories with UI factory
03:49:03.549 [JavaFX Application Thread] DEBUG Menu                 - fireNewGame()
03:49:03.549 [JavaFX Application Thread] DEBUG GameApplicationServi - Starting new game
03:49:03.549 [JavaFX Application Thread] DEBUG PrimaryStageWindow   - Pop state: StartScreen
03:49:03.549 [JavaFX Application Thread] DEBUG Input                - Clearing active input actions
03:49:03.550 [JavaFX Application Thread] DEBUG GameApplicationServi - Removing overlay from StartScreen and adding to FXGLMainMenuDummyScene
03:49:03.551 [JavaFX Application Thread] DEBUG PrimaryStageWindow   - FXGLMainMenuDummyScene <- StartScreen
03:49:03.552 [JavaFX Application Thread] DEBUG Input                - Clearing active input actions
03:49:03.566 [JavaFX Application Thread] DEBUG GameApplicationServi - Removing overlay from FXGLMainMenuDummyScene and adding to FXGLLoadingScene
03:49:03.567 [JavaFX Application Thread] DEBUG PrimaryStageWindow   - FXGLMainMenuDummyScene -> FXGLLoadingScene
03:49:03.567 [JavaFX Application Thread] DEBUG GameApplicationServi - Clearing previous game
03:49:03.567 [JavaFX Application Thread] DEBUG GameScene            - Clearing game scene
03:49:03.567 [JavaFX Application Thread] DEBUG GameWorld            - Clearing game world
03:49:03.568 [JavaFX Application Thread] DEBUG PhysicsWorld         - Clearing physics world
03:49:03.574 [FXGL Background Thread 4 ] DEBUG FXGLApplication      - Initializing game
03:49:03.604 [FXGL Background Thread 4 ] DEBUG FXGLAssetLoaderServi - Loading from file system: file:/E:/Labs/Gonvival/game/target/classes/assets/textures/newmap2.png
03:49:03.743 [FXGL Background Thread 4 ] DEBUG FXGLAssetLoaderServi - Loading from file system: file:/E:/Labs/Gonvival/game/target/classes/assets/textures/point.jpg
03:49:04.193 [FXGL Background Thread 4 ] DEBUG FXGLAssetLoaderServi - Loading from file system: file:/E:/Labs/Gonvival/game/target/classes/assets/textures/idle_down.png
03:49:04.204 [FXGL Background Thread 4 ] DEBUG FXGLAssetLoaderServi - Loading from file system: file:/E:/Labs/Gonvival/game/target/classes/assets/textures/idle_up.png
03:49:04.214 [FXGL Background Thread 4 ] DEBUG FXGLAssetLoaderServi - Loading from file system: file:/E:/Labs/Gonvival/game/target/classes/assets/textures/idle_left_down.png
03:49:04.216 [FXGL Background Thread 4 ] DEBUG FXGLAssetLoaderServi - Loading from file system: file:/E:/Labs/Gonvival/game/target/classes/assets/textures/idle_left_up.png
03:49:04.220 [FXGL Background Thread 4 ] DEBUG FXGLAssetLoaderServi - Loading from file system: file:/E:/Labs/Gonvival/game/target/classes/assets/textures/idle_right_down.png
03:49:04.226 [FXGL Background Thread 4 ] DEBUG FXGLAssetLoaderServi - Loading from file system: file:/E:/Labs/Gonvival/game/target/classes/assets/textures/idle_right_up.png
03:49:04.229 [FXGL Background Thread 4 ] DEBUG FXGLAssetLoaderServi - Loading from file system: file:/E:/Labs/Gonvival/game/target/classes/assets/textures/walk_left_down.png
03:49:04.237 [FXGL Background Thread 4 ] DEBUG FXGLAssetLoaderServi - Loading from file system: file:/E:/Labs/Gonvival/game/target/classes/assets/textures/walk_right_down.png
03:49:04.248 [FXGL Background Thread 4 ] DEBUG FXGLAssetLoaderServi - Loading from file system: file:/E:/Labs/Gonvival/game/target/classes/assets/textures/walk_up.png
03:49:04.252 [FXGL Background Thread 4 ] DEBUG FXGLAssetLoaderServi - Loading from file system: file:/E:/Labs/Gonvival/game/target/classes/assets/textures/walk_down.png
03:49:04.254 [FXGL Background Thread 4 ] DEBUG FXGLAssetLoaderServi - Loading from file system: file:/E:/Labs/Gonvival/game/target/classes/assets/textures/walk_left_up.png
03:49:04.259 [FXGL Background Thread 4 ] DEBUG FXGLAssetLoaderServi - Loading from file system: file:/E:/Labs/Gonvival/game/target/classes/assets/textures/walk_right_up.png
03:49:04.276 [FXGL Background Thread 4 ] INFO  FXGLApplication      - Game initialization took: 0.701 sec
03:49:04.280 [JavaFX Application Thread] DEBUG Input                - Clearing active input actions
03:49:04.296 [JavaFX Application Thread] DEBUG GameApplicationServi - Removing overlay from FXGLLoadingScene and adding to GameScene
03:49:04.296 [JavaFX Application Thread] DEBUG PrimaryStageWindow   - FXGLLoadingScene -> GameScene
03:49:04.413 [JavaFX Application Thread] DEBUG Input                - Registered new binding: SHOOT - LMB
03:49:04.414 [JavaFX Application Thread] DEBUG Input                - Registered new binding: MOVE LEFT - A
03:49:04.414 [JavaFX Application Thread] DEBUG Input                - Registered new binding: MOVE RIGHT - D
03:49:04.414 [JavaFX Application Thread] DEBUG Input                - Registered new binding: MOVE UP - W
03:49:04.415 [JavaFX Application Thread] DEBUG Input                - Registered new binding: MOVE DOWN - S
03:49:05.004 [JavaFX Application Thread] DEBUG FXGLAssetLoaderServi - Loading from file system: file:/E:/Labs/Gonvival/game/target/classes/assets/textures/GraveRevenant.png
03:49:05.332 [FXGL Background Thread 3 ] DEBUG Engine               - Logging environment variables
03:49:05.333 [FXGL Background Thread 3 ] DEBUG Engine               - achievements: []
03:49:05.333 [FXGL Background Thread 3 ] DEBUG Engine               - actualHeight: 728.0
03:49:05.333 [FXGL Background Thread 3 ] DEBUG Engine               - actualHeightProperty: ReadOnlyDoubleProperty [value: 728.0]
03:49:05.333 [FXGL Background Thread 3 ] DEBUG Engine               - actualWidth: 703.0
03:49:05.333 [FXGL Background Thread 3 ] DEBUG Engine               - actualWidthProperty: ReadOnlyDoubleProperty [value: 703.0]
03:49:05.333 [FXGL Background Thread 3 ] DEBUG Engine               - appIcon: fxgl_icon.png
03:49:05.334 [FXGL Background Thread 3 ] DEBUG Engine               - applicationMode: DEVELOPER
03:49:05.334 [FXGL Background Thread 3 ] DEBUG Engine               - cSSList: [fxgl_dark.css]
03:49:05.334 [FXGL Background Thread 3 ] DEBUG Engine               - collisionDetectionStrategy: BRUTE_FORCE
03:49:05.334 [FXGL Background Thread 3 ] DEBUG Engine               - configClass: Optional.empty
03:49:05.334 [FXGL Background Thread 3 ] DEBUG Engine               - credits: []
03:49:05.334 [FXGL Background Thread 3 ] DEBUG Engine               - defaultCursor: CursorInfo(imageName=fxgl_default_cursor.png, hotspotX=7.0, hotspotY=6.0)
03:49:05.335 [FXGL Background Thread 3 ] DEBUG Engine               - devBBoxColorProperty: ObjectProperty [value: 0xff0000ff]
03:49:05.335 [FXGL Background Thread 3 ] DEBUG Engine               - devEnableDebugCameraProperty: BooleanProperty [value: false]
03:49:05.335 [FXGL Background Thread 3 ] DEBUG Engine               - devSensorColorProperty: ObjectProperty [value: 0xffff00ff]
03:49:05.335 [FXGL Background Thread 3 ] DEBUG Engine               - devShowBBoxProperty: BooleanProperty [value: false]
03:49:05.335 [FXGL Background Thread 3 ] DEBUG Engine               - devShowPositionProperty: BooleanProperty [value: false]
03:49:05.335 [FXGL Background Thread 3 ] DEBUG Engine               - enabledMenuItems: []
03:49:05.335 [FXGL Background Thread 3 ] DEBUG Engine               - engineServices: [class com.almasb.fxgl.app.services.FXGLAssetLoaderService, class com.almasb.fxgl.app.FXGLApplication$GameApplicationService, class com.almasb.fxgl.app.services.FXGLDialogService, class com.almasb.fxgl.app.services.IOTaskExecutorService, class com.almasb.fxgl.io.FileSystemService, class com.almasb.fxgl.localization.LocalizationService, class com.almasb.fxgl.app.services.SystemBundleService, class com.almasb.fxgl.profile.SaveLoadService, class com.almasb.fxgl.ui.FXGLUIFactoryServiceProvider, class com.almasb.fxgl.ui.FXGLDialogFactoryServiceProvider, class com.almasb.fxgl.audio.AudioPlayer, class com.almasb.fxgl.notification.impl.NotificationServiceProvider, class com.almasb.fxgl.achievement.AchievementService, class com.almasb.fxgl.cutscene.CutsceneService, class com.almasb.fxgl.minigames.MiniGameService, class com.almasb.fxgl.net.NetService, class com.almasb.fxgl.app.services.UpdaterService, class com.almasb.fxgl.dev.DevService]
03:49:05.336 [FXGL Background Thread 3 ] DEBUG Engine               - fontGame: Abel-Regular.ttf
03:49:05.336 [FXGL Background Thread 3 ] DEBUG Engine               - fontMono: TerminalLandMono-Regular.otf
03:49:05.336 [FXGL Background Thread 3 ] DEBUG Engine               - fontSizeScaleUI: 1.0
03:49:05.336 [FXGL Background Thread 3 ] DEBUG Engine               - fontText: Courier-Prime.ttf
03:49:05.336 [FXGL Background Thread 3 ] DEBUG Engine               - fontUI: VarelaRound-Regular.ttf
03:49:05.336 [FXGL Background Thread 3 ] DEBUG Engine               - fullScreen: BooleanProperty [value: false]
03:49:05.336 [FXGL Background Thread 3 ] DEBUG Engine               - gameDifficulty: MEDIUM
03:49:05.336 [FXGL Background Thread 3 ] DEBUG Engine               - gameDifficultyProperty: ObjectProperty [value: MEDIUM]
03:49:05.336 [FXGL Background Thread 3 ] DEBUG Engine               - globalMusicVolume: 0.5
03:49:05.336 [FXGL Background Thread 3 ] DEBUG Engine               - globalMusicVolumeProperty: DoubleProperty [value: 1.0]
03:49:05.337 [FXGL Background Thread 3 ] DEBUG Engine               - globalSoundVolume: 0.5
03:49:05.337 [FXGL Background Thread 3 ] DEBUG Engine               - globalSoundVolumeProperty: DoubleProperty [value: 1.0]
03:49:05.337 [FXGL Background Thread 3 ] DEBUG Engine               - height: 800
03:49:05.337 [FXGL Background Thread 3 ] DEBUG Engine               - is3D: false
03:49:05.337 [FXGL Background Thread 3 ] DEBUG Engine               - isAndroid: false
03:49:05.337 [FXGL Background Thread 3 ] DEBUG Engine               - isBrowser: false
03:49:05.337 [FXGL Background Thread 3 ] DEBUG Engine               - isClickFeedbackEnabled: false
03:49:05.337 [FXGL Background Thread 3 ] DEBUG Engine               - isCloseConfirmation: false
03:49:05.337 [FXGL Background Thread 3 ] DEBUG Engine               - isDesktop: true
03:49:05.337 [FXGL Background Thread 3 ] DEBUG Engine               - isDeveloperMenuEnabled: false
03:49:05.337 [FXGL Background Thread 3 ] DEBUG Engine               - isEmbedded: false
03:49:05.337 [FXGL Background Thread 3 ] DEBUG Engine               - isEntityPreloadEnabled: true
03:49:05.337 [FXGL Background Thread 3 ] DEBUG Engine               - isExperimentalTiledLargeMap: false
03:49:05.337 [FXGL Background Thread 3 ] DEBUG Engine               - isFileSystemWriteAllowed: true
03:49:05.338 [FXGL Background Thread 3 ] DEBUG Engine               - isFullScreenAllowed: false
03:49:05.338 [FXGL Background Thread 3 ] DEBUG Engine               - isFullScreenFromStart: false
03:49:05.338 [FXGL Background Thread 3 ] DEBUG Engine               - isGameMenuEnabled: true
03:49:05.338 [FXGL Background Thread 3 ] DEBUG Engine               - isIOS: false
03:49:05.338 [FXGL Background Thread 3 ] DEBUG Engine               - isIntroEnabled: false
03:49:05.340 [FXGL Background Thread 3 ] DEBUG Engine               - isLinux: false
03:49:05.341 [FXGL Background Thread 3 ] DEBUG Engine               - isMac: false
03:49:05.341 [FXGL Background Thread 3 ] DEBUG Engine               - isMainMenuEnabled: true
03:49:05.341 [FXGL Background Thread 3 ] DEBUG Engine               - isManualResizeEnabled: false
03:49:05.341 [FXGL Background Thread 3 ] DEBUG Engine               - isMobile: false
03:49:05.342 [FXGL Background Thread 3 ] DEBUG Engine               - isNative: false
03:49:05.342 [FXGL Background Thread 3 ] DEBUG Engine               - isPauseMusicWhenMinimized: true
03:49:05.342 [FXGL Background Thread 3 ] DEBUG Engine               - isPreserveResizeRatio: false
03:49:05.342 [FXGL Background Thread 3 ] DEBUG Engine               - isProfilingEnabled: false
03:49:05.342 [FXGL Background Thread 3 ] DEBUG Engine               - isScaleAffectedOnResize: true
03:49:05.342 [FXGL Background Thread 3 ] DEBUG Engine               - isSingleStep: false
03:49:05.342 [FXGL Background Thread 3 ] DEBUG Engine               - isUserProfileEnabled: false
03:49:05.342 [FXGL Background Thread 3 ] DEBUG Engine               - isWindows: true
03:49:05.342 [FXGL Background Thread 3 ] DEBUG Engine               - language: ObjectProperty [value: ENGLISH]
03:49:05.342 [FXGL Background Thread 3 ] DEBUG Engine               - menuKey: ESCAPE
03:49:05.342 [FXGL Background Thread 3 ] DEBUG Engine               - mouseSensitivity: 0.2
03:49:05.342 [FXGL Background Thread 3 ] DEBUG Engine               - notificationViewClass: class com.almasb.fxgl.notification.view.XboxNotificationView
03:49:05.342 [FXGL Background Thread 3 ] DEBUG Engine               - pixelsPerMeter: 50.0
03:49:05.343 [FXGL Background Thread 3 ] DEBUG Engine               - platform: WINDOWS
03:49:05.343 [FXGL Background Thread 3 ] DEBUG Engine               - prefHeightProperty: ReadOnlyDoubleProperty [value: 800.0]
03:49:05.343 [FXGL Background Thread 3 ] DEBUG Engine               - prefWidthProperty: ReadOnlyDoubleProperty [value: 800.0]
03:49:05.343 [FXGL Background Thread 3 ] DEBUG Engine               - profileDir: profiles/
03:49:05.343 [FXGL Background Thread 3 ] DEBUG Engine               - profileName: StringProperty [value: DEFAULT]
03:49:05.343 [FXGL Background Thread 3 ] DEBUG Engine               - randomSeed: -1
03:49:05.343 [FXGL Background Thread 3 ] DEBUG Engine               - runtimeInfo: RuntimeInfo(platform=WINDOWS, version=21.1, build=27.03.2024 07.52)
03:49:05.344 [FXGL Background Thread 3 ] DEBUG Engine               - saveFileExt: sav
03:49:05.344 [FXGL Background Thread 3 ] DEBUG Engine               - scaledHeightProp$fxgl: DoubleProperty [bound, value: 728.0]
03:49:05.344 [FXGL Background Thread 3 ] DEBUG Engine               - scaledWidthProp$fxgl: DoubleProperty [bound, value: 703.0]
03:49:05.344 [FXGL Background Thread 3 ] DEBUG Engine               - sceneFactory: com.lab.App$1@5044c0c
03:49:05.344 [FXGL Background Thread 3 ] DEBUG Engine               - secondsIn24h: 60
03:49:05.344 [FXGL Background Thread 3 ] DEBUG Engine               - soundMenuBack: menu/back.wav
03:49:05.344 [FXGL Background Thread 3 ] DEBUG Engine               - soundMenuPress: menu/press.wav
03:49:05.344 [FXGL Background Thread 3 ] DEBUG Engine               - soundMenuSelect: menu/select.wav
03:49:05.344 [FXGL Background Thread 3 ] DEBUG Engine               - soundNotification: core/notification.wav
03:49:05.344 [FXGL Background Thread 3 ] DEBUG Engine               - stageStyle: DECORATED
03:49:05.345 [FXGL Background Thread 3 ] DEBUG Engine               - supportedLanguages: [ENGLISH, FRENCH, GERMAN, HUNGARIAN, RUSSIAN]
03:49:05.345 [FXGL Background Thread 3 ] DEBUG Engine               - ticksPerSecond: -1
03:49:05.345 [FXGL Background Thread 3 ] DEBUG Engine               - title: Gonvival
03:49:05.345 [FXGL Background Thread 3 ] DEBUG Engine               - urlGithub: https://github.com/AlmasB/FXGL
03:49:05.345 [FXGL Background Thread 3 ] DEBUG Engine               - urlLeaderboard: http://fxgl-top.herokuapp.com/
03:49:05.345 [FXGL Background Thread 3 ] DEBUG Engine               - urlPOM: https://raw.githubusercontent.com/AlmasB/FXGL/release/README.md
03:49:05.345 [FXGL Background Thread 3 ] DEBUG Engine               - userAppClass: class com.lab.App
03:49:05.345 [FXGL Background Thread 3 ] DEBUG Engine               - version: beta
03:49:05.345 [FXGL Background Thread 3 ] DEBUG Engine               - versionCheckDays: 7
03:49:05.345 [FXGL Background Thread 3 ] DEBUG Engine               - width: 800
03:49:05.345 [FXGL Background Thread 3 ] DEBUG Engine               - Logging services
03:49:05.346 [FXGL Background Thread 3 ] DEBUG Engine               - class com.almasb.fxgl.app.services.FXGLAssetLoaderService
03:49:05.346 [FXGL Background Thread 3 ] DEBUG Engine               - class com.almasb.fxgl.app.FXGLApplication$GameApplicationService
03:49:05.346 [FXGL Background Thread 3 ] DEBUG Engine               - class com.almasb.fxgl.app.services.FXGLDialogService
03:49:05.346 [FXGL Background Thread 3 ] DEBUG Engine               - class com.almasb.fxgl.app.services.IOTaskExecutorService
03:49:05.346 [FXGL Background Thread 3 ] DEBUG Engine               - class com.almasb.fxgl.io.FileSystemService
03:49:05.346 [FXGL Background Thread 3 ] DEBUG Engine               - class com.almasb.fxgl.localization.LocalizationService
03:49:05.346 [FXGL Background Thread 3 ] DEBUG Engine               - class com.almasb.fxgl.app.services.SystemBundleService
03:49:05.346 [FXGL Background Thread 3 ] DEBUG Engine               - class com.almasb.fxgl.profile.SaveLoadService
03:49:05.346 [FXGL Background Thread 3 ] DEBUG Engine               - class com.almasb.fxgl.ui.FXGLUIFactoryServiceProvider
03:49:05.346 [FXGL Background Thread 3 ] DEBUG Engine               - class com.almasb.fxgl.ui.FXGLDialogFactoryServiceProvider
03:49:05.346 [FXGL Background Thread 3 ] DEBUG Engine               - class com.almasb.fxgl.audio.AudioPlayer
03:49:05.346 [FXGL Background Thread 3 ] DEBUG Engine               - class com.almasb.fxgl.notification.impl.NotificationServiceProvider
03:49:05.346 [FXGL Background Thread 3 ] DEBUG Engine               - class com.almasb.fxgl.achievement.AchievementService
03:49:05.346 [FXGL Background Thread 3 ] DEBUG Engine               - class com.almasb.fxgl.cutscene.CutsceneService
03:49:05.346 [FXGL Background Thread 3 ] DEBUG Engine               - class com.almasb.fxgl.minigames.MiniGameService
03:49:05.346 [FXGL Background Thread 3 ] DEBUG Engine               - class com.almasb.fxgl.net.NetService
03:49:05.346 [FXGL Background Thread 3 ] DEBUG Engine               - class com.almasb.fxgl.app.services.UpdaterService
03:49:05.346 [FXGL Background Thread 3 ] DEBUG Engine               - class com.almasb.fxgl.dev.DevService
03:49:05.377 [JavaFX Application Thread] DEBUG FXGLAssetLoaderServi - Loading from file system: file:/E:/Labs/Gonvival/game/target/classes/assets/textures/arrow.png
03:49:05.761 [JavaFX Application Thread] DEBUG PrimaryStageWindow   - Push state: DialogSubScene
03:49:05.761 [JavaFX Application Thread] DEBUG Input                - Clearing active input actions
03:49:05.763 [JavaFX Application Thread] DEBUG GameApplicationServi - Removing overlay from GameScene and adding to DialogSubScene
03:49:05.763 [JavaFX Application Thread] DEBUG PrimaryStageWindow   - GameScene -> DialogSubScene
03:49:06.661 [JavaFX Application Thread] DEBUG PrimaryStageWindow   - Pop state: DialogSubScene
03:49:06.661 [JavaFX Application Thread] DEBUG Input                - Clearing active input actions
03:49:06.662 [JavaFX Application Thread] DEBUG GameApplicationServi - Removing overlay from DialogSubScene and adding to GameScene
03:49:06.662 [JavaFX Application Thread] DEBUG PrimaryStageWindow   - GameScene <- DialogSubScene
03:49:27.054 [JavaFX Application Thread] DEBUG PrimaryStageWindow   - Push state: DialogSubScene
03:49:27.055 [JavaFX Application Thread] DEBUG Input                - Clearing active input actions
03:49:27.055 [JavaFX Application Thread] DEBUG GameApplicationServi - Removing overlay from GameScene and adding to DialogSubScene
03:49:27.055 [JavaFX Application Thread] DEBUG PrimaryStageWindow   - GameScene -> DialogSubScene
03:49:28.365 [JavaFX Application Thread] DEBUG PrimaryStageWindow   - Pop state: DialogSubScene
03:49:28.365 [JavaFX Application Thread] DEBUG Input                - Clearing active input actions
03:49:28.365 [JavaFX Application Thread] DEBUG GameApplicationServi - Removing overlay from DialogSubScene and adding to GameScene
03:49:28.365 [JavaFX Application Thread] DEBUG PrimaryStageWindow   - GameScene <- DialogSubScene
03:49:28.365 [JavaFX Application Thread] DEBUG GameWorld            - Clearing game world
03:49:28.367 [JavaFX Application Thread] DEBUG Input                - Clearing active input actions
03:49:28.372 [JavaFX Application Thread] DEBUG GameApplicationServi - Removing overlay from GameScene and adding to FXGLMainMenuDummyScene
03:49:28.372 [JavaFX Application Thread] DEBUG PrimaryStageWindow   - GameScene -> FXGLMainMenuDummyScene
03:49:28.372 [JavaFX Application Thread] DEBUG PrimaryStageWindow   - Push state: StartScreen
03:49:28.372 [JavaFX Application Thread] DEBUG Input                - Clearing active input actions
03:49:28.375 [JavaFX Application Thread] DEBUG GameApplicationServi - Removing overlay from FXGLMainMenuDummyScene and adding to StartScreen
03:49:28.375 [JavaFX Application Thread] DEBUG PrimaryStageWindow   - FXGLMainMenuDummyScene -> StartScreen
03:49:29.733 [JavaFX Application Thread] DEBUG FXGLApplication      - Exiting FXGL
03:49:29.733 [JavaFX Application Thread] DEBUG LoopRunner           - Stopping loop
03:49:29.733 [JavaFX Application Thread] DEBUG SystemBundleService  - Saving FXGL system data
03:49:29.736 [JavaFX Application Thread] DEBUG FileSystemAccess     - Writing to: E:\Labs\Gonvival\system\fxgl.bundle
03:49:29.739 [JavaFX Application Thread] DEBUG Async                - Shutting down background threads
03:49:29.740 [JavaFX Application Thread] DEBUG PrimaryStageWindow   - Closing main window
03:49:29.749 [JavaFX Application Thread] DEBUG Logger               - Closing Logger
