20:55:01.249 [main                     ] DEBUG Logger               - Configured Logger
20:55:01.340 [main                     ] DEBUG GameApplication      - Logging settings
Title: Gonvival
Version: beta
Width: 800
Height: 600
Fullscreen: false
Intro: false
Profiling: false
Single step:false
App Mode: DEVELOPER
Menu Key: ESCAPE
Stage Style: DECORATED
Scene Factory: class com.almasb.fxgl.app.scene.SceneFactory

20:55:02.835 [JavaFX Application Thread] DEBUG FXGLApplication      - Initializing FXGL
20:55:02.840 [JavaFX Application Thread] INFO  Engine               - FXGL-21.1 (27.03.2024 07.52) on WINDOWS (J:21.0.5 FX:21.0.1)
20:55:02.841 [JavaFX Application Thread] DEBUG Engine               - JRE Vendor Name: Eclipse Adoptium
20:55:02.841 [JavaFX Application Thread] DEBUG Engine               - Running on OS: Windows 11 version 10.0
20:55:02.841 [JavaFX Application Thread] DEBUG Engine               - Architecture: amd64
20:55:02.841 [JavaFX Application Thread] INFO  Engine               - Source code and latest versions at: https://github.com/AlmasB/FXGL
20:55:02.841 [JavaFX Application Thread] INFO  Engine               -       Ask questions and discuss at: https://github.com/AlmasB/FXGL/discussions
20:55:02.842 [JavaFX Application Thread] INFO  Engine               -              Join the FXGL chat at: https://gitter.im/AlmasB/FXGL
20:55:03.031 [JavaFX Application Thread] DEBUG PrimaryStageWindow   - Creating a JavaFX scene
20:55:03.093 [JavaFX Application Thread] DEBUG PrimaryStageWindow   - Target settings size: 800.0 x 600.0
20:55:03.093 [JavaFX Application Thread] DEBUG PrimaryStageWindow   - Scaled scene size:    800.0 x 600.0
20:55:03.095 [JavaFX Application Thread] DEBUG PrimaryStageWindow   - Scaled ratio: (1.0, 1.0)
20:55:03.097 [JavaFX Application Thread] DEBUG PrimaryStageWindow   - Set initial scene to FXGLStartupScene
20:55:03.107 [JavaFX Application Thread] DEBUG PrimaryStageWindow   - Opening main window
20:55:03.387 [JavaFX Application Thread] DEBUG PrimaryStageWindow   - Window border size: (14.4000244140625, 37.5999755859375)
20:55:03.388 [JavaFX Application Thread] DEBUG PrimaryStageWindow   - Scaled size: 800.0 x 600.0
20:55:03.389 [JavaFX Application Thread] DEBUG PrimaryStageWindow   - Scaled ratio: (1.0, 1.0)
20:55:03.389 [JavaFX Application Thread] DEBUG PrimaryStageWindow   - Scene size: 800.0 x 600.0
20:55:03.390 [JavaFX Application Thread] DEBUG PrimaryStageWindow   - Stage size: 814.4000244140625 x 637.5999755859375
20:55:03.416 [FXGL Background Thread 1 ] DEBUG Engine               - Initializing environment variables
20:55:03.538 [FXGL Background Thread 1 ] DEBUG FXGLAssetLoaderServi - User app class for loading assets: class com.lab.App
20:55:03.540 [FXGL Background Thread 1 ] DEBUG GameApplicationServi - Applying CSS: fxgl_dark.css
20:55:03.543 [FXGL Background Thread 1 ] DEBUG FXGLAssetLoaderServi - Loading from file system: jar:file:/C:/Users/HP/.m2/repository/com/github/almasb/fxgl/21.1/fxgl-21.1.jar!/fxglassets/ui/css/fxgl_dark.css
20:55:03.678 [FXGL Background Thread 1 ] DEBUG GameApplicationServi - Initializing application scenes
20:55:03.791 [FXGL Background Thread 1 ] DEBUG GameWorld            - Game world initialized
20:55:03.930 [FXGL Background Thread 1 ] DEBUG PhysicsWorld         - Physics world initialized: appHeight=600, physics.ppm=50.0
20:55:03.930 [FXGL Background Thread 1 ] DEBUG PhysicsWorld         - Using strategy: BRUTE_FORCE
20:55:03.940 [FXGL Background Thread 1 ] DEBUG GameScene            - Game scene initialized: 800x600
20:55:03.979 [FXGL Background Thread 1 ] DEBUG FXGL.DefaultMenu     - createMenuBodyMainMenu()
20:55:04.008 [FXGL Background Thread 1 ] DEBUG FXGL.DefaultMenu     - createOptionsMenu()
20:55:04.031 [FXGL Background Thread 1 ] DEBUG FXGLAssetLoaderServi - Loading from file system: jar:file:/C:/Users/HP/.m2/repository/com/github/almasb/fxgl/21.1/fxgl-21.1.jar!/fxglassets/textures/particles/smoke.png
20:55:04.189 [FXGL Background Thread 1 ] DEBUG FXGLAssetLoaderServi - Loading from file system: jar:file:/C:/Users/HP/.m2/repository/com/github/almasb/fxgl/21.1/fxgl-21.1.jar!/fxglassets/textures/particles/trace_horizontal.png
20:55:04.226 [FXGL Background Thread 1 ] DEBUG FXGL.DefaultMenu     - createMenuBodyGameMenu()
20:55:04.227 [FXGL Background Thread 1 ] DEBUG FXGL.DefaultMenu     - createOptionsMenu()
20:55:04.241 [FXGL Background Thread 1 ] DEBUG GameApplicationServi - Application scenes initialized
20:55:04.254 [FXGL Background Thread 1 ] DEBUG SystemBundleService  - Loading FXGL system data
20:55:04.259 [FXGL Background Thread 1 ] DEBUG FileSystemAccess     - Reading from: D:\Gonvival\system\fxgl.bundle
20:55:04.271 [FXGL Background Thread 1 ] DEBUG SystemBundleService  - Bundle FXGL: {}
20:55:04.271 [FXGL Background Thread 1 ] DEBUG UpdaterService       - Checking for updates
20:55:04.284 [FXGL Background Thread 4 ] DEBUG FXGLApplication      - Loading fonts
20:55:04.285 [FXGL Background Thread 4 ] DEBUG FXGLAssetLoaderServi - Loading from file system: jar:file:/C:/Users/HP/.m2/repository/com/github/almasb/fxgl/21.1/fxgl-21.1.jar!/fxglassets/ui/fonts/VarelaRound-Regular.ttf
20:55:04.292 [FXGL Background Thread 1 ] DEBUG FXGLApplication      - Loading default localization
20:55:04.292 [FXGL Background Thread 1 ] DEBUG FXGLAssetLoaderServi - Loading from file system: jar:file:/C:/Users/HP/.m2/repository/com/github/almasb/fxgl/21.1/fxgl-21.1.jar!/fxglassets/languages/english.lang
20:55:04.395 [FXGL Background Thread 4 ] DEBUG FXGLAssetLoaderServi - Loading from file system: jar:file:/C:/Users/HP/.m2/repository/com/github/almasb/fxgl/21.1/fxgl-21.1.jar!/fxglassets/ui/fonts/Abel-Regular.ttf
20:55:04.404 [FXGL Background Thread 4 ] DEBUG FXGLAssetLoaderServi - Loading from file system: jar:file:/C:/Users/HP/.m2/repository/com/github/almasb/fxgl/21.1/fxgl-21.1.jar!/fxglassets/ui/fonts/TerminalLandMono-Regular.otf
20:55:04.416 [FXGL Background Thread 4 ] DEBUG FXGLAssetLoaderServi - Loading from file system: jar:file:/C:/Users/HP/.m2/repository/com/github/almasb/fxgl/21.1/fxgl-21.1.jar!/fxglassets/ui/fonts/Courier-Prime.ttf
20:55:04.423 [FXGL Background Thread 1 ] INFO  FXGLApplication      - FXGL initialization took: 1.006 sec
20:55:04.442 [JavaFX Application Thread] DEBUG Input                - Registered new binding: Shoot - LMB
20:55:04.463 [JavaFX Application Thread] DEBUG Input                - Registered new binding: action0 - A
20:55:04.464 [JavaFX Application Thread] DEBUG Input                - Registered new binding: action1 - D
20:55:04.464 [JavaFX Application Thread] DEBUG Input                - Registered new binding: action2 - W
20:55:04.465 [JavaFX Application Thread] DEBUG Input                - Registered new binding: action3 - S
20:55:04.466 [JavaFX Application Thread] DEBUG FXGLAssetLoaderServi - Loading from file system: jar:file:/C:/Users/HP/.m2/repository/com/github/almasb/fxgl/21.1/fxgl-21.1.jar!/fxglassets/textures/fxgl_icon.png
20:55:04.499 [JavaFX Application Thread] DEBUG FXGLAssetLoaderServi - Loading from file system: jar:file:/C:/Users/HP/.m2/repository/com/github/almasb/fxgl/21.1/fxgl-21.1.jar!/fxglassets/textures/fxgl_default_cursor.png
20:55:04.504 [JavaFX Application Thread] DEBUG Input                - Registered new binding: Screenshot - CTRL+8
20:55:04.505 [JavaFX Application Thread] DEBUG Input                - Registered new binding: System info dump - CTRL+9
20:55:04.506 [JavaFX Application Thread] DEBUG Input                - Registered new binding: Restart - CTRL+R
20:55:04.509 [JavaFX Application Thread] DEBUG Input                - Registered new binding: Toggle Debug Camera - CTRL+7
20:55:04.518 [JavaFX Application Thread] DEBUG LoopRunner           - Starting loop
20:55:04.518 [JavaFX Application Thread] DEBUG LoopRunner           - Initializing JavaFX AnimationTimerLoop
20:55:04.525 [JavaFX Application Thread] DEBUG Input                - Clearing active input actions
20:55:04.542 [JavaFX Application Thread] DEBUG GameApplicationServi - Removing overlay from FXGLStartupScene and adding to FXGLMainMenuDummyScene
20:55:04.544 [JavaFX Application Thread] DEBUG PrimaryStageWindow   - FXGLStartupScene -> FXGLMainMenuDummyScene
20:55:04.544 [JavaFX Application Thread] DEBUG PrimaryStageWindow   - Push state: FXGLDefaultMenu
20:55:04.563 [JavaFX Application Thread] DEBUG Input                - Clearing active input actions
20:55:04.588 [JavaFX Application Thread] DEBUG GameApplicationServi - Removing overlay from FXGLMainMenuDummyScene and adding to FXGLDefaultMenu
20:55:04.589 [JavaFX Application Thread] DEBUG PrimaryStageWindow   - FXGLMainMenuDummyScene -> FXGLDefaultMenu
20:55:04.601 [JavaFX Application Thread] DEBUG FXGLApplication      - Registering font factories with UI factory
20:55:05.811 [JavaFX Application Thread] DEBUG Menu                 - fireNewGame()
20:55:05.811 [JavaFX Application Thread] DEBUG GameApplicationServi - Starting new game
20:55:05.815 [JavaFX Application Thread] DEBUG PrimaryStageWindow   - Pop state: FXGLDefaultMenu
20:55:05.815 [JavaFX Application Thread] DEBUG Input                - Clearing active input actions
20:55:05.817 [JavaFX Application Thread] DEBUG GameApplicationServi - Removing overlay from FXGLDefaultMenu and adding to FXGLMainMenuDummyScene
20:55:05.817 [JavaFX Application Thread] DEBUG PrimaryStageWindow   - FXGLMainMenuDummyScene <- FXGLDefaultMenu
20:55:05.818 [JavaFX Application Thread] DEBUG Input                - Clearing active input actions
20:55:05.828 [JavaFX Application Thread] DEBUG GameApplicationServi - Removing overlay from FXGLMainMenuDummyScene and adding to FXGLLoadingScene
20:55:05.828 [JavaFX Application Thread] DEBUG PrimaryStageWindow   - FXGLMainMenuDummyScene -> FXGLLoadingScene
20:55:05.828 [JavaFX Application Thread] DEBUG GameApplicationServi - Clearing previous game
20:55:05.828 [JavaFX Application Thread] DEBUG GameScene            - Clearing game scene
20:55:05.828 [JavaFX Application Thread] DEBUG GameWorld            - Clearing game world
20:55:05.828 [JavaFX Application Thread] DEBUG PhysicsWorld         - Clearing physics world
20:55:05.831 [FXGL Background Thread 2 ] DEBUG FXGLApplication      - Initializing game
20:55:05.846 [FXGL Background Thread 2 ] DEBUG FXGLAssetLoaderServi - Loading from file system: file:/D:/Gonvival/game/target/classes/assets/textures/g.png
20:55:05.889 [FXGL Background Thread 2 ] INFO  FXGLApplication      - Game initialization took: 0.058 sec
20:55:05.890 [JavaFX Application Thread] DEBUG Input                - Clearing active input actions
20:55:05.900 [JavaFX Application Thread] DEBUG GameApplicationServi - Removing overlay from FXGLLoadingScene and adding to GameScene
20:55:05.900 [JavaFX Application Thread] DEBUG PrimaryStageWindow   - FXGLLoadingScene -> GameScene
20:55:06.853 [JavaFX Application Thread] DEBUG FXGLAssetLoaderServi - Loading from file system: file:/D:/Gonvival/game/target/classes/assets/textures/evil.png
20:55:07.279 [FXGL Background Thread 3 ] DEBUG Engine               - Logging environment variables
20:55:07.283 [FXGL Background Thread 3 ] DEBUG Engine               - achievements: []
20:55:07.284 [FXGL Background Thread 3 ] DEBUG Engine               - actualHeight: 600.0
20:55:07.284 [FXGL Background Thread 3 ] DEBUG Engine               - actualHeightProperty: ReadOnlyDoubleProperty [value: 600.0]
20:55:07.284 [FXGL Background Thread 3 ] DEBUG Engine               - actualWidth: 800.0
20:55:07.285 [FXGL Background Thread 3 ] DEBUG Engine               - actualWidthProperty: ReadOnlyDoubleProperty [value: 800.0]
20:55:07.285 [FXGL Background Thread 3 ] DEBUG Engine               - appIcon: fxgl_icon.png
20:55:07.285 [FXGL Background Thread 3 ] DEBUG Engine               - applicationMode: DEVELOPER
20:55:07.285 [FXGL Background Thread 3 ] DEBUG Engine               - cSSList: [fxgl_dark.css]
20:55:07.285 [FXGL Background Thread 3 ] DEBUG Engine               - collisionDetectionStrategy: BRUTE_FORCE
20:55:07.285 [FXGL Background Thread 3 ] DEBUG Engine               - configClass: Optional.empty
20:55:07.285 [FXGL Background Thread 3 ] DEBUG Engine               - credits: []
20:55:07.289 [FXGL Background Thread 3 ] DEBUG Engine               - defaultCursor: CursorInfo(imageName=fxgl_default_cursor.png, hotspotX=7.0, hotspotY=6.0)
20:55:07.290 [FXGL Background Thread 3 ] DEBUG Engine               - devBBoxColorProperty: ObjectProperty [value: 0xff0000ff]
20:55:07.290 [FXGL Background Thread 3 ] DEBUG Engine               - devEnableDebugCameraProperty: BooleanProperty [value: false]
20:55:07.291 [FXGL Background Thread 3 ] DEBUG Engine               - devSensorColorProperty: ObjectProperty [value: 0xffff00ff]
20:55:07.291 [FXGL Background Thread 3 ] DEBUG Engine               - devShowBBoxProperty: BooleanProperty [value: false]
20:55:07.291 [FXGL Background Thread 3 ] DEBUG Engine               - devShowPositionProperty: BooleanProperty [value: false]
20:55:07.291 [FXGL Background Thread 3 ] DEBUG Engine               - enabledMenuItems: []
20:55:07.291 [FXGL Background Thread 3 ] DEBUG Engine               - engineServices: [class com.almasb.fxgl.app.services.FXGLAssetLoaderService, class com.almasb.fxgl.app.FXGLApplication$GameApplicationService, class com.almasb.fxgl.app.services.FXGLDialogService, class com.almasb.fxgl.app.services.IOTaskExecutorService, class com.almasb.fxgl.io.FileSystemService, class com.almasb.fxgl.localization.LocalizationService, class com.almasb.fxgl.app.services.SystemBundleService, class com.almasb.fxgl.profile.SaveLoadService, class com.almasb.fxgl.ui.FXGLUIFactoryServiceProvider, class com.almasb.fxgl.ui.FXGLDialogFactoryServiceProvider, class com.almasb.fxgl.audio.AudioPlayer, class com.almasb.fxgl.notification.impl.NotificationServiceProvider, class com.almasb.fxgl.achievement.AchievementService, class com.almasb.fxgl.cutscene.CutsceneService, class com.almasb.fxgl.minigames.MiniGameService, class com.almasb.fxgl.net.NetService, class com.almasb.fxgl.app.services.UpdaterService, class com.almasb.fxgl.dev.DevService]
20:55:07.291 [FXGL Background Thread 3 ] DEBUG Engine               - fontGame: Abel-Regular.ttf
20:55:07.291 [FXGL Background Thread 3 ] DEBUG Engine               - fontMono: TerminalLandMono-Regular.otf
20:55:07.291 [FXGL Background Thread 3 ] DEBUG Engine               - fontSizeScaleUI: 1.0
20:55:07.293 [FXGL Background Thread 3 ] DEBUG Engine               - fontText: Courier-Prime.ttf
20:55:07.293 [FXGL Background Thread 3 ] DEBUG Engine               - fontUI: VarelaRound-Regular.ttf
20:55:07.293 [FXGL Background Thread 3 ] DEBUG Engine               - fullScreen: BooleanProperty [value: false]
20:55:07.293 [FXGL Background Thread 3 ] DEBUG Engine               - gameDifficulty: MEDIUM
20:55:07.293 [FXGL Background Thread 3 ] DEBUG Engine               - gameDifficultyProperty: ObjectProperty [value: MEDIUM]
20:55:07.293 [FXGL Background Thread 3 ] DEBUG Engine               - globalMusicVolume: 0.5
20:55:07.293 [FXGL Background Thread 3 ] DEBUG Engine               - globalMusicVolumeProperty: DoubleProperty [value: 0.5]
20:55:07.293 [FXGL Background Thread 3 ] DEBUG Engine               - globalSoundVolume: 0.5
20:55:07.293 [FXGL Background Thread 3 ] DEBUG Engine               - globalSoundVolumeProperty: DoubleProperty [value: 0.5]
20:55:07.293 [FXGL Background Thread 3 ] DEBUG Engine               - height: 600
20:55:07.295 [FXGL Background Thread 3 ] DEBUG Engine               - is3D: false
20:55:07.295 [FXGL Background Thread 3 ] DEBUG Engine               - isAndroid: false
20:55:07.296 [FXGL Background Thread 3 ] DEBUG Engine               - isBrowser: false
20:55:07.297 [FXGL Background Thread 3 ] DEBUG Engine               - isClickFeedbackEnabled: false
20:55:07.297 [FXGL Background Thread 3 ] DEBUG Engine               - isCloseConfirmation: false
20:55:07.298 [FXGL Background Thread 3 ] DEBUG Engine               - isDesktop: true
20:55:07.299 [FXGL Background Thread 3 ] DEBUG Engine               - isDeveloperMenuEnabled: false
20:55:07.299 [FXGL Background Thread 3 ] DEBUG Engine               - isEmbedded: false
20:55:07.299 [FXGL Background Thread 3 ] DEBUG Engine               - isEntityPreloadEnabled: true
20:55:07.299 [FXGL Background Thread 3 ] DEBUG Engine               - isExperimentalTiledLargeMap: false
20:55:07.300 [FXGL Background Thread 3 ] DEBUG Engine               - isFileSystemWriteAllowed: true
20:55:07.300 [FXGL Background Thread 3 ] DEBUG Engine               - isFullScreenAllowed: false
20:55:07.300 [FXGL Background Thread 3 ] DEBUG Engine               - isFullScreenFromStart: false
20:55:07.300 [FXGL Background Thread 3 ] DEBUG Engine               - isGameMenuEnabled: true
20:55:07.301 [FXGL Background Thread 3 ] DEBUG Engine               - isIOS: false
20:55:07.302 [FXGL Background Thread 3 ] DEBUG Engine               - isIntroEnabled: false
20:55:07.302 [FXGL Background Thread 3 ] DEBUG Engine               - isLinux: false
20:55:07.302 [FXGL Background Thread 3 ] DEBUG Engine               - isMac: false
20:55:07.303 [FXGL Background Thread 3 ] DEBUG Engine               - isMainMenuEnabled: true
20:55:07.303 [FXGL Background Thread 3 ] DEBUG Engine               - isManualResizeEnabled: false
20:55:07.303 [FXGL Background Thread 3 ] DEBUG Engine               - isMobile: false
20:55:07.303 [FXGL Background Thread 3 ] DEBUG Engine               - isNative: false
20:55:07.303 [FXGL Background Thread 3 ] DEBUG Engine               - isPauseMusicWhenMinimized: true
20:55:07.303 [FXGL Background Thread 3 ] DEBUG Engine               - isPreserveResizeRatio: false
20:55:07.304 [FXGL Background Thread 3 ] DEBUG Engine               - isProfilingEnabled: false
20:55:07.304 [FXGL Background Thread 3 ] DEBUG Engine               - isScaleAffectedOnResize: true
20:55:07.304 [FXGL Background Thread 3 ] DEBUG Engine               - isSingleStep: false
20:55:07.304 [FXGL Background Thread 3 ] DEBUG Engine               - isUserProfileEnabled: false
20:55:07.304 [FXGL Background Thread 3 ] DEBUG Engine               - isWindows: true
20:55:07.305 [FXGL Background Thread 3 ] DEBUG Engine               - language: ObjectProperty [value: ENGLISH]
20:55:07.305 [FXGL Background Thread 3 ] DEBUG Engine               - menuKey: ESCAPE
20:55:07.305 [FXGL Background Thread 3 ] DEBUG Engine               - mouseSensitivity: 0.2
20:55:07.306 [FXGL Background Thread 3 ] DEBUG Engine               - notificationViewClass: class com.almasb.fxgl.notification.view.XboxNotificationView
20:55:07.306 [FXGL Background Thread 3 ] DEBUG Engine               - pixelsPerMeter: 50.0
20:55:07.306 [FXGL Background Thread 3 ] DEBUG Engine               - platform: WINDOWS
20:55:07.306 [FXGL Background Thread 3 ] DEBUG Engine               - prefHeightProperty: ReadOnlyDoubleProperty [value: 600.0]
20:55:07.306 [FXGL Background Thread 3 ] DEBUG Engine               - prefWidthProperty: ReadOnlyDoubleProperty [value: 800.0]
20:55:07.307 [FXGL Background Thread 3 ] DEBUG Engine               - profileDir: profiles/
20:55:07.307 [FXGL Background Thread 3 ] DEBUG Engine               - profileName: StringProperty [value: DEFAULT]
20:55:07.307 [FXGL Background Thread 3 ] DEBUG Engine               - randomSeed: -1
20:55:07.309 [FXGL Background Thread 3 ] DEBUG Engine               - runtimeInfo: RuntimeInfo(platform=WINDOWS, version=21.1, build=27.03.2024 07.52)
20:55:07.310 [FXGL Background Thread 3 ] DEBUG Engine               - saveFileExt: sav
20:55:07.310 [FXGL Background Thread 3 ] DEBUG Engine               - scaledHeightProp$fxgl: DoubleProperty [bound, value: 600.0]
20:55:07.310 [FXGL Background Thread 3 ] DEBUG Engine               - scaledWidthProp$fxgl: DoubleProperty [bound, value: 800.0]
20:55:07.311 [FXGL Background Thread 3 ] DEBUG Engine               - sceneFactory: com.almasb.fxgl.app.scene.SceneFactory@42fc171d
20:55:07.311 [FXGL Background Thread 3 ] DEBUG Engine               - secondsIn24h: 60
20:55:07.311 [FXGL Background Thread 3 ] DEBUG Engine               - soundMenuBack: menu/back.wav
20:55:07.311 [FXGL Background Thread 3 ] DEBUG Engine               - soundMenuPress: menu/press.wav
20:55:07.312 [FXGL Background Thread 3 ] DEBUG Engine               - soundMenuSelect: menu/select.wav
20:55:07.312 [FXGL Background Thread 3 ] DEBUG Engine               - soundNotification: core/notification.wav
20:55:07.312 [FXGL Background Thread 3 ] DEBUG Engine               - stageStyle: DECORATED
20:55:07.312 [FXGL Background Thread 3 ] DEBUG Engine               - supportedLanguages: [ENGLISH, FRENCH, GERMAN, HUNGARIAN, RUSSIAN]
20:55:07.312 [FXGL Background Thread 3 ] DEBUG Engine               - ticksPerSecond: -1
20:55:07.312 [FXGL Background Thread 3 ] DEBUG Engine               - title: Gonvival
20:55:07.312 [FXGL Background Thread 3 ] DEBUG Engine               - urlGithub: https://github.com/AlmasB/FXGL
20:55:07.313 [FXGL Background Thread 3 ] DEBUG Engine               - urlLeaderboard: http://fxgl-top.herokuapp.com/
20:55:07.313 [FXGL Background Thread 3 ] DEBUG Engine               - urlPOM: https://raw.githubusercontent.com/AlmasB/FXGL/release/README.md
20:55:07.313 [FXGL Background Thread 3 ] DEBUG Engine               - userAppClass: class com.lab.App
20:55:07.313 [FXGL Background Thread 3 ] DEBUG Engine               - version: beta
20:55:07.313 [FXGL Background Thread 3 ] DEBUG Engine               - versionCheckDays: 7
20:55:07.313 [FXGL Background Thread 3 ] DEBUG Engine               - width: 800
20:55:07.313 [FXGL Background Thread 3 ] DEBUG Engine               - Logging services
20:55:07.314 [FXGL Background Thread 3 ] DEBUG Engine               - class com.almasb.fxgl.app.services.FXGLAssetLoaderService
20:55:07.314 [FXGL Background Thread 3 ] DEBUG Engine               - class com.almasb.fxgl.app.FXGLApplication$GameApplicationService
20:55:07.314 [FXGL Background Thread 3 ] DEBUG Engine               - class com.almasb.fxgl.app.services.FXGLDialogService
20:55:07.314 [FXGL Background Thread 3 ] DEBUG Engine               - class com.almasb.fxgl.app.services.IOTaskExecutorService
20:55:07.314 [FXGL Background Thread 3 ] DEBUG Engine               - class com.almasb.fxgl.io.FileSystemService
20:55:07.314 [FXGL Background Thread 3 ] DEBUG Engine               - class com.almasb.fxgl.localization.LocalizationService
20:55:07.314 [FXGL Background Thread 3 ] DEBUG Engine               - class com.almasb.fxgl.app.services.SystemBundleService
20:55:07.314 [FXGL Background Thread 3 ] DEBUG Engine               - class com.almasb.fxgl.profile.SaveLoadService
20:55:07.315 [FXGL Background Thread 3 ] DEBUG Engine               - class com.almasb.fxgl.ui.FXGLUIFactoryServiceProvider
20:55:07.315 [FXGL Background Thread 3 ] DEBUG Engine               - class com.almasb.fxgl.ui.FXGLDialogFactoryServiceProvider
20:55:07.315 [FXGL Background Thread 3 ] DEBUG Engine               - class com.almasb.fxgl.audio.AudioPlayer
20:55:07.315 [FXGL Background Thread 3 ] DEBUG Engine               - class com.almasb.fxgl.notification.impl.NotificationServiceProvider
20:55:07.316 [FXGL Background Thread 3 ] DEBUG Engine               - class com.almasb.fxgl.achievement.AchievementService
20:55:07.316 [FXGL Background Thread 3 ] DEBUG Engine               - class com.almasb.fxgl.cutscene.CutsceneService
20:55:07.316 [FXGL Background Thread 3 ] DEBUG Engine               - class com.almasb.fxgl.minigames.MiniGameService
20:55:07.316 [FXGL Background Thread 3 ] DEBUG Engine               - class com.almasb.fxgl.net.NetService
20:55:07.317 [FXGL Background Thread 3 ] DEBUG Engine               - class com.almasb.fxgl.app.services.UpdaterService
20:55:07.317 [FXGL Background Thread 3 ] DEBUG Engine               - class com.almasb.fxgl.dev.DevService
20:55:07.558 [JavaFX Application Thread] DEBUG FXGLAssetLoaderServi - Loading from file system: file:/D:/Gonvival/game/target/classes/assets/textures/arrow.png
20:55:13.118 [JavaFX Application Thread] DEBUG PrimaryStageWindow   - Push state: FXGLDefaultMenu
20:55:13.118 [JavaFX Application Thread] DEBUG Input                - Clearing active input actions
20:55:13.123 [JavaFX Application Thread] DEBUG GameApplicationServi - Removing overlay from GameScene and adding to FXGLDefaultMenu
20:55:13.124 [JavaFX Application Thread] DEBUG PrimaryStageWindow   - GameScene -> FXGLDefaultMenu
20:55:15.577 [JavaFX Application Thread] DEBUG FXGL.DefaultMenu     - createContentControls()
20:55:17.144 [JavaFX Application Thread] DEBUG FXGLApplication      - Exiting FXGL
20:55:17.144 [JavaFX Application Thread] DEBUG LoopRunner           - Stopping loop
20:55:17.144 [JavaFX Application Thread] DEBUG SystemBundleService  - Saving FXGL system data
20:55:17.146 [JavaFX Application Thread] DEBUG FileSystemAccess     - Writing to: D:\Gonvival\system\fxgl.bundle
20:55:17.149 [JavaFX Application Thread] DEBUG Async                - Shutting down background threads
20:55:17.149 [JavaFX Application Thread] DEBUG PrimaryStageWindow   - Closing main window
20:55:17.189 [JavaFX Application Thread] DEBUG Logger               - Closing Logger
