23:38:06.611 [main                     ] DEBUG Logger               - Configured Logger
23:38:06.635 [main                     ] DEBUG GameApplication      - Logging settings
Title: Gonvival
Version: beta
Width: 800
Height: 800
Fullscreen: false
Intro: false
Profiling: false
Single step:false
App Mode: DEVELOPER
Menu Key: ESCAPE
Stage Style: DECORATED
Scene Factory: class com.almasb.fxgl.app.scene.SceneFactory

23:38:07.787 [JavaFX Application Thread] DEBUG FXGLApplication      - Initializing FXGL
23:38:07.795 [JavaFX Application Thread] INFO  Engine               - FXGL-21.1 (27.03.2024 07.52) on WINDOWS (J:21.0.5 FX:21.0.1)
23:38:07.795 [JavaFX Application Thread] DEBUG Engine               - JRE Vendor Name: Eclipse Adoptium
23:38:07.796 [JavaFX Application Thread] DEBUG Engine               - Running on OS: Windows 11 version 10.0
23:38:07.796 [JavaFX Application Thread] DEBUG Engine               - Architecture: amd64
23:38:07.797 [JavaFX Application Thread] INFO  Engine               - Source code and latest versions at: https://github.com/AlmasB/FXGL
23:38:07.797 [JavaFX Application Thread] INFO  Engine               -       Ask questions and discuss at: https://github.com/AlmasB/FXGL/discussions
23:38:07.798 [JavaFX Application Thread] INFO  Engine               -              Join the FXGL chat at: https://gitter.im/AlmasB/FXGL
23:38:07.926 [JavaFX Application Thread] DEBUG PrimaryStageWindow   - Creating a JavaFX scene
23:38:08.031 [JavaFX Application Thread] DEBUG PrimaryStageWindow   - Target settings size: 800.0 x 800.0
23:38:08.032 [JavaFX Application Thread] DEBUG PrimaryStageWindow   - Scaled scene size:    800.0 x 800.0
23:38:08.032 [JavaFX Application Thread] DEBUG PrimaryStageWindow   - Scaled ratio: (1.0, 1.0)
23:38:08.033 [JavaFX Application Thread] DEBUG PrimaryStageWindow   - Set initial scene to FXGLStartupScene
23:38:08.037 [JavaFX Application Thread] DEBUG PrimaryStageWindow   - Opening main window
23:38:08.226 [JavaFX Application Thread] DEBUG PrimaryStageWindow   - Window border size: (14.4000244140625, 37.5999755859375)
23:38:08.226 [JavaFX Application Thread] DEBUG PrimaryStageWindow   - Scaled size: 800.0 x 800.0
23:38:08.226 [JavaFX Application Thread] DEBUG PrimaryStageWindow   - Scaled ratio: (1.0, 1.0)
23:38:08.227 [JavaFX Application Thread] DEBUG PrimaryStageWindow   - Scene size: 800.0 x 800.0
23:38:08.227 [JavaFX Application Thread] DEBUG PrimaryStageWindow   - Stage size: 814.4000244140625 x 837.5999755859375
23:38:08.239 [FXGL Background Thread 1 ] DEBUG Engine               - Initializing environment variables
23:38:08.333 [FXGL Background Thread 1 ] DEBUG FXGLAssetLoaderServi - User app class for loading assets: class com.lab.App
23:38:08.333 [FXGL Background Thread 1 ] DEBUG GameApplicationServi - Applying CSS: fxgl_dark.css
23:38:08.334 [FXGL Background Thread 1 ] DEBUG FXGLAssetLoaderServi - Loading from file system: jar:file:/C:/Users/HP/.m2/repository/com/github/almasb/fxgl/21.1/fxgl-21.1.jar!/fxglassets/ui/css/fxgl_dark.css
23:38:08.410 [FXGL Background Thread 1 ] DEBUG GameApplicationServi - Initializing application scenes
23:38:08.459 [FXGL Background Thread 1 ] DEBUG GameWorld            - Game world initialized
23:38:08.543 [FXGL Background Thread 1 ] DEBUG PhysicsWorld         - Physics world initialized: appHeight=800, physics.ppm=50.0
23:38:08.543 [FXGL Background Thread 1 ] DEBUG PhysicsWorld         - Using strategy: BRUTE_FORCE
23:38:08.548 [FXGL Background Thread 1 ] DEBUG GameScene            - Game scene initialized: 800x800
23:38:08.575 [FXGL Background Thread 1 ] DEBUG FXGL.DefaultMenu     - createMenuBodyMainMenu()
23:38:08.619 [FXGL Background Thread 1 ] DEBUG FXGL.DefaultMenu     - createOptionsMenu()
23:38:08.664 [FXGL Background Thread 1 ] DEBUG FXGLAssetLoaderServi - Loading from file system: jar:file:/C:/Users/HP/.m2/repository/com/github/almasb/fxgl/21.1/fxgl-21.1.jar!/fxglassets/textures/particles/smoke.png
23:38:08.854 [FXGL Background Thread 1 ] DEBUG FXGLAssetLoaderServi - Loading from file system: jar:file:/C:/Users/HP/.m2/repository/com/github/almasb/fxgl/21.1/fxgl-21.1.jar!/fxglassets/textures/particles/trace_horizontal.png
23:38:08.885 [FXGL Background Thread 1 ] DEBUG FXGL.DefaultMenu     - createMenuBodyGameMenu()
23:38:08.885 [FXGL Background Thread 1 ] DEBUG FXGL.DefaultMenu     - createOptionsMenu()
23:38:08.899 [FXGL Background Thread 1 ] DEBUG GameApplicationServi - Application scenes initialized
23:38:08.913 [FXGL Background Thread 1 ] DEBUG SystemBundleService  - Loading FXGL system data
23:38:08.920 [FXGL Background Thread 1 ] DEBUG FileSystemAccess     - Reading from: D:\Gonvival\system\fxgl.bundle
23:38:08.931 [FXGL Background Thread 1 ] DEBUG SystemBundleService  - Bundle FXGL: {}
23:38:08.932 [FXGL Background Thread 1 ] DEBUG UpdaterService       - Checking for updates
23:38:08.935 [FXGL Background Thread 4 ] DEBUG FXGLApplication      - Loading fonts
23:38:08.936 [FXGL Background Thread 4 ] DEBUG FXGLAssetLoaderServi - Loading from file system: jar:file:/C:/Users/HP/.m2/repository/com/github/almasb/fxgl/21.1/fxgl-21.1.jar!/fxglassets/ui/fonts/VarelaRound-Regular.ttf
23:38:08.936 [FXGL Background Thread 1 ] DEBUG FXGLApplication      - Loading default localization
23:38:08.937 [FXGL Background Thread 1 ] DEBUG FXGLAssetLoaderServi - Loading from file system: jar:file:/C:/Users/HP/.m2/repository/com/github/almasb/fxgl/21.1/fxgl-21.1.jar!/fxglassets/languages/english.lang
23:38:09.009 [FXGL Background Thread 1 ] INFO  FXGLApplication      - FXGL initialization took: 0.769 sec
23:38:09.011 [JavaFX Application Thread] DEBUG FXGLAssetLoaderServi - Loading from file system: jar:file:/C:/Users/HP/.m2/repository/com/github/almasb/fxgl/21.1/fxgl-21.1.jar!/fxglassets/textures/fxgl_icon.png
23:38:09.012 [FXGL Background Thread 4 ] DEBUG FXGLAssetLoaderServi - Loading from file system: jar:file:/C:/Users/HP/.m2/repository/com/github/almasb/fxgl/21.1/fxgl-21.1.jar!/fxglassets/ui/fonts/Abel-Regular.ttf
23:38:09.019 [FXGL Background Thread 4 ] DEBUG FXGLAssetLoaderServi - Loading from file system: jar:file:/C:/Users/HP/.m2/repository/com/github/almasb/fxgl/21.1/fxgl-21.1.jar!/fxglassets/ui/fonts/TerminalLandMono-Regular.otf
23:38:09.028 [FXGL Background Thread 4 ] DEBUG FXGLAssetLoaderServi - Loading from file system: jar:file:/C:/Users/HP/.m2/repository/com/github/almasb/fxgl/21.1/fxgl-21.1.jar!/fxglassets/ui/fonts/Courier-Prime.ttf
23:38:09.046 [JavaFX Application Thread] DEBUG FXGLAssetLoaderServi - Loading from file system: jar:file:/C:/Users/HP/.m2/repository/com/github/almasb/fxgl/21.1/fxgl-21.1.jar!/fxglassets/textures/fxgl_default_cursor.png
23:38:09.062 [JavaFX Application Thread] DEBUG Input                - Registered new binding: Screenshot - CTRL+8
23:38:09.063 [JavaFX Application Thread] DEBUG Input                - Registered new binding: System info dump - CTRL+9
23:38:09.064 [JavaFX Application Thread] DEBUG Input                - Registered new binding: Restart - CTRL+R
23:38:09.065 [JavaFX Application Thread] DEBUG Input                - Registered new binding: Toggle Debug Camera - CTRL+7
23:38:09.068 [JavaFX Application Thread] DEBUG LoopRunner           - Starting loop
23:38:09.068 [JavaFX Application Thread] DEBUG LoopRunner           - Initializing JavaFX AnimationTimerLoop
23:38:09.072 [JavaFX Application Thread] DEBUG Input                - Clearing active input actions
23:38:09.081 [JavaFX Application Thread] DEBUG GameApplicationServi - Removing overlay from FXGLStartupScene and adding to FXGLMainMenuDummyScene
23:38:09.081 [JavaFX Application Thread] DEBUG PrimaryStageWindow   - FXGLStartupScene -> FXGLMainMenuDummyScene
23:38:09.081 [JavaFX Application Thread] DEBUG PrimaryStageWindow   - Push state: FXGLDefaultMenu
23:38:09.093 [JavaFX Application Thread] DEBUG Input                - Clearing active input actions
23:38:09.112 [JavaFX Application Thread] DEBUG GameApplicationServi - Removing overlay from FXGLMainMenuDummyScene and adding to FXGLDefaultMenu
23:38:09.112 [JavaFX Application Thread] DEBUG PrimaryStageWindow   - FXGLMainMenuDummyScene -> FXGLDefaultMenu
23:38:09.113 [JavaFX Application Thread] DEBUG FXGLApplication      - Registering font factories with UI factory
23:38:11.746 [JavaFX Application Thread] DEBUG Menu                 - fireNewGame()
23:38:11.746 [JavaFX Application Thread] DEBUG GameApplicationServi - Starting new game
23:38:11.749 [JavaFX Application Thread] DEBUG PrimaryStageWindow   - Pop state: FXGLDefaultMenu
23:38:11.749 [JavaFX Application Thread] DEBUG Input                - Clearing active input actions
23:38:11.751 [JavaFX Application Thread] DEBUG GameApplicationServi - Removing overlay from FXGLDefaultMenu and adding to FXGLMainMenuDummyScene
23:38:11.752 [JavaFX Application Thread] DEBUG PrimaryStageWindow   - FXGLMainMenuDummyScene <- FXGLDefaultMenu
23:38:11.752 [JavaFX Application Thread] DEBUG Input                - Clearing active input actions
23:38:11.761 [JavaFX Application Thread] DEBUG GameApplicationServi - Removing overlay from FXGLMainMenuDummyScene and adding to FXGLLoadingScene
23:38:11.761 [JavaFX Application Thread] DEBUG PrimaryStageWindow   - FXGLMainMenuDummyScene -> FXGLLoadingScene
23:38:11.761 [JavaFX Application Thread] DEBUG GameApplicationServi - Clearing previous game
23:38:11.762 [JavaFX Application Thread] DEBUG GameScene            - Clearing game scene
23:38:11.762 [JavaFX Application Thread] DEBUG GameWorld            - Clearing game world
23:38:11.762 [JavaFX Application Thread] DEBUG PhysicsWorld         - Clearing physics world
23:38:11.766 [FXGL Background Thread 2 ] DEBUG FXGLApplication      - Initializing game
23:38:11.788 [FXGL Background Thread 2 ] DEBUG FXGLAssetLoaderServi - Loading from file system: file:/D:/Gonvival/game/target/classes/assets/textures/map.png
23:38:11.882 [FXGL Background Thread 2 ] DEBUG FXGLAssetLoaderServi - Loading from file system: file:/D:/Gonvival/game/target/classes/assets/textures/idle_down.png
23:38:11.887 [FXGL Background Thread 2 ] DEBUG FXGLAssetLoaderServi - Loading from file system: file:/D:/Gonvival/game/target/classes/assets/textures/idle_up.png
23:38:11.890 [FXGL Background Thread 2 ] DEBUG FXGLAssetLoaderServi - Loading from file system: file:/D:/Gonvival/game/target/classes/assets/textures/idle_left_down.png
23:38:11.893 [FXGL Background Thread 2 ] DEBUG FXGLAssetLoaderServi - Loading from file system: file:/D:/Gonvival/game/target/classes/assets/textures/idle_left_up.png
23:38:11.897 [FXGL Background Thread 2 ] DEBUG FXGLAssetLoaderServi - Loading from file system: file:/D:/Gonvival/game/target/classes/assets/textures/idle_right_down.png
23:38:11.899 [FXGL Background Thread 2 ] DEBUG FXGLAssetLoaderServi - Loading from file system: file:/D:/Gonvival/game/target/classes/assets/textures/idle_right_up.png
23:38:11.902 [FXGL Background Thread 2 ] DEBUG FXGLAssetLoaderServi - Loading from file system: file:/D:/Gonvival/game/target/classes/assets/textures/walk_left_down.png
23:38:11.903 [FXGL Background Thread 2 ] DEBUG FXGLAssetLoaderServi - Loading from file system: file:/D:/Gonvival/game/target/classes/assets/textures/walk_right_down.png
23:38:11.905 [FXGL Background Thread 2 ] DEBUG FXGLAssetLoaderServi - Loading from file system: file:/D:/Gonvival/game/target/classes/assets/textures/walk_up.png
23:38:11.908 [FXGL Background Thread 2 ] DEBUG FXGLAssetLoaderServi - Loading from file system: file:/D:/Gonvival/game/target/classes/assets/textures/walk_down.png
23:38:11.910 [FXGL Background Thread 2 ] DEBUG FXGLAssetLoaderServi - Loading from file system: file:/D:/Gonvival/game/target/classes/assets/textures/walk_left_up.png
23:38:11.912 [FXGL Background Thread 2 ] DEBUG FXGLAssetLoaderServi - Loading from file system: file:/D:/Gonvival/game/target/classes/assets/textures/walk_right_up.png
23:38:11.921 [FXGL Background Thread 2 ] INFO  FXGLApplication      - Game initialization took: 0.154 sec
23:38:11.921 [JavaFX Application Thread] DEBUG Input                - Clearing active input actions
23:38:11.928 [JavaFX Application Thread] DEBUG GameApplicationServi - Removing overlay from FXGLLoadingScene and adding to GameScene
23:38:11.928 [JavaFX Application Thread] DEBUG PrimaryStageWindow   - FXGLLoadingScene -> GameScene
23:38:11.936 [FXGL Background Thread 3 ] DEBUG Engine               - Logging environment variables
23:38:11.937 [FXGL Background Thread 3 ] DEBUG Engine               - achievements: []
23:38:11.937 [FXGL Background Thread 3 ] DEBUG Engine               - actualHeight: 800.0
23:38:11.937 [FXGL Background Thread 3 ] DEBUG Engine               - actualHeightProperty: ReadOnlyDoubleProperty [value: 800.0]
23:38:11.937 [FXGL Background Thread 3 ] DEBUG Engine               - actualWidth: 800.0
23:38:11.937 [FXGL Background Thread 3 ] DEBUG Engine               - actualWidthProperty: ReadOnlyDoubleProperty [value: 800.0]
23:38:11.937 [FXGL Background Thread 3 ] DEBUG Engine               - appIcon: fxgl_icon.png
23:38:11.937 [FXGL Background Thread 3 ] DEBUG Engine               - applicationMode: DEVELOPER
23:38:11.937 [FXGL Background Thread 3 ] DEBUG Engine               - cSSList: [fxgl_dark.css]
23:38:11.937 [FXGL Background Thread 3 ] DEBUG Engine               - collisionDetectionStrategy: BRUTE_FORCE
23:38:11.937 [FXGL Background Thread 3 ] DEBUG Engine               - configClass: Optional.empty
23:38:11.939 [FXGL Background Thread 3 ] DEBUG Engine               - credits: []
23:38:11.939 [FXGL Background Thread 3 ] DEBUG Engine               - defaultCursor: CursorInfo(imageName=fxgl_default_cursor.png, hotspotX=7.0, hotspotY=6.0)
23:38:11.939 [FXGL Background Thread 3 ] DEBUG Engine               - devBBoxColorProperty: ObjectProperty [value: 0xff0000ff]
23:38:11.939 [FXGL Background Thread 3 ] DEBUG Engine               - devEnableDebugCameraProperty: BooleanProperty [value: false]
23:38:11.939 [FXGL Background Thread 3 ] DEBUG Engine               - devSensorColorProperty: ObjectProperty [value: 0xffff00ff]
23:38:11.939 [FXGL Background Thread 3 ] DEBUG Engine               - devShowBBoxProperty: BooleanProperty [value: false]
23:38:11.940 [FXGL Background Thread 3 ] DEBUG Engine               - devShowPositionProperty: BooleanProperty [value: false]
23:38:11.940 [FXGL Background Thread 3 ] DEBUG Engine               - enabledMenuItems: []
23:38:11.940 [FXGL Background Thread 3 ] DEBUG Engine               - engineServices: [class com.almasb.fxgl.app.services.FXGLAssetLoaderService, class com.almasb.fxgl.app.FXGLApplication$GameApplicationService, class com.almasb.fxgl.app.services.FXGLDialogService, class com.almasb.fxgl.app.services.IOTaskExecutorService, class com.almasb.fxgl.io.FileSystemService, class com.almasb.fxgl.localization.LocalizationService, class com.almasb.fxgl.app.services.SystemBundleService, class com.almasb.fxgl.profile.SaveLoadService, class com.almasb.fxgl.ui.FXGLUIFactoryServiceProvider, class com.almasb.fxgl.ui.FXGLDialogFactoryServiceProvider, class com.almasb.fxgl.audio.AudioPlayer, class com.almasb.fxgl.notification.impl.NotificationServiceProvider, class com.almasb.fxgl.achievement.AchievementService, class com.almasb.fxgl.cutscene.CutsceneService, class com.almasb.fxgl.minigames.MiniGameService, class com.almasb.fxgl.net.NetService, class com.almasb.fxgl.app.services.UpdaterService, class com.almasb.fxgl.dev.DevService]
23:38:11.940 [FXGL Background Thread 3 ] DEBUG Engine               - fontGame: Abel-Regular.ttf
23:38:11.940 [FXGL Background Thread 3 ] DEBUG Engine               - fontMono: TerminalLandMono-Regular.otf
23:38:11.940 [FXGL Background Thread 3 ] DEBUG Engine               - fontSizeScaleUI: 1.0
23:38:11.940 [FXGL Background Thread 3 ] DEBUG Engine               - fontText: Courier-Prime.ttf
23:38:11.940 [FXGL Background Thread 3 ] DEBUG Engine               - fontUI: VarelaRound-Regular.ttf
23:38:11.940 [FXGL Background Thread 3 ] DEBUG Engine               - fullScreen: BooleanProperty [value: false]
23:38:11.940 [FXGL Background Thread 3 ] DEBUG Engine               - gameDifficulty: MEDIUM
23:38:11.940 [FXGL Background Thread 3 ] DEBUG Engine               - gameDifficultyProperty: ObjectProperty [value: MEDIUM]
23:38:11.940 [FXGL Background Thread 3 ] DEBUG Engine               - globalMusicVolume: 0.5
23:38:11.940 [FXGL Background Thread 3 ] DEBUG Engine               - globalMusicVolumeProperty: DoubleProperty [value: 0.5]
23:38:11.940 [FXGL Background Thread 3 ] DEBUG Engine               - globalSoundVolume: 0.5
23:38:11.940 [FXGL Background Thread 3 ] DEBUG Engine               - globalSoundVolumeProperty: DoubleProperty [value: 0.5]
23:38:11.940 [FXGL Background Thread 3 ] DEBUG Engine               - height: 800
23:38:11.940 [FXGL Background Thread 3 ] DEBUG Engine               - is3D: false
23:38:11.940 [FXGL Background Thread 3 ] DEBUG Engine               - isAndroid: false
23:38:11.940 [FXGL Background Thread 3 ] DEBUG Engine               - isBrowser: false
23:38:11.940 [FXGL Background Thread 3 ] DEBUG Engine               - isClickFeedbackEnabled: false
23:38:11.940 [FXGL Background Thread 3 ] DEBUG Engine               - isCloseConfirmation: false
23:38:11.941 [FXGL Background Thread 3 ] DEBUG Engine               - isDesktop: true
23:38:11.941 [FXGL Background Thread 3 ] DEBUG Engine               - isDeveloperMenuEnabled: false
23:38:11.941 [FXGL Background Thread 3 ] DEBUG Engine               - isEmbedded: false
23:38:11.941 [FXGL Background Thread 3 ] DEBUG Engine               - isEntityPreloadEnabled: true
23:38:11.941 [FXGL Background Thread 3 ] DEBUG Engine               - isExperimentalTiledLargeMap: false
23:38:11.941 [FXGL Background Thread 3 ] DEBUG Engine               - isFileSystemWriteAllowed: true
23:38:11.941 [FXGL Background Thread 3 ] DEBUG Engine               - isFullScreenAllowed: false
23:38:11.941 [FXGL Background Thread 3 ] DEBUG Engine               - isFullScreenFromStart: false
23:38:11.941 [FXGL Background Thread 3 ] DEBUG Engine               - isGameMenuEnabled: true
23:38:11.941 [FXGL Background Thread 3 ] DEBUG Engine               - isIOS: false
23:38:11.941 [FXGL Background Thread 3 ] DEBUG Engine               - isIntroEnabled: false
23:38:11.941 [FXGL Background Thread 3 ] DEBUG Engine               - isLinux: false
23:38:11.941 [FXGL Background Thread 3 ] DEBUG Engine               - isMac: false
23:38:11.941 [FXGL Background Thread 3 ] DEBUG Engine               - isMainMenuEnabled: true
23:38:11.941 [FXGL Background Thread 3 ] DEBUG Engine               - isManualResizeEnabled: false
23:38:11.941 [FXGL Background Thread 3 ] DEBUG Engine               - isMobile: false
23:38:11.941 [FXGL Background Thread 3 ] DEBUG Engine               - isNative: false
23:38:11.941 [FXGL Background Thread 3 ] DEBUG Engine               - isPauseMusicWhenMinimized: true
23:38:11.941 [FXGL Background Thread 3 ] DEBUG Engine               - isPreserveResizeRatio: false
23:38:11.941 [FXGL Background Thread 3 ] DEBUG Engine               - isProfilingEnabled: false
23:38:11.941 [FXGL Background Thread 3 ] DEBUG Engine               - isScaleAffectedOnResize: true
23:38:11.941 [FXGL Background Thread 3 ] DEBUG Engine               - isSingleStep: false
23:38:11.941 [FXGL Background Thread 3 ] DEBUG Engine               - isUserProfileEnabled: false
23:38:11.941 [FXGL Background Thread 3 ] DEBUG Engine               - isWindows: true
23:38:11.941 [FXGL Background Thread 3 ] DEBUG Engine               - language: ObjectProperty [value: ENGLISH]
23:38:11.941 [FXGL Background Thread 3 ] DEBUG Engine               - menuKey: ESCAPE
23:38:11.941 [FXGL Background Thread 3 ] DEBUG Engine               - mouseSensitivity: 0.2
23:38:11.942 [FXGL Background Thread 3 ] DEBUG Engine               - notificationViewClass: class com.almasb.fxgl.notification.view.XboxNotificationView
23:38:11.942 [FXGL Background Thread 3 ] DEBUG Engine               - pixelsPerMeter: 50.0
23:38:11.942 [FXGL Background Thread 3 ] DEBUG Engine               - platform: WINDOWS
23:38:11.942 [FXGL Background Thread 3 ] DEBUG Engine               - prefHeightProperty: ReadOnlyDoubleProperty [value: 800.0]
23:38:11.942 [FXGL Background Thread 3 ] DEBUG Engine               - prefWidthProperty: ReadOnlyDoubleProperty [value: 800.0]
23:38:11.942 [FXGL Background Thread 3 ] DEBUG Engine               - profileDir: profiles/
23:38:11.942 [FXGL Background Thread 3 ] DEBUG Engine               - profileName: StringProperty [value: DEFAULT]
23:38:11.942 [FXGL Background Thread 3 ] DEBUG Engine               - randomSeed: -1
23:38:11.942 [FXGL Background Thread 3 ] DEBUG Engine               - runtimeInfo: RuntimeInfo(platform=WINDOWS, version=21.1, build=27.03.2024 07.52)
23:38:11.942 [FXGL Background Thread 3 ] DEBUG Engine               - saveFileExt: sav
23:38:11.942 [FXGL Background Thread 3 ] DEBUG Engine               - scaledHeightProp$fxgl: DoubleProperty [bound, value: 800.0]
23:38:11.942 [FXGL Background Thread 3 ] DEBUG Engine               - scaledWidthProp$fxgl: DoubleProperty [bound, value: 800.0]
23:38:11.943 [FXGL Background Thread 3 ] DEBUG Engine               - sceneFactory: com.almasb.fxgl.app.scene.SceneFactory@7f688f30
23:38:11.943 [FXGL Background Thread 3 ] DEBUG Engine               - secondsIn24h: 60
23:38:11.943 [FXGL Background Thread 3 ] DEBUG Engine               - soundMenuBack: menu/back.wav
23:38:11.943 [FXGL Background Thread 3 ] DEBUG Engine               - soundMenuPress: menu/press.wav
23:38:11.943 [FXGL Background Thread 3 ] DEBUG Engine               - soundMenuSelect: menu/select.wav
23:38:11.943 [FXGL Background Thread 3 ] DEBUG Engine               - soundNotification: core/notification.wav
23:38:11.943 [FXGL Background Thread 3 ] DEBUG Engine               - stageStyle: DECORATED
23:38:11.943 [FXGL Background Thread 3 ] DEBUG Engine               - supportedLanguages: [ENGLISH, FRENCH, GERMAN, HUNGARIAN, RUSSIAN]
23:38:11.943 [FXGL Background Thread 3 ] DEBUG Engine               - ticksPerSecond: -1
23:38:11.943 [FXGL Background Thread 3 ] DEBUG Engine               - title: Gonvival
23:38:11.943 [FXGL Background Thread 3 ] DEBUG Engine               - urlGithub: https://github.com/AlmasB/FXGL
23:38:11.943 [FXGL Background Thread 3 ] DEBUG Engine               - urlLeaderboard: http://fxgl-top.herokuapp.com/
23:38:11.943 [FXGL Background Thread 3 ] DEBUG Engine               - urlPOM: https://raw.githubusercontent.com/AlmasB/FXGL/release/README.md
23:38:11.943 [FXGL Background Thread 3 ] DEBUG Engine               - userAppClass: class com.lab.App
23:38:11.943 [FXGL Background Thread 3 ] DEBUG Engine               - version: beta
23:38:11.943 [FXGL Background Thread 3 ] DEBUG Engine               - versionCheckDays: 7
23:38:11.943 [FXGL Background Thread 3 ] DEBUG Engine               - width: 800
23:38:11.943 [FXGL Background Thread 3 ] DEBUG Engine               - Logging services
23:38:11.943 [FXGL Background Thread 3 ] DEBUG Engine               - class com.almasb.fxgl.app.services.FXGLAssetLoaderService
23:38:11.943 [FXGL Background Thread 3 ] DEBUG Engine               - class com.almasb.fxgl.app.FXGLApplication$GameApplicationService
23:38:11.943 [FXGL Background Thread 3 ] DEBUG Engine               - class com.almasb.fxgl.app.services.FXGLDialogService
23:38:11.943 [FXGL Background Thread 3 ] DEBUG Engine               - class com.almasb.fxgl.app.services.IOTaskExecutorService
23:38:11.943 [FXGL Background Thread 3 ] DEBUG Engine               - class com.almasb.fxgl.io.FileSystemService
23:38:11.944 [FXGL Background Thread 3 ] DEBUG Engine               - class com.almasb.fxgl.localization.LocalizationService
23:38:11.944 [FXGL Background Thread 3 ] DEBUG Engine               - class com.almasb.fxgl.app.services.SystemBundleService
23:38:11.944 [FXGL Background Thread 3 ] DEBUG Engine               - class com.almasb.fxgl.profile.SaveLoadService
23:38:11.944 [FXGL Background Thread 3 ] DEBUG Engine               - class com.almasb.fxgl.ui.FXGLUIFactoryServiceProvider
23:38:11.944 [FXGL Background Thread 3 ] DEBUG Engine               - class com.almasb.fxgl.ui.FXGLDialogFactoryServiceProvider
23:38:11.944 [FXGL Background Thread 3 ] DEBUG Engine               - class com.almasb.fxgl.audio.AudioPlayer
23:38:11.944 [FXGL Background Thread 3 ] DEBUG Engine               - class com.almasb.fxgl.notification.impl.NotificationServiceProvider
23:38:11.944 [FXGL Background Thread 3 ] DEBUG Engine               - class com.almasb.fxgl.achievement.AchievementService
23:38:11.944 [FXGL Background Thread 3 ] DEBUG Engine               - class com.almasb.fxgl.cutscene.CutsceneService
23:38:11.944 [FXGL Background Thread 3 ] DEBUG Engine               - class com.almasb.fxgl.minigames.MiniGameService
23:38:11.944 [FXGL Background Thread 3 ] DEBUG Engine               - class com.almasb.fxgl.net.NetService
23:38:11.944 [FXGL Background Thread 3 ] DEBUG Engine               - class com.almasb.fxgl.app.services.UpdaterService
23:38:11.944 [FXGL Background Thread 3 ] DEBUG Engine               - class com.almasb.fxgl.dev.DevService
23:38:12.073 [JavaFX Application Thread] DEBUG Input                - Registered new binding: SHOOT - LMB
23:38:12.075 [JavaFX Application Thread] DEBUG Input                - Registered new binding: MOVE LEFT - A
23:38:12.075 [JavaFX Application Thread] DEBUG Input                - Registered new binding: MOVE RIGHT - D
23:38:12.076 [JavaFX Application Thread] DEBUG Input                - Registered new binding: MOVE UP - W
23:38:12.076 [JavaFX Application Thread] DEBUG Input                - Registered new binding: MOVE DOWN - S
23:38:13.301 [JavaFX Application Thread] DEBUG FXGLAssetLoaderServi - Loading from file system: file:/D:/Gonvival/game/target/classes/assets/textures/evil.png
23:38:14.660 [JavaFX Application Thread] DEBUG FXGLAssetLoaderServi - Loading from file system: file:/D:/Gonvival/game/target/classes/assets/textures/arrow.png
23:38:18.569 [JavaFX Application Thread] DEBUG PrimaryStageWindow   - Push state: DialogSubScene
23:38:18.569 [JavaFX Application Thread] DEBUG Input                - Clearing active input actions
23:38:18.571 [JavaFX Application Thread] DEBUG GameApplicationServi - Removing overlay from GameScene and adding to DialogSubScene
23:38:18.572 [JavaFX Application Thread] DEBUG PrimaryStageWindow   - GameScene -> DialogSubScene
23:38:20.577 [JavaFX Application Thread] DEBUG PrimaryStageWindow   - Pop state: DialogSubScene
23:38:20.577 [JavaFX Application Thread] DEBUG Input                - Clearing active input actions
23:38:20.579 [JavaFX Application Thread] DEBUG GameApplicationServi - Removing overlay from DialogSubScene and adding to GameScene
23:38:20.579 [JavaFX Application Thread] DEBUG PrimaryStageWindow   - GameScene <- DialogSubScene
23:38:20.579 [JavaFX Application Thread] DEBUG Input                - Clearing active input actions
23:38:20.583 [JavaFX Application Thread] DEBUG GameApplicationServi - Removing overlay from GameScene and adding to FXGLMainMenuDummyScene
23:38:20.583 [JavaFX Application Thread] DEBUG PrimaryStageWindow   - GameScene -> FXGLMainMenuDummyScene
23:38:20.583 [JavaFX Application Thread] DEBUG PrimaryStageWindow   - Push state: FXGLDefaultMenu
23:38:20.584 [JavaFX Application Thread] DEBUG Input                - Clearing active input actions
23:38:20.587 [JavaFX Application Thread] DEBUG GameApplicationServi - Removing overlay from FXGLMainMenuDummyScene and adding to FXGLDefaultMenu
23:38:20.589 [JavaFX Application Thread] DEBUG PrimaryStageWindow   - FXGLMainMenuDummyScene -> FXGLDefaultMenu
23:38:21.796 [JavaFX Application Thread] DEBUG FXGLApplication      - Exiting FXGL
23:38:21.797 [JavaFX Application Thread] DEBUG LoopRunner           - Stopping loop
23:38:21.797 [JavaFX Application Thread] DEBUG SystemBundleService  - Saving FXGL system data
23:38:21.802 [JavaFX Application Thread] DEBUG FileSystemAccess     - Writing to: D:\Gonvival\system\fxgl.bundle
23:38:21.807 [JavaFX Application Thread] DEBUG Async                - Shutting down background threads
23:38:21.807 [JavaFX Application Thread] DEBUG PrimaryStageWindow   - Closing main window
23:38:21.876 [JavaFX Application Thread] DEBUG Logger               - Closing Logger
