23:39:16.169 [main                     ] DEBUG Logger               - Configured Logger
23:39:16.251 [main                     ] DEBUG GameApplication      - Logging settings
Title: Gonvival
Version: beta
Width: 800
Height: 800
Fullscreen: false
Intro: false
Profiling: false
Single step:false
App Mode: DEVELOPER
Menu Key: ESCAPE
Stage Style: DECORATED
Scene Factory: class com.almasb.fxgl.app.scene.SceneFactory

23:39:17.572 [JavaFX Application Thread] DEBUG FXGLApplication      - Initializing FXGL
23:39:17.586 [JavaFX Application Thread] INFO  Engine               - FXGL-21.1 (27.03.2024 07.52) on WINDOWS (J:21.0.5 FX:21.0.1)
23:39:17.593 [JavaFX Application Thread] DEBUG Engine               - JRE Vendor Name: Eclipse Adoptium
23:39:17.593 [JavaFX Application Thread] DEBUG Engine               - Running on OS: Windows 10 version 10.0
23:39:17.593 [JavaFX Application Thread] DEBUG Engine               - Architecture: amd64
23:39:17.594 [JavaFX Application Thread] INFO  Engine               - Source code and latest versions at: https://github.com/AlmasB/FXGL
23:39:17.595 [JavaFX Application Thread] INFO  Engine               -       Ask questions and discuss at: https://github.com/AlmasB/FXGL/discussions
23:39:17.597 [JavaFX Application Thread] INFO  Engine               -              Join the FXGL chat at: https://gitter.im/AlmasB/FXGL
23:39:17.958 [JavaFX Application Thread] DEBUG PrimaryStageWindow   - Creating a JavaFX scene
23:39:17.959 [JavaFX Application Thread] DEBUG PrimaryStageWindow   - Target size > screen size
23:39:18.114 [JavaFX Application Thread] DEBUG PrimaryStageWindow   - Target settings size: 800.0 x 800.0
23:39:18.115 [JavaFX Application Thread] DEBUG PrimaryStageWindow   - Scaled scene size:    703.0 x 728.0
23:39:18.116 [JavaFX Application Thread] DEBUG PrimaryStageWindow   - Scaled ratio: (0.87875, 0.91)
23:39:18.120 [JavaFX Application Thread] DEBUG PrimaryStageWindow   - Set initial scene to FXGLStartupScene
23:39:18.130 [JavaFX Application Thread] DEBUG PrimaryStageWindow   - Opening main window
23:39:18.447 [JavaFX Application Thread] DEBUG PrimaryStageWindow   - Window border size: (16.0, 39.0)
23:39:18.447 [JavaFX Application Thread] DEBUG PrimaryStageWindow   - Scaled size: 703.0 x 728.0
23:39:18.448 [JavaFX Application Thread] DEBUG PrimaryStageWindow   - Scaled ratio: (0.87875, 0.91)
23:39:18.449 [JavaFX Application Thread] DEBUG PrimaryStageWindow   - Scene size: 703.0 x 728.0
23:39:18.450 [JavaFX Application Thread] DEBUG PrimaryStageWindow   - Stage size: 719.0 x 767.0
23:39:18.566 [FXGL Background Thread 1 ] DEBUG Engine               - Initializing environment variables
23:39:18.739 [FXGL Background Thread 1 ] DEBUG FXGLAssetLoaderServi - User app class for loading assets: class com.lab.App
23:39:18.740 [FXGL Background Thread 1 ] DEBUG GameApplicationServi - Applying CSS: fxgl_dark.css
23:39:18.742 [FXGL Background Thread 1 ] DEBUG FXGLAssetLoaderServi - Loading from file system: jar:file:/C:/Users/Khana/.m2/repository/com/github/almasb/fxgl/21.1/fxgl-21.1.jar!/fxglassets/ui/css/fxgl_dark.css
23:39:18.856 [FXGL Background Thread 1 ] DEBUG GameApplicationServi - Initializing application scenes
23:39:19.092 [FXGL Background Thread 1 ] DEBUG GameWorld            - Game world initialized
23:39:19.231 [FXGL Background Thread 1 ] DEBUG PhysicsWorld         - Physics world initialized: appHeight=800, physics.ppm=50.0
23:39:19.232 [FXGL Background Thread 1 ] DEBUG PhysicsWorld         - Using strategy: BRUTE_FORCE
23:39:19.240 [FXGL Background Thread 1 ] DEBUG GameScene            - Game scene initialized: 800x800
23:39:19.266 [FXGL Background Thread 1 ] DEBUG FXGL.DefaultMenu     - createMenuBodyMainMenu()
23:39:19.309 [FXGL Background Thread 1 ] DEBUG FXGL.DefaultMenu     - createOptionsMenu()
23:39:19.335 [FXGL Background Thread 1 ] DEBUG FXGLAssetLoaderServi - Loading from file system: jar:file:/C:/Users/Khana/.m2/repository/com/github/almasb/fxgl/21.1/fxgl-21.1.jar!/fxglassets/textures/particles/smoke.png
23:39:19.544 [FXGL Background Thread 1 ] DEBUG FXGLAssetLoaderServi - Loading from file system: jar:file:/C:/Users/Khana/.m2/repository/com/github/almasb/fxgl/21.1/fxgl-21.1.jar!/fxglassets/textures/particles/trace_horizontal.png
23:39:19.604 [FXGL Background Thread 1 ] DEBUG FXGL.DefaultMenu     - createMenuBodyGameMenu()
23:39:19.606 [FXGL Background Thread 1 ] DEBUG FXGL.DefaultMenu     - createOptionsMenu()
23:39:19.639 [FXGL Background Thread 1 ] DEBUG GameApplicationServi - Application scenes initialized
23:39:19.674 [FXGL Background Thread 1 ] DEBUG SystemBundleService  - Loading FXGL system data
23:39:19.684 [FXGL Background Thread 1 ] DEBUG FileSystemAccess     - Reading from: E:\Labs\Gonvival\system\fxgl.bundle
23:39:19.705 [FXGL Background Thread 1 ] DEBUG SystemBundleService  - Bundle FXGL: {}
23:39:19.705 [FXGL Background Thread 1 ] DEBUG UpdaterService       - Checking for updates
23:39:19.772 [FXGL Background Thread 1 ] DEBUG FXGLApplication      - Loading default localization
23:39:19.773 [FXGL Background Thread 1 ] DEBUG FXGLAssetLoaderServi - Loading from file system: jar:file:/C:/Users/Khana/.m2/repository/com/github/almasb/fxgl/21.1/fxgl-21.1.jar!/fxglassets/languages/english.lang
23:39:19.811 [FXGL Background Thread 1 ] INFO  FXGLApplication      - FXGL initialization took: 1.245 sec
23:39:19.839 [JavaFX Application Thread] DEBUG FXGLAssetLoaderServi - Loading from file system: jar:file:/C:/Users/Khana/.m2/repository/com/github/almasb/fxgl/21.1/fxgl-21.1.jar!/fxglassets/textures/fxgl_icon.png
23:39:19.842 [FXGL Background Thread 4 ] DEBUG FXGLApplication      - Loading fonts
23:39:19.851 [FXGL Background Thread 4 ] DEBUG FXGLAssetLoaderServi - Loading from file system: jar:file:/C:/Users/Khana/.m2/repository/com/github/almasb/fxgl/21.1/fxgl-21.1.jar!/fxglassets/ui/fonts/VarelaRound-Regular.ttf
23:39:19.886 [JavaFX Application Thread] DEBUG FXGLAssetLoaderServi - Loading from file system: jar:file:/C:/Users/Khana/.m2/repository/com/github/almasb/fxgl/21.1/fxgl-21.1.jar!/fxglassets/textures/fxgl_default_cursor.png
23:39:19.919 [JavaFX Application Thread] DEBUG Input                - Registered new binding: Screenshot - CTRL+8
23:39:19.923 [JavaFX Application Thread] DEBUG Input                - Registered new binding: Dev Options - 1
23:39:19.923 [JavaFX Application Thread] DEBUG Input                - Registered new binding: Dev Console - 2
23:39:19.924 [JavaFX Application Thread] DEBUG Input                - Registered new binding: System info dump - CTRL+9
23:39:19.925 [JavaFX Application Thread] DEBUG Input                - Registered new binding: Restart - CTRL+R
23:39:19.927 [JavaFX Application Thread] DEBUG Input                - Registered new binding: Toggle Debug Camera - CTRL+7
23:39:19.936 [JavaFX Application Thread] DEBUG LoopRunner           - Starting loop
23:39:19.981 [JavaFX Application Thread] DEBUG LoopRunner           - Initializing JavaFX AnimationTimerLoop
23:39:19.986 [JavaFX Application Thread] DEBUG Input                - Clearing active input actions
23:39:20.000 [JavaFX Application Thread] DEBUG GameApplicationServi - Removing overlay from FXGLStartupScene and adding to FXGLMainMenuDummyScene
23:39:20.055 [JavaFX Application Thread] DEBUG PrimaryStageWindow   - FXGLStartupScene -> FXGLMainMenuDummyScene
23:39:20.055 [JavaFX Application Thread] DEBUG PrimaryStageWindow   - Push state: FXGLDefaultMenu
23:39:20.077 [JavaFX Application Thread] DEBUG Input                - Clearing active input actions
23:39:20.103 [JavaFX Application Thread] DEBUG GameApplicationServi - Removing overlay from FXGLMainMenuDummyScene and adding to FXGLDefaultMenu
23:39:20.104 [JavaFX Application Thread] DEBUG PrimaryStageWindow   - FXGLMainMenuDummyScene -> FXGLDefaultMenu
23:39:20.124 [FXGL Background Thread 4 ] DEBUG FXGLAssetLoaderServi - Loading from file system: jar:file:/C:/Users/Khana/.m2/repository/com/github/almasb/fxgl/21.1/fxgl-21.1.jar!/fxglassets/ui/fonts/Abel-Regular.ttf
23:39:20.134 [FXGL Background Thread 4 ] DEBUG FXGLAssetLoaderServi - Loading from file system: jar:file:/C:/Users/Khana/.m2/repository/com/github/almasb/fxgl/21.1/fxgl-21.1.jar!/fxglassets/ui/fonts/TerminalLandMono-Regular.otf
23:39:20.181 [FXGL Background Thread 4 ] DEBUG FXGLAssetLoaderServi - Loading from file system: jar:file:/C:/Users/Khana/.m2/repository/com/github/almasb/fxgl/21.1/fxgl-21.1.jar!/fxglassets/ui/fonts/Courier-Prime.ttf
23:39:20.648 [JavaFX Application Thread] DEBUG FXGLApplication      - Registering font factories with UI factory
23:39:22.771 [FXGL Background Thread 3 ] DEBUG Engine               - Logging environment variables
23:39:22.773 [FXGL Background Thread 3 ] DEBUG Engine               - achievements: []
23:39:22.776 [FXGL Background Thread 3 ] DEBUG Engine               - actualHeight: 728.0
23:39:22.777 [FXGL Background Thread 3 ] DEBUG Engine               - actualHeightProperty: ReadOnlyDoubleProperty [value: 728.0]
23:39:22.778 [FXGL Background Thread 3 ] DEBUG Engine               - actualWidth: 703.0
23:39:22.778 [FXGL Background Thread 3 ] DEBUG Engine               - actualWidthProperty: ReadOnlyDoubleProperty [value: 703.0]
23:39:22.778 [FXGL Background Thread 3 ] DEBUG Engine               - appIcon: fxgl_icon.png
23:39:22.778 [FXGL Background Thread 3 ] DEBUG Engine               - applicationMode: DEVELOPER
23:39:22.778 [FXGL Background Thread 3 ] DEBUG Engine               - cSSList: [fxgl_dark.css]
23:39:22.778 [FXGL Background Thread 3 ] DEBUG Engine               - collisionDetectionStrategy: BRUTE_FORCE
23:39:22.778 [FXGL Background Thread 3 ] DEBUG Engine               - configClass: Optional.empty
23:39:22.779 [FXGL Background Thread 3 ] DEBUG Engine               - credits: []
23:39:22.779 [FXGL Background Thread 3 ] DEBUG Engine               - defaultCursor: CursorInfo(imageName=fxgl_default_cursor.png, hotspotX=7.0, hotspotY=6.0)
23:39:22.781 [FXGL Background Thread 3 ] DEBUG Engine               - devBBoxColorProperty: ObjectProperty [value: 0xff0000ff]
23:39:22.782 [FXGL Background Thread 3 ] DEBUG Engine               - devEnableDebugCameraProperty: BooleanProperty [value: false]
23:39:22.785 [FXGL Background Thread 3 ] DEBUG Engine               - devSensorColorProperty: ObjectProperty [value: 0xffff00ff]
23:39:22.786 [FXGL Background Thread 3 ] DEBUG Engine               - devShowBBoxProperty: BooleanProperty [value: false]
23:39:22.787 [FXGL Background Thread 3 ] DEBUG Engine               - devShowPositionProperty: BooleanProperty [value: false]
23:39:22.813 [FXGL Background Thread 3 ] DEBUG Engine               - enabledMenuItems: []
23:39:22.820 [FXGL Background Thread 3 ] DEBUG Engine               - engineServices: [class com.almasb.fxgl.app.services.FXGLAssetLoaderService, class com.almasb.fxgl.app.FXGLApplication$GameApplicationService, class com.almasb.fxgl.app.services.FXGLDialogService, class com.almasb.fxgl.app.services.IOTaskExecutorService, class com.almasb.fxgl.io.FileSystemService, class com.almasb.fxgl.localization.LocalizationService, class com.almasb.fxgl.app.services.SystemBundleService, class com.almasb.fxgl.profile.SaveLoadService, class com.almasb.fxgl.ui.FXGLUIFactoryServiceProvider, class com.almasb.fxgl.ui.FXGLDialogFactoryServiceProvider, class com.almasb.fxgl.audio.AudioPlayer, class com.almasb.fxgl.notification.impl.NotificationServiceProvider, class com.almasb.fxgl.achievement.AchievementService, class com.almasb.fxgl.cutscene.CutsceneService, class com.almasb.fxgl.minigames.MiniGameService, class com.almasb.fxgl.net.NetService, class com.almasb.fxgl.app.services.UpdaterService, class com.almasb.fxgl.dev.DevService]
23:39:22.821 [FXGL Background Thread 3 ] DEBUG Engine               - fontGame: Abel-Regular.ttf
23:39:22.825 [FXGL Background Thread 3 ] DEBUG Engine               - fontMono: TerminalLandMono-Regular.otf
23:39:22.825 [FXGL Background Thread 3 ] DEBUG Engine               - fontSizeScaleUI: 1.0
23:39:22.826 [FXGL Background Thread 3 ] DEBUG Engine               - fontText: Courier-Prime.ttf
23:39:22.826 [FXGL Background Thread 3 ] DEBUG Engine               - fontUI: VarelaRound-Regular.ttf
23:39:22.828 [FXGL Background Thread 3 ] DEBUG Engine               - fullScreen: BooleanProperty [value: false]
23:39:22.854 [FXGL Background Thread 3 ] DEBUG Engine               - gameDifficulty: MEDIUM
23:39:22.854 [FXGL Background Thread 3 ] DEBUG Engine               - gameDifficultyProperty: ObjectProperty [value: MEDIUM]
23:39:22.854 [FXGL Background Thread 3 ] DEBUG Engine               - globalMusicVolume: 0.5
23:39:22.855 [FXGL Background Thread 3 ] DEBUG Engine               - globalMusicVolumeProperty: DoubleProperty [value: 0.5]
23:39:22.855 [FXGL Background Thread 3 ] DEBUG Engine               - globalSoundVolume: 0.5
23:39:22.855 [FXGL Background Thread 3 ] DEBUG Engine               - globalSoundVolumeProperty: DoubleProperty [value: 0.5]
23:39:22.855 [FXGL Background Thread 3 ] DEBUG Engine               - height: 800
23:39:22.855 [FXGL Background Thread 3 ] DEBUG Engine               - is3D: false
23:39:22.856 [FXGL Background Thread 3 ] DEBUG Engine               - isAndroid: false
23:39:22.857 [FXGL Background Thread 3 ] DEBUG Engine               - isBrowser: false
23:39:22.858 [FXGL Background Thread 3 ] DEBUG Engine               - isClickFeedbackEnabled: false
23:39:22.858 [FXGL Background Thread 3 ] DEBUG Engine               - isCloseConfirmation: false
23:39:22.858 [FXGL Background Thread 3 ] DEBUG Engine               - isDesktop: true
23:39:22.859 [FXGL Background Thread 3 ] DEBUG Engine               - isDeveloperMenuEnabled: true
23:39:22.863 [FXGL Background Thread 3 ] DEBUG Engine               - isEmbedded: false
23:39:22.864 [FXGL Background Thread 3 ] DEBUG Engine               - isEntityPreloadEnabled: true
23:39:22.866 [FXGL Background Thread 3 ] DEBUG Engine               - isExperimentalTiledLargeMap: false
23:39:22.867 [FXGL Background Thread 3 ] DEBUG Engine               - isFileSystemWriteAllowed: true
23:39:22.868 [FXGL Background Thread 3 ] DEBUG Engine               - isFullScreenAllowed: false
23:39:22.868 [FXGL Background Thread 3 ] DEBUG Engine               - isFullScreenFromStart: false
23:39:22.868 [FXGL Background Thread 3 ] DEBUG Engine               - isGameMenuEnabled: true
23:39:22.868 [FXGL Background Thread 3 ] DEBUG Engine               - isIOS: false
23:39:22.869 [FXGL Background Thread 3 ] DEBUG Engine               - isIntroEnabled: false
23:39:22.869 [FXGL Background Thread 3 ] DEBUG Engine               - isLinux: false
23:39:22.869 [FXGL Background Thread 3 ] DEBUG Engine               - isMac: false
23:39:22.869 [FXGL Background Thread 3 ] DEBUG Engine               - isMainMenuEnabled: true
23:39:22.869 [FXGL Background Thread 3 ] DEBUG Engine               - isManualResizeEnabled: false
23:39:22.871 [FXGL Background Thread 3 ] DEBUG Engine               - isMobile: false
23:39:22.871 [FXGL Background Thread 3 ] DEBUG Engine               - isNative: false
23:39:22.871 [FXGL Background Thread 3 ] DEBUG Engine               - isPauseMusicWhenMinimized: true
23:39:22.871 [FXGL Background Thread 3 ] DEBUG Engine               - isPreserveResizeRatio: false
23:39:22.871 [FXGL Background Thread 3 ] DEBUG Engine               - isProfilingEnabled: false
23:39:22.871 [FXGL Background Thread 3 ] DEBUG Engine               - isScaleAffectedOnResize: true
23:39:22.871 [FXGL Background Thread 3 ] DEBUG Engine               - isSingleStep: false
23:39:22.872 [FXGL Background Thread 3 ] DEBUG Engine               - isUserProfileEnabled: false
23:39:22.872 [FXGL Background Thread 3 ] DEBUG Engine               - isWindows: true
23:39:22.872 [FXGL Background Thread 3 ] DEBUG Engine               - language: ObjectProperty [value: ENGLISH]
23:39:22.872 [FXGL Background Thread 3 ] DEBUG Engine               - menuKey: ESCAPE
23:39:22.872 [FXGL Background Thread 3 ] DEBUG Engine               - mouseSensitivity: 0.2
23:39:22.872 [FXGL Background Thread 3 ] DEBUG Engine               - notificationViewClass: class com.almasb.fxgl.notification.view.XboxNotificationView
23:39:22.872 [FXGL Background Thread 3 ] DEBUG Engine               - pixelsPerMeter: 50.0
23:39:22.872 [FXGL Background Thread 3 ] DEBUG Engine               - platform: WINDOWS
23:39:22.872 [FXGL Background Thread 3 ] DEBUG Engine               - prefHeightProperty: ReadOnlyDoubleProperty [value: 800.0]
23:39:22.872 [FXGL Background Thread 3 ] DEBUG Engine               - prefWidthProperty: ReadOnlyDoubleProperty [value: 800.0]
23:39:22.873 [FXGL Background Thread 3 ] DEBUG Engine               - profileDir: profiles/
23:39:22.873 [FXGL Background Thread 3 ] DEBUG Engine               - profileName: StringProperty [value: DEFAULT]
23:39:22.873 [FXGL Background Thread 3 ] DEBUG Engine               - randomSeed: -1
23:39:22.873 [FXGL Background Thread 3 ] DEBUG Engine               - runtimeInfo: RuntimeInfo(platform=WINDOWS, version=21.1, build=27.03.2024 07.52)
23:39:22.874 [FXGL Background Thread 3 ] DEBUG Engine               - saveFileExt: sav
23:39:22.874 [FXGL Background Thread 3 ] DEBUG Engine               - scaledHeightProp$fxgl: DoubleProperty [bound, value: 728.0]
23:39:22.874 [FXGL Background Thread 3 ] DEBUG Engine               - scaledWidthProp$fxgl: DoubleProperty [bound, value: 703.0]
23:39:22.874 [FXGL Background Thread 3 ] DEBUG Engine               - sceneFactory: com.almasb.fxgl.app.scene.SceneFactory@409ab2ec
23:39:22.874 [FXGL Background Thread 3 ] DEBUG Engine               - secondsIn24h: 60
23:39:22.874 [FXGL Background Thread 3 ] DEBUG Engine               - soundMenuBack: menu/back.wav
23:39:22.875 [FXGL Background Thread 3 ] DEBUG Engine               - soundMenuPress: menu/press.wav
23:39:22.875 [FXGL Background Thread 3 ] DEBUG Engine               - soundMenuSelect: menu/select.wav
23:39:22.875 [FXGL Background Thread 3 ] DEBUG Engine               - soundNotification: core/notification.wav
23:39:22.875 [FXGL Background Thread 3 ] DEBUG Engine               - stageStyle: DECORATED
23:39:22.875 [FXGL Background Thread 3 ] DEBUG Engine               - supportedLanguages: [ENGLISH, FRENCH, GERMAN, HUNGARIAN, RUSSIAN]
23:39:22.875 [FXGL Background Thread 3 ] DEBUG Engine               - ticksPerSecond: -1
23:39:22.875 [FXGL Background Thread 3 ] DEBUG Engine               - title: Gonvival
23:39:22.875 [FXGL Background Thread 3 ] DEBUG Engine               - urlGithub: https://github.com/AlmasB/FXGL
23:39:22.876 [FXGL Background Thread 3 ] DEBUG Engine               - urlLeaderboard: http://fxgl-top.herokuapp.com/
23:39:22.876 [FXGL Background Thread 3 ] DEBUG Engine               - urlPOM: https://raw.githubusercontent.com/AlmasB/FXGL/release/README.md
23:39:22.876 [FXGL Background Thread 3 ] DEBUG Engine               - userAppClass: class com.lab.App
23:39:22.876 [FXGL Background Thread 3 ] DEBUG Engine               - version: beta
23:39:22.876 [FXGL Background Thread 3 ] DEBUG Engine               - versionCheckDays: 7
23:39:22.876 [FXGL Background Thread 3 ] DEBUG Engine               - width: 800
23:39:22.876 [FXGL Background Thread 3 ] DEBUG Engine               - Logging services
23:39:22.876 [FXGL Background Thread 3 ] DEBUG Engine               - class com.almasb.fxgl.app.services.FXGLAssetLoaderService
23:39:22.876 [FXGL Background Thread 3 ] DEBUG Engine               - class com.almasb.fxgl.app.FXGLApplication$GameApplicationService
23:39:22.877 [FXGL Background Thread 3 ] DEBUG Engine               - class com.almasb.fxgl.app.services.FXGLDialogService
23:39:22.877 [FXGL Background Thread 3 ] DEBUG Engine               - class com.almasb.fxgl.app.services.IOTaskExecutorService
23:39:22.877 [FXGL Background Thread 3 ] DEBUG Engine               - class com.almasb.fxgl.io.FileSystemService
23:39:22.877 [FXGL Background Thread 3 ] DEBUG Engine               - class com.almasb.fxgl.localization.LocalizationService
23:39:22.877 [FXGL Background Thread 3 ] DEBUG Engine               - class com.almasb.fxgl.app.services.SystemBundleService
23:39:22.877 [FXGL Background Thread 3 ] DEBUG Engine               - class com.almasb.fxgl.profile.SaveLoadService
23:39:22.877 [FXGL Background Thread 3 ] DEBUG Engine               - class com.almasb.fxgl.ui.FXGLUIFactoryServiceProvider
23:39:22.877 [FXGL Background Thread 3 ] DEBUG Engine               - class com.almasb.fxgl.ui.FXGLDialogFactoryServiceProvider
23:39:22.877 [FXGL Background Thread 3 ] DEBUG Engine               - class com.almasb.fxgl.audio.AudioPlayer
23:39:22.877 [FXGL Background Thread 3 ] DEBUG Engine               - class com.almasb.fxgl.notification.impl.NotificationServiceProvider
23:39:22.877 [FXGL Background Thread 3 ] DEBUG Engine               - class com.almasb.fxgl.achievement.AchievementService
23:39:22.878 [FXGL Background Thread 3 ] DEBUG Engine               - class com.almasb.fxgl.cutscene.CutsceneService
23:39:22.878 [FXGL Background Thread 3 ] DEBUG Engine               - class com.almasb.fxgl.minigames.MiniGameService
23:39:22.878 [FXGL Background Thread 3 ] DEBUG Engine               - class com.almasb.fxgl.net.NetService
23:39:22.878 [FXGL Background Thread 3 ] DEBUG Engine               - class com.almasb.fxgl.app.services.UpdaterService
23:39:22.878 [FXGL Background Thread 3 ] DEBUG Engine               - class com.almasb.fxgl.dev.DevService
23:39:42.436 [JavaFX Application Thread] DEBUG Menu                 - fireNewGame()
23:39:42.437 [JavaFX Application Thread] DEBUG GameApplicationServi - Starting new game
23:39:42.444 [JavaFX Application Thread] DEBUG PrimaryStageWindow   - Pop state: FXGLDefaultMenu
23:39:42.444 [JavaFX Application Thread] DEBUG Input                - Clearing active input actions
23:39:42.447 [JavaFX Application Thread] DEBUG GameApplicationServi - Removing overlay from FXGLDefaultMenu and adding to FXGLMainMenuDummyScene
23:39:42.452 [JavaFX Application Thread] DEBUG PrimaryStageWindow   - FXGLMainMenuDummyScene <- FXGLDefaultMenu
23:39:42.453 [JavaFX Application Thread] DEBUG Input                - Clearing active input actions
23:39:42.481 [JavaFX Application Thread] DEBUG GameApplicationServi - Removing overlay from FXGLMainMenuDummyScene and adding to FXGLLoadingScene
23:39:42.481 [JavaFX Application Thread] DEBUG PrimaryStageWindow   - FXGLMainMenuDummyScene -> FXGLLoadingScene
23:39:42.482 [JavaFX Application Thread] DEBUG GameApplicationServi - Clearing previous game
23:39:42.482 [JavaFX Application Thread] DEBUG GameScene            - Clearing game scene
23:39:42.482 [JavaFX Application Thread] DEBUG GameWorld            - Clearing game world
23:39:42.482 [JavaFX Application Thread] DEBUG PhysicsWorld         - Clearing physics world
23:39:42.485 [FXGL Background Thread 2 ] DEBUG FXGLApplication      - Initializing game
23:39:42.501 [FXGL Background Thread 2 ] DEBUG FXGLAssetLoaderServi - Loading from file system: file:/E:/Labs/Gonvival/game/target/classes/assets/textures/map.png
23:39:42.711 [FXGL Background Thread 2 ] DEBUG FXGLAssetLoaderServi - Loading from file system: file:/E:/Labs/Gonvival/game/target/classes/assets/textures/idle_down.png
23:39:42.722 [FXGL Background Thread 2 ] DEBUG FXGLAssetLoaderServi - Loading from file system: file:/E:/Labs/Gonvival/game/target/classes/assets/textures/idle_up.png
23:39:42.725 [FXGL Background Thread 2 ] DEBUG FXGLAssetLoaderServi - Loading from file system: file:/E:/Labs/Gonvival/game/target/classes/assets/textures/idle_left_down.png
23:39:42.733 [FXGL Background Thread 2 ] DEBUG FXGLAssetLoaderServi - Loading from file system: file:/E:/Labs/Gonvival/game/target/classes/assets/textures/idle_left_up.png
23:39:42.737 [FXGL Background Thread 2 ] DEBUG FXGLAssetLoaderServi - Loading from file system: file:/E:/Labs/Gonvival/game/target/classes/assets/textures/idle_right_down.png
23:39:42.741 [FXGL Background Thread 2 ] DEBUG FXGLAssetLoaderServi - Loading from file system: file:/E:/Labs/Gonvival/game/target/classes/assets/textures/idle_right_up.png
23:39:42.749 [FXGL Background Thread 2 ] DEBUG FXGLAssetLoaderServi - Loading from file system: file:/E:/Labs/Gonvival/game/target/classes/assets/textures/walk_left_down.png
23:39:42.753 [FXGL Background Thread 2 ] DEBUG FXGLAssetLoaderServi - Loading from file system: file:/E:/Labs/Gonvival/game/target/classes/assets/textures/walk_right_down.png
23:39:42.756 [FXGL Background Thread 2 ] DEBUG FXGLAssetLoaderServi - Loading from file system: file:/E:/Labs/Gonvival/game/target/classes/assets/textures/walk_up.png
23:39:42.766 [FXGL Background Thread 2 ] DEBUG FXGLAssetLoaderServi - Loading from file system: file:/E:/Labs/Gonvival/game/target/classes/assets/textures/walk_down.png
23:39:42.770 [FXGL Background Thread 2 ] DEBUG FXGLAssetLoaderServi - Loading from file system: file:/E:/Labs/Gonvival/game/target/classes/assets/textures/walk_left_up.png
23:39:42.774 [FXGL Background Thread 2 ] DEBUG FXGLAssetLoaderServi - Loading from file system: file:/E:/Labs/Gonvival/game/target/classes/assets/textures/walk_right_up.png
23:39:42.797 [FXGL Background Thread 2 ] INFO  FXGLApplication      - Game initialization took: 0.311 sec
23:39:43.185 [JavaFX Application Thread] DEBUG Input                - Clearing active input actions
23:39:43.202 [JavaFX Application Thread] DEBUG GameApplicationServi - Removing overlay from FXGLLoadingScene and adding to GameScene
23:39:43.212 [JavaFX Application Thread] DEBUG PrimaryStageWindow   - FXGLLoadingScene -> GameScene
23:39:43.385 [JavaFX Application Thread] DEBUG Input                - Registered new binding: SHOOT - LMB
23:39:43.387 [JavaFX Application Thread] DEBUG Input                - Registered new binding: MOVE LEFT - A
23:39:43.387 [JavaFX Application Thread] DEBUG Input                - Registered new binding: MOVE RIGHT - D
23:39:43.388 [JavaFX Application Thread] DEBUG Input                - Registered new binding: MOVE UP - W
23:39:43.388 [JavaFX Application Thread] DEBUG Input                - Registered new binding: MOVE DOWN - S
23:39:44.010 [JavaFX Application Thread] DEBUG FXGLAssetLoaderServi - Loading from file system: file:/E:/Labs/Gonvival/game/target/classes/assets/textures/arrow.png
23:39:44.040 [JavaFX Application Thread] DEBUG FXGLAssetLoaderServi - Loading from file system: file:/E:/Labs/Gonvival/game/target/classes/assets/textures/evil.png
23:39:47.084 [JavaFX Application Thread] DEBUG PrimaryStageWindow   - Push state: DialogSubScene
23:39:47.085 [JavaFX Application Thread] DEBUG Input                - Clearing active input actions
23:39:47.086 [JavaFX Application Thread] DEBUG GameApplicationServi - Removing overlay from GameScene and adding to DialogSubScene
23:39:47.093 [JavaFX Application Thread] DEBUG PrimaryStageWindow   - GameScene -> DialogSubScene
23:39:48.104 [JavaFX Application Thread] DEBUG PrimaryStageWindow   - Pop state: DialogSubScene
23:39:48.104 [JavaFX Application Thread] DEBUG Input                - Clearing active input actions
23:39:48.105 [JavaFX Application Thread] DEBUG GameApplicationServi - Removing overlay from DialogSubScene and adding to GameScene
23:39:48.107 [JavaFX Application Thread] DEBUG PrimaryStageWindow   - GameScene <- DialogSubScene
23:39:54.455 [JavaFX Application Thread] DEBUG PrimaryStageWindow   - Push state: DialogSubScene
23:39:54.455 [JavaFX Application Thread] DEBUG Input                - Clearing active input actions
23:39:54.456 [JavaFX Application Thread] DEBUG GameApplicationServi - Removing overlay from GameScene and adding to DialogSubScene
23:39:54.459 [JavaFX Application Thread] DEBUG PrimaryStageWindow   - GameScene -> DialogSubScene
23:39:55.472 [JavaFX Application Thread] DEBUG PrimaryStageWindow   - Pop state: DialogSubScene
23:39:55.472 [JavaFX Application Thread] DEBUG Input                - Clearing active input actions
23:39:55.473 [JavaFX Application Thread] DEBUG GameApplicationServi - Removing overlay from DialogSubScene and adding to GameScene
23:39:55.475 [JavaFX Application Thread] DEBUG PrimaryStageWindow   - GameScene <- DialogSubScene
23:40:09.319 [JavaFX Application Thread] DEBUG PrimaryStageWindow   - Push state: DialogSubScene
23:40:09.319 [JavaFX Application Thread] DEBUG Input                - Clearing active input actions
23:40:09.320 [JavaFX Application Thread] DEBUG GameApplicationServi - Removing overlay from GameScene and adding to DialogSubScene
23:40:09.322 [JavaFX Application Thread] DEBUG PrimaryStageWindow   - GameScene -> DialogSubScene
23:40:10.272 [JavaFX Application Thread] DEBUG PrimaryStageWindow   - Pop state: DialogSubScene
23:40:10.272 [JavaFX Application Thread] DEBUG Input                - Clearing active input actions
23:40:10.273 [JavaFX Application Thread] DEBUG GameApplicationServi - Removing overlay from DialogSubScene and adding to GameScene
23:40:10.274 [JavaFX Application Thread] DEBUG PrimaryStageWindow   - GameScene <- DialogSubScene
23:40:30.409 [JavaFX Application Thread] DEBUG PrimaryStageWindow   - Push state: DialogSubScene
23:40:30.410 [JavaFX Application Thread] DEBUG Input                - Clearing active input actions
23:40:30.411 [JavaFX Application Thread] DEBUG GameApplicationServi - Removing overlay from GameScene and adding to DialogSubScene
23:40:30.412 [JavaFX Application Thread] DEBUG PrimaryStageWindow   - GameScene -> DialogSubScene
23:40:31.912 [JavaFX Application Thread] DEBUG PrimaryStageWindow   - Pop state: DialogSubScene
23:40:31.912 [JavaFX Application Thread] DEBUG Input                - Clearing active input actions
23:40:31.913 [JavaFX Application Thread] DEBUG GameApplicationServi - Removing overlay from DialogSubScene and adding to GameScene
23:40:31.914 [JavaFX Application Thread] DEBUG PrimaryStageWindow   - GameScene <- DialogSubScene
23:40:49.355 [JavaFX Application Thread] DEBUG PrimaryStageWindow   - Push state: DialogSubScene
23:40:49.355 [JavaFX Application Thread] DEBUG Input                - Clearing active input actions
23:40:49.355 [JavaFX Application Thread] DEBUG GameApplicationServi - Removing overlay from GameScene and adding to DialogSubScene
23:40:49.356 [JavaFX Application Thread] DEBUG PrimaryStageWindow   - GameScene -> DialogSubScene
23:40:51.039 [JavaFX Application Thread] DEBUG PrimaryStageWindow   - Pop state: DialogSubScene
23:40:51.039 [JavaFX Application Thread] DEBUG Input                - Clearing active input actions
23:40:51.040 [JavaFX Application Thread] DEBUG GameApplicationServi - Removing overlay from DialogSubScene and adding to GameScene
23:40:51.041 [JavaFX Application Thread] DEBUG PrimaryStageWindow   - GameScene <- DialogSubScene
23:40:51.041 [JavaFX Application Thread] DEBUG Input                - Clearing active input actions
23:40:51.050 [JavaFX Application Thread] DEBUG GameApplicationServi - Removing overlay from GameScene and adding to FXGLMainMenuDummyScene
23:40:51.051 [JavaFX Application Thread] DEBUG PrimaryStageWindow   - GameScene -> FXGLMainMenuDummyScene
23:40:51.051 [JavaFX Application Thread] DEBUG PrimaryStageWindow   - Push state: FXGLDefaultMenu
23:40:51.051 [JavaFX Application Thread] DEBUG Input                - Clearing active input actions
23:40:51.055 [JavaFX Application Thread] DEBUG GameApplicationServi - Removing overlay from FXGLMainMenuDummyScene and adding to FXGLDefaultMenu
23:40:51.067 [JavaFX Application Thread] DEBUG PrimaryStageWindow   - FXGLMainMenuDummyScene -> FXGLDefaultMenu
23:40:53.056 [JavaFX Application Thread] DEBUG FXGLApplication      - Exiting FXGL
23:40:53.056 [JavaFX Application Thread] DEBUG LoopRunner           - Stopping loop
23:40:53.056 [JavaFX Application Thread] DEBUG SystemBundleService  - Saving FXGL system data
23:40:53.317 [JavaFX Application Thread] DEBUG FileSystemAccess     - Writing to: E:\Labs\Gonvival\system\fxgl.bundle
23:40:53.346 [JavaFX Application Thread] DEBUG Async                - Shutting down background threads
23:40:53.346 [JavaFX Application Thread] DEBUG PrimaryStageWindow   - Closing main window
23:40:53.358 [JavaFX Application Thread] DEBUG Logger               - Closing Logger
