23:34:08.257 [main                     ] DEBUG Logger               - Configured Logger
23:34:08.278 [main                     ] DEBUG GameApplication      - Logging settings
Title: Gonvival
Version: beta
Width: 800
Height: 800
Fullscreen: false
Intro: false
Profiling: false
Single step:false
App Mode: DEVELOPER
Menu Key: ESCAPE
Stage Style: DECORATED
Scene Factory: class com.almasb.fxgl.app.scene.SceneFactory

23:34:09.156 [JavaFX Application Thread] DEBUG FXGLApplication      - Initializing FXGL
23:34:09.159 [JavaFX Application Thread] INFO  Engine               - FXGL-21.1 (27.03.2024 07.52) on WINDOWS (J:21.0.5 FX:21.0.1)
23:34:09.160 [JavaFX Application Thread] DEBUG Engine               - JRE Vendor Name: Eclipse Adoptium
23:34:09.160 [JavaFX Application Thread] DEBUG Engine               - Running on OS: Windows 11 version 10.0
23:34:09.160 [JavaFX Application Thread] DEBUG Engine               - Architecture: amd64
23:34:09.160 [JavaFX Application Thread] INFO  Engine               - Source code and latest versions at: https://github.com/AlmasB/FXGL
23:34:09.161 [JavaFX Application Thread] INFO  Engine               -       Ask questions and discuss at: https://github.com/AlmasB/FXGL/discussions
23:34:09.161 [JavaFX Application Thread] INFO  Engine               -              Join the FXGL chat at: https://gitter.im/AlmasB/FXGL
23:34:09.258 [JavaFX Application Thread] DEBUG PrimaryStageWindow   - Creating a JavaFX scene
23:34:09.303 [JavaFX Application Thread] DEBUG PrimaryStageWindow   - Target settings size: 800.0 x 800.0
23:34:09.304 [JavaFX Application Thread] DEBUG PrimaryStageWindow   - Scaled scene size:    800.0 x 800.0
23:34:09.304 [JavaFX Application Thread] DEBUG PrimaryStageWindow   - Scaled ratio: (1.0, 1.0)
23:34:09.305 [JavaFX Application Thread] DEBUG PrimaryStageWindow   - Set initial scene to FXGLStartupScene
23:34:09.308 [JavaFX Application Thread] DEBUG PrimaryStageWindow   - Opening main window
23:34:09.441 [JavaFX Application Thread] DEBUG PrimaryStageWindow   - Window border size: (16.0, 39.0)
23:34:09.441 [JavaFX Application Thread] DEBUG PrimaryStageWindow   - Scaled size: 800.0 x 800.0
23:34:09.443 [JavaFX Application Thread] DEBUG PrimaryStageWindow   - Scaled ratio: (1.0, 1.0)
23:34:09.443 [JavaFX Application Thread] DEBUG PrimaryStageWindow   - Scene size: 800.0 x 800.0
23:34:09.444 [JavaFX Application Thread] DEBUG PrimaryStageWindow   - Stage size: 816.0 x 839.0
23:34:09.465 [FXGL Background Thread 1 ] DEBUG Engine               - Initializing environment variables
23:34:09.645 [FXGL Background Thread 1 ] DEBUG FXGLAssetLoaderServi - User app class for loading assets: class com.lab.App
23:34:09.646 [FXGL Background Thread 1 ] DEBUG GameApplicationServi - Applying CSS: fxgl_dark.css
23:34:09.647 [FXGL Background Thread 1 ] DEBUG FXGLAssetLoaderServi - Loading from file system: jar:file:/C:/Users/HP/.m2/repository/com/github/almasb/fxgl/21.1/fxgl-21.1.jar!/fxglassets/ui/css/fxgl_dark.css
23:34:09.707 [FXGL Background Thread 1 ] DEBUG GameApplicationServi - Initializing application scenes
23:34:09.845 [FXGL Background Thread 1 ] DEBUG GameWorld            - Game world initialized
23:34:09.958 [FXGL Background Thread 1 ] DEBUG PhysicsWorld         - Physics world initialized: appHeight=800, physics.ppm=50.0
23:34:09.958 [FXGL Background Thread 1 ] DEBUG PhysicsWorld         - Using strategy: BRUTE_FORCE
23:34:09.964 [FXGL Background Thread 1 ] DEBUG GameScene            - Game scene initialized: 800x800
23:34:09.981 [FXGL Background Thread 1 ] DEBUG FXGL.DefaultMenu     - createMenuBodyMainMenu()
23:34:10.001 [FXGL Background Thread 1 ] DEBUG FXGL.DefaultMenu     - createOptionsMenu()
23:34:10.025 [FXGL Background Thread 1 ] DEBUG FXGLAssetLoaderServi - Loading from file system: jar:file:/C:/Users/HP/.m2/repository/com/github/almasb/fxgl/21.1/fxgl-21.1.jar!/fxglassets/textures/particles/smoke.png
23:34:10.248 [FXGL Background Thread 1 ] DEBUG FXGLAssetLoaderServi - Loading from file system: jar:file:/C:/Users/HP/.m2/repository/com/github/almasb/fxgl/21.1/fxgl-21.1.jar!/fxglassets/textures/particles/trace_horizontal.png
23:34:10.270 [FXGL Background Thread 1 ] DEBUG FXGL.DefaultMenu     - createMenuBodyGameMenu()
23:34:10.271 [FXGL Background Thread 1 ] DEBUG FXGL.DefaultMenu     - createOptionsMenu()
23:34:10.283 [FXGL Background Thread 1 ] DEBUG GameApplicationServi - Application scenes initialized
23:34:10.297 [FXGL Background Thread 1 ] DEBUG SystemBundleService  - Loading FXGL system data
23:34:10.302 [FXGL Background Thread 1 ] DEBUG FileSystemAccess     - Reading from: D:\newGon\Gonvival\system\fxgl.bundle
23:34:10.314 [FXGL Background Thread 1 ] DEBUG SystemBundleService  - Bundle FXGL: {}
23:34:10.314 [FXGL Background Thread 1 ] DEBUG UpdaterService       - Checking for updates
23:34:10.351 [FXGL Background Thread 4 ] DEBUG FXGLApplication      - Loading fonts
23:34:10.353 [FXGL Background Thread 4 ] DEBUG FXGLAssetLoaderServi - Loading from file system: jar:file:/C:/Users/HP/.m2/repository/com/github/almasb/fxgl/21.1/fxgl-21.1.jar!/fxglassets/ui/fonts/VarelaRound-Regular.ttf
23:34:10.354 [FXGL Background Thread 1 ] DEBUG FXGLApplication      - Loading default localization
23:34:10.354 [FXGL Background Thread 1 ] DEBUG FXGLAssetLoaderServi - Loading from file system: jar:file:/C:/Users/HP/.m2/repository/com/github/almasb/fxgl/21.1/fxgl-21.1.jar!/fxglassets/languages/english.lang
23:34:10.405 [FXGL Background Thread 4 ] DEBUG FXGLAssetLoaderServi - Loading from file system: jar:file:/C:/Users/HP/.m2/repository/com/github/almasb/fxgl/21.1/fxgl-21.1.jar!/fxglassets/ui/fonts/Abel-Regular.ttf
23:34:10.409 [FXGL Background Thread 4 ] DEBUG FXGLAssetLoaderServi - Loading from file system: jar:file:/C:/Users/HP/.m2/repository/com/github/almasb/fxgl/21.1/fxgl-21.1.jar!/fxglassets/ui/fonts/TerminalLandMono-Regular.otf
23:34:10.413 [FXGL Background Thread 1 ] INFO  FXGLApplication      - FXGL initialization took: 0.948 sec
23:34:10.414 [JavaFX Application Thread] DEBUG FXGLAssetLoaderServi - Loading from file system: jar:file:/C:/Users/HP/.m2/repository/com/github/almasb/fxgl/21.1/fxgl-21.1.jar!/fxglassets/textures/fxgl_icon.png
23:34:10.415 [FXGL Background Thread 4 ] DEBUG FXGLAssetLoaderServi - Loading from file system: jar:file:/C:/Users/HP/.m2/repository/com/github/almasb/fxgl/21.1/fxgl-21.1.jar!/fxglassets/ui/fonts/Courier-Prime.ttf
23:34:10.440 [JavaFX Application Thread] DEBUG FXGLAssetLoaderServi - Loading from file system: jar:file:/C:/Users/HP/.m2/repository/com/github/almasb/fxgl/21.1/fxgl-21.1.jar!/fxglassets/textures/fxgl_default_cursor.png
23:34:10.453 [JavaFX Application Thread] DEBUG Input                - Registered new binding: Screenshot - CTRL+8
23:34:10.454 [JavaFX Application Thread] DEBUG Input                - Registered new binding: Dev Options - 1
23:34:10.454 [JavaFX Application Thread] DEBUG Input                - Registered new binding: Dev Console - 2
23:34:10.455 [JavaFX Application Thread] DEBUG Input                - Registered new binding: System info dump - CTRL+9
23:34:10.455 [JavaFX Application Thread] DEBUG Input                - Registered new binding: Restart - CTRL+R
23:34:10.456 [JavaFX Application Thread] DEBUG Input                - Registered new binding: Toggle Debug Camera - CTRL+7
23:34:10.459 [JavaFX Application Thread] DEBUG LoopRunner           - Starting loop
23:34:10.479 [JavaFX Application Thread] DEBUG LoopRunner           - Initializing JavaFX AnimationTimerLoop
23:34:10.483 [JavaFX Application Thread] DEBUG Input                - Clearing active input actions
23:34:10.488 [JavaFX Application Thread] DEBUG GameApplicationServi - Removing overlay from FXGLStartupScene and adding to FXGLMainMenuDummyScene
23:34:10.496 [JavaFX Application Thread] DEBUG PrimaryStageWindow   - FXGLStartupScene -> FXGLMainMenuDummyScene
23:34:10.496 [JavaFX Application Thread] DEBUG PrimaryStageWindow   - Push state: FXGLDefaultMenu
23:34:10.506 [JavaFX Application Thread] DEBUG Input                - Clearing active input actions
23:34:10.514 [JavaFX Application Thread] DEBUG GameApplicationServi - Removing overlay from FXGLMainMenuDummyScene and adding to FXGLDefaultMenu
23:34:10.515 [JavaFX Application Thread] DEBUG PrimaryStageWindow   - FXGLMainMenuDummyScene -> FXGLDefaultMenu
23:34:10.529 [JavaFX Application Thread] DEBUG FXGLApplication      - Registering font factories with UI factory
23:34:11.381 [JavaFX Application Thread] DEBUG Menu                 - fireNewGame()
23:34:11.382 [JavaFX Application Thread] DEBUG GameApplicationServi - Starting new game
23:34:11.386 [JavaFX Application Thread] DEBUG PrimaryStageWindow   - Pop state: FXGLDefaultMenu
23:34:11.386 [JavaFX Application Thread] DEBUG Input                - Clearing active input actions
23:34:11.388 [JavaFX Application Thread] DEBUG GameApplicationServi - Removing overlay from FXGLDefaultMenu and adding to FXGLMainMenuDummyScene
23:34:11.389 [JavaFX Application Thread] DEBUG PrimaryStageWindow   - FXGLMainMenuDummyScene <- FXGLDefaultMenu
23:34:11.389 [JavaFX Application Thread] DEBUG Input                - Clearing active input actions
23:34:11.398 [JavaFX Application Thread] DEBUG GameApplicationServi - Removing overlay from FXGLMainMenuDummyScene and adding to FXGLLoadingScene
23:34:11.399 [JavaFX Application Thread] DEBUG PrimaryStageWindow   - FXGLMainMenuDummyScene -> FXGLLoadingScene
23:34:11.400 [JavaFX Application Thread] DEBUG GameApplicationServi - Clearing previous game
23:34:11.400 [JavaFX Application Thread] DEBUG GameScene            - Clearing game scene
23:34:11.400 [JavaFX Application Thread] DEBUG GameWorld            - Clearing game world
23:34:11.400 [JavaFX Application Thread] DEBUG PhysicsWorld         - Clearing physics world
23:34:11.403 [FXGL Background Thread 2 ] DEBUG FXGLApplication      - Initializing game
23:34:11.417 [FXGL Background Thread 2 ] DEBUG FXGLAssetLoaderServi - Loading from file system: file:/D:/newGon/Gonvival/game/target/classes/assets/textures/map.png
23:34:11.488 [FXGL Background Thread 2 ] DEBUG FXGLAssetLoaderServi - Loading from file system: file:/D:/newGon/Gonvival/game/target/classes/assets/textures/idle_down.png
23:34:11.492 [FXGL Background Thread 2 ] DEBUG FXGLAssetLoaderServi - Loading from file system: file:/D:/newGon/Gonvival/game/target/classes/assets/textures/idle_up.png
23:34:11.495 [FXGL Background Thread 2 ] DEBUG FXGLAssetLoaderServi - Loading from file system: file:/D:/newGon/Gonvival/game/target/classes/assets/textures/idle_left_down.png
23:34:11.497 [FXGL Background Thread 2 ] DEBUG FXGLAssetLoaderServi - Loading from file system: file:/D:/newGon/Gonvival/game/target/classes/assets/textures/idle_left_up.png
23:34:11.500 [FXGL Background Thread 2 ] DEBUG FXGLAssetLoaderServi - Loading from file system: file:/D:/newGon/Gonvival/game/target/classes/assets/textures/idle_right_down.png
23:34:11.503 [FXGL Background Thread 2 ] DEBUG FXGLAssetLoaderServi - Loading from file system: file:/D:/newGon/Gonvival/game/target/classes/assets/textures/idle_right_up.png
23:34:11.505 [FXGL Background Thread 2 ] DEBUG FXGLAssetLoaderServi - Loading from file system: file:/D:/newGon/Gonvival/game/target/classes/assets/textures/walk_left_down.png
23:34:11.507 [FXGL Background Thread 2 ] DEBUG FXGLAssetLoaderServi - Loading from file system: file:/D:/newGon/Gonvival/game/target/classes/assets/textures/walk_right_down.png
23:34:11.509 [FXGL Background Thread 2 ] DEBUG FXGLAssetLoaderServi - Loading from file system: file:/D:/newGon/Gonvival/game/target/classes/assets/textures/walk_up.png
23:34:11.511 [FXGL Background Thread 2 ] DEBUG FXGLAssetLoaderServi - Loading from file system: file:/D:/newGon/Gonvival/game/target/classes/assets/textures/walk_down.png
23:34:11.513 [FXGL Background Thread 2 ] DEBUG FXGLAssetLoaderServi - Loading from file system: file:/D:/newGon/Gonvival/game/target/classes/assets/textures/walk_left_up.png
23:34:11.514 [FXGL Background Thread 2 ] DEBUG FXGLAssetLoaderServi - Loading from file system: file:/D:/newGon/Gonvival/game/target/classes/assets/textures/walk_right_up.png
23:34:11.527 [FXGL Background Thread 2 ] INFO  FXGLApplication      - Game initialization took: 0.124 sec
23:34:11.528 [JavaFX Application Thread] DEBUG Input                - Clearing active input actions
23:34:11.533 [JavaFX Application Thread] DEBUG GameApplicationServi - Removing overlay from FXGLLoadingScene and adding to GameScene
23:34:11.536 [JavaFX Application Thread] DEBUG PrimaryStageWindow   - FXGLLoadingScene -> GameScene
23:34:11.646 [JavaFX Application Thread] DEBUG Input                - Registered new binding: SHOOT - LMB
23:34:11.646 [JavaFX Application Thread] DEBUG Input                - Registered new binding: MOVE LEFT - A
23:34:11.647 [JavaFX Application Thread] DEBUG Input                - Registered new binding: MOVE RIGHT - D
23:34:11.647 [JavaFX Application Thread] DEBUG Input                - Registered new binding: MOVE UP - W
23:34:11.647 [JavaFX Application Thread] DEBUG Input                - Registered new binding: MOVE DOWN - S
23:34:12.384 [JavaFX Application Thread] DEBUG FXGLAssetLoaderServi - Loading from file system: file:/D:/newGon/Gonvival/game/target/classes/assets/textures/evil.png
23:34:12.912 [JavaFX Application Thread] DEBUG FXGLAssetLoaderServi - Loading from file system: file:/D:/newGon/Gonvival/game/target/classes/assets/textures/arrow.png
23:34:12.933 [JavaFX Application Thread] DEBUG PrimaryStageWindow   - Push state: DialogSubScene
23:34:12.934 [JavaFX Application Thread] DEBUG Input                - Clearing active input actions
23:34:12.934 [JavaFX Application Thread] DEBUG LoopRunner           - Resuming loop
23:34:12.936 [JavaFX Application Thread] DEBUG GameApplicationServi - Removing overlay from GameScene and adding to DialogSubScene
23:34:12.940 [JavaFX Application Thread] DEBUG PrimaryStageWindow   - GameScene -> DialogSubScene
23:34:13.349 [FXGL Background Thread 3 ] DEBUG Engine               - Logging environment variables
23:34:13.350 [FXGL Background Thread 3 ] DEBUG Engine               - achievements: []
23:34:13.350 [FXGL Background Thread 3 ] DEBUG Engine               - actualHeight: 800.0
23:34:13.350 [FXGL Background Thread 3 ] DEBUG Engine               - actualHeightProperty: ReadOnlyDoubleProperty [value: 800.0]
23:34:13.350 [FXGL Background Thread 3 ] DEBUG Engine               - actualWidth: 800.0
23:34:13.350 [FXGL Background Thread 3 ] DEBUG Engine               - actualWidthProperty: ReadOnlyDoubleProperty [value: 800.0]
23:34:13.351 [FXGL Background Thread 3 ] DEBUG Engine               - appIcon: fxgl_icon.png
23:34:13.351 [FXGL Background Thread 3 ] DEBUG Engine               - applicationMode: DEVELOPER
23:34:13.351 [FXGL Background Thread 3 ] DEBUG Engine               - cSSList: [fxgl_dark.css]
23:34:13.351 [FXGL Background Thread 3 ] DEBUG Engine               - collisionDetectionStrategy: BRUTE_FORCE
23:34:13.351 [FXGL Background Thread 3 ] DEBUG Engine               - configClass: Optional.empty
23:34:13.351 [FXGL Background Thread 3 ] DEBUG Engine               - credits: []
23:34:13.351 [FXGL Background Thread 3 ] DEBUG Engine               - defaultCursor: CursorInfo(imageName=fxgl_default_cursor.png, hotspotX=7.0, hotspotY=6.0)
23:34:13.351 [FXGL Background Thread 3 ] DEBUG Engine               - devBBoxColorProperty: ObjectProperty [value: 0xff0000ff]
23:34:13.352 [FXGL Background Thread 3 ] DEBUG Engine               - devEnableDebugCameraProperty: BooleanProperty [value: false]
23:34:13.352 [FXGL Background Thread 3 ] DEBUG Engine               - devSensorColorProperty: ObjectProperty [value: 0xffff00ff]
23:34:13.352 [FXGL Background Thread 3 ] DEBUG Engine               - devShowBBoxProperty: BooleanProperty [value: false]
23:34:13.352 [FXGL Background Thread 3 ] DEBUG Engine               - devShowPositionProperty: BooleanProperty [value: false]
23:34:13.352 [FXGL Background Thread 3 ] DEBUG Engine               - enabledMenuItems: []
23:34:13.352 [FXGL Background Thread 3 ] DEBUG Engine               - engineServices: [class com.almasb.fxgl.app.services.FXGLAssetLoaderService, class com.almasb.fxgl.app.FXGLApplication$GameApplicationService, class com.almasb.fxgl.app.services.FXGLDialogService, class com.almasb.fxgl.app.services.IOTaskExecutorService, class com.almasb.fxgl.io.FileSystemService, class com.almasb.fxgl.localization.LocalizationService, class com.almasb.fxgl.app.services.SystemBundleService, class com.almasb.fxgl.profile.SaveLoadService, class com.almasb.fxgl.ui.FXGLUIFactoryServiceProvider, class com.almasb.fxgl.ui.FXGLDialogFactoryServiceProvider, class com.almasb.fxgl.audio.AudioPlayer, class com.almasb.fxgl.notification.impl.NotificationServiceProvider, class com.almasb.fxgl.achievement.AchievementService, class com.almasb.fxgl.cutscene.CutsceneService, class com.almasb.fxgl.minigames.MiniGameService, class com.almasb.fxgl.net.NetService, class com.almasb.fxgl.app.services.UpdaterService, class com.almasb.fxgl.dev.DevService]
23:34:13.352 [FXGL Background Thread 3 ] DEBUG Engine               - fontGame: Abel-Regular.ttf
23:34:13.352 [FXGL Background Thread 3 ] DEBUG Engine               - fontMono: TerminalLandMono-Regular.otf
23:34:13.353 [FXGL Background Thread 3 ] DEBUG Engine               - fontSizeScaleUI: 1.0
23:34:13.353 [FXGL Background Thread 3 ] DEBUG Engine               - fontText: Courier-Prime.ttf
23:34:13.353 [FXGL Background Thread 3 ] DEBUG Engine               - fontUI: VarelaRound-Regular.ttf
23:34:13.354 [FXGL Background Thread 3 ] DEBUG Engine               - fullScreen: BooleanProperty [value: false]
23:34:13.354 [FXGL Background Thread 3 ] DEBUG Engine               - gameDifficulty: MEDIUM
23:34:13.354 [FXGL Background Thread 3 ] DEBUG Engine               - gameDifficultyProperty: ObjectProperty [value: MEDIUM]
23:34:13.354 [FXGL Background Thread 3 ] DEBUG Engine               - globalMusicVolume: 0.5
23:34:13.354 [FXGL Background Thread 3 ] DEBUG Engine               - globalMusicVolumeProperty: DoubleProperty [value: 0.5]
23:34:13.354 [FXGL Background Thread 3 ] DEBUG Engine               - globalSoundVolume: 0.5
23:34:13.354 [FXGL Background Thread 3 ] DEBUG Engine               - globalSoundVolumeProperty: DoubleProperty [value: 0.5]
23:34:13.354 [FXGL Background Thread 3 ] DEBUG Engine               - height: 800
23:34:13.355 [FXGL Background Thread 3 ] DEBUG Engine               - is3D: false
23:34:13.355 [FXGL Background Thread 3 ] DEBUG Engine               - isAndroid: false
23:34:13.355 [FXGL Background Thread 3 ] DEBUG Engine               - isBrowser: false
23:34:13.355 [FXGL Background Thread 3 ] DEBUG Engine               - isClickFeedbackEnabled: false
23:34:13.355 [FXGL Background Thread 3 ] DEBUG Engine               - isCloseConfirmation: false
23:34:13.355 [FXGL Background Thread 3 ] DEBUG Engine               - isDesktop: true
23:34:13.355 [FXGL Background Thread 3 ] DEBUG Engine               - isDeveloperMenuEnabled: true
23:34:13.355 [FXGL Background Thread 3 ] DEBUG Engine               - isEmbedded: false
23:34:13.355 [FXGL Background Thread 3 ] DEBUG Engine               - isEntityPreloadEnabled: true
23:34:13.356 [FXGL Background Thread 3 ] DEBUG Engine               - isExperimentalTiledLargeMap: false
23:34:13.356 [FXGL Background Thread 3 ] DEBUG Engine               - isFileSystemWriteAllowed: true
23:34:13.356 [FXGL Background Thread 3 ] DEBUG Engine               - isFullScreenAllowed: false
23:34:13.356 [FXGL Background Thread 3 ] DEBUG Engine               - isFullScreenFromStart: false
23:34:13.356 [FXGL Background Thread 3 ] DEBUG Engine               - isGameMenuEnabled: true
23:34:13.356 [FXGL Background Thread 3 ] DEBUG Engine               - isIOS: false
23:34:13.356 [FXGL Background Thread 3 ] DEBUG Engine               - isIntroEnabled: false
23:34:13.356 [FXGL Background Thread 3 ] DEBUG Engine               - isLinux: false
23:34:13.356 [FXGL Background Thread 3 ] DEBUG Engine               - isMac: false
23:34:13.356 [FXGL Background Thread 3 ] DEBUG Engine               - isMainMenuEnabled: true
23:34:13.356 [FXGL Background Thread 3 ] DEBUG Engine               - isManualResizeEnabled: false
23:34:13.357 [FXGL Background Thread 3 ] DEBUG Engine               - isMobile: false
23:34:13.357 [FXGL Background Thread 3 ] DEBUG Engine               - isNative: false
23:34:13.357 [FXGL Background Thread 3 ] DEBUG Engine               - isPauseMusicWhenMinimized: true
23:34:13.357 [FXGL Background Thread 3 ] DEBUG Engine               - isPreserveResizeRatio: false
23:34:13.357 [FXGL Background Thread 3 ] DEBUG Engine               - isProfilingEnabled: false
23:34:13.357 [FXGL Background Thread 3 ] DEBUG Engine               - isScaleAffectedOnResize: true
23:34:13.357 [FXGL Background Thread 3 ] DEBUG Engine               - isSingleStep: false
23:34:13.357 [FXGL Background Thread 3 ] DEBUG Engine               - isUserProfileEnabled: false
23:34:13.357 [FXGL Background Thread 3 ] DEBUG Engine               - isWindows: true
23:34:13.357 [FXGL Background Thread 3 ] DEBUG Engine               - language: ObjectProperty [value: ENGLISH]
23:34:13.357 [FXGL Background Thread 3 ] DEBUG Engine               - menuKey: ESCAPE
23:34:13.357 [FXGL Background Thread 3 ] DEBUG Engine               - mouseSensitivity: 0.2
23:34:13.358 [FXGL Background Thread 3 ] DEBUG Engine               - notificationViewClass: class com.almasb.fxgl.notification.view.XboxNotificationView
23:34:13.358 [FXGL Background Thread 3 ] DEBUG Engine               - pixelsPerMeter: 50.0
23:34:13.358 [FXGL Background Thread 3 ] DEBUG Engine               - platform: WINDOWS
23:34:13.358 [FXGL Background Thread 3 ] DEBUG Engine               - prefHeightProperty: ReadOnlyDoubleProperty [value: 800.0]
23:34:13.358 [FXGL Background Thread 3 ] DEBUG Engine               - prefWidthProperty: ReadOnlyDoubleProperty [value: 800.0]
23:34:13.358 [FXGL Background Thread 3 ] DEBUG Engine               - profileDir: profiles/
23:34:13.358 [FXGL Background Thread 3 ] DEBUG Engine               - profileName: StringProperty [value: DEFAULT]
23:34:13.358 [FXGL Background Thread 3 ] DEBUG Engine               - randomSeed: -1
23:34:13.359 [FXGL Background Thread 3 ] DEBUG Engine               - runtimeInfo: RuntimeInfo(platform=WINDOWS, version=21.1, build=27.03.2024 07.52)
23:34:13.359 [FXGL Background Thread 3 ] DEBUG Engine               - saveFileExt: sav
23:34:13.359 [FXGL Background Thread 3 ] DEBUG Engine               - scaledHeightProp$fxgl: DoubleProperty [bound, value: 800.0]
23:34:13.360 [FXGL Background Thread 3 ] DEBUG Engine               - scaledWidthProp$fxgl: DoubleProperty [bound, value: 800.0]
23:34:13.360 [FXGL Background Thread 3 ] DEBUG Engine               - sceneFactory: com.almasb.fxgl.app.scene.SceneFactory@1449ff38
23:34:13.360 [FXGL Background Thread 3 ] DEBUG Engine               - secondsIn24h: 60
23:34:13.360 [FXGL Background Thread 3 ] DEBUG Engine               - soundMenuBack: menu/back.wav
23:34:13.360 [FXGL Background Thread 3 ] DEBUG Engine               - soundMenuPress: menu/press.wav
23:34:13.360 [FXGL Background Thread 3 ] DEBUG Engine               - soundMenuSelect: menu/select.wav
23:34:13.360 [FXGL Background Thread 3 ] DEBUG Engine               - soundNotification: core/notification.wav
23:34:13.360 [FXGL Background Thread 3 ] DEBUG Engine               - stageStyle: DECORATED
23:34:13.361 [FXGL Background Thread 3 ] DEBUG Engine               - supportedLanguages: [ENGLISH, FRENCH, GERMAN, HUNGARIAN, RUSSIAN]
23:34:13.361 [FXGL Background Thread 3 ] DEBUG Engine               - ticksPerSecond: -1
23:34:13.361 [FXGL Background Thread 3 ] DEBUG Engine               - title: Gonvival
23:34:13.361 [FXGL Background Thread 3 ] DEBUG Engine               - urlGithub: https://github.com/AlmasB/FXGL
23:34:13.361 [FXGL Background Thread 3 ] DEBUG Engine               - urlLeaderboard: http://fxgl-top.herokuapp.com/
23:34:13.361 [FXGL Background Thread 3 ] DEBUG Engine               - urlPOM: https://raw.githubusercontent.com/AlmasB/FXGL/release/README.md
23:34:13.361 [FXGL Background Thread 3 ] DEBUG Engine               - userAppClass: class com.lab.App
23:34:13.361 [FXGL Background Thread 3 ] DEBUG Engine               - version: beta
23:34:13.361 [FXGL Background Thread 3 ] DEBUG Engine               - versionCheckDays: 7
23:34:13.361 [FXGL Background Thread 3 ] DEBUG Engine               - width: 800
23:34:13.361 [FXGL Background Thread 3 ] DEBUG Engine               - Logging services
23:34:13.362 [FXGL Background Thread 3 ] DEBUG Engine               - class com.almasb.fxgl.app.services.FXGLAssetLoaderService
23:34:13.362 [FXGL Background Thread 3 ] DEBUG Engine               - class com.almasb.fxgl.app.FXGLApplication$GameApplicationService
23:34:13.362 [FXGL Background Thread 3 ] DEBUG Engine               - class com.almasb.fxgl.app.services.FXGLDialogService
23:34:13.362 [FXGL Background Thread 3 ] DEBUG Engine               - class com.almasb.fxgl.app.services.IOTaskExecutorService
23:34:13.362 [FXGL Background Thread 3 ] DEBUG Engine               - class com.almasb.fxgl.io.FileSystemService
23:34:13.362 [FXGL Background Thread 3 ] DEBUG Engine               - class com.almasb.fxgl.localization.LocalizationService
23:34:13.363 [FXGL Background Thread 3 ] DEBUG Engine               - class com.almasb.fxgl.app.services.SystemBundleService
23:34:13.363 [FXGL Background Thread 3 ] DEBUG Engine               - class com.almasb.fxgl.profile.SaveLoadService
23:34:13.363 [FXGL Background Thread 3 ] DEBUG Engine               - class com.almasb.fxgl.ui.FXGLUIFactoryServiceProvider
23:34:13.363 [FXGL Background Thread 3 ] DEBUG Engine               - class com.almasb.fxgl.ui.FXGLDialogFactoryServiceProvider
23:34:13.363 [FXGL Background Thread 3 ] DEBUG Engine               - class com.almasb.fxgl.audio.AudioPlayer
23:34:13.363 [FXGL Background Thread 3 ] DEBUG Engine               - class com.almasb.fxgl.notification.impl.NotificationServiceProvider
23:34:13.363 [FXGL Background Thread 3 ] DEBUG Engine               - class com.almasb.fxgl.achievement.AchievementService
23:34:13.363 [FXGL Background Thread 3 ] DEBUG Engine               - class com.almasb.fxgl.cutscene.CutsceneService
23:34:13.363 [FXGL Background Thread 3 ] DEBUG Engine               - class com.almasb.fxgl.minigames.MiniGameService
23:34:13.363 [FXGL Background Thread 3 ] DEBUG Engine               - class com.almasb.fxgl.net.NetService
23:34:13.363 [FXGL Background Thread 3 ] DEBUG Engine               - class com.almasb.fxgl.app.services.UpdaterService
23:34:13.363 [FXGL Background Thread 3 ] DEBUG Engine               - class com.almasb.fxgl.dev.DevService
23:34:13.795 [JavaFX Application Thread] DEBUG PrimaryStageWindow   - Pop state: DialogSubScene
23:34:13.795 [JavaFX Application Thread] DEBUG Input                - Clearing active input actions
23:34:13.796 [JavaFX Application Thread] DEBUG GameApplicationServi - Removing overlay from DialogSubScene and adding to GameScene
23:34:13.798 [JavaFX Application Thread] DEBUG PrimaryStageWindow   - GameScene <- DialogSubScene
23:34:14.049 [JavaFX Application Thread] DEBUG LoopRunner           - Resuming loop
23:34:14.195 [JavaFX Application Thread] DEBUG LoopRunner           - Resuming loop
23:34:14.394 [JavaFX Application Thread] DEBUG LoopRunner           - Resuming loop
23:34:14.538 [JavaFX Application Thread] DEBUG LoopRunner           - Resuming loop
23:34:14.706 [JavaFX Application Thread] DEBUG LoopRunner           - Resuming loop
23:34:14.914 [JavaFX Application Thread] DEBUG LoopRunner           - Resuming loop
23:34:15.095 [JavaFX Application Thread] DEBUG LoopRunner           - Resuming loop
23:34:15.251 [JavaFX Application Thread] DEBUG LoopRunner           - Resuming loop
23:34:15.402 [JavaFX Application Thread] DEBUG LoopRunner           - Resuming loop
23:34:15.562 [JavaFX Application Thread] DEBUG LoopRunner           - Resuming loop
23:34:15.705 [JavaFX Application Thread] DEBUG LoopRunner           - Resuming loop
23:34:15.860 [JavaFX Application Thread] DEBUG LoopRunner           - Resuming loop
23:34:16.017 [JavaFX Application Thread] DEBUG LoopRunner           - Resuming loop
23:34:16.163 [JavaFX Application Thread] DEBUG LoopRunner           - Resuming loop
23:34:16.315 [JavaFX Application Thread] DEBUG LoopRunner           - Resuming loop
23:34:16.491 [JavaFX Application Thread] DEBUG LoopRunner           - Resuming loop
23:34:16.645 [JavaFX Application Thread] DEBUG LoopRunner           - Resuming loop
23:34:16.810 [JavaFX Application Thread] DEBUG LoopRunner           - Resuming loop
23:34:16.994 [JavaFX Application Thread] DEBUG LoopRunner           - Resuming loop
23:34:17.163 [JavaFX Application Thread] DEBUG LoopRunner           - Resuming loop
23:34:17.363 [JavaFX Application Thread] DEBUG LoopRunner           - Resuming loop
23:34:17.547 [JavaFX Application Thread] DEBUG LoopRunner           - Resuming loop
23:34:17.764 [JavaFX Application Thread] DEBUG LoopRunner           - Resuming loop
23:34:17.969 [JavaFX Application Thread] DEBUG LoopRunner           - Resuming loop
23:34:18.169 [JavaFX Application Thread] DEBUG LoopRunner           - Resuming loop
23:34:18.394 [JavaFX Application Thread] DEBUG LoopRunner           - Resuming loop
23:34:18.684 [JavaFX Application Thread] DEBUG LoopRunner           - Resuming loop
23:34:18.866 [JavaFX Application Thread] DEBUG LoopRunner           - Resuming loop
23:34:19.042 [JavaFX Application Thread] DEBUG LoopRunner           - Resuming loop
23:34:19.234 [JavaFX Application Thread] DEBUG LoopRunner           - Resuming loop
23:34:19.434 [JavaFX Application Thread] DEBUG LoopRunner           - Resuming loop
23:34:19.603 [JavaFX Application Thread] DEBUG LoopRunner           - Resuming loop
23:34:19.738 [JavaFX Application Thread] DEBUG LoopRunner           - Resuming loop
23:34:19.890 [JavaFX Application Thread] DEBUG LoopRunner           - Resuming loop
23:34:20.029 [JavaFX Application Thread] DEBUG LoopRunner           - Resuming loop
23:34:20.213 [JavaFX Application Thread] DEBUG LoopRunner           - Resuming loop
23:34:20.394 [JavaFX Application Thread] DEBUG LoopRunner           - Resuming loop
23:34:20.578 [JavaFX Application Thread] DEBUG LoopRunner           - Resuming loop
23:34:20.801 [JavaFX Application Thread] DEBUG LoopRunner           - Resuming loop
23:34:21.029 [JavaFX Application Thread] DEBUG LoopRunner           - Resuming loop
23:34:21.228 [JavaFX Application Thread] DEBUG LoopRunner           - Resuming loop
23:34:21.411 [JavaFX Application Thread] DEBUG LoopRunner           - Resuming loop
23:34:21.601 [JavaFX Application Thread] DEBUG LoopRunner           - Resuming loop
23:34:21.778 [JavaFX Application Thread] DEBUG LoopRunner           - Resuming loop
23:34:22.043 [JavaFX Application Thread] DEBUG LoopRunner           - Resuming loop
23:34:22.388 [JavaFX Application Thread] DEBUG LoopRunner           - Resuming loop
23:34:22.567 [JavaFX Application Thread] DEBUG LoopRunner           - Resuming loop
23:34:22.745 [JavaFX Application Thread] DEBUG LoopRunner           - Resuming loop
23:34:23.161 [JavaFX Application Thread] DEBUG LoopRunner           - Resuming loop
23:34:23.330 [JavaFX Application Thread] DEBUG LoopRunner           - Resuming loop
23:34:23.514 [JavaFX Application Thread] DEBUG LoopRunner           - Resuming loop
23:34:23.682 [JavaFX Application Thread] DEBUG LoopRunner           - Resuming loop
23:34:23.851 [JavaFX Application Thread] DEBUG LoopRunner           - Resuming loop
23:34:24.036 [JavaFX Application Thread] DEBUG LoopRunner           - Resuming loop
23:34:24.227 [JavaFX Application Thread] DEBUG LoopRunner           - Resuming loop
23:34:24.441 [JavaFX Application Thread] DEBUG LoopRunner           - Resuming loop
23:34:24.651 [JavaFX Application Thread] DEBUG LoopRunner           - Resuming loop
23:34:24.842 [JavaFX Application Thread] DEBUG LoopRunner           - Resuming loop
23:34:25.019 [JavaFX Application Thread] DEBUG LoopRunner           - Resuming loop
23:34:25.211 [JavaFX Application Thread] DEBUG LoopRunner           - Resuming loop
23:34:25.396 [JavaFX Application Thread] DEBUG LoopRunner           - Resuming loop
23:34:25.603 [JavaFX Application Thread] DEBUG LoopRunner           - Resuming loop
23:34:25.798 [JavaFX Application Thread] DEBUG LoopRunner           - Resuming loop
23:34:26.012 [JavaFX Application Thread] DEBUG LoopRunner           - Resuming loop
23:34:26.227 [JavaFX Application Thread] DEBUG LoopRunner           - Resuming loop
23:34:26.450 [JavaFX Application Thread] DEBUG LoopRunner           - Resuming loop
23:34:26.642 [JavaFX Application Thread] DEBUG PrimaryStageWindow   - Push state: DialogSubScene
23:34:26.643 [JavaFX Application Thread] DEBUG Input                - Clearing active input actions
23:34:26.643 [JavaFX Application Thread] DEBUG LoopRunner           - Resuming loop
23:34:26.644 [JavaFX Application Thread] DEBUG GameApplicationServi - Removing overlay from GameScene and adding to DialogSubScene
23:34:26.647 [JavaFX Application Thread] DEBUG PrimaryStageWindow   - GameScene -> DialogSubScene
23:34:27.602 [JavaFX Application Thread] DEBUG PrimaryStageWindow   - Pop state: DialogSubScene
23:34:27.602 [JavaFX Application Thread] DEBUG Input                - Clearing active input actions
23:34:27.603 [JavaFX Application Thread] DEBUG GameApplicationServi - Removing overlay from DialogSubScene and adding to GameScene
23:34:27.603 [JavaFX Application Thread] DEBUG PrimaryStageWindow   - GameScene <- DialogSubScene
23:34:27.603 [JavaFX Application Thread] DEBUG GameWorld            - Clearing game world
23:34:27.604 [JavaFX Application Thread] DEBUG Input                - Clearing active input actions
23:34:27.609 [JavaFX Application Thread] DEBUG GameApplicationServi - Removing overlay from GameScene and adding to FXGLMainMenuDummyScene
23:34:27.610 [JavaFX Application Thread] DEBUG PrimaryStageWindow   - GameScene -> FXGLMainMenuDummyScene
23:34:27.610 [JavaFX Application Thread] DEBUG PrimaryStageWindow   - Push state: FXGLDefaultMenu
23:34:27.610 [JavaFX Application Thread] DEBUG Input                - Clearing active input actions
23:34:27.611 [JavaFX Application Thread] DEBUG GameApplicationServi - Removing overlay from FXGLMainMenuDummyScene and adding to FXGLDefaultMenu
23:34:27.618 [JavaFX Application Thread] DEBUG PrimaryStageWindow   - FXGLMainMenuDummyScene -> FXGLDefaultMenu
23:34:28.577 [JavaFX Application Thread] DEBUG FXGLApplication      - Exiting FXGL
23:34:28.577 [JavaFX Application Thread] DEBUG LoopRunner           - Stopping loop
23:34:28.577 [JavaFX Application Thread] DEBUG SystemBundleService  - Saving FXGL system data
23:34:28.580 [JavaFX Application Thread] DEBUG FileSystemAccess     - Writing to: D:\newGon\Gonvival\system\fxgl.bundle
23:34:28.583 [JavaFX Application Thread] DEBUG Async                - Shutting down background threads
23:34:28.583 [JavaFX Application Thread] DEBUG PrimaryStageWindow   - Closing main window
23:34:28.610 [JavaFX Application Thread] DEBUG Logger               - Closing Logger
