10:19:49.827 [main                     ] DEBUG Logger               - Configured Logger
10:19:49.869 [main                     ] DEBUG GameApplication      - Logging settings
Title: Gonvival
Version: beta
Width: 800
Height: 800
Fullscreen: false
Intro: false
Profiling: false
Single step:false
App Mode: DEVELOPER
Menu Key: ESCAPE
Stage Style: DECORATED
Scene Factory: class com.lab.App$1

10:19:51.419 [JavaFX Application Thread] DEBUG FXGLApplication      - Initializing FXGL
10:19:51.425 [JavaFX Application Thread] INFO  Engine               - FXGL-21.1 (27.03.2024 07.52) on WINDOWS (J:21.0.5 FX:21.0.1)
10:19:51.426 [JavaFX Application Thread] DEBUG Engine               - JRE Vendor Name: Eclipse Adoptium
10:19:51.427 [JavaFX Application Thread] DEBUG Engine               - Running on OS: Windows 11 version 10.0
10:19:51.427 [JavaFX Application Thread] DEBUG Engine               - Architecture: amd64
10:19:51.427 [JavaFX Application Thread] INFO  Engine               - Source code and latest versions at: https://github.com/AlmasB/FXGL
10:19:51.428 [JavaFX Application Thread] INFO  Engine               -       Ask questions and discuss at: https://github.com/AlmasB/FXGL/discussions
10:19:51.428 [JavaFX Application Thread] INFO  Engine               -              Join the FXGL chat at: https://gitter.im/AlmasB/FXGL
10:19:51.589 [JavaFX Application Thread] DEBUG PrimaryStageWindow   - Creating a JavaFX scene
10:19:51.652 [JavaFX Application Thread] DEBUG PrimaryStageWindow   - Target settings size: 800.0 x 800.0
10:19:51.653 [JavaFX Application Thread] DEBUG PrimaryStageWindow   - Scaled scene size:    800.0 x 800.0
10:19:51.653 [JavaFX Application Thread] DEBUG PrimaryStageWindow   - Scaled ratio: (1.0, 1.0)
10:19:51.655 [JavaFX Application Thread] DEBUG PrimaryStageWindow   - Set initial scene to FXGLStartupScene
10:19:51.660 [JavaFX Application Thread] DEBUG PrimaryStageWindow   - Opening main window
10:19:51.817 [JavaFX Application Thread] DEBUG PrimaryStageWindow   - Window border size: (14.4000244140625, 37.5999755859375)
10:19:51.817 [JavaFX Application Thread] DEBUG PrimaryStageWindow   - Scaled size: 800.0 x 800.0
10:19:51.817 [JavaFX Application Thread] DEBUG PrimaryStageWindow   - Scaled ratio: (1.0, 1.0)
10:19:51.818 [JavaFX Application Thread] DEBUG PrimaryStageWindow   - Scene size: 800.0 x 800.0
10:19:51.818 [JavaFX Application Thread] DEBUG PrimaryStageWindow   - Stage size: 814.4000244140625 x 837.5999755859375
10:19:51.857 [FXGL Background Thread 1 ] DEBUG Engine               - Initializing environment variables
10:19:51.967 [FXGL Background Thread 1 ] DEBUG FXGLAssetLoaderServi - User app class for loading assets: class com.lab.App
10:19:51.968 [FXGL Background Thread 1 ] DEBUG GameApplicationServi - Applying CSS: fxgl_dark.css
10:19:51.969 [FXGL Background Thread 1 ] DEBUG FXGLAssetLoaderServi - Loading from file system: jar:file:/C:/Users/HP/.m2/repository/com/github/almasb/fxgl/21.1/fxgl-21.1.jar!/fxglassets/ui/css/fxgl_dark.css
10:19:52.041 [FXGL Background Thread 1 ] DEBUG GameApplicationServi - Initializing application scenes
10:19:52.120 [FXGL Background Thread 1 ] DEBUG GameWorld            - Game world initialized
10:19:52.226 [FXGL Background Thread 1 ] DEBUG PhysicsWorld         - Physics world initialized: appHeight=800, physics.ppm=50.0
10:19:52.227 [FXGL Background Thread 1 ] DEBUG PhysicsWorld         - Using strategy: BRUTE_FORCE
10:19:52.233 [FXGL Background Thread 1 ] DEBUG GameScene            - Game scene initialized: 800x800
10:19:52.320 [FXGL Background Thread 1 ] DEBUG FXGL.DefaultMenu     - createMenuBodyGameMenu()
10:19:52.337 [FXGL Background Thread 1 ] DEBUG FXGL.DefaultMenu     - createOptionsMenu()
10:19:52.350 [FXGL Background Thread 1 ] DEBUG FXGLAssetLoaderServi - Loading from file system: jar:file:/C:/Users/HP/.m2/repository/com/github/almasb/fxgl/21.1/fxgl-21.1.jar!/fxglassets/textures/particles/smoke.png
10:19:52.506 [FXGL Background Thread 1 ] DEBUG FXGLAssetLoaderServi - Loading from file system: jar:file:/C:/Users/HP/.m2/repository/com/github/almasb/fxgl/21.1/fxgl-21.1.jar!/fxglassets/textures/particles/trace_horizontal.png
10:19:52.548 [FXGL Background Thread 1 ] DEBUG GameApplicationServi - Application scenes initialized
10:19:52.571 [FXGL Background Thread 1 ] DEBUG SystemBundleService  - Loading FXGL system data
10:19:52.583 [FXGL Background Thread 1 ] DEBUG FileSystemAccess     - Reading from: D:\Gonvival\system\fxgl.bundle
10:19:52.601 [FXGL Background Thread 1 ] DEBUG SystemBundleService  - Bundle FXGL: {}
10:19:52.601 [FXGL Background Thread 1 ] DEBUG UpdaterService       - Checking for updates
10:19:52.609 [FXGL Background Thread 4 ] DEBUG FXGLApplication      - Loading fonts
10:19:52.611 [FXGL Background Thread 4 ] DEBUG FXGLAssetLoaderServi - Loading from file system: jar:file:/C:/Users/HP/.m2/repository/com/github/almasb/fxgl/21.1/fxgl-21.1.jar!/fxglassets/ui/fonts/VarelaRound-Regular.ttf
10:19:52.612 [FXGL Background Thread 1 ] DEBUG FXGLApplication      - Loading default localization
10:19:52.613 [FXGL Background Thread 1 ] DEBUG FXGLAssetLoaderServi - Loading from file system: jar:file:/C:/Users/HP/.m2/repository/com/github/almasb/fxgl/21.1/fxgl-21.1.jar!/fxglassets/languages/english.lang
10:19:52.690 [FXGL Background Thread 1 ] INFO  FXGLApplication      - FXGL initialization took: 0.833 sec
10:19:52.692 [JavaFX Application Thread] DEBUG FXGLAssetLoaderServi - Loading from file system: jar:file:/C:/Users/HP/.m2/repository/com/github/almasb/fxgl/21.1/fxgl-21.1.jar!/fxglassets/textures/fxgl_icon.png
10:19:52.704 [FXGL Background Thread 4 ] DEBUG FXGLAssetLoaderServi - Loading from file system: jar:file:/C:/Users/HP/.m2/repository/com/github/almasb/fxgl/21.1/fxgl-21.1.jar!/fxglassets/ui/fonts/Abel-Regular.ttf
10:19:52.719 [FXGL Background Thread 4 ] DEBUG FXGLAssetLoaderServi - Loading from file system: jar:file:/C:/Users/HP/.m2/repository/com/github/almasb/fxgl/21.1/fxgl-21.1.jar!/fxglassets/ui/fonts/TerminalLandMono-Regular.otf
10:19:52.725 [JavaFX Application Thread] DEBUG FXGLAssetLoaderServi - Loading from file system: jar:file:/C:/Users/HP/.m2/repository/com/github/almasb/fxgl/21.1/fxgl-21.1.jar!/fxglassets/textures/fxgl_default_cursor.png
10:19:52.735 [FXGL Background Thread 4 ] DEBUG FXGLAssetLoaderServi - Loading from file system: jar:file:/C:/Users/HP/.m2/repository/com/github/almasb/fxgl/21.1/fxgl-21.1.jar!/fxglassets/ui/fonts/Courier-Prime.ttf
10:19:52.746 [JavaFX Application Thread] DEBUG Input                - Registered new binding: Screenshot - CTRL+8
10:19:52.747 [JavaFX Application Thread] DEBUG Input                - Registered new binding: System info dump - CTRL+9
10:19:52.748 [JavaFX Application Thread] DEBUG Input                - Registered new binding: Restart - CTRL+R
10:19:52.750 [JavaFX Application Thread] DEBUG Input                - Registered new binding: Toggle Debug Camera - CTRL+7
10:19:52.756 [JavaFX Application Thread] DEBUG LoopRunner           - Starting loop
10:19:52.756 [JavaFX Application Thread] DEBUG LoopRunner           - Initializing JavaFX AnimationTimerLoop
10:19:52.761 [JavaFX Application Thread] DEBUG Input                - Clearing active input actions
10:19:52.779 [JavaFX Application Thread] DEBUG GameApplicationServi - Removing overlay from FXGLStartupScene and adding to FXGLMainMenuDummyScene
10:19:52.779 [JavaFX Application Thread] DEBUG PrimaryStageWindow   - FXGLStartupScene -> FXGLMainMenuDummyScene
10:19:52.780 [JavaFX Application Thread] DEBUG PrimaryStageWindow   - Push state: StartScreen
10:19:52.780 [JavaFX Application Thread] DEBUG Input                - Clearing active input actions
10:19:52.800 [JavaFX Application Thread] DEBUG GameApplicationServi - Removing overlay from FXGLMainMenuDummyScene and adding to StartScreen
10:19:52.800 [JavaFX Application Thread] DEBUG PrimaryStageWindow   - FXGLMainMenuDummyScene -> StartScreen
10:19:52.801 [JavaFX Application Thread] DEBUG FXGLApplication      - Registering font factories with UI factory
10:19:55.608 [FXGL Background Thread 3 ] DEBUG Engine               - Logging environment variables
10:19:55.610 [FXGL Background Thread 3 ] DEBUG Engine               - achievements: []
10:19:55.611 [FXGL Background Thread 3 ] DEBUG Engine               - actualHeight: 800.0
10:19:55.612 [FXGL Background Thread 3 ] DEBUG Engine               - actualHeightProperty: ReadOnlyDoubleProperty [value: 800.0]
10:19:55.613 [FXGL Background Thread 3 ] DEBUG Engine               - actualWidth: 800.0
10:19:55.613 [FXGL Background Thread 3 ] DEBUG Engine               - actualWidthProperty: ReadOnlyDoubleProperty [value: 800.0]
10:19:55.613 [FXGL Background Thread 3 ] DEBUG Engine               - appIcon: fxgl_icon.png
10:19:55.613 [FXGL Background Thread 3 ] DEBUG Engine               - applicationMode: DEVELOPER
10:19:55.614 [FXGL Background Thread 3 ] DEBUG Engine               - cSSList: [fxgl_dark.css]
10:19:55.614 [FXGL Background Thread 3 ] DEBUG Engine               - collisionDetectionStrategy: BRUTE_FORCE
10:19:55.614 [FXGL Background Thread 3 ] DEBUG Engine               - configClass: Optional.empty
10:19:55.614 [FXGL Background Thread 3 ] DEBUG Engine               - credits: []
10:19:55.615 [FXGL Background Thread 3 ] DEBUG Engine               - defaultCursor: CursorInfo(imageName=fxgl_default_cursor.png, hotspotX=7.0, hotspotY=6.0)
10:19:55.615 [FXGL Background Thread 3 ] DEBUG Engine               - devBBoxColorProperty: ObjectProperty [value: 0xff0000ff]
10:19:55.615 [FXGL Background Thread 3 ] DEBUG Engine               - devEnableDebugCameraProperty: BooleanProperty [value: false]
10:19:55.616 [FXGL Background Thread 3 ] DEBUG Engine               - devSensorColorProperty: ObjectProperty [value: 0xffff00ff]
10:19:55.616 [FXGL Background Thread 3 ] DEBUG Engine               - devShowBBoxProperty: BooleanProperty [value: false]
10:19:55.616 [FXGL Background Thread 3 ] DEBUG Engine               - devShowPositionProperty: BooleanProperty [value: false]
10:19:55.616 [FXGL Background Thread 3 ] DEBUG Engine               - enabledMenuItems: []
10:19:55.616 [FXGL Background Thread 3 ] DEBUG Engine               - engineServices: [class com.almasb.fxgl.app.services.FXGLAssetLoaderService, class com.almasb.fxgl.app.FXGLApplication$GameApplicationService, class com.almasb.fxgl.app.services.FXGLDialogService, class com.almasb.fxgl.app.services.IOTaskExecutorService, class com.almasb.fxgl.io.FileSystemService, class com.almasb.fxgl.localization.LocalizationService, class com.almasb.fxgl.app.services.SystemBundleService, class com.almasb.fxgl.profile.SaveLoadService, class com.almasb.fxgl.ui.FXGLUIFactoryServiceProvider, class com.almasb.fxgl.ui.FXGLDialogFactoryServiceProvider, class com.almasb.fxgl.audio.AudioPlayer, class com.almasb.fxgl.notification.impl.NotificationServiceProvider, class com.almasb.fxgl.achievement.AchievementService, class com.almasb.fxgl.cutscene.CutsceneService, class com.almasb.fxgl.minigames.MiniGameService, class com.almasb.fxgl.net.NetService, class com.almasb.fxgl.app.services.UpdaterService, class com.almasb.fxgl.dev.DevService]
10:19:55.616 [FXGL Background Thread 3 ] DEBUG Engine               - fontGame: Abel-Regular.ttf
10:19:55.616 [FXGL Background Thread 3 ] DEBUG Engine               - fontMono: TerminalLandMono-Regular.otf
10:19:55.616 [FXGL Background Thread 3 ] DEBUG Engine               - fontSizeScaleUI: 1.0
10:19:55.617 [FXGL Background Thread 3 ] DEBUG Engine               - fontText: Courier-Prime.ttf
10:19:55.617 [FXGL Background Thread 3 ] DEBUG Engine               - fontUI: VarelaRound-Regular.ttf
10:19:55.617 [FXGL Background Thread 3 ] DEBUG Engine               - fullScreen: BooleanProperty [value: false]
10:19:55.617 [FXGL Background Thread 3 ] DEBUG Engine               - gameDifficulty: MEDIUM
10:19:55.617 [FXGL Background Thread 3 ] DEBUG Engine               - gameDifficultyProperty: ObjectProperty [value: MEDIUM]
10:19:55.617 [FXGL Background Thread 3 ] DEBUG Engine               - globalMusicVolume: 0.5
10:19:55.617 [FXGL Background Thread 3 ] DEBUG Engine               - globalMusicVolumeProperty: DoubleProperty [value: 1.0]
10:19:55.617 [FXGL Background Thread 3 ] DEBUG Engine               - globalSoundVolume: 0.5
10:19:55.618 [FXGL Background Thread 3 ] DEBUG Engine               - globalSoundVolumeProperty: DoubleProperty [value: 1.0]
10:19:55.618 [FXGL Background Thread 3 ] DEBUG Engine               - height: 800
10:19:55.618 [FXGL Background Thread 3 ] DEBUG Engine               - is3D: false
10:19:55.618 [FXGL Background Thread 3 ] DEBUG Engine               - isAndroid: false
10:19:55.618 [FXGL Background Thread 3 ] DEBUG Engine               - isBrowser: false
10:19:55.618 [FXGL Background Thread 3 ] DEBUG Engine               - isClickFeedbackEnabled: false
10:19:55.618 [FXGL Background Thread 3 ] DEBUG Engine               - isCloseConfirmation: false
10:19:55.618 [FXGL Background Thread 3 ] DEBUG Engine               - isDesktop: true
10:19:55.618 [FXGL Background Thread 3 ] DEBUG Engine               - isDeveloperMenuEnabled: false
10:19:55.618 [FXGL Background Thread 3 ] DEBUG Engine               - isEmbedded: false
10:19:55.618 [FXGL Background Thread 3 ] DEBUG Engine               - isEntityPreloadEnabled: true
10:19:55.618 [FXGL Background Thread 3 ] DEBUG Engine               - isExperimentalTiledLargeMap: false
10:19:55.619 [FXGL Background Thread 3 ] DEBUG Engine               - isFileSystemWriteAllowed: true
10:19:55.619 [FXGL Background Thread 3 ] DEBUG Engine               - isFullScreenAllowed: false
10:19:55.619 [FXGL Background Thread 3 ] DEBUG Engine               - isFullScreenFromStart: false
10:19:55.619 [FXGL Background Thread 3 ] DEBUG Engine               - isGameMenuEnabled: true
10:19:55.619 [FXGL Background Thread 3 ] DEBUG Engine               - isIOS: false
10:19:55.619 [FXGL Background Thread 3 ] DEBUG Engine               - isIntroEnabled: false
10:19:55.619 [FXGL Background Thread 3 ] DEBUG Engine               - isLinux: false
10:19:55.619 [FXGL Background Thread 3 ] DEBUG Engine               - isMac: false
10:19:55.620 [FXGL Background Thread 3 ] DEBUG Engine               - isMainMenuEnabled: true
10:19:55.620 [FXGL Background Thread 3 ] DEBUG Engine               - isManualResizeEnabled: false
10:19:55.620 [FXGL Background Thread 3 ] DEBUG Engine               - isMobile: false
10:19:55.620 [FXGL Background Thread 3 ] DEBUG Engine               - isNative: false
10:19:55.620 [FXGL Background Thread 3 ] DEBUG Engine               - isPauseMusicWhenMinimized: true
10:19:55.620 [FXGL Background Thread 3 ] DEBUG Engine               - isPreserveResizeRatio: false
10:19:55.620 [FXGL Background Thread 3 ] DEBUG Engine               - isProfilingEnabled: false
10:19:55.620 [FXGL Background Thread 3 ] DEBUG Engine               - isScaleAffectedOnResize: true
10:19:55.621 [FXGL Background Thread 3 ] DEBUG Engine               - isSingleStep: false
10:19:55.621 [FXGL Background Thread 3 ] DEBUG Engine               - isUserProfileEnabled: false
10:19:55.621 [FXGL Background Thread 3 ] DEBUG Engine               - isWindows: true
10:19:55.621 [FXGL Background Thread 3 ] DEBUG Engine               - language: ObjectProperty [value: ENGLISH]
10:19:55.621 [FXGL Background Thread 3 ] DEBUG Engine               - menuKey: ESCAPE
10:19:55.621 [FXGL Background Thread 3 ] DEBUG Engine               - mouseSensitivity: 0.2
10:19:55.622 [FXGL Background Thread 3 ] DEBUG Engine               - notificationViewClass: class com.almasb.fxgl.notification.view.XboxNotificationView
10:19:55.622 [FXGL Background Thread 3 ] DEBUG Engine               - pixelsPerMeter: 50.0
10:19:55.622 [FXGL Background Thread 3 ] DEBUG Engine               - platform: WINDOWS
10:19:55.622 [FXGL Background Thread 3 ] DEBUG Engine               - prefHeightProperty: ReadOnlyDoubleProperty [value: 800.0]
10:19:55.622 [FXGL Background Thread 3 ] DEBUG Engine               - prefWidthProperty: ReadOnlyDoubleProperty [value: 800.0]
10:19:55.622 [FXGL Background Thread 3 ] DEBUG Engine               - profileDir: profiles/
10:19:55.622 [FXGL Background Thread 3 ] DEBUG Engine               - profileName: StringProperty [value: DEFAULT]
10:19:55.622 [FXGL Background Thread 3 ] DEBUG Engine               - randomSeed: -1
10:19:55.623 [FXGL Background Thread 3 ] DEBUG Engine               - runtimeInfo: RuntimeInfo(platform=WINDOWS, version=21.1, build=27.03.2024 07.52)
10:19:55.623 [FXGL Background Thread 3 ] DEBUG Engine               - saveFileExt: sav
10:19:55.623 [FXGL Background Thread 3 ] DEBUG Engine               - scaledHeightProp$fxgl: DoubleProperty [bound, value: 800.0]
10:19:55.623 [FXGL Background Thread 3 ] DEBUG Engine               - scaledWidthProp$fxgl: DoubleProperty [bound, value: 800.0]
10:19:55.624 [FXGL Background Thread 3 ] DEBUG Engine               - sceneFactory: com.lab.App$1@7771d287
10:19:55.624 [FXGL Background Thread 3 ] DEBUG Engine               - secondsIn24h: 60
10:19:55.624 [FXGL Background Thread 3 ] DEBUG Engine               - soundMenuBack: menu/back.wav
10:19:55.624 [FXGL Background Thread 3 ] DEBUG Engine               - soundMenuPress: menu/press.wav
10:19:55.624 [FXGL Background Thread 3 ] DEBUG Engine               - soundMenuSelect: menu/select.wav
10:19:55.624 [FXGL Background Thread 3 ] DEBUG Engine               - soundNotification: core/notification.wav
10:19:55.624 [FXGL Background Thread 3 ] DEBUG Engine               - stageStyle: DECORATED
10:19:55.624 [FXGL Background Thread 3 ] DEBUG Engine               - supportedLanguages: [ENGLISH, FRENCH, GERMAN, HUNGARIAN, RUSSIAN]
10:19:55.624 [FXGL Background Thread 3 ] DEBUG Engine               - ticksPerSecond: -1
10:19:55.624 [FXGL Background Thread 3 ] DEBUG Engine               - title: Gonvival
10:19:55.625 [FXGL Background Thread 3 ] DEBUG Engine               - urlGithub: https://github.com/AlmasB/FXGL
10:19:55.625 [FXGL Background Thread 3 ] DEBUG Engine               - urlLeaderboard: http://fxgl-top.herokuapp.com/
10:19:55.625 [FXGL Background Thread 3 ] DEBUG Engine               - urlPOM: https://raw.githubusercontent.com/AlmasB/FXGL/release/README.md
10:19:55.625 [FXGL Background Thread 3 ] DEBUG Engine               - userAppClass: class com.lab.App
10:19:55.625 [FXGL Background Thread 3 ] DEBUG Engine               - version: beta
10:19:55.626 [FXGL Background Thread 3 ] DEBUG Engine               - versionCheckDays: 7
10:19:55.626 [FXGL Background Thread 3 ] DEBUG Engine               - width: 800
10:19:55.626 [FXGL Background Thread 3 ] DEBUG Engine               - Logging services
10:19:55.626 [FXGL Background Thread 3 ] DEBUG Engine               - class com.almasb.fxgl.app.services.FXGLAssetLoaderService
10:19:55.626 [FXGL Background Thread 3 ] DEBUG Engine               - class com.almasb.fxgl.app.FXGLApplication$GameApplicationService
10:19:55.626 [FXGL Background Thread 3 ] DEBUG Engine               - class com.almasb.fxgl.app.services.FXGLDialogService
10:19:55.626 [FXGL Background Thread 3 ] DEBUG Engine               - class com.almasb.fxgl.app.services.IOTaskExecutorService
10:19:55.626 [FXGL Background Thread 3 ] DEBUG Engine               - class com.almasb.fxgl.io.FileSystemService
10:19:55.626 [FXGL Background Thread 3 ] DEBUG Engine               - class com.almasb.fxgl.localization.LocalizationService
10:19:55.627 [FXGL Background Thread 3 ] DEBUG Engine               - class com.almasb.fxgl.app.services.SystemBundleService
10:19:55.627 [FXGL Background Thread 3 ] DEBUG Engine               - class com.almasb.fxgl.profile.SaveLoadService
10:19:55.627 [FXGL Background Thread 3 ] DEBUG Engine               - class com.almasb.fxgl.ui.FXGLUIFactoryServiceProvider
10:19:55.627 [FXGL Background Thread 3 ] DEBUG Engine               - class com.almasb.fxgl.ui.FXGLDialogFactoryServiceProvider
10:19:55.627 [FXGL Background Thread 3 ] DEBUG Engine               - class com.almasb.fxgl.audio.AudioPlayer
10:19:55.627 [FXGL Background Thread 3 ] DEBUG Engine               - class com.almasb.fxgl.notification.impl.NotificationServiceProvider
10:19:55.627 [FXGL Background Thread 3 ] DEBUG Engine               - class com.almasb.fxgl.achievement.AchievementService
10:19:55.627 [FXGL Background Thread 3 ] DEBUG Engine               - class com.almasb.fxgl.cutscene.CutsceneService
10:19:55.627 [FXGL Background Thread 3 ] DEBUG Engine               - class com.almasb.fxgl.minigames.MiniGameService
10:19:55.628 [FXGL Background Thread 3 ] DEBUG Engine               - class com.almasb.fxgl.net.NetService
10:19:55.628 [FXGL Background Thread 3 ] DEBUG Engine               - class com.almasb.fxgl.app.services.UpdaterService
10:19:55.628 [FXGL Background Thread 3 ] DEBUG Engine               - class com.almasb.fxgl.dev.DevService
10:19:59.499 [JavaFX Application Thread] DEBUG LoopRunner           - Pausing loop
10:19:59.500 [JavaFX Application Thread] DEBUG Menu                 - fireNewGame()
10:19:59.500 [JavaFX Application Thread] DEBUG GameApplicationServi - Starting new game
10:19:59.501 [JavaFX Application Thread] DEBUG PrimaryStageWindow   - Pop state: StartScreen
10:19:59.501 [JavaFX Application Thread] DEBUG Input                - Clearing active input actions
10:19:59.503 [JavaFX Application Thread] DEBUG GameApplicationServi - Removing overlay from StartScreen and adding to FXGLMainMenuDummyScene
10:19:59.504 [JavaFX Application Thread] DEBUG PrimaryStageWindow   - FXGLMainMenuDummyScene <- StartScreen
10:19:59.505 [JavaFX Application Thread] DEBUG Input                - Clearing active input actions
10:19:59.537 [JavaFX Application Thread] DEBUG GameApplicationServi - Removing overlay from FXGLMainMenuDummyScene and adding to FXGLLoadingScene
10:19:59.538 [JavaFX Application Thread] DEBUG PrimaryStageWindow   - FXGLMainMenuDummyScene -> FXGLLoadingScene
10:19:59.538 [JavaFX Application Thread] DEBUG GameApplicationServi - Clearing previous game
10:19:59.539 [JavaFX Application Thread] DEBUG GameScene            - Clearing game scene
10:19:59.539 [JavaFX Application Thread] DEBUG GameWorld            - Clearing game world
10:19:59.539 [JavaFX Application Thread] DEBUG PhysicsWorld         - Clearing physics world
10:19:59.545 [FXGL Background Thread 2 ] DEBUG FXGLApplication      - Initializing game
10:19:59.558 [FXGL Background Thread 2 ] DEBUG FXGLAssetLoaderServi - Loading from file system: file:/D:/Gonvival/game/target/classes/assets/textures/newmap2.png
10:19:59.653 [FXGL Background Thread 2 ] DEBUG FXGLAssetLoaderServi - Loading from file system: file:/D:/Gonvival/game/target/classes/assets/textures/idle_down.png
10:19:59.657 [FXGL Background Thread 2 ] DEBUG FXGLAssetLoaderServi - Loading from file system: file:/D:/Gonvival/game/target/classes/assets/textures/idle_up.png
10:19:59.659 [FXGL Background Thread 2 ] DEBUG FXGLAssetLoaderServi - Loading from file system: file:/D:/Gonvival/game/target/classes/assets/textures/idle_left_down.png
10:19:59.662 [FXGL Background Thread 2 ] DEBUG FXGLAssetLoaderServi - Loading from file system: file:/D:/Gonvival/game/target/classes/assets/textures/idle_left_up.png
10:19:59.664 [FXGL Background Thread 2 ] DEBUG FXGLAssetLoaderServi - Loading from file system: file:/D:/Gonvival/game/target/classes/assets/textures/idle_right_down.png
10:19:59.667 [FXGL Background Thread 2 ] DEBUG FXGLAssetLoaderServi - Loading from file system: file:/D:/Gonvival/game/target/classes/assets/textures/idle_right_up.png
10:19:59.670 [FXGL Background Thread 2 ] DEBUG FXGLAssetLoaderServi - Loading from file system: file:/D:/Gonvival/game/target/classes/assets/textures/walk_left_down.png
10:19:59.673 [FXGL Background Thread 2 ] DEBUG FXGLAssetLoaderServi - Loading from file system: file:/D:/Gonvival/game/target/classes/assets/textures/walk_right_down.png
10:19:59.675 [FXGL Background Thread 2 ] DEBUG FXGLAssetLoaderServi - Loading from file system: file:/D:/Gonvival/game/target/classes/assets/textures/walk_up.png
10:19:59.678 [FXGL Background Thread 2 ] DEBUG FXGLAssetLoaderServi - Loading from file system: file:/D:/Gonvival/game/target/classes/assets/textures/walk_down.png
10:19:59.681 [FXGL Background Thread 2 ] DEBUG FXGLAssetLoaderServi - Loading from file system: file:/D:/Gonvival/game/target/classes/assets/textures/walk_left_up.png
10:19:59.684 [FXGL Background Thread 2 ] DEBUG FXGLAssetLoaderServi - Loading from file system: file:/D:/Gonvival/game/target/classes/assets/textures/walk_right_up.png
10:19:59.707 [FXGL Background Thread 2 ] DEBUG FXGLAssetLoaderServi - Loading from file system: file:/D:/Gonvival/game/target/classes/assets/textures/Level.png
10:19:59.714 [FXGL Background Thread 2 ] INFO  FXGLApplication      - Game initialization took: 0.169 sec
10:19:59.720 [JavaFX Application Thread] DEBUG Input                - Clearing active input actions
10:19:59.734 [JavaFX Application Thread] DEBUG GameApplicationServi - Removing overlay from FXGLLoadingScene and adding to GameScene
10:19:59.735 [JavaFX Application Thread] DEBUG PrimaryStageWindow   - FXGLLoadingScene -> GameScene
10:20:00.990 [JavaFX Application Thread] DEBUG LoopRunner           - Resuming loop
10:20:01.118 [JavaFX Application Thread] DEBUG Input                - Registered new binding: SHOOT - LMB
10:20:01.120 [JavaFX Application Thread] DEBUG Input                - Registered new binding: MOVE LEFT - A
10:20:01.120 [JavaFX Application Thread] DEBUG Input                - Registered new binding: MOVE RIGHT - D
10:20:01.120 [JavaFX Application Thread] DEBUG Input                - Registered new binding: MOVE UP - W
10:20:01.121 [JavaFX Application Thread] DEBUG Input                - Registered new binding: MOVE DOWN - S
10:20:01.836 [JavaFX Application Thread] DEBUG FXGLAssetLoaderServi - Loading from file system: file:/D:/Gonvival/game/target/classes/assets/textures/GraveRevenant.png
10:20:02.494 [JavaFX Application Thread] DEBUG FXGLAssetLoaderServi - Loading from file system: file:/D:/Gonvival/game/target/classes/assets/textures/arrow.png
10:20:02.626 [JavaFX Application Thread] DEBUG FXGLAssetLoaderServi - Loading from file system: file:/D:/Gonvival/game/target/classes/assets/sounds/piw.wav
10:20:06.021 [JavaFX Application Thread] DEBUG PrimaryStageWindow   - Push state: FXGLDefaultMenu
10:20:06.029 [JavaFX Application Thread] DEBUG Input                - Clearing active input actions
10:20:06.032 [JavaFX Application Thread] DEBUG GameApplicationServi - Removing overlay from GameScene and adding to FXGLDefaultMenu
10:20:06.032 [JavaFX Application Thread] DEBUG PrimaryStageWindow   - GameScene -> FXGLDefaultMenu
10:20:11.895 [JavaFX Application Thread] DEBUG Menu                 - fireResume()
10:20:11.899 [JavaFX Application Thread] DEBUG PrimaryStageWindow   - Pop state: FXGLDefaultMenu
10:20:11.899 [JavaFX Application Thread] DEBUG Input                - Clearing active input actions
10:20:11.901 [JavaFX Application Thread] DEBUG GameApplicationServi - Removing overlay from FXGLDefaultMenu and adding to GameScene
10:20:11.901 [JavaFX Application Thread] DEBUG PrimaryStageWindow   - GameScene <- FXGLDefaultMenu
10:20:13.949 [JavaFX Application Thread] DEBUG PrimaryStageWindow   - Push state: FXGLDefaultMenu
10:20:13.950 [JavaFX Application Thread] DEBUG Input                - Clearing active input actions
10:20:13.961 [JavaFX Application Thread] DEBUG GameApplicationServi - Removing overlay from GameScene and adding to FXGLDefaultMenu
10:20:13.961 [JavaFX Application Thread] DEBUG PrimaryStageWindow   - GameScene -> FXGLDefaultMenu
10:20:19.698 [JavaFX Application Thread] DEBUG FXGLApplication      - Exiting FXGL
10:20:19.699 [JavaFX Application Thread] DEBUG LoopRunner           - Stopping loop
10:20:19.699 [JavaFX Application Thread] DEBUG SystemBundleService  - Saving FXGL system data
10:20:19.704 [JavaFX Application Thread] DEBUG FileSystemAccess     - Writing to: D:\Gonvival\system\fxgl.bundle
10:20:19.709 [JavaFX Application Thread] DEBUG Async                - Shutting down background threads
10:20:19.710 [JavaFX Application Thread] DEBUG PrimaryStageWindow   - Closing main window
10:20:19.752 [JavaFX Application Thread] DEBUG Logger               - Closing Logger
