22:31:28.375 [main                     ] DEBUG Logger               - Configured Logger
22:31:28.415 [main                     ] DEBUG GameApplication      - Logging settings
Title: Gonvival
Version: beta
Width: 800
Height: 600
Fullscreen: false
Intro: false
Profiling: false
Single step:false
App Mode: DEVELOPER
Menu Key: ESCAPE
Stage Style: DECORATED
Scene Factory: class com.almasb.fxgl.app.scene.SceneFactory

22:31:29.519 [JavaFX Application Thread] DEBUG FXGLApplication      - Initializing FXGL
22:31:29.525 [JavaFX Application Thread] INFO  Engine               - FXGL-21.1 (27.03.2024 07.52) on WINDOWS (J:21.0.5 FX:21.0.1)
22:31:29.525 [JavaFX Application Thread] DEBUG Engine               - JRE Vendor Name: Eclipse Adoptium
22:31:29.526 [JavaFX Application Thread] DEBUG Engine               - Running on OS: Windows 11 version 10.0
22:31:29.526 [JavaFX Application Thread] DEBUG Engine               - Architecture: amd64
22:31:29.526 [JavaFX Application Thread] INFO  Engine               - Source code and latest versions at: https://github.com/AlmasB/FXGL
22:31:29.527 [JavaFX Application Thread] INFO  Engine               -       Ask questions and discuss at: https://github.com/AlmasB/FXGL/discussions
22:31:29.527 [JavaFX Application Thread] INFO  Engine               -              Join the FXGL chat at: https://gitter.im/AlmasB/FXGL
22:31:29.706 [JavaFX Application Thread] DEBUG PrimaryStageWindow   - Creating a JavaFX scene
22:31:29.800 [JavaFX Application Thread] DEBUG PrimaryStageWindow   - Target settings size: 800.0 x 600.0
22:31:29.800 [JavaFX Application Thread] DEBUG PrimaryStageWindow   - Scaled scene size:    800.0 x 600.0
22:31:29.800 [JavaFX Application Thread] DEBUG PrimaryStageWindow   - Scaled ratio: (1.0, 1.0)
22:31:29.803 [JavaFX Application Thread] DEBUG PrimaryStageWindow   - Set initial scene to FXGLStartupScene
22:31:29.809 [JavaFX Application Thread] DEBUG PrimaryStageWindow   - Opening main window
22:31:30.018 [JavaFX Application Thread] DEBUG PrimaryStageWindow   - Window border size: (14.4000244140625, 37.5999755859375)
22:31:30.018 [JavaFX Application Thread] DEBUG PrimaryStageWindow   - Scaled size: 800.0 x 600.0
22:31:30.019 [JavaFX Application Thread] DEBUG PrimaryStageWindow   - Scaled ratio: (1.0, 1.0)
22:31:30.019 [JavaFX Application Thread] DEBUG PrimaryStageWindow   - Scene size: 800.0 x 600.0
22:31:30.020 [JavaFX Application Thread] DEBUG PrimaryStageWindow   - Stage size: 814.4000244140625 x 637.5999755859375
22:31:30.035 [FXGL Background Thread 1 ] DEBUG Engine               - Initializing environment variables
22:31:30.150 [FXGL Background Thread 1 ] DEBUG FXGLAssetLoaderServi - User app class for loading assets: class com.lab.App
22:31:30.151 [FXGL Background Thread 1 ] DEBUG GameApplicationServi - Applying CSS: fxgl_dark.css
22:31:30.152 [FXGL Background Thread 1 ] DEBUG FXGLAssetLoaderServi - Loading from file system: jar:file:/C:/Users/HP/.m2/repository/com/github/almasb/fxgl/21.1/fxgl-21.1.jar!/fxglassets/ui/css/fxgl_dark.css
22:31:30.216 [FXGL Background Thread 1 ] DEBUG GameApplicationServi - Initializing application scenes
22:31:30.285 [FXGL Background Thread 1 ] DEBUG GameWorld            - Game world initialized
22:31:30.367 [FXGL Background Thread 1 ] DEBUG PhysicsWorld         - Physics world initialized: appHeight=600, physics.ppm=50.0
22:31:30.368 [FXGL Background Thread 1 ] DEBUG PhysicsWorld         - Using strategy: BRUTE_FORCE
22:31:30.371 [FXGL Background Thread 1 ] DEBUG GameScene            - Game scene initialized: 800x600
22:31:30.384 [FXGL Background Thread 1 ] DEBUG FXGL.DefaultMenu     - createMenuBodyMainMenu()
22:31:30.398 [FXGL Background Thread 1 ] DEBUG FXGL.DefaultMenu     - createOptionsMenu()
22:31:30.413 [FXGL Background Thread 1 ] DEBUG FXGLAssetLoaderServi - Loading from file system: jar:file:/C:/Users/HP/.m2/repository/com/github/almasb/fxgl/21.1/fxgl-21.1.jar!/fxglassets/textures/particles/smoke.png
22:31:30.585 [FXGL Background Thread 1 ] DEBUG FXGLAssetLoaderServi - Loading from file system: jar:file:/C:/Users/HP/.m2/repository/com/github/almasb/fxgl/21.1/fxgl-21.1.jar!/fxglassets/textures/particles/trace_horizontal.png
22:31:30.613 [FXGL Background Thread 1 ] DEBUG FXGL.DefaultMenu     - createMenuBodyGameMenu()
22:31:30.614 [FXGL Background Thread 1 ] DEBUG FXGL.DefaultMenu     - createOptionsMenu()
22:31:30.629 [FXGL Background Thread 1 ] DEBUG GameApplicationServi - Application scenes initialized
22:31:30.646 [FXGL Background Thread 1 ] DEBUG SystemBundleService  - Loading FXGL system data
22:31:30.662 [FXGL Background Thread 1 ] DEBUG FileSystemAccess     - Reading from: D:\Gonvival\system\fxgl.bundle
22:31:30.677 [FXGL Background Thread 1 ] DEBUG SystemBundleService  - Bundle FXGL: {}
22:31:30.677 [FXGL Background Thread 1 ] DEBUG UpdaterService       - Checking for updates
22:31:30.685 [FXGL Background Thread 4 ] DEBUG FXGLApplication      - Loading fonts
22:31:30.686 [FXGL Background Thread 4 ] DEBUG FXGLAssetLoaderServi - Loading from file system: jar:file:/C:/Users/HP/.m2/repository/com/github/almasb/fxgl/21.1/fxgl-21.1.jar!/fxglassets/ui/fonts/VarelaRound-Regular.ttf
22:31:30.686 [FXGL Background Thread 1 ] DEBUG FXGLApplication      - Loading default localization
22:31:30.686 [FXGL Background Thread 1 ] DEBUG FXGLAssetLoaderServi - Loading from file system: jar:file:/C:/Users/HP/.m2/repository/com/github/almasb/fxgl/21.1/fxgl-21.1.jar!/fxglassets/languages/english.lang
22:31:30.734 [FXGL Background Thread 1 ] INFO  FXGLApplication      - FXGL initialization took: 0.698 sec
22:31:30.741 [FXGL Background Thread 4 ] DEBUG FXGLAssetLoaderServi - Loading from file system: jar:file:/C:/Users/HP/.m2/repository/com/github/almasb/fxgl/21.1/fxgl-21.1.jar!/fxglassets/ui/fonts/Abel-Regular.ttf
22:31:30.745 [JavaFX Application Thread] DEBUG Input                - Registered new binding: SHOOT - LMB
22:31:30.748 [FXGL Background Thread 4 ] DEBUG FXGLAssetLoaderServi - Loading from file system: jar:file:/C:/Users/HP/.m2/repository/com/github/almasb/fxgl/21.1/fxgl-21.1.jar!/fxglassets/ui/fonts/TerminalLandMono-Regular.otf
22:31:30.753 [JavaFX Application Thread] DEBUG Input                - Registered new binding: MOVE LEFT - A
22:31:30.755 [JavaFX Application Thread] DEBUG Input                - Registered new binding: MOVE RIGHT - D
22:31:30.755 [JavaFX Application Thread] DEBUG Input                - Registered new binding: MOVE UP - W
22:31:30.756 [FXGL Background Thread 4 ] DEBUG FXGLAssetLoaderServi - Loading from file system: jar:file:/C:/Users/HP/.m2/repository/com/github/almasb/fxgl/21.1/fxgl-21.1.jar!/fxglassets/ui/fonts/Courier-Prime.ttf
22:31:30.756 [JavaFX Application Thread] DEBUG Input                - Registered new binding: MOVE DOWN - S
22:31:30.756 [JavaFX Application Thread] DEBUG FXGLAssetLoaderServi - Loading from file system: jar:file:/C:/Users/HP/.m2/repository/com/github/almasb/fxgl/21.1/fxgl-21.1.jar!/fxglassets/textures/fxgl_icon.png
22:31:30.779 [JavaFX Application Thread] DEBUG FXGLAssetLoaderServi - Loading from file system: jar:file:/C:/Users/HP/.m2/repository/com/github/almasb/fxgl/21.1/fxgl-21.1.jar!/fxglassets/textures/fxgl_default_cursor.png
22:31:30.782 [JavaFX Application Thread] DEBUG Input                - Registered new binding: Screenshot - CTRL+8
22:31:30.783 [JavaFX Application Thread] DEBUG Input                - Registered new binding: System info dump - CTRL+9
22:31:30.783 [JavaFX Application Thread] DEBUG Input                - Registered new binding: Restart - CTRL+R
22:31:30.785 [JavaFX Application Thread] DEBUG Input                - Registered new binding: Toggle Debug Camera - CTRL+7
22:31:30.791 [JavaFX Application Thread] DEBUG LoopRunner           - Starting loop
22:31:30.792 [JavaFX Application Thread] DEBUG LoopRunner           - Initializing JavaFX AnimationTimerLoop
22:31:30.799 [JavaFX Application Thread] DEBUG Input                - Clearing active input actions
22:31:30.807 [JavaFX Application Thread] DEBUG GameApplicationServi - Removing overlay from FXGLStartupScene and adding to FXGLMainMenuDummyScene
22:31:30.808 [JavaFX Application Thread] DEBUG PrimaryStageWindow   - FXGLStartupScene -> FXGLMainMenuDummyScene
22:31:30.808 [JavaFX Application Thread] DEBUG PrimaryStageWindow   - Push state: FXGLDefaultMenu
22:31:30.815 [JavaFX Application Thread] DEBUG Input                - Clearing active input actions
22:31:30.833 [JavaFX Application Thread] DEBUG GameApplicationServi - Removing overlay from FXGLMainMenuDummyScene and adding to FXGLDefaultMenu
22:31:30.834 [JavaFX Application Thread] DEBUG PrimaryStageWindow   - FXGLMainMenuDummyScene -> FXGLDefaultMenu
22:31:30.834 [JavaFX Application Thread] DEBUG FXGLApplication      - Registering font factories with UI factory
22:31:31.684 [JavaFX Application Thread] DEBUG Menu                 - fireNewGame()
22:31:31.684 [JavaFX Application Thread] DEBUG GameApplicationServi - Starting new game
22:31:31.688 [JavaFX Application Thread] DEBUG PrimaryStageWindow   - Pop state: FXGLDefaultMenu
22:31:31.688 [JavaFX Application Thread] DEBUG Input                - Clearing active input actions
22:31:31.689 [JavaFX Application Thread] DEBUG GameApplicationServi - Removing overlay from FXGLDefaultMenu and adding to FXGLMainMenuDummyScene
22:31:31.690 [JavaFX Application Thread] DEBUG PrimaryStageWindow   - FXGLMainMenuDummyScene <- FXGLDefaultMenu
22:31:31.690 [JavaFX Application Thread] DEBUG Input                - Clearing active input actions
22:31:31.703 [JavaFX Application Thread] DEBUG GameApplicationServi - Removing overlay from FXGLMainMenuDummyScene and adding to FXGLLoadingScene
22:31:31.703 [JavaFX Application Thread] DEBUG PrimaryStageWindow   - FXGLMainMenuDummyScene -> FXGLLoadingScene
22:31:31.703 [JavaFX Application Thread] DEBUG GameApplicationServi - Clearing previous game
22:31:31.703 [JavaFX Application Thread] DEBUG GameScene            - Clearing game scene
22:31:31.703 [JavaFX Application Thread] DEBUG GameWorld            - Clearing game world
22:31:31.704 [JavaFX Application Thread] DEBUG PhysicsWorld         - Clearing physics world
22:31:31.705 [FXGL Background Thread 4 ] DEBUG FXGLApplication      - Initializing game
22:31:31.718 [FXGL Background Thread 4 ] DEBUG FXGLAssetLoaderServi - Loading from file system: file:/D:/Gonvival/game/target/classes/assets/textures/map.png
22:31:31.722 [FXGL Background Thread 4 ] WARN  FXGLAssetLoaderServi - Failed to load file:/D:/Gonvival/game/target/classes/assets/textures/map.png
com.sun.javafx.iio.ImageStorageException: No loader for image data
	at com.sun.javafx.iio.ImageStorage.loadAll(ImageStorage.java:398)
	at com.sun.javafx.tk.quantum.PrismImageLoader2.loadAll(PrismImageLoader2.java:134)
	at com.sun.javafx.tk.quantum.PrismImageLoader2.<init>(PrismImageLoader2.java:71)
	at com.sun.javafx.tk.quantum.QuantumToolkit.loadImage(QuantumToolkit.java:804)
	at javafx.scene.image.Image.loadImage(Image.java:1075)
	at javafx.scene.image.Image.initialize(Image.java:821)
	at javafx.scene.image.Image.<init>(Image.java:628)
	at com.almasb.fxgl.app.services.ImageAssetLoader.load(FXGLAssetLoaderService.kt:658)
	at com.almasb.fxgl.app.services.ImageAssetLoader.load(FXGLAssetLoaderService.kt:653)
	at com.almasb.fxgl.app.services.AssetLoader.load(FXGLAssetLoaderService.kt:642)
	at com.almasb.fxgl.app.services.FXGLAssetLoaderService.load(FXGLAssetLoaderService.kt:547)
	at com.almasb.fxgl.app.services.FXGLAssetLoaderService.load(FXGLAssetLoaderService.kt:524)
	at com.almasb.fxgl.app.services.FXGLAssetLoaderService.load(FXGLAssetLoaderService.kt:513)
	at com.almasb.fxgl.app.services.FXGLAssetLoaderService.loadImage(FXGLAssetLoaderService.kt:171)
	at com.almasb.fxgl.app.services.FXGLAssetLoaderService.loadTexture(FXGLAssetLoaderService.kt:130)
	at com.almasb.fxgl.dsl.FXGL$Companion.texture(FXGL.kt:394)
	at com.almasb.fxgl.dsl.FXGL.texture(FXGL.kt)
	at com.lab.BackGround.createBackground(BackGround.java:10)
	at com.lab.App.initGame(App.java:50)
	at com.almasb.fxgl.app.FXGLApplication$InitAppTask.initGame(FXGLApplication.kt:343)
	at com.almasb.fxgl.app.FXGLApplication$InitAppTask.call(FXGLApplication.kt:321)
	at com.almasb.fxgl.app.FXGLApplication$InitAppTask.call(FXGLApplication.kt:313)
	at javafx.concurrent.Task$TaskCallable.call(Task.java:1399)
	at java.base/java.util.concurrent.FutureTask.run(FutureTask.java:317)
	at java.base/java.util.concurrent.Executors$RunnableAdapter.call(Executors.java:572)
	at java.base/java.util.concurrent.FutureTask.run(FutureTask.java:317)
	at java.base/java.util.concurrent.ThreadPoolExecutor.runWorker(ThreadPoolExecutor.java:1144)
	at java.base/java.util.concurrent.ThreadPoolExecutor$Worker.run(ThreadPoolExecutor.java:642)
	at java.base/java.lang.Thread.run(Thread.java:1583)

22:31:31.759 [FXGL Background Thread 4 ] DEBUG FXGLAssetLoaderServi - Loading from file system: file:/D:/Gonvival/game/target/classes/assets/textures/g.png
22:31:31.779 [FXGL Background Thread 4 ] INFO  FXGLApplication      - Game initialization took: 0.073 sec
22:31:31.780 [JavaFX Application Thread] DEBUG Input                - Clearing active input actions
22:31:31.787 [JavaFX Application Thread] DEBUG GameApplicationServi - Removing overlay from FXGLLoadingScene and adding to GameScene
22:31:31.787 [JavaFX Application Thread] DEBUG PrimaryStageWindow   - FXGLLoadingScene -> GameScene
22:31:32.592 [JavaFX Application Thread] DEBUG FXGLAssetLoaderServi - Loading from file system: file:/D:/Gonvival/game/target/classes/assets/textures/evil.png
22:31:33.684 [FXGL Background Thread 3 ] DEBUG Engine               - Logging environment variables
22:31:33.684 [FXGL Background Thread 3 ] DEBUG Engine               - achievements: []
22:31:33.684 [FXGL Background Thread 3 ] DEBUG Engine               - actualHeight: 600.0
22:31:33.684 [FXGL Background Thread 3 ] DEBUG Engine               - actualHeightProperty: ReadOnlyDoubleProperty [value: 600.0]
22:31:33.685 [FXGL Background Thread 3 ] DEBUG Engine               - actualWidth: 800.0
22:31:33.685 [FXGL Background Thread 3 ] DEBUG Engine               - actualWidthProperty: ReadOnlyDoubleProperty [value: 800.0]
22:31:33.685 [FXGL Background Thread 3 ] DEBUG Engine               - appIcon: fxgl_icon.png
22:31:33.685 [FXGL Background Thread 3 ] DEBUG Engine               - applicationMode: DEVELOPER
22:31:33.685 [FXGL Background Thread 3 ] DEBUG Engine               - cSSList: [fxgl_dark.css]
22:31:33.685 [FXGL Background Thread 3 ] DEBUG Engine               - collisionDetectionStrategy: BRUTE_FORCE
22:31:33.685 [FXGL Background Thread 3 ] DEBUG Engine               - configClass: Optional.empty
22:31:33.685 [FXGL Background Thread 3 ] DEBUG Engine               - credits: []
22:31:33.686 [FXGL Background Thread 3 ] DEBUG Engine               - defaultCursor: CursorInfo(imageName=fxgl_default_cursor.png, hotspotX=7.0, hotspotY=6.0)
22:31:33.686 [FXGL Background Thread 3 ] DEBUG Engine               - devBBoxColorProperty: ObjectProperty [value: 0xff0000ff]
22:31:33.687 [FXGL Background Thread 3 ] DEBUG Engine               - devEnableDebugCameraProperty: BooleanProperty [value: false]
22:31:33.687 [FXGL Background Thread 3 ] DEBUG Engine               - devSensorColorProperty: ObjectProperty [value: 0xffff00ff]
22:31:33.687 [FXGL Background Thread 3 ] DEBUG Engine               - devShowBBoxProperty: BooleanProperty [value: false]
22:31:33.687 [FXGL Background Thread 3 ] DEBUG Engine               - devShowPositionProperty: BooleanProperty [value: false]
22:31:33.687 [FXGL Background Thread 3 ] DEBUG Engine               - enabledMenuItems: []
22:31:33.687 [FXGL Background Thread 3 ] DEBUG Engine               - engineServices: [class com.almasb.fxgl.app.services.FXGLAssetLoaderService, class com.almasb.fxgl.app.FXGLApplication$GameApplicationService, class com.almasb.fxgl.app.services.FXGLDialogService, class com.almasb.fxgl.app.services.IOTaskExecutorService, class com.almasb.fxgl.io.FileSystemService, class com.almasb.fxgl.localization.LocalizationService, class com.almasb.fxgl.app.services.SystemBundleService, class com.almasb.fxgl.profile.SaveLoadService, class com.almasb.fxgl.ui.FXGLUIFactoryServiceProvider, class com.almasb.fxgl.ui.FXGLDialogFactoryServiceProvider, class com.almasb.fxgl.audio.AudioPlayer, class com.almasb.fxgl.notification.impl.NotificationServiceProvider, class com.almasb.fxgl.achievement.AchievementService, class com.almasb.fxgl.cutscene.CutsceneService, class com.almasb.fxgl.minigames.MiniGameService, class com.almasb.fxgl.net.NetService, class com.almasb.fxgl.app.services.UpdaterService, class com.almasb.fxgl.dev.DevService]
22:31:33.687 [FXGL Background Thread 3 ] DEBUG Engine               - fontGame: Abel-Regular.ttf
22:31:33.687 [FXGL Background Thread 3 ] DEBUG Engine               - fontMono: TerminalLandMono-Regular.otf
22:31:33.687 [FXGL Background Thread 3 ] DEBUG Engine               - fontSizeScaleUI: 1.0
22:31:33.687 [FXGL Background Thread 3 ] DEBUG Engine               - fontText: Courier-Prime.ttf
22:31:33.687 [FXGL Background Thread 3 ] DEBUG Engine               - fontUI: VarelaRound-Regular.ttf
22:31:33.687 [FXGL Background Thread 3 ] DEBUG Engine               - fullScreen: BooleanProperty [value: false]
22:31:33.687 [FXGL Background Thread 3 ] DEBUG Engine               - gameDifficulty: MEDIUM
22:31:33.687 [FXGL Background Thread 3 ] DEBUG Engine               - gameDifficultyProperty: ObjectProperty [value: MEDIUM]
22:31:33.687 [FXGL Background Thread 3 ] DEBUG Engine               - globalMusicVolume: 0.5
22:31:33.687 [FXGL Background Thread 3 ] DEBUG Engine               - globalMusicVolumeProperty: DoubleProperty [value: 0.5]
22:31:33.687 [FXGL Background Thread 3 ] DEBUG Engine               - globalSoundVolume: 0.5
22:31:33.687 [FXGL Background Thread 3 ] DEBUG Engine               - globalSoundVolumeProperty: DoubleProperty [value: 0.5]
22:31:33.688 [FXGL Background Thread 3 ] DEBUG Engine               - height: 600
22:31:33.688 [FXGL Background Thread 3 ] DEBUG Engine               - is3D: false
22:31:33.688 [FXGL Background Thread 3 ] DEBUG Engine               - isAndroid: false
22:31:33.688 [FXGL Background Thread 3 ] DEBUG Engine               - isBrowser: false
22:31:33.689 [FXGL Background Thread 3 ] DEBUG Engine               - isClickFeedbackEnabled: false
22:31:33.689 [FXGL Background Thread 3 ] DEBUG Engine               - isCloseConfirmation: false
22:31:33.689 [FXGL Background Thread 3 ] DEBUG Engine               - isDesktop: true
22:31:33.689 [FXGL Background Thread 3 ] DEBUG Engine               - isDeveloperMenuEnabled: false
22:31:33.689 [FXGL Background Thread 3 ] DEBUG Engine               - isEmbedded: false
22:31:33.689 [FXGL Background Thread 3 ] DEBUG Engine               - isEntityPreloadEnabled: true
22:31:33.689 [FXGL Background Thread 3 ] DEBUG Engine               - isExperimentalTiledLargeMap: false
22:31:33.689 [FXGL Background Thread 3 ] DEBUG Engine               - isFileSystemWriteAllowed: true
22:31:33.690 [FXGL Background Thread 3 ] DEBUG Engine               - isFullScreenAllowed: false
22:31:33.690 [FXGL Background Thread 3 ] DEBUG Engine               - isFullScreenFromStart: false
22:31:33.690 [FXGL Background Thread 3 ] DEBUG Engine               - isGameMenuEnabled: true
22:31:33.690 [FXGL Background Thread 3 ] DEBUG Engine               - isIOS: false
22:31:33.690 [FXGL Background Thread 3 ] DEBUG Engine               - isIntroEnabled: false
22:31:33.690 [FXGL Background Thread 3 ] DEBUG Engine               - isLinux: false
22:31:33.690 [FXGL Background Thread 3 ] DEBUG Engine               - isMac: false
22:31:33.690 [FXGL Background Thread 3 ] DEBUG Engine               - isMainMenuEnabled: true
22:31:33.690 [FXGL Background Thread 3 ] DEBUG Engine               - isManualResizeEnabled: false
22:31:33.690 [FXGL Background Thread 3 ] DEBUG Engine               - isMobile: false
22:31:33.691 [FXGL Background Thread 3 ] DEBUG Engine               - isNative: false
22:31:33.691 [FXGL Background Thread 3 ] DEBUG Engine               - isPauseMusicWhenMinimized: true
22:31:33.691 [FXGL Background Thread 3 ] DEBUG Engine               - isPreserveResizeRatio: false
22:31:33.691 [FXGL Background Thread 3 ] DEBUG Engine               - isProfilingEnabled: false
22:31:33.691 [FXGL Background Thread 3 ] DEBUG Engine               - isScaleAffectedOnResize: true
22:31:33.691 [FXGL Background Thread 3 ] DEBUG Engine               - isSingleStep: false
22:31:33.692 [FXGL Background Thread 3 ] DEBUG Engine               - isUserProfileEnabled: false
22:31:33.692 [FXGL Background Thread 3 ] DEBUG Engine               - isWindows: true
22:31:33.692 [FXGL Background Thread 3 ] DEBUG Engine               - language: ObjectProperty [value: ENGLISH]
22:31:33.692 [FXGL Background Thread 3 ] DEBUG Engine               - menuKey: ESCAPE
22:31:33.692 [FXGL Background Thread 3 ] DEBUG Engine               - mouseSensitivity: 0.2
22:31:33.692 [FXGL Background Thread 3 ] DEBUG Engine               - notificationViewClass: class com.almasb.fxgl.notification.view.XboxNotificationView
22:31:33.692 [FXGL Background Thread 3 ] DEBUG Engine               - pixelsPerMeter: 50.0
22:31:33.692 [FXGL Background Thread 3 ] DEBUG Engine               - platform: WINDOWS
22:31:33.693 [FXGL Background Thread 3 ] DEBUG Engine               - prefHeightProperty: ReadOnlyDoubleProperty [value: 600.0]
22:31:33.693 [FXGL Background Thread 3 ] DEBUG Engine               - prefWidthProperty: ReadOnlyDoubleProperty [value: 800.0]
22:31:33.693 [FXGL Background Thread 3 ] DEBUG Engine               - profileDir: profiles/
22:31:33.693 [FXGL Background Thread 3 ] DEBUG Engine               - profileName: StringProperty [value: DEFAULT]
22:31:33.693 [FXGL Background Thread 3 ] DEBUG Engine               - randomSeed: -1
22:31:33.694 [FXGL Background Thread 3 ] DEBUG Engine               - runtimeInfo: RuntimeInfo(platform=WINDOWS, version=21.1, build=27.03.2024 07.52)
22:31:33.694 [FXGL Background Thread 3 ] DEBUG Engine               - saveFileExt: sav
22:31:33.694 [FXGL Background Thread 3 ] DEBUG Engine               - scaledHeightProp$fxgl: DoubleProperty [bound, value: 600.0]
22:31:33.694 [FXGL Background Thread 3 ] DEBUG Engine               - scaledWidthProp$fxgl: DoubleProperty [bound, value: 800.0]
22:31:33.694 [FXGL Background Thread 3 ] DEBUG Engine               - sceneFactory: com.almasb.fxgl.app.scene.SceneFactory@43bf16e8
22:31:33.694 [FXGL Background Thread 3 ] DEBUG Engine               - secondsIn24h: 60
22:31:33.694 [FXGL Background Thread 3 ] DEBUG Engine               - soundMenuBack: menu/back.wav
22:31:33.694 [FXGL Background Thread 3 ] DEBUG Engine               - soundMenuPress: menu/press.wav
22:31:33.694 [FXGL Background Thread 3 ] DEBUG Engine               - soundMenuSelect: menu/select.wav
22:31:33.694 [FXGL Background Thread 3 ] DEBUG Engine               - soundNotification: core/notification.wav
22:31:33.694 [FXGL Background Thread 3 ] DEBUG Engine               - stageStyle: DECORATED
22:31:33.694 [FXGL Background Thread 3 ] DEBUG Engine               - supportedLanguages: [ENGLISH, FRENCH, GERMAN, HUNGARIAN, RUSSIAN]
22:31:33.695 [FXGL Background Thread 3 ] DEBUG Engine               - ticksPerSecond: -1
22:31:33.695 [FXGL Background Thread 3 ] DEBUG Engine               - title: Gonvival
22:31:33.695 [FXGL Background Thread 3 ] DEBUG Engine               - urlGithub: https://github.com/AlmasB/FXGL
22:31:33.695 [FXGL Background Thread 3 ] DEBUG Engine               - urlLeaderboard: http://fxgl-top.herokuapp.com/
22:31:33.695 [FXGL Background Thread 3 ] DEBUG Engine               - urlPOM: https://raw.githubusercontent.com/AlmasB/FXGL/release/README.md
22:31:33.695 [FXGL Background Thread 3 ] DEBUG Engine               - userAppClass: class com.lab.App
22:31:33.695 [FXGL Background Thread 3 ] DEBUG Engine               - version: beta
22:31:33.695 [FXGL Background Thread 3 ] DEBUG Engine               - versionCheckDays: 7
22:31:33.696 [FXGL Background Thread 3 ] DEBUG Engine               - width: 800
22:31:33.696 [FXGL Background Thread 3 ] DEBUG Engine               - Logging services
22:31:33.696 [FXGL Background Thread 3 ] DEBUG Engine               - class com.almasb.fxgl.app.services.FXGLAssetLoaderService
22:31:33.696 [FXGL Background Thread 3 ] DEBUG Engine               - class com.almasb.fxgl.app.FXGLApplication$GameApplicationService
22:31:33.696 [FXGL Background Thread 3 ] DEBUG Engine               - class com.almasb.fxgl.app.services.FXGLDialogService
22:31:33.696 [FXGL Background Thread 3 ] DEBUG Engine               - class com.almasb.fxgl.app.services.IOTaskExecutorService
22:31:33.696 [FXGL Background Thread 3 ] DEBUG Engine               - class com.almasb.fxgl.io.FileSystemService
22:31:33.696 [FXGL Background Thread 3 ] DEBUG Engine               - class com.almasb.fxgl.localization.LocalizationService
22:31:33.696 [FXGL Background Thread 3 ] DEBUG Engine               - class com.almasb.fxgl.app.services.SystemBundleService
22:31:33.696 [FXGL Background Thread 3 ] DEBUG Engine               - class com.almasb.fxgl.profile.SaveLoadService
22:31:33.696 [FXGL Background Thread 3 ] DEBUG Engine               - class com.almasb.fxgl.ui.FXGLUIFactoryServiceProvider
22:31:33.696 [FXGL Background Thread 3 ] DEBUG Engine               - class com.almasb.fxgl.ui.FXGLDialogFactoryServiceProvider
22:31:33.698 [FXGL Background Thread 3 ] DEBUG Engine               - class com.almasb.fxgl.audio.AudioPlayer
22:31:33.698 [FXGL Background Thread 3 ] DEBUG Engine               - class com.almasb.fxgl.notification.impl.NotificationServiceProvider
22:31:33.698 [FXGL Background Thread 3 ] DEBUG Engine               - class com.almasb.fxgl.achievement.AchievementService
22:31:33.698 [FXGL Background Thread 3 ] DEBUG Engine               - class com.almasb.fxgl.cutscene.CutsceneService
22:31:33.698 [FXGL Background Thread 3 ] DEBUG Engine               - class com.almasb.fxgl.minigames.MiniGameService
22:31:33.698 [FXGL Background Thread 3 ] DEBUG Engine               - class com.almasb.fxgl.net.NetService
22:31:33.698 [FXGL Background Thread 3 ] DEBUG Engine               - class com.almasb.fxgl.app.services.UpdaterService
22:31:33.698 [FXGL Background Thread 3 ] DEBUG Engine               - class com.almasb.fxgl.dev.DevService
22:31:33.856 [JavaFX Application Thread] DEBUG FXGLAssetLoaderServi - Loading from file system: file:/D:/Gonvival/game/target/classes/assets/textures/arrow.png
22:31:38.444 [JavaFX Application Thread] DEBUG FXGLApplication      - Exiting FXGL
22:31:38.445 [JavaFX Application Thread] DEBUG LoopRunner           - Stopping loop
22:31:38.445 [JavaFX Application Thread] DEBUG SystemBundleService  - Saving FXGL system data
22:31:38.447 [JavaFX Application Thread] DEBUG FileSystemAccess     - Writing to: D:\Gonvival\system\fxgl.bundle
22:31:38.451 [JavaFX Application Thread] DEBUG Async                - Shutting down background threads
22:31:38.451 [JavaFX Application Thread] DEBUG PrimaryStageWindow   - Closing main window
22:31:38.537 [JavaFX Application Thread] DEBUG Logger               - Closing Logger
