07:33:42.486 [main                     ] DEBUG Logger               - Configured Logger
07:33:42.512 [main                     ] DEBUG GameApplication      - Logging settings
Title: Gonvival
Version: beta
Width: 800
Height: 800
Fullscreen: false
Intro: false
Profiling: false
Single step:false
App Mode: DEVELOPER
Menu Key: ESCAPE
Stage Style: DECORATED
Scene Factory: class com.almasb.fxgl.app.scene.SceneFactory

07:33:43.815 [JavaFX Application Thread] DEBUG FXGLApplication      - Initializing FXGL
07:33:43.820 [JavaFX Application Thread] INFO  Engine               - FXGL-21.1 (27.03.2024 07.52) on WINDOWS (J:21.0.5 FX:21.0.1)
07:33:43.820 [JavaFX Application Thread] DEBUG Engine               - JRE Vendor Name: Eclipse Adoptium
07:33:43.821 [JavaFX Application Thread] DEBUG Engine               - Running on OS: Windows 11 version 10.0
07:33:43.821 [JavaFX Application Thread] DEBUG Engine               - Architecture: amd64
07:33:43.821 [JavaFX Application Thread] INFO  Engine               - Source code and latest versions at: https://github.com/AlmasB/FXGL
07:33:43.821 [JavaFX Application Thread] INFO  Engine               -       Ask questions and discuss at: https://github.com/AlmasB/FXGL/discussions
07:33:43.822 [JavaFX Application Thread] INFO  Engine               -              Join the FXGL chat at: https://gitter.im/AlmasB/FXGL
07:33:43.927 [JavaFX Application Thread] DEBUG PrimaryStageWindow   - Creating a JavaFX scene
07:33:44.027 [JavaFX Application Thread] DEBUG PrimaryStageWindow   - Target settings size: 800.0 x 800.0
07:33:44.027 [JavaFX Application Thread] DEBUG PrimaryStageWindow   - Scaled scene size:    800.0 x 800.0
07:33:44.027 [JavaFX Application Thread] DEBUG PrimaryStageWindow   - Scaled ratio: (1.0, 1.0)
07:33:44.029 [JavaFX Application Thread] DEBUG PrimaryStageWindow   - Set initial scene to FXGLStartupScene
07:33:44.032 [JavaFX Application Thread] DEBUG PrimaryStageWindow   - Opening main window
07:33:44.176 [JavaFX Application Thread] DEBUG PrimaryStageWindow   - Window border size: (14.4000244140625, 37.5999755859375)
07:33:44.176 [JavaFX Application Thread] DEBUG PrimaryStageWindow   - Scaled size: 800.0 x 800.0
07:33:44.176 [JavaFX Application Thread] DEBUG PrimaryStageWindow   - Scaled ratio: (1.0, 1.0)
07:33:44.177 [JavaFX Application Thread] DEBUG PrimaryStageWindow   - Scene size: 800.0 x 800.0
07:33:44.177 [JavaFX Application Thread] DEBUG PrimaryStageWindow   - Stage size: 814.4000244140625 x 837.5999755859375
07:33:44.194 [FXGL Background Thread 1 ] DEBUG Engine               - Initializing environment variables
07:33:44.293 [FXGL Background Thread 1 ] DEBUG FXGLAssetLoaderServi - User app class for loading assets: class com.lab.App
07:33:44.294 [FXGL Background Thread 1 ] DEBUG GameApplicationServi - Applying CSS: fxgl_dark.css
07:33:44.294 [FXGL Background Thread 1 ] DEBUG FXGLAssetLoaderServi - Loading from file system: jar:file:/C:/Users/HP/.m2/repository/com/github/almasb/fxgl/21.1/fxgl-21.1.jar!/fxglassets/ui/css/fxgl_dark.css
07:33:44.374 [FXGL Background Thread 1 ] DEBUG GameApplicationServi - Initializing application scenes
07:33:44.470 [FXGL Background Thread 1 ] DEBUG GameWorld            - Game world initialized
07:33:44.567 [FXGL Background Thread 1 ] DEBUG PhysicsWorld         - Physics world initialized: appHeight=800, physics.ppm=50.0
07:33:44.567 [FXGL Background Thread 1 ] DEBUG PhysicsWorld         - Using strategy: BRUTE_FORCE
07:33:44.571 [FXGL Background Thread 1 ] DEBUG GameScene            - Game scene initialized: 800x800
07:33:44.585 [FXGL Background Thread 1 ] DEBUG FXGL.DefaultMenu     - createMenuBodyMainMenu()
07:33:44.598 [FXGL Background Thread 1 ] DEBUG FXGL.DefaultMenu     - createOptionsMenu()
07:33:44.612 [FXGL Background Thread 1 ] DEBUG FXGLAssetLoaderServi - Loading from file system: jar:file:/C:/Users/HP/.m2/repository/com/github/almasb/fxgl/21.1/fxgl-21.1.jar!/fxglassets/textures/particles/smoke.png
07:33:44.766 [FXGL Background Thread 1 ] DEBUG FXGLAssetLoaderServi - Loading from file system: jar:file:/C:/Users/HP/.m2/repository/com/github/almasb/fxgl/21.1/fxgl-21.1.jar!/fxglassets/textures/particles/trace_horizontal.png
07:33:44.799 [FXGL Background Thread 1 ] DEBUG FXGL.DefaultMenu     - createMenuBodyGameMenu()
07:33:44.800 [FXGL Background Thread 1 ] DEBUG FXGL.DefaultMenu     - createOptionsMenu()
07:33:44.815 [FXGL Background Thread 1 ] DEBUG GameApplicationServi - Application scenes initialized
07:33:44.833 [FXGL Background Thread 1 ] DEBUG SystemBundleService  - Loading FXGL system data
07:33:44.842 [FXGL Background Thread 1 ] DEBUG FileSystemAccess     - Reading from: D:\Gonvival\system\fxgl.bundle
07:33:44.853 [FXGL Background Thread 1 ] DEBUG SystemBundleService  - Bundle FXGL: {}
07:33:44.853 [FXGL Background Thread 1 ] DEBUG UpdaterService       - Checking for updates
07:33:44.857 [FXGL Background Thread 4 ] DEBUG FXGLApplication      - Loading fonts
07:33:44.858 [FXGL Background Thread 4 ] DEBUG FXGLAssetLoaderServi - Loading from file system: jar:file:/C:/Users/HP/.m2/repository/com/github/almasb/fxgl/21.1/fxgl-21.1.jar!/fxglassets/ui/fonts/VarelaRound-Regular.ttf
07:33:44.862 [FXGL Background Thread 1 ] DEBUG FXGLApplication      - Loading default localization
07:33:44.863 [FXGL Background Thread 1 ] DEBUG FXGLAssetLoaderServi - Loading from file system: jar:file:/C:/Users/HP/.m2/repository/com/github/almasb/fxgl/21.1/fxgl-21.1.jar!/fxglassets/languages/english.lang
07:33:44.946 [FXGL Background Thread 1 ] INFO  FXGLApplication      - FXGL initialization took: 0.752 sec
07:33:44.949 [JavaFX Application Thread] DEBUG FXGLAssetLoaderServi - Loading from file system: jar:file:/C:/Users/HP/.m2/repository/com/github/almasb/fxgl/21.1/fxgl-21.1.jar!/fxglassets/textures/fxgl_icon.png
07:33:44.951 [FXGL Background Thread 4 ] DEBUG FXGLAssetLoaderServi - Loading from file system: jar:file:/C:/Users/HP/.m2/repository/com/github/almasb/fxgl/21.1/fxgl-21.1.jar!/fxglassets/ui/fonts/Abel-Regular.ttf
07:33:44.958 [FXGL Background Thread 4 ] DEBUG FXGLAssetLoaderServi - Loading from file system: jar:file:/C:/Users/HP/.m2/repository/com/github/almasb/fxgl/21.1/fxgl-21.1.jar!/fxglassets/ui/fonts/TerminalLandMono-Regular.otf
07:33:44.965 [FXGL Background Thread 4 ] DEBUG FXGLAssetLoaderServi - Loading from file system: jar:file:/C:/Users/HP/.m2/repository/com/github/almasb/fxgl/21.1/fxgl-21.1.jar!/fxglassets/ui/fonts/Courier-Prime.ttf
07:33:44.987 [JavaFX Application Thread] DEBUG FXGLAssetLoaderServi - Loading from file system: jar:file:/C:/Users/HP/.m2/repository/com/github/almasb/fxgl/21.1/fxgl-21.1.jar!/fxglassets/textures/fxgl_default_cursor.png
07:33:45.002 [JavaFX Application Thread] DEBUG Input                - Registered new binding: Screenshot - CTRL+8
07:33:45.003 [JavaFX Application Thread] DEBUG Input                - Registered new binding: System info dump - CTRL+9
07:33:45.004 [JavaFX Application Thread] DEBUG Input                - Registered new binding: Restart - CTRL+R
07:33:45.005 [JavaFX Application Thread] DEBUG Input                - Registered new binding: Toggle Debug Camera - CTRL+7
07:33:45.009 [JavaFX Application Thread] DEBUG LoopRunner           - Starting loop
07:33:45.009 [JavaFX Application Thread] DEBUG LoopRunner           - Initializing JavaFX AnimationTimerLoop
07:33:45.012 [JavaFX Application Thread] DEBUG Input                - Clearing active input actions
07:33:45.020 [JavaFX Application Thread] DEBUG GameApplicationServi - Removing overlay from FXGLStartupScene and adding to FXGLMainMenuDummyScene
07:33:45.021 [JavaFX Application Thread] DEBUG PrimaryStageWindow   - FXGLStartupScene -> FXGLMainMenuDummyScene
07:33:45.021 [JavaFX Application Thread] DEBUG PrimaryStageWindow   - Push state: FXGLDefaultMenu
07:33:45.039 [JavaFX Application Thread] DEBUG Input                - Clearing active input actions
07:33:45.056 [JavaFX Application Thread] DEBUG GameApplicationServi - Removing overlay from FXGLMainMenuDummyScene and adding to FXGLDefaultMenu
07:33:45.057 [JavaFX Application Thread] DEBUG PrimaryStageWindow   - FXGLMainMenuDummyScene -> FXGLDefaultMenu
07:33:45.068 [JavaFX Application Thread] DEBUG FXGLApplication      - Registering font factories with UI factory
07:33:45.956 [JavaFX Application Thread] DEBUG Menu                 - fireNewGame()
07:33:45.957 [JavaFX Application Thread] DEBUG GameApplicationServi - Starting new game
07:33:45.961 [JavaFX Application Thread] DEBUG PrimaryStageWindow   - Pop state: FXGLDefaultMenu
07:33:45.961 [JavaFX Application Thread] DEBUG Input                - Clearing active input actions
07:33:45.963 [JavaFX Application Thread] DEBUG GameApplicationServi - Removing overlay from FXGLDefaultMenu and adding to FXGLMainMenuDummyScene
07:33:45.964 [JavaFX Application Thread] DEBUG PrimaryStageWindow   - FXGLMainMenuDummyScene <- FXGLDefaultMenu
07:33:45.965 [JavaFX Application Thread] DEBUG Input                - Clearing active input actions
07:33:45.982 [JavaFX Application Thread] DEBUG GameApplicationServi - Removing overlay from FXGLMainMenuDummyScene and adding to FXGLLoadingScene
07:33:45.982 [JavaFX Application Thread] DEBUG PrimaryStageWindow   - FXGLMainMenuDummyScene -> FXGLLoadingScene
07:33:45.982 [JavaFX Application Thread] DEBUG GameApplicationServi - Clearing previous game
07:33:45.982 [JavaFX Application Thread] DEBUG GameScene            - Clearing game scene
07:33:45.982 [JavaFX Application Thread] DEBUG GameWorld            - Clearing game world
07:33:45.982 [JavaFX Application Thread] DEBUG PhysicsWorld         - Clearing physics world
07:33:45.986 [FXGL Background Thread 2 ] DEBUG FXGLApplication      - Initializing game
07:33:46.008 [FXGL Background Thread 2 ] DEBUG FXGLAssetLoaderServi - Loading from file system: file:/D:/Gonvival/game/target/classes/assets/textures/map.png
07:33:46.089 [FXGL Background Thread 2 ] DEBUG FXGLAssetLoaderServi - Loading from file system: file:/D:/Gonvival/game/target/classes/assets/textures/idle_down.png
07:33:46.097 [FXGL Background Thread 2 ] DEBUG FXGLAssetLoaderServi - Loading from file system: file:/D:/Gonvival/game/target/classes/assets/textures/idle_up.png
07:33:46.101 [FXGL Background Thread 2 ] DEBUG FXGLAssetLoaderServi - Loading from file system: file:/D:/Gonvival/game/target/classes/assets/textures/idle_left_down.png
07:33:46.103 [FXGL Background Thread 2 ] DEBUG FXGLAssetLoaderServi - Loading from file system: file:/D:/Gonvival/game/target/classes/assets/textures/idle_left_up.png
07:33:46.106 [FXGL Background Thread 2 ] DEBUG FXGLAssetLoaderServi - Loading from file system: file:/D:/Gonvival/game/target/classes/assets/textures/idle_right_down.png
07:33:46.108 [FXGL Background Thread 2 ] DEBUG FXGLAssetLoaderServi - Loading from file system: file:/D:/Gonvival/game/target/classes/assets/textures/idle_right_up.png
07:33:46.110 [FXGL Background Thread 2 ] DEBUG FXGLAssetLoaderServi - Loading from file system: file:/D:/Gonvival/game/target/classes/assets/textures/walk_left_down.png
07:33:46.113 [FXGL Background Thread 2 ] DEBUG FXGLAssetLoaderServi - Loading from file system: file:/D:/Gonvival/game/target/classes/assets/textures/walk_right_down.png
07:33:46.115 [FXGL Background Thread 2 ] DEBUG FXGLAssetLoaderServi - Loading from file system: file:/D:/Gonvival/game/target/classes/assets/textures/walk_up.png
07:33:46.118 [FXGL Background Thread 2 ] DEBUG FXGLAssetLoaderServi - Loading from file system: file:/D:/Gonvival/game/target/classes/assets/textures/walk_down.png
07:33:46.120 [FXGL Background Thread 2 ] DEBUG FXGLAssetLoaderServi - Loading from file system: file:/D:/Gonvival/game/target/classes/assets/textures/walk_left_up.png
07:33:46.122 [FXGL Background Thread 2 ] DEBUG FXGLAssetLoaderServi - Loading from file system: file:/D:/Gonvival/game/target/classes/assets/textures/walk_right_up.png
07:33:46.134 [FXGL Background Thread 2 ] INFO  FXGLApplication      - Game initialization took: 0.148 sec
07:33:46.137 [JavaFX Application Thread] DEBUG Input                - Clearing active input actions
07:33:46.145 [JavaFX Application Thread] DEBUG GameApplicationServi - Removing overlay from FXGLLoadingScene and adding to GameScene
07:33:46.145 [JavaFX Application Thread] DEBUG PrimaryStageWindow   - FXGLLoadingScene -> GameScene
07:33:46.231 [JavaFX Application Thread] DEBUG Input                - Registered new binding: SHOOT - LMB
07:33:46.231 [JavaFX Application Thread] DEBUG Input                - Registered new binding: MOVE LEFT - A
07:33:46.231 [JavaFX Application Thread] DEBUG Input                - Registered new binding: MOVE RIGHT - D
07:33:46.232 [JavaFX Application Thread] DEBUG Input                - Registered new binding: MOVE UP - W
07:33:46.232 [JavaFX Application Thread] DEBUG Input                - Registered new binding: MOVE DOWN - S
07:33:46.923 [JavaFX Application Thread] DEBUG FXGLAssetLoaderServi - Loading from file system: file:/D:/Gonvival/game/target/classes/assets/textures/evil.png
07:33:47.871 [FXGL Background Thread 3 ] DEBUG Engine               - Logging environment variables
07:33:47.874 [FXGL Background Thread 3 ] DEBUG Engine               - achievements: []
07:33:47.874 [FXGL Background Thread 3 ] DEBUG Engine               - actualHeight: 800.0
07:33:47.875 [FXGL Background Thread 3 ] DEBUG Engine               - actualHeightProperty: ReadOnlyDoubleProperty [value: 800.0]
07:33:47.875 [FXGL Background Thread 3 ] DEBUG Engine               - actualWidth: 800.0
07:33:47.876 [FXGL Background Thread 3 ] DEBUG Engine               - actualWidthProperty: ReadOnlyDoubleProperty [value: 800.0]
07:33:47.876 [FXGL Background Thread 3 ] DEBUG Engine               - appIcon: fxgl_icon.png
07:33:47.876 [FXGL Background Thread 3 ] DEBUG Engine               - applicationMode: DEVELOPER
07:33:47.876 [FXGL Background Thread 3 ] DEBUG Engine               - cSSList: [fxgl_dark.css]
07:33:47.876 [FXGL Background Thread 3 ] DEBUG Engine               - collisionDetectionStrategy: BRUTE_FORCE
07:33:47.877 [FXGL Background Thread 3 ] DEBUG Engine               - configClass: Optional.empty
07:33:47.877 [FXGL Background Thread 3 ] DEBUG Engine               - credits: []
07:33:47.878 [FXGL Background Thread 3 ] DEBUG Engine               - defaultCursor: CursorInfo(imageName=fxgl_default_cursor.png, hotspotX=7.0, hotspotY=6.0)
07:33:47.879 [FXGL Background Thread 3 ] DEBUG Engine               - devBBoxColorProperty: ObjectProperty [value: 0xff0000ff]
07:33:47.879 [FXGL Background Thread 3 ] DEBUG Engine               - devEnableDebugCameraProperty: BooleanProperty [value: false]
07:33:47.879 [FXGL Background Thread 3 ] DEBUG Engine               - devSensorColorProperty: ObjectProperty [value: 0xffff00ff]
07:33:47.879 [FXGL Background Thread 3 ] DEBUG Engine               - devShowBBoxProperty: BooleanProperty [value: false]
07:33:47.880 [FXGL Background Thread 3 ] DEBUG Engine               - devShowPositionProperty: BooleanProperty [value: false]
07:33:47.880 [FXGL Background Thread 3 ] DEBUG Engine               - enabledMenuItems: []
07:33:47.880 [FXGL Background Thread 3 ] DEBUG Engine               - engineServices: [class com.almasb.fxgl.app.services.FXGLAssetLoaderService, class com.almasb.fxgl.app.FXGLApplication$GameApplicationService, class com.almasb.fxgl.app.services.FXGLDialogService, class com.almasb.fxgl.app.services.IOTaskExecutorService, class com.almasb.fxgl.io.FileSystemService, class com.almasb.fxgl.localization.LocalizationService, class com.almasb.fxgl.app.services.SystemBundleService, class com.almasb.fxgl.profile.SaveLoadService, class com.almasb.fxgl.ui.FXGLUIFactoryServiceProvider, class com.almasb.fxgl.ui.FXGLDialogFactoryServiceProvider, class com.almasb.fxgl.audio.AudioPlayer, class com.almasb.fxgl.notification.impl.NotificationServiceProvider, class com.almasb.fxgl.achievement.AchievementService, class com.almasb.fxgl.cutscene.CutsceneService, class com.almasb.fxgl.minigames.MiniGameService, class com.almasb.fxgl.net.NetService, class com.almasb.fxgl.app.services.UpdaterService, class com.almasb.fxgl.dev.DevService]
07:33:47.880 [FXGL Background Thread 3 ] DEBUG Engine               - fontGame: Abel-Regular.ttf
07:33:47.880 [FXGL Background Thread 3 ] DEBUG Engine               - fontMono: TerminalLandMono-Regular.otf
07:33:47.880 [FXGL Background Thread 3 ] DEBUG Engine               - fontSizeScaleUI: 1.0
07:33:47.880 [FXGL Background Thread 3 ] DEBUG Engine               - fontText: Courier-Prime.ttf
07:33:47.881 [FXGL Background Thread 3 ] DEBUG Engine               - fontUI: VarelaRound-Regular.ttf
07:33:47.881 [FXGL Background Thread 3 ] DEBUG Engine               - fullScreen: BooleanProperty [value: false]
07:33:47.881 [FXGL Background Thread 3 ] DEBUG Engine               - gameDifficulty: MEDIUM
07:33:47.882 [FXGL Background Thread 3 ] DEBUG Engine               - gameDifficultyProperty: ObjectProperty [value: MEDIUM]
07:33:47.882 [FXGL Background Thread 3 ] DEBUG Engine               - globalMusicVolume: 0.5
07:33:47.883 [FXGL Background Thread 3 ] DEBUG Engine               - globalMusicVolumeProperty: DoubleProperty [value: 0.5]
07:33:47.883 [FXGL Background Thread 3 ] DEBUG Engine               - globalSoundVolume: 0.5
07:33:47.884 [FXGL Background Thread 3 ] DEBUG Engine               - globalSoundVolumeProperty: DoubleProperty [value: 0.5]
07:33:47.885 [FXGL Background Thread 3 ] DEBUG Engine               - height: 800
07:33:47.885 [FXGL Background Thread 3 ] DEBUG Engine               - is3D: false
07:33:47.885 [FXGL Background Thread 3 ] DEBUG Engine               - isAndroid: false
07:33:47.885 [FXGL Background Thread 3 ] DEBUG Engine               - isBrowser: false
07:33:47.885 [FXGL Background Thread 3 ] DEBUG Engine               - isClickFeedbackEnabled: false
07:33:47.885 [FXGL Background Thread 3 ] DEBUG Engine               - isCloseConfirmation: false
07:33:47.886 [FXGL Background Thread 3 ] DEBUG Engine               - isDesktop: true
07:33:47.886 [FXGL Background Thread 3 ] DEBUG Engine               - isDeveloperMenuEnabled: false
07:33:47.886 [FXGL Background Thread 3 ] DEBUG Engine               - isEmbedded: false
07:33:47.886 [FXGL Background Thread 3 ] DEBUG Engine               - isEntityPreloadEnabled: true
07:33:47.886 [FXGL Background Thread 3 ] DEBUG Engine               - isExperimentalTiledLargeMap: false
07:33:47.886 [FXGL Background Thread 3 ] DEBUG Engine               - isFileSystemWriteAllowed: true
07:33:47.886 [FXGL Background Thread 3 ] DEBUG Engine               - isFullScreenAllowed: false
07:33:47.886 [FXGL Background Thread 3 ] DEBUG Engine               - isFullScreenFromStart: false
07:33:47.887 [FXGL Background Thread 3 ] DEBUG Engine               - isGameMenuEnabled: true
07:33:47.887 [FXGL Background Thread 3 ] DEBUG Engine               - isIOS: false
07:33:47.887 [FXGL Background Thread 3 ] DEBUG Engine               - isIntroEnabled: false
07:33:47.887 [FXGL Background Thread 3 ] DEBUG Engine               - isLinux: false
07:33:47.887 [FXGL Background Thread 3 ] DEBUG Engine               - isMac: false
07:33:47.887 [FXGL Background Thread 3 ] DEBUG Engine               - isMainMenuEnabled: true
07:33:47.887 [FXGL Background Thread 3 ] DEBUG Engine               - isManualResizeEnabled: false
07:33:47.888 [FXGL Background Thread 3 ] DEBUG Engine               - isMobile: false
07:33:47.888 [FXGL Background Thread 3 ] DEBUG Engine               - isNative: false
07:33:47.888 [FXGL Background Thread 3 ] DEBUG Engine               - isPauseMusicWhenMinimized: true
07:33:47.888 [FXGL Background Thread 3 ] DEBUG Engine               - isPreserveResizeRatio: false
07:33:47.888 [FXGL Background Thread 3 ] DEBUG Engine               - isProfilingEnabled: false
07:33:47.888 [FXGL Background Thread 3 ] DEBUG Engine               - isScaleAffectedOnResize: true
07:33:47.888 [FXGL Background Thread 3 ] DEBUG Engine               - isSingleStep: false
07:33:47.888 [FXGL Background Thread 3 ] DEBUG Engine               - isUserProfileEnabled: false
07:33:47.889 [FXGL Background Thread 3 ] DEBUG Engine               - isWindows: true
07:33:47.889 [FXGL Background Thread 3 ] DEBUG Engine               - language: ObjectProperty [value: ENGLISH]
07:33:47.890 [FXGL Background Thread 3 ] DEBUG Engine               - menuKey: ESCAPE
07:33:47.890 [FXGL Background Thread 3 ] DEBUG Engine               - mouseSensitivity: 0.2
07:33:47.890 [FXGL Background Thread 3 ] DEBUG Engine               - notificationViewClass: class com.almasb.fxgl.notification.view.XboxNotificationView
07:33:47.890 [FXGL Background Thread 3 ] DEBUG Engine               - pixelsPerMeter: 50.0
07:33:47.890 [FXGL Background Thread 3 ] DEBUG Engine               - platform: WINDOWS
07:33:47.891 [FXGL Background Thread 3 ] DEBUG Engine               - prefHeightProperty: ReadOnlyDoubleProperty [value: 800.0]
07:33:47.891 [FXGL Background Thread 3 ] DEBUG Engine               - prefWidthProperty: ReadOnlyDoubleProperty [value: 800.0]
07:33:47.891 [FXGL Background Thread 3 ] DEBUG Engine               - profileDir: profiles/
07:33:47.892 [FXGL Background Thread 3 ] DEBUG Engine               - profileName: StringProperty [value: DEFAULT]
07:33:47.892 [FXGL Background Thread 3 ] DEBUG Engine               - randomSeed: -1
07:33:47.892 [FXGL Background Thread 3 ] DEBUG Engine               - runtimeInfo: RuntimeInfo(platform=WINDOWS, version=21.1, build=27.03.2024 07.52)
07:33:47.892 [FXGL Background Thread 3 ] DEBUG Engine               - saveFileExt: sav
07:33:47.892 [FXGL Background Thread 3 ] DEBUG Engine               - scaledHeightProp$fxgl: DoubleProperty [bound, value: 800.0]
07:33:47.893 [FXGL Background Thread 3 ] DEBUG Engine               - scaledWidthProp$fxgl: DoubleProperty [bound, value: 800.0]
07:33:47.893 [FXGL Background Thread 3 ] DEBUG Engine               - sceneFactory: com.almasb.fxgl.app.scene.SceneFactory@7117e6fe
07:33:47.893 [FXGL Background Thread 3 ] DEBUG Engine               - secondsIn24h: 60
07:33:47.893 [FXGL Background Thread 3 ] DEBUG Engine               - soundMenuBack: menu/back.wav
07:33:47.893 [FXGL Background Thread 3 ] DEBUG Engine               - soundMenuPress: menu/press.wav
07:33:47.893 [FXGL Background Thread 3 ] DEBUG Engine               - soundMenuSelect: menu/select.wav
07:33:47.893 [FXGL Background Thread 3 ] DEBUG Engine               - soundNotification: core/notification.wav
07:33:47.893 [FXGL Background Thread 3 ] DEBUG Engine               - stageStyle: DECORATED
07:33:47.893 [FXGL Background Thread 3 ] DEBUG Engine               - supportedLanguages: [ENGLISH, FRENCH, GERMAN, HUNGARIAN, RUSSIAN]
07:33:47.894 [FXGL Background Thread 3 ] DEBUG Engine               - ticksPerSecond: -1
07:33:47.894 [FXGL Background Thread 3 ] DEBUG Engine               - title: Gonvival
07:33:47.894 [FXGL Background Thread 3 ] DEBUG Engine               - urlGithub: https://github.com/AlmasB/FXGL
07:33:47.894 [FXGL Background Thread 3 ] DEBUG Engine               - urlLeaderboard: http://fxgl-top.herokuapp.com/
07:33:47.894 [FXGL Background Thread 3 ] DEBUG Engine               - urlPOM: https://raw.githubusercontent.com/AlmasB/FXGL/release/README.md
07:33:47.894 [FXGL Background Thread 3 ] DEBUG Engine               - userAppClass: class com.lab.App
07:33:47.894 [FXGL Background Thread 3 ] DEBUG Engine               - version: beta
07:33:47.894 [FXGL Background Thread 3 ] DEBUG Engine               - versionCheckDays: 7
07:33:47.894 [FXGL Background Thread 3 ] DEBUG Engine               - width: 800
07:33:47.895 [FXGL Background Thread 3 ] DEBUG Engine               - Logging services
07:33:47.895 [FXGL Background Thread 3 ] DEBUG Engine               - class com.almasb.fxgl.app.services.FXGLAssetLoaderService
07:33:47.895 [FXGL Background Thread 3 ] DEBUG Engine               - class com.almasb.fxgl.app.FXGLApplication$GameApplicationService
07:33:47.895 [FXGL Background Thread 3 ] DEBUG Engine               - class com.almasb.fxgl.app.services.FXGLDialogService
07:33:47.895 [FXGL Background Thread 3 ] DEBUG Engine               - class com.almasb.fxgl.app.services.IOTaskExecutorService
07:33:47.895 [FXGL Background Thread 3 ] DEBUG Engine               - class com.almasb.fxgl.io.FileSystemService
07:33:47.895 [FXGL Background Thread 3 ] DEBUG Engine               - class com.almasb.fxgl.localization.LocalizationService
07:33:47.895 [FXGL Background Thread 3 ] DEBUG Engine               - class com.almasb.fxgl.app.services.SystemBundleService
07:33:47.895 [FXGL Background Thread 3 ] DEBUG Engine               - class com.almasb.fxgl.profile.SaveLoadService
07:33:47.896 [FXGL Background Thread 3 ] DEBUG Engine               - class com.almasb.fxgl.ui.FXGLUIFactoryServiceProvider
07:33:47.896 [FXGL Background Thread 3 ] DEBUG Engine               - class com.almasb.fxgl.ui.FXGLDialogFactoryServiceProvider
07:33:47.896 [FXGL Background Thread 3 ] DEBUG Engine               - class com.almasb.fxgl.audio.AudioPlayer
07:33:47.896 [FXGL Background Thread 3 ] DEBUG Engine               - class com.almasb.fxgl.notification.impl.NotificationServiceProvider
07:33:47.896 [FXGL Background Thread 3 ] DEBUG Engine               - class com.almasb.fxgl.achievement.AchievementService
07:33:47.896 [FXGL Background Thread 3 ] DEBUG Engine               - class com.almasb.fxgl.cutscene.CutsceneService
07:33:47.896 [FXGL Background Thread 3 ] DEBUG Engine               - class com.almasb.fxgl.minigames.MiniGameService
07:33:47.896 [FXGL Background Thread 3 ] DEBUG Engine               - class com.almasb.fxgl.net.NetService
07:33:47.896 [FXGL Background Thread 3 ] DEBUG Engine               - class com.almasb.fxgl.app.services.UpdaterService
07:33:47.897 [FXGL Background Thread 3 ] DEBUG Engine               - class com.almasb.fxgl.dev.DevService
07:33:49.194 [JavaFX Application Thread] DEBUG FXGLAssetLoaderServi - Loading from file system: file:/D:/Gonvival/game/target/classes/assets/textures/arrow.png
07:35:29.413 [JavaFX Application Thread] DEBUG FXGLApplication      - Exiting FXGL
07:35:29.413 [JavaFX Application Thread] DEBUG LoopRunner           - Stopping loop
07:35:29.413 [JavaFX Application Thread] DEBUG SystemBundleService  - Saving FXGL system data
07:35:29.416 [JavaFX Application Thread] DEBUG FileSystemAccess     - Writing to: D:\Gonvival\system\fxgl.bundle
07:35:29.419 [JavaFX Application Thread] DEBUG Async                - Shutting down background threads
07:35:29.419 [JavaFX Application Thread] DEBUG PrimaryStageWindow   - Closing main window
07:35:29.454 [JavaFX Application Thread] DEBUG Logger               - Closing Logger
