00:02:37.011 [main                     ] DEBUG Logger               - Configured Logger
00:02:37.078 [main                     ] DEBUG GameApplication      - Logging settings
Title: Gonvival
Version: beta
Width: 800
Height: 800
Fullscreen: false
Intro: false
Profiling: false
Single step:false
App Mode: DEVELOPER
Menu Key: ESCAPE
Stage Style: DECORATED
Scene Factory: class com.almasb.fxgl.app.scene.SceneFactory

00:02:38.800 [JavaFX Application Thread] DEBUG FXGLApplication      - Initializing FXGL
00:02:38.814 [JavaFX Application Thread] INFO  Engine               - FXGL-21.1 (27.03.2024 07.52) on WINDOWS (J:21.0.5 FX:21.0.1)
00:02:38.815 [JavaFX Application Thread] DEBUG Engine               - JRE Vendor Name: Eclipse Adoptium
00:02:38.815 [JavaFX Application Thread] DEBUG Engine               - Running on OS: Windows 10 version 10.0
00:02:38.815 [JavaFX Application Thread] DEBUG Engine               - Architecture: amd64
00:02:38.816 [JavaFX Application Thread] INFO  Engine               - Source code and latest versions at: https://github.com/AlmasB/FXGL
00:02:38.816 [JavaFX Application Thread] INFO  Engine               -       Ask questions and discuss at: https://github.com/AlmasB/FXGL/discussions
00:02:39.171 [JavaFX Application Thread] INFO  Engine               -              Join the FXGL chat at: https://gitter.im/AlmasB/FXGL
00:02:39.525 [JavaFX Application Thread] DEBUG PrimaryStageWindow   - Creating a JavaFX scene
00:02:39.526 [JavaFX Application Thread] DEBUG PrimaryStageWindow   - Target size > screen size
00:02:39.670 [JavaFX Application Thread] DEBUG PrimaryStageWindow   - Target settings size: 800.0 x 800.0
00:02:39.671 [JavaFX Application Thread] DEBUG PrimaryStageWindow   - Scaled scene size:    703.0 x 728.0
00:02:39.672 [JavaFX Application Thread] DEBUG PrimaryStageWindow   - Scaled ratio: (0.87875, 0.91)
00:02:39.674 [JavaFX Application Thread] DEBUG PrimaryStageWindow   - Set initial scene to FXGLStartupScene
00:02:39.689 [JavaFX Application Thread] DEBUG PrimaryStageWindow   - Opening main window
00:02:40.558 [JavaFX Application Thread] DEBUG PrimaryStageWindow   - Window border size: (16.0, 39.0)
00:02:40.559 [JavaFX Application Thread] DEBUG PrimaryStageWindow   - Scaled size: 703.0 x 728.0
00:02:40.560 [JavaFX Application Thread] DEBUG PrimaryStageWindow   - Scaled ratio: (0.87875, 0.91)
00:02:40.561 [JavaFX Application Thread] DEBUG PrimaryStageWindow   - Scene size: 703.0 x 728.0
00:02:40.562 [JavaFX Application Thread] DEBUG PrimaryStageWindow   - Stage size: 719.0 x 767.0
00:02:40.581 [FXGL Background Thread 1 ] DEBUG Engine               - Initializing environment variables
00:02:42.673 [FXGL Background Thread 1 ] DEBUG FXGLAssetLoaderServi - User app class for loading assets: class com.lab.App
00:02:42.673 [FXGL Background Thread 1 ] DEBUG GameApplicationServi - Applying CSS: fxgl_dark.css
00:02:42.675 [FXGL Background Thread 1 ] DEBUG FXGLAssetLoaderServi - Loading from file system: jar:file:/C:/Users/Khana/.m2/repository/com/github/almasb/fxgl/21.1/fxgl-21.1.jar!/fxglassets/ui/css/fxgl_dark.css
00:02:43.000 [FXGL Background Thread 1 ] DEBUG GameApplicationServi - Initializing application scenes
00:02:44.443 [FXGL Background Thread 1 ] DEBUG GameWorld            - Game world initialized
00:02:45.282 [FXGL Background Thread 1 ] DEBUG PhysicsWorld         - Physics world initialized: appHeight=800, physics.ppm=50.0
00:02:45.283 [FXGL Background Thread 1 ] DEBUG PhysicsWorld         - Using strategy: BRUTE_FORCE
00:02:45.287 [FXGL Background Thread 1 ] DEBUG GameScene            - Game scene initialized: 800x800
00:02:45.456 [FXGL Background Thread 1 ] DEBUG FXGL.DefaultMenu     - createMenuBodyMainMenu()
00:02:45.708 [FXGL Background Thread 1 ] DEBUG FXGL.DefaultMenu     - createOptionsMenu()
00:02:45.915 [FXGL Background Thread 1 ] DEBUG FXGLAssetLoaderServi - Loading from file system: jar:file:/C:/Users/Khana/.m2/repository/com/github/almasb/fxgl/21.1/fxgl-21.1.jar!/fxglassets/textures/particles/smoke.png
00:02:47.575 [FXGL Background Thread 1 ] DEBUG FXGLAssetLoaderServi - Loading from file system: jar:file:/C:/Users/Khana/.m2/repository/com/github/almasb/fxgl/21.1/fxgl-21.1.jar!/fxglassets/textures/particles/trace_horizontal.png
00:02:47.703 [FXGL Background Thread 1 ] DEBUG FXGL.DefaultMenu     - createMenuBodyGameMenu()
00:02:47.707 [FXGL Background Thread 1 ] DEBUG FXGL.DefaultMenu     - createOptionsMenu()
00:02:47.739 [FXGL Background Thread 1 ] DEBUG GameApplicationServi - Application scenes initialized
00:02:47.805 [FXGL Background Thread 1 ] DEBUG SystemBundleService  - Loading FXGL system data
00:02:47.901 [FXGL Background Thread 1 ] DEBUG FileSystemAccess     - Reading from: E:\Labs\Gonvival\system\fxgl.bundle
00:02:48.508 [FXGL Background Thread 1 ] DEBUG SystemBundleService  - Bundle FXGL: {}
00:02:48.509 [FXGL Background Thread 1 ] DEBUG UpdaterService       - Checking for updates
00:02:48.907 [FXGL Background Thread 4 ] DEBUG FXGLApplication      - Loading fonts
00:02:48.908 [FXGL Background Thread 4 ] DEBUG FXGLAssetLoaderServi - Loading from file system: jar:file:/C:/Users/Khana/.m2/repository/com/github/almasb/fxgl/21.1/fxgl-21.1.jar!/fxglassets/ui/fonts/VarelaRound-Regular.ttf
00:02:48.909 [FXGL Background Thread 1 ] DEBUG FXGLApplication      - Loading default localization
00:02:48.962 [FXGL Background Thread 1 ] DEBUG FXGLAssetLoaderServi - Loading from file system: jar:file:/C:/Users/Khana/.m2/repository/com/github/almasb/fxgl/21.1/fxgl-21.1.jar!/fxglassets/languages/english.lang
00:02:49.245 [FXGL Background Thread 1 ] INFO  FXGLApplication      - FXGL initialization took: 8.663 sec
00:02:49.268 [JavaFX Application Thread] DEBUG FXGLAssetLoaderServi - Loading from file system: jar:file:/C:/Users/Khana/.m2/repository/com/github/almasb/fxgl/21.1/fxgl-21.1.jar!/fxglassets/textures/fxgl_icon.png
00:02:49.473 [JavaFX Application Thread] DEBUG FXGLAssetLoaderServi - Loading from file system: jar:file:/C:/Users/Khana/.m2/repository/com/github/almasb/fxgl/21.1/fxgl-21.1.jar!/fxglassets/textures/fxgl_default_cursor.png
00:02:49.497 [JavaFX Application Thread] DEBUG Input                - Registered new binding: Screenshot - CTRL+8
00:02:49.499 [JavaFX Application Thread] DEBUG Input                - Registered new binding: Dev Options - 1
00:02:49.499 [JavaFX Application Thread] DEBUG Input                - Registered new binding: Dev Console - 2
00:02:49.500 [JavaFX Application Thread] DEBUG Input                - Registered new binding: System info dump - CTRL+9
00:02:49.501 [JavaFX Application Thread] DEBUG Input                - Registered new binding: Restart - CTRL+R
00:02:49.503 [JavaFX Application Thread] DEBUG Input                - Registered new binding: Toggle Debug Camera - CTRL+7
00:02:49.514 [JavaFX Application Thread] DEBUG LoopRunner           - Starting loop
00:02:49.798 [JavaFX Application Thread] DEBUG LoopRunner           - Initializing JavaFX AnimationTimerLoop
00:02:49.804 [JavaFX Application Thread] DEBUG Input                - Clearing active input actions
00:02:49.818 [JavaFX Application Thread] DEBUG GameApplicationServi - Removing overlay from FXGLStartupScene and adding to FXGLMainMenuDummyScene
00:02:49.826 [JavaFX Application Thread] DEBUG PrimaryStageWindow   - FXGLStartupScene -> FXGLMainMenuDummyScene
00:02:49.826 [JavaFX Application Thread] DEBUG PrimaryStageWindow   - Push state: FXGLDefaultMenu
00:02:50.326 [JavaFX Application Thread] DEBUG Input                - Clearing active input actions
00:02:50.335 [FXGL Background Thread 4 ] DEBUG FXGLAssetLoaderServi - Loading from file system: jar:file:/C:/Users/Khana/.m2/repository/com/github/almasb/fxgl/21.1/fxgl-21.1.jar!/fxglassets/ui/fonts/Abel-Regular.ttf
00:02:50.345 [FXGL Background Thread 4 ] DEBUG FXGLAssetLoaderServi - Loading from file system: jar:file:/C:/Users/Khana/.m2/repository/com/github/almasb/fxgl/21.1/fxgl-21.1.jar!/fxglassets/ui/fonts/TerminalLandMono-Regular.otf
00:02:50.346 [JavaFX Application Thread] DEBUG GameApplicationServi - Removing overlay from FXGLMainMenuDummyScene and adding to FXGLDefaultMenu
00:02:50.347 [JavaFX Application Thread] DEBUG PrimaryStageWindow   - FXGLMainMenuDummyScene -> FXGLDefaultMenu
00:02:50.590 [FXGL Background Thread 4 ] DEBUG FXGLAssetLoaderServi - Loading from file system: jar:file:/C:/Users/Khana/.m2/repository/com/github/almasb/fxgl/21.1/fxgl-21.1.jar!/fxglassets/ui/fonts/Courier-Prime.ttf
00:02:51.804 [JavaFX Application Thread] DEBUG FXGLApplication      - Registering font factories with UI factory
00:02:51.905 [FXGL Background Thread 3 ] DEBUG Engine               - Logging environment variables
00:02:51.906 [FXGL Background Thread 3 ] DEBUG Engine               - achievements: []
00:02:51.907 [FXGL Background Thread 3 ] DEBUG Engine               - actualHeight: 728.0
00:02:51.907 [FXGL Background Thread 3 ] DEBUG Engine               - actualHeightProperty: ReadOnlyDoubleProperty [value: 728.0]
00:02:51.909 [FXGL Background Thread 3 ] DEBUG Engine               - actualWidth: 703.0
00:02:51.910 [FXGL Background Thread 3 ] DEBUG Engine               - actualWidthProperty: ReadOnlyDoubleProperty [value: 703.0]
00:02:51.910 [FXGL Background Thread 3 ] DEBUG Engine               - appIcon: fxgl_icon.png
00:02:51.910 [FXGL Background Thread 3 ] DEBUG Engine               - applicationMode: DEVELOPER
00:02:51.910 [FXGL Background Thread 3 ] DEBUG Engine               - cSSList: [fxgl_dark.css]
00:02:51.911 [FXGL Background Thread 3 ] DEBUG Engine               - collisionDetectionStrategy: BRUTE_FORCE
00:02:51.911 [FXGL Background Thread 3 ] DEBUG Engine               - configClass: Optional.empty
00:02:51.911 [FXGL Background Thread 3 ] DEBUG Engine               - credits: []
00:02:51.911 [FXGL Background Thread 3 ] DEBUG Engine               - defaultCursor: CursorInfo(imageName=fxgl_default_cursor.png, hotspotX=7.0, hotspotY=6.0)
00:02:51.912 [FXGL Background Thread 3 ] DEBUG Engine               - devBBoxColorProperty: ObjectProperty [value: 0xff0000ff]
00:02:51.912 [FXGL Background Thread 3 ] DEBUG Engine               - devEnableDebugCameraProperty: BooleanProperty [value: false]
00:02:51.912 [FXGL Background Thread 3 ] DEBUG Engine               - devSensorColorProperty: ObjectProperty [value: 0xffff00ff]
00:02:51.913 [FXGL Background Thread 3 ] DEBUG Engine               - devShowBBoxProperty: BooleanProperty [value: false]
00:02:51.913 [FXGL Background Thread 3 ] DEBUG Engine               - devShowPositionProperty: BooleanProperty [value: false]
00:02:51.947 [FXGL Background Thread 3 ] DEBUG Engine               - enabledMenuItems: []
00:02:51.947 [FXGL Background Thread 3 ] DEBUG Engine               - engineServices: [class com.almasb.fxgl.app.services.FXGLAssetLoaderService, class com.almasb.fxgl.app.FXGLApplication$GameApplicationService, class com.almasb.fxgl.app.services.FXGLDialogService, class com.almasb.fxgl.app.services.IOTaskExecutorService, class com.almasb.fxgl.io.FileSystemService, class com.almasb.fxgl.localization.LocalizationService, class com.almasb.fxgl.app.services.SystemBundleService, class com.almasb.fxgl.profile.SaveLoadService, class com.almasb.fxgl.ui.FXGLUIFactoryServiceProvider, class com.almasb.fxgl.ui.FXGLDialogFactoryServiceProvider, class com.almasb.fxgl.audio.AudioPlayer, class com.almasb.fxgl.notification.impl.NotificationServiceProvider, class com.almasb.fxgl.achievement.AchievementService, class com.almasb.fxgl.cutscene.CutsceneService, class com.almasb.fxgl.minigames.MiniGameService, class com.almasb.fxgl.net.NetService, class com.almasb.fxgl.app.services.UpdaterService, class com.almasb.fxgl.dev.DevService]
00:02:51.948 [FXGL Background Thread 3 ] DEBUG Engine               - fontGame: Abel-Regular.ttf
00:02:51.948 [FXGL Background Thread 3 ] DEBUG Engine               - fontMono: TerminalLandMono-Regular.otf
00:02:51.948 [FXGL Background Thread 3 ] DEBUG Engine               - fontSizeScaleUI: 1.0
00:02:51.948 [FXGL Background Thread 3 ] DEBUG Engine               - fontText: Courier-Prime.ttf
00:02:51.948 [FXGL Background Thread 3 ] DEBUG Engine               - fontUI: VarelaRound-Regular.ttf
00:02:51.948 [FXGL Background Thread 3 ] DEBUG Engine               - fullScreen: BooleanProperty [value: false]
00:02:51.948 [FXGL Background Thread 3 ] DEBUG Engine               - gameDifficulty: MEDIUM
00:02:51.948 [FXGL Background Thread 3 ] DEBUG Engine               - gameDifficultyProperty: ObjectProperty [value: MEDIUM]
00:02:51.949 [FXGL Background Thread 3 ] DEBUG Engine               - globalMusicVolume: 0.5
00:02:51.949 [FXGL Background Thread 3 ] DEBUG Engine               - globalMusicVolumeProperty: DoubleProperty [value: 0.5]
00:02:51.949 [FXGL Background Thread 3 ] DEBUG Engine               - globalSoundVolume: 0.5
00:02:51.949 [FXGL Background Thread 3 ] DEBUG Engine               - globalSoundVolumeProperty: DoubleProperty [value: 0.5]
00:02:51.950 [FXGL Background Thread 3 ] DEBUG Engine               - height: 800
00:02:51.950 [FXGL Background Thread 3 ] DEBUG Engine               - is3D: false
00:02:51.950 [FXGL Background Thread 3 ] DEBUG Engine               - isAndroid: false
00:02:51.950 [FXGL Background Thread 3 ] DEBUG Engine               - isBrowser: false
00:02:51.950 [FXGL Background Thread 3 ] DEBUG Engine               - isClickFeedbackEnabled: false
00:02:51.950 [FXGL Background Thread 3 ] DEBUG Engine               - isCloseConfirmation: false
00:02:51.950 [FXGL Background Thread 3 ] DEBUG Engine               - isDesktop: true
00:02:51.951 [FXGL Background Thread 3 ] DEBUG Engine               - isDeveloperMenuEnabled: true
00:02:51.951 [FXGL Background Thread 3 ] DEBUG Engine               - isEmbedded: false
00:02:51.951 [FXGL Background Thread 3 ] DEBUG Engine               - isEntityPreloadEnabled: true
00:02:51.951 [FXGL Background Thread 3 ] DEBUG Engine               - isExperimentalTiledLargeMap: false
00:02:51.951 [FXGL Background Thread 3 ] DEBUG Engine               - isFileSystemWriteAllowed: true
00:02:51.951 [FXGL Background Thread 3 ] DEBUG Engine               - isFullScreenAllowed: false
00:02:51.951 [FXGL Background Thread 3 ] DEBUG Engine               - isFullScreenFromStart: false
00:02:51.951 [FXGL Background Thread 3 ] DEBUG Engine               - isGameMenuEnabled: true
00:02:51.951 [FXGL Background Thread 3 ] DEBUG Engine               - isIOS: false
00:02:51.952 [FXGL Background Thread 3 ] DEBUG Engine               - isIntroEnabled: false
00:02:51.952 [FXGL Background Thread 3 ] DEBUG Engine               - isLinux: false
00:02:51.952 [FXGL Background Thread 3 ] DEBUG Engine               - isMac: false
00:02:51.952 [FXGL Background Thread 3 ] DEBUG Engine               - isMainMenuEnabled: true
00:02:51.952 [FXGL Background Thread 3 ] DEBUG Engine               - isManualResizeEnabled: false
00:02:51.952 [FXGL Background Thread 3 ] DEBUG Engine               - isMobile: false
00:02:51.952 [FXGL Background Thread 3 ] DEBUG Engine               - isNative: false
00:02:51.952 [FXGL Background Thread 3 ] DEBUG Engine               - isPauseMusicWhenMinimized: true
00:02:51.953 [FXGL Background Thread 3 ] DEBUG Engine               - isPreserveResizeRatio: false
00:02:51.953 [FXGL Background Thread 3 ] DEBUG Engine               - isProfilingEnabled: false
00:02:51.953 [FXGL Background Thread 3 ] DEBUG Engine               - isScaleAffectedOnResize: true
00:02:51.953 [FXGL Background Thread 3 ] DEBUG Engine               - isSingleStep: false
00:02:51.953 [FXGL Background Thread 3 ] DEBUG Engine               - isUserProfileEnabled: false
00:02:51.953 [FXGL Background Thread 3 ] DEBUG Engine               - isWindows: true
00:02:51.954 [FXGL Background Thread 3 ] DEBUG Engine               - language: ObjectProperty [value: ENGLISH]
00:02:51.954 [FXGL Background Thread 3 ] DEBUG Engine               - menuKey: ESCAPE
00:02:51.954 [FXGL Background Thread 3 ] DEBUG Engine               - mouseSensitivity: 0.2
00:02:51.954 [FXGL Background Thread 3 ] DEBUG Engine               - notificationViewClass: class com.almasb.fxgl.notification.view.XboxNotificationView
00:02:51.954 [FXGL Background Thread 3 ] DEBUG Engine               - pixelsPerMeter: 50.0
00:02:51.954 [FXGL Background Thread 3 ] DEBUG Engine               - platform: WINDOWS
00:02:51.954 [FXGL Background Thread 3 ] DEBUG Engine               - prefHeightProperty: ReadOnlyDoubleProperty [value: 800.0]
00:02:51.954 [FXGL Background Thread 3 ] DEBUG Engine               - prefWidthProperty: ReadOnlyDoubleProperty [value: 800.0]
00:02:51.954 [FXGL Background Thread 3 ] DEBUG Engine               - profileDir: profiles/
00:02:51.955 [FXGL Background Thread 3 ] DEBUG Engine               - profileName: StringProperty [value: DEFAULT]
00:02:51.955 [FXGL Background Thread 3 ] DEBUG Engine               - randomSeed: -1
00:02:51.955 [FXGL Background Thread 3 ] DEBUG Engine               - runtimeInfo: RuntimeInfo(platform=WINDOWS, version=21.1, build=27.03.2024 07.52)
00:02:51.955 [FXGL Background Thread 3 ] DEBUG Engine               - saveFileExt: sav
00:02:51.956 [FXGL Background Thread 3 ] DEBUG Engine               - scaledHeightProp$fxgl: DoubleProperty [bound, value: 728.0]
00:02:51.956 [FXGL Background Thread 3 ] DEBUG Engine               - scaledWidthProp$fxgl: DoubleProperty [bound, value: 703.0]
00:02:51.956 [FXGL Background Thread 3 ] DEBUG Engine               - sceneFactory: com.almasb.fxgl.app.scene.SceneFactory@88a7c10
00:02:51.956 [FXGL Background Thread 3 ] DEBUG Engine               - secondsIn24h: 60
00:02:51.956 [FXGL Background Thread 3 ] DEBUG Engine               - soundMenuBack: menu/back.wav
00:02:51.956 [FXGL Background Thread 3 ] DEBUG Engine               - soundMenuPress: menu/press.wav
00:02:51.956 [FXGL Background Thread 3 ] DEBUG Engine               - soundMenuSelect: menu/select.wav
00:02:51.956 [FXGL Background Thread 3 ] DEBUG Engine               - soundNotification: core/notification.wav
00:02:51.956 [FXGL Background Thread 3 ] DEBUG Engine               - stageStyle: DECORATED
00:02:51.957 [FXGL Background Thread 3 ] DEBUG Engine               - supportedLanguages: [ENGLISH, FRENCH, GERMAN, HUNGARIAN, RUSSIAN]
00:02:51.957 [FXGL Background Thread 3 ] DEBUG Engine               - ticksPerSecond: -1
00:02:51.957 [FXGL Background Thread 3 ] DEBUG Engine               - title: Gonvival
00:02:51.957 [FXGL Background Thread 3 ] DEBUG Engine               - urlGithub: https://github.com/AlmasB/FXGL
00:02:51.957 [FXGL Background Thread 3 ] DEBUG Engine               - urlLeaderboard: http://fxgl-top.herokuapp.com/
00:02:51.957 [FXGL Background Thread 3 ] DEBUG Engine               - urlPOM: https://raw.githubusercontent.com/AlmasB/FXGL/release/README.md
00:02:51.957 [FXGL Background Thread 3 ] DEBUG Engine               - userAppClass: class com.lab.App
00:02:51.957 [FXGL Background Thread 3 ] DEBUG Engine               - version: beta
00:02:51.958 [FXGL Background Thread 3 ] DEBUG Engine               - versionCheckDays: 7
00:02:51.958 [FXGL Background Thread 3 ] DEBUG Engine               - width: 800
00:02:51.958 [FXGL Background Thread 3 ] DEBUG Engine               - Logging services
00:02:51.958 [FXGL Background Thread 3 ] DEBUG Engine               - class com.almasb.fxgl.app.services.FXGLAssetLoaderService
00:02:51.958 [FXGL Background Thread 3 ] DEBUG Engine               - class com.almasb.fxgl.app.FXGLApplication$GameApplicationService
00:02:51.958 [FXGL Background Thread 3 ] DEBUG Engine               - class com.almasb.fxgl.app.services.FXGLDialogService
00:02:51.959 [FXGL Background Thread 3 ] DEBUG Engine               - class com.almasb.fxgl.app.services.IOTaskExecutorService
00:02:51.959 [FXGL Background Thread 3 ] DEBUG Engine               - class com.almasb.fxgl.io.FileSystemService
00:02:51.959 [FXGL Background Thread 3 ] DEBUG Engine               - class com.almasb.fxgl.localization.LocalizationService
00:02:51.959 [FXGL Background Thread 3 ] DEBUG Engine               - class com.almasb.fxgl.app.services.SystemBundleService
00:02:51.959 [FXGL Background Thread 3 ] DEBUG Engine               - class com.almasb.fxgl.profile.SaveLoadService
00:02:51.959 [FXGL Background Thread 3 ] DEBUG Engine               - class com.almasb.fxgl.ui.FXGLUIFactoryServiceProvider
00:02:51.959 [FXGL Background Thread 3 ] DEBUG Engine               - class com.almasb.fxgl.ui.FXGLDialogFactoryServiceProvider
00:02:51.960 [FXGL Background Thread 3 ] DEBUG Engine               - class com.almasb.fxgl.audio.AudioPlayer
00:02:51.960 [FXGL Background Thread 3 ] DEBUG Engine               - class com.almasb.fxgl.notification.impl.NotificationServiceProvider
00:02:51.960 [FXGL Background Thread 3 ] DEBUG Engine               - class com.almasb.fxgl.achievement.AchievementService
00:02:51.960 [FXGL Background Thread 3 ] DEBUG Engine               - class com.almasb.fxgl.cutscene.CutsceneService
00:02:51.961 [FXGL Background Thread 3 ] DEBUG Engine               - class com.almasb.fxgl.minigames.MiniGameService
00:02:51.961 [FXGL Background Thread 3 ] DEBUG Engine               - class com.almasb.fxgl.net.NetService
00:02:51.961 [FXGL Background Thread 3 ] DEBUG Engine               - class com.almasb.fxgl.app.services.UpdaterService
00:02:51.961 [FXGL Background Thread 3 ] DEBUG Engine               - class com.almasb.fxgl.dev.DevService
00:02:55.266 [JavaFX Application Thread] DEBUG Menu                 - fireNewGame()
00:02:55.266 [JavaFX Application Thread] DEBUG GameApplicationServi - Starting new game
00:02:55.270 [JavaFX Application Thread] DEBUG PrimaryStageWindow   - Pop state: FXGLDefaultMenu
00:02:55.270 [JavaFX Application Thread] DEBUG Input                - Clearing active input actions
00:02:55.272 [JavaFX Application Thread] DEBUG GameApplicationServi - Removing overlay from FXGLDefaultMenu and adding to FXGLMainMenuDummyScene
00:02:55.279 [JavaFX Application Thread] DEBUG PrimaryStageWindow   - FXGLMainMenuDummyScene <- FXGLDefaultMenu
00:02:55.280 [JavaFX Application Thread] DEBUG Input                - Clearing active input actions
00:02:55.300 [JavaFX Application Thread] DEBUG GameApplicationServi - Removing overlay from FXGLMainMenuDummyScene and adding to FXGLLoadingScene
00:02:55.301 [JavaFX Application Thread] DEBUG PrimaryStageWindow   - FXGLMainMenuDummyScene -> FXGLLoadingScene
00:02:55.301 [JavaFX Application Thread] DEBUG GameApplicationServi - Clearing previous game
00:02:55.301 [JavaFX Application Thread] DEBUG GameScene            - Clearing game scene
00:02:55.302 [JavaFX Application Thread] DEBUG GameWorld            - Clearing game world
00:02:55.302 [JavaFX Application Thread] DEBUG PhysicsWorld         - Clearing physics world
00:02:55.307 [FXGL Background Thread 4 ] DEBUG FXGLApplication      - Initializing game
00:02:55.341 [FXGL Background Thread 4 ] DEBUG FXGLAssetLoaderServi - Loading from file system: file:/E:/Labs/Gonvival/game/target/classes/assets/textures/map.png
00:02:56.079 [FXGL Background Thread 4 ] DEBUG FXGLAssetLoaderServi - Loading from file system: file:/E:/Labs/Gonvival/game/target/classes/assets/textures/idle_down.png
00:02:56.318 [FXGL Background Thread 4 ] DEBUG FXGLAssetLoaderServi - Loading from file system: file:/E:/Labs/Gonvival/game/target/classes/assets/textures/idle_up.png
00:02:56.321 [FXGL Background Thread 4 ] DEBUG FXGLAssetLoaderServi - Loading from file system: file:/E:/Labs/Gonvival/game/target/classes/assets/textures/idle_left_down.png
00:02:56.337 [FXGL Background Thread 4 ] DEBUG FXGLAssetLoaderServi - Loading from file system: file:/E:/Labs/Gonvival/game/target/classes/assets/textures/idle_left_up.png
00:02:56.339 [FXGL Background Thread 4 ] DEBUG FXGLAssetLoaderServi - Loading from file system: file:/E:/Labs/Gonvival/game/target/classes/assets/textures/idle_right_down.png
00:02:56.345 [FXGL Background Thread 4 ] DEBUG FXGLAssetLoaderServi - Loading from file system: file:/E:/Labs/Gonvival/game/target/classes/assets/textures/idle_right_up.png
00:02:56.349 [FXGL Background Thread 4 ] DEBUG FXGLAssetLoaderServi - Loading from file system: file:/E:/Labs/Gonvival/game/target/classes/assets/textures/walk_left_down.png
00:02:56.352 [FXGL Background Thread 4 ] DEBUG FXGLAssetLoaderServi - Loading from file system: file:/E:/Labs/Gonvival/game/target/classes/assets/textures/walk_right_down.png
00:02:56.355 [FXGL Background Thread 4 ] DEBUG FXGLAssetLoaderServi - Loading from file system: file:/E:/Labs/Gonvival/game/target/classes/assets/textures/walk_up.png
00:02:56.357 [FXGL Background Thread 4 ] DEBUG FXGLAssetLoaderServi - Loading from file system: file:/E:/Labs/Gonvival/game/target/classes/assets/textures/walk_down.png
00:02:56.362 [FXGL Background Thread 4 ] DEBUG FXGLAssetLoaderServi - Loading from file system: file:/E:/Labs/Gonvival/game/target/classes/assets/textures/walk_left_up.png
00:02:56.365 [FXGL Background Thread 4 ] DEBUG FXGLAssetLoaderServi - Loading from file system: file:/E:/Labs/Gonvival/game/target/classes/assets/textures/walk_right_up.png
00:02:56.449 [FXGL Background Thread 4 ] INFO  FXGLApplication      - Game initialization took: 1.142 sec
00:02:56.520 [JavaFX Application Thread] DEBUG Input                - Clearing active input actions
00:02:56.536 [JavaFX Application Thread] DEBUG GameApplicationServi - Removing overlay from FXGLLoadingScene and adding to GameScene
00:02:56.550 [JavaFX Application Thread] DEBUG PrimaryStageWindow   - FXGLLoadingScene -> GameScene
00:02:56.775 [JavaFX Application Thread] DEBUG Input                - Registered new binding: SHOOT - LMB
00:02:56.783 [JavaFX Application Thread] DEBUG Input                - Registered new binding: MOVE LEFT - A
00:02:56.784 [JavaFX Application Thread] DEBUG Input                - Registered new binding: MOVE RIGHT - D
00:02:56.784 [JavaFX Application Thread] DEBUG Input                - Registered new binding: MOVE UP - W
00:02:56.785 [JavaFX Application Thread] DEBUG Input                - Registered new binding: MOVE DOWN - S
00:02:57.366 [JavaFX Application Thread] DEBUG FXGLAssetLoaderServi - Loading from file system: file:/E:/Labs/Gonvival/game/target/classes/assets/textures/evil.png
00:02:57.607 [JavaFX Application Thread] DEBUG FXGLAssetLoaderServi - Loading from file system: file:/E:/Labs/Gonvival/game/target/classes/assets/textures/arrow.png
00:03:57.897 [JavaFX Application Thread] DEBUG PrimaryStageWindow   - Push state: DialogSubScene
00:03:57.897 [JavaFX Application Thread] DEBUG Input                - Clearing active input actions
00:03:57.899 [JavaFX Application Thread] DEBUG GameApplicationServi - Removing overlay from GameScene and adding to DialogSubScene
00:03:57.903 [JavaFX Application Thread] DEBUG PrimaryStageWindow   - GameScene -> DialogSubScene
00:03:59.145 [JavaFX Application Thread] DEBUG PrimaryStageWindow   - Pop state: DialogSubScene
00:03:59.146 [JavaFX Application Thread] DEBUG Input                - Clearing active input actions
00:03:59.147 [JavaFX Application Thread] DEBUG GameApplicationServi - Removing overlay from DialogSubScene and adding to GameScene
00:03:59.149 [JavaFX Application Thread] DEBUG PrimaryStageWindow   - GameScene <- DialogSubScene
00:03:59.149 [JavaFX Application Thread] DEBUG Input                - Clearing active input actions
00:03:59.165 [JavaFX Application Thread] DEBUG GameApplicationServi - Removing overlay from GameScene and adding to FXGLMainMenuDummyScene
00:03:59.166 [JavaFX Application Thread] DEBUG PrimaryStageWindow   - GameScene -> FXGLMainMenuDummyScene
00:03:59.166 [JavaFX Application Thread] DEBUG PrimaryStageWindow   - Push state: FXGLDefaultMenu
00:03:59.167 [JavaFX Application Thread] DEBUG Input                - Clearing active input actions
00:03:59.170 [JavaFX Application Thread] DEBUG GameApplicationServi - Removing overlay from FXGLMainMenuDummyScene and adding to FXGLDefaultMenu
00:03:59.182 [JavaFX Application Thread] DEBUG PrimaryStageWindow   - FXGLMainMenuDummyScene -> FXGLDefaultMenu
00:04:01.109 [JavaFX Application Thread] DEBUG Menu                 - fireNewGame()
00:04:01.109 [JavaFX Application Thread] DEBUG GameApplicationServi - Starting new game
00:04:01.110 [JavaFX Application Thread] DEBUG PrimaryStageWindow   - Pop state: FXGLDefaultMenu
00:04:01.110 [JavaFX Application Thread] DEBUG Input                - Clearing active input actions
00:04:01.112 [JavaFX Application Thread] DEBUG GameApplicationServi - Removing overlay from FXGLDefaultMenu and adding to FXGLMainMenuDummyScene
00:04:01.113 [JavaFX Application Thread] DEBUG PrimaryStageWindow   - FXGLMainMenuDummyScene <- FXGLDefaultMenu
00:04:01.114 [JavaFX Application Thread] DEBUG Input                - Clearing active input actions
00:04:01.137 [JavaFX Application Thread] DEBUG GameApplicationServi - Removing overlay from FXGLMainMenuDummyScene and adding to FXGLLoadingScene
00:04:01.137 [JavaFX Application Thread] DEBUG PrimaryStageWindow   - FXGLMainMenuDummyScene -> FXGLLoadingScene
00:04:01.138 [JavaFX Application Thread] DEBUG GameApplicationServi - Clearing previous game
00:04:01.138 [JavaFX Application Thread] DEBUG GameScene            - Clearing game scene
00:04:01.139 [JavaFX Application Thread] DEBUG GameWorld            - Clearing game world
00:04:01.140 [JavaFX Application Thread] DEBUG PhysicsWorld         - Clearing physics world
00:04:01.144 [FXGL Background Thread 2 ] DEBUG FXGLApplication      - Initializing game
00:04:01.157 [FXGL Background Thread 2 ] INFO  FXGLApplication      - Game initialization took: 0.013 sec
00:04:01.269 [JavaFX Application Thread] DEBUG Input                - Clearing active input actions
00:04:01.291 [JavaFX Application Thread] DEBUG GameApplicationServi - Removing overlay from FXGLLoadingScene and adding to GameScene
00:04:01.297 [JavaFX Application Thread] DEBUG PrimaryStageWindow   - FXGLLoadingScene -> GameScene
00:04:01.366 [JavaFX Application Thread] DEBUG LoopRunner           - Stopping loop
00:04:01.535 [JavaFX Application Thread] FATAL FXGLApplication      - Uncaught Exception:
java.lang.IllegalArgumentException: Action already exists: SHOOT
	at com.almasb.fxgl.input.Input.addBinding(Input.kt:504)
	at com.almasb.fxgl.input.Input.addAction(Input.kt:487)
	at com.almasb.fxgl.input.Input.addAction$default(Input.kt:486)
	at com.almasb.fxgl.input.Input.addAction(Input.kt)
	at com.lab.App.initInput(App.java:179)
	at com.lab.App.lambda$1(App.java:97)
	at com.almasb.fxgl.time.TimerAction.update(TimerAction.kt:69)
	at com.almasb.fxgl.time.Timer.update(Timer.kt:38)
	at com.almasb.fxgl.scene.Scene.update(Scene.kt:104)
	at com.almasb.fxgl.app.MainWindow$update$1.invoke(MainWindow.kt:121)
	at com.almasb.fxgl.app.MainWindow$update$1.invoke(MainWindow.kt:121)
	at com.almasb.fxgl.core.fsm.StateMachine.runOnActiveStates(StateMachine.kt:69)
	at com.almasb.fxgl.app.MainWindow.update(MainWindow.kt:121)
	at com.almasb.fxgl.app.FXGLApplication$GameApplicationService.onUpdate(FXGLApplication.kt:445)
	at com.almasb.fxgl.app.Engine.loop(Engine.kt:134)
	at com.almasb.fxgl.app.Engine.access$loop(Engine.kt:24)
	at com.almasb.fxgl.app.Engine$loop$1.invoke(Engine.kt:28)
	at com.almasb.fxgl.app.Engine$loop$1.invoke(Engine.kt:28)
	at com.almasb.fxgl.app.LoopRunner.frame(LoopRunner.kt:103)
	at com.almasb.fxgl.app.LoopRunner.access$frame(LoopRunner.kt:23)
	at com.almasb.fxgl.app.LoopRunner$impl$2$1.onTick(LoopRunner.kt:57)
	at com.almasb.fxgl.app.AnimationTimerLoop$timer$1.handle(LoopRunner.kt:137)
	at javafx.animation.AnimationTimer$AnimationTimerReceiver.lambda$handle$0(AnimationTimer.java:58)
	at java.base/java.security.AccessController.doPrivileged(AccessController.java:400)
	at javafx.animation.AnimationTimer$AnimationTimerReceiver.handle(AnimationTimer.java:57)
	at com.sun.scenario.animation.AbstractPrimaryTimer.timePulseImpl(AbstractPrimaryTimer.java:356)
	at com.sun.scenario.animation.AbstractPrimaryTimer$MainLoop.run(AbstractPrimaryTimer.java:266)
	at com.sun.javafx.tk.quantum.QuantumToolkit.pulse(QuantumToolkit.java:588)
	at com.sun.javafx.tk.quantum.QuantumToolkit.pulse(QuantumToolkit.java:572)
	at com.sun.javafx.tk.quantum.QuantumToolkit.pulseFromQueue(QuantumToolkit.java:565)
	at com.sun.javafx.tk.quantum.QuantumToolkit.lambda$runToolkit$11(QuantumToolkit.java:352)
	at com.sun.glass.ui.InvokeLaterDispatcher$Future.run(InvokeLaterDispatcher.java:95)
	at com.sun.glass.ui.win.WinApplication._runLoop(Native Method)
	at com.sun.glass.ui.win.WinApplication.lambda$runLoop$3(WinApplication.java:185)
	at java.base/java.lang.Thread.run(Thread.java:1583)

00:04:01.759 [JavaFX Application Thread] FATAL FXGLApplication      - Application will now exit
00:04:01.775 [JavaFX Application Thread] DEBUG PrimaryStageWindow   - Push state: ErrorSubScene
00:04:01.775 [JavaFX Application Thread] DEBUG Input                - Clearing active input actions
00:04:01.776 [JavaFX Application Thread] DEBUG GameApplicationServi - Removing overlay from GameScene and adding to ErrorSubScene
00:04:01.778 [JavaFX Application Thread] DEBUG PrimaryStageWindow   - GameScene -> ErrorSubScene
00:04:03.593 [JavaFX Application Thread] DEBUG FXGLApplication      - Exiting FXGL
00:04:03.593 [JavaFX Application Thread] DEBUG Async                - Shutting down background threads
00:04:03.594 [JavaFX Application Thread] DEBUG PrimaryStageWindow   - Closing main window
00:04:03.791 [JavaFX Application Thread] DEBUG Logger               - Closing Logger
