21:02:12.062 [main                     ] DEBUG Logger               - Configured Logger
21:02:12.114 [main                     ] DEBUG GameApplication      - Logging settings
Title: Gonvival
Version: beta
Width: 800
Height: 600
Fullscreen: false
Intro: false
Profiling: false
Single step:false
App Mode: DEVELOPER
Menu Key: ESCAPE
Stage Style: DECORATED
Scene Factory: class com.almasb.fxgl.app.scene.SceneFactory

21:02:13.768 [JavaFX Application Thread] DEBUG FXGLApplication      - Initializing FXGL
21:02:13.773 [JavaFX Application Thread] INFO  Engine               - FXGL-21.1 (27.03.2024 07.52) on WINDOWS (J:21.0.5 FX:21.0.1)
21:02:13.774 [JavaFX Application Thread] DEBUG Engine               - JRE Vendor Name: Eclipse Adoptium
21:02:13.774 [JavaFX Application Thread] DEBUG Engine               - Running on OS: Windows 11 version 10.0
21:02:13.774 [JavaFX Application Thread] DEBUG Engine               - Architecture: amd64
21:02:13.774 [JavaFX Application Thread] INFO  Engine               - Source code and latest versions at: https://github.com/AlmasB/FXGL
21:02:13.775 [JavaFX Application Thread] INFO  Engine               -       Ask questions and discuss at: https://github.com/AlmasB/FXGL/discussions
21:02:13.775 [JavaFX Application Thread] INFO  Engine               -              Join the FXGL chat at: https://gitter.im/AlmasB/FXGL
21:02:13.990 [JavaFX Application Thread] DEBUG PrimaryStageWindow   - Creating a JavaFX scene
21:02:14.054 [JavaFX Application Thread] DEBUG PrimaryStageWindow   - Target settings size: 800.0 x 600.0
21:02:14.054 [JavaFX Application Thread] DEBUG PrimaryStageWindow   - Scaled scene size:    800.0 x 600.0
21:02:14.054 [JavaFX Application Thread] DEBUG PrimaryStageWindow   - Scaled ratio: (1.0, 1.0)
21:02:14.056 [JavaFX Application Thread] DEBUG PrimaryStageWindow   - Set initial scene to FXGLStartupScene
21:02:14.060 [JavaFX Application Thread] DEBUG PrimaryStageWindow   - Opening main window
21:02:14.303 [JavaFX Application Thread] DEBUG PrimaryStageWindow   - Window border size: (14.4000244140625, 37.5999755859375)
21:02:14.304 [JavaFX Application Thread] DEBUG PrimaryStageWindow   - Scaled size: 800.0 x 600.0
21:02:14.304 [JavaFX Application Thread] DEBUG PrimaryStageWindow   - Scaled ratio: (1.0, 1.0)
21:02:14.304 [JavaFX Application Thread] DEBUG PrimaryStageWindow   - Scene size: 800.0 x 600.0
21:02:14.304 [JavaFX Application Thread] DEBUG PrimaryStageWindow   - Stage size: 814.4000244140625 x 637.5999755859375
21:02:14.323 [FXGL Background Thread 1 ] DEBUG Engine               - Initializing environment variables
21:02:14.488 [FXGL Background Thread 1 ] DEBUG FXGLAssetLoaderServi - User app class for loading assets: class com.lab.App
21:02:14.489 [FXGL Background Thread 1 ] DEBUG GameApplicationServi - Applying CSS: fxgl_dark.css
21:02:14.490 [FXGL Background Thread 1 ] DEBUG FXGLAssetLoaderServi - Loading from file system: jar:file:/C:/Users/HP/.m2/repository/com/github/almasb/fxgl/21.1/fxgl-21.1.jar!/fxglassets/ui/css/fxgl_dark.css
21:02:14.588 [FXGL Background Thread 1 ] DEBUG GameApplicationServi - Initializing application scenes
21:02:14.695 [FXGL Background Thread 1 ] DEBUG GameWorld            - Game world initialized
21:02:14.820 [FXGL Background Thread 1 ] DEBUG PhysicsWorld         - Physics world initialized: appHeight=600, physics.ppm=50.0
21:02:14.820 [FXGL Background Thread 1 ] DEBUG PhysicsWorld         - Using strategy: BRUTE_FORCE
21:02:14.824 [FXGL Background Thread 1 ] DEBUG GameScene            - Game scene initialized: 800x600
21:02:14.847 [FXGL Background Thread 1 ] DEBUG FXGL.DefaultMenu     - createMenuBodyMainMenu()
21:02:14.914 [FXGL Background Thread 1 ] DEBUG FXGL.DefaultMenu     - createOptionsMenu()
21:02:14.966 [FXGL Background Thread 1 ] DEBUG FXGLAssetLoaderServi - Loading from file system: jar:file:/C:/Users/HP/.m2/repository/com/github/almasb/fxgl/21.1/fxgl-21.1.jar!/fxglassets/textures/particles/smoke.png
21:02:15.231 [FXGL Background Thread 1 ] DEBUG FXGLAssetLoaderServi - Loading from file system: jar:file:/C:/Users/HP/.m2/repository/com/github/almasb/fxgl/21.1/fxgl-21.1.jar!/fxglassets/textures/particles/trace_horizontal.png
21:02:15.262 [FXGL Background Thread 1 ] DEBUG FXGL.DefaultMenu     - createMenuBodyGameMenu()
21:02:15.264 [FXGL Background Thread 1 ] DEBUG FXGL.DefaultMenu     - createOptionsMenu()
21:02:15.279 [FXGL Background Thread 1 ] DEBUG GameApplicationServi - Application scenes initialized
21:02:15.294 [FXGL Background Thread 1 ] DEBUG SystemBundleService  - Loading FXGL system data
21:02:15.310 [FXGL Background Thread 1 ] DEBUG FileSystemAccess     - Reading from: D:\Gonvival\system\fxgl.bundle
21:02:15.325 [FXGL Background Thread 1 ] DEBUG SystemBundleService  - Bundle FXGL: {}
21:02:15.325 [FXGL Background Thread 1 ] DEBUG UpdaterService       - Checking for updates
21:02:15.334 [FXGL Background Thread 4 ] DEBUG FXGLApplication      - Loading fonts
21:02:15.335 [FXGL Background Thread 4 ] DEBUG FXGLAssetLoaderServi - Loading from file system: jar:file:/C:/Users/HP/.m2/repository/com/github/almasb/fxgl/21.1/fxgl-21.1.jar!/fxglassets/ui/fonts/VarelaRound-Regular.ttf
21:02:15.338 [FXGL Background Thread 1 ] DEBUG FXGLApplication      - Loading default localization
21:02:15.339 [FXGL Background Thread 1 ] DEBUG FXGLAssetLoaderServi - Loading from file system: jar:file:/C:/Users/HP/.m2/repository/com/github/almasb/fxgl/21.1/fxgl-21.1.jar!/fxglassets/languages/english.lang
21:02:15.483 [FXGL Background Thread 4 ] DEBUG FXGLAssetLoaderServi - Loading from file system: jar:file:/C:/Users/HP/.m2/repository/com/github/almasb/fxgl/21.1/fxgl-21.1.jar!/fxglassets/ui/fonts/Abel-Regular.ttf
21:02:15.483 [FXGL Background Thread 1 ] INFO  FXGLApplication      - FXGL initialization took: 1.160 sec
21:02:15.497 [FXGL Background Thread 4 ] DEBUG FXGLAssetLoaderServi - Loading from file system: jar:file:/C:/Users/HP/.m2/repository/com/github/almasb/fxgl/21.1/fxgl-21.1.jar!/fxglassets/ui/fonts/TerminalLandMono-Regular.otf
21:02:15.511 [JavaFX Application Thread] DEBUG Input                - Registered new binding: SHOOT - LMB
21:02:15.511 [FXGL Background Thread 4 ] DEBUG FXGLAssetLoaderServi - Loading from file system: jar:file:/C:/Users/HP/.m2/repository/com/github/almasb/fxgl/21.1/fxgl-21.1.jar!/fxglassets/ui/fonts/Courier-Prime.ttf
21:02:15.531 [JavaFX Application Thread] DEBUG Input                - Registered new binding: Shoot Up - W
21:02:15.532 [JavaFX Application Thread] DEBUG Input                - Registered new binding: Shoot Down - S
21:02:15.533 [JavaFX Application Thread] DEBUG Input                - Registered new binding: Shoot Left - A
21:02:15.534 [JavaFX Application Thread] DEBUG Input                - Registered new binding: Shoot Right - D
21:02:15.538 [JavaFX Application Thread] DEBUG LoopRunner           - Stopping loop
21:02:15.539 [JavaFX Application Thread] DEBUG LoopRunner           - Initializing JavaFX AnimationTimerLoop
21:02:15.549 [JavaFX Application Thread] FATAL FXGLApplication      - Uncaught Exception:
java.lang.IllegalArgumentException: Trigger is already bound: A
	at com.almasb.fxgl.input.Input.addBinding(Input.kt:505)
	at com.almasb.fxgl.input.Input.addAction(Input.kt:500)
	at com.almasb.fxgl.input.Input.addAction$default(Input.kt:497)
	at com.almasb.fxgl.dsl.FXGL$Companion.onKey(FXGL.kt:491)
	at com.almasb.fxgl.dsl.FXGL.onKey(FXGL.kt)
	at com.lab.App.initInput(App.java:156)
	at com.almasb.fxgl.app.FXGLApplication$GameApplicationService.onMainLoopStarting(FXGLApplication.kt:548)
	at com.almasb.fxgl.app.Engine.startLoop(Engine.kt:154)
	at com.almasb.fxgl.app.FXGLApplication.startImpl$lambda$3(FXGLApplication.kt:147)
	at com.almasb.fxgl.core.concurrent.IOTask.succeed(IOTask.java:164)
	at com.almasb.fxgl.core.concurrent.IOTask$1.succeeded(IOTask.java:153)
	at javafx.concurrent.Task.setState(Task.java:726)
	at javafx.concurrent.Task$TaskCallable.lambda$call$1(Task.java:1410)
	at com.sun.javafx.application.PlatformImpl.lambda$runLater$10(PlatformImpl.java:456)
	at java.base/java.security.AccessController.doPrivileged(AccessController.java:400)
	at com.sun.javafx.application.PlatformImpl.lambda$runLater$11(PlatformImpl.java:455)
	at com.sun.glass.ui.InvokeLaterDispatcher$Future.run(InvokeLaterDispatcher.java:95)
	at com.sun.glass.ui.win.WinApplication._runLoop(Native Method)
	at com.sun.glass.ui.win.WinApplication.lambda$runLoop$3(WinApplication.java:185)
	at java.base/java.lang.Thread.run(Thread.java:1583)

21:02:15.550 [JavaFX Application Thread] FATAL FXGLApplication      - Application will now exit
21:02:15.588 [JavaFX Application Thread] DEBUG PrimaryStageWindow   - Push state: ErrorSubScene
21:02:15.588 [JavaFX Application Thread] DEBUG Input                - Clearing active input actions
21:02:15.606 [JavaFX Application Thread] DEBUG GameApplicationServi - Removing overlay from FXGLStartupScene and adding to ErrorSubScene
21:02:15.606 [JavaFX Application Thread] DEBUG PrimaryStageWindow   - FXGLStartupScene -> ErrorSubScene
21:02:15.607 [JavaFX Application Thread] DEBUG FXGLApplication      - Registering font factories with UI factory
21:02:17.392 [JavaFX Application Thread] DEBUG FXGLApplication      - Exiting FXGL
21:02:17.394 [JavaFX Application Thread] DEBUG Async                - Shutting down background threads
21:02:17.394 [JavaFX Application Thread] DEBUG PrimaryStageWindow   - Closing main window
21:02:17.444 [JavaFX Application Thread] DEBUG Logger               - Closing Logger
