00:46:42.162 [main                     ] DEBUG Logger               - Configured Logger
00:46:42.202 [main                     ] DEBUG GameApplication      - Logging settings
Title: Gonvival
Version: beta
Width: 800
Height: 800
Fullscreen: false
Intro: false
Profiling: false
Single step:false
App Mode: DEVELOPER
Menu Key: ESCAPE
Stage Style: DECORATED
Scene Factory: class com.almasb.fxgl.app.scene.SceneFactory

00:46:43.168 [JavaFX Application Thread] DEBUG FXGLApplication      - Initializing FXGL
00:46:43.173 [JavaFX Application Thread] INFO  Engine               - FXGL-21.1 (27.03.2024 07.52) on WINDOWS (J:21.0.5 FX:21.0.1)
00:46:43.174 [JavaFX Application Thread] DEBUG Engine               - JRE Vendor Name: Eclipse Adoptium
00:46:43.174 [JavaFX Application Thread] DEBUG Engine               - Running on OS: Windows 11 version 10.0
00:46:43.174 [JavaFX Application Thread] DEBUG Engine               - Architecture: amd64
00:46:43.174 [JavaFX Application Thread] INFO  Engine               - Source code and latest versions at: https://github.com/AlmasB/FXGL
00:46:43.175 [JavaFX Application Thread] INFO  Engine               -       Ask questions and discuss at: https://github.com/AlmasB/FXGL/discussions
00:46:43.175 [JavaFX Application Thread] INFO  Engine               -              Join the FXGL chat at: https://gitter.im/AlmasB/FXGL
00:46:43.290 [JavaFX Application Thread] DEBUG PrimaryStageWindow   - Creating a JavaFX scene
00:46:43.344 [JavaFX Application Thread] DEBUG PrimaryStageWindow   - Target settings size: 800.0 x 800.0
00:46:43.345 [JavaFX Application Thread] DEBUG PrimaryStageWindow   - Scaled scene size:    800.0 x 800.0
00:46:43.345 [JavaFX Application Thread] DEBUG PrimaryStageWindow   - Scaled ratio: (1.0, 1.0)
00:46:43.346 [JavaFX Application Thread] DEBUG PrimaryStageWindow   - Set initial scene to FXGLStartupScene
00:46:43.350 [JavaFX Application Thread] DEBUG PrimaryStageWindow   - Opening main window
00:46:43.533 [JavaFX Application Thread] DEBUG PrimaryStageWindow   - Window border size: (14.4000244140625, 37.5999755859375)
00:46:43.534 [JavaFX Application Thread] DEBUG PrimaryStageWindow   - Scaled size: 800.0 x 800.0
00:46:43.537 [JavaFX Application Thread] DEBUG PrimaryStageWindow   - Scaled ratio: (1.0, 1.0)
00:46:43.537 [JavaFX Application Thread] DEBUG PrimaryStageWindow   - Scene size: 800.0 x 800.0
00:46:43.538 [JavaFX Application Thread] DEBUG PrimaryStageWindow   - Stage size: 814.4000244140625 x 837.5999755859375
00:46:43.565 [FXGL Background Thread 1 ] DEBUG Engine               - Initializing environment variables
00:46:43.705 [FXGL Background Thread 1 ] DEBUG FXGLAssetLoaderServi - User app class for loading assets: class com.lab.App
00:46:43.705 [FXGL Background Thread 1 ] DEBUG GameApplicationServi - Applying CSS: fxgl_dark.css
00:46:43.707 [FXGL Background Thread 1 ] DEBUG FXGLAssetLoaderServi - Loading from file system: jar:file:/C:/Users/HP/.m2/repository/com/github/almasb/fxgl/21.1/fxgl-21.1.jar!/fxglassets/ui/css/fxgl_dark.css
00:46:43.816 [FXGL Background Thread 1 ] DEBUG GameApplicationServi - Initializing application scenes
00:46:43.906 [FXGL Background Thread 1 ] DEBUG GameWorld            - Game world initialized
00:46:44.000 [FXGL Background Thread 1 ] DEBUG PhysicsWorld         - Physics world initialized: appHeight=800, physics.ppm=50.0
00:46:44.001 [FXGL Background Thread 1 ] DEBUG PhysicsWorld         - Using strategy: BRUTE_FORCE
00:46:44.005 [FXGL Background Thread 1 ] DEBUG GameScene            - Game scene initialized: 800x800
00:46:44.041 [FXGL Background Thread 1 ] DEBUG FXGL.DefaultMenu     - createMenuBodyMainMenu()
00:46:44.080 [FXGL Background Thread 1 ] DEBUG FXGL.DefaultMenu     - createOptionsMenu()
00:46:44.130 [FXGL Background Thread 1 ] DEBUG FXGLAssetLoaderServi - Loading from file system: jar:file:/C:/Users/HP/.m2/repository/com/github/almasb/fxgl/21.1/fxgl-21.1.jar!/fxglassets/textures/particles/smoke.png
00:46:44.335 [FXGL Background Thread 1 ] DEBUG FXGLAssetLoaderServi - Loading from file system: jar:file:/C:/Users/HP/.m2/repository/com/github/almasb/fxgl/21.1/fxgl-21.1.jar!/fxglassets/textures/particles/trace_horizontal.png
00:46:44.365 [FXGL Background Thread 1 ] DEBUG FXGL.DefaultMenu     - createMenuBodyGameMenu()
00:46:44.366 [FXGL Background Thread 1 ] DEBUG FXGL.DefaultMenu     - createOptionsMenu()
00:46:44.378 [FXGL Background Thread 1 ] DEBUG GameApplicationServi - Application scenes initialized
00:46:44.392 [FXGL Background Thread 1 ] DEBUG SystemBundleService  - Loading FXGL system data
00:46:44.411 [FXGL Background Thread 1 ] DEBUG FileSystemAccess     - Reading from: D:\Gonvival\system\fxgl.bundle
00:46:44.422 [FXGL Background Thread 1 ] DEBUG SystemBundleService  - Bundle FXGL: {}
00:46:44.422 [FXGL Background Thread 1 ] DEBUG UpdaterService       - Checking for updates
00:46:44.427 [FXGL Background Thread 4 ] DEBUG FXGLApplication      - Loading fonts
00:46:44.427 [FXGL Background Thread 4 ] DEBUG FXGLAssetLoaderServi - Loading from file system: jar:file:/C:/Users/HP/.m2/repository/com/github/almasb/fxgl/21.1/fxgl-21.1.jar!/fxglassets/ui/fonts/VarelaRound-Regular.ttf
00:46:44.431 [FXGL Background Thread 1 ] DEBUG FXGLApplication      - Loading default localization
00:46:44.432 [FXGL Background Thread 1 ] DEBUG FXGLAssetLoaderServi - Loading from file system: jar:file:/C:/Users/HP/.m2/repository/com/github/almasb/fxgl/21.1/fxgl-21.1.jar!/fxglassets/languages/english.lang
00:46:44.489 [FXGL Background Thread 1 ] INFO  FXGLApplication      - FXGL initialization took: 0.923 sec
00:46:44.491 [FXGL Background Thread 4 ] DEBUG FXGLAssetLoaderServi - Loading from file system: jar:file:/C:/Users/HP/.m2/repository/com/github/almasb/fxgl/21.1/fxgl-21.1.jar!/fxglassets/ui/fonts/Abel-Regular.ttf
00:46:44.496 [FXGL Background Thread 4 ] DEBUG FXGLAssetLoaderServi - Loading from file system: jar:file:/C:/Users/HP/.m2/repository/com/github/almasb/fxgl/21.1/fxgl-21.1.jar!/fxglassets/ui/fonts/TerminalLandMono-Regular.otf
00:46:44.503 [JavaFX Application Thread] DEBUG Input                - Registered new binding: SHOOT - LMB
00:46:44.504 [FXGL Background Thread 4 ] DEBUG FXGLAssetLoaderServi - Loading from file system: jar:file:/C:/Users/HP/.m2/repository/com/github/almasb/fxgl/21.1/fxgl-21.1.jar!/fxglassets/ui/fonts/Courier-Prime.ttf
00:46:44.516 [JavaFX Application Thread] DEBUG Input                - Registered new binding: MOVE LEFT - A
00:46:44.517 [JavaFX Application Thread] DEBUG Input                - Registered new binding: MOVE RIGHT - D
00:46:44.518 [JavaFX Application Thread] DEBUG Input                - Registered new binding: MOVE UP - W
00:46:44.518 [JavaFX Application Thread] DEBUG Input                - Registered new binding: MOVE DOWN - S
00:46:44.519 [JavaFX Application Thread] DEBUG FXGLAssetLoaderServi - Loading from file system: jar:file:/C:/Users/HP/.m2/repository/com/github/almasb/fxgl/21.1/fxgl-21.1.jar!/fxglassets/textures/fxgl_icon.png
00:46:44.548 [JavaFX Application Thread] DEBUG FXGLAssetLoaderServi - Loading from file system: jar:file:/C:/Users/HP/.m2/repository/com/github/almasb/fxgl/21.1/fxgl-21.1.jar!/fxglassets/textures/fxgl_default_cursor.png
00:46:44.551 [JavaFX Application Thread] DEBUG Input                - Registered new binding: Screenshot - CTRL+8
00:46:44.552 [JavaFX Application Thread] DEBUG Input                - Registered new binding: System info dump - CTRL+9
00:46:44.554 [JavaFX Application Thread] DEBUG Input                - Registered new binding: Restart - CTRL+R
00:46:44.556 [JavaFX Application Thread] DEBUG Input                - Registered new binding: Toggle Debug Camera - CTRL+7
00:46:44.560 [JavaFX Application Thread] DEBUG LoopRunner           - Starting loop
00:46:44.562 [JavaFX Application Thread] DEBUG LoopRunner           - Initializing JavaFX AnimationTimerLoop
00:46:44.566 [JavaFX Application Thread] DEBUG Input                - Clearing active input actions
00:46:44.574 [JavaFX Application Thread] DEBUG GameApplicationServi - Removing overlay from FXGLStartupScene and adding to FXGLMainMenuDummyScene
00:46:44.575 [JavaFX Application Thread] DEBUG PrimaryStageWindow   - FXGLStartupScene -> FXGLMainMenuDummyScene
00:46:44.575 [JavaFX Application Thread] DEBUG PrimaryStageWindow   - Push state: FXGLDefaultMenu
00:46:44.589 [JavaFX Application Thread] DEBUG Input                - Clearing active input actions
00:46:44.611 [JavaFX Application Thread] DEBUG GameApplicationServi - Removing overlay from FXGLMainMenuDummyScene and adding to FXGLDefaultMenu
00:46:44.612 [JavaFX Application Thread] DEBUG PrimaryStageWindow   - FXGLMainMenuDummyScene -> FXGLDefaultMenu
00:46:44.627 [JavaFX Application Thread] DEBUG FXGLApplication      - Registering font factories with UI factory
00:46:45.845 [JavaFX Application Thread] DEBUG Menu                 - fireNewGame()
00:46:45.845 [JavaFX Application Thread] DEBUG GameApplicationServi - Starting new game
00:46:45.850 [JavaFX Application Thread] DEBUG PrimaryStageWindow   - Pop state: FXGLDefaultMenu
00:46:45.850 [JavaFX Application Thread] DEBUG Input                - Clearing active input actions
00:46:45.852 [JavaFX Application Thread] DEBUG GameApplicationServi - Removing overlay from FXGLDefaultMenu and adding to FXGLMainMenuDummyScene
00:46:45.853 [JavaFX Application Thread] DEBUG PrimaryStageWindow   - FXGLMainMenuDummyScene <- FXGLDefaultMenu
00:46:45.854 [JavaFX Application Thread] DEBUG Input                - Clearing active input actions
00:46:45.869 [JavaFX Application Thread] DEBUG GameApplicationServi - Removing overlay from FXGLMainMenuDummyScene and adding to FXGLLoadingScene
00:46:45.869 [JavaFX Application Thread] DEBUG PrimaryStageWindow   - FXGLMainMenuDummyScene -> FXGLLoadingScene
00:46:45.870 [JavaFX Application Thread] DEBUG GameApplicationServi - Clearing previous game
00:46:45.870 [JavaFX Application Thread] DEBUG GameScene            - Clearing game scene
00:46:45.870 [JavaFX Application Thread] DEBUG GameWorld            - Clearing game world
00:46:45.870 [JavaFX Application Thread] DEBUG PhysicsWorld         - Clearing physics world
00:46:45.874 [FXGL Background Thread 2 ] DEBUG FXGLApplication      - Initializing game
00:46:45.895 [FXGL Background Thread 2 ] DEBUG FXGLAssetLoaderServi - Loading from file system: file:/D:/Gonvival/game/target/classes/assets/textures/map.png
00:46:45.939 [FXGL Background Thread 2 ] DEBUG FXGLAssetLoaderServi - Loading from file system: file:/D:/Gonvival/game/target/classes/assets/textures/g.png
00:46:45.968 [FXGL Background Thread 2 ] INFO  FXGLApplication      - Game initialization took: 0.094 sec
00:46:45.970 [JavaFX Application Thread] DEBUG Input                - Clearing active input actions
00:46:45.984 [JavaFX Application Thread] DEBUG GameApplicationServi - Removing overlay from FXGLLoadingScene and adding to GameScene
00:46:45.985 [JavaFX Application Thread] DEBUG PrimaryStageWindow   - FXGLLoadingScene -> GameScene
00:46:46.404 [JavaFX Application Thread] DEBUG FXGLAssetLoaderServi - Loading from file system: file:/D:/Gonvival/game/target/classes/assets/textures/arrow.png
00:46:46.692 [JavaFX Application Thread] DEBUG FXGLAssetLoaderServi - Loading from file system: file:/D:/Gonvival/game/target/classes/assets/textures/evil.png
00:46:47.427 [FXGL Background Thread 3 ] DEBUG Engine               - Logging environment variables
00:46:47.429 [FXGL Background Thread 3 ] DEBUG Engine               - achievements: []
00:46:47.429 [FXGL Background Thread 3 ] DEBUG Engine               - actualHeight: 800.0
00:46:47.429 [FXGL Background Thread 3 ] DEBUG Engine               - actualHeightProperty: ReadOnlyDoubleProperty [value: 800.0]
00:46:47.429 [FXGL Background Thread 3 ] DEBUG Engine               - actualWidth: 800.0
00:46:47.430 [FXGL Background Thread 3 ] DEBUG Engine               - actualWidthProperty: ReadOnlyDoubleProperty [value: 800.0]
00:46:47.430 [FXGL Background Thread 3 ] DEBUG Engine               - appIcon: fxgl_icon.png
00:46:47.430 [FXGL Background Thread 3 ] DEBUG Engine               - applicationMode: DEVELOPER
00:46:47.430 [FXGL Background Thread 3 ] DEBUG Engine               - cSSList: [fxgl_dark.css]
00:46:47.430 [FXGL Background Thread 3 ] DEBUG Engine               - collisionDetectionStrategy: BRUTE_FORCE
00:46:47.430 [FXGL Background Thread 3 ] DEBUG Engine               - configClass: Optional.empty
00:46:47.430 [FXGL Background Thread 3 ] DEBUG Engine               - credits: []
00:46:47.431 [FXGL Background Thread 3 ] DEBUG Engine               - defaultCursor: CursorInfo(imageName=fxgl_default_cursor.png, hotspotX=7.0, hotspotY=6.0)
00:46:47.431 [FXGL Background Thread 3 ] DEBUG Engine               - devBBoxColorProperty: ObjectProperty [value: 0xff0000ff]
00:46:47.431 [FXGL Background Thread 3 ] DEBUG Engine               - devEnableDebugCameraProperty: BooleanProperty [value: false]
00:46:47.432 [FXGL Background Thread 3 ] DEBUG Engine               - devSensorColorProperty: ObjectProperty [value: 0xffff00ff]
00:46:47.432 [FXGL Background Thread 3 ] DEBUG Engine               - devShowBBoxProperty: BooleanProperty [value: false]
00:46:47.432 [FXGL Background Thread 3 ] DEBUG Engine               - devShowPositionProperty: BooleanProperty [value: false]
00:46:47.432 [FXGL Background Thread 3 ] DEBUG Engine               - enabledMenuItems: []
00:46:47.432 [FXGL Background Thread 3 ] DEBUG Engine               - engineServices: [class com.almasb.fxgl.app.services.FXGLAssetLoaderService, class com.almasb.fxgl.app.FXGLApplication$GameApplicationService, class com.almasb.fxgl.app.services.FXGLDialogService, class com.almasb.fxgl.app.services.IOTaskExecutorService, class com.almasb.fxgl.io.FileSystemService, class com.almasb.fxgl.localization.LocalizationService, class com.almasb.fxgl.app.services.SystemBundleService, class com.almasb.fxgl.profile.SaveLoadService, class com.almasb.fxgl.ui.FXGLUIFactoryServiceProvider, class com.almasb.fxgl.ui.FXGLDialogFactoryServiceProvider, class com.almasb.fxgl.audio.AudioPlayer, class com.almasb.fxgl.notification.impl.NotificationServiceProvider, class com.almasb.fxgl.achievement.AchievementService, class com.almasb.fxgl.cutscene.CutsceneService, class com.almasb.fxgl.minigames.MiniGameService, class com.almasb.fxgl.net.NetService, class com.almasb.fxgl.app.services.UpdaterService, class com.almasb.fxgl.dev.DevService]
00:46:47.432 [FXGL Background Thread 3 ] DEBUG Engine               - fontGame: Abel-Regular.ttf
00:46:47.433 [FXGL Background Thread 3 ] DEBUG Engine               - fontMono: TerminalLandMono-Regular.otf
00:46:47.433 [FXGL Background Thread 3 ] DEBUG Engine               - fontSizeScaleUI: 1.0
00:46:47.433 [FXGL Background Thread 3 ] DEBUG Engine               - fontText: Courier-Prime.ttf
00:46:47.433 [FXGL Background Thread 3 ] DEBUG Engine               - fontUI: VarelaRound-Regular.ttf
00:46:47.433 [FXGL Background Thread 3 ] DEBUG Engine               - fullScreen: BooleanProperty [value: false]
00:46:47.434 [FXGL Background Thread 3 ] DEBUG Engine               - gameDifficulty: MEDIUM
00:46:47.434 [FXGL Background Thread 3 ] DEBUG Engine               - gameDifficultyProperty: ObjectProperty [value: MEDIUM]
00:46:47.434 [FXGL Background Thread 3 ] DEBUG Engine               - globalMusicVolume: 0.5
00:46:47.434 [FXGL Background Thread 3 ] DEBUG Engine               - globalMusicVolumeProperty: DoubleProperty [value: 0.5]
00:46:47.434 [FXGL Background Thread 3 ] DEBUG Engine               - globalSoundVolume: 0.5
00:46:47.434 [FXGL Background Thread 3 ] DEBUG Engine               - globalSoundVolumeProperty: DoubleProperty [value: 0.5]
00:46:47.435 [FXGL Background Thread 3 ] DEBUG Engine               - height: 800
00:46:47.435 [FXGL Background Thread 3 ] DEBUG Engine               - is3D: false
00:46:47.435 [FXGL Background Thread 3 ] DEBUG Engine               - isAndroid: false
00:46:47.436 [FXGL Background Thread 3 ] DEBUG Engine               - isBrowser: false
00:46:47.436 [FXGL Background Thread 3 ] DEBUG Engine               - isClickFeedbackEnabled: false
00:46:47.436 [FXGL Background Thread 3 ] DEBUG Engine               - isCloseConfirmation: false
00:46:47.436 [FXGL Background Thread 3 ] DEBUG Engine               - isDesktop: true
00:46:47.436 [FXGL Background Thread 3 ] DEBUG Engine               - isDeveloperMenuEnabled: false
00:46:47.436 [FXGL Background Thread 3 ] DEBUG Engine               - isEmbedded: false
00:46:47.436 [FXGL Background Thread 3 ] DEBUG Engine               - isEntityPreloadEnabled: true
00:46:47.437 [FXGL Background Thread 3 ] DEBUG Engine               - isExperimentalTiledLargeMap: false
00:46:47.437 [FXGL Background Thread 3 ] DEBUG Engine               - isFileSystemWriteAllowed: true
00:46:47.437 [FXGL Background Thread 3 ] DEBUG Engine               - isFullScreenAllowed: false
00:46:47.438 [FXGL Background Thread 3 ] DEBUG Engine               - isFullScreenFromStart: false
00:46:47.438 [FXGL Background Thread 3 ] DEBUG Engine               - isGameMenuEnabled: true
00:46:47.438 [FXGL Background Thread 3 ] DEBUG Engine               - isIOS: false
00:46:47.438 [FXGL Background Thread 3 ] DEBUG Engine               - isIntroEnabled: false
00:46:47.438 [FXGL Background Thread 3 ] DEBUG Engine               - isLinux: false
00:46:47.438 [FXGL Background Thread 3 ] DEBUG Engine               - isMac: false
00:46:47.438 [FXGL Background Thread 3 ] DEBUG Engine               - isMainMenuEnabled: true
00:46:47.438 [FXGL Background Thread 3 ] DEBUG Engine               - isManualResizeEnabled: false
00:46:47.438 [FXGL Background Thread 3 ] DEBUG Engine               - isMobile: false
00:46:47.438 [FXGL Background Thread 3 ] DEBUG Engine               - isNative: false
00:46:47.440 [FXGL Background Thread 3 ] DEBUG Engine               - isPauseMusicWhenMinimized: true
00:46:47.440 [FXGL Background Thread 3 ] DEBUG Engine               - isPreserveResizeRatio: false
00:46:47.440 [FXGL Background Thread 3 ] DEBUG Engine               - isProfilingEnabled: false
00:46:47.440 [FXGL Background Thread 3 ] DEBUG Engine               - isScaleAffectedOnResize: true
00:46:47.440 [FXGL Background Thread 3 ] DEBUG Engine               - isSingleStep: false
00:46:47.440 [FXGL Background Thread 3 ] DEBUG Engine               - isUserProfileEnabled: false
00:46:47.440 [FXGL Background Thread 3 ] DEBUG Engine               - isWindows: true
00:46:47.440 [FXGL Background Thread 3 ] DEBUG Engine               - language: ObjectProperty [value: ENGLISH]
00:46:47.441 [FXGL Background Thread 3 ] DEBUG Engine               - menuKey: ESCAPE
00:46:47.441 [FXGL Background Thread 3 ] DEBUG Engine               - mouseSensitivity: 0.2
00:46:47.441 [FXGL Background Thread 3 ] DEBUG Engine               - notificationViewClass: class com.almasb.fxgl.notification.view.XboxNotificationView
00:46:47.442 [FXGL Background Thread 3 ] DEBUG Engine               - pixelsPerMeter: 50.0
00:46:47.442 [FXGL Background Thread 3 ] DEBUG Engine               - platform: WINDOWS
00:46:47.442 [FXGL Background Thread 3 ] DEBUG Engine               - prefHeightProperty: ReadOnlyDoubleProperty [value: 800.0]
00:46:47.442 [FXGL Background Thread 3 ] DEBUG Engine               - prefWidthProperty: ReadOnlyDoubleProperty [value: 800.0]
00:46:47.442 [FXGL Background Thread 3 ] DEBUG Engine               - profileDir: profiles/
00:46:47.442 [FXGL Background Thread 3 ] DEBUG Engine               - profileName: StringProperty [value: DEFAULT]
00:46:47.443 [FXGL Background Thread 3 ] DEBUG Engine               - randomSeed: -1
00:46:47.444 [FXGL Background Thread 3 ] DEBUG Engine               - runtimeInfo: RuntimeInfo(platform=WINDOWS, version=21.1, build=27.03.2024 07.52)
00:46:47.444 [FXGL Background Thread 3 ] DEBUG Engine               - saveFileExt: sav
00:46:47.444 [FXGL Background Thread 3 ] DEBUG Engine               - scaledHeightProp$fxgl: DoubleProperty [bound, value: 800.0]
00:46:47.444 [FXGL Background Thread 3 ] DEBUG Engine               - scaledWidthProp$fxgl: DoubleProperty [bound, value: 800.0]
00:46:47.444 [FXGL Background Thread 3 ] DEBUG Engine               - sceneFactory: com.almasb.fxgl.app.scene.SceneFactory@2b77d28e
00:46:47.444 [FXGL Background Thread 3 ] DEBUG Engine               - secondsIn24h: 60
00:46:47.445 [FXGL Background Thread 3 ] DEBUG Engine               - soundMenuBack: menu/back.wav
00:46:47.445 [FXGL Background Thread 3 ] DEBUG Engine               - soundMenuPress: menu/press.wav
00:46:47.445 [FXGL Background Thread 3 ] DEBUG Engine               - soundMenuSelect: menu/select.wav
00:46:47.445 [FXGL Background Thread 3 ] DEBUG Engine               - soundNotification: core/notification.wav
00:46:47.445 [FXGL Background Thread 3 ] DEBUG Engine               - stageStyle: DECORATED
00:46:47.445 [FXGL Background Thread 3 ] DEBUG Engine               - supportedLanguages: [ENGLISH, FRENCH, GERMAN, HUNGARIAN, RUSSIAN]
00:46:47.445 [FXGL Background Thread 3 ] DEBUG Engine               - ticksPerSecond: -1
00:46:47.445 [FXGL Background Thread 3 ] DEBUG Engine               - title: Gonvival
00:46:47.445 [FXGL Background Thread 3 ] DEBUG Engine               - urlGithub: https://github.com/AlmasB/FXGL
00:46:47.445 [FXGL Background Thread 3 ] DEBUG Engine               - urlLeaderboard: http://fxgl-top.herokuapp.com/
00:46:47.446 [FXGL Background Thread 3 ] DEBUG Engine               - urlPOM: https://raw.githubusercontent.com/AlmasB/FXGL/release/README.md
00:46:47.446 [FXGL Background Thread 3 ] DEBUG Engine               - userAppClass: class com.lab.App
00:46:47.446 [FXGL Background Thread 3 ] DEBUG Engine               - version: beta
00:46:47.446 [FXGL Background Thread 3 ] DEBUG Engine               - versionCheckDays: 7
00:46:47.446 [FXGL Background Thread 3 ] DEBUG Engine               - width: 800
00:46:47.446 [FXGL Background Thread 3 ] DEBUG Engine               - Logging services
00:46:47.446 [FXGL Background Thread 3 ] DEBUG Engine               - class com.almasb.fxgl.app.services.FXGLAssetLoaderService
00:46:47.446 [FXGL Background Thread 3 ] DEBUG Engine               - class com.almasb.fxgl.app.FXGLApplication$GameApplicationService
00:46:47.446 [FXGL Background Thread 3 ] DEBUG Engine               - class com.almasb.fxgl.app.services.FXGLDialogService
00:46:47.446 [FXGL Background Thread 3 ] DEBUG Engine               - class com.almasb.fxgl.app.services.IOTaskExecutorService
00:46:47.446 [FXGL Background Thread 3 ] DEBUG Engine               - class com.almasb.fxgl.io.FileSystemService
00:46:47.447 [FXGL Background Thread 3 ] DEBUG Engine               - class com.almasb.fxgl.localization.LocalizationService
00:46:47.447 [FXGL Background Thread 3 ] DEBUG Engine               - class com.almasb.fxgl.app.services.SystemBundleService
00:46:47.447 [FXGL Background Thread 3 ] DEBUG Engine               - class com.almasb.fxgl.profile.SaveLoadService
00:46:47.447 [FXGL Background Thread 3 ] DEBUG Engine               - class com.almasb.fxgl.ui.FXGLUIFactoryServiceProvider
00:46:47.447 [FXGL Background Thread 3 ] DEBUG Engine               - class com.almasb.fxgl.ui.FXGLDialogFactoryServiceProvider
00:46:47.447 [FXGL Background Thread 3 ] DEBUG Engine               - class com.almasb.fxgl.audio.AudioPlayer
00:46:47.447 [FXGL Background Thread 3 ] DEBUG Engine               - class com.almasb.fxgl.notification.impl.NotificationServiceProvider
00:46:47.447 [FXGL Background Thread 3 ] DEBUG Engine               - class com.almasb.fxgl.achievement.AchievementService
00:46:47.447 [FXGL Background Thread 3 ] DEBUG Engine               - class com.almasb.fxgl.cutscene.CutsceneService
00:46:47.447 [FXGL Background Thread 3 ] DEBUG Engine               - class com.almasb.fxgl.minigames.MiniGameService
00:46:47.447 [FXGL Background Thread 3 ] DEBUG Engine               - class com.almasb.fxgl.net.NetService
00:46:47.447 [FXGL Background Thread 3 ] DEBUG Engine               - class com.almasb.fxgl.app.services.UpdaterService
00:46:47.448 [FXGL Background Thread 3 ] DEBUG Engine               - class com.almasb.fxgl.dev.DevService
00:47:17.705 [JavaFX Application Thread] DEBUG PrimaryStageWindow   - Push state: DialogSubScene
00:47:17.706 [JavaFX Application Thread] DEBUG Input                - Clearing active input actions
00:47:17.707 [JavaFX Application Thread] DEBUG GameApplicationServi - Removing overlay from GameScene and adding to DialogSubScene
00:47:17.707 [JavaFX Application Thread] DEBUG PrimaryStageWindow   - GameScene -> DialogSubScene
00:47:18.658 [JavaFX Application Thread] DEBUG PrimaryStageWindow   - Pop state: DialogSubScene
00:47:18.658 [JavaFX Application Thread] DEBUG Input                - Clearing active input actions
00:47:18.658 [JavaFX Application Thread] DEBUG GameApplicationServi - Removing overlay from DialogSubScene and adding to GameScene
00:47:18.658 [JavaFX Application Thread] DEBUG PrimaryStageWindow   - GameScene <- DialogSubScene
00:47:18.658 [JavaFX Application Thread] DEBUG Input                - Clearing active input actions
00:47:18.662 [JavaFX Application Thread] DEBUG GameApplicationServi - Removing overlay from GameScene and adding to FXGLMainMenuDummyScene
00:47:18.662 [JavaFX Application Thread] DEBUG PrimaryStageWindow   - GameScene -> FXGLMainMenuDummyScene
00:47:18.662 [JavaFX Application Thread] DEBUG PrimaryStageWindow   - Push state: FXGLDefaultMenu
00:47:18.663 [JavaFX Application Thread] DEBUG Input                - Clearing active input actions
00:47:18.666 [JavaFX Application Thread] DEBUG GameApplicationServi - Removing overlay from FXGLMainMenuDummyScene and adding to FXGLDefaultMenu
00:47:18.666 [JavaFX Application Thread] DEBUG PrimaryStageWindow   - FXGLMainMenuDummyScene -> FXGLDefaultMenu
00:47:19.476 [JavaFX Application Thread] DEBUG Menu                 - fireExit()
00:47:19.480 [JavaFX Application Thread] DEBUG PrimaryStageWindow   - Push state: DialogSubScene
00:47:19.480 [JavaFX Application Thread] DEBUG Input                - Clearing active input actions
00:47:19.482 [JavaFX Application Thread] DEBUG GameApplicationServi - Removing overlay from FXGLDefaultMenu and adding to DialogSubScene
00:47:19.483 [JavaFX Application Thread] DEBUG PrimaryStageWindow   - FXGLDefaultMenu -> DialogSubScene
00:47:20.051 [JavaFX Application Thread] DEBUG PrimaryStageWindow   - Pop state: DialogSubScene
00:47:20.051 [JavaFX Application Thread] DEBUG Input                - Clearing active input actions
00:47:20.052 [JavaFX Application Thread] DEBUG GameApplicationServi - Removing overlay from DialogSubScene and adding to FXGLDefaultMenu
00:47:20.052 [JavaFX Application Thread] DEBUG PrimaryStageWindow   - FXGLDefaultMenu <- DialogSubScene
00:47:20.052 [JavaFX Application Thread] DEBUG FXGLApplication      - Exiting FXGL
00:47:20.052 [JavaFX Application Thread] DEBUG LoopRunner           - Stopping loop
00:47:20.052 [JavaFX Application Thread] DEBUG SystemBundleService  - Saving FXGL system data
00:47:20.055 [JavaFX Application Thread] DEBUG FileSystemAccess     - Writing to: D:\Gonvival\system\fxgl.bundle
00:47:20.058 [JavaFX Application Thread] DEBUG Async                - Shutting down background threads
00:47:20.058 [JavaFX Application Thread] DEBUG PrimaryStageWindow   - Closing main window
00:47:20.132 [JavaFX Application Thread] DEBUG Logger               - Closing Logger
