06:27:31.477 [main                     ] DEBUG Logger               - Configured Logger
06:27:31.543 [main                     ] DEBUG GameApplication      - Logging settings
Title: Gonvival
Version: beta
Width: 800
Height: 800
Fullscreen: false
Intro: false
Profiling: false
Single step:false
App Mode: DEVELOPER
Menu Key: ESCAPE
Stage Style: DECORATED
Scene Factory: class com.lab.App$1

06:27:32.355 [JavaFX Application Thread] DEBUG FXGLApplication      - Initializing FXGL
06:27:32.368 [JavaFX Application Thread] INFO  Engine               - FXGL-21.1 (27.03.2024 07.52) on WINDOWS (J:21.0.5 FX:21.0.1)
06:27:32.369 [JavaFX Application Thread] DEBUG Engine               - JRE Vendor Name: Eclipse Adoptium
06:27:32.371 [JavaFX Application Thread] DEBUG Engine               - Running on OS: Windows 10 version 10.0
06:27:32.371 [JavaFX Application Thread] DEBUG Engine               - Architecture: amd64
06:27:32.371 [JavaFX Application Thread] INFO  Engine               - Source code and latest versions at: https://github.com/AlmasB/FXGL
06:27:32.372 [JavaFX Application Thread] INFO  Engine               -       Ask questions and discuss at: https://github.com/AlmasB/FXGL/discussions
06:27:32.374 [JavaFX Application Thread] INFO  Engine               -              Join the FXGL chat at: https://gitter.im/AlmasB/FXGL
06:27:32.571 [JavaFX Application Thread] DEBUG PrimaryStageWindow   - Creating a JavaFX scene
06:27:32.571 [JavaFX Application Thread] DEBUG PrimaryStageWindow   - Target size > screen size
06:27:32.665 [JavaFX Application Thread] DEBUG PrimaryStageWindow   - Target settings size: 800.0 x 800.0
06:27:32.666 [JavaFX Application Thread] DEBUG PrimaryStageWindow   - Scaled scene size:    743.0 x 768.0
06:27:32.667 [JavaFX Application Thread] DEBUG PrimaryStageWindow   - Scaled ratio: (0.92875, 0.96)
06:27:32.669 [JavaFX Application Thread] DEBUG PrimaryStageWindow   - Set initial scene to FXGLStartupScene
06:27:32.674 [JavaFX Application Thread] DEBUG PrimaryStageWindow   - Opening main window
06:27:32.810 [JavaFX Application Thread] DEBUG PrimaryStageWindow   - Window border size: (16.0, 39.0)
06:27:32.810 [JavaFX Application Thread] DEBUG PrimaryStageWindow   - Scaled size: 743.0 x 768.0
06:27:32.811 [JavaFX Application Thread] DEBUG PrimaryStageWindow   - Scaled ratio: (0.92875, 0.96)
06:27:32.812 [JavaFX Application Thread] DEBUG PrimaryStageWindow   - Scene size: 743.0 x 768.0
06:27:32.814 [JavaFX Application Thread] DEBUG PrimaryStageWindow   - Stage size: 759.0 x 807.0
06:27:32.903 [FXGL Background Thread 1 ] DEBUG Engine               - Initializing environment variables
06:27:33.025 [FXGL Background Thread 1 ] DEBUG FXGLAssetLoaderServi - User app class for loading assets: class com.lab.App
06:27:33.026 [FXGL Background Thread 1 ] DEBUG GameApplicationServi - Applying CSS: fxgl_dark.css
06:27:33.027 [FXGL Background Thread 1 ] DEBUG FXGLAssetLoaderServi - Loading from file system: jar:file:/C:/Users/Khana/.m2/repository/com/github/almasb/fxgl/21.1/fxgl-21.1.jar!/fxglassets/ui/css/fxgl_dark.css
06:27:33.121 [FXGL Background Thread 1 ] DEBUG GameApplicationServi - Initializing application scenes
06:27:33.334 [FXGL Background Thread 1 ] DEBUG GameWorld            - Game world initialized
06:27:33.493 [FXGL Background Thread 1 ] DEBUG PhysicsWorld         - Physics world initialized: appHeight=800, physics.ppm=50.0
06:27:33.494 [FXGL Background Thread 1 ] DEBUG PhysicsWorld         - Using strategy: BRUTE_FORCE
06:27:33.503 [FXGL Background Thread 1 ] DEBUG GameScene            - Game scene initialized: 800x800
06:27:33.508 [FXGL Background Thread 1 ] WARN  FXGLAssetLoaderServi - Asset "/assets/music/menu_music.mp3" was not found!
06:27:33.509 [FXGL Background Thread 1 ] WARN  FXGLAssetLoaderServi - Failed to load MUSIC
06:27:33.512 [FXGL Background Thread 1 ] DEBUG FXGLAssetLoaderServi - Loading from file system: file:/E:/Labs/Gonvival/game/target/classes/assets/sounds/button_click.mp3
06:27:33.661 [FXGL Background Thread 1 ] DEBUG AudioPlayer          - Playing music com.almasb.fxgl.audio.Music@71c70804
06:27:33.662 [FXGL Background Thread 1 ] DEBUG AudioPlayer          - Playing music com.almasb.fxgl.audio.Music@71c70804
06:27:33.761 [FXGL Background Thread 1 ] DEBUG FXGL.DefaultMenu     - createMenuBodyGameMenu()
06:27:33.782 [FXGL Background Thread 1 ] DEBUG FXGL.DefaultMenu     - createOptionsMenu()
06:27:33.797 [FXGL Background Thread 1 ] DEBUG FXGLAssetLoaderServi - Loading from file system: jar:file:/C:/Users/Khana/.m2/repository/com/github/almasb/fxgl/21.1/fxgl-21.1.jar!/fxglassets/textures/particles/smoke.png
06:27:33.966 [FXGL Background Thread 1 ] DEBUG FXGLAssetLoaderServi - Loading from file system: jar:file:/C:/Users/Khana/.m2/repository/com/github/almasb/fxgl/21.1/fxgl-21.1.jar!/fxglassets/textures/particles/trace_horizontal.png
06:27:34.026 [FXGL Background Thread 1 ] DEBUG GameApplicationServi - Application scenes initialized
06:27:34.059 [FXGL Background Thread 1 ] DEBUG SystemBundleService  - Loading FXGL system data
06:27:34.069 [FXGL Background Thread 1 ] DEBUG FileSystemAccess     - Reading from: E:\Labs\Gonvival\system\fxgl.bundle
06:27:34.090 [FXGL Background Thread 1 ] DEBUG SystemBundleService  - Bundle FXGL: {}
06:27:34.091 [FXGL Background Thread 1 ] DEBUG UpdaterService       - Checking for updates
06:27:34.104 [FXGL Background Thread 1 ] DEBUG FXGLApplication      - Loading default localization
06:27:34.105 [FXGL Background Thread 1 ] DEBUG FXGLAssetLoaderServi - Loading from file system: jar:file:/C:/Users/Khana/.m2/repository/com/github/almasb/fxgl/21.1/fxgl-21.1.jar!/fxglassets/languages/english.lang
06:27:34.155 [FXGL Background Thread 1 ] INFO  FXGLApplication      - FXGL initialization took: 1.251 sec
06:27:34.159 [JavaFX Application Thread] DEBUG FXGLAssetLoaderServi - Loading from file system: jar:file:/C:/Users/Khana/.m2/repository/com/github/almasb/fxgl/21.1/fxgl-21.1.jar!/fxglassets/textures/fxgl_icon.png
06:27:34.196 [FXGL Background Thread 4 ] DEBUG FXGLApplication      - Loading fonts
06:27:34.206 [FXGL Background Thread 4 ] DEBUG FXGLAssetLoaderServi - Loading from file system: jar:file:/C:/Users/Khana/.m2/repository/com/github/almasb/fxgl/21.1/fxgl-21.1.jar!/fxglassets/ui/fonts/VarelaRound-Regular.ttf
06:27:34.313 [FXGL Background Thread 4 ] DEBUG FXGLAssetLoaderServi - Loading from file system: jar:file:/C:/Users/Khana/.m2/repository/com/github/almasb/fxgl/21.1/fxgl-21.1.jar!/fxglassets/ui/fonts/Abel-Regular.ttf
06:27:34.319 [FXGL Background Thread 4 ] DEBUG FXGLAssetLoaderServi - Loading from file system: jar:file:/C:/Users/Khana/.m2/repository/com/github/almasb/fxgl/21.1/fxgl-21.1.jar!/fxglassets/ui/fonts/TerminalLandMono-Regular.otf
06:27:34.325 [FXGL Background Thread 4 ] DEBUG FXGLAssetLoaderServi - Loading from file system: jar:file:/C:/Users/Khana/.m2/repository/com/github/almasb/fxgl/21.1/fxgl-21.1.jar!/fxglassets/ui/fonts/Courier-Prime.ttf
06:27:34.410 [JavaFX Application Thread] DEBUG FXGLAssetLoaderServi - Loading from file system: jar:file:/C:/Users/Khana/.m2/repository/com/github/almasb/fxgl/21.1/fxgl-21.1.jar!/fxglassets/textures/fxgl_default_cursor.png
06:27:34.452 [JavaFX Application Thread] DEBUG Input                - Registered new binding: Screenshot - CTRL+8
06:27:34.453 [JavaFX Application Thread] DEBUG Input                - Registered new binding: System info dump - CTRL+9
06:27:34.454 [JavaFX Application Thread] DEBUG Input                - Registered new binding: Restart - CTRL+R
06:27:34.456 [JavaFX Application Thread] DEBUG Input                - Registered new binding: Toggle Debug Camera - CTRL+7
06:27:34.462 [JavaFX Application Thread] DEBUG LoopRunner           - Starting loop
06:27:34.462 [JavaFX Application Thread] DEBUG LoopRunner           - Initializing JavaFX AnimationTimerLoop
06:27:34.468 [JavaFX Application Thread] DEBUG Input                - Clearing active input actions
06:27:34.495 [JavaFX Application Thread] DEBUG GameApplicationServi - Removing overlay from FXGLStartupScene and adding to FXGLMainMenuDummyScene
06:27:34.497 [JavaFX Application Thread] DEBUG PrimaryStageWindow   - FXGLStartupScene -> FXGLMainMenuDummyScene
06:27:34.498 [JavaFX Application Thread] DEBUG PrimaryStageWindow   - Push state: StartScreen
06:27:34.499 [JavaFX Application Thread] DEBUG Input                - Clearing active input actions
06:27:34.560 [JavaFX Application Thread] DEBUG GameApplicationServi - Removing overlay from FXGLMainMenuDummyScene and adding to StartScreen
06:27:34.561 [JavaFX Application Thread] DEBUG PrimaryStageWindow   - FXGLMainMenuDummyScene -> StartScreen
06:27:34.562 [JavaFX Application Thread] DEBUG FXGLApplication      - Registering font factories with UI factory
06:27:35.719 [JavaFX Application Thread] DEBUG AudioPlayer          - Stopping music com.almasb.fxgl.audio.Music@71c70804
06:27:35.723 [JavaFX Application Thread] DEBUG Menu                 - fireNewGame()
06:27:35.723 [JavaFX Application Thread] DEBUG GameApplicationServi - Starting new game
06:27:35.724 [JavaFX Application Thread] DEBUG PrimaryStageWindow   - Pop state: StartScreen
06:27:35.724 [JavaFX Application Thread] DEBUG Input                - Clearing active input actions
06:27:35.725 [JavaFX Application Thread] DEBUG GameApplicationServi - Removing overlay from StartScreen and adding to FXGLMainMenuDummyScene
06:27:35.726 [JavaFX Application Thread] DEBUG PrimaryStageWindow   - FXGLMainMenuDummyScene <- StartScreen
06:27:35.726 [JavaFX Application Thread] DEBUG Input                - Clearing active input actions
06:27:35.742 [JavaFX Application Thread] DEBUG GameApplicationServi - Removing overlay from FXGLMainMenuDummyScene and adding to FXGLLoadingScene
06:27:35.743 [JavaFX Application Thread] DEBUG PrimaryStageWindow   - FXGLMainMenuDummyScene -> FXGLLoadingScene
06:27:35.743 [JavaFX Application Thread] DEBUG GameApplicationServi - Clearing previous game
06:27:35.743 [JavaFX Application Thread] DEBUG GameScene            - Clearing game scene
06:27:35.743 [JavaFX Application Thread] DEBUG GameWorld            - Clearing game world
06:27:35.743 [JavaFX Application Thread] DEBUG PhysicsWorld         - Clearing physics world
06:27:35.753 [FXGL Background Thread 4 ] DEBUG FXGLApplication      - Initializing game
06:27:35.773 [FXGL Background Thread 4 ] DEBUG FXGLAssetLoaderServi - Loading from file system: file:/E:/Labs/Gonvival/game/target/classes/assets/textures/map.png
06:27:35.854 [FXGL Background Thread 4 ] WARN  FXGLAssetLoaderServi - Asset "/assets/music/menu_music.mp3" was not found!
06:27:35.870 [FXGL Background Thread 4 ] WARN  FXGLAssetLoaderServi - Failed to load MUSIC
06:27:35.871 [FXGL Background Thread 4 ] DEBUG AudioPlayer          - Playing music com.almasb.fxgl.audio.Music@1e0a949c
06:27:35.871 [FXGL Background Thread 4 ] DEBUG AudioPlayer          - Playing music com.almasb.fxgl.audio.Music@1e0a949c
06:27:35.911 [FXGL Background Thread 4 ] DEBUG FXGLAssetLoaderServi - Loading from file system: file:/E:/Labs/Gonvival/game/target/classes/assets/textures/idle_down.png
06:27:35.918 [FXGL Background Thread 4 ] DEBUG FXGLAssetLoaderServi - Loading from file system: file:/E:/Labs/Gonvival/game/target/classes/assets/textures/idle_up.png
06:27:35.921 [FXGL Background Thread 4 ] DEBUG FXGLAssetLoaderServi - Loading from file system: file:/E:/Labs/Gonvival/game/target/classes/assets/textures/idle_left_down.png
06:27:35.924 [FXGL Background Thread 4 ] DEBUG FXGLAssetLoaderServi - Loading from file system: file:/E:/Labs/Gonvival/game/target/classes/assets/textures/idle_left_up.png
06:27:35.927 [FXGL Background Thread 4 ] DEBUG FXGLAssetLoaderServi - Loading from file system: file:/E:/Labs/Gonvival/game/target/classes/assets/textures/idle_right_down.png
06:27:35.930 [FXGL Background Thread 4 ] DEBUG FXGLAssetLoaderServi - Loading from file system: file:/E:/Labs/Gonvival/game/target/classes/assets/textures/idle_right_up.png
06:27:35.935 [FXGL Background Thread 4 ] DEBUG FXGLAssetLoaderServi - Loading from file system: file:/E:/Labs/Gonvival/game/target/classes/assets/textures/walk_left_down.png
06:27:35.979 [FXGL Background Thread 4 ] DEBUG FXGLAssetLoaderServi - Loading from file system: file:/E:/Labs/Gonvival/game/target/classes/assets/textures/walk_right_down.png
06:27:35.989 [FXGL Background Thread 4 ] DEBUG FXGLAssetLoaderServi - Loading from file system: file:/E:/Labs/Gonvival/game/target/classes/assets/textures/walk_up.png
06:27:35.992 [FXGL Background Thread 4 ] DEBUG FXGLAssetLoaderServi - Loading from file system: file:/E:/Labs/Gonvival/game/target/classes/assets/textures/walk_down.png
06:27:35.995 [FXGL Background Thread 4 ] DEBUG FXGLAssetLoaderServi - Loading from file system: file:/E:/Labs/Gonvival/game/target/classes/assets/textures/walk_left_up.png
06:27:36.049 [FXGL Background Thread 4 ] DEBUG FXGLAssetLoaderServi - Loading from file system: file:/E:/Labs/Gonvival/game/target/classes/assets/textures/walk_right_up.png
06:27:36.078 [FXGL Background Thread 4 ] INFO  FXGLApplication      - Game initialization took: 0.326 sec
06:27:36.111 [JavaFX Application Thread] DEBUG Input                - Clearing active input actions
06:27:36.134 [JavaFX Application Thread] DEBUG GameApplicationServi - Removing overlay from FXGLLoadingScene and adding to GameScene
06:27:36.134 [JavaFX Application Thread] DEBUG PrimaryStageWindow   - FXGLLoadingScene -> GameScene
06:27:36.261 [JavaFX Application Thread] DEBUG Input                - Registered new binding: SHOOT - LMB
06:27:36.261 [JavaFX Application Thread] DEBUG Input                - Registered new binding: MOVE LEFT - A
06:27:36.262 [JavaFX Application Thread] DEBUG Input                - Registered new binding: MOVE RIGHT - D
06:27:36.262 [JavaFX Application Thread] DEBUG Input                - Registered new binding: MOVE UP - W
06:27:36.262 [JavaFX Application Thread] DEBUG Input                - Registered new binding: MOVE DOWN - S
06:27:36.916 [JavaFX Application Thread] DEBUG FXGLAssetLoaderServi - Loading from file system: file:/E:/Labs/Gonvival/game/target/classes/assets/textures/evil.png
06:27:37.097 [FXGL Background Thread 3 ] DEBUG Engine               - Logging environment variables
06:27:37.102 [FXGL Background Thread 3 ] DEBUG Engine               - achievements: []
06:27:37.102 [FXGL Background Thread 3 ] DEBUG Engine               - actualHeight: 768.0
06:27:37.102 [FXGL Background Thread 3 ] DEBUG Engine               - actualHeightProperty: ReadOnlyDoubleProperty [value: 768.0]
06:27:37.102 [FXGL Background Thread 3 ] DEBUG Engine               - actualWidth: 743.0
06:27:37.102 [FXGL Background Thread 3 ] DEBUG Engine               - actualWidthProperty: ReadOnlyDoubleProperty [value: 743.0]
06:27:37.103 [FXGL Background Thread 3 ] DEBUG Engine               - appIcon: fxgl_icon.png
06:27:37.103 [FXGL Background Thread 3 ] DEBUG Engine               - applicationMode: DEVELOPER
06:27:37.103 [FXGL Background Thread 3 ] DEBUG Engine               - cSSList: [fxgl_dark.css]
06:27:37.103 [FXGL Background Thread 3 ] DEBUG Engine               - collisionDetectionStrategy: BRUTE_FORCE
06:27:37.103 [FXGL Background Thread 3 ] DEBUG Engine               - configClass: Optional.empty
06:27:37.103 [FXGL Background Thread 3 ] DEBUG Engine               - credits: []
06:27:37.104 [FXGL Background Thread 3 ] DEBUG Engine               - defaultCursor: CursorInfo(imageName=fxgl_default_cursor.png, hotspotX=7.0, hotspotY=6.0)
06:27:37.104 [FXGL Background Thread 3 ] DEBUG Engine               - devBBoxColorProperty: ObjectProperty [value: 0xff0000ff]
06:27:37.105 [FXGL Background Thread 3 ] DEBUG Engine               - devEnableDebugCameraProperty: BooleanProperty [value: false]
06:27:37.105 [FXGL Background Thread 3 ] DEBUG Engine               - devSensorColorProperty: ObjectProperty [value: 0xffff00ff]
06:27:37.105 [FXGL Background Thread 3 ] DEBUG Engine               - devShowBBoxProperty: BooleanProperty [value: false]
06:27:37.105 [FXGL Background Thread 3 ] DEBUG Engine               - devShowPositionProperty: BooleanProperty [value: false]
06:27:37.105 [FXGL Background Thread 3 ] DEBUG Engine               - enabledMenuItems: []
06:27:37.105 [FXGL Background Thread 3 ] DEBUG Engine               - engineServices: [class com.almasb.fxgl.app.services.FXGLAssetLoaderService, class com.almasb.fxgl.app.FXGLApplication$GameApplicationService, class com.almasb.fxgl.app.services.FXGLDialogService, class com.almasb.fxgl.app.services.IOTaskExecutorService, class com.almasb.fxgl.io.FileSystemService, class com.almasb.fxgl.localization.LocalizationService, class com.almasb.fxgl.app.services.SystemBundleService, class com.almasb.fxgl.profile.SaveLoadService, class com.almasb.fxgl.ui.FXGLUIFactoryServiceProvider, class com.almasb.fxgl.ui.FXGLDialogFactoryServiceProvider, class com.almasb.fxgl.audio.AudioPlayer, class com.almasb.fxgl.notification.impl.NotificationServiceProvider, class com.almasb.fxgl.achievement.AchievementService, class com.almasb.fxgl.cutscene.CutsceneService, class com.almasb.fxgl.minigames.MiniGameService, class com.almasb.fxgl.net.NetService, class com.almasb.fxgl.app.services.UpdaterService, class com.almasb.fxgl.dev.DevService]
06:27:37.106 [FXGL Background Thread 3 ] DEBUG Engine               - fontGame: Abel-Regular.ttf
06:27:37.106 [FXGL Background Thread 3 ] DEBUG Engine               - fontMono: TerminalLandMono-Regular.otf
06:27:37.106 [FXGL Background Thread 3 ] DEBUG Engine               - fontSizeScaleUI: 1.0
06:27:37.106 [FXGL Background Thread 3 ] DEBUG Engine               - fontText: Courier-Prime.ttf
06:27:37.106 [FXGL Background Thread 3 ] DEBUG Engine               - fontUI: VarelaRound-Regular.ttf
06:27:37.106 [FXGL Background Thread 3 ] DEBUG Engine               - fullScreen: BooleanProperty [value: false]
06:27:37.106 [FXGL Background Thread 3 ] DEBUG Engine               - gameDifficulty: MEDIUM
06:27:37.106 [FXGL Background Thread 3 ] DEBUG Engine               - gameDifficultyProperty: ObjectProperty [value: MEDIUM]
06:27:37.106 [FXGL Background Thread 3 ] DEBUG Engine               - globalMusicVolume: 0.5
06:27:37.106 [FXGL Background Thread 3 ] DEBUG Engine               - globalMusicVolumeProperty: DoubleProperty [value: 1.0]
06:27:37.106 [FXGL Background Thread 3 ] DEBUG Engine               - globalSoundVolume: 0.5
06:27:37.107 [FXGL Background Thread 3 ] DEBUG Engine               - globalSoundVolumeProperty: DoubleProperty [value: 1.0]
06:27:37.107 [FXGL Background Thread 3 ] DEBUG Engine               - height: 800
06:27:37.107 [FXGL Background Thread 3 ] DEBUG Engine               - is3D: false
06:27:37.107 [FXGL Background Thread 3 ] DEBUG Engine               - isAndroid: false
06:27:37.107 [FXGL Background Thread 3 ] DEBUG Engine               - isBrowser: false
06:27:37.107 [FXGL Background Thread 3 ] DEBUG Engine               - isClickFeedbackEnabled: false
06:27:37.107 [FXGL Background Thread 3 ] DEBUG Engine               - isCloseConfirmation: false
06:27:37.107 [FXGL Background Thread 3 ] DEBUG Engine               - isDesktop: true
06:27:37.107 [FXGL Background Thread 3 ] DEBUG Engine               - isDeveloperMenuEnabled: false
06:27:37.107 [FXGL Background Thread 3 ] DEBUG Engine               - isEmbedded: false
06:27:37.107 [FXGL Background Thread 3 ] DEBUG Engine               - isEntityPreloadEnabled: true
06:27:37.107 [FXGL Background Thread 3 ] DEBUG Engine               - isExperimentalTiledLargeMap: false
06:27:37.108 [FXGL Background Thread 3 ] DEBUG Engine               - isFileSystemWriteAllowed: true
06:27:37.108 [FXGL Background Thread 3 ] DEBUG Engine               - isFullScreenAllowed: false
06:27:37.108 [FXGL Background Thread 3 ] DEBUG Engine               - isFullScreenFromStart: false
06:27:37.108 [FXGL Background Thread 3 ] DEBUG Engine               - isGameMenuEnabled: true
06:27:37.108 [FXGL Background Thread 3 ] DEBUG Engine               - isIOS: false
06:27:37.108 [FXGL Background Thread 3 ] DEBUG Engine               - isIntroEnabled: false
06:27:37.108 [FXGL Background Thread 3 ] DEBUG Engine               - isLinux: false
06:27:37.108 [FXGL Background Thread 3 ] DEBUG Engine               - isMac: false
06:27:37.108 [FXGL Background Thread 3 ] DEBUG Engine               - isMainMenuEnabled: true
06:27:37.108 [FXGL Background Thread 3 ] DEBUG Engine               - isManualResizeEnabled: false
06:27:37.108 [FXGL Background Thread 3 ] DEBUG Engine               - isMobile: false
06:27:37.108 [FXGL Background Thread 3 ] DEBUG Engine               - isNative: false
06:27:37.108 [FXGL Background Thread 3 ] DEBUG Engine               - isPauseMusicWhenMinimized: true
06:27:37.108 [FXGL Background Thread 3 ] DEBUG Engine               - isPreserveResizeRatio: false
06:27:37.109 [FXGL Background Thread 3 ] DEBUG Engine               - isProfilingEnabled: false
06:27:37.109 [FXGL Background Thread 3 ] DEBUG Engine               - isScaleAffectedOnResize: true
06:27:37.109 [FXGL Background Thread 3 ] DEBUG Engine               - isSingleStep: false
06:27:37.109 [FXGL Background Thread 3 ] DEBUG Engine               - isUserProfileEnabled: false
06:27:37.109 [FXGL Background Thread 3 ] DEBUG Engine               - isWindows: true
06:27:37.109 [FXGL Background Thread 3 ] DEBUG Engine               - language: ObjectProperty [value: ENGLISH]
06:27:37.109 [FXGL Background Thread 3 ] DEBUG Engine               - menuKey: ESCAPE
06:27:37.109 [FXGL Background Thread 3 ] DEBUG Engine               - mouseSensitivity: 0.2
06:27:37.110 [FXGL Background Thread 3 ] DEBUG Engine               - notificationViewClass: class com.almasb.fxgl.notification.view.XboxNotificationView
06:27:37.110 [FXGL Background Thread 3 ] DEBUG Engine               - pixelsPerMeter: 50.0
06:27:37.110 [FXGL Background Thread 3 ] DEBUG Engine               - platform: WINDOWS
06:27:37.110 [FXGL Background Thread 3 ] DEBUG Engine               - prefHeightProperty: ReadOnlyDoubleProperty [value: 800.0]
06:27:37.110 [FXGL Background Thread 3 ] DEBUG Engine               - prefWidthProperty: ReadOnlyDoubleProperty [value: 800.0]
06:27:37.110 [FXGL Background Thread 3 ] DEBUG Engine               - profileDir: profiles/
06:27:37.110 [FXGL Background Thread 3 ] DEBUG Engine               - profileName: StringProperty [value: DEFAULT]
06:27:37.110 [FXGL Background Thread 3 ] DEBUG Engine               - randomSeed: -1
06:27:37.111 [FXGL Background Thread 3 ] DEBUG Engine               - runtimeInfo: RuntimeInfo(platform=WINDOWS, version=21.1, build=27.03.2024 07.52)
06:27:37.111 [FXGL Background Thread 3 ] DEBUG Engine               - saveFileExt: sav
06:27:37.111 [FXGL Background Thread 3 ] DEBUG Engine               - scaledHeightProp$fxgl: DoubleProperty [bound, value: 768.0]
06:27:37.111 [FXGL Background Thread 3 ] DEBUG Engine               - scaledWidthProp$fxgl: DoubleProperty [bound, value: 743.0]
06:27:37.111 [FXGL Background Thread 3 ] DEBUG Engine               - sceneFactory: com.lab.App$1@64052435
06:27:37.112 [FXGL Background Thread 3 ] DEBUG Engine               - secondsIn24h: 60
06:27:37.112 [FXGL Background Thread 3 ] DEBUG Engine               - soundMenuBack: menu/back.wav
06:27:37.112 [FXGL Background Thread 3 ] DEBUG Engine               - soundMenuPress: menu/press.wav
06:27:37.112 [FXGL Background Thread 3 ] DEBUG Engine               - soundMenuSelect: menu/select.wav
06:27:37.112 [FXGL Background Thread 3 ] DEBUG Engine               - soundNotification: core/notification.wav
06:27:37.112 [FXGL Background Thread 3 ] DEBUG Engine               - stageStyle: DECORATED
06:27:37.112 [FXGL Background Thread 3 ] DEBUG Engine               - supportedLanguages: [ENGLISH, FRENCH, GERMAN, HUNGARIAN, RUSSIAN]
06:27:37.112 [FXGL Background Thread 3 ] DEBUG Engine               - ticksPerSecond: -1
06:27:37.113 [FXGL Background Thread 3 ] DEBUG Engine               - title: Gonvival
06:27:37.113 [FXGL Background Thread 3 ] DEBUG Engine               - urlGithub: https://github.com/AlmasB/FXGL
06:27:37.113 [FXGL Background Thread 3 ] DEBUG Engine               - urlLeaderboard: http://fxgl-top.herokuapp.com/
06:27:37.113 [FXGL Background Thread 3 ] DEBUG Engine               - urlPOM: https://raw.githubusercontent.com/AlmasB/FXGL/release/README.md
06:27:37.113 [FXGL Background Thread 3 ] DEBUG Engine               - userAppClass: class com.lab.App
06:27:37.113 [FXGL Background Thread 3 ] DEBUG Engine               - version: beta
06:27:37.113 [FXGL Background Thread 3 ] DEBUG Engine               - versionCheckDays: 7
06:27:37.113 [FXGL Background Thread 3 ] DEBUG Engine               - width: 800
06:27:37.113 [FXGL Background Thread 3 ] DEBUG Engine               - Logging services
06:27:37.113 [FXGL Background Thread 3 ] DEBUG Engine               - class com.almasb.fxgl.app.services.FXGLAssetLoaderService
06:27:37.113 [FXGL Background Thread 3 ] DEBUG Engine               - class com.almasb.fxgl.app.FXGLApplication$GameApplicationService
06:27:37.113 [FXGL Background Thread 3 ] DEBUG Engine               - class com.almasb.fxgl.app.services.FXGLDialogService
06:27:37.114 [FXGL Background Thread 3 ] DEBUG Engine               - class com.almasb.fxgl.app.services.IOTaskExecutorService
06:27:37.114 [FXGL Background Thread 3 ] DEBUG Engine               - class com.almasb.fxgl.io.FileSystemService
06:27:37.114 [FXGL Background Thread 3 ] DEBUG Engine               - class com.almasb.fxgl.localization.LocalizationService
06:27:37.115 [FXGL Background Thread 3 ] DEBUG Engine               - class com.almasb.fxgl.app.services.SystemBundleService
06:27:37.117 [FXGL Background Thread 3 ] DEBUG Engine               - class com.almasb.fxgl.profile.SaveLoadService
06:27:37.117 [FXGL Background Thread 3 ] DEBUG Engine               - class com.almasb.fxgl.ui.FXGLUIFactoryServiceProvider
06:27:37.117 [FXGL Background Thread 3 ] DEBUG Engine               - class com.almasb.fxgl.ui.FXGLDialogFactoryServiceProvider
06:27:37.118 [FXGL Background Thread 3 ] DEBUG Engine               - class com.almasb.fxgl.audio.AudioPlayer
06:27:37.118 [FXGL Background Thread 3 ] DEBUG Engine               - class com.almasb.fxgl.notification.impl.NotificationServiceProvider
06:27:37.118 [FXGL Background Thread 3 ] DEBUG Engine               - class com.almasb.fxgl.achievement.AchievementService
06:27:37.118 [FXGL Background Thread 3 ] DEBUG Engine               - class com.almasb.fxgl.cutscene.CutsceneService
06:27:37.118 [FXGL Background Thread 3 ] DEBUG Engine               - class com.almasb.fxgl.minigames.MiniGameService
06:27:37.118 [FXGL Background Thread 3 ] DEBUG Engine               - class com.almasb.fxgl.net.NetService
06:27:37.118 [FXGL Background Thread 3 ] DEBUG Engine               - class com.almasb.fxgl.app.services.UpdaterService
06:27:37.118 [FXGL Background Thread 3 ] DEBUG Engine               - class com.almasb.fxgl.dev.DevService
06:27:37.721 [JavaFX Application Thread] DEBUG PrimaryStageWindow   - Push state: DialogSubScene
06:27:37.721 [JavaFX Application Thread] DEBUG Input                - Clearing active input actions
06:27:37.722 [JavaFX Application Thread] DEBUG GameApplicationServi - Removing overlay from GameScene and adding to DialogSubScene
06:27:37.722 [JavaFX Application Thread] DEBUG PrimaryStageWindow   - GameScene -> DialogSubScene
06:27:38.702 [JavaFX Application Thread] DEBUG PrimaryStageWindow   - Pop state: DialogSubScene
06:27:38.702 [JavaFX Application Thread] DEBUG Input                - Clearing active input actions
06:27:38.703 [JavaFX Application Thread] DEBUG GameApplicationServi - Removing overlay from DialogSubScene and adding to GameScene
06:27:38.703 [JavaFX Application Thread] DEBUG PrimaryStageWindow   - GameScene <- DialogSubScene
06:27:38.952 [JavaFX Application Thread] DEBUG FXGLAssetLoaderServi - Loading from file system: file:/E:/Labs/Gonvival/game/target/classes/assets/textures/arrow.png
06:27:41.445 [JavaFX Application Thread] DEBUG FXGLApplication      - Exiting FXGL
06:27:41.446 [JavaFX Application Thread] DEBUG LoopRunner           - Stopping loop
06:27:41.446 [JavaFX Application Thread] DEBUG SystemBundleService  - Saving FXGL system data
06:27:41.449 [JavaFX Application Thread] DEBUG FileSystemAccess     - Writing to: E:\Labs\Gonvival\system\fxgl.bundle
06:27:41.452 [JavaFX Application Thread] DEBUG Async                - Shutting down background threads
06:27:41.453 [JavaFX Application Thread] DEBUG PrimaryStageWindow   - Closing main window
06:27:41.474 [JavaFX Application Thread] DEBUG Logger               - Closing Logger
