10:24:05.237 [main                     ] DEBUG Logger               - Configured Logger
10:24:05.292 [main                     ] DEBUG GameApplication      - Logging settings
Title: Gonvival
Version: beta
Width: 800
Height: 800
Fullscreen: false
Intro: false
Profiling: false
Single step:false
App Mode: DEVELOPER
Menu Key: ESCAPE
Stage Style: DECORATED
Scene Factory: class com.lab.App$1

10:24:06.769 [JavaFX Application Thread] DEBUG FXGLApplication      - Initializing FXGL
10:24:06.778 [JavaFX Application Thread] INFO  Engine               - FXGL-21.1 (27.03.2024 07.52) on WINDOWS (J:21.0.5 FX:21.0.1)
10:24:06.779 [JavaFX Application Thread] DEBUG Engine               - JRE Vendor Name: Eclipse Adoptium
10:24:06.779 [JavaFX Application Thread] DEBUG Engine               - Running on OS: Windows 11 version 10.0
10:24:06.780 [JavaFX Application Thread] DEBUG Engine               - Architecture: amd64
10:24:06.780 [JavaFX Application Thread] INFO  Engine               - Source code and latest versions at: https://github.com/AlmasB/FXGL
10:24:06.780 [JavaFX Application Thread] INFO  Engine               -       Ask questions and discuss at: https://github.com/AlmasB/FXGL/discussions
10:24:06.783 [JavaFX Application Thread] INFO  Engine               -              Join the FXGL chat at: https://gitter.im/AlmasB/FXGL
10:24:07.050 [JavaFX Application Thread] DEBUG PrimaryStageWindow   - Creating a JavaFX scene
10:24:07.129 [JavaFX Application Thread] DEBUG PrimaryStageWindow   - Target settings size: 800.0 x 800.0
10:24:07.130 [JavaFX Application Thread] DEBUG PrimaryStageWindow   - Scaled scene size:    800.0 x 800.0
10:24:07.130 [JavaFX Application Thread] DEBUG PrimaryStageWindow   - Scaled ratio: (1.0, 1.0)
10:24:07.132 [JavaFX Application Thread] DEBUG PrimaryStageWindow   - Set initial scene to FXGLStartupScene
10:24:07.136 [JavaFX Application Thread] DEBUG PrimaryStageWindow   - Opening main window
10:24:07.291 [JavaFX Application Thread] DEBUG PrimaryStageWindow   - Window border size: (14.4000244140625, 37.5999755859375)
10:24:07.291 [JavaFX Application Thread] DEBUG PrimaryStageWindow   - Scaled size: 800.0 x 800.0
10:24:07.291 [JavaFX Application Thread] DEBUG PrimaryStageWindow   - Scaled ratio: (1.0, 1.0)
10:24:07.292 [JavaFX Application Thread] DEBUG PrimaryStageWindow   - Scene size: 800.0 x 800.0
10:24:07.292 [JavaFX Application Thread] DEBUG PrimaryStageWindow   - Stage size: 814.4000244140625 x 837.5999755859375
10:24:07.311 [FXGL Background Thread 1 ] DEBUG Engine               - Initializing environment variables
10:24:07.414 [FXGL Background Thread 1 ] DEBUG FXGLAssetLoaderServi - User app class for loading assets: class com.lab.App
10:24:07.414 [FXGL Background Thread 1 ] DEBUG GameApplicationServi - Applying CSS: fxgl_dark.css
10:24:07.415 [FXGL Background Thread 1 ] DEBUG FXGLAssetLoaderServi - Loading from file system: jar:file:/C:/Users/HP/.m2/repository/com/github/almasb/fxgl/21.1/fxgl-21.1.jar!/fxglassets/ui/css/fxgl_dark.css
10:24:07.489 [FXGL Background Thread 1 ] DEBUG GameApplicationServi - Initializing application scenes
10:24:07.574 [FXGL Background Thread 1 ] DEBUG GameWorld            - Game world initialized
10:24:07.684 [FXGL Background Thread 1 ] DEBUG PhysicsWorld         - Physics world initialized: appHeight=800, physics.ppm=50.0
10:24:07.685 [FXGL Background Thread 1 ] DEBUG PhysicsWorld         - Using strategy: BRUTE_FORCE
10:24:07.690 [FXGL Background Thread 1 ] DEBUG GameScene            - Game scene initialized: 800x800
10:24:07.749 [FXGL Background Thread 1 ] DEBUG FXGL.DefaultMenu     - createMenuBodyGameMenu()
10:24:07.768 [FXGL Background Thread 1 ] DEBUG FXGL.DefaultMenu     - createOptionsMenu()
10:24:07.782 [FXGL Background Thread 1 ] DEBUG FXGLAssetLoaderServi - Loading from file system: jar:file:/C:/Users/HP/.m2/repository/com/github/almasb/fxgl/21.1/fxgl-21.1.jar!/fxglassets/textures/particles/smoke.png
10:24:07.930 [FXGL Background Thread 1 ] DEBUG FXGLAssetLoaderServi - Loading from file system: jar:file:/C:/Users/HP/.m2/repository/com/github/almasb/fxgl/21.1/fxgl-21.1.jar!/fxglassets/textures/particles/trace_horizontal.png
10:24:07.965 [FXGL Background Thread 1 ] DEBUG GameApplicationServi - Application scenes initialized
10:24:07.985 [FXGL Background Thread 1 ] DEBUG SystemBundleService  - Loading FXGL system data
10:24:07.994 [FXGL Background Thread 1 ] DEBUG FileSystemAccess     - Reading from: D:\Gonvival\system\fxgl.bundle
10:24:08.011 [FXGL Background Thread 1 ] DEBUG SystemBundleService  - Bundle FXGL: {}
10:24:08.011 [FXGL Background Thread 1 ] DEBUG UpdaterService       - Checking for updates
10:24:08.016 [FXGL Background Thread 4 ] DEBUG FXGLApplication      - Loading fonts
10:24:08.017 [FXGL Background Thread 4 ] DEBUG FXGLAssetLoaderServi - Loading from file system: jar:file:/C:/Users/HP/.m2/repository/com/github/almasb/fxgl/21.1/fxgl-21.1.jar!/fxglassets/ui/fonts/VarelaRound-Regular.ttf
10:24:08.019 [FXGL Background Thread 1 ] DEBUG FXGLApplication      - Loading default localization
10:24:08.020 [FXGL Background Thread 1 ] DEBUG FXGLAssetLoaderServi - Loading from file system: jar:file:/C:/Users/HP/.m2/repository/com/github/almasb/fxgl/21.1/fxgl-21.1.jar!/fxglassets/languages/english.lang
10:24:08.088 [FXGL Background Thread 1 ] INFO  FXGLApplication      - FXGL initialization took: 0.777 sec
10:24:08.095 [FXGL Background Thread 4 ] DEBUG FXGLAssetLoaderServi - Loading from file system: jar:file:/C:/Users/HP/.m2/repository/com/github/almasb/fxgl/21.1/fxgl-21.1.jar!/fxglassets/ui/fonts/Abel-Regular.ttf
10:24:08.104 [FXGL Background Thread 4 ] DEBUG FXGLAssetLoaderServi - Loading from file system: jar:file:/C:/Users/HP/.m2/repository/com/github/almasb/fxgl/21.1/fxgl-21.1.jar!/fxglassets/ui/fonts/TerminalLandMono-Regular.otf
10:24:08.112 [FXGL Background Thread 4 ] DEBUG FXGLAssetLoaderServi - Loading from file system: jar:file:/C:/Users/HP/.m2/repository/com/github/almasb/fxgl/21.1/fxgl-21.1.jar!/fxglassets/ui/fonts/Courier-Prime.ttf
10:24:08.130 [JavaFX Application Thread] DEBUG FXGLAssetLoaderServi - Loading from file system: jar:file:/C:/Users/HP/.m2/repository/com/github/almasb/fxgl/21.1/fxgl-21.1.jar!/fxglassets/textures/fxgl_default_cursor.png
10:24:08.158 [JavaFX Application Thread] DEBUG Input                - Registered new binding: Screenshot - CTRL+8
10:24:08.159 [JavaFX Application Thread] DEBUG Input                - Registered new binding: System info dump - CTRL+9
10:24:08.160 [JavaFX Application Thread] DEBUG Input                - Registered new binding: Restart - CTRL+R
10:24:08.161 [JavaFX Application Thread] DEBUG Input                - Registered new binding: Toggle Debug Camera - CTRL+7
10:24:08.168 [JavaFX Application Thread] DEBUG LoopRunner           - Starting loop
10:24:08.168 [JavaFX Application Thread] DEBUG LoopRunner           - Initializing JavaFX AnimationTimerLoop
10:24:08.174 [JavaFX Application Thread] DEBUG Input                - Clearing active input actions
10:24:08.184 [JavaFX Application Thread] DEBUG GameApplicationServi - Removing overlay from FXGLStartupScene and adding to FXGLMainMenuDummyScene
10:24:08.185 [JavaFX Application Thread] DEBUG PrimaryStageWindow   - FXGLStartupScene -> FXGLMainMenuDummyScene
10:24:08.185 [JavaFX Application Thread] DEBUG PrimaryStageWindow   - Push state: StartScreen
10:24:08.186 [JavaFX Application Thread] DEBUG Input                - Clearing active input actions
10:24:08.205 [JavaFX Application Thread] DEBUG GameApplicationServi - Removing overlay from FXGLMainMenuDummyScene and adding to StartScreen
10:24:08.206 [JavaFX Application Thread] DEBUG PrimaryStageWindow   - FXGLMainMenuDummyScene -> StartScreen
10:24:08.207 [JavaFX Application Thread] DEBUG FXGLApplication      - Registering font factories with UI factory
10:24:11.016 [FXGL Background Thread 3 ] DEBUG Engine               - Logging environment variables
10:24:11.020 [FXGL Background Thread 3 ] DEBUG Engine               - achievements: []
10:24:11.020 [FXGL Background Thread 3 ] DEBUG Engine               - actualHeight: 800.0
10:24:11.020 [FXGL Background Thread 3 ] DEBUG Engine               - actualHeightProperty: ReadOnlyDoubleProperty [value: 800.0]
10:24:11.020 [FXGL Background Thread 3 ] DEBUG Engine               - actualWidth: 800.0
10:24:11.020 [FXGL Background Thread 3 ] DEBUG Engine               - actualWidthProperty: ReadOnlyDoubleProperty [value: 800.0]
10:24:11.020 [FXGL Background Thread 3 ] DEBUG Engine               - appIcon: fxgl_icon.png
10:24:11.021 [FXGL Background Thread 3 ] DEBUG Engine               - applicationMode: DEVELOPER
10:24:11.021 [FXGL Background Thread 3 ] DEBUG Engine               - cSSList: [fxgl_dark.css]
10:24:11.021 [FXGL Background Thread 3 ] DEBUG Engine               - collisionDetectionStrategy: BRUTE_FORCE
10:24:11.021 [FXGL Background Thread 3 ] DEBUG Engine               - configClass: Optional.empty
10:24:11.021 [FXGL Background Thread 3 ] DEBUG Engine               - credits: []
10:24:11.022 [FXGL Background Thread 3 ] DEBUG Engine               - defaultCursor: CursorInfo(imageName=fxgl_default_cursor.png, hotspotX=7.0, hotspotY=6.0)
10:24:11.022 [FXGL Background Thread 3 ] DEBUG Engine               - devBBoxColorProperty: ObjectProperty [value: 0xff0000ff]
10:24:11.022 [FXGL Background Thread 3 ] DEBUG Engine               - devEnableDebugCameraProperty: BooleanProperty [value: false]
10:24:11.022 [FXGL Background Thread 3 ] DEBUG Engine               - devSensorColorProperty: ObjectProperty [value: 0xffff00ff]
10:24:11.022 [FXGL Background Thread 3 ] DEBUG Engine               - devShowBBoxProperty: BooleanProperty [value: false]
10:24:11.022 [FXGL Background Thread 3 ] DEBUG Engine               - devShowPositionProperty: BooleanProperty [value: false]
10:24:11.022 [FXGL Background Thread 3 ] DEBUG Engine               - enabledMenuItems: []
10:24:11.026 [FXGL Background Thread 3 ] DEBUG Engine               - engineServices: [class com.almasb.fxgl.app.services.FXGLAssetLoaderService, class com.almasb.fxgl.app.FXGLApplication$GameApplicationService, class com.almasb.fxgl.app.services.FXGLDialogService, class com.almasb.fxgl.app.services.IOTaskExecutorService, class com.almasb.fxgl.io.FileSystemService, class com.almasb.fxgl.localization.LocalizationService, class com.almasb.fxgl.app.services.SystemBundleService, class com.almasb.fxgl.profile.SaveLoadService, class com.almasb.fxgl.ui.FXGLUIFactoryServiceProvider, class com.almasb.fxgl.ui.FXGLDialogFactoryServiceProvider, class com.almasb.fxgl.audio.AudioPlayer, class com.almasb.fxgl.notification.impl.NotificationServiceProvider, class com.almasb.fxgl.achievement.AchievementService, class com.almasb.fxgl.cutscene.CutsceneService, class com.almasb.fxgl.minigames.MiniGameService, class com.almasb.fxgl.net.NetService, class com.almasb.fxgl.app.services.UpdaterService, class com.almasb.fxgl.dev.DevService]
10:24:11.026 [FXGL Background Thread 3 ] DEBUG Engine               - fontGame: Abel-Regular.ttf
10:24:11.026 [FXGL Background Thread 3 ] DEBUG Engine               - fontMono: TerminalLandMono-Regular.otf
10:24:11.026 [FXGL Background Thread 3 ] DEBUG Engine               - fontSizeScaleUI: 1.0
10:24:11.028 [FXGL Background Thread 3 ] DEBUG Engine               - fontText: Courier-Prime.ttf
10:24:11.028 [FXGL Background Thread 3 ] DEBUG Engine               - fontUI: VarelaRound-Regular.ttf
10:24:11.028 [FXGL Background Thread 3 ] DEBUG Engine               - fullScreen: BooleanProperty [value: false]
10:24:11.028 [FXGL Background Thread 3 ] DEBUG Engine               - gameDifficulty: MEDIUM
10:24:11.028 [FXGL Background Thread 3 ] DEBUG Engine               - gameDifficultyProperty: ObjectProperty [value: MEDIUM]
10:24:11.028 [FXGL Background Thread 3 ] DEBUG Engine               - globalMusicVolume: 0.5
10:24:11.029 [FXGL Background Thread 3 ] DEBUG Engine               - globalMusicVolumeProperty: DoubleProperty [value: 1.0]
10:24:11.029 [FXGL Background Thread 3 ] DEBUG Engine               - globalSoundVolume: 0.5
10:24:11.030 [FXGL Background Thread 3 ] DEBUG Engine               - globalSoundVolumeProperty: DoubleProperty [value: 1.0]
10:24:11.031 [FXGL Background Thread 3 ] DEBUG Engine               - height: 800
10:24:11.031 [FXGL Background Thread 3 ] DEBUG Engine               - is3D: false
10:24:11.032 [FXGL Background Thread 3 ] DEBUG Engine               - isAndroid: false
10:24:11.032 [FXGL Background Thread 3 ] DEBUG Engine               - isBrowser: false
10:24:11.032 [FXGL Background Thread 3 ] DEBUG Engine               - isClickFeedbackEnabled: false
10:24:11.032 [FXGL Background Thread 3 ] DEBUG Engine               - isCloseConfirmation: false
10:24:11.032 [FXGL Background Thread 3 ] DEBUG Engine               - isDesktop: true
10:24:11.032 [FXGL Background Thread 3 ] DEBUG Engine               - isDeveloperMenuEnabled: false
10:24:11.032 [FXGL Background Thread 3 ] DEBUG Engine               - isEmbedded: false
10:24:11.032 [FXGL Background Thread 3 ] DEBUG Engine               - isEntityPreloadEnabled: true
10:24:11.032 [FXGL Background Thread 3 ] DEBUG Engine               - isExperimentalTiledLargeMap: false
10:24:11.032 [FXGL Background Thread 3 ] DEBUG Engine               - isFileSystemWriteAllowed: true
10:24:11.032 [FXGL Background Thread 3 ] DEBUG Engine               - isFullScreenAllowed: false
10:24:11.033 [FXGL Background Thread 3 ] DEBUG Engine               - isFullScreenFromStart: false
10:24:11.033 [FXGL Background Thread 3 ] DEBUG Engine               - isGameMenuEnabled: true
10:24:11.033 [FXGL Background Thread 3 ] DEBUG Engine               - isIOS: false
10:24:11.033 [FXGL Background Thread 3 ] DEBUG Engine               - isIntroEnabled: false
10:24:11.033 [FXGL Background Thread 3 ] DEBUG Engine               - isLinux: false
10:24:11.033 [FXGL Background Thread 3 ] DEBUG Engine               - isMac: false
10:24:11.033 [FXGL Background Thread 3 ] DEBUG Engine               - isMainMenuEnabled: true
10:24:11.033 [FXGL Background Thread 3 ] DEBUG Engine               - isManualResizeEnabled: false
10:24:11.033 [FXGL Background Thread 3 ] DEBUG Engine               - isMobile: false
10:24:11.033 [FXGL Background Thread 3 ] DEBUG Engine               - isNative: false
10:24:11.033 [FXGL Background Thread 3 ] DEBUG Engine               - isPauseMusicWhenMinimized: true
10:24:11.033 [FXGL Background Thread 3 ] DEBUG Engine               - isPreserveResizeRatio: false
10:24:11.034 [FXGL Background Thread 3 ] DEBUG Engine               - isProfilingEnabled: false
10:24:11.034 [FXGL Background Thread 3 ] DEBUG Engine               - isScaleAffectedOnResize: true
10:24:11.034 [FXGL Background Thread 3 ] DEBUG Engine               - isSingleStep: false
10:24:11.034 [FXGL Background Thread 3 ] DEBUG Engine               - isUserProfileEnabled: false
10:24:11.034 [FXGL Background Thread 3 ] DEBUG Engine               - isWindows: true
10:24:11.034 [FXGL Background Thread 3 ] DEBUG Engine               - language: ObjectProperty [value: ENGLISH]
10:24:11.034 [FXGL Background Thread 3 ] DEBUG Engine               - menuKey: ESCAPE
10:24:11.034 [FXGL Background Thread 3 ] DEBUG Engine               - mouseSensitivity: 0.2
10:24:11.034 [FXGL Background Thread 3 ] DEBUG Engine               - notificationViewClass: class com.almasb.fxgl.notification.view.XboxNotificationView
10:24:11.034 [FXGL Background Thread 3 ] DEBUG Engine               - pixelsPerMeter: 50.0
10:24:11.034 [FXGL Background Thread 3 ] DEBUG Engine               - platform: WINDOWS
10:24:11.035 [FXGL Background Thread 3 ] DEBUG Engine               - prefHeightProperty: ReadOnlyDoubleProperty [value: 800.0]
10:24:11.035 [FXGL Background Thread 3 ] DEBUG Engine               - prefWidthProperty: ReadOnlyDoubleProperty [value: 800.0]
10:24:11.035 [FXGL Background Thread 3 ] DEBUG Engine               - profileDir: profiles/
10:24:11.035 [FXGL Background Thread 3 ] DEBUG Engine               - profileName: StringProperty [value: DEFAULT]
10:24:11.035 [FXGL Background Thread 3 ] DEBUG Engine               - randomSeed: -1
10:24:11.035 [FXGL Background Thread 3 ] DEBUG Engine               - runtimeInfo: RuntimeInfo(platform=WINDOWS, version=21.1, build=27.03.2024 07.52)
10:24:11.035 [FXGL Background Thread 3 ] DEBUG Engine               - saveFileExt: sav
10:24:11.036 [FXGL Background Thread 3 ] DEBUG Engine               - scaledHeightProp$fxgl: DoubleProperty [bound, value: 800.0]
10:24:11.036 [FXGL Background Thread 3 ] DEBUG Engine               - scaledWidthProp$fxgl: DoubleProperty [bound, value: 800.0]
10:24:11.036 [FXGL Background Thread 3 ] DEBUG Engine               - sceneFactory: com.lab.App$1@6930318e
10:24:11.036 [FXGL Background Thread 3 ] DEBUG Engine               - secondsIn24h: 60
10:24:11.036 [FXGL Background Thread 3 ] DEBUG Engine               - soundMenuBack: menu/back.wav
10:24:11.036 [FXGL Background Thread 3 ] DEBUG Engine               - soundMenuPress: menu/press.wav
10:24:11.041 [FXGL Background Thread 3 ] DEBUG Engine               - soundMenuSelect: menu/select.wav
10:24:11.041 [FXGL Background Thread 3 ] DEBUG Engine               - soundNotification: core/notification.wav
10:24:11.042 [FXGL Background Thread 3 ] DEBUG Engine               - stageStyle: DECORATED
10:24:11.042 [FXGL Background Thread 3 ] DEBUG Engine               - supportedLanguages: [ENGLISH, FRENCH, GERMAN, HUNGARIAN, RUSSIAN]
10:24:11.042 [FXGL Background Thread 3 ] DEBUG Engine               - ticksPerSecond: -1
10:24:11.045 [FXGL Background Thread 3 ] DEBUG Engine               - title: Gonvival
10:24:11.045 [FXGL Background Thread 3 ] DEBUG Engine               - urlGithub: https://github.com/AlmasB/FXGL
10:24:11.045 [FXGL Background Thread 3 ] DEBUG Engine               - urlLeaderboard: http://fxgl-top.herokuapp.com/
10:24:11.046 [FXGL Background Thread 3 ] DEBUG Engine               - urlPOM: https://raw.githubusercontent.com/AlmasB/FXGL/release/README.md
10:24:11.046 [FXGL Background Thread 3 ] DEBUG Engine               - userAppClass: class com.lab.App
10:24:11.046 [FXGL Background Thread 3 ] DEBUG Engine               - version: beta
10:24:11.046 [FXGL Background Thread 3 ] DEBUG Engine               - versionCheckDays: 7
10:24:11.046 [FXGL Background Thread 3 ] DEBUG Engine               - width: 800
10:24:11.046 [FXGL Background Thread 3 ] DEBUG Engine               - Logging services
10:24:11.046 [FXGL Background Thread 3 ] DEBUG Engine               - class com.almasb.fxgl.app.services.FXGLAssetLoaderService
10:24:11.046 [FXGL Background Thread 3 ] DEBUG Engine               - class com.almasb.fxgl.app.FXGLApplication$GameApplicationService
10:24:11.046 [FXGL Background Thread 3 ] DEBUG Engine               - class com.almasb.fxgl.app.services.FXGLDialogService
10:24:11.046 [FXGL Background Thread 3 ] DEBUG Engine               - class com.almasb.fxgl.app.services.IOTaskExecutorService
10:24:11.046 [FXGL Background Thread 3 ] DEBUG Engine               - class com.almasb.fxgl.io.FileSystemService
10:24:11.046 [FXGL Background Thread 3 ] DEBUG Engine               - class com.almasb.fxgl.localization.LocalizationService
10:24:11.046 [FXGL Background Thread 3 ] DEBUG Engine               - class com.almasb.fxgl.app.services.SystemBundleService
10:24:11.046 [FXGL Background Thread 3 ] DEBUG Engine               - class com.almasb.fxgl.profile.SaveLoadService
10:24:11.046 [FXGL Background Thread 3 ] DEBUG Engine               - class com.almasb.fxgl.ui.FXGLUIFactoryServiceProvider
10:24:11.046 [FXGL Background Thread 3 ] DEBUG Engine               - class com.almasb.fxgl.ui.FXGLDialogFactoryServiceProvider
10:24:11.047 [FXGL Background Thread 3 ] DEBUG Engine               - class com.almasb.fxgl.audio.AudioPlayer
10:24:11.047 [FXGL Background Thread 3 ] DEBUG Engine               - class com.almasb.fxgl.notification.impl.NotificationServiceProvider
10:24:11.047 [FXGL Background Thread 3 ] DEBUG Engine               - class com.almasb.fxgl.achievement.AchievementService
10:24:11.047 [FXGL Background Thread 3 ] DEBUG Engine               - class com.almasb.fxgl.cutscene.CutsceneService
10:24:11.047 [FXGL Background Thread 3 ] DEBUG Engine               - class com.almasb.fxgl.minigames.MiniGameService
10:24:11.047 [FXGL Background Thread 3 ] DEBUG Engine               - class com.almasb.fxgl.net.NetService
10:24:11.047 [FXGL Background Thread 3 ] DEBUG Engine               - class com.almasb.fxgl.app.services.UpdaterService
10:24:11.047 [FXGL Background Thread 3 ] DEBUG Engine               - class com.almasb.fxgl.dev.DevService
10:24:15.145 [JavaFX Application Thread] DEBUG LoopRunner           - Pausing loop
10:24:15.146 [JavaFX Application Thread] DEBUG Menu                 - fireNewGame()
10:24:15.146 [JavaFX Application Thread] DEBUG GameApplicationServi - Starting new game
10:24:15.147 [JavaFX Application Thread] DEBUG PrimaryStageWindow   - Pop state: StartScreen
10:24:15.147 [JavaFX Application Thread] DEBUG Input                - Clearing active input actions
10:24:15.148 [JavaFX Application Thread] DEBUG GameApplicationServi - Removing overlay from StartScreen and adding to FXGLMainMenuDummyScene
10:24:15.149 [JavaFX Application Thread] DEBUG PrimaryStageWindow   - FXGLMainMenuDummyScene <- StartScreen
10:24:15.150 [JavaFX Application Thread] DEBUG Input                - Clearing active input actions
10:24:15.189 [JavaFX Application Thread] DEBUG GameApplicationServi - Removing overlay from FXGLMainMenuDummyScene and adding to FXGLLoadingScene
10:24:15.189 [JavaFX Application Thread] DEBUG PrimaryStageWindow   - FXGLMainMenuDummyScene -> FXGLLoadingScene
10:24:15.189 [JavaFX Application Thread] DEBUG GameApplicationServi - Clearing previous game
10:24:15.189 [JavaFX Application Thread] DEBUG GameScene            - Clearing game scene
10:24:15.189 [JavaFX Application Thread] DEBUG GameWorld            - Clearing game world
10:24:15.189 [JavaFX Application Thread] DEBUG PhysicsWorld         - Clearing physics world
10:24:15.195 [FXGL Background Thread 2 ] DEBUG FXGLApplication      - Initializing game
10:24:15.234 [FXGL Background Thread 2 ] DEBUG FXGLAssetLoaderServi - Loading from file system: file:/D:/Gonvival/game/target/classes/assets/textures/newmap2.png
10:24:15.332 [FXGL Background Thread 2 ] DEBUG FXGLAssetLoaderServi - Loading from file system: file:/D:/Gonvival/game/target/classes/assets/textures/idle_down.png
10:24:15.337 [FXGL Background Thread 2 ] DEBUG FXGLAssetLoaderServi - Loading from file system: file:/D:/Gonvival/game/target/classes/assets/textures/idle_up.png
10:24:15.340 [FXGL Background Thread 2 ] DEBUG FXGLAssetLoaderServi - Loading from file system: file:/D:/Gonvival/game/target/classes/assets/textures/idle_left_down.png
10:24:15.342 [FXGL Background Thread 2 ] DEBUG FXGLAssetLoaderServi - Loading from file system: file:/D:/Gonvival/game/target/classes/assets/textures/idle_left_up.png
10:24:15.344 [FXGL Background Thread 2 ] DEBUG FXGLAssetLoaderServi - Loading from file system: file:/D:/Gonvival/game/target/classes/assets/textures/idle_right_down.png
10:24:15.347 [FXGL Background Thread 2 ] DEBUG FXGLAssetLoaderServi - Loading from file system: file:/D:/Gonvival/game/target/classes/assets/textures/idle_right_up.png
10:24:15.349 [FXGL Background Thread 2 ] DEBUG FXGLAssetLoaderServi - Loading from file system: file:/D:/Gonvival/game/target/classes/assets/textures/walk_left_down.png
10:24:15.351 [FXGL Background Thread 2 ] DEBUG FXGLAssetLoaderServi - Loading from file system: file:/D:/Gonvival/game/target/classes/assets/textures/walk_right_down.png
10:24:15.353 [FXGL Background Thread 2 ] DEBUG FXGLAssetLoaderServi - Loading from file system: file:/D:/Gonvival/game/target/classes/assets/textures/walk_up.png
10:24:15.355 [FXGL Background Thread 2 ] DEBUG FXGLAssetLoaderServi - Loading from file system: file:/D:/Gonvival/game/target/classes/assets/textures/walk_down.png
10:24:15.358 [FXGL Background Thread 2 ] DEBUG FXGLAssetLoaderServi - Loading from file system: file:/D:/Gonvival/game/target/classes/assets/textures/walk_left_up.png
10:24:15.360 [FXGL Background Thread 2 ] DEBUG FXGLAssetLoaderServi - Loading from file system: file:/D:/Gonvival/game/target/classes/assets/textures/walk_right_up.png
10:24:15.378 [FXGL Background Thread 2 ] DEBUG FXGLAssetLoaderServi - Loading from file system: file:/D:/Gonvival/game/target/classes/assets/textures/Level.png
10:24:15.382 [FXGL Background Thread 2 ] INFO  FXGLApplication      - Game initialization took: 0.187 sec
10:24:15.392 [JavaFX Application Thread] DEBUG Input                - Clearing active input actions
10:24:15.407 [JavaFX Application Thread] DEBUG GameApplicationServi - Removing overlay from FXGLLoadingScene and adding to GameScene
10:24:15.407 [JavaFX Application Thread] DEBUG PrimaryStageWindow   - FXGLLoadingScene -> GameScene
10:24:18.036 [JavaFX Application Thread] DEBUG LoopRunner           - Resuming loop
10:24:18.135 [JavaFX Application Thread] DEBUG Input                - Registered new binding: SHOOT - LMB
10:24:18.136 [JavaFX Application Thread] DEBUG Input                - Registered new binding: MOVE LEFT - A
10:24:18.137 [JavaFX Application Thread] DEBUG Input                - Registered new binding: MOVE RIGHT - D
10:24:18.137 [JavaFX Application Thread] DEBUG Input                - Registered new binding: MOVE UP - W
10:24:18.137 [JavaFX Application Thread] DEBUG Input                - Registered new binding: MOVE DOWN - S
10:24:18.433 [JavaFX Application Thread] DEBUG FXGLAssetLoaderServi - Loading from file system: file:/D:/Gonvival/game/target/classes/assets/textures/arrow.png
10:24:18.438 [JavaFX Application Thread] DEBUG FXGLAssetLoaderServi - Loading from file system: file:/D:/Gonvival/game/target/classes/assets/sounds/piw.mp3
10:24:18.963 [JavaFX Application Thread] DEBUG FXGLAssetLoaderServi - Loading from file system: file:/D:/Gonvival/game/target/classes/assets/textures/GraveRevenant.png
10:24:25.386 [JavaFX Application Thread] DEBUG PrimaryStageWindow   - Push state: FXGLDefaultMenu
10:24:25.419 [JavaFX Application Thread] DEBUG Input                - Clearing active input actions
10:24:25.423 [JavaFX Application Thread] DEBUG GameApplicationServi - Removing overlay from GameScene and adding to FXGLDefaultMenu
10:24:25.423 [JavaFX Application Thread] DEBUG PrimaryStageWindow   - GameScene -> FXGLDefaultMenu
10:24:26.748 [JavaFX Application Thread] DEBUG Menu                 - fireExitToMainMenu()
10:24:26.752 [JavaFX Application Thread] DEBUG PrimaryStageWindow   - Push state: DialogSubScene
10:24:26.753 [JavaFX Application Thread] DEBUG Input                - Clearing active input actions
10:24:26.753 [JavaFX Application Thread] DEBUG GameApplicationServi - Removing overlay from FXGLDefaultMenu and adding to DialogSubScene
10:24:26.753 [JavaFX Application Thread] DEBUG PrimaryStageWindow   - FXGLDefaultMenu -> DialogSubScene
10:24:31.998 [JavaFX Application Thread] DEBUG PrimaryStageWindow   - Pop state: DialogSubScene
10:24:31.998 [JavaFX Application Thread] DEBUG Input                - Clearing active input actions
10:24:32.005 [JavaFX Application Thread] DEBUG GameApplicationServi - Removing overlay from DialogSubScene and adding to FXGLDefaultMenu
10:24:32.006 [JavaFX Application Thread] DEBUG PrimaryStageWindow   - FXGLDefaultMenu <- DialogSubScene
10:24:32.009 [JavaFX Application Thread] DEBUG PrimaryStageWindow   - Pop state: FXGLDefaultMenu
10:24:32.009 [JavaFX Application Thread] DEBUG Input                - Clearing active input actions
10:24:32.012 [JavaFX Application Thread] DEBUG GameApplicationServi - Removing overlay from FXGLDefaultMenu and adding to GameScene
10:24:32.012 [JavaFX Application Thread] DEBUG PrimaryStageWindow   - GameScene <- FXGLDefaultMenu
10:24:32.012 [JavaFX Application Thread] DEBUG Input                - Clearing active input actions
10:24:32.025 [JavaFX Application Thread] DEBUG GameApplicationServi - Removing overlay from GameScene and adding to FXGLMainMenuDummyScene
10:24:32.033 [JavaFX Application Thread] DEBUG PrimaryStageWindow   - GameScene -> FXGLMainMenuDummyScene
10:24:32.033 [JavaFX Application Thread] DEBUG PrimaryStageWindow   - Push state: StartScreen
10:24:32.033 [JavaFX Application Thread] DEBUG Input                - Clearing active input actions
10:24:32.039 [JavaFX Application Thread] DEBUG GameApplicationServi - Removing overlay from FXGLMainMenuDummyScene and adding to StartScreen
10:24:32.039 [JavaFX Application Thread] DEBUG PrimaryStageWindow   - FXGLMainMenuDummyScene -> StartScreen
10:24:33.566 [JavaFX Application Thread] DEBUG FXGLApplication      - Exiting FXGL
10:24:33.566 [JavaFX Application Thread] DEBUG LoopRunner           - Stopping loop
10:24:33.567 [JavaFX Application Thread] DEBUG SystemBundleService  - Saving FXGL system data
10:24:33.572 [JavaFX Application Thread] DEBUG FileSystemAccess     - Writing to: D:\Gonvival\system\fxgl.bundle
10:24:33.584 [JavaFX Application Thread] DEBUG Async                - Shutting down background threads
10:24:33.584 [JavaFX Application Thread] DEBUG PrimaryStageWindow   - Closing main window
10:24:33.657 [JavaFX Application Thread] DEBUG Logger               - Closing Logger
