08:25:39.680 [main                     ] DEBUG Logger               - Configured Logger
08:25:39.723 [main                     ] DEBUG GameApplication      - Logging settings
Title: Gonvival
Version: beta
Width: 800
Height: 800
Fullscreen: false
Intro: false
Profiling: false
Single step:false
App Mode: DEVELOPER
Menu Key: ESCAPE
Stage Style: DECORATED
Scene Factory: class com.lab.App$1

08:25:41.276 [JavaFX Application Thread] DEBUG FXGLApplication      - Initializing FXGL
08:25:41.284 [JavaFX Application Thread] INFO  Engine               - FXGL-21.1 (27.03.2024 07.52) on WINDOWS (J:21.0.5 FX:21.0.1)
08:25:41.285 [JavaFX Application Thread] DEBUG Engine               - JRE Vendor Name: Eclipse Adoptium
08:25:41.286 [JavaFX Application Thread] DEBUG Engine               - Running on OS: Windows 11 version 10.0
08:25:41.286 [JavaFX Application Thread] DEBUG Engine               - Architecture: amd64
08:25:41.286 [JavaFX Application Thread] INFO  Engine               - Source code and latest versions at: https://github.com/AlmasB/FXGL
08:25:41.286 [JavaFX Application Thread] INFO  Engine               -       Ask questions and discuss at: https://github.com/AlmasB/FXGL/discussions
08:25:41.287 [JavaFX Application Thread] INFO  Engine               -              Join the FXGL chat at: https://gitter.im/AlmasB/FXGL
08:25:41.466 [JavaFX Application Thread] DEBUG PrimaryStageWindow   - Creating a JavaFX scene
08:25:41.537 [JavaFX Application Thread] DEBUG PrimaryStageWindow   - Target settings size: 800.0 x 800.0
08:25:41.537 [JavaFX Application Thread] DEBUG PrimaryStageWindow   - Scaled scene size:    800.0 x 800.0
08:25:41.537 [JavaFX Application Thread] DEBUG PrimaryStageWindow   - Scaled ratio: (1.0, 1.0)
08:25:41.538 [JavaFX Application Thread] DEBUG PrimaryStageWindow   - Set initial scene to FXGLStartupScene
08:25:41.545 [JavaFX Application Thread] DEBUG PrimaryStageWindow   - Opening main window
08:25:41.737 [JavaFX Application Thread] DEBUG PrimaryStageWindow   - Window border size: (14.4000244140625, 37.5999755859375)
08:25:41.737 [JavaFX Application Thread] DEBUG PrimaryStageWindow   - Scaled size: 800.0 x 800.0
08:25:41.738 [JavaFX Application Thread] DEBUG PrimaryStageWindow   - Scaled ratio: (1.0, 1.0)
08:25:41.739 [JavaFX Application Thread] DEBUG PrimaryStageWindow   - Scene size: 800.0 x 800.0
08:25:41.740 [JavaFX Application Thread] DEBUG PrimaryStageWindow   - Stage size: 814.4000244140625 x 837.5999755859375
08:25:41.766 [FXGL Background Thread 1 ] DEBUG Engine               - Initializing environment variables
08:25:41.893 [FXGL Background Thread 1 ] DEBUG FXGLAssetLoaderServi - User app class for loading assets: class com.lab.App
08:25:41.893 [FXGL Background Thread 1 ] DEBUG GameApplicationServi - Applying CSS: fxgl_dark.css
08:25:41.895 [FXGL Background Thread 1 ] DEBUG FXGLAssetLoaderServi - Loading from file system: jar:file:/C:/Users/HP/.m2/repository/com/github/almasb/fxgl/21.1/fxgl-21.1.jar!/fxglassets/ui/css/fxgl_dark.css
08:25:41.979 [FXGL Background Thread 1 ] DEBUG GameApplicationServi - Initializing application scenes
08:25:42.105 [FXGL Background Thread 1 ] DEBUG GameWorld            - Game world initialized
08:25:42.191 [FXGL Background Thread 1 ] DEBUG PhysicsWorld         - Physics world initialized: appHeight=800, physics.ppm=50.0
08:25:42.191 [FXGL Background Thread 1 ] DEBUG PhysicsWorld         - Using strategy: BRUTE_FORCE
08:25:42.198 [FXGL Background Thread 1 ] DEBUG GameScene            - Game scene initialized: 800x800
08:25:42.241 [FXGL Background Thread 1 ] DEBUG FXGLAssetLoaderServi - Loading from file system: file:/D:/Gonvival/game/target/classes/assets/music/runNiggaRun.mp3
08:25:42.455 [FXGL Background Thread 1 ] DEBUG AudioPlayer          - Playing music com.almasb.fxgl.audio.Music@14e9669d
08:25:42.491 [FXGL Background Thread 1 ] DEBUG FXGL.DefaultMenu     - createMenuBodyGameMenu()
08:25:42.549 [FXGL Background Thread 1 ] DEBUG FXGL.DefaultMenu     - createOptionsMenu()
08:25:42.586 [FXGL Background Thread 1 ] DEBUG FXGLAssetLoaderServi - Loading from file system: jar:file:/C:/Users/HP/.m2/repository/com/github/almasb/fxgl/21.1/fxgl-21.1.jar!/fxglassets/textures/particles/smoke.png
08:25:42.789 [FXGL Background Thread 1 ] DEBUG FXGLAssetLoaderServi - Loading from file system: jar:file:/C:/Users/HP/.m2/repository/com/github/almasb/fxgl/21.1/fxgl-21.1.jar!/fxglassets/textures/particles/trace_horizontal.png
08:25:42.816 [FXGL Background Thread 1 ] DEBUG GameApplicationServi - Application scenes initialized
08:25:42.831 [FXGL Background Thread 1 ] DEBUG SystemBundleService  - Loading FXGL system data
08:25:42.839 [FXGL Background Thread 1 ] DEBUG FileSystemAccess     - Reading from: D:\Gonvival\system\fxgl.bundle
08:25:42.850 [FXGL Background Thread 1 ] DEBUG SystemBundleService  - Bundle FXGL: {}
08:25:42.850 [FXGL Background Thread 1 ] DEBUG UpdaterService       - Checking for updates
08:25:42.857 [FXGL Background Thread 4 ] DEBUG FXGLApplication      - Loading fonts
08:25:42.857 [FXGL Background Thread 4 ] DEBUG FXGLAssetLoaderServi - Loading from file system: jar:file:/C:/Users/HP/.m2/repository/com/github/almasb/fxgl/21.1/fxgl-21.1.jar!/fxglassets/ui/fonts/VarelaRound-Regular.ttf
08:25:42.858 [FXGL Background Thread 1 ] DEBUG FXGLApplication      - Loading default localization
08:25:42.859 [FXGL Background Thread 1 ] DEBUG FXGLAssetLoaderServi - Loading from file system: jar:file:/C:/Users/HP/.m2/repository/com/github/almasb/fxgl/21.1/fxgl-21.1.jar!/fxglassets/languages/english.lang
08:25:42.932 [FXGL Background Thread 4 ] DEBUG FXGLAssetLoaderServi - Loading from file system: jar:file:/C:/Users/HP/.m2/repository/com/github/almasb/fxgl/21.1/fxgl-21.1.jar!/fxglassets/ui/fonts/Abel-Regular.ttf
08:25:42.932 [FXGL Background Thread 1 ] INFO  FXGLApplication      - FXGL initialization took: 1.165 sec
08:25:42.940 [FXGL Background Thread 4 ] DEBUG FXGLAssetLoaderServi - Loading from file system: jar:file:/C:/Users/HP/.m2/repository/com/github/almasb/fxgl/21.1/fxgl-21.1.jar!/fxglassets/ui/fonts/TerminalLandMono-Regular.otf
08:25:42.950 [FXGL Background Thread 4 ] DEBUG FXGLAssetLoaderServi - Loading from file system: jar:file:/C:/Users/HP/.m2/repository/com/github/almasb/fxgl/21.1/fxgl-21.1.jar!/fxglassets/ui/fonts/Courier-Prime.ttf
08:25:42.962 [JavaFX Application Thread] DEBUG FXGLAssetLoaderServi - Loading from file system: jar:file:/C:/Users/HP/.m2/repository/com/github/almasb/fxgl/21.1/fxgl-21.1.jar!/fxglassets/textures/fxgl_icon.png
08:25:43.030 [JavaFX Application Thread] DEBUG FXGLAssetLoaderServi - Loading from file system: jar:file:/C:/Users/HP/.m2/repository/com/github/almasb/fxgl/21.1/fxgl-21.1.jar!/fxglassets/textures/fxgl_default_cursor.png
08:25:43.049 [JavaFX Application Thread] DEBUG Input                - Registered new binding: Screenshot - CTRL+8
08:25:43.052 [JavaFX Application Thread] DEBUG Input                - Registered new binding: System info dump - CTRL+9
08:25:43.053 [JavaFX Application Thread] DEBUG Input                - Registered new binding: Restart - CTRL+R
08:25:43.056 [JavaFX Application Thread] DEBUG Input                - Registered new binding: Toggle Debug Camera - CTRL+7
08:25:43.061 [JavaFX Application Thread] DEBUG LoopRunner           - Starting loop
08:25:43.062 [JavaFX Application Thread] DEBUG LoopRunner           - Initializing JavaFX AnimationTimerLoop
08:25:43.067 [JavaFX Application Thread] DEBUG Input                - Clearing active input actions
08:25:43.080 [JavaFX Application Thread] DEBUG GameApplicationServi - Removing overlay from FXGLStartupScene and adding to FXGLMainMenuDummyScene
08:25:43.080 [JavaFX Application Thread] DEBUG PrimaryStageWindow   - FXGLStartupScene -> FXGLMainMenuDummyScene
08:25:43.080 [JavaFX Application Thread] DEBUG PrimaryStageWindow   - Push state: StartScreen
08:25:43.081 [JavaFX Application Thread] DEBUG Input                - Clearing active input actions
08:25:43.099 [JavaFX Application Thread] DEBUG GameApplicationServi - Removing overlay from FXGLMainMenuDummyScene and adding to StartScreen
08:25:43.100 [JavaFX Application Thread] DEBUG PrimaryStageWindow   - FXGLMainMenuDummyScene -> StartScreen
08:25:43.102 [JavaFX Application Thread] DEBUG FXGLApplication      - Registering font factories with UI factory
08:25:45.853 [FXGL Background Thread 3 ] DEBUG Engine               - Logging environment variables
08:25:45.855 [FXGL Background Thread 3 ] DEBUG Engine               - achievements: []
08:25:45.856 [FXGL Background Thread 3 ] DEBUG Engine               - actualHeight: 800.0
08:25:45.856 [FXGL Background Thread 3 ] DEBUG Engine               - actualHeightProperty: ReadOnlyDoubleProperty [value: 800.0]
08:25:45.856 [FXGL Background Thread 3 ] DEBUG Engine               - actualWidth: 800.0
08:25:45.856 [FXGL Background Thread 3 ] DEBUG Engine               - actualWidthProperty: ReadOnlyDoubleProperty [value: 800.0]
08:25:45.856 [FXGL Background Thread 3 ] DEBUG Engine               - appIcon: fxgl_icon.png
08:25:45.857 [FXGL Background Thread 3 ] DEBUG Engine               - applicationMode: DEVELOPER
08:25:45.857 [FXGL Background Thread 3 ] DEBUG Engine               - cSSList: [fxgl_dark.css]
08:25:45.857 [FXGL Background Thread 3 ] DEBUG Engine               - collisionDetectionStrategy: BRUTE_FORCE
08:25:45.857 [FXGL Background Thread 3 ] DEBUG Engine               - configClass: Optional.empty
08:25:45.857 [FXGL Background Thread 3 ] DEBUG Engine               - credits: []
08:25:45.858 [FXGL Background Thread 3 ] DEBUG Engine               - defaultCursor: CursorInfo(imageName=fxgl_default_cursor.png, hotspotX=7.0, hotspotY=6.0)
08:25:45.858 [FXGL Background Thread 3 ] DEBUG Engine               - devBBoxColorProperty: ObjectProperty [value: 0xff0000ff]
08:25:45.858 [FXGL Background Thread 3 ] DEBUG Engine               - devEnableDebugCameraProperty: BooleanProperty [value: false]
08:25:45.859 [FXGL Background Thread 3 ] DEBUG Engine               - devSensorColorProperty: ObjectProperty [value: 0xffff00ff]
08:25:45.859 [FXGL Background Thread 3 ] DEBUG Engine               - devShowBBoxProperty: BooleanProperty [value: false]
08:25:45.859 [FXGL Background Thread 3 ] DEBUG Engine               - devShowPositionProperty: BooleanProperty [value: false]
08:25:45.859 [FXGL Background Thread 3 ] DEBUG Engine               - enabledMenuItems: []
08:25:45.859 [FXGL Background Thread 3 ] DEBUG Engine               - engineServices: [class com.almasb.fxgl.app.services.FXGLAssetLoaderService, class com.almasb.fxgl.app.FXGLApplication$GameApplicationService, class com.almasb.fxgl.app.services.FXGLDialogService, class com.almasb.fxgl.app.services.IOTaskExecutorService, class com.almasb.fxgl.io.FileSystemService, class com.almasb.fxgl.localization.LocalizationService, class com.almasb.fxgl.app.services.SystemBundleService, class com.almasb.fxgl.profile.SaveLoadService, class com.almasb.fxgl.ui.FXGLUIFactoryServiceProvider, class com.almasb.fxgl.ui.FXGLDialogFactoryServiceProvider, class com.almasb.fxgl.audio.AudioPlayer, class com.almasb.fxgl.notification.impl.NotificationServiceProvider, class com.almasb.fxgl.achievement.AchievementService, class com.almasb.fxgl.cutscene.CutsceneService, class com.almasb.fxgl.minigames.MiniGameService, class com.almasb.fxgl.net.NetService, class com.almasb.fxgl.app.services.UpdaterService, class com.almasb.fxgl.dev.DevService]
08:25:45.859 [FXGL Background Thread 3 ] DEBUG Engine               - fontGame: Abel-Regular.ttf
08:25:45.859 [FXGL Background Thread 3 ] DEBUG Engine               - fontMono: TerminalLandMono-Regular.otf
08:25:45.859 [FXGL Background Thread 3 ] DEBUG Engine               - fontSizeScaleUI: 1.0
08:25:45.860 [FXGL Background Thread 3 ] DEBUG Engine               - fontText: Courier-Prime.ttf
08:25:45.860 [FXGL Background Thread 3 ] DEBUG Engine               - fontUI: VarelaRound-Regular.ttf
08:25:45.860 [FXGL Background Thread 3 ] DEBUG Engine               - fullScreen: BooleanProperty [value: false]
08:25:45.860 [FXGL Background Thread 3 ] DEBUG Engine               - gameDifficulty: MEDIUM
08:25:45.860 [FXGL Background Thread 3 ] DEBUG Engine               - gameDifficultyProperty: ObjectProperty [value: MEDIUM]
08:25:45.860 [FXGL Background Thread 3 ] DEBUG Engine               - globalMusicVolume: 0.5
08:25:45.860 [FXGL Background Thread 3 ] DEBUG Engine               - globalMusicVolumeProperty: DoubleProperty [value: 1.0]
08:25:45.860 [FXGL Background Thread 3 ] DEBUG Engine               - globalSoundVolume: 0.5
08:25:45.861 [FXGL Background Thread 3 ] DEBUG Engine               - globalSoundVolumeProperty: DoubleProperty [value: 1.0]
08:25:45.861 [FXGL Background Thread 3 ] DEBUG Engine               - height: 800
08:25:45.861 [FXGL Background Thread 3 ] DEBUG Engine               - is3D: false
08:25:45.861 [FXGL Background Thread 3 ] DEBUG Engine               - isAndroid: false
08:25:45.861 [FXGL Background Thread 3 ] DEBUG Engine               - isBrowser: false
08:25:45.861 [FXGL Background Thread 3 ] DEBUG Engine               - isClickFeedbackEnabled: false
08:25:45.861 [FXGL Background Thread 3 ] DEBUG Engine               - isCloseConfirmation: false
08:25:45.861 [FXGL Background Thread 3 ] DEBUG Engine               - isDesktop: true
08:25:45.861 [FXGL Background Thread 3 ] DEBUG Engine               - isDeveloperMenuEnabled: false
08:25:45.861 [FXGL Background Thread 3 ] DEBUG Engine               - isEmbedded: false
08:25:45.861 [FXGL Background Thread 3 ] DEBUG Engine               - isEntityPreloadEnabled: true
08:25:45.861 [FXGL Background Thread 3 ] DEBUG Engine               - isExperimentalTiledLargeMap: false
08:25:45.861 [FXGL Background Thread 3 ] DEBUG Engine               - isFileSystemWriteAllowed: true
08:25:45.862 [FXGL Background Thread 3 ] DEBUG Engine               - isFullScreenAllowed: false
08:25:45.862 [FXGL Background Thread 3 ] DEBUG Engine               - isFullScreenFromStart: false
08:25:45.862 [FXGL Background Thread 3 ] DEBUG Engine               - isGameMenuEnabled: true
08:25:45.862 [FXGL Background Thread 3 ] DEBUG Engine               - isIOS: false
08:25:45.862 [FXGL Background Thread 3 ] DEBUG Engine               - isIntroEnabled: false
08:25:45.862 [FXGL Background Thread 3 ] DEBUG Engine               - isLinux: false
08:25:45.862 [FXGL Background Thread 3 ] DEBUG Engine               - isMac: false
08:25:45.862 [FXGL Background Thread 3 ] DEBUG Engine               - isMainMenuEnabled: true
08:25:45.862 [FXGL Background Thread 3 ] DEBUG Engine               - isManualResizeEnabled: false
08:25:45.862 [FXGL Background Thread 3 ] DEBUG Engine               - isMobile: false
08:25:45.862 [FXGL Background Thread 3 ] DEBUG Engine               - isNative: false
08:25:45.862 [FXGL Background Thread 3 ] DEBUG Engine               - isPauseMusicWhenMinimized: true
08:25:45.862 [FXGL Background Thread 3 ] DEBUG Engine               - isPreserveResizeRatio: false
08:25:45.863 [FXGL Background Thread 3 ] DEBUG Engine               - isProfilingEnabled: false
08:25:45.863 [FXGL Background Thread 3 ] DEBUG Engine               - isScaleAffectedOnResize: true
08:25:45.863 [FXGL Background Thread 3 ] DEBUG Engine               - isSingleStep: false
08:25:45.863 [FXGL Background Thread 3 ] DEBUG Engine               - isUserProfileEnabled: false
08:25:45.863 [FXGL Background Thread 3 ] DEBUG Engine               - isWindows: true
08:25:45.864 [FXGL Background Thread 3 ] DEBUG Engine               - language: ObjectProperty [value: ENGLISH]
08:25:45.864 [FXGL Background Thread 3 ] DEBUG Engine               - menuKey: ESCAPE
08:25:45.864 [FXGL Background Thread 3 ] DEBUG Engine               - mouseSensitivity: 0.2
08:25:45.864 [FXGL Background Thread 3 ] DEBUG Engine               - notificationViewClass: class com.almasb.fxgl.notification.view.XboxNotificationView
08:25:45.864 [FXGL Background Thread 3 ] DEBUG Engine               - pixelsPerMeter: 50.0
08:25:45.864 [FXGL Background Thread 3 ] DEBUG Engine               - platform: WINDOWS
08:25:45.865 [FXGL Background Thread 3 ] DEBUG Engine               - prefHeightProperty: ReadOnlyDoubleProperty [value: 800.0]
08:25:45.865 [FXGL Background Thread 3 ] DEBUG Engine               - prefWidthProperty: ReadOnlyDoubleProperty [value: 800.0]
08:25:45.865 [FXGL Background Thread 3 ] DEBUG Engine               - profileDir: profiles/
08:25:45.865 [FXGL Background Thread 3 ] DEBUG Engine               - profileName: StringProperty [value: DEFAULT]
08:25:45.865 [FXGL Background Thread 3 ] DEBUG Engine               - randomSeed: -1
08:25:45.865 [FXGL Background Thread 3 ] DEBUG Engine               - runtimeInfo: RuntimeInfo(platform=WINDOWS, version=21.1, build=27.03.2024 07.52)
08:25:45.865 [FXGL Background Thread 3 ] DEBUG Engine               - saveFileExt: sav
08:25:45.866 [FXGL Background Thread 3 ] DEBUG Engine               - scaledHeightProp$fxgl: DoubleProperty [bound, value: 800.0]
08:25:45.866 [FXGL Background Thread 3 ] DEBUG Engine               - scaledWidthProp$fxgl: DoubleProperty [bound, value: 800.0]
08:25:45.866 [FXGL Background Thread 3 ] DEBUG Engine               - sceneFactory: com.lab.App$1@3636e1c2
08:25:45.866 [FXGL Background Thread 3 ] DEBUG Engine               - secondsIn24h: 60
08:25:45.866 [FXGL Background Thread 3 ] DEBUG Engine               - soundMenuBack: menu/back.wav
08:25:45.866 [FXGL Background Thread 3 ] DEBUG Engine               - soundMenuPress: menu/press.wav
08:25:45.866 [FXGL Background Thread 3 ] DEBUG Engine               - soundMenuSelect: menu/select.wav
08:25:45.866 [FXGL Background Thread 3 ] DEBUG Engine               - soundNotification: core/notification.wav
08:25:45.866 [FXGL Background Thread 3 ] DEBUG Engine               - stageStyle: DECORATED
08:25:45.866 [FXGL Background Thread 3 ] DEBUG Engine               - supportedLanguages: [ENGLISH, FRENCH, GERMAN, HUNGARIAN, RUSSIAN]
08:25:45.866 [FXGL Background Thread 3 ] DEBUG Engine               - ticksPerSecond: -1
08:25:45.866 [FXGL Background Thread 3 ] DEBUG Engine               - title: Gonvival
08:25:45.866 [FXGL Background Thread 3 ] DEBUG Engine               - urlGithub: https://github.com/AlmasB/FXGL
08:25:45.866 [FXGL Background Thread 3 ] DEBUG Engine               - urlLeaderboard: http://fxgl-top.herokuapp.com/
08:25:45.867 [FXGL Background Thread 3 ] DEBUG Engine               - urlPOM: https://raw.githubusercontent.com/AlmasB/FXGL/release/README.md
08:25:45.867 [FXGL Background Thread 3 ] DEBUG Engine               - userAppClass: class com.lab.App
08:25:45.867 [FXGL Background Thread 3 ] DEBUG Engine               - version: beta
08:25:45.867 [FXGL Background Thread 3 ] DEBUG Engine               - versionCheckDays: 7
08:25:45.867 [FXGL Background Thread 3 ] DEBUG Engine               - width: 800
08:25:45.867 [FXGL Background Thread 3 ] DEBUG Engine               - Logging services
08:25:45.867 [FXGL Background Thread 3 ] DEBUG Engine               - class com.almasb.fxgl.app.services.FXGLAssetLoaderService
08:25:45.867 [FXGL Background Thread 3 ] DEBUG Engine               - class com.almasb.fxgl.app.FXGLApplication$GameApplicationService
08:25:45.867 [FXGL Background Thread 3 ] DEBUG Engine               - class com.almasb.fxgl.app.services.FXGLDialogService
08:25:45.867 [FXGL Background Thread 3 ] DEBUG Engine               - class com.almasb.fxgl.app.services.IOTaskExecutorService
08:25:45.867 [FXGL Background Thread 3 ] DEBUG Engine               - class com.almasb.fxgl.io.FileSystemService
08:25:45.867 [FXGL Background Thread 3 ] DEBUG Engine               - class com.almasb.fxgl.localization.LocalizationService
08:25:45.867 [FXGL Background Thread 3 ] DEBUG Engine               - class com.almasb.fxgl.app.services.SystemBundleService
08:25:45.868 [FXGL Background Thread 3 ] DEBUG Engine               - class com.almasb.fxgl.profile.SaveLoadService
08:25:45.868 [FXGL Background Thread 3 ] DEBUG Engine               - class com.almasb.fxgl.ui.FXGLUIFactoryServiceProvider
08:25:45.868 [FXGL Background Thread 3 ] DEBUG Engine               - class com.almasb.fxgl.ui.FXGLDialogFactoryServiceProvider
08:25:45.868 [FXGL Background Thread 3 ] DEBUG Engine               - class com.almasb.fxgl.audio.AudioPlayer
08:25:45.868 [FXGL Background Thread 3 ] DEBUG Engine               - class com.almasb.fxgl.notification.impl.NotificationServiceProvider
08:25:45.868 [FXGL Background Thread 3 ] DEBUG Engine               - class com.almasb.fxgl.achievement.AchievementService
08:25:45.868 [FXGL Background Thread 3 ] DEBUG Engine               - class com.almasb.fxgl.cutscene.CutsceneService
08:25:45.868 [FXGL Background Thread 3 ] DEBUG Engine               - class com.almasb.fxgl.minigames.MiniGameService
08:25:45.868 [FXGL Background Thread 3 ] DEBUG Engine               - class com.almasb.fxgl.net.NetService
08:25:45.868 [FXGL Background Thread 3 ] DEBUG Engine               - class com.almasb.fxgl.app.services.UpdaterService
08:25:45.868 [FXGL Background Thread 3 ] DEBUG Engine               - class com.almasb.fxgl.dev.DevService
08:25:45.966 [JavaFX Application Thread] DEBUG AudioPlayer          - Stopping music com.almasb.fxgl.audio.Music@14e9669d
08:25:45.971 [JavaFX Application Thread] DEBUG AudioPlayer          - Pausing music com.almasb.fxgl.audio.Music@14e9669d
08:25:45.972 [JavaFX Application Thread] DEBUG LoopRunner           - Pausing loop
08:25:45.972 [JavaFX Application Thread] DEBUG Menu                 - fireNewGame()
08:25:45.972 [JavaFX Application Thread] DEBUG GameApplicationServi - Starting new game
08:25:45.972 [JavaFX Application Thread] DEBUG PrimaryStageWindow   - Pop state: StartScreen
08:25:45.972 [JavaFX Application Thread] DEBUG Input                - Clearing active input actions
08:25:45.972 [JavaFX Application Thread] DEBUG GameApplicationServi - Removing overlay from StartScreen and adding to FXGLMainMenuDummyScene
08:25:45.974 [JavaFX Application Thread] DEBUG PrimaryStageWindow   - FXGLMainMenuDummyScene <- StartScreen
08:25:45.974 [JavaFX Application Thread] DEBUG Input                - Clearing active input actions
08:25:45.981 [JavaFX Application Thread] DEBUG GameApplicationServi - Removing overlay from FXGLMainMenuDummyScene and adding to FXGLLoadingScene
08:25:45.981 [JavaFX Application Thread] DEBUG PrimaryStageWindow   - FXGLMainMenuDummyScene -> FXGLLoadingScene
08:25:45.981 [JavaFX Application Thread] DEBUG GameApplicationServi - Clearing previous game
08:25:45.981 [JavaFX Application Thread] DEBUG GameScene            - Clearing game scene
08:25:45.981 [JavaFX Application Thread] DEBUG GameWorld            - Clearing game world
08:25:45.981 [JavaFX Application Thread] DEBUG PhysicsWorld         - Clearing physics world
08:25:45.985 [FXGL Background Thread 2 ] DEBUG FXGLApplication      - Initializing game
08:25:46.004 [FXGL Background Thread 2 ] DEBUG FXGLAssetLoaderServi - Loading from file system: file:/D:/Gonvival/game/target/classes/assets/textures/newmap2.png
08:25:46.087 [FXGL Background Thread 2 ] DEBUG FXGLAssetLoaderServi - Loading from file system: file:/D:/Gonvival/game/target/classes/assets/textures/idle_down.png
08:25:46.092 [FXGL Background Thread 2 ] DEBUG FXGLAssetLoaderServi - Loading from file system: file:/D:/Gonvival/game/target/classes/assets/textures/idle_up.png
08:25:46.096 [FXGL Background Thread 2 ] DEBUG FXGLAssetLoaderServi - Loading from file system: file:/D:/Gonvival/game/target/classes/assets/textures/idle_left_down.png
08:25:46.099 [FXGL Background Thread 2 ] DEBUG FXGLAssetLoaderServi - Loading from file system: file:/D:/Gonvival/game/target/classes/assets/textures/idle_left_up.png
08:25:46.101 [FXGL Background Thread 2 ] DEBUG FXGLAssetLoaderServi - Loading from file system: file:/D:/Gonvival/game/target/classes/assets/textures/idle_right_down.png
08:25:46.103 [FXGL Background Thread 2 ] DEBUG FXGLAssetLoaderServi - Loading from file system: file:/D:/Gonvival/game/target/classes/assets/textures/idle_right_up.png
08:25:46.106 [FXGL Background Thread 2 ] DEBUG FXGLAssetLoaderServi - Loading from file system: file:/D:/Gonvival/game/target/classes/assets/textures/walk_left_down.png
08:25:46.108 [FXGL Background Thread 2 ] DEBUG FXGLAssetLoaderServi - Loading from file system: file:/D:/Gonvival/game/target/classes/assets/textures/walk_right_down.png
08:25:46.110 [FXGL Background Thread 2 ] DEBUG FXGLAssetLoaderServi - Loading from file system: file:/D:/Gonvival/game/target/classes/assets/textures/walk_up.png
08:25:46.112 [FXGL Background Thread 2 ] DEBUG FXGLAssetLoaderServi - Loading from file system: file:/D:/Gonvival/game/target/classes/assets/textures/walk_down.png
08:25:46.114 [FXGL Background Thread 2 ] DEBUG FXGLAssetLoaderServi - Loading from file system: file:/D:/Gonvival/game/target/classes/assets/textures/walk_left_up.png
08:25:46.116 [FXGL Background Thread 2 ] DEBUG FXGLAssetLoaderServi - Loading from file system: file:/D:/Gonvival/game/target/classes/assets/textures/walk_right_up.png
08:25:46.134 [FXGL Background Thread 2 ] DEBUG FXGLAssetLoaderServi - Loading from file system: file:/D:/Gonvival/game/target/classes/assets/textures/Level.png
08:25:46.138 [FXGL Background Thread 2 ] INFO  FXGLApplication      - Game initialization took: 0.154 sec
08:25:46.139 [JavaFX Application Thread] DEBUG Input                - Clearing active input actions
08:25:46.146 [JavaFX Application Thread] DEBUG GameApplicationServi - Removing overlay from FXGLLoadingScene and adding to GameScene
08:25:46.147 [JavaFX Application Thread] DEBUG PrimaryStageWindow   - FXGLLoadingScene -> GameScene
08:25:47.774 [JavaFX Application Thread] DEBUG FXGLApplication      - Exiting FXGL
08:25:47.774 [JavaFX Application Thread] DEBUG LoopRunner           - Stopping loop
08:25:47.774 [JavaFX Application Thread] DEBUG SystemBundleService  - Saving FXGL system data
08:25:47.777 [JavaFX Application Thread] DEBUG FileSystemAccess     - Writing to: D:\Gonvival\system\fxgl.bundle
08:25:47.779 [JavaFX Application Thread] DEBUG Async                - Shutting down background threads
08:25:47.779 [JavaFX Application Thread] DEBUG PrimaryStageWindow   - Closing main window
08:25:47.837 [JavaFX Application Thread] DEBUG Logger               - Closing Logger
