05:09:25.386 [main                     ] DEBUG Logger               - Configured Logger
05:09:25.406 [main                     ] DEBUG GameApplication      - Logging settings
Title: Gonvival
Version: beta
Width: 800
Height: 800
Fullscreen: false
Intro: false
Profiling: false
Single step:false
App Mode: DEVELOPER
Menu Key: ESCAPE
Stage Style: DECORATED
Scene Factory: class com.lab.App$1

05:09:26.331 [JavaFX Application Thread] DEBUG FXGLApplication      - Initializing FXGL
05:09:26.336 [JavaFX Application Thread] INFO  Engine               - FXGL-21.1 (27.03.2024 07.52) on WINDOWS (J:21.0.5 FX:21.0.1)
05:09:26.337 [JavaFX Application Thread] DEBUG Engine               - JRE Vendor Name: Eclipse Adoptium
05:09:26.337 [JavaFX Application Thread] DEBUG Engine               - Running on OS: Windows 11 version 10.0
05:09:26.337 [JavaFX Application Thread] DEBUG Engine               - Architecture: amd64
05:09:26.338 [JavaFX Application Thread] INFO  Engine               - Source code and latest versions at: https://github.com/AlmasB/FXGL
05:09:26.338 [JavaFX Application Thread] INFO  Engine               -       Ask questions and discuss at: https://github.com/AlmasB/FXGL/discussions
05:09:26.339 [JavaFX Application Thread] INFO  Engine               -              Join the FXGL chat at: https://gitter.im/AlmasB/FXGL
05:09:26.473 [JavaFX Application Thread] DEBUG PrimaryStageWindow   - Creating a JavaFX scene
05:09:26.530 [JavaFX Application Thread] DEBUG PrimaryStageWindow   - Target settings size: 800.0 x 800.0
05:09:26.531 [JavaFX Application Thread] DEBUG PrimaryStageWindow   - Scaled scene size:    800.0 x 800.0
05:09:26.531 [JavaFX Application Thread] DEBUG PrimaryStageWindow   - Scaled ratio: (1.0, 1.0)
05:09:26.532 [JavaFX Application Thread] DEBUG PrimaryStageWindow   - Set initial scene to FXGLStartupScene
05:09:26.537 [JavaFX Application Thread] DEBUG PrimaryStageWindow   - Opening main window
05:09:26.681 [JavaFX Application Thread] DEBUG PrimaryStageWindow   - Window border size: (14.4000244140625, 37.5999755859375)
05:09:26.681 [JavaFX Application Thread] DEBUG PrimaryStageWindow   - Scaled size: 800.0 x 800.0
05:09:26.682 [JavaFX Application Thread] DEBUG PrimaryStageWindow   - Scaled ratio: (1.0, 1.0)
05:09:26.682 [JavaFX Application Thread] DEBUG PrimaryStageWindow   - Scene size: 800.0 x 800.0
05:09:26.683 [JavaFX Application Thread] DEBUG PrimaryStageWindow   - Stage size: 814.4000244140625 x 837.5999755859375
05:09:26.703 [FXGL Background Thread 1 ] DEBUG Engine               - Initializing environment variables
05:09:26.836 [FXGL Background Thread 1 ] DEBUG FXGLAssetLoaderServi - User app class for loading assets: class com.lab.App
05:09:26.836 [FXGL Background Thread 1 ] DEBUG GameApplicationServi - Applying CSS: fxgl_dark.css
05:09:26.838 [FXGL Background Thread 1 ] DEBUG FXGLAssetLoaderServi - Loading from file system: jar:file:/C:/Users/HP/.m2/repository/com/github/almasb/fxgl/21.1/fxgl-21.1.jar!/fxglassets/ui/css/fxgl_dark.css
05:09:26.953 [FXGL Background Thread 1 ] DEBUG GameApplicationServi - Initializing application scenes
05:09:27.024 [FXGL Background Thread 1 ] DEBUG GameWorld            - Game world initialized
05:09:27.122 [FXGL Background Thread 1 ] DEBUG PhysicsWorld         - Physics world initialized: appHeight=800, physics.ppm=50.0
05:09:27.122 [FXGL Background Thread 1 ] DEBUG PhysicsWorld         - Using strategy: BRUTE_FORCE
05:09:27.125 [FXGL Background Thread 1 ] DEBUG GameScene            - Game scene initialized: 800x800
05:09:27.165 [FXGL Background Thread 1 ] DEBUG FXGL.DefaultMenu     - createMenuBodyGameMenu()
05:09:27.176 [FXGL Background Thread 1 ] DEBUG FXGL.DefaultMenu     - createOptionsMenu()
05:09:27.183 [FXGL Background Thread 1 ] DEBUG FXGLAssetLoaderServi - Loading from file system: jar:file:/C:/Users/HP/.m2/repository/com/github/almasb/fxgl/21.1/fxgl-21.1.jar!/fxglassets/textures/particles/smoke.png
05:09:27.296 [FXGL Background Thread 1 ] DEBUG FXGLAssetLoaderServi - Loading from file system: jar:file:/C:/Users/HP/.m2/repository/com/github/almasb/fxgl/21.1/fxgl-21.1.jar!/fxglassets/textures/particles/trace_horizontal.png
05:09:27.323 [FXGL Background Thread 1 ] DEBUG GameApplicationServi - Application scenes initialized
05:09:27.334 [FXGL Background Thread 1 ] DEBUG SystemBundleService  - Loading FXGL system data
05:09:27.341 [FXGL Background Thread 1 ] DEBUG FileSystemAccess     - Reading from: D:\Gonvival\system\fxgl.bundle
05:09:27.353 [FXGL Background Thread 1 ] DEBUG SystemBundleService  - Bundle FXGL: {}
05:09:27.354 [FXGL Background Thread 1 ] DEBUG UpdaterService       - Checking for updates
05:09:27.357 [FXGL Background Thread 4 ] DEBUG FXGLApplication      - Loading fonts
05:09:27.357 [FXGL Background Thread 4 ] DEBUG FXGLAssetLoaderServi - Loading from file system: jar:file:/C:/Users/HP/.m2/repository/com/github/almasb/fxgl/21.1/fxgl-21.1.jar!/fxglassets/ui/fonts/VarelaRound-Regular.ttf
05:09:27.359 [FXGL Background Thread 1 ] DEBUG FXGLApplication      - Loading default localization
05:09:27.360 [FXGL Background Thread 1 ] DEBUG FXGLAssetLoaderServi - Loading from file system: jar:file:/C:/Users/HP/.m2/repository/com/github/almasb/fxgl/21.1/fxgl-21.1.jar!/fxglassets/languages/english.lang
05:09:27.412 [FXGL Background Thread 4 ] DEBUG FXGLAssetLoaderServi - Loading from file system: jar:file:/C:/Users/HP/.m2/repository/com/github/almasb/fxgl/21.1/fxgl-21.1.jar!/fxglassets/ui/fonts/Abel-Regular.ttf
05:09:27.415 [FXGL Background Thread 1 ] INFO  FXGLApplication      - FXGL initialization took: 0.711 sec
05:09:27.416 [FXGL Background Thread 4 ] DEBUG FXGLAssetLoaderServi - Loading from file system: jar:file:/C:/Users/HP/.m2/repository/com/github/almasb/fxgl/21.1/fxgl-21.1.jar!/fxglassets/ui/fonts/TerminalLandMono-Regular.otf
05:09:27.417 [JavaFX Application Thread] DEBUG FXGLAssetLoaderServi - Loading from file system: jar:file:/C:/Users/HP/.m2/repository/com/github/almasb/fxgl/21.1/fxgl-21.1.jar!/fxglassets/textures/fxgl_icon.png
05:09:27.421 [FXGL Background Thread 4 ] DEBUG FXGLAssetLoaderServi - Loading from file system: jar:file:/C:/Users/HP/.m2/repository/com/github/almasb/fxgl/21.1/fxgl-21.1.jar!/fxglassets/ui/fonts/Courier-Prime.ttf
05:09:27.444 [JavaFX Application Thread] DEBUG FXGLAssetLoaderServi - Loading from file system: jar:file:/C:/Users/HP/.m2/repository/com/github/almasb/fxgl/21.1/fxgl-21.1.jar!/fxglassets/textures/fxgl_default_cursor.png
05:09:27.457 [JavaFX Application Thread] DEBUG Input                - Registered new binding: Screenshot - CTRL+8
05:09:27.458 [JavaFX Application Thread] DEBUG Input                - Registered new binding: System info dump - CTRL+9
05:09:27.459 [JavaFX Application Thread] DEBUG Input                - Registered new binding: Restart - CTRL+R
05:09:27.460 [JavaFX Application Thread] DEBUG Input                - Registered new binding: Toggle Debug Camera - CTRL+7
05:09:27.465 [JavaFX Application Thread] DEBUG LoopRunner           - Starting loop
05:09:27.465 [JavaFX Application Thread] DEBUG LoopRunner           - Initializing JavaFX AnimationTimerLoop
05:09:27.468 [JavaFX Application Thread] DEBUG Input                - Clearing active input actions
05:09:27.474 [JavaFX Application Thread] DEBUG GameApplicationServi - Removing overlay from FXGLStartupScene and adding to FXGLMainMenuDummyScene
05:09:27.474 [JavaFX Application Thread] DEBUG PrimaryStageWindow   - FXGLStartupScene -> FXGLMainMenuDummyScene
05:09:27.474 [JavaFX Application Thread] DEBUG PrimaryStageWindow   - Push state: StartScreen
05:09:27.475 [JavaFX Application Thread] DEBUG Input                - Clearing active input actions
05:09:27.491 [JavaFX Application Thread] DEBUG GameApplicationServi - Removing overlay from FXGLMainMenuDummyScene and adding to StartScreen
05:09:27.492 [JavaFX Application Thread] DEBUG PrimaryStageWindow   - FXGLMainMenuDummyScene -> StartScreen
05:09:27.496 [JavaFX Application Thread] DEBUG FXGLApplication      - Registering font factories with UI factory
05:09:28.226 [JavaFX Application Thread] DEBUG Menu                 - fireNewGame()
05:09:28.226 [JavaFX Application Thread] DEBUG GameApplicationServi - Starting new game
05:09:28.226 [JavaFX Application Thread] DEBUG PrimaryStageWindow   - Pop state: StartScreen
05:09:28.226 [JavaFX Application Thread] DEBUG Input                - Clearing active input actions
05:09:28.227 [JavaFX Application Thread] DEBUG GameApplicationServi - Removing overlay from StartScreen and adding to FXGLMainMenuDummyScene
05:09:28.228 [JavaFX Application Thread] DEBUG PrimaryStageWindow   - FXGLMainMenuDummyScene <- StartScreen
05:09:28.228 [JavaFX Application Thread] DEBUG Input                - Clearing active input actions
05:09:28.242 [JavaFX Application Thread] DEBUG GameApplicationServi - Removing overlay from FXGLMainMenuDummyScene and adding to FXGLLoadingScene
05:09:28.242 [JavaFX Application Thread] DEBUG PrimaryStageWindow   - FXGLMainMenuDummyScene -> FXGLLoadingScene
05:09:28.242 [JavaFX Application Thread] DEBUG GameApplicationServi - Clearing previous game
05:09:28.242 [JavaFX Application Thread] DEBUG GameScene            - Clearing game scene
05:09:28.242 [JavaFX Application Thread] DEBUG GameWorld            - Clearing game world
05:09:28.242 [JavaFX Application Thread] DEBUG PhysicsWorld         - Clearing physics world
05:09:28.247 [FXGL Background Thread 2 ] DEBUG FXGLApplication      - Initializing game
05:09:28.264 [FXGL Background Thread 2 ] DEBUG FXGLAssetLoaderServi - Loading from file system: file:/D:/Gonvival/game/target/classes/assets/textures/newmap2.png
05:09:28.311 [FXGL Background Thread 2 ] DEBUG FXGLAssetLoaderServi - Loading from file system: file:/D:/Gonvival/game/target/classes/assets/textures/Level.png
05:09:28.345 [FXGL Background Thread 2 ] DEBUG FXGLAssetLoaderServi - Loading from file system: file:/D:/Gonvival/game/target/classes/assets/textures/idle_down.png
05:09:28.348 [FXGL Background Thread 2 ] DEBUG FXGLAssetLoaderServi - Loading from file system: file:/D:/Gonvival/game/target/classes/assets/textures/idle_up.png
05:09:28.351 [FXGL Background Thread 2 ] DEBUG FXGLAssetLoaderServi - Loading from file system: file:/D:/Gonvival/game/target/classes/assets/textures/idle_left_down.png
05:09:28.355 [FXGL Background Thread 2 ] DEBUG FXGLAssetLoaderServi - Loading from file system: file:/D:/Gonvival/game/target/classes/assets/textures/idle_left_up.png
05:09:28.357 [FXGL Background Thread 2 ] DEBUG FXGLAssetLoaderServi - Loading from file system: file:/D:/Gonvival/game/target/classes/assets/textures/idle_right_down.png
05:09:28.360 [FXGL Background Thread 2 ] DEBUG FXGLAssetLoaderServi - Loading from file system: file:/D:/Gonvival/game/target/classes/assets/textures/idle_right_up.png
05:09:28.362 [FXGL Background Thread 2 ] DEBUG FXGLAssetLoaderServi - Loading from file system: file:/D:/Gonvival/game/target/classes/assets/textures/walk_left_down.png
05:09:28.365 [FXGL Background Thread 2 ] DEBUG FXGLAssetLoaderServi - Loading from file system: file:/D:/Gonvival/game/target/classes/assets/textures/walk_right_down.png
05:09:28.367 [FXGL Background Thread 2 ] DEBUG FXGLAssetLoaderServi - Loading from file system: file:/D:/Gonvival/game/target/classes/assets/textures/walk_up.png
05:09:28.369 [FXGL Background Thread 2 ] DEBUG FXGLAssetLoaderServi - Loading from file system: file:/D:/Gonvival/game/target/classes/assets/textures/walk_down.png
05:09:28.372 [FXGL Background Thread 2 ] DEBUG FXGLAssetLoaderServi - Loading from file system: file:/D:/Gonvival/game/target/classes/assets/textures/walk_left_up.png
05:09:28.374 [FXGL Background Thread 2 ] DEBUG FXGLAssetLoaderServi - Loading from file system: file:/D:/Gonvival/game/target/classes/assets/textures/walk_right_up.png
05:09:28.398 [FXGL Background Thread 2 ] INFO  FXGLApplication      - Game initialization took: 0.150 sec
05:09:28.401 [JavaFX Application Thread] DEBUG Input                - Clearing active input actions
05:09:28.415 [JavaFX Application Thread] DEBUG GameApplicationServi - Removing overlay from FXGLLoadingScene and adding to GameScene
05:09:28.415 [JavaFX Application Thread] DEBUG PrimaryStageWindow   - FXGLLoadingScene -> GameScene
05:09:28.510 [JavaFX Application Thread] DEBUG Input                - Registered new binding: SHOOT - LMB
05:09:28.510 [JavaFX Application Thread] DEBUG Input                - Registered new binding: MOVE LEFT - A
05:09:28.510 [JavaFX Application Thread] DEBUG Input                - Registered new binding: MOVE RIGHT - D
05:09:28.511 [JavaFX Application Thread] DEBUG Input                - Registered new binding: MOVE UP - W
05:09:28.511 [JavaFX Application Thread] DEBUG Input                - Registered new binding: MOVE DOWN - S
05:09:29.016 [JavaFX Application Thread] DEBUG FXGLAssetLoaderServi - Loading from file system: file:/D:/Gonvival/game/target/classes/assets/textures/GraveRevenant.png
05:09:29.681 [JavaFX Application Thread] DEBUG PrimaryStageWindow   - Push state: DialogSubScene
05:09:29.681 [JavaFX Application Thread] DEBUG Input                - Clearing active input actions
05:09:29.684 [JavaFX Application Thread] DEBUG GameApplicationServi - Removing overlay from GameScene and adding to DialogSubScene
05:09:29.684 [JavaFX Application Thread] DEBUG PrimaryStageWindow   - GameScene -> DialogSubScene
05:09:29.688 [JavaFX Application Thread] WARN  GameWorld            - Entity is already attached to world
05:09:30.115 [JavaFX Application Thread] DEBUG PrimaryStageWindow   - Pop state: DialogSubScene
05:09:30.115 [JavaFX Application Thread] DEBUG Input                - Clearing active input actions
05:09:30.116 [JavaFX Application Thread] DEBUG GameApplicationServi - Removing overlay from DialogSubScene and adding to GameScene
05:09:30.116 [JavaFX Application Thread] DEBUG PrimaryStageWindow   - GameScene <- DialogSubScene
05:09:30.356 [FXGL Background Thread 3 ] DEBUG Engine               - Logging environment variables
05:09:30.357 [FXGL Background Thread 3 ] DEBUG Engine               - achievements: []
05:09:30.357 [FXGL Background Thread 3 ] DEBUG Engine               - actualHeight: 800.0
05:09:30.357 [FXGL Background Thread 3 ] DEBUG Engine               - actualHeightProperty: ReadOnlyDoubleProperty [value: 800.0]
05:09:30.358 [FXGL Background Thread 3 ] DEBUG Engine               - actualWidth: 800.0
05:09:30.358 [FXGL Background Thread 3 ] DEBUG Engine               - actualWidthProperty: ReadOnlyDoubleProperty [value: 800.0]
05:09:30.358 [FXGL Background Thread 3 ] DEBUG Engine               - appIcon: fxgl_icon.png
05:09:30.358 [FXGL Background Thread 3 ] DEBUG Engine               - applicationMode: DEVELOPER
05:09:30.358 [FXGL Background Thread 3 ] DEBUG Engine               - cSSList: [fxgl_dark.css]
05:09:30.358 [FXGL Background Thread 3 ] DEBUG Engine               - collisionDetectionStrategy: BRUTE_FORCE
05:09:30.358 [FXGL Background Thread 3 ] DEBUG Engine               - configClass: Optional.empty
05:09:30.358 [FXGL Background Thread 3 ] DEBUG Engine               - credits: []
05:09:30.359 [FXGL Background Thread 3 ] DEBUG Engine               - defaultCursor: CursorInfo(imageName=fxgl_default_cursor.png, hotspotX=7.0, hotspotY=6.0)
05:09:30.359 [FXGL Background Thread 3 ] DEBUG Engine               - devBBoxColorProperty: ObjectProperty [value: 0xff0000ff]
05:09:30.359 [FXGL Background Thread 3 ] DEBUG Engine               - devEnableDebugCameraProperty: BooleanProperty [value: false]
05:09:30.360 [FXGL Background Thread 3 ] DEBUG Engine               - devSensorColorProperty: ObjectProperty [value: 0xffff00ff]
05:09:30.360 [FXGL Background Thread 3 ] DEBUG Engine               - devShowBBoxProperty: BooleanProperty [value: false]
05:09:30.360 [FXGL Background Thread 3 ] DEBUG Engine               - devShowPositionProperty: BooleanProperty [value: false]
05:09:30.360 [FXGL Background Thread 3 ] DEBUG Engine               - enabledMenuItems: []
05:09:30.360 [FXGL Background Thread 3 ] DEBUG Engine               - engineServices: [class com.almasb.fxgl.app.services.FXGLAssetLoaderService, class com.almasb.fxgl.app.FXGLApplication$GameApplicationService, class com.almasb.fxgl.app.services.FXGLDialogService, class com.almasb.fxgl.app.services.IOTaskExecutorService, class com.almasb.fxgl.io.FileSystemService, class com.almasb.fxgl.localization.LocalizationService, class com.almasb.fxgl.app.services.SystemBundleService, class com.almasb.fxgl.profile.SaveLoadService, class com.almasb.fxgl.ui.FXGLUIFactoryServiceProvider, class com.almasb.fxgl.ui.FXGLDialogFactoryServiceProvider, class com.almasb.fxgl.audio.AudioPlayer, class com.almasb.fxgl.notification.impl.NotificationServiceProvider, class com.almasb.fxgl.achievement.AchievementService, class com.almasb.fxgl.cutscene.CutsceneService, class com.almasb.fxgl.minigames.MiniGameService, class com.almasb.fxgl.net.NetService, class com.almasb.fxgl.app.services.UpdaterService, class com.almasb.fxgl.dev.DevService]
05:09:30.360 [FXGL Background Thread 3 ] DEBUG Engine               - fontGame: Abel-Regular.ttf
05:09:30.360 [FXGL Background Thread 3 ] DEBUG Engine               - fontMono: TerminalLandMono-Regular.otf
05:09:30.361 [FXGL Background Thread 3 ] DEBUG Engine               - fontSizeScaleUI: 1.0
05:09:30.361 [FXGL Background Thread 3 ] DEBUG Engine               - fontText: Courier-Prime.ttf
05:09:30.361 [FXGL Background Thread 3 ] DEBUG Engine               - fontUI: VarelaRound-Regular.ttf
05:09:30.362 [FXGL Background Thread 3 ] DEBUG Engine               - fullScreen: BooleanProperty [value: false]
05:09:30.362 [FXGL Background Thread 3 ] DEBUG Engine               - gameDifficulty: MEDIUM
05:09:30.362 [FXGL Background Thread 3 ] DEBUG Engine               - gameDifficultyProperty: ObjectProperty [value: MEDIUM]
05:09:30.362 [FXGL Background Thread 3 ] DEBUG Engine               - globalMusicVolume: 0.5
05:09:30.362 [FXGL Background Thread 3 ] DEBUG Engine               - globalMusicVolumeProperty: DoubleProperty [value: 1.0]
05:09:30.362 [FXGL Background Thread 3 ] DEBUG Engine               - globalSoundVolume: 0.5
05:09:30.363 [FXGL Background Thread 3 ] DEBUG Engine               - globalSoundVolumeProperty: DoubleProperty [value: 1.0]
05:09:30.363 [FXGL Background Thread 3 ] DEBUG Engine               - height: 800
05:09:30.363 [FXGL Background Thread 3 ] DEBUG Engine               - is3D: false
05:09:30.363 [FXGL Background Thread 3 ] DEBUG Engine               - isAndroid: false
05:09:30.363 [FXGL Background Thread 3 ] DEBUG Engine               - isBrowser: false
05:09:30.363 [FXGL Background Thread 3 ] DEBUG Engine               - isClickFeedbackEnabled: false
05:09:30.363 [FXGL Background Thread 3 ] DEBUG Engine               - isCloseConfirmation: false
05:09:30.363 [FXGL Background Thread 3 ] DEBUG Engine               - isDesktop: true
05:09:30.363 [FXGL Background Thread 3 ] DEBUG Engine               - isDeveloperMenuEnabled: false
05:09:30.364 [FXGL Background Thread 3 ] DEBUG Engine               - isEmbedded: false
05:09:30.364 [FXGL Background Thread 3 ] DEBUG Engine               - isEntityPreloadEnabled: true
05:09:30.365 [FXGL Background Thread 3 ] DEBUG Engine               - isExperimentalTiledLargeMap: false
05:09:30.365 [FXGL Background Thread 3 ] DEBUG Engine               - isFileSystemWriteAllowed: true
05:09:30.365 [FXGL Background Thread 3 ] DEBUG Engine               - isFullScreenAllowed: false
05:09:30.365 [FXGL Background Thread 3 ] DEBUG Engine               - isFullScreenFromStart: false
05:09:30.365 [FXGL Background Thread 3 ] DEBUG Engine               - isGameMenuEnabled: true
05:09:30.365 [FXGL Background Thread 3 ] DEBUG Engine               - isIOS: false
05:09:30.365 [FXGL Background Thread 3 ] DEBUG Engine               - isIntroEnabled: false
05:09:30.365 [FXGL Background Thread 3 ] DEBUG Engine               - isLinux: false
05:09:30.365 [FXGL Background Thread 3 ] DEBUG Engine               - isMac: false
05:09:30.365 [FXGL Background Thread 3 ] DEBUG Engine               - isMainMenuEnabled: true
05:09:30.365 [FXGL Background Thread 3 ] DEBUG Engine               - isManualResizeEnabled: false
05:09:30.366 [FXGL Background Thread 3 ] DEBUG Engine               - isMobile: false
05:09:30.366 [FXGL Background Thread 3 ] DEBUG Engine               - isNative: false
05:09:30.366 [FXGL Background Thread 3 ] DEBUG Engine               - isPauseMusicWhenMinimized: true
05:09:30.366 [FXGL Background Thread 3 ] DEBUG Engine               - isPreserveResizeRatio: false
05:09:30.366 [FXGL Background Thread 3 ] DEBUG Engine               - isProfilingEnabled: false
05:09:30.366 [FXGL Background Thread 3 ] DEBUG Engine               - isScaleAffectedOnResize: true
05:09:30.367 [FXGL Background Thread 3 ] DEBUG Engine               - isSingleStep: false
05:09:30.367 [FXGL Background Thread 3 ] DEBUG Engine               - isUserProfileEnabled: false
05:09:30.367 [FXGL Background Thread 3 ] DEBUG Engine               - isWindows: true
05:09:30.367 [FXGL Background Thread 3 ] DEBUG Engine               - language: ObjectProperty [value: ENGLISH]
05:09:30.367 [FXGL Background Thread 3 ] DEBUG Engine               - menuKey: ESCAPE
05:09:30.367 [FXGL Background Thread 3 ] DEBUG Engine               - mouseSensitivity: 0.2
05:09:30.367 [FXGL Background Thread 3 ] DEBUG Engine               - notificationViewClass: class com.almasb.fxgl.notification.view.XboxNotificationView
05:09:30.367 [FXGL Background Thread 3 ] DEBUG Engine               - pixelsPerMeter: 50.0
05:09:30.367 [FXGL Background Thread 3 ] DEBUG Engine               - platform: WINDOWS
05:09:30.367 [FXGL Background Thread 3 ] DEBUG Engine               - prefHeightProperty: ReadOnlyDoubleProperty [value: 800.0]
05:09:30.368 [FXGL Background Thread 3 ] DEBUG Engine               - prefWidthProperty: ReadOnlyDoubleProperty [value: 800.0]
05:09:30.368 [FXGL Background Thread 3 ] DEBUG Engine               - profileDir: profiles/
05:09:30.368 [FXGL Background Thread 3 ] DEBUG Engine               - profileName: StringProperty [value: DEFAULT]
05:09:30.368 [FXGL Background Thread 3 ] DEBUG Engine               - randomSeed: -1
05:09:30.368 [FXGL Background Thread 3 ] DEBUG Engine               - runtimeInfo: RuntimeInfo(platform=WINDOWS, version=21.1, build=27.03.2024 07.52)
05:09:30.368 [FXGL Background Thread 3 ] DEBUG Engine               - saveFileExt: sav
05:09:30.369 [FXGL Background Thread 3 ] DEBUG Engine               - scaledHeightProp$fxgl: DoubleProperty [bound, value: 800.0]
05:09:30.369 [FXGL Background Thread 3 ] DEBUG Engine               - scaledWidthProp$fxgl: DoubleProperty [bound, value: 800.0]
05:09:30.369 [FXGL Background Thread 3 ] DEBUG Engine               - sceneFactory: com.lab.App$1@22ca7771
05:09:30.369 [FXGL Background Thread 3 ] DEBUG Engine               - secondsIn24h: 60
05:09:30.369 [FXGL Background Thread 3 ] DEBUG Engine               - soundMenuBack: menu/back.wav
05:09:30.369 [FXGL Background Thread 3 ] DEBUG Engine               - soundMenuPress: menu/press.wav
05:09:30.369 [FXGL Background Thread 3 ] DEBUG Engine               - soundMenuSelect: menu/select.wav
05:09:30.369 [FXGL Background Thread 3 ] DEBUG Engine               - soundNotification: core/notification.wav
05:09:30.369 [FXGL Background Thread 3 ] DEBUG Engine               - stageStyle: DECORATED
05:09:30.369 [FXGL Background Thread 3 ] DEBUG Engine               - supportedLanguages: [ENGLISH, FRENCH, GERMAN, HUNGARIAN, RUSSIAN]
05:09:30.369 [FXGL Background Thread 3 ] DEBUG Engine               - ticksPerSecond: -1
05:09:30.369 [FXGL Background Thread 3 ] DEBUG Engine               - title: Gonvival
05:09:30.370 [FXGL Background Thread 3 ] DEBUG Engine               - urlGithub: https://github.com/AlmasB/FXGL
05:09:30.370 [FXGL Background Thread 3 ] DEBUG Engine               - urlLeaderboard: http://fxgl-top.herokuapp.com/
05:09:30.370 [FXGL Background Thread 3 ] DEBUG Engine               - urlPOM: https://raw.githubusercontent.com/AlmasB/FXGL/release/README.md
05:09:30.370 [FXGL Background Thread 3 ] DEBUG Engine               - userAppClass: class com.lab.App
05:09:30.370 [FXGL Background Thread 3 ] DEBUG Engine               - version: beta
05:09:30.370 [FXGL Background Thread 3 ] DEBUG Engine               - versionCheckDays: 7
05:09:30.370 [FXGL Background Thread 3 ] DEBUG Engine               - width: 800
05:09:30.370 [FXGL Background Thread 3 ] DEBUG Engine               - Logging services
05:09:30.370 [FXGL Background Thread 3 ] DEBUG Engine               - class com.almasb.fxgl.app.services.FXGLAssetLoaderService
05:09:30.370 [FXGL Background Thread 3 ] DEBUG Engine               - class com.almasb.fxgl.app.FXGLApplication$GameApplicationService
05:09:30.370 [FXGL Background Thread 3 ] DEBUG Engine               - class com.almasb.fxgl.app.services.FXGLDialogService
05:09:30.370 [FXGL Background Thread 3 ] DEBUG Engine               - class com.almasb.fxgl.app.services.IOTaskExecutorService
05:09:30.371 [FXGL Background Thread 3 ] DEBUG Engine               - class com.almasb.fxgl.io.FileSystemService
05:09:30.371 [FXGL Background Thread 3 ] DEBUG Engine               - class com.almasb.fxgl.localization.LocalizationService
05:09:30.371 [FXGL Background Thread 3 ] DEBUG Engine               - class com.almasb.fxgl.app.services.SystemBundleService
05:09:30.371 [FXGL Background Thread 3 ] DEBUG Engine               - class com.almasb.fxgl.profile.SaveLoadService
05:09:30.371 [FXGL Background Thread 3 ] DEBUG Engine               - class com.almasb.fxgl.ui.FXGLUIFactoryServiceProvider
05:09:30.371 [FXGL Background Thread 3 ] DEBUG Engine               - class com.almasb.fxgl.ui.FXGLDialogFactoryServiceProvider
05:09:30.371 [FXGL Background Thread 3 ] DEBUG Engine               - class com.almasb.fxgl.audio.AudioPlayer
05:09:30.371 [FXGL Background Thread 3 ] DEBUG Engine               - class com.almasb.fxgl.notification.impl.NotificationServiceProvider
05:09:30.371 [FXGL Background Thread 3 ] DEBUG Engine               - class com.almasb.fxgl.achievement.AchievementService
05:09:30.371 [FXGL Background Thread 3 ] DEBUG Engine               - class com.almasb.fxgl.cutscene.CutsceneService
05:09:30.371 [FXGL Background Thread 3 ] DEBUG Engine               - class com.almasb.fxgl.minigames.MiniGameService
05:09:30.371 [FXGL Background Thread 3 ] DEBUG Engine               - class com.almasb.fxgl.net.NetService
05:09:30.371 [FXGL Background Thread 3 ] DEBUG Engine               - class com.almasb.fxgl.app.services.UpdaterService
05:09:30.371 [FXGL Background Thread 3 ] DEBUG Engine               - class com.almasb.fxgl.dev.DevService
05:09:30.469 [JavaFX Application Thread] DEBUG FXGLAssetLoaderServi - Loading from file system: file:/D:/Gonvival/game/target/classes/assets/textures/arrow.png
05:09:38.631 [JavaFX Application Thread] DEBUG PrimaryStageWindow   - Push state: FXGLDefaultMenu
05:09:38.637 [JavaFX Application Thread] DEBUG Input                - Clearing active input actions
05:09:38.639 [JavaFX Application Thread] DEBUG GameApplicationServi - Removing overlay from GameScene and adding to FXGLDefaultMenu
05:09:38.639 [JavaFX Application Thread] DEBUG PrimaryStageWindow   - GameScene -> FXGLDefaultMenu
05:10:00.105 [JavaFX Application Thread] DEBUG FXGLApplication      - Exiting FXGL
05:10:00.105 [JavaFX Application Thread] DEBUG LoopRunner           - Stopping loop
05:10:00.105 [JavaFX Application Thread] DEBUG SystemBundleService  - Saving FXGL system data
05:10:00.110 [JavaFX Application Thread] DEBUG FileSystemAccess     - Writing to: D:\Gonvival\system\fxgl.bundle
05:10:00.114 [JavaFX Application Thread] DEBUG Async                - Shutting down background threads
05:10:00.114 [JavaFX Application Thread] DEBUG PrimaryStageWindow   - Closing main window
05:10:00.179 [JavaFX Application Thread] DEBUG Logger               - Closing Logger
