23:13:54.981 [main                     ] DEBUG Logger               - Configured Logger
23:13:55.025 [main                     ] DEBUG GameApplication      - Logging settings
Title: Gonvival
Version: beta
Width: 800
Height: 800
Fullscreen: false
Intro: false
Profiling: false
Single step:false
App Mode: DEVELOPER
Menu Key: ESCAPE
Stage Style: DECORATED
Scene Factory: class com.almasb.fxgl.app.scene.SceneFactory

23:13:56.085 [JavaFX Application Thread] DEBUG FXGLApplication      - Initializing FXGL
23:13:56.090 [JavaFX Application Thread] INFO  Engine               - FXGL-21.1 (27.03.2024 07.52) on WINDOWS (J:21.0.5 FX:21.0.1)
23:13:56.091 [JavaFX Application Thread] DEBUG Engine               - JRE Vendor Name: Eclipse Adoptium
23:13:56.091 [JavaFX Application Thread] DEBUG Engine               - Running on OS: Windows 11 version 10.0
23:13:56.091 [JavaFX Application Thread] DEBUG Engine               - Architecture: amd64
23:13:56.091 [JavaFX Application Thread] INFO  Engine               - Source code and latest versions at: https://github.com/AlmasB/FXGL
23:13:56.092 [JavaFX Application Thread] INFO  Engine               -       Ask questions and discuss at: https://github.com/AlmasB/FXGL/discussions
23:13:56.092 [JavaFX Application Thread] INFO  Engine               -              Join the FXGL chat at: https://gitter.im/AlmasB/FXGL
23:13:56.202 [JavaFX Application Thread] DEBUG PrimaryStageWindow   - Creating a JavaFX scene
23:13:56.250 [JavaFX Application Thread] DEBUG PrimaryStageWindow   - Target settings size: 800.0 x 800.0
23:13:56.251 [JavaFX Application Thread] DEBUG PrimaryStageWindow   - Scaled scene size:    800.0 x 800.0
23:13:56.251 [JavaFX Application Thread] DEBUG PrimaryStageWindow   - Scaled ratio: (1.0, 1.0)
23:13:56.252 [JavaFX Application Thread] DEBUG PrimaryStageWindow   - Set initial scene to FXGLStartupScene
23:13:56.255 [JavaFX Application Thread] DEBUG PrimaryStageWindow   - Opening main window
23:13:56.424 [JavaFX Application Thread] DEBUG PrimaryStageWindow   - Window border size: (16.0, 39.0)
23:13:56.425 [JavaFX Application Thread] DEBUG PrimaryStageWindow   - Scaled size: 800.0 x 800.0
23:13:56.427 [JavaFX Application Thread] DEBUG PrimaryStageWindow   - Scaled ratio: (1.0, 1.0)
23:13:56.428 [JavaFX Application Thread] DEBUG PrimaryStageWindow   - Scene size: 800.0 x 800.0
23:13:56.429 [JavaFX Application Thread] DEBUG PrimaryStageWindow   - Stage size: 816.0 x 839.0
23:13:56.451 [FXGL Background Thread 1 ] DEBUG Engine               - Initializing environment variables
23:13:56.595 [FXGL Background Thread 1 ] DEBUG FXGLAssetLoaderServi - User app class for loading assets: class com.lab.App
23:13:56.595 [FXGL Background Thread 1 ] DEBUG GameApplicationServi - Applying CSS: fxgl_dark.css
23:13:56.596 [FXGL Background Thread 1 ] DEBUG FXGLAssetLoaderServi - Loading from file system: jar:file:/C:/Users/HP/.m2/repository/com/github/almasb/fxgl/21.1/fxgl-21.1.jar!/fxglassets/ui/css/fxgl_dark.css
23:13:56.667 [FXGL Background Thread 1 ] DEBUG GameApplicationServi - Initializing application scenes
23:13:56.754 [FXGL Background Thread 1 ] DEBUG GameWorld            - Game world initialized
23:13:56.857 [FXGL Background Thread 1 ] DEBUG PhysicsWorld         - Physics world initialized: appHeight=800, physics.ppm=50.0
23:13:56.857 [FXGL Background Thread 1 ] DEBUG PhysicsWorld         - Using strategy: BRUTE_FORCE
23:13:56.861 [FXGL Background Thread 1 ] DEBUG GameScene            - Game scene initialized: 800x800
23:13:56.874 [FXGL Background Thread 1 ] DEBUG FXGL.DefaultMenu     - createMenuBodyMainMenu()
23:13:56.894 [FXGL Background Thread 1 ] DEBUG FXGL.DefaultMenu     - createOptionsMenu()
23:13:56.907 [FXGL Background Thread 1 ] DEBUG FXGLAssetLoaderServi - Loading from file system: jar:file:/C:/Users/HP/.m2/repository/com/github/almasb/fxgl/21.1/fxgl-21.1.jar!/fxglassets/textures/particles/smoke.png
23:13:57.081 [FXGL Background Thread 1 ] DEBUG FXGLAssetLoaderServi - Loading from file system: jar:file:/C:/Users/HP/.m2/repository/com/github/almasb/fxgl/21.1/fxgl-21.1.jar!/fxglassets/textures/particles/trace_horizontal.png
23:13:57.106 [FXGL Background Thread 1 ] DEBUG FXGL.DefaultMenu     - createMenuBodyGameMenu()
23:13:57.107 [FXGL Background Thread 1 ] DEBUG FXGL.DefaultMenu     - createOptionsMenu()
23:13:57.121 [FXGL Background Thread 1 ] DEBUG GameApplicationServi - Application scenes initialized
23:13:57.136 [FXGL Background Thread 1 ] DEBUG SystemBundleService  - Loading FXGL system data
23:13:57.143 [FXGL Background Thread 1 ] DEBUG FileSystemAccess     - Reading from: D:\newGon\Gonvival\system\fxgl.bundle
23:13:57.154 [FXGL Background Thread 1 ] DEBUG SystemBundleService  - Bundle FXGL: {}
23:13:57.154 [FXGL Background Thread 1 ] DEBUG UpdaterService       - Checking for updates
23:13:57.201 [FXGL Background Thread 4 ] DEBUG FXGLApplication      - Loading fonts
23:13:57.202 [FXGL Background Thread 4 ] DEBUG FXGLAssetLoaderServi - Loading from file system: jar:file:/C:/Users/HP/.m2/repository/com/github/almasb/fxgl/21.1/fxgl-21.1.jar!/fxglassets/ui/fonts/VarelaRound-Regular.ttf
23:13:57.205 [FXGL Background Thread 1 ] DEBUG FXGLApplication      - Loading default localization
23:13:57.206 [FXGL Background Thread 1 ] DEBUG FXGLAssetLoaderServi - Loading from file system: jar:file:/C:/Users/HP/.m2/repository/com/github/almasb/fxgl/21.1/fxgl-21.1.jar!/fxglassets/languages/english.lang
23:13:57.243 [FXGL Background Thread 1 ] INFO  FXGLApplication      - FXGL initialization took: 0.792 sec
23:13:57.244 [JavaFX Application Thread] DEBUG FXGLAssetLoaderServi - Loading from file system: jar:file:/C:/Users/HP/.m2/repository/com/github/almasb/fxgl/21.1/fxgl-21.1.jar!/fxglassets/textures/fxgl_icon.png
23:13:57.265 [FXGL Background Thread 4 ] DEBUG FXGLAssetLoaderServi - Loading from file system: jar:file:/C:/Users/HP/.m2/repository/com/github/almasb/fxgl/21.1/fxgl-21.1.jar!/fxglassets/ui/fonts/Abel-Regular.ttf
23:13:57.269 [FXGL Background Thread 4 ] DEBUG FXGLAssetLoaderServi - Loading from file system: jar:file:/C:/Users/HP/.m2/repository/com/github/almasb/fxgl/21.1/fxgl-21.1.jar!/fxglassets/ui/fonts/TerminalLandMono-Regular.otf
23:13:57.273 [FXGL Background Thread 4 ] DEBUG FXGLAssetLoaderServi - Loading from file system: jar:file:/C:/Users/HP/.m2/repository/com/github/almasb/fxgl/21.1/fxgl-21.1.jar!/fxglassets/ui/fonts/Courier-Prime.ttf
23:13:57.282 [JavaFX Application Thread] DEBUG FXGLAssetLoaderServi - Loading from file system: jar:file:/C:/Users/HP/.m2/repository/com/github/almasb/fxgl/21.1/fxgl-21.1.jar!/fxglassets/textures/fxgl_default_cursor.png
23:13:57.296 [JavaFX Application Thread] DEBUG Input                - Registered new binding: Screenshot - CTRL+8
23:13:57.296 [JavaFX Application Thread] DEBUG Input                - Registered new binding: Dev Options - 1
23:13:57.297 [JavaFX Application Thread] DEBUG Input                - Registered new binding: Dev Console - 2
23:13:57.298 [JavaFX Application Thread] DEBUG Input                - Registered new binding: System info dump - CTRL+9
23:13:57.298 [JavaFX Application Thread] DEBUG Input                - Registered new binding: Restart - CTRL+R
23:13:57.299 [JavaFX Application Thread] DEBUG Input                - Registered new binding: Toggle Debug Camera - CTRL+7
23:13:57.303 [JavaFX Application Thread] DEBUG LoopRunner           - Starting loop
23:13:57.317 [JavaFX Application Thread] DEBUG LoopRunner           - Initializing JavaFX AnimationTimerLoop
23:13:57.321 [JavaFX Application Thread] DEBUG Input                - Clearing active input actions
23:13:57.328 [JavaFX Application Thread] DEBUG GameApplicationServi - Removing overlay from FXGLStartupScene and adding to FXGLMainMenuDummyScene
23:13:57.334 [JavaFX Application Thread] DEBUG PrimaryStageWindow   - FXGLStartupScene -> FXGLMainMenuDummyScene
23:13:57.334 [JavaFX Application Thread] DEBUG PrimaryStageWindow   - Push state: FXGLDefaultMenu
23:13:57.348 [JavaFX Application Thread] DEBUG Input                - Clearing active input actions
23:13:57.358 [JavaFX Application Thread] DEBUG GameApplicationServi - Removing overlay from FXGLMainMenuDummyScene and adding to FXGLDefaultMenu
23:13:57.358 [JavaFX Application Thread] DEBUG PrimaryStageWindow   - FXGLMainMenuDummyScene -> FXGLDefaultMenu
23:13:57.370 [JavaFX Application Thread] DEBUG FXGLApplication      - Registering font factories with UI factory
23:13:58.248 [JavaFX Application Thread] DEBUG Menu                 - fireNewGame()
23:13:58.248 [JavaFX Application Thread] DEBUG GameApplicationServi - Starting new game
23:13:58.254 [JavaFX Application Thread] DEBUG PrimaryStageWindow   - Pop state: FXGLDefaultMenu
23:13:58.254 [JavaFX Application Thread] DEBUG Input                - Clearing active input actions
23:13:58.256 [JavaFX Application Thread] DEBUG GameApplicationServi - Removing overlay from FXGLDefaultMenu and adding to FXGLMainMenuDummyScene
23:13:58.258 [JavaFX Application Thread] DEBUG PrimaryStageWindow   - FXGLMainMenuDummyScene <- FXGLDefaultMenu
23:13:58.259 [JavaFX Application Thread] DEBUG Input                - Clearing active input actions
23:13:58.268 [JavaFX Application Thread] DEBUG GameApplicationServi - Removing overlay from FXGLMainMenuDummyScene and adding to FXGLLoadingScene
23:13:58.268 [JavaFX Application Thread] DEBUG PrimaryStageWindow   - FXGLMainMenuDummyScene -> FXGLLoadingScene
23:13:58.269 [JavaFX Application Thread] DEBUG GameApplicationServi - Clearing previous game
23:13:58.269 [JavaFX Application Thread] DEBUG GameScene            - Clearing game scene
23:13:58.269 [JavaFX Application Thread] DEBUG GameWorld            - Clearing game world
23:13:58.269 [JavaFX Application Thread] DEBUG PhysicsWorld         - Clearing physics world
23:13:58.272 [FXGL Background Thread 2 ] DEBUG FXGLApplication      - Initializing game
23:13:58.283 [FXGL Background Thread 2 ] DEBUG FXGLAssetLoaderServi - Loading from file system: file:/D:/newGon/Gonvival/game/target/classes/assets/textures/map.png
23:13:58.347 [FXGL Background Thread 2 ] DEBUG FXGLAssetLoaderServi - Loading from file system: file:/D:/newGon/Gonvival/game/target/classes/assets/textures/idle_down.png
23:13:58.352 [FXGL Background Thread 2 ] DEBUG FXGLAssetLoaderServi - Loading from file system: file:/D:/newGon/Gonvival/game/target/classes/assets/textures/idle_up.png
23:13:58.354 [FXGL Background Thread 2 ] DEBUG FXGLAssetLoaderServi - Loading from file system: file:/D:/newGon/Gonvival/game/target/classes/assets/textures/idle_left_down.png
23:13:58.357 [FXGL Background Thread 2 ] DEBUG FXGLAssetLoaderServi - Loading from file system: file:/D:/newGon/Gonvival/game/target/classes/assets/textures/idle_left_up.png
23:13:58.359 [FXGL Background Thread 2 ] DEBUG FXGLAssetLoaderServi - Loading from file system: file:/D:/newGon/Gonvival/game/target/classes/assets/textures/idle_right_down.png
23:13:58.362 [FXGL Background Thread 2 ] DEBUG FXGLAssetLoaderServi - Loading from file system: file:/D:/newGon/Gonvival/game/target/classes/assets/textures/idle_right_up.png
23:13:58.365 [FXGL Background Thread 2 ] DEBUG FXGLAssetLoaderServi - Loading from file system: file:/D:/newGon/Gonvival/game/target/classes/assets/textures/walk_left_down.png
23:13:58.367 [FXGL Background Thread 2 ] DEBUG FXGLAssetLoaderServi - Loading from file system: file:/D:/newGon/Gonvival/game/target/classes/assets/textures/walk_right_down.png
23:13:58.370 [FXGL Background Thread 2 ] DEBUG FXGLAssetLoaderServi - Loading from file system: file:/D:/newGon/Gonvival/game/target/classes/assets/textures/walk_up.png
23:13:58.373 [FXGL Background Thread 2 ] DEBUG FXGLAssetLoaderServi - Loading from file system: file:/D:/newGon/Gonvival/game/target/classes/assets/textures/walk_down.png
23:13:58.377 [FXGL Background Thread 2 ] DEBUG FXGLAssetLoaderServi - Loading from file system: file:/D:/newGon/Gonvival/game/target/classes/assets/textures/walk_left_up.png
23:13:58.379 [FXGL Background Thread 2 ] DEBUG FXGLAssetLoaderServi - Loading from file system: file:/D:/newGon/Gonvival/game/target/classes/assets/textures/walk_right_up.png
23:13:58.390 [FXGL Background Thread 2 ] INFO  FXGLApplication      - Game initialization took: 0.117 sec
23:13:58.393 [JavaFX Application Thread] DEBUG Input                - Clearing active input actions
23:13:58.398 [JavaFX Application Thread] DEBUG GameApplicationServi - Removing overlay from FXGLLoadingScene and adding to GameScene
23:13:58.402 [JavaFX Application Thread] DEBUG PrimaryStageWindow   - FXGLLoadingScene -> GameScene
23:13:58.513 [JavaFX Application Thread] DEBUG Input                - Registered new binding: SHOOT - LMB
23:13:58.513 [JavaFX Application Thread] DEBUG Input                - Registered new binding: MOVE LEFT - A
23:13:58.514 [JavaFX Application Thread] DEBUG Input                - Registered new binding: MOVE RIGHT - D
23:13:58.514 [JavaFX Application Thread] DEBUG Input                - Registered new binding: MOVE UP - W
23:13:58.514 [JavaFX Application Thread] DEBUG Input                - Registered new binding: MOVE DOWN - S
23:13:59.006 [JavaFX Application Thread] DEBUG FXGLAssetLoaderServi - Loading from file system: file:/D:/newGon/Gonvival/game/target/classes/assets/textures/evil.png
23:13:59.396 [JavaFX Application Thread] DEBUG FXGLAssetLoaderServi - Loading from file system: file:/D:/newGon/Gonvival/game/target/classes/assets/textures/arrow.png
23:14:00.197 [FXGL Background Thread 3 ] DEBUG Engine               - Logging environment variables
23:14:00.198 [FXGL Background Thread 3 ] DEBUG Engine               - achievements: []
23:14:00.198 [FXGL Background Thread 3 ] DEBUG Engine               - actualHeight: 800.0
23:14:00.198 [FXGL Background Thread 3 ] DEBUG Engine               - actualHeightProperty: ReadOnlyDoubleProperty [value: 800.0]
23:14:00.198 [FXGL Background Thread 3 ] DEBUG Engine               - actualWidth: 800.0
23:14:00.198 [FXGL Background Thread 3 ] DEBUG Engine               - actualWidthProperty: ReadOnlyDoubleProperty [value: 800.0]
23:14:00.198 [FXGL Background Thread 3 ] DEBUG Engine               - appIcon: fxgl_icon.png
23:14:00.199 [FXGL Background Thread 3 ] DEBUG Engine               - applicationMode: DEVELOPER
23:14:00.199 [FXGL Background Thread 3 ] DEBUG Engine               - cSSList: [fxgl_dark.css]
23:14:00.199 [FXGL Background Thread 3 ] DEBUG Engine               - collisionDetectionStrategy: BRUTE_FORCE
23:14:00.199 [FXGL Background Thread 3 ] DEBUG Engine               - configClass: Optional.empty
23:14:00.199 [FXGL Background Thread 3 ] DEBUG Engine               - credits: []
23:14:00.199 [FXGL Background Thread 3 ] DEBUG Engine               - defaultCursor: CursorInfo(imageName=fxgl_default_cursor.png, hotspotX=7.0, hotspotY=6.0)
23:14:00.200 [FXGL Background Thread 3 ] DEBUG Engine               - devBBoxColorProperty: ObjectProperty [value: 0xff0000ff]
23:14:00.200 [FXGL Background Thread 3 ] DEBUG Engine               - devEnableDebugCameraProperty: BooleanProperty [value: false]
23:14:00.200 [FXGL Background Thread 3 ] DEBUG Engine               - devSensorColorProperty: ObjectProperty [value: 0xffff00ff]
23:14:00.200 [FXGL Background Thread 3 ] DEBUG Engine               - devShowBBoxProperty: BooleanProperty [value: false]
23:14:00.200 [FXGL Background Thread 3 ] DEBUG Engine               - devShowPositionProperty: BooleanProperty [value: false]
23:14:00.200 [FXGL Background Thread 3 ] DEBUG Engine               - enabledMenuItems: []
23:14:00.201 [FXGL Background Thread 3 ] DEBUG Engine               - engineServices: [class com.almasb.fxgl.app.services.FXGLAssetLoaderService, class com.almasb.fxgl.app.FXGLApplication$GameApplicationService, class com.almasb.fxgl.app.services.FXGLDialogService, class com.almasb.fxgl.app.services.IOTaskExecutorService, class com.almasb.fxgl.io.FileSystemService, class com.almasb.fxgl.localization.LocalizationService, class com.almasb.fxgl.app.services.SystemBundleService, class com.almasb.fxgl.profile.SaveLoadService, class com.almasb.fxgl.ui.FXGLUIFactoryServiceProvider, class com.almasb.fxgl.ui.FXGLDialogFactoryServiceProvider, class com.almasb.fxgl.audio.AudioPlayer, class com.almasb.fxgl.notification.impl.NotificationServiceProvider, class com.almasb.fxgl.achievement.AchievementService, class com.almasb.fxgl.cutscene.CutsceneService, class com.almasb.fxgl.minigames.MiniGameService, class com.almasb.fxgl.net.NetService, class com.almasb.fxgl.app.services.UpdaterService, class com.almasb.fxgl.dev.DevService]
23:14:00.201 [FXGL Background Thread 3 ] DEBUG Engine               - fontGame: Abel-Regular.ttf
23:14:00.201 [FXGL Background Thread 3 ] DEBUG Engine               - fontMono: TerminalLandMono-Regular.otf
23:14:00.202 [FXGL Background Thread 3 ] DEBUG Engine               - fontSizeScaleUI: 1.0
23:14:00.202 [FXGL Background Thread 3 ] DEBUG Engine               - fontText: Courier-Prime.ttf
23:14:00.202 [FXGL Background Thread 3 ] DEBUG Engine               - fontUI: VarelaRound-Regular.ttf
23:14:00.203 [FXGL Background Thread 3 ] DEBUG Engine               - fullScreen: BooleanProperty [value: false]
23:14:00.203 [FXGL Background Thread 3 ] DEBUG Engine               - gameDifficulty: MEDIUM
23:14:00.203 [FXGL Background Thread 3 ] DEBUG Engine               - gameDifficultyProperty: ObjectProperty [value: MEDIUM]
23:14:00.203 [FXGL Background Thread 3 ] DEBUG Engine               - globalMusicVolume: 0.5
23:14:00.203 [FXGL Background Thread 3 ] DEBUG Engine               - globalMusicVolumeProperty: DoubleProperty [value: 0.5]
23:14:00.203 [FXGL Background Thread 3 ] DEBUG Engine               - globalSoundVolume: 0.5
23:14:00.204 [FXGL Background Thread 3 ] DEBUG Engine               - globalSoundVolumeProperty: DoubleProperty [value: 0.5]
23:14:00.204 [FXGL Background Thread 3 ] DEBUG Engine               - height: 800
23:14:00.204 [FXGL Background Thread 3 ] DEBUG Engine               - is3D: false
23:14:00.204 [FXGL Background Thread 3 ] DEBUG Engine               - isAndroid: false
23:14:00.204 [FXGL Background Thread 3 ] DEBUG Engine               - isBrowser: false
23:14:00.204 [FXGL Background Thread 3 ] DEBUG Engine               - isClickFeedbackEnabled: false
23:14:00.204 [FXGL Background Thread 3 ] DEBUG Engine               - isCloseConfirmation: false
23:14:00.204 [FXGL Background Thread 3 ] DEBUG Engine               - isDesktop: true
23:14:00.204 [FXGL Background Thread 3 ] DEBUG Engine               - isDeveloperMenuEnabled: true
23:14:00.204 [FXGL Background Thread 3 ] DEBUG Engine               - isEmbedded: false
23:14:00.204 [FXGL Background Thread 3 ] DEBUG Engine               - isEntityPreloadEnabled: true
23:14:00.204 [FXGL Background Thread 3 ] DEBUG Engine               - isExperimentalTiledLargeMap: false
23:14:00.204 [FXGL Background Thread 3 ] DEBUG Engine               - isFileSystemWriteAllowed: true
23:14:00.204 [FXGL Background Thread 3 ] DEBUG Engine               - isFullScreenAllowed: false
23:14:00.204 [FXGL Background Thread 3 ] DEBUG Engine               - isFullScreenFromStart: false
23:14:00.206 [FXGL Background Thread 3 ] DEBUG Engine               - isGameMenuEnabled: true
23:14:00.206 [FXGL Background Thread 3 ] DEBUG Engine               - isIOS: false
23:14:00.206 [FXGL Background Thread 3 ] DEBUG Engine               - isIntroEnabled: false
23:14:00.206 [FXGL Background Thread 3 ] DEBUG Engine               - isLinux: false
23:14:00.206 [FXGL Background Thread 3 ] DEBUG Engine               - isMac: false
23:14:00.206 [FXGL Background Thread 3 ] DEBUG Engine               - isMainMenuEnabled: true
23:14:00.206 [FXGL Background Thread 3 ] DEBUG Engine               - isManualResizeEnabled: false
23:14:00.206 [FXGL Background Thread 3 ] DEBUG Engine               - isMobile: false
23:14:00.206 [FXGL Background Thread 3 ] DEBUG Engine               - isNative: false
23:14:00.206 [FXGL Background Thread 3 ] DEBUG Engine               - isPauseMusicWhenMinimized: true
23:14:00.206 [FXGL Background Thread 3 ] DEBUG Engine               - isPreserveResizeRatio: false
23:14:00.206 [FXGL Background Thread 3 ] DEBUG Engine               - isProfilingEnabled: false
23:14:00.207 [FXGL Background Thread 3 ] DEBUG Engine               - isScaleAffectedOnResize: true
23:14:00.207 [FXGL Background Thread 3 ] DEBUG Engine               - isSingleStep: false
23:14:00.207 [FXGL Background Thread 3 ] DEBUG Engine               - isUserProfileEnabled: false
23:14:00.207 [FXGL Background Thread 3 ] DEBUG Engine               - isWindows: true
23:14:00.207 [FXGL Background Thread 3 ] DEBUG Engine               - language: ObjectProperty [value: ENGLISH]
23:14:00.207 [FXGL Background Thread 3 ] DEBUG Engine               - menuKey: ESCAPE
23:14:00.207 [FXGL Background Thread 3 ] DEBUG Engine               - mouseSensitivity: 0.2
23:14:00.207 [FXGL Background Thread 3 ] DEBUG Engine               - notificationViewClass: class com.almasb.fxgl.notification.view.XboxNotificationView
23:14:00.207 [FXGL Background Thread 3 ] DEBUG Engine               - pixelsPerMeter: 50.0
23:14:00.208 [FXGL Background Thread 3 ] DEBUG Engine               - platform: WINDOWS
23:14:00.208 [FXGL Background Thread 3 ] DEBUG Engine               - prefHeightProperty: ReadOnlyDoubleProperty [value: 800.0]
23:14:00.208 [FXGL Background Thread 3 ] DEBUG Engine               - prefWidthProperty: ReadOnlyDoubleProperty [value: 800.0]
23:14:00.208 [FXGL Background Thread 3 ] DEBUG Engine               - profileDir: profiles/
23:14:00.208 [FXGL Background Thread 3 ] DEBUG Engine               - profileName: StringProperty [value: DEFAULT]
23:14:00.208 [FXGL Background Thread 3 ] DEBUG Engine               - randomSeed: -1
23:14:00.209 [FXGL Background Thread 3 ] DEBUG Engine               - runtimeInfo: RuntimeInfo(platform=WINDOWS, version=21.1, build=27.03.2024 07.52)
23:14:00.209 [FXGL Background Thread 3 ] DEBUG Engine               - saveFileExt: sav
23:14:00.209 [FXGL Background Thread 3 ] DEBUG Engine               - scaledHeightProp$fxgl: DoubleProperty [bound, value: 800.0]
23:14:00.209 [FXGL Background Thread 3 ] DEBUG Engine               - scaledWidthProp$fxgl: DoubleProperty [bound, value: 800.0]
23:14:00.209 [FXGL Background Thread 3 ] DEBUG Engine               - sceneFactory: com.almasb.fxgl.app.scene.SceneFactory@1987b275
23:14:00.209 [FXGL Background Thread 3 ] DEBUG Engine               - secondsIn24h: 60
23:14:00.209 [FXGL Background Thread 3 ] DEBUG Engine               - soundMenuBack: menu/back.wav
23:14:00.209 [FXGL Background Thread 3 ] DEBUG Engine               - soundMenuPress: menu/press.wav
23:14:00.209 [FXGL Background Thread 3 ] DEBUG Engine               - soundMenuSelect: menu/select.wav
23:14:00.209 [FXGL Background Thread 3 ] DEBUG Engine               - soundNotification: core/notification.wav
23:14:00.209 [FXGL Background Thread 3 ] DEBUG Engine               - stageStyle: DECORATED
23:14:00.210 [FXGL Background Thread 3 ] DEBUG Engine               - supportedLanguages: [ENGLISH, FRENCH, GERMAN, HUNGARIAN, RUSSIAN]
23:14:00.210 [FXGL Background Thread 3 ] DEBUG Engine               - ticksPerSecond: -1
23:14:00.210 [FXGL Background Thread 3 ] DEBUG Engine               - title: Gonvival
23:14:00.210 [FXGL Background Thread 3 ] DEBUG Engine               - urlGithub: https://github.com/AlmasB/FXGL
23:14:00.210 [FXGL Background Thread 3 ] DEBUG Engine               - urlLeaderboard: http://fxgl-top.herokuapp.com/
23:14:00.210 [FXGL Background Thread 3 ] DEBUG Engine               - urlPOM: https://raw.githubusercontent.com/AlmasB/FXGL/release/README.md
23:14:00.210 [FXGL Background Thread 3 ] DEBUG Engine               - userAppClass: class com.lab.App
23:14:00.210 [FXGL Background Thread 3 ] DEBUG Engine               - version: beta
23:14:00.210 [FXGL Background Thread 3 ] DEBUG Engine               - versionCheckDays: 7
23:14:00.210 [FXGL Background Thread 3 ] DEBUG Engine               - width: 800
23:14:00.210 [FXGL Background Thread 3 ] DEBUG Engine               - Logging services
23:14:00.210 [FXGL Background Thread 3 ] DEBUG Engine               - class com.almasb.fxgl.app.services.FXGLAssetLoaderService
23:14:00.210 [FXGL Background Thread 3 ] DEBUG Engine               - class com.almasb.fxgl.app.FXGLApplication$GameApplicationService
23:14:00.210 [FXGL Background Thread 3 ] DEBUG Engine               - class com.almasb.fxgl.app.services.FXGLDialogService
23:14:00.210 [FXGL Background Thread 3 ] DEBUG Engine               - class com.almasb.fxgl.app.services.IOTaskExecutorService
23:14:00.211 [FXGL Background Thread 3 ] DEBUG Engine               - class com.almasb.fxgl.io.FileSystemService
23:14:00.211 [FXGL Background Thread 3 ] DEBUG Engine               - class com.almasb.fxgl.localization.LocalizationService
23:14:00.211 [FXGL Background Thread 3 ] DEBUG Engine               - class com.almasb.fxgl.app.services.SystemBundleService
23:14:00.211 [FXGL Background Thread 3 ] DEBUG Engine               - class com.almasb.fxgl.profile.SaveLoadService
23:14:00.211 [FXGL Background Thread 3 ] DEBUG Engine               - class com.almasb.fxgl.ui.FXGLUIFactoryServiceProvider
23:14:00.211 [FXGL Background Thread 3 ] DEBUG Engine               - class com.almasb.fxgl.ui.FXGLDialogFactoryServiceProvider
23:14:00.211 [FXGL Background Thread 3 ] DEBUG Engine               - class com.almasb.fxgl.audio.AudioPlayer
23:14:00.211 [FXGL Background Thread 3 ] DEBUG Engine               - class com.almasb.fxgl.notification.impl.NotificationServiceProvider
23:14:00.211 [FXGL Background Thread 3 ] DEBUG Engine               - class com.almasb.fxgl.achievement.AchievementService
23:14:00.211 [FXGL Background Thread 3 ] DEBUG Engine               - class com.almasb.fxgl.cutscene.CutsceneService
23:14:00.211 [FXGL Background Thread 3 ] DEBUG Engine               - class com.almasb.fxgl.minigames.MiniGameService
23:14:00.211 [FXGL Background Thread 3 ] DEBUG Engine               - class com.almasb.fxgl.net.NetService
23:14:00.211 [FXGL Background Thread 3 ] DEBUG Engine               - class com.almasb.fxgl.app.services.UpdaterService
23:14:00.211 [FXGL Background Thread 3 ] DEBUG Engine               - class com.almasb.fxgl.dev.DevService
23:14:03.058 [JavaFX Application Thread] DEBUG PrimaryStageWindow   - Push state: DialogSubScene
23:14:03.058 [JavaFX Application Thread] DEBUG Input                - Clearing active input actions
23:14:03.059 [JavaFX Application Thread] DEBUG GameApplicationServi - Removing overlay from GameScene and adding to DialogSubScene
23:14:03.063 [JavaFX Application Thread] DEBUG PrimaryStageWindow   - GameScene -> DialogSubScene
23:14:03.873 [JavaFX Application Thread] DEBUG PrimaryStageWindow   - Pop state: DialogSubScene
23:14:03.873 [JavaFX Application Thread] DEBUG Input                - Clearing active input actions
23:14:03.874 [JavaFX Application Thread] DEBUG GameApplicationServi - Removing overlay from DialogSubScene and adding to GameScene
23:14:03.875 [JavaFX Application Thread] DEBUG PrimaryStageWindow   - GameScene <- DialogSubScene
23:14:38.346 [JavaFX Application Thread] DEBUG PrimaryStageWindow   - Push state: DialogSubScene
23:14:38.347 [JavaFX Application Thread] DEBUG Input                - Clearing active input actions
23:14:38.347 [JavaFX Application Thread] DEBUG GameApplicationServi - Removing overlay from GameScene and adding to DialogSubScene
23:14:38.350 [JavaFX Application Thread] DEBUG PrimaryStageWindow   - GameScene -> DialogSubScene
23:14:39.424 [JavaFX Application Thread] DEBUG PrimaryStageWindow   - Pop state: DialogSubScene
23:14:39.424 [JavaFX Application Thread] DEBUG Input                - Clearing active input actions
23:14:39.426 [JavaFX Application Thread] DEBUG GameApplicationServi - Removing overlay from DialogSubScene and adding to GameScene
23:14:39.427 [JavaFX Application Thread] DEBUG PrimaryStageWindow   - GameScene <- DialogSubScene
23:14:39.427 [JavaFX Application Thread] DEBUG FXGLApplication      - Exiting FXGL
23:14:39.427 [JavaFX Application Thread] DEBUG LoopRunner           - Stopping loop
23:14:39.427 [JavaFX Application Thread] DEBUG SystemBundleService  - Saving FXGL system data
23:14:39.429 [JavaFX Application Thread] DEBUG FileSystemAccess     - Writing to: D:\newGon\Gonvival\system\fxgl.bundle
23:14:39.433 [JavaFX Application Thread] DEBUG Async                - Shutting down background threads
23:14:39.433 [JavaFX Application Thread] DEBUG PrimaryStageWindow   - Closing main window
23:14:39.501 [JavaFX Application Thread] DEBUG Logger               - Closing Logger
