05:43:25.095 [main                     ] DEBUG Logger               - Configured Logger
05:43:25.124 [main                     ] DEBUG GameApplication      - Logging settings
Title: Gonvival
Version: beta
Width: 800
Height: 800
Fullscreen: false
Intro: false
Profiling: false
Single step:false
App Mode: DEVELOPER
Menu Key: ESCAPE
Stage Style: DECORATED
Scene Factory: class com.lab.App$1

05:43:25.980 [JavaFX Application Thread] DEBUG FXGLApplication      - Initializing FXGL
05:43:25.984 [JavaFX Application Thread] INFO  Engine               - FXGL-21.1 (27.03.2024 07.52) on WINDOWS (J:21.0.5 FX:21.0.1)
05:43:25.985 [JavaFX Application Thread] DEBUG Engine               - JRE Vendor Name: Eclipse Adoptium
05:43:25.985 [JavaFX Application Thread] DEBUG Engine               - Running on OS: Windows 11 version 10.0
05:43:25.986 [JavaFX Application Thread] DEBUG Engine               - Architecture: amd64
05:43:25.986 [JavaFX Application Thread] INFO  Engine               - Source code and latest versions at: https://github.com/AlmasB/FXGL
05:43:25.986 [JavaFX Application Thread] INFO  Engine               -       Ask questions and discuss at: https://github.com/AlmasB/FXGL/discussions
05:43:25.986 [JavaFX Application Thread] INFO  Engine               -              Join the FXGL chat at: https://gitter.im/AlmasB/FXGL
05:43:26.076 [JavaFX Application Thread] DEBUG PrimaryStageWindow   - Creating a JavaFX scene
05:43:26.119 [JavaFX Application Thread] DEBUG PrimaryStageWindow   - Target settings size: 800.0 x 800.0
05:43:26.119 [JavaFX Application Thread] DEBUG PrimaryStageWindow   - Scaled scene size:    800.0 x 800.0
05:43:26.119 [JavaFX Application Thread] DEBUG PrimaryStageWindow   - Scaled ratio: (1.0, 1.0)
05:43:26.120 [JavaFX Application Thread] DEBUG PrimaryStageWindow   - Set initial scene to FXGLStartupScene
05:43:26.124 [JavaFX Application Thread] DEBUG PrimaryStageWindow   - Opening main window
05:43:26.283 [JavaFX Application Thread] DEBUG PrimaryStageWindow   - Window border size: (14.4000244140625, 37.5999755859375)
05:43:26.284 [JavaFX Application Thread] DEBUG PrimaryStageWindow   - Scaled size: 800.0 x 800.0
05:43:26.285 [JavaFX Application Thread] DEBUG PrimaryStageWindow   - Scaled ratio: (1.0, 1.0)
05:43:26.285 [JavaFX Application Thread] DEBUG PrimaryStageWindow   - Scene size: 800.0 x 800.0
05:43:26.286 [JavaFX Application Thread] DEBUG PrimaryStageWindow   - Stage size: 814.4000244140625 x 837.5999755859375
05:43:26.301 [FXGL Background Thread 1 ] DEBUG Engine               - Initializing environment variables
05:43:26.440 [FXGL Background Thread 1 ] DEBUG FXGLAssetLoaderServi - User app class for loading assets: class com.lab.App
05:43:26.441 [FXGL Background Thread 1 ] DEBUG GameApplicationServi - Applying CSS: fxgl_dark.css
05:43:26.444 [FXGL Background Thread 1 ] DEBUG FXGLAssetLoaderServi - Loading from file system: jar:file:/C:/Users/HP/.m2/repository/com/github/almasb/fxgl/21.1/fxgl-21.1.jar!/fxglassets/ui/css/fxgl_dark.css
05:43:26.496 [FXGL Background Thread 1 ] DEBUG GameApplicationServi - Initializing application scenes
05:43:26.551 [FXGL Background Thread 1 ] DEBUG GameWorld            - Game world initialized
05:43:26.632 [FXGL Background Thread 1 ] DEBUG PhysicsWorld         - Physics world initialized: appHeight=800, physics.ppm=50.0
05:43:26.632 [FXGL Background Thread 1 ] DEBUG PhysicsWorld         - Using strategy: BRUTE_FORCE
05:43:26.635 [FXGL Background Thread 1 ] DEBUG GameScene            - Game scene initialized: 800x800
05:43:26.683 [FXGL Background Thread 1 ] DEBUG FXGL.DefaultMenu     - createMenuBodyGameMenu()
05:43:26.696 [FXGL Background Thread 1 ] DEBUG FXGL.DefaultMenu     - createOptionsMenu()
05:43:26.704 [FXGL Background Thread 1 ] DEBUG FXGLAssetLoaderServi - Loading from file system: jar:file:/C:/Users/HP/.m2/repository/com/github/almasb/fxgl/21.1/fxgl-21.1.jar!/fxglassets/textures/particles/smoke.png
05:43:26.847 [FXGL Background Thread 1 ] DEBUG FXGLAssetLoaderServi - Loading from file system: jar:file:/C:/Users/HP/.m2/repository/com/github/almasb/fxgl/21.1/fxgl-21.1.jar!/fxglassets/textures/particles/trace_horizontal.png
05:43:26.876 [FXGL Background Thread 1 ] DEBUG GameApplicationServi - Application scenes initialized
05:43:26.890 [FXGL Background Thread 1 ] DEBUG SystemBundleService  - Loading FXGL system data
05:43:26.895 [FXGL Background Thread 1 ] DEBUG FileSystemAccess     - Reading from: D:\Gonvival\system\fxgl.bundle
05:43:26.906 [FXGL Background Thread 1 ] DEBUG SystemBundleService  - Bundle FXGL: {}
05:43:26.907 [FXGL Background Thread 1 ] DEBUG UpdaterService       - Checking for updates
05:43:26.915 [FXGL Background Thread 4 ] DEBUG FXGLApplication      - Loading fonts
05:43:26.916 [FXGL Background Thread 4 ] DEBUG FXGLAssetLoaderServi - Loading from file system: jar:file:/C:/Users/HP/.m2/repository/com/github/almasb/fxgl/21.1/fxgl-21.1.jar!/fxglassets/ui/fonts/VarelaRound-Regular.ttf
05:43:26.919 [FXGL Background Thread 1 ] DEBUG FXGLApplication      - Loading default localization
05:43:26.920 [FXGL Background Thread 1 ] DEBUG FXGLAssetLoaderServi - Loading from file system: jar:file:/C:/Users/HP/.m2/repository/com/github/almasb/fxgl/21.1/fxgl-21.1.jar!/fxglassets/languages/english.lang
05:43:27.010 [FXGL Background Thread 1 ] INFO  FXGLApplication      - FXGL initialization took: 0.708 sec
05:43:27.013 [JavaFX Application Thread] DEBUG FXGLAssetLoaderServi - Loading from file system: jar:file:/C:/Users/HP/.m2/repository/com/github/almasb/fxgl/21.1/fxgl-21.1.jar!/fxglassets/textures/fxgl_icon.png
05:43:27.015 [FXGL Background Thread 4 ] DEBUG FXGLAssetLoaderServi - Loading from file system: jar:file:/C:/Users/HP/.m2/repository/com/github/almasb/fxgl/21.1/fxgl-21.1.jar!/fxglassets/ui/fonts/Abel-Regular.ttf
05:43:27.022 [FXGL Background Thread 4 ] DEBUG FXGLAssetLoaderServi - Loading from file system: jar:file:/C:/Users/HP/.m2/repository/com/github/almasb/fxgl/21.1/fxgl-21.1.jar!/fxglassets/ui/fonts/TerminalLandMono-Regular.otf
05:43:27.029 [FXGL Background Thread 4 ] DEBUG FXGLAssetLoaderServi - Loading from file system: jar:file:/C:/Users/HP/.m2/repository/com/github/almasb/fxgl/21.1/fxgl-21.1.jar!/fxglassets/ui/fonts/Courier-Prime.ttf
05:43:27.047 [JavaFX Application Thread] DEBUG FXGLAssetLoaderServi - Loading from file system: jar:file:/C:/Users/HP/.m2/repository/com/github/almasb/fxgl/21.1/fxgl-21.1.jar!/fxglassets/textures/fxgl_default_cursor.png
05:43:27.070 [JavaFX Application Thread] DEBUG Input                - Registered new binding: Screenshot - CTRL+8
05:43:27.071 [JavaFX Application Thread] DEBUG Input                - Registered new binding: System info dump - CTRL+9
05:43:27.072 [JavaFX Application Thread] DEBUG Input                - Registered new binding: Restart - CTRL+R
05:43:27.073 [JavaFX Application Thread] DEBUG Input                - Registered new binding: Toggle Debug Camera - CTRL+7
05:43:27.079 [JavaFX Application Thread] DEBUG LoopRunner           - Starting loop
05:43:27.079 [JavaFX Application Thread] DEBUG LoopRunner           - Initializing JavaFX AnimationTimerLoop
05:43:27.085 [JavaFX Application Thread] DEBUG Input                - Clearing active input actions
05:43:27.095 [JavaFX Application Thread] DEBUG GameApplicationServi - Removing overlay from FXGLStartupScene and adding to FXGLMainMenuDummyScene
05:43:27.095 [JavaFX Application Thread] DEBUG PrimaryStageWindow   - FXGLStartupScene -> FXGLMainMenuDummyScene
05:43:27.095 [JavaFX Application Thread] DEBUG PrimaryStageWindow   - Push state: StartScreen
05:43:27.096 [JavaFX Application Thread] DEBUG Input                - Clearing active input actions
05:43:27.114 [JavaFX Application Thread] DEBUG GameApplicationServi - Removing overlay from FXGLMainMenuDummyScene and adding to StartScreen
05:43:27.115 [JavaFX Application Thread] DEBUG PrimaryStageWindow   - FXGLMainMenuDummyScene -> StartScreen
05:43:27.119 [JavaFX Application Thread] DEBUG FXGLApplication      - Registering font factories with UI factory
05:43:27.865 [JavaFX Application Thread] DEBUG Menu                 - fireNewGame()
05:43:27.865 [JavaFX Application Thread] DEBUG GameApplicationServi - Starting new game
05:43:27.865 [JavaFX Application Thread] DEBUG PrimaryStageWindow   - Pop state: StartScreen
05:43:27.865 [JavaFX Application Thread] DEBUG Input                - Clearing active input actions
05:43:27.866 [JavaFX Application Thread] DEBUG GameApplicationServi - Removing overlay from StartScreen and adding to FXGLMainMenuDummyScene
05:43:27.866 [JavaFX Application Thread] DEBUG PrimaryStageWindow   - FXGLMainMenuDummyScene <- StartScreen
05:43:27.867 [JavaFX Application Thread] DEBUG Input                - Clearing active input actions
05:43:27.877 [JavaFX Application Thread] DEBUG GameApplicationServi - Removing overlay from FXGLMainMenuDummyScene and adding to FXGLLoadingScene
05:43:27.878 [JavaFX Application Thread] DEBUG PrimaryStageWindow   - FXGLMainMenuDummyScene -> FXGLLoadingScene
05:43:27.878 [JavaFX Application Thread] DEBUG GameApplicationServi - Clearing previous game
05:43:27.878 [JavaFX Application Thread] DEBUG GameScene            - Clearing game scene
05:43:27.878 [JavaFX Application Thread] DEBUG GameWorld            - Clearing game world
05:43:27.878 [JavaFX Application Thread] DEBUG PhysicsWorld         - Clearing physics world
05:43:27.880 [FXGL Background Thread 2 ] DEBUG FXGLApplication      - Initializing game
05:43:27.895 [FXGL Background Thread 2 ] DEBUG FXGLAssetLoaderServi - Loading from file system: file:/D:/Gonvival/game/target/classes/assets/textures/newmap2.png
05:43:27.941 [FXGL Background Thread 2 ] DEBUG FXGLAssetLoaderServi - Loading from file system: file:/D:/Gonvival/game/target/classes/assets/textures/point.jpg
05:43:28.009 [FXGL Background Thread 2 ] DEBUG FXGLAssetLoaderServi - Loading from file system: file:/D:/Gonvival/game/target/classes/assets/textures/Level.png
05:43:28.042 [FXGL Background Thread 2 ] DEBUG FXGLAssetLoaderServi - Loading from file system: file:/D:/Gonvival/game/target/classes/assets/textures/idle_down.png
05:43:28.046 [FXGL Background Thread 2 ] DEBUG FXGLAssetLoaderServi - Loading from file system: file:/D:/Gonvival/game/target/classes/assets/textures/idle_up.png
05:43:28.048 [FXGL Background Thread 2 ] DEBUG FXGLAssetLoaderServi - Loading from file system: file:/D:/Gonvival/game/target/classes/assets/textures/idle_left_down.png
05:43:28.050 [FXGL Background Thread 2 ] DEBUG FXGLAssetLoaderServi - Loading from file system: file:/D:/Gonvival/game/target/classes/assets/textures/idle_left_up.png
05:43:28.051 [FXGL Background Thread 2 ] DEBUG FXGLAssetLoaderServi - Loading from file system: file:/D:/Gonvival/game/target/classes/assets/textures/idle_right_down.png
05:43:28.054 [FXGL Background Thread 2 ] DEBUG FXGLAssetLoaderServi - Loading from file system: file:/D:/Gonvival/game/target/classes/assets/textures/idle_right_up.png
05:43:28.057 [FXGL Background Thread 2 ] DEBUG FXGLAssetLoaderServi - Loading from file system: file:/D:/Gonvival/game/target/classes/assets/textures/walk_left_down.png
05:43:28.059 [FXGL Background Thread 2 ] DEBUG FXGLAssetLoaderServi - Loading from file system: file:/D:/Gonvival/game/target/classes/assets/textures/walk_right_down.png
05:43:28.061 [FXGL Background Thread 2 ] DEBUG FXGLAssetLoaderServi - Loading from file system: file:/D:/Gonvival/game/target/classes/assets/textures/walk_up.png
05:43:28.064 [FXGL Background Thread 2 ] DEBUG FXGLAssetLoaderServi - Loading from file system: file:/D:/Gonvival/game/target/classes/assets/textures/walk_down.png
05:43:28.066 [FXGL Background Thread 2 ] DEBUG FXGLAssetLoaderServi - Loading from file system: file:/D:/Gonvival/game/target/classes/assets/textures/walk_left_up.png
05:43:28.068 [FXGL Background Thread 2 ] DEBUG FXGLAssetLoaderServi - Loading from file system: file:/D:/Gonvival/game/target/classes/assets/textures/walk_right_up.png
05:43:28.080 [FXGL Background Thread 2 ] INFO  FXGLApplication      - Game initialization took: 0.200 sec
05:43:28.082 [JavaFX Application Thread] DEBUG Input                - Clearing active input actions
05:43:28.089 [JavaFX Application Thread] DEBUG GameApplicationServi - Removing overlay from FXGLLoadingScene and adding to GameScene
05:43:28.089 [JavaFX Application Thread] DEBUG PrimaryStageWindow   - FXGLLoadingScene -> GameScene
05:43:28.185 [JavaFX Application Thread] DEBUG Input                - Registered new binding: SHOOT - LMB
05:43:28.186 [JavaFX Application Thread] DEBUG Input                - Registered new binding: MOVE LEFT - A
05:43:28.186 [JavaFX Application Thread] DEBUG Input                - Registered new binding: MOVE RIGHT - D
05:43:28.186 [JavaFX Application Thread] DEBUG Input                - Registered new binding: MOVE UP - W
05:43:28.186 [JavaFX Application Thread] DEBUG Input                - Registered new binding: MOVE DOWN - S
05:43:28.592 [JavaFX Application Thread] DEBUG PrimaryStageWindow   - Push state: FXGLDefaultMenu
05:43:28.597 [JavaFX Application Thread] DEBUG Input                - Clearing active input actions
05:43:28.599 [JavaFX Application Thread] DEBUG GameApplicationServi - Removing overlay from GameScene and adding to FXGLDefaultMenu
05:43:28.600 [JavaFX Application Thread] DEBUG PrimaryStageWindow   - GameScene -> FXGLDefaultMenu
05:43:29.913 [FXGL Background Thread 3 ] DEBUG Engine               - Logging environment variables
05:43:29.914 [FXGL Background Thread 3 ] DEBUG Engine               - achievements: []
05:43:29.914 [FXGL Background Thread 3 ] DEBUG Engine               - actualHeight: 800.0
05:43:29.914 [FXGL Background Thread 3 ] DEBUG Engine               - actualHeightProperty: ReadOnlyDoubleProperty [value: 800.0]
05:43:29.915 [FXGL Background Thread 3 ] DEBUG Engine               - actualWidth: 800.0
05:43:29.915 [FXGL Background Thread 3 ] DEBUG Engine               - actualWidthProperty: ReadOnlyDoubleProperty [value: 800.0]
05:43:29.915 [FXGL Background Thread 3 ] DEBUG Engine               - appIcon: fxgl_icon.png
05:43:29.915 [FXGL Background Thread 3 ] DEBUG Engine               - applicationMode: DEVELOPER
05:43:29.915 [FXGL Background Thread 3 ] DEBUG Engine               - cSSList: [fxgl_dark.css]
05:43:29.915 [FXGL Background Thread 3 ] DEBUG Engine               - collisionDetectionStrategy: BRUTE_FORCE
05:43:29.915 [FXGL Background Thread 3 ] DEBUG Engine               - configClass: Optional.empty
05:43:29.915 [FXGL Background Thread 3 ] DEBUG Engine               - credits: []
05:43:29.915 [FXGL Background Thread 3 ] DEBUG Engine               - defaultCursor: CursorInfo(imageName=fxgl_default_cursor.png, hotspotX=7.0, hotspotY=6.0)
05:43:29.916 [FXGL Background Thread 3 ] DEBUG Engine               - devBBoxColorProperty: ObjectProperty [value: 0xff0000ff]
05:43:29.916 [FXGL Background Thread 3 ] DEBUG Engine               - devEnableDebugCameraProperty: BooleanProperty [value: false]
05:43:29.916 [FXGL Background Thread 3 ] DEBUG Engine               - devSensorColorProperty: ObjectProperty [value: 0xffff00ff]
05:43:29.916 [FXGL Background Thread 3 ] DEBUG Engine               - devShowBBoxProperty: BooleanProperty [value: false]
05:43:29.916 [FXGL Background Thread 3 ] DEBUG Engine               - devShowPositionProperty: BooleanProperty [value: false]
05:43:29.916 [FXGL Background Thread 3 ] DEBUG Engine               - enabledMenuItems: []
05:43:29.916 [FXGL Background Thread 3 ] DEBUG Engine               - engineServices: [class com.almasb.fxgl.app.services.FXGLAssetLoaderService, class com.almasb.fxgl.app.FXGLApplication$GameApplicationService, class com.almasb.fxgl.app.services.FXGLDialogService, class com.almasb.fxgl.app.services.IOTaskExecutorService, class com.almasb.fxgl.io.FileSystemService, class com.almasb.fxgl.localization.LocalizationService, class com.almasb.fxgl.app.services.SystemBundleService, class com.almasb.fxgl.profile.SaveLoadService, class com.almasb.fxgl.ui.FXGLUIFactoryServiceProvider, class com.almasb.fxgl.ui.FXGLDialogFactoryServiceProvider, class com.almasb.fxgl.audio.AudioPlayer, class com.almasb.fxgl.notification.impl.NotificationServiceProvider, class com.almasb.fxgl.achievement.AchievementService, class com.almasb.fxgl.cutscene.CutsceneService, class com.almasb.fxgl.minigames.MiniGameService, class com.almasb.fxgl.net.NetService, class com.almasb.fxgl.app.services.UpdaterService, class com.almasb.fxgl.dev.DevService]
05:43:29.916 [FXGL Background Thread 3 ] DEBUG Engine               - fontGame: Abel-Regular.ttf
05:43:29.916 [FXGL Background Thread 3 ] DEBUG Engine               - fontMono: TerminalLandMono-Regular.otf
05:43:29.916 [FXGL Background Thread 3 ] DEBUG Engine               - fontSizeScaleUI: 1.0
05:43:29.917 [FXGL Background Thread 3 ] DEBUG Engine               - fontText: Courier-Prime.ttf
05:43:29.917 [FXGL Background Thread 3 ] DEBUG Engine               - fontUI: VarelaRound-Regular.ttf
05:43:29.917 [FXGL Background Thread 3 ] DEBUG Engine               - fullScreen: BooleanProperty [value: false]
05:43:29.917 [FXGL Background Thread 3 ] DEBUG Engine               - gameDifficulty: MEDIUM
05:43:29.917 [FXGL Background Thread 3 ] DEBUG Engine               - gameDifficultyProperty: ObjectProperty [value: MEDIUM]
05:43:29.917 [FXGL Background Thread 3 ] DEBUG Engine               - globalMusicVolume: 0.5
05:43:29.917 [FXGL Background Thread 3 ] DEBUG Engine               - globalMusicVolumeProperty: DoubleProperty [value: 1.0]
05:43:29.917 [FXGL Background Thread 3 ] DEBUG Engine               - globalSoundVolume: 0.5
05:43:29.917 [FXGL Background Thread 3 ] DEBUG Engine               - globalSoundVolumeProperty: DoubleProperty [value: 1.0]
05:43:29.917 [FXGL Background Thread 3 ] DEBUG Engine               - height: 800
05:43:29.917 [FXGL Background Thread 3 ] DEBUG Engine               - is3D: false
05:43:29.917 [FXGL Background Thread 3 ] DEBUG Engine               - isAndroid: false
05:43:29.917 [FXGL Background Thread 3 ] DEBUG Engine               - isBrowser: false
05:43:29.917 [FXGL Background Thread 3 ] DEBUG Engine               - isClickFeedbackEnabled: false
05:43:29.917 [FXGL Background Thread 3 ] DEBUG Engine               - isCloseConfirmation: false
05:43:29.917 [FXGL Background Thread 3 ] DEBUG Engine               - isDesktop: true
05:43:29.917 [FXGL Background Thread 3 ] DEBUG Engine               - isDeveloperMenuEnabled: false
05:43:29.917 [FXGL Background Thread 3 ] DEBUG Engine               - isEmbedded: false
05:43:29.917 [FXGL Background Thread 3 ] DEBUG Engine               - isEntityPreloadEnabled: true
05:43:29.917 [FXGL Background Thread 3 ] DEBUG Engine               - isExperimentalTiledLargeMap: false
05:43:29.917 [FXGL Background Thread 3 ] DEBUG Engine               - isFileSystemWriteAllowed: true
05:43:29.917 [FXGL Background Thread 3 ] DEBUG Engine               - isFullScreenAllowed: false
05:43:29.917 [FXGL Background Thread 3 ] DEBUG Engine               - isFullScreenFromStart: false
05:43:29.917 [FXGL Background Thread 3 ] DEBUG Engine               - isGameMenuEnabled: true
05:43:29.918 [FXGL Background Thread 3 ] DEBUG Engine               - isIOS: false
05:43:29.918 [FXGL Background Thread 3 ] DEBUG Engine               - isIntroEnabled: false
05:43:29.918 [FXGL Background Thread 3 ] DEBUG Engine               - isLinux: false
05:43:29.918 [FXGL Background Thread 3 ] DEBUG Engine               - isMac: false
05:43:29.918 [FXGL Background Thread 3 ] DEBUG Engine               - isMainMenuEnabled: true
05:43:29.918 [FXGL Background Thread 3 ] DEBUG Engine               - isManualResizeEnabled: false
05:43:29.918 [FXGL Background Thread 3 ] DEBUG Engine               - isMobile: false
05:43:29.918 [FXGL Background Thread 3 ] DEBUG Engine               - isNative: false
05:43:29.918 [FXGL Background Thread 3 ] DEBUG Engine               - isPauseMusicWhenMinimized: true
05:43:29.918 [FXGL Background Thread 3 ] DEBUG Engine               - isPreserveResizeRatio: false
05:43:29.918 [FXGL Background Thread 3 ] DEBUG Engine               - isProfilingEnabled: false
05:43:29.918 [FXGL Background Thread 3 ] DEBUG Engine               - isScaleAffectedOnResize: true
05:43:29.918 [FXGL Background Thread 3 ] DEBUG Engine               - isSingleStep: false
05:43:29.919 [FXGL Background Thread 3 ] DEBUG Engine               - isUserProfileEnabled: false
05:43:29.919 [FXGL Background Thread 3 ] DEBUG Engine               - isWindows: true
05:43:29.919 [FXGL Background Thread 3 ] DEBUG Engine               - language: ObjectProperty [value: ENGLISH]
05:43:29.919 [FXGL Background Thread 3 ] DEBUG Engine               - menuKey: ESCAPE
05:43:29.919 [FXGL Background Thread 3 ] DEBUG Engine               - mouseSensitivity: 0.2
05:43:29.919 [FXGL Background Thread 3 ] DEBUG Engine               - notificationViewClass: class com.almasb.fxgl.notification.view.XboxNotificationView
05:43:29.919 [FXGL Background Thread 3 ] DEBUG Engine               - pixelsPerMeter: 50.0
05:43:29.919 [FXGL Background Thread 3 ] DEBUG Engine               - platform: WINDOWS
05:43:29.919 [FXGL Background Thread 3 ] DEBUG Engine               - prefHeightProperty: ReadOnlyDoubleProperty [value: 800.0]
05:43:29.919 [FXGL Background Thread 3 ] DEBUG Engine               - prefWidthProperty: ReadOnlyDoubleProperty [value: 800.0]
05:43:29.919 [FXGL Background Thread 3 ] DEBUG Engine               - profileDir: profiles/
05:43:29.919 [FXGL Background Thread 3 ] DEBUG Engine               - profileName: StringProperty [value: DEFAULT]
05:43:29.919 [FXGL Background Thread 3 ] DEBUG Engine               - randomSeed: -1
05:43:29.920 [FXGL Background Thread 3 ] DEBUG Engine               - runtimeInfo: RuntimeInfo(platform=WINDOWS, version=21.1, build=27.03.2024 07.52)
05:43:29.920 [FXGL Background Thread 3 ] DEBUG Engine               - saveFileExt: sav
05:43:29.920 [FXGL Background Thread 3 ] DEBUG Engine               - scaledHeightProp$fxgl: DoubleProperty [bound, value: 800.0]
05:43:29.920 [FXGL Background Thread 3 ] DEBUG Engine               - scaledWidthProp$fxgl: DoubleProperty [bound, value: 800.0]
05:43:29.920 [FXGL Background Thread 3 ] DEBUG Engine               - sceneFactory: com.lab.App$1@49e0e656
05:43:29.920 [FXGL Background Thread 3 ] DEBUG Engine               - secondsIn24h: 60
05:43:29.920 [FXGL Background Thread 3 ] DEBUG Engine               - soundMenuBack: menu/back.wav
05:43:29.920 [FXGL Background Thread 3 ] DEBUG Engine               - soundMenuPress: menu/press.wav
05:43:29.920 [FXGL Background Thread 3 ] DEBUG Engine               - soundMenuSelect: menu/select.wav
05:43:29.920 [FXGL Background Thread 3 ] DEBUG Engine               - soundNotification: core/notification.wav
05:43:29.920 [FXGL Background Thread 3 ] DEBUG Engine               - stageStyle: DECORATED
05:43:29.921 [FXGL Background Thread 3 ] DEBUG Engine               - supportedLanguages: [ENGLISH, FRENCH, GERMAN, HUNGARIAN, RUSSIAN]
05:43:29.921 [FXGL Background Thread 3 ] DEBUG Engine               - ticksPerSecond: -1
05:43:29.921 [FXGL Background Thread 3 ] DEBUG Engine               - title: Gonvival
05:43:29.921 [FXGL Background Thread 3 ] DEBUG Engine               - urlGithub: https://github.com/AlmasB/FXGL
05:43:29.921 [FXGL Background Thread 3 ] DEBUG Engine               - urlLeaderboard: http://fxgl-top.herokuapp.com/
05:43:29.921 [FXGL Background Thread 3 ] DEBUG Engine               - urlPOM: https://raw.githubusercontent.com/AlmasB/FXGL/release/README.md
05:43:29.921 [FXGL Background Thread 3 ] DEBUG Engine               - userAppClass: class com.lab.App
05:43:29.921 [FXGL Background Thread 3 ] DEBUG Engine               - version: beta
05:43:29.921 [FXGL Background Thread 3 ] DEBUG Engine               - versionCheckDays: 7
05:43:29.921 [FXGL Background Thread 3 ] DEBUG Engine               - width: 800
05:43:29.921 [FXGL Background Thread 3 ] DEBUG Engine               - Logging services
05:43:29.921 [FXGL Background Thread 3 ] DEBUG Engine               - class com.almasb.fxgl.app.services.FXGLAssetLoaderService
05:43:29.921 [FXGL Background Thread 3 ] DEBUG Engine               - class com.almasb.fxgl.app.FXGLApplication$GameApplicationService
05:43:29.921 [FXGL Background Thread 3 ] DEBUG Engine               - class com.almasb.fxgl.app.services.FXGLDialogService
05:43:29.921 [FXGL Background Thread 3 ] DEBUG Engine               - class com.almasb.fxgl.app.services.IOTaskExecutorService
05:43:29.921 [FXGL Background Thread 3 ] DEBUG Engine               - class com.almasb.fxgl.io.FileSystemService
05:43:29.921 [FXGL Background Thread 3 ] DEBUG Engine               - class com.almasb.fxgl.localization.LocalizationService
05:43:29.921 [FXGL Background Thread 3 ] DEBUG Engine               - class com.almasb.fxgl.app.services.SystemBundleService
05:43:29.921 [FXGL Background Thread 3 ] DEBUG Engine               - class com.almasb.fxgl.profile.SaveLoadService
05:43:29.921 [FXGL Background Thread 3 ] DEBUG Engine               - class com.almasb.fxgl.ui.FXGLUIFactoryServiceProvider
05:43:29.921 [FXGL Background Thread 3 ] DEBUG Engine               - class com.almasb.fxgl.ui.FXGLDialogFactoryServiceProvider
05:43:29.921 [FXGL Background Thread 3 ] DEBUG Engine               - class com.almasb.fxgl.audio.AudioPlayer
05:43:29.921 [FXGL Background Thread 3 ] DEBUG Engine               - class com.almasb.fxgl.notification.impl.NotificationServiceProvider
05:43:29.921 [FXGL Background Thread 3 ] DEBUG Engine               - class com.almasb.fxgl.achievement.AchievementService
05:43:29.922 [FXGL Background Thread 3 ] DEBUG Engine               - class com.almasb.fxgl.cutscene.CutsceneService
05:43:29.922 [FXGL Background Thread 3 ] DEBUG Engine               - class com.almasb.fxgl.minigames.MiniGameService
05:43:29.922 [FXGL Background Thread 3 ] DEBUG Engine               - class com.almasb.fxgl.net.NetService
05:43:29.922 [FXGL Background Thread 3 ] DEBUG Engine               - class com.almasb.fxgl.app.services.UpdaterService
05:43:29.922 [FXGL Background Thread 3 ] DEBUG Engine               - class com.almasb.fxgl.dev.DevService
05:48:05.056 [JavaFX Application Thread] DEBUG FXGLApplication      - Exiting FXGL
05:48:05.057 [JavaFX Application Thread] DEBUG LoopRunner           - Stopping loop
05:48:05.057 [JavaFX Application Thread] DEBUG SystemBundleService  - Saving FXGL system data
05:48:05.061 [JavaFX Application Thread] DEBUG FileSystemAccess     - Writing to: D:\Gonvival\system\fxgl.bundle
05:48:05.063 [JavaFX Application Thread] DEBUG Async                - Shutting down background threads
05:48:05.063 [JavaFX Application Thread] DEBUG PrimaryStageWindow   - Closing main window
05:48:05.102 [JavaFX Application Thread] DEBUG Logger               - Closing Logger
