05:17:49.355 [main                     ] DEBUG Logger               - Configured Logger
05:17:49.376 [main                     ] DEBUG GameApplication      - Logging settings
Title: Gonvival
Version: beta
Width: 800
Height: 800
Fullscreen: false
Intro: false
Profiling: false
Single step:false
App Mode: DEVELOPER
Menu Key: ESCAPE
Stage Style: DECORATED
Scene Factory: class com.lab.App$1

05:17:50.351 [JavaFX Application Thread] DEBUG FXGLApplication      - Initializing FXGL
05:17:50.356 [JavaFX Application Thread] INFO  Engine               - FXGL-21.1 (27.03.2024 07.52) on WINDOWS (J:21.0.5 FX:21.0.1)
05:17:50.357 [JavaFX Application Thread] DEBUG Engine               - JRE Vendor Name: Eclipse Adoptium
05:17:50.357 [JavaFX Application Thread] DEBUG Engine               - Running on OS: Windows 11 version 10.0
05:17:50.357 [JavaFX Application Thread] DEBUG Engine               - Architecture: amd64
05:17:50.357 [JavaFX Application Thread] INFO  Engine               - Source code and latest versions at: https://github.com/AlmasB/FXGL
05:17:50.357 [JavaFX Application Thread] INFO  Engine               -       Ask questions and discuss at: https://github.com/AlmasB/FXGL/discussions
05:17:50.358 [JavaFX Application Thread] INFO  Engine               -              Join the FXGL chat at: https://gitter.im/AlmasB/FXGL
05:17:50.458 [JavaFX Application Thread] DEBUG PrimaryStageWindow   - Creating a JavaFX scene
05:17:50.509 [JavaFX Application Thread] DEBUG PrimaryStageWindow   - Target settings size: 800.0 x 800.0
05:17:50.510 [JavaFX Application Thread] DEBUG PrimaryStageWindow   - Scaled scene size:    800.0 x 800.0
05:17:50.510 [JavaFX Application Thread] DEBUG PrimaryStageWindow   - Scaled ratio: (1.0, 1.0)
05:17:50.511 [JavaFX Application Thread] DEBUG PrimaryStageWindow   - Set initial scene to FXGLStartupScene
05:17:50.515 [JavaFX Application Thread] DEBUG PrimaryStageWindow   - Opening main window
05:17:50.722 [JavaFX Application Thread] DEBUG PrimaryStageWindow   - Window border size: (14.4000244140625, 37.5999755859375)
05:17:50.722 [JavaFX Application Thread] DEBUG PrimaryStageWindow   - Scaled size: 800.0 x 800.0
05:17:50.725 [JavaFX Application Thread] DEBUG PrimaryStageWindow   - Scaled ratio: (1.0, 1.0)
05:17:50.726 [JavaFX Application Thread] DEBUG PrimaryStageWindow   - Scene size: 800.0 x 800.0
05:17:50.727 [JavaFX Application Thread] DEBUG PrimaryStageWindow   - Stage size: 814.4000244140625 x 837.5999755859375
05:17:50.754 [FXGL Background Thread 1 ] DEBUG Engine               - Initializing environment variables
05:17:50.886 [FXGL Background Thread 1 ] DEBUG FXGLAssetLoaderServi - User app class for loading assets: class com.lab.App
05:17:50.886 [FXGL Background Thread 1 ] DEBUG GameApplicationServi - Applying CSS: fxgl_dark.css
05:17:50.887 [FXGL Background Thread 1 ] DEBUG FXGLAssetLoaderServi - Loading from file system: jar:file:/C:/Users/HP/.m2/repository/com/github/almasb/fxgl/21.1/fxgl-21.1.jar!/fxglassets/ui/css/fxgl_dark.css
05:17:50.942 [FXGL Background Thread 1 ] DEBUG GameApplicationServi - Initializing application scenes
05:17:51.003 [FXGL Background Thread 1 ] DEBUG GameWorld            - Game world initialized
05:17:51.108 [FXGL Background Thread 1 ] DEBUG PhysicsWorld         - Physics world initialized: appHeight=800, physics.ppm=50.0
05:17:51.109 [FXGL Background Thread 1 ] DEBUG PhysicsWorld         - Using strategy: BRUTE_FORCE
05:17:51.112 [FXGL Background Thread 1 ] DEBUG GameScene            - Game scene initialized: 800x800
05:17:51.164 [FXGL Background Thread 1 ] DEBUG FXGL.DefaultMenu     - createMenuBodyGameMenu()
05:17:51.178 [FXGL Background Thread 1 ] DEBUG FXGL.DefaultMenu     - createOptionsMenu()
05:17:51.191 [FXGL Background Thread 1 ] DEBUG FXGLAssetLoaderServi - Loading from file system: jar:file:/C:/Users/HP/.m2/repository/com/github/almasb/fxgl/21.1/fxgl-21.1.jar!/fxglassets/textures/particles/smoke.png
05:17:51.334 [FXGL Background Thread 1 ] DEBUG FXGLAssetLoaderServi - Loading from file system: jar:file:/C:/Users/HP/.m2/repository/com/github/almasb/fxgl/21.1/fxgl-21.1.jar!/fxglassets/textures/particles/trace_horizontal.png
05:17:51.372 [FXGL Background Thread 1 ] DEBUG GameApplicationServi - Application scenes initialized
05:17:51.387 [FXGL Background Thread 1 ] DEBUG SystemBundleService  - Loading FXGL system data
05:17:51.397 [FXGL Background Thread 1 ] DEBUG FileSystemAccess     - Reading from: D:\Gonvival\system\fxgl.bundle
05:17:51.415 [FXGL Background Thread 1 ] DEBUG SystemBundleService  - Bundle FXGL: {}
05:17:51.415 [FXGL Background Thread 1 ] DEBUG UpdaterService       - Checking for updates
05:17:51.426 [FXGL Background Thread 4 ] DEBUG FXGLApplication      - Loading fonts
05:17:51.427 [FXGL Background Thread 4 ] DEBUG FXGLAssetLoaderServi - Loading from file system: jar:file:/C:/Users/HP/.m2/repository/com/github/almasb/fxgl/21.1/fxgl-21.1.jar!/fxglassets/ui/fonts/VarelaRound-Regular.ttf
05:17:51.429 [FXGL Background Thread 1 ] DEBUG FXGLApplication      - Loading default localization
05:17:51.430 [FXGL Background Thread 1 ] DEBUG FXGLAssetLoaderServi - Loading from file system: jar:file:/C:/Users/HP/.m2/repository/com/github/almasb/fxgl/21.1/fxgl-21.1.jar!/fxglassets/languages/english.lang
05:17:51.516 [FXGL Background Thread 1 ] INFO  FXGLApplication      - FXGL initialization took: 0.761 sec
05:17:51.518 [JavaFX Application Thread] DEBUG FXGLAssetLoaderServi - Loading from file system: jar:file:/C:/Users/HP/.m2/repository/com/github/almasb/fxgl/21.1/fxgl-21.1.jar!/fxglassets/textures/fxgl_icon.png
05:17:51.528 [FXGL Background Thread 4 ] DEBUG FXGLAssetLoaderServi - Loading from file system: jar:file:/C:/Users/HP/.m2/repository/com/github/almasb/fxgl/21.1/fxgl-21.1.jar!/fxglassets/ui/fonts/Abel-Regular.ttf
05:17:51.536 [FXGL Background Thread 4 ] DEBUG FXGLAssetLoaderServi - Loading from file system: jar:file:/C:/Users/HP/.m2/repository/com/github/almasb/fxgl/21.1/fxgl-21.1.jar!/fxglassets/ui/fonts/TerminalLandMono-Regular.otf
05:17:51.542 [FXGL Background Thread 4 ] DEBUG FXGLAssetLoaderServi - Loading from file system: jar:file:/C:/Users/HP/.m2/repository/com/github/almasb/fxgl/21.1/fxgl-21.1.jar!/fxglassets/ui/fonts/Courier-Prime.ttf
05:17:51.556 [JavaFX Application Thread] DEBUG FXGLAssetLoaderServi - Loading from file system: jar:file:/C:/Users/HP/.m2/repository/com/github/almasb/fxgl/21.1/fxgl-21.1.jar!/fxglassets/textures/fxgl_default_cursor.png
05:17:51.578 [JavaFX Application Thread] DEBUG Input                - Registered new binding: Screenshot - CTRL+8
05:17:51.579 [JavaFX Application Thread] DEBUG Input                - Registered new binding: System info dump - CTRL+9
05:17:51.580 [JavaFX Application Thread] DEBUG Input                - Registered new binding: Restart - CTRL+R
05:17:51.583 [JavaFX Application Thread] DEBUG Input                - Registered new binding: Toggle Debug Camera - CTRL+7
05:17:51.590 [JavaFX Application Thread] DEBUG LoopRunner           - Starting loop
05:17:51.590 [JavaFX Application Thread] DEBUG LoopRunner           - Initializing JavaFX AnimationTimerLoop
05:17:51.596 [JavaFX Application Thread] DEBUG Input                - Clearing active input actions
05:17:51.605 [JavaFX Application Thread] DEBUG GameApplicationServi - Removing overlay from FXGLStartupScene and adding to FXGLMainMenuDummyScene
05:17:51.606 [JavaFX Application Thread] DEBUG PrimaryStageWindow   - FXGLStartupScene -> FXGLMainMenuDummyScene
05:17:51.606 [JavaFX Application Thread] DEBUG PrimaryStageWindow   - Push state: StartScreen
05:17:51.607 [JavaFX Application Thread] DEBUG Input                - Clearing active input actions
05:17:51.629 [JavaFX Application Thread] DEBUG GameApplicationServi - Removing overlay from FXGLMainMenuDummyScene and adding to StartScreen
05:17:51.629 [JavaFX Application Thread] DEBUG PrimaryStageWindow   - FXGLMainMenuDummyScene -> StartScreen
05:17:51.635 [JavaFX Application Thread] DEBUG FXGLApplication      - Registering font factories with UI factory
05:17:53.328 [JavaFX Application Thread] DEBUG Menu                 - fireNewGame()
05:17:53.329 [JavaFX Application Thread] DEBUG GameApplicationServi - Starting new game
05:17:53.329 [JavaFX Application Thread] DEBUG PrimaryStageWindow   - Pop state: StartScreen
05:17:53.329 [JavaFX Application Thread] DEBUG Input                - Clearing active input actions
05:17:53.329 [JavaFX Application Thread] DEBUG GameApplicationServi - Removing overlay from StartScreen and adding to FXGLMainMenuDummyScene
05:17:53.330 [JavaFX Application Thread] DEBUG PrimaryStageWindow   - FXGLMainMenuDummyScene <- StartScreen
05:17:53.330 [JavaFX Application Thread] DEBUG Input                - Clearing active input actions
05:17:53.343 [JavaFX Application Thread] DEBUG GameApplicationServi - Removing overlay from FXGLMainMenuDummyScene and adding to FXGLLoadingScene
05:17:53.343 [JavaFX Application Thread] DEBUG PrimaryStageWindow   - FXGLMainMenuDummyScene -> FXGLLoadingScene
05:17:53.343 [JavaFX Application Thread] DEBUG GameApplicationServi - Clearing previous game
05:17:53.343 [JavaFX Application Thread] DEBUG GameScene            - Clearing game scene
05:17:53.343 [JavaFX Application Thread] DEBUG GameWorld            - Clearing game world
05:17:53.343 [JavaFX Application Thread] DEBUG PhysicsWorld         - Clearing physics world
05:17:53.347 [FXGL Background Thread 2 ] DEBUG FXGLApplication      - Initializing game
05:17:53.362 [FXGL Background Thread 2 ] DEBUG FXGLAssetLoaderServi - Loading from file system: file:/D:/Gonvival/game/target/classes/assets/textures/newmap2.png
05:17:53.403 [FXGL Background Thread 2 ] DEBUG FXGLAssetLoaderServi - Loading from file system: file:/D:/Gonvival/game/target/classes/assets/textures/Level.png
05:17:53.432 [FXGL Background Thread 2 ] DEBUG FXGLAssetLoaderServi - Loading from file system: file:/D:/Gonvival/game/target/classes/assets/textures/idle_down.png
05:17:53.436 [FXGL Background Thread 2 ] DEBUG FXGLAssetLoaderServi - Loading from file system: file:/D:/Gonvival/game/target/classes/assets/textures/idle_up.png
05:17:53.438 [FXGL Background Thread 2 ] DEBUG FXGLAssetLoaderServi - Loading from file system: file:/D:/Gonvival/game/target/classes/assets/textures/idle_left_down.png
05:17:53.440 [FXGL Background Thread 2 ] DEBUG FXGLAssetLoaderServi - Loading from file system: file:/D:/Gonvival/game/target/classes/assets/textures/idle_left_up.png
05:17:53.442 [FXGL Background Thread 2 ] DEBUG FXGLAssetLoaderServi - Loading from file system: file:/D:/Gonvival/game/target/classes/assets/textures/idle_right_down.png
05:17:53.444 [FXGL Background Thread 2 ] DEBUG FXGLAssetLoaderServi - Loading from file system: file:/D:/Gonvival/game/target/classes/assets/textures/idle_right_up.png
05:17:53.445 [FXGL Background Thread 2 ] DEBUG FXGLAssetLoaderServi - Loading from file system: file:/D:/Gonvival/game/target/classes/assets/textures/walk_left_down.png
05:17:53.447 [FXGL Background Thread 2 ] DEBUG FXGLAssetLoaderServi - Loading from file system: file:/D:/Gonvival/game/target/classes/assets/textures/walk_right_down.png
05:17:53.448 [FXGL Background Thread 2 ] DEBUG FXGLAssetLoaderServi - Loading from file system: file:/D:/Gonvival/game/target/classes/assets/textures/walk_up.png
05:17:53.450 [FXGL Background Thread 2 ] DEBUG FXGLAssetLoaderServi - Loading from file system: file:/D:/Gonvival/game/target/classes/assets/textures/walk_down.png
05:17:53.452 [FXGL Background Thread 2 ] DEBUG FXGLAssetLoaderServi - Loading from file system: file:/D:/Gonvival/game/target/classes/assets/textures/walk_left_up.png
05:17:53.455 [FXGL Background Thread 2 ] DEBUG FXGLAssetLoaderServi - Loading from file system: file:/D:/Gonvival/game/target/classes/assets/textures/walk_right_up.png
05:17:53.469 [FXGL Background Thread 2 ] INFO  FXGLApplication      - Game initialization took: 0.121 sec
05:17:53.470 [JavaFX Application Thread] DEBUG Input                - Clearing active input actions
05:17:53.477 [JavaFX Application Thread] DEBUG GameApplicationServi - Removing overlay from FXGLLoadingScene and adding to GameScene
05:17:53.477 [JavaFX Application Thread] DEBUG PrimaryStageWindow   - FXGLLoadingScene -> GameScene
05:17:53.567 [JavaFX Application Thread] DEBUG Input                - Registered new binding: SHOOT - LMB
05:17:53.567 [JavaFX Application Thread] DEBUG Input                - Registered new binding: MOVE LEFT - A
05:17:53.567 [JavaFX Application Thread] DEBUG Input                - Registered new binding: MOVE RIGHT - D
05:17:53.568 [JavaFX Application Thread] DEBUG Input                - Registered new binding: MOVE UP - W
05:17:53.568 [JavaFX Application Thread] DEBUG Input                - Registered new binding: MOVE DOWN - S
05:17:54.316 [JavaFX Application Thread] DEBUG FXGLAssetLoaderServi - Loading from file system: file:/D:/Gonvival/game/target/classes/assets/textures/GraveRevenant.png
05:17:54.422 [FXGL Background Thread 3 ] DEBUG Engine               - Logging environment variables
05:17:54.423 [FXGL Background Thread 3 ] DEBUG Engine               - achievements: []
05:17:54.423 [FXGL Background Thread 3 ] DEBUG Engine               - actualHeight: 800.0
05:17:54.423 [FXGL Background Thread 3 ] DEBUG Engine               - actualHeightProperty: ReadOnlyDoubleProperty [value: 800.4000244140625]
05:17:54.423 [FXGL Background Thread 3 ] DEBUG Engine               - actualWidth: 800.0
05:17:54.423 [FXGL Background Thread 3 ] DEBUG Engine               - actualWidthProperty: ReadOnlyDoubleProperty [value: 799.5999755859375]
05:17:54.423 [FXGL Background Thread 3 ] DEBUG Engine               - appIcon: fxgl_icon.png
05:17:54.424 [FXGL Background Thread 3 ] DEBUG Engine               - applicationMode: DEVELOPER
05:17:54.424 [FXGL Background Thread 3 ] DEBUG Engine               - cSSList: [fxgl_dark.css]
05:17:54.424 [FXGL Background Thread 3 ] DEBUG Engine               - collisionDetectionStrategy: BRUTE_FORCE
05:17:54.424 [FXGL Background Thread 3 ] DEBUG Engine               - configClass: Optional.empty
05:17:54.424 [FXGL Background Thread 3 ] DEBUG Engine               - credits: []
05:17:54.425 [FXGL Background Thread 3 ] DEBUG Engine               - defaultCursor: CursorInfo(imageName=fxgl_default_cursor.png, hotspotX=7.0, hotspotY=6.0)
05:17:54.425 [FXGL Background Thread 3 ] DEBUG Engine               - devBBoxColorProperty: ObjectProperty [value: 0xff0000ff]
05:17:54.425 [FXGL Background Thread 3 ] DEBUG Engine               - devEnableDebugCameraProperty: BooleanProperty [value: false]
05:17:54.426 [FXGL Background Thread 3 ] DEBUG Engine               - devSensorColorProperty: ObjectProperty [value: 0xffff00ff]
05:17:54.426 [FXGL Background Thread 3 ] DEBUG Engine               - devShowBBoxProperty: BooleanProperty [value: false]
05:17:54.426 [FXGL Background Thread 3 ] DEBUG Engine               - devShowPositionProperty: BooleanProperty [value: false]
05:17:54.426 [FXGL Background Thread 3 ] DEBUG Engine               - enabledMenuItems: []
05:17:54.426 [FXGL Background Thread 3 ] DEBUG Engine               - engineServices: [class com.almasb.fxgl.app.services.FXGLAssetLoaderService, class com.almasb.fxgl.app.FXGLApplication$GameApplicationService, class com.almasb.fxgl.app.services.FXGLDialogService, class com.almasb.fxgl.app.services.IOTaskExecutorService, class com.almasb.fxgl.io.FileSystemService, class com.almasb.fxgl.localization.LocalizationService, class com.almasb.fxgl.app.services.SystemBundleService, class com.almasb.fxgl.profile.SaveLoadService, class com.almasb.fxgl.ui.FXGLUIFactoryServiceProvider, class com.almasb.fxgl.ui.FXGLDialogFactoryServiceProvider, class com.almasb.fxgl.audio.AudioPlayer, class com.almasb.fxgl.notification.impl.NotificationServiceProvider, class com.almasb.fxgl.achievement.AchievementService, class com.almasb.fxgl.cutscene.CutsceneService, class com.almasb.fxgl.minigames.MiniGameService, class com.almasb.fxgl.net.NetService, class com.almasb.fxgl.app.services.UpdaterService, class com.almasb.fxgl.dev.DevService]
05:17:54.426 [FXGL Background Thread 3 ] DEBUG Engine               - fontGame: Abel-Regular.ttf
05:17:54.426 [FXGL Background Thread 3 ] DEBUG Engine               - fontMono: TerminalLandMono-Regular.otf
05:17:54.427 [FXGL Background Thread 3 ] DEBUG Engine               - fontSizeScaleUI: 1.0
05:17:54.427 [FXGL Background Thread 3 ] DEBUG Engine               - fontText: Courier-Prime.ttf
05:17:54.427 [FXGL Background Thread 3 ] DEBUG Engine               - fontUI: VarelaRound-Regular.ttf
05:17:54.427 [FXGL Background Thread 3 ] DEBUG Engine               - fullScreen: BooleanProperty [value: false]
05:17:54.427 [FXGL Background Thread 3 ] DEBUG Engine               - gameDifficulty: MEDIUM
05:17:54.427 [FXGL Background Thread 3 ] DEBUG Engine               - gameDifficultyProperty: ObjectProperty [value: MEDIUM]
05:17:54.428 [FXGL Background Thread 3 ] DEBUG Engine               - globalMusicVolume: 0.5
05:17:54.428 [FXGL Background Thread 3 ] DEBUG Engine               - globalMusicVolumeProperty: DoubleProperty [value: 1.0]
05:17:54.428 [FXGL Background Thread 3 ] DEBUG Engine               - globalSoundVolume: 0.5
05:17:54.428 [FXGL Background Thread 3 ] DEBUG Engine               - globalSoundVolumeProperty: DoubleProperty [value: 1.0]
05:17:54.428 [FXGL Background Thread 3 ] DEBUG Engine               - height: 800
05:17:54.428 [FXGL Background Thread 3 ] DEBUG Engine               - is3D: false
05:17:54.428 [FXGL Background Thread 3 ] DEBUG Engine               - isAndroid: false
05:17:54.428 [FXGL Background Thread 3 ] DEBUG Engine               - isBrowser: false
05:17:54.428 [FXGL Background Thread 3 ] DEBUG Engine               - isClickFeedbackEnabled: false
05:17:54.428 [FXGL Background Thread 3 ] DEBUG Engine               - isCloseConfirmation: false
05:17:54.428 [FXGL Background Thread 3 ] DEBUG Engine               - isDesktop: true
05:17:54.428 [FXGL Background Thread 3 ] DEBUG Engine               - isDeveloperMenuEnabled: false
05:17:54.429 [FXGL Background Thread 3 ] DEBUG Engine               - isEmbedded: false
05:17:54.429 [FXGL Background Thread 3 ] DEBUG Engine               - isEntityPreloadEnabled: true
05:17:54.429 [FXGL Background Thread 3 ] DEBUG Engine               - isExperimentalTiledLargeMap: false
05:17:54.429 [FXGL Background Thread 3 ] DEBUG Engine               - isFileSystemWriteAllowed: true
05:17:54.429 [FXGL Background Thread 3 ] DEBUG Engine               - isFullScreenAllowed: false
05:17:54.429 [FXGL Background Thread 3 ] DEBUG Engine               - isFullScreenFromStart: false
05:17:54.429 [FXGL Background Thread 3 ] DEBUG Engine               - isGameMenuEnabled: true
05:17:54.429 [FXGL Background Thread 3 ] DEBUG Engine               - isIOS: false
05:17:54.429 [FXGL Background Thread 3 ] DEBUG Engine               - isIntroEnabled: false
05:17:54.429 [FXGL Background Thread 3 ] DEBUG Engine               - isLinux: false
05:17:54.429 [FXGL Background Thread 3 ] DEBUG Engine               - isMac: false
05:17:54.429 [FXGL Background Thread 3 ] DEBUG Engine               - isMainMenuEnabled: true
05:17:54.430 [FXGL Background Thread 3 ] DEBUG Engine               - isManualResizeEnabled: false
05:17:54.430 [FXGL Background Thread 3 ] DEBUG Engine               - isMobile: false
05:17:54.430 [FXGL Background Thread 3 ] DEBUG Engine               - isNative: false
05:17:54.430 [FXGL Background Thread 3 ] DEBUG Engine               - isPauseMusicWhenMinimized: true
05:17:54.430 [FXGL Background Thread 3 ] DEBUG Engine               - isPreserveResizeRatio: false
05:17:54.430 [FXGL Background Thread 3 ] DEBUG Engine               - isProfilingEnabled: false
05:17:54.430 [FXGL Background Thread 3 ] DEBUG Engine               - isScaleAffectedOnResize: true
05:17:54.430 [FXGL Background Thread 3 ] DEBUG Engine               - isSingleStep: false
05:17:54.430 [FXGL Background Thread 3 ] DEBUG Engine               - isUserProfileEnabled: false
05:17:54.430 [FXGL Background Thread 3 ] DEBUG Engine               - isWindows: true
05:17:54.430 [FXGL Background Thread 3 ] DEBUG Engine               - language: ObjectProperty [value: ENGLISH]
05:17:54.430 [FXGL Background Thread 3 ] DEBUG Engine               - menuKey: ESCAPE
05:17:54.430 [FXGL Background Thread 3 ] DEBUG Engine               - mouseSensitivity: 0.2
05:17:54.431 [FXGL Background Thread 3 ] DEBUG Engine               - notificationViewClass: class com.almasb.fxgl.notification.view.XboxNotificationView
05:17:54.431 [FXGL Background Thread 3 ] DEBUG Engine               - pixelsPerMeter: 50.0
05:17:54.431 [FXGL Background Thread 3 ] DEBUG Engine               - platform: WINDOWS
05:17:54.431 [FXGL Background Thread 3 ] DEBUG Engine               - prefHeightProperty: ReadOnlyDoubleProperty [value: 800.0]
05:17:54.431 [FXGL Background Thread 3 ] DEBUG Engine               - prefWidthProperty: ReadOnlyDoubleProperty [value: 800.0]
05:17:54.431 [FXGL Background Thread 3 ] DEBUG Engine               - profileDir: profiles/
05:17:54.431 [FXGL Background Thread 3 ] DEBUG Engine               - profileName: StringProperty [value: DEFAULT]
05:17:54.431 [FXGL Background Thread 3 ] DEBUG Engine               - randomSeed: -1
05:17:54.432 [FXGL Background Thread 3 ] DEBUG Engine               - runtimeInfo: RuntimeInfo(platform=WINDOWS, version=21.1, build=27.03.2024 07.52)
05:17:54.432 [FXGL Background Thread 3 ] DEBUG Engine               - saveFileExt: sav
05:17:54.432 [FXGL Background Thread 3 ] DEBUG Engine               - scaledHeightProp$fxgl: DoubleProperty [bound, value: 800.4000244140625]
05:17:54.432 [FXGL Background Thread 3 ] DEBUG Engine               - scaledWidthProp$fxgl: DoubleProperty [bound, value: 799.5999755859375]
05:17:54.432 [FXGL Background Thread 3 ] DEBUG Engine               - sceneFactory: com.lab.App$1@64a7fdfd
05:17:54.432 [FXGL Background Thread 3 ] DEBUG Engine               - secondsIn24h: 60
05:17:54.432 [FXGL Background Thread 3 ] DEBUG Engine               - soundMenuBack: menu/back.wav
05:17:54.432 [FXGL Background Thread 3 ] DEBUG Engine               - soundMenuPress: menu/press.wav
05:17:54.434 [FXGL Background Thread 3 ] DEBUG Engine               - soundMenuSelect: menu/select.wav
05:17:54.434 [FXGL Background Thread 3 ] DEBUG Engine               - soundNotification: core/notification.wav
05:17:54.434 [FXGL Background Thread 3 ] DEBUG Engine               - stageStyle: DECORATED
05:17:54.434 [FXGL Background Thread 3 ] DEBUG Engine               - supportedLanguages: [ENGLISH, FRENCH, GERMAN, HUNGARIAN, RUSSIAN]
05:17:54.434 [FXGL Background Thread 3 ] DEBUG Engine               - ticksPerSecond: -1
05:17:54.434 [FXGL Background Thread 3 ] DEBUG Engine               - title: Gonvival
05:17:54.434 [FXGL Background Thread 3 ] DEBUG Engine               - urlGithub: https://github.com/AlmasB/FXGL
05:17:54.434 [FXGL Background Thread 3 ] DEBUG Engine               - urlLeaderboard: http://fxgl-top.herokuapp.com/
05:17:54.434 [FXGL Background Thread 3 ] DEBUG Engine               - urlPOM: https://raw.githubusercontent.com/AlmasB/FXGL/release/README.md
05:17:54.434 [FXGL Background Thread 3 ] DEBUG Engine               - userAppClass: class com.lab.App
05:17:54.434 [FXGL Background Thread 3 ] DEBUG Engine               - version: beta
05:17:54.434 [FXGL Background Thread 3 ] DEBUG Engine               - versionCheckDays: 7
05:17:54.434 [FXGL Background Thread 3 ] DEBUG Engine               - width: 800
05:17:54.435 [FXGL Background Thread 3 ] DEBUG Engine               - Logging services
05:17:54.435 [FXGL Background Thread 3 ] DEBUG Engine               - class com.almasb.fxgl.app.services.FXGLAssetLoaderService
05:17:54.435 [FXGL Background Thread 3 ] DEBUG Engine               - class com.almasb.fxgl.app.FXGLApplication$GameApplicationService
05:17:54.435 [FXGL Background Thread 3 ] DEBUG Engine               - class com.almasb.fxgl.app.services.FXGLDialogService
05:17:54.435 [FXGL Background Thread 3 ] DEBUG Engine               - class com.almasb.fxgl.app.services.IOTaskExecutorService
05:17:54.435 [FXGL Background Thread 3 ] DEBUG Engine               - class com.almasb.fxgl.io.FileSystemService
05:17:54.435 [FXGL Background Thread 3 ] DEBUG Engine               - class com.almasb.fxgl.localization.LocalizationService
05:17:54.435 [FXGL Background Thread 3 ] DEBUG Engine               - class com.almasb.fxgl.app.services.SystemBundleService
05:17:54.435 [FXGL Background Thread 3 ] DEBUG Engine               - class com.almasb.fxgl.profile.SaveLoadService
05:17:54.435 [FXGL Background Thread 3 ] DEBUG Engine               - class com.almasb.fxgl.ui.FXGLUIFactoryServiceProvider
05:17:54.435 [FXGL Background Thread 3 ] DEBUG Engine               - class com.almasb.fxgl.ui.FXGLDialogFactoryServiceProvider
05:17:54.435 [FXGL Background Thread 3 ] DEBUG Engine               - class com.almasb.fxgl.audio.AudioPlayer
05:17:54.435 [FXGL Background Thread 3 ] DEBUG Engine               - class com.almasb.fxgl.notification.impl.NotificationServiceProvider
05:17:54.435 [FXGL Background Thread 3 ] DEBUG Engine               - class com.almasb.fxgl.achievement.AchievementService
05:17:54.435 [FXGL Background Thread 3 ] DEBUG Engine               - class com.almasb.fxgl.cutscene.CutsceneService
05:17:54.435 [FXGL Background Thread 3 ] DEBUG Engine               - class com.almasb.fxgl.minigames.MiniGameService
05:17:54.435 [FXGL Background Thread 3 ] DEBUG Engine               - class com.almasb.fxgl.net.NetService
05:17:54.436 [FXGL Background Thread 3 ] DEBUG Engine               - class com.almasb.fxgl.app.services.UpdaterService
05:17:54.436 [FXGL Background Thread 3 ] DEBUG Engine               - class com.almasb.fxgl.dev.DevService
05:17:54.755 [JavaFX Application Thread] DEBUG PrimaryStageWindow   - Push state: DialogSubScene
05:17:54.756 [JavaFX Application Thread] DEBUG Input                - Clearing active input actions
05:17:54.758 [JavaFX Application Thread] DEBUG GameApplicationServi - Removing overlay from GameScene and adding to DialogSubScene
05:17:54.758 [JavaFX Application Thread] DEBUG PrimaryStageWindow   - GameScene -> DialogSubScene
05:17:54.759 [JavaFX Application Thread] DEBUG FXGLAssetLoaderServi - Loading from file system: file:/D:/Gonvival/game/target/classes/assets/textures/BossGraveRevenant.png
05:17:54.765 [JavaFX Application Thread] WARN  GameWorld            - Entity is already attached to world
05:17:58.945 [JavaFX Application Thread] DEBUG PrimaryStageWindow   - Pop state: DialogSubScene
05:17:58.945 [JavaFX Application Thread] DEBUG Input                - Clearing active input actions
05:17:58.946 [JavaFX Application Thread] DEBUG GameApplicationServi - Removing overlay from DialogSubScene and adding to GameScene
05:17:58.946 [JavaFX Application Thread] DEBUG PrimaryStageWindow   - GameScene <- DialogSubScene
05:17:59.530 [JavaFX Application Thread] DEBUG FXGLAssetLoaderServi - Loading from file system: file:/D:/Gonvival/game/target/classes/assets/textures/arrow.png
05:17:59.871 [JavaFX Application Thread] DEBUG PrimaryStageWindow   - Push state: DialogSubScene
05:17:59.871 [JavaFX Application Thread] DEBUG Input                - Clearing active input actions
05:17:59.872 [JavaFX Application Thread] DEBUG GameApplicationServi - Removing overlay from GameScene and adding to DialogSubScene
05:17:59.874 [JavaFX Application Thread] DEBUG PrimaryStageWindow   - GameScene -> DialogSubScene
05:18:00.139 [JavaFX Application Thread] DEBUG PrimaryStageWindow   - Pop state: DialogSubScene
05:18:00.139 [JavaFX Application Thread] DEBUG Input                - Clearing active input actions
05:18:00.140 [JavaFX Application Thread] DEBUG GameApplicationServi - Removing overlay from DialogSubScene and adding to GameScene
05:18:00.140 [JavaFX Application Thread] DEBUG PrimaryStageWindow   - GameScene <- DialogSubScene
05:18:00.140 [JavaFX Application Thread] DEBUG GameWorld            - Clearing game world
05:18:00.143 [JavaFX Application Thread] DEBUG Input                - Clearing active input actions
05:18:00.148 [JavaFX Application Thread] DEBUG GameApplicationServi - Removing overlay from GameScene and adding to FXGLMainMenuDummyScene
05:18:00.149 [JavaFX Application Thread] DEBUG PrimaryStageWindow   - GameScene -> FXGLMainMenuDummyScene
05:18:00.149 [JavaFX Application Thread] DEBUG PrimaryStageWindow   - Push state: StartScreen
05:18:00.149 [JavaFX Application Thread] DEBUG Input                - Clearing active input actions
05:18:00.151 [JavaFX Application Thread] DEBUG GameApplicationServi - Removing overlay from FXGLMainMenuDummyScene and adding to StartScreen
05:18:00.151 [JavaFX Application Thread] DEBUG PrimaryStageWindow   - FXGLMainMenuDummyScene -> StartScreen
05:18:00.874 [JavaFX Application Thread] DEBUG Menu                 - fireNewGame()
05:18:00.874 [JavaFX Application Thread] DEBUG GameApplicationServi - Starting new game
05:18:00.874 [JavaFX Application Thread] DEBUG PrimaryStageWindow   - Pop state: StartScreen
05:18:00.874 [JavaFX Application Thread] DEBUG Input                - Clearing active input actions
05:18:00.875 [JavaFX Application Thread] DEBUG GameApplicationServi - Removing overlay from StartScreen and adding to FXGLMainMenuDummyScene
05:18:00.875 [JavaFX Application Thread] DEBUG PrimaryStageWindow   - FXGLMainMenuDummyScene <- StartScreen
05:18:00.875 [JavaFX Application Thread] DEBUG Input                - Clearing active input actions
05:18:00.881 [JavaFX Application Thread] DEBUG GameApplicationServi - Removing overlay from FXGLMainMenuDummyScene and adding to FXGLLoadingScene
05:18:00.881 [JavaFX Application Thread] DEBUG PrimaryStageWindow   - FXGLMainMenuDummyScene -> FXGLLoadingScene
05:18:00.881 [JavaFX Application Thread] DEBUG GameApplicationServi - Clearing previous game
05:18:00.881 [JavaFX Application Thread] DEBUG GameScene            - Clearing game scene
05:18:00.881 [JavaFX Application Thread] DEBUG GameWorld            - Clearing game world
05:18:00.881 [JavaFX Application Thread] DEBUG PhysicsWorld         - Clearing physics world
05:18:00.882 [FXGL Background Thread 2 ] DEBUG FXGLApplication      - Initializing game
05:18:00.895 [FXGL Background Thread 2 ] INFO  FXGLApplication      - Game initialization took: 0.013 sec
05:18:00.896 [JavaFX Application Thread] DEBUG Input                - Clearing active input actions
05:18:00.902 [JavaFX Application Thread] DEBUG GameApplicationServi - Removing overlay from FXGLLoadingScene and adding to GameScene
05:18:00.902 [JavaFX Application Thread] DEBUG PrimaryStageWindow   - FXGLLoadingScene -> GameScene
05:18:02.245 [JavaFX Application Thread] DEBUG PrimaryStageWindow   - Push state: DialogSubScene
05:18:02.245 [JavaFX Application Thread] DEBUG Input                - Clearing active input actions
05:18:02.248 [JavaFX Application Thread] DEBUG GameApplicationServi - Removing overlay from GameScene and adding to DialogSubScene
05:18:02.248 [JavaFX Application Thread] DEBUG PrimaryStageWindow   - GameScene -> DialogSubScene
05:18:02.250 [JavaFX Application Thread] WARN  GameWorld            - Entity is already attached to world
05:18:04.482 [JavaFX Application Thread] DEBUG PrimaryStageWindow   - Pop state: DialogSubScene
05:18:04.482 [JavaFX Application Thread] DEBUG Input                - Clearing active input actions
05:18:04.482 [JavaFX Application Thread] DEBUG GameApplicationServi - Removing overlay from DialogSubScene and adding to GameScene
05:18:04.483 [JavaFX Application Thread] DEBUG PrimaryStageWindow   - GameScene <- DialogSubScene
05:18:05.162 [JavaFX Application Thread] DEBUG FXGLApplication      - Exiting FXGL
05:18:05.162 [JavaFX Application Thread] DEBUG LoopRunner           - Stopping loop
05:18:05.162 [JavaFX Application Thread] DEBUG SystemBundleService  - Saving FXGL system data
05:18:05.166 [JavaFX Application Thread] DEBUG FileSystemAccess     - Writing to: D:\Gonvival\system\fxgl.bundle
05:18:05.169 [JavaFX Application Thread] DEBUG Async                - Shutting down background threads
05:18:05.169 [JavaFX Application Thread] DEBUG PrimaryStageWindow   - Closing main window
05:18:05.212 [JavaFX Application Thread] DEBUG Logger               - Closing Logger
