21:04:02.736 [main                     ] DEBUG Logger               - Configured Logger
21:04:02.781 [main                     ] DEBUG GameApplication      - Logging settings
Title: Gonvival
Version: beta
Width: 800
Height: 600
Fullscreen: false
Intro: false
Profiling: false
Single step:false
App Mode: DEVELOPER
Menu Key: ESCAPE
Stage Style: DECORATED
Scene Factory: class com.almasb.fxgl.app.scene.SceneFactory

21:04:04.053 [JavaFX Application Thread] DEBUG FXGLApplication      - Initializing FXGL
21:04:04.062 [JavaFX Application Thread] INFO  Engine               - FXGL-21.1 (27.03.2024 07.52) on WINDOWS (J:21.0.5 FX:21.0.1)
21:04:04.063 [JavaFX Application Thread] DEBUG Engine               - JRE Vendor Name: Eclipse Adoptium
21:04:04.063 [JavaFX Application Thread] DEBUG Engine               - Running on OS: Windows 11 version 10.0
21:04:04.063 [JavaFX Application Thread] DEBUG Engine               - Architecture: amd64
21:04:04.063 [JavaFX Application Thread] INFO  Engine               - Source code and latest versions at: https://github.com/AlmasB/FXGL
21:04:04.064 [JavaFX Application Thread] INFO  Engine               -       Ask questions and discuss at: https://github.com/AlmasB/FXGL/discussions
21:04:04.064 [JavaFX Application Thread] INFO  Engine               -              Join the FXGL chat at: https://gitter.im/AlmasB/FXGL
21:04:04.349 [JavaFX Application Thread] DEBUG PrimaryStageWindow   - Creating a JavaFX scene
21:04:04.429 [JavaFX Application Thread] DEBUG PrimaryStageWindow   - Target settings size: 800.0 x 600.0
21:04:04.429 [JavaFX Application Thread] DEBUG PrimaryStageWindow   - Scaled scene size:    800.0 x 600.0
21:04:04.429 [JavaFX Application Thread] DEBUG PrimaryStageWindow   - Scaled ratio: (1.0, 1.0)
21:04:04.431 [JavaFX Application Thread] DEBUG PrimaryStageWindow   - Set initial scene to FXGLStartupScene
21:04:04.434 [JavaFX Application Thread] DEBUG PrimaryStageWindow   - Opening main window
21:04:04.656 [JavaFX Application Thread] DEBUG PrimaryStageWindow   - Window border size: (14.4000244140625, 37.5999755859375)
21:04:04.657 [JavaFX Application Thread] DEBUG PrimaryStageWindow   - Scaled size: 800.0 x 600.0
21:04:04.657 [JavaFX Application Thread] DEBUG PrimaryStageWindow   - Scaled ratio: (1.0, 1.0)
21:04:04.658 [JavaFX Application Thread] DEBUG PrimaryStageWindow   - Scene size: 800.0 x 600.0
21:04:04.659 [JavaFX Application Thread] DEBUG PrimaryStageWindow   - Stage size: 814.4000244140625 x 637.5999755859375
21:04:04.694 [FXGL Background Thread 1 ] DEBUG Engine               - Initializing environment variables
21:04:04.891 [FXGL Background Thread 1 ] DEBUG FXGLAssetLoaderServi - User app class for loading assets: class com.lab.App
21:04:04.892 [FXGL Background Thread 1 ] DEBUG GameApplicationServi - Applying CSS: fxgl_dark.css
21:04:04.892 [FXGL Background Thread 1 ] DEBUG FXGLAssetLoaderServi - Loading from file system: jar:file:/C:/Users/HP/.m2/repository/com/github/almasb/fxgl/21.1/fxgl-21.1.jar!/fxglassets/ui/css/fxgl_dark.css
21:04:04.994 [FXGL Background Thread 1 ] DEBUG GameApplicationServi - Initializing application scenes
21:04:05.101 [FXGL Background Thread 1 ] DEBUG GameWorld            - Game world initialized
21:04:05.281 [FXGL Background Thread 1 ] DEBUG PhysicsWorld         - Physics world initialized: appHeight=600, physics.ppm=50.0
21:04:05.282 [FXGL Background Thread 1 ] DEBUG PhysicsWorld         - Using strategy: BRUTE_FORCE
21:04:05.290 [FXGL Background Thread 1 ] DEBUG GameScene            - Game scene initialized: 800x600
21:04:05.326 [FXGL Background Thread 1 ] DEBUG FXGL.DefaultMenu     - createMenuBodyMainMenu()
21:04:05.367 [FXGL Background Thread 1 ] DEBUG FXGL.DefaultMenu     - createOptionsMenu()
21:04:05.420 [FXGL Background Thread 1 ] DEBUG FXGLAssetLoaderServi - Loading from file system: jar:file:/C:/Users/HP/.m2/repository/com/github/almasb/fxgl/21.1/fxgl-21.1.jar!/fxglassets/textures/particles/smoke.png
21:04:05.617 [FXGL Background Thread 1 ] DEBUG FXGLAssetLoaderServi - Loading from file system: jar:file:/C:/Users/HP/.m2/repository/com/github/almasb/fxgl/21.1/fxgl-21.1.jar!/fxglassets/textures/particles/trace_horizontal.png
21:04:05.651 [FXGL Background Thread 1 ] DEBUG FXGL.DefaultMenu     - createMenuBodyGameMenu()
21:04:05.652 [FXGL Background Thread 1 ] DEBUG FXGL.DefaultMenu     - createOptionsMenu()
21:04:05.667 [FXGL Background Thread 1 ] DEBUG GameApplicationServi - Application scenes initialized
21:04:05.686 [FXGL Background Thread 1 ] DEBUG SystemBundleService  - Loading FXGL system data
21:04:05.692 [FXGL Background Thread 1 ] DEBUG FileSystemAccess     - Reading from: D:\Gonvival\system\fxgl.bundle
21:04:05.704 [FXGL Background Thread 1 ] DEBUG SystemBundleService  - Bundle FXGL: {}
21:04:05.704 [FXGL Background Thread 1 ] DEBUG UpdaterService       - Checking for updates
21:04:05.713 [FXGL Background Thread 4 ] DEBUG FXGLApplication      - Loading fonts
21:04:05.714 [FXGL Background Thread 4 ] DEBUG FXGLAssetLoaderServi - Loading from file system: jar:file:/C:/Users/HP/.m2/repository/com/github/almasb/fxgl/21.1/fxgl-21.1.jar!/fxglassets/ui/fonts/VarelaRound-Regular.ttf
21:04:05.714 [FXGL Background Thread 1 ] DEBUG FXGLApplication      - Loading default localization
21:04:05.715 [FXGL Background Thread 1 ] DEBUG FXGLAssetLoaderServi - Loading from file system: jar:file:/C:/Users/HP/.m2/repository/com/github/almasb/fxgl/21.1/fxgl-21.1.jar!/fxglassets/languages/english.lang
21:04:05.778 [FXGL Background Thread 1 ] INFO  FXGLApplication      - FXGL initialization took: 1.085 sec
21:04:05.792 [JavaFX Application Thread] DEBUG Input                - Registered new binding: SHOOT - LMB
21:04:05.792 [FXGL Background Thread 4 ] DEBUG FXGLAssetLoaderServi - Loading from file system: jar:file:/C:/Users/HP/.m2/repository/com/github/almasb/fxgl/21.1/fxgl-21.1.jar!/fxglassets/ui/fonts/Abel-Regular.ttf
21:04:05.802 [FXGL Background Thread 4 ] DEBUG FXGLAssetLoaderServi - Loading from file system: jar:file:/C:/Users/HP/.m2/repository/com/github/almasb/fxgl/21.1/fxgl-21.1.jar!/fxglassets/ui/fonts/TerminalLandMono-Regular.otf
21:04:05.803 [JavaFX Application Thread] DEBUG Input                - Registered new binding: Shoot Up - W
21:04:05.804 [JavaFX Application Thread] DEBUG Input                - Registered new binding: Shoot Down - S
21:04:05.805 [JavaFX Application Thread] DEBUG Input                - Registered new binding: Shoot Left - A
21:04:05.805 [JavaFX Application Thread] DEBUG Input                - Registered new binding: Shoot Right - D
21:04:05.806 [JavaFX Application Thread] DEBUG FXGLAssetLoaderServi - Loading from file system: jar:file:/C:/Users/HP/.m2/repository/com/github/almasb/fxgl/21.1/fxgl-21.1.jar!/fxglassets/textures/fxgl_icon.png
21:04:05.814 [FXGL Background Thread 4 ] DEBUG FXGLAssetLoaderServi - Loading from file system: jar:file:/C:/Users/HP/.m2/repository/com/github/almasb/fxgl/21.1/fxgl-21.1.jar!/fxglassets/ui/fonts/Courier-Prime.ttf
21:04:05.858 [JavaFX Application Thread] DEBUG FXGLAssetLoaderServi - Loading from file system: jar:file:/C:/Users/HP/.m2/repository/com/github/almasb/fxgl/21.1/fxgl-21.1.jar!/fxglassets/textures/fxgl_default_cursor.png
21:04:05.862 [JavaFX Application Thread] DEBUG Input                - Registered new binding: Screenshot - CTRL+8
21:04:05.863 [JavaFX Application Thread] DEBUG Input                - Registered new binding: System info dump - CTRL+9
21:04:05.864 [JavaFX Application Thread] DEBUG Input                - Registered new binding: Restart - CTRL+R
21:04:05.867 [JavaFX Application Thread] DEBUG Input                - Registered new binding: Toggle Debug Camera - CTRL+7
21:04:05.874 [JavaFX Application Thread] DEBUG LoopRunner           - Starting loop
21:04:05.875 [JavaFX Application Thread] DEBUG LoopRunner           - Initializing JavaFX AnimationTimerLoop
21:04:05.883 [JavaFX Application Thread] DEBUG Input                - Clearing active input actions
21:04:05.897 [JavaFX Application Thread] DEBUG GameApplicationServi - Removing overlay from FXGLStartupScene and adding to FXGLMainMenuDummyScene
21:04:05.898 [JavaFX Application Thread] DEBUG PrimaryStageWindow   - FXGLStartupScene -> FXGLMainMenuDummyScene
21:04:05.898 [JavaFX Application Thread] DEBUG PrimaryStageWindow   - Push state: FXGLDefaultMenu
21:04:05.914 [JavaFX Application Thread] DEBUG Input                - Clearing active input actions
21:04:05.934 [JavaFX Application Thread] DEBUG GameApplicationServi - Removing overlay from FXGLMainMenuDummyScene and adding to FXGLDefaultMenu
21:04:05.935 [JavaFX Application Thread] DEBUG PrimaryStageWindow   - FXGLMainMenuDummyScene -> FXGLDefaultMenu
21:04:05.936 [JavaFX Application Thread] DEBUG FXGLApplication      - Registering font factories with UI factory
21:04:08.710 [FXGL Background Thread 3 ] DEBUG Engine               - Logging environment variables
21:04:08.712 [FXGL Background Thread 3 ] DEBUG Engine               - achievements: []
21:04:08.712 [FXGL Background Thread 3 ] DEBUG Engine               - actualHeight: 600.0
21:04:08.713 [FXGL Background Thread 3 ] DEBUG Engine               - actualHeightProperty: ReadOnlyDoubleProperty [value: 600.0]
21:04:08.713 [FXGL Background Thread 3 ] DEBUG Engine               - actualWidth: 800.0
21:04:08.713 [FXGL Background Thread 3 ] DEBUG Engine               - actualWidthProperty: ReadOnlyDoubleProperty [value: 800.0]
21:04:08.714 [FXGL Background Thread 3 ] DEBUG Engine               - appIcon: fxgl_icon.png
21:04:08.714 [FXGL Background Thread 3 ] DEBUG Engine               - applicationMode: DEVELOPER
21:04:08.714 [FXGL Background Thread 3 ] DEBUG Engine               - cSSList: [fxgl_dark.css]
21:04:08.714 [FXGL Background Thread 3 ] DEBUG Engine               - collisionDetectionStrategy: BRUTE_FORCE
21:04:08.714 [FXGL Background Thread 3 ] DEBUG Engine               - configClass: Optional.empty
21:04:08.714 [FXGL Background Thread 3 ] DEBUG Engine               - credits: []
21:04:08.715 [FXGL Background Thread 3 ] DEBUG Engine               - defaultCursor: CursorInfo(imageName=fxgl_default_cursor.png, hotspotX=7.0, hotspotY=6.0)
21:04:08.715 [FXGL Background Thread 3 ] DEBUG Engine               - devBBoxColorProperty: ObjectProperty [value: 0xff0000ff]
21:04:08.715 [FXGL Background Thread 3 ] DEBUG Engine               - devEnableDebugCameraProperty: BooleanProperty [value: false]
21:04:08.715 [FXGL Background Thread 3 ] DEBUG Engine               - devSensorColorProperty: ObjectProperty [value: 0xffff00ff]
21:04:08.716 [FXGL Background Thread 3 ] DEBUG Engine               - devShowBBoxProperty: BooleanProperty [value: false]
21:04:08.716 [FXGL Background Thread 3 ] DEBUG Engine               - devShowPositionProperty: BooleanProperty [value: false]
21:04:08.716 [FXGL Background Thread 3 ] DEBUG Engine               - enabledMenuItems: []
21:04:08.717 [FXGL Background Thread 3 ] DEBUG Engine               - engineServices: [class com.almasb.fxgl.app.services.FXGLAssetLoaderService, class com.almasb.fxgl.app.FXGLApplication$GameApplicationService, class com.almasb.fxgl.app.services.FXGLDialogService, class com.almasb.fxgl.app.services.IOTaskExecutorService, class com.almasb.fxgl.io.FileSystemService, class com.almasb.fxgl.localization.LocalizationService, class com.almasb.fxgl.app.services.SystemBundleService, class com.almasb.fxgl.profile.SaveLoadService, class com.almasb.fxgl.ui.FXGLUIFactoryServiceProvider, class com.almasb.fxgl.ui.FXGLDialogFactoryServiceProvider, class com.almasb.fxgl.audio.AudioPlayer, class com.almasb.fxgl.notification.impl.NotificationServiceProvider, class com.almasb.fxgl.achievement.AchievementService, class com.almasb.fxgl.cutscene.CutsceneService, class com.almasb.fxgl.minigames.MiniGameService, class com.almasb.fxgl.net.NetService, class com.almasb.fxgl.app.services.UpdaterService, class com.almasb.fxgl.dev.DevService]
21:04:08.717 [FXGL Background Thread 3 ] DEBUG Engine               - fontGame: Abel-Regular.ttf
21:04:08.717 [FXGL Background Thread 3 ] DEBUG Engine               - fontMono: TerminalLandMono-Regular.otf
21:04:08.718 [FXGL Background Thread 3 ] DEBUG Engine               - fontSizeScaleUI: 1.0
21:04:08.720 [FXGL Background Thread 3 ] DEBUG Engine               - fontText: Courier-Prime.ttf
21:04:08.720 [FXGL Background Thread 3 ] DEBUG Engine               - fontUI: VarelaRound-Regular.ttf
21:04:08.721 [FXGL Background Thread 3 ] DEBUG Engine               - fullScreen: BooleanProperty [value: false]
21:04:08.722 [FXGL Background Thread 3 ] DEBUG Engine               - gameDifficulty: MEDIUM
21:04:08.722 [FXGL Background Thread 3 ] DEBUG Engine               - gameDifficultyProperty: ObjectProperty [value: MEDIUM]
21:04:08.723 [FXGL Background Thread 3 ] DEBUG Engine               - globalMusicVolume: 0.5
21:04:08.724 [FXGL Background Thread 3 ] DEBUG Engine               - globalMusicVolumeProperty: DoubleProperty [value: 0.5]
21:04:08.724 [FXGL Background Thread 3 ] DEBUG Engine               - globalSoundVolume: 0.5
21:04:08.724 [FXGL Background Thread 3 ] DEBUG Engine               - globalSoundVolumeProperty: DoubleProperty [value: 0.5]
21:04:08.725 [FXGL Background Thread 3 ] DEBUG Engine               - height: 600
21:04:08.725 [FXGL Background Thread 3 ] DEBUG Engine               - is3D: false
21:04:08.725 [FXGL Background Thread 3 ] DEBUG Engine               - isAndroid: false
21:04:08.725 [FXGL Background Thread 3 ] DEBUG Engine               - isBrowser: false
21:04:08.725 [FXGL Background Thread 3 ] DEBUG Engine               - isClickFeedbackEnabled: false
21:04:08.725 [FXGL Background Thread 3 ] DEBUG Engine               - isCloseConfirmation: false
21:04:08.726 [FXGL Background Thread 3 ] DEBUG Engine               - isDesktop: true
21:04:08.726 [FXGL Background Thread 3 ] DEBUG Engine               - isDeveloperMenuEnabled: false
21:04:08.726 [FXGL Background Thread 3 ] DEBUG Engine               - isEmbedded: false
21:04:08.726 [FXGL Background Thread 3 ] DEBUG Engine               - isEntityPreloadEnabled: true
21:04:08.727 [FXGL Background Thread 3 ] DEBUG Engine               - isExperimentalTiledLargeMap: false
21:04:08.727 [FXGL Background Thread 3 ] DEBUG Engine               - isFileSystemWriteAllowed: true
21:04:08.727 [FXGL Background Thread 3 ] DEBUG Engine               - isFullScreenAllowed: false
21:04:08.727 [FXGL Background Thread 3 ] DEBUG Engine               - isFullScreenFromStart: false
21:04:08.727 [FXGL Background Thread 3 ] DEBUG Engine               - isGameMenuEnabled: true
21:04:08.727 [FXGL Background Thread 3 ] DEBUG Engine               - isIOS: false
21:04:08.727 [FXGL Background Thread 3 ] DEBUG Engine               - isIntroEnabled: false
21:04:08.727 [FXGL Background Thread 3 ] DEBUG Engine               - isLinux: false
21:04:08.728 [FXGL Background Thread 3 ] DEBUG Engine               - isMac: false
21:04:08.728 [FXGL Background Thread 3 ] DEBUG Engine               - isMainMenuEnabled: true
21:04:08.728 [FXGL Background Thread 3 ] DEBUG Engine               - isManualResizeEnabled: false
21:04:08.728 [FXGL Background Thread 3 ] DEBUG Engine               - isMobile: false
21:04:08.728 [FXGL Background Thread 3 ] DEBUG Engine               - isNative: false
21:04:08.728 [FXGL Background Thread 3 ] DEBUG Engine               - isPauseMusicWhenMinimized: true
21:04:08.728 [FXGL Background Thread 3 ] DEBUG Engine               - isPreserveResizeRatio: false
21:04:08.729 [FXGL Background Thread 3 ] DEBUG Engine               - isProfilingEnabled: false
21:04:08.729 [FXGL Background Thread 3 ] DEBUG Engine               - isScaleAffectedOnResize: true
21:04:08.729 [FXGL Background Thread 3 ] DEBUG Engine               - isSingleStep: false
21:04:08.729 [FXGL Background Thread 3 ] DEBUG Engine               - isUserProfileEnabled: false
21:04:08.729 [FXGL Background Thread 3 ] DEBUG Engine               - isWindows: true
21:04:08.730 [FXGL Background Thread 3 ] DEBUG Engine               - language: ObjectProperty [value: ENGLISH]
21:04:08.730 [FXGL Background Thread 3 ] DEBUG Engine               - menuKey: ESCAPE
21:04:08.730 [FXGL Background Thread 3 ] DEBUG Engine               - mouseSensitivity: 0.2
21:04:08.730 [FXGL Background Thread 3 ] DEBUG Engine               - notificationViewClass: class com.almasb.fxgl.notification.view.XboxNotificationView
21:04:08.730 [FXGL Background Thread 3 ] DEBUG Engine               - pixelsPerMeter: 50.0
21:04:08.730 [FXGL Background Thread 3 ] DEBUG Engine               - platform: WINDOWS
21:04:08.730 [FXGL Background Thread 3 ] DEBUG Engine               - prefHeightProperty: ReadOnlyDoubleProperty [value: 600.0]
21:04:08.731 [FXGL Background Thread 3 ] DEBUG Engine               - prefWidthProperty: ReadOnlyDoubleProperty [value: 800.0]
21:04:08.731 [FXGL Background Thread 3 ] DEBUG Engine               - profileDir: profiles/
21:04:08.731 [FXGL Background Thread 3 ] DEBUG Engine               - profileName: StringProperty [value: DEFAULT]
21:04:08.731 [FXGL Background Thread 3 ] DEBUG Engine               - randomSeed: -1
21:04:08.731 [FXGL Background Thread 3 ] DEBUG Engine               - runtimeInfo: RuntimeInfo(platform=WINDOWS, version=21.1, build=27.03.2024 07.52)
21:04:08.732 [FXGL Background Thread 3 ] DEBUG Engine               - saveFileExt: sav
21:04:08.732 [FXGL Background Thread 3 ] DEBUG Engine               - scaledHeightProp$fxgl: DoubleProperty [bound, value: 600.0]
21:04:08.732 [FXGL Background Thread 3 ] DEBUG Engine               - scaledWidthProp$fxgl: DoubleProperty [bound, value: 800.0]
21:04:08.732 [FXGL Background Thread 3 ] DEBUG Engine               - sceneFactory: com.almasb.fxgl.app.scene.SceneFactory@7fafc8f3
21:04:08.732 [FXGL Background Thread 3 ] DEBUG Engine               - secondsIn24h: 60
21:04:08.732 [FXGL Background Thread 3 ] DEBUG Engine               - soundMenuBack: menu/back.wav
21:04:08.733 [FXGL Background Thread 3 ] DEBUG Engine               - soundMenuPress: menu/press.wav
21:04:08.733 [FXGL Background Thread 3 ] DEBUG Engine               - soundMenuSelect: menu/select.wav
21:04:08.733 [FXGL Background Thread 3 ] DEBUG Engine               - soundNotification: core/notification.wav
21:04:08.733 [FXGL Background Thread 3 ] DEBUG Engine               - stageStyle: DECORATED
21:04:08.733 [FXGL Background Thread 3 ] DEBUG Engine               - supportedLanguages: [ENGLISH, FRENCH, GERMAN, HUNGARIAN, RUSSIAN]
21:04:08.734 [FXGL Background Thread 3 ] DEBUG Engine               - ticksPerSecond: -1
21:04:08.734 [FXGL Background Thread 3 ] DEBUG Engine               - title: Gonvival
21:04:08.734 [FXGL Background Thread 3 ] DEBUG Engine               - urlGithub: https://github.com/AlmasB/FXGL
21:04:08.734 [FXGL Background Thread 3 ] DEBUG Engine               - urlLeaderboard: http://fxgl-top.herokuapp.com/
21:04:08.734 [FXGL Background Thread 3 ] DEBUG Engine               - urlPOM: https://raw.githubusercontent.com/AlmasB/FXGL/release/README.md
21:04:08.734 [FXGL Background Thread 3 ] DEBUG Engine               - userAppClass: class com.lab.App
21:04:08.735 [FXGL Background Thread 3 ] DEBUG Engine               - version: beta
21:04:08.735 [FXGL Background Thread 3 ] DEBUG Engine               - versionCheckDays: 7
21:04:08.735 [FXGL Background Thread 3 ] DEBUG Engine               - width: 800
21:04:08.735 [FXGL Background Thread 3 ] DEBUG Engine               - Logging services
21:04:08.736 [FXGL Background Thread 3 ] DEBUG Engine               - class com.almasb.fxgl.app.services.FXGLAssetLoaderService
21:04:08.736 [FXGL Background Thread 3 ] DEBUG Engine               - class com.almasb.fxgl.app.FXGLApplication$GameApplicationService
21:04:08.736 [FXGL Background Thread 3 ] DEBUG Engine               - class com.almasb.fxgl.app.services.FXGLDialogService
21:04:08.736 [FXGL Background Thread 3 ] DEBUG Engine               - class com.almasb.fxgl.app.services.IOTaskExecutorService
21:04:08.736 [FXGL Background Thread 3 ] DEBUG Engine               - class com.almasb.fxgl.io.FileSystemService
21:04:08.737 [FXGL Background Thread 3 ] DEBUG Engine               - class com.almasb.fxgl.localization.LocalizationService
21:04:08.737 [FXGL Background Thread 3 ] DEBUG Engine               - class com.almasb.fxgl.app.services.SystemBundleService
21:04:08.737 [FXGL Background Thread 3 ] DEBUG Engine               - class com.almasb.fxgl.profile.SaveLoadService
21:04:08.737 [FXGL Background Thread 3 ] DEBUG Engine               - class com.almasb.fxgl.ui.FXGLUIFactoryServiceProvider
21:04:08.737 [FXGL Background Thread 3 ] DEBUG Engine               - class com.almasb.fxgl.ui.FXGLDialogFactoryServiceProvider
21:04:08.737 [FXGL Background Thread 3 ] DEBUG Engine               - class com.almasb.fxgl.audio.AudioPlayer
21:04:08.737 [FXGL Background Thread 3 ] DEBUG Engine               - class com.almasb.fxgl.notification.impl.NotificationServiceProvider
21:04:08.737 [FXGL Background Thread 3 ] DEBUG Engine               - class com.almasb.fxgl.achievement.AchievementService
21:04:08.737 [FXGL Background Thread 3 ] DEBUG Engine               - class com.almasb.fxgl.cutscene.CutsceneService
21:04:08.737 [FXGL Background Thread 3 ] DEBUG Engine               - class com.almasb.fxgl.minigames.MiniGameService
21:04:08.737 [FXGL Background Thread 3 ] DEBUG Engine               - class com.almasb.fxgl.net.NetService
21:04:08.737 [FXGL Background Thread 3 ] DEBUG Engine               - class com.almasb.fxgl.app.services.UpdaterService
21:04:08.737 [FXGL Background Thread 3 ] DEBUG Engine               - class com.almasb.fxgl.dev.DevService
21:04:10.842 [JavaFX Application Thread] DEBUG Menu                 - fireNewGame()
21:04:10.843 [JavaFX Application Thread] DEBUG GameApplicationServi - Starting new game
21:04:10.848 [JavaFX Application Thread] DEBUG PrimaryStageWindow   - Pop state: FXGLDefaultMenu
21:04:10.850 [JavaFX Application Thread] DEBUG Input                - Clearing active input actions
21:04:10.852 [JavaFX Application Thread] DEBUG GameApplicationServi - Removing overlay from FXGLDefaultMenu and adding to FXGLMainMenuDummyScene
21:04:10.853 [JavaFX Application Thread] DEBUG PrimaryStageWindow   - FXGLMainMenuDummyScene <- FXGLDefaultMenu
21:04:10.853 [JavaFX Application Thread] DEBUG Input                - Clearing active input actions
21:04:10.866 [JavaFX Application Thread] DEBUG GameApplicationServi - Removing overlay from FXGLMainMenuDummyScene and adding to FXGLLoadingScene
21:04:10.866 [JavaFX Application Thread] DEBUG PrimaryStageWindow   - FXGLMainMenuDummyScene -> FXGLLoadingScene
21:04:10.866 [JavaFX Application Thread] DEBUG GameApplicationServi - Clearing previous game
21:04:10.866 [JavaFX Application Thread] DEBUG GameScene            - Clearing game scene
21:04:10.866 [JavaFX Application Thread] DEBUG GameWorld            - Clearing game world
21:04:10.866 [JavaFX Application Thread] DEBUG PhysicsWorld         - Clearing physics world
21:04:10.870 [FXGL Background Thread 2 ] DEBUG FXGLApplication      - Initializing game
21:04:10.886 [FXGL Background Thread 2 ] DEBUG FXGLAssetLoaderServi - Loading from file system: file:/D:/Gonvival/game/target/classes/assets/textures/g.png
21:04:10.923 [FXGL Background Thread 2 ] INFO  FXGLApplication      - Game initialization took: 0.053 sec
21:04:10.927 [JavaFX Application Thread] DEBUG Input                - Clearing active input actions
21:04:10.937 [JavaFX Application Thread] DEBUG GameApplicationServi - Removing overlay from FXGLLoadingScene and adding to GameScene
21:04:10.937 [JavaFX Application Thread] DEBUG PrimaryStageWindow   - FXGLLoadingScene -> GameScene
21:04:11.324 [JavaFX Application Thread] WARN  FXGLAssetLoaderServi - Asset "/assets/textures/bullet.png" was not found!
21:04:11.326 [JavaFX Application Thread] WARN  FXGLAssetLoaderServi - Failed to load IMAGE
21:04:11.845 [JavaFX Application Thread] WARN  FXGLAssetLoaderServi - Asset "/assets/textures/bullet.png" was not found!
21:04:11.846 [JavaFX Application Thread] WARN  FXGLAssetLoaderServi - Failed to load IMAGE
21:04:12.048 [JavaFX Application Thread] DEBUG FXGLAssetLoaderServi - Loading from file system: file:/D:/Gonvival/game/target/classes/assets/textures/evil.png
21:04:12.230 [JavaFX Application Thread] WARN  FXGLAssetLoaderServi - Asset "/assets/textures/bullet.png" was not found!
21:04:12.231 [JavaFX Application Thread] WARN  FXGLAssetLoaderServi - Failed to load IMAGE
21:04:12.614 [JavaFX Application Thread] WARN  FXGLAssetLoaderServi - Asset "/assets/textures/bullet.png" was not found!
21:04:12.616 [JavaFX Application Thread] WARN  FXGLAssetLoaderServi - Failed to load IMAGE
21:04:12.944 [JavaFX Application Thread] WARN  FXGLAssetLoaderServi - Asset "/assets/textures/bullet.png" was not found!
21:04:12.945 [JavaFX Application Thread] WARN  FXGLAssetLoaderServi - Failed to load IMAGE
21:04:13.101 [JavaFX Application Thread] WARN  FXGLAssetLoaderServi - Asset "/assets/textures/bullet.png" was not found!
21:04:13.103 [JavaFX Application Thread] WARN  FXGLAssetLoaderServi - Failed to load IMAGE
21:04:13.273 [JavaFX Application Thread] WARN  FXGLAssetLoaderServi - Asset "/assets/textures/bullet.png" was not found!
21:04:13.274 [JavaFX Application Thread] WARN  FXGLAssetLoaderServi - Failed to load IMAGE
21:04:13.403 [JavaFX Application Thread] WARN  FXGLAssetLoaderServi - Asset "/assets/textures/bullet.png" was not found!
21:04:13.405 [JavaFX Application Thread] WARN  FXGLAssetLoaderServi - Failed to load IMAGE
21:04:13.532 [JavaFX Application Thread] WARN  FXGLAssetLoaderServi - Asset "/assets/textures/bullet.png" was not found!
21:04:13.533 [JavaFX Application Thread] WARN  FXGLAssetLoaderServi - Failed to load IMAGE
21:04:13.736 [JavaFX Application Thread] WARN  FXGLAssetLoaderServi - Asset "/assets/textures/bullet.png" was not found!
21:04:13.737 [JavaFX Application Thread] WARN  FXGLAssetLoaderServi - Failed to load IMAGE
21:04:13.996 [JavaFX Application Thread] WARN  FXGLAssetLoaderServi - Asset "/assets/textures/bullet.png" was not found!
21:04:13.997 [JavaFX Application Thread] WARN  FXGLAssetLoaderServi - Failed to load IMAGE
21:04:14.003 [JavaFX Application Thread] WARN  FXGLAssetLoaderServi - Asset "/assets/textures/bullet.png" was not found!
21:04:14.004 [JavaFX Application Thread] WARN  FXGLAssetLoaderServi - Failed to load IMAGE
21:04:14.328 [JavaFX Application Thread] WARN  FXGLAssetLoaderServi - Asset "/assets/textures/bullet.png" was not found!
21:04:14.329 [JavaFX Application Thread] WARN  FXGLAssetLoaderServi - Failed to load IMAGE
21:04:14.505 [JavaFX Application Thread] WARN  FXGLAssetLoaderServi - Asset "/assets/textures/bullet.png" was not found!
21:04:14.506 [JavaFX Application Thread] WARN  FXGLAssetLoaderServi - Failed to load IMAGE
21:04:14.699 [JavaFX Application Thread] WARN  FXGLAssetLoaderServi - Asset "/assets/textures/bullet.png" was not found!
21:04:14.699 [JavaFX Application Thread] WARN  FXGLAssetLoaderServi - Failed to load IMAGE
21:04:15.033 [JavaFX Application Thread] WARN  FXGLAssetLoaderServi - Asset "/assets/textures/bullet.png" was not found!
21:04:15.035 [JavaFX Application Thread] WARN  FXGLAssetLoaderServi - Failed to load IMAGE
21:04:15.157 [JavaFX Application Thread] WARN  FXGLAssetLoaderServi - Asset "/assets/textures/bullet.png" was not found!
21:04:15.158 [JavaFX Application Thread] WARN  FXGLAssetLoaderServi - Failed to load IMAGE
21:04:15.321 [JavaFX Application Thread] WARN  FXGLAssetLoaderServi - Asset "/assets/textures/bullet.png" was not found!
21:04:15.323 [JavaFX Application Thread] WARN  FXGLAssetLoaderServi - Failed to load IMAGE
21:04:15.549 [JavaFX Application Thread] WARN  FXGLAssetLoaderServi - Asset "/assets/textures/bullet.png" was not found!
21:04:15.550 [JavaFX Application Thread] WARN  FXGLAssetLoaderServi - Failed to load IMAGE
21:04:15.553 [JavaFX Application Thread] WARN  FXGLAssetLoaderServi - Asset "/assets/textures/bullet.png" was not found!
21:04:15.553 [JavaFX Application Thread] WARN  FXGLAssetLoaderServi - Failed to load IMAGE
21:04:15.692 [JavaFX Application Thread] WARN  FXGLAssetLoaderServi - Asset "/assets/textures/bullet.png" was not found!
21:04:15.694 [JavaFX Application Thread] WARN  FXGLAssetLoaderServi - Failed to load IMAGE
21:04:15.711 [JavaFX Application Thread] WARN  FXGLAssetLoaderServi - Asset "/assets/textures/bullet.png" was not found!
21:04:15.713 [JavaFX Application Thread] WARN  FXGLAssetLoaderServi - Failed to load IMAGE
21:04:15.822 [JavaFX Application Thread] WARN  FXGLAssetLoaderServi - Asset "/assets/textures/bullet.png" was not found!
21:04:15.823 [JavaFX Application Thread] WARN  FXGLAssetLoaderServi - Failed to load IMAGE
21:04:15.866 [JavaFX Application Thread] WARN  FXGLAssetLoaderServi - Asset "/assets/textures/bullet.png" was not found!
21:04:15.868 [JavaFX Application Thread] WARN  FXGLAssetLoaderServi - Failed to load IMAGE
21:04:16.033 [JavaFX Application Thread] WARN  FXGLAssetLoaderServi - Asset "/assets/textures/bullet.png" was not found!
21:04:16.035 [JavaFX Application Thread] WARN  FXGLAssetLoaderServi - Failed to load IMAGE
21:04:16.066 [JavaFX Application Thread] WARN  FXGLAssetLoaderServi - Asset "/assets/textures/bullet.png" was not found!
21:04:16.067 [JavaFX Application Thread] WARN  FXGLAssetLoaderServi - Failed to load IMAGE
21:04:16.298 [JavaFX Application Thread] WARN  FXGLAssetLoaderServi - Asset "/assets/textures/bullet.png" was not found!
21:04:16.299 [JavaFX Application Thread] WARN  FXGLAssetLoaderServi - Failed to load IMAGE
21:04:16.332 [JavaFX Application Thread] WARN  FXGLAssetLoaderServi - Asset "/assets/textures/bullet.png" was not found!
21:04:16.334 [JavaFX Application Thread] WARN  FXGLAssetLoaderServi - Failed to load IMAGE
21:04:16.980 [JavaFX Application Thread] WARN  FXGLAssetLoaderServi - Asset "/assets/textures/bullet.png" was not found!
21:04:16.981 [JavaFX Application Thread] WARN  FXGLAssetLoaderServi - Failed to load IMAGE
21:04:16.990 [JavaFX Application Thread] WARN  FXGLAssetLoaderServi - Asset "/assets/textures/bullet.png" was not found!
21:04:16.993 [JavaFX Application Thread] WARN  FXGLAssetLoaderServi - Failed to load IMAGE
21:04:17.319 [JavaFX Application Thread] WARN  FXGLAssetLoaderServi - Asset "/assets/textures/bullet.png" was not found!
21:04:17.320 [JavaFX Application Thread] WARN  FXGLAssetLoaderServi - Failed to load IMAGE
21:04:17.322 [JavaFX Application Thread] WARN  FXGLAssetLoaderServi - Asset "/assets/textures/bullet.png" was not found!
21:04:17.322 [JavaFX Application Thread] WARN  FXGLAssetLoaderServi - Failed to load IMAGE
21:04:17.453 [JavaFX Application Thread] WARN  FXGLAssetLoaderServi - Asset "/assets/textures/bullet.png" was not found!
21:04:17.455 [JavaFX Application Thread] WARN  FXGLAssetLoaderServi - Failed to load IMAGE
21:04:17.468 [JavaFX Application Thread] WARN  FXGLAssetLoaderServi - Asset "/assets/textures/bullet.png" was not found!
21:04:17.468 [JavaFX Application Thread] WARN  FXGLAssetLoaderServi - Failed to load IMAGE
21:04:17.625 [JavaFX Application Thread] WARN  FXGLAssetLoaderServi - Asset "/assets/textures/bullet.png" was not found!
21:04:17.626 [JavaFX Application Thread] WARN  FXGLAssetLoaderServi - Failed to load IMAGE
21:04:17.760 [JavaFX Application Thread] WARN  FXGLAssetLoaderServi - Asset "/assets/textures/bullet.png" was not found!
21:04:17.761 [JavaFX Application Thread] WARN  FXGLAssetLoaderServi - Failed to load IMAGE
21:04:17.771 [JavaFX Application Thread] WARN  FXGLAssetLoaderServi - Asset "/assets/textures/bullet.png" was not found!
21:04:17.772 [JavaFX Application Thread] WARN  FXGLAssetLoaderServi - Failed to load IMAGE
21:04:17.923 [JavaFX Application Thread] WARN  FXGLAssetLoaderServi - Asset "/assets/textures/bullet.png" was not found!
21:04:17.925 [JavaFX Application Thread] WARN  FXGLAssetLoaderServi - Failed to load IMAGE
21:04:17.938 [JavaFX Application Thread] WARN  FXGLAssetLoaderServi - Asset "/assets/textures/bullet.png" was not found!
21:04:17.939 [JavaFX Application Thread] WARN  FXGLAssetLoaderServi - Failed to load IMAGE
21:04:18.097 [JavaFX Application Thread] WARN  FXGLAssetLoaderServi - Asset "/assets/textures/bullet.png" was not found!
21:04:18.098 [JavaFX Application Thread] WARN  FXGLAssetLoaderServi - Failed to load IMAGE
21:04:18.105 [JavaFX Application Thread] WARN  FXGLAssetLoaderServi - Asset "/assets/textures/bullet.png" was not found!
21:04:18.106 [JavaFX Application Thread] WARN  FXGLAssetLoaderServi - Failed to load IMAGE
21:04:18.265 [JavaFX Application Thread] WARN  FXGLAssetLoaderServi - Asset "/assets/textures/bullet.png" was not found!
21:04:18.266 [JavaFX Application Thread] WARN  FXGLAssetLoaderServi - Failed to load IMAGE
21:04:18.274 [JavaFX Application Thread] WARN  FXGLAssetLoaderServi - Asset "/assets/textures/bullet.png" was not found!
21:04:18.275 [JavaFX Application Thread] WARN  FXGLAssetLoaderServi - Failed to load IMAGE
21:04:18.412 [JavaFX Application Thread] WARN  FXGLAssetLoaderServi - Asset "/assets/textures/bullet.png" was not found!
21:04:18.413 [JavaFX Application Thread] WARN  FXGLAssetLoaderServi - Failed to load IMAGE
21:04:18.426 [JavaFX Application Thread] WARN  FXGLAssetLoaderServi - Asset "/assets/textures/bullet.png" was not found!
21:04:18.427 [JavaFX Application Thread] WARN  FXGLAssetLoaderServi - Failed to load IMAGE
21:04:18.577 [JavaFX Application Thread] WARN  FXGLAssetLoaderServi - Asset "/assets/textures/bullet.png" was not found!
21:04:18.578 [JavaFX Application Thread] WARN  FXGLAssetLoaderServi - Failed to load IMAGE
21:04:18.588 [JavaFX Application Thread] WARN  FXGLAssetLoaderServi - Asset "/assets/textures/bullet.png" was not found!
21:04:18.589 [JavaFX Application Thread] WARN  FXGLAssetLoaderServi - Failed to load IMAGE
21:04:18.686 [JavaFX Application Thread] WARN  FXGLAssetLoaderServi - Asset "/assets/textures/bullet.png" was not found!
21:04:18.687 [JavaFX Application Thread] WARN  FXGLAssetLoaderServi - Failed to load IMAGE
21:04:18.704 [JavaFX Application Thread] WARN  FXGLAssetLoaderServi - Asset "/assets/textures/bullet.png" was not found!
21:04:18.705 [JavaFX Application Thread] WARN  FXGLAssetLoaderServi - Failed to load IMAGE
21:04:18.879 [JavaFX Application Thread] WARN  FXGLAssetLoaderServi - Asset "/assets/textures/bullet.png" was not found!
21:04:18.880 [JavaFX Application Thread] WARN  FXGLAssetLoaderServi - Failed to load IMAGE
21:04:19.400 [JavaFX Application Thread] WARN  FXGLAssetLoaderServi - Asset "/assets/textures/bullet.png" was not found!
21:04:19.400 [JavaFX Application Thread] WARN  FXGLAssetLoaderServi - Failed to load IMAGE
21:04:19.405 [JavaFX Application Thread] WARN  FXGLAssetLoaderServi - Asset "/assets/textures/bullet.png" was not found!
21:04:19.405 [JavaFX Application Thread] WARN  FXGLAssetLoaderServi - Failed to load IMAGE
21:04:19.543 [JavaFX Application Thread] WARN  FXGLAssetLoaderServi - Asset "/assets/textures/bullet.png" was not found!
21:04:19.544 [JavaFX Application Thread] WARN  FXGLAssetLoaderServi - Failed to load IMAGE
21:04:19.554 [JavaFX Application Thread] WARN  FXGLAssetLoaderServi - Asset "/assets/textures/bullet.png" was not found!
21:04:19.555 [JavaFX Application Thread] WARN  FXGLAssetLoaderServi - Failed to load IMAGE
21:04:19.832 [JavaFX Application Thread] WARN  FXGLAssetLoaderServi - Asset "/assets/textures/bullet.png" was not found!
21:04:19.834 [JavaFX Application Thread] WARN  FXGLAssetLoaderServi - Failed to load IMAGE
21:04:20.014 [JavaFX Application Thread] WARN  FXGLAssetLoaderServi - Asset "/assets/textures/bullet.png" was not found!
21:04:20.016 [JavaFX Application Thread] WARN  FXGLAssetLoaderServi - Failed to load IMAGE
21:04:20.026 [JavaFX Application Thread] WARN  FXGLAssetLoaderServi - Asset "/assets/textures/bullet.png" was not found!
21:04:20.027 [JavaFX Application Thread] WARN  FXGLAssetLoaderServi - Failed to load IMAGE
21:04:20.220 [JavaFX Application Thread] WARN  FXGLAssetLoaderServi - Asset "/assets/textures/bullet.png" was not found!
21:04:20.221 [JavaFX Application Thread] WARN  FXGLAssetLoaderServi - Failed to load IMAGE
21:04:20.229 [JavaFX Application Thread] WARN  FXGLAssetLoaderServi - Asset "/assets/textures/bullet.png" was not found!
21:04:20.230 [JavaFX Application Thread] WARN  FXGLAssetLoaderServi - Failed to load IMAGE
21:04:20.361 [JavaFX Application Thread] WARN  FXGLAssetLoaderServi - Asset "/assets/textures/bullet.png" was not found!
21:04:20.362 [JavaFX Application Thread] WARN  FXGLAssetLoaderServi - Failed to load IMAGE
21:04:20.383 [JavaFX Application Thread] WARN  FXGLAssetLoaderServi - Asset "/assets/textures/bullet.png" was not found!
21:04:20.386 [JavaFX Application Thread] WARN  FXGLAssetLoaderServi - Failed to load IMAGE
21:04:20.550 [JavaFX Application Thread] WARN  FXGLAssetLoaderServi - Asset "/assets/textures/bullet.png" was not found!
21:04:20.551 [JavaFX Application Thread] WARN  FXGLAssetLoaderServi - Failed to load IMAGE
21:04:20.557 [JavaFX Application Thread] WARN  FXGLAssetLoaderServi - Asset "/assets/textures/bullet.png" was not found!
21:04:20.558 [JavaFX Application Thread] WARN  FXGLAssetLoaderServi - Failed to load IMAGE
21:04:20.736 [JavaFX Application Thread] WARN  FXGLAssetLoaderServi - Asset "/assets/textures/bullet.png" was not found!
21:04:20.737 [JavaFX Application Thread] WARN  FXGLAssetLoaderServi - Failed to load IMAGE
21:04:20.747 [JavaFX Application Thread] WARN  FXGLAssetLoaderServi - Asset "/assets/textures/bullet.png" was not found!
21:04:20.748 [JavaFX Application Thread] WARN  FXGLAssetLoaderServi - Failed to load IMAGE
21:04:20.898 [JavaFX Application Thread] WARN  FXGLAssetLoaderServi - Asset "/assets/textures/bullet.png" was not found!
21:04:20.898 [JavaFX Application Thread] WARN  FXGLAssetLoaderServi - Failed to load IMAGE
21:04:21.081 [JavaFX Application Thread] WARN  FXGLAssetLoaderServi - Asset "/assets/textures/bullet.png" was not found!
21:04:21.082 [JavaFX Application Thread] WARN  FXGLAssetLoaderServi - Failed to load IMAGE
21:04:21.087 [JavaFX Application Thread] WARN  FXGLAssetLoaderServi - Asset "/assets/textures/bullet.png" was not found!
21:04:21.088 [JavaFX Application Thread] WARN  FXGLAssetLoaderServi - Failed to load IMAGE
21:04:21.275 [JavaFX Application Thread] WARN  FXGLAssetLoaderServi - Asset "/assets/textures/bullet.png" was not found!
21:04:21.277 [JavaFX Application Thread] WARN  FXGLAssetLoaderServi - Failed to load IMAGE
21:04:21.284 [JavaFX Application Thread] WARN  FXGLAssetLoaderServi - Asset "/assets/textures/bullet.png" was not found!
21:04:21.285 [JavaFX Application Thread] WARN  FXGLAssetLoaderServi - Failed to load IMAGE
21:04:21.445 [JavaFX Application Thread] WARN  FXGLAssetLoaderServi - Asset "/assets/textures/bullet.png" was not found!
21:04:21.447 [JavaFX Application Thread] WARN  FXGLAssetLoaderServi - Failed to load IMAGE
21:04:21.459 [JavaFX Application Thread] WARN  FXGLAssetLoaderServi - Asset "/assets/textures/bullet.png" was not found!
21:04:21.460 [JavaFX Application Thread] WARN  FXGLAssetLoaderServi - Failed to load IMAGE
21:04:21.623 [JavaFX Application Thread] WARN  FXGLAssetLoaderServi - Asset "/assets/textures/bullet.png" was not found!
21:04:21.624 [JavaFX Application Thread] WARN  FXGLAssetLoaderServi - Failed to load IMAGE
21:04:21.667 [JavaFX Application Thread] WARN  FXGLAssetLoaderServi - Asset "/assets/textures/bullet.png" was not found!
21:04:21.668 [JavaFX Application Thread] WARN  FXGLAssetLoaderServi - Failed to load IMAGE
21:04:21.913 [JavaFX Application Thread] WARN  FXGLAssetLoaderServi - Asset "/assets/textures/bullet.png" was not found!
21:04:21.913 [JavaFX Application Thread] WARN  FXGLAssetLoaderServi - Failed to load IMAGE
21:04:22.097 [JavaFX Application Thread] WARN  FXGLAssetLoaderServi - Asset "/assets/textures/bullet.png" was not found!
21:04:22.098 [JavaFX Application Thread] WARN  FXGLAssetLoaderServi - Failed to load IMAGE
21:04:22.107 [JavaFX Application Thread] WARN  FXGLAssetLoaderServi - Asset "/assets/textures/bullet.png" was not found!
21:04:22.108 [JavaFX Application Thread] WARN  FXGLAssetLoaderServi - Failed to load IMAGE
21:04:22.268 [JavaFX Application Thread] WARN  FXGLAssetLoaderServi - Asset "/assets/textures/bullet.png" was not found!
21:04:22.270 [JavaFX Application Thread] WARN  FXGLAssetLoaderServi - Failed to load IMAGE
21:04:22.280 [JavaFX Application Thread] WARN  FXGLAssetLoaderServi - Asset "/assets/textures/bullet.png" was not found!
21:04:22.281 [JavaFX Application Thread] WARN  FXGLAssetLoaderServi - Failed to load IMAGE
21:04:22.445 [JavaFX Application Thread] WARN  FXGLAssetLoaderServi - Asset "/assets/textures/bullet.png" was not found!
21:04:22.447 [JavaFX Application Thread] WARN  FXGLAssetLoaderServi - Failed to load IMAGE
21:04:22.455 [JavaFX Application Thread] WARN  FXGLAssetLoaderServi - Asset "/assets/textures/bullet.png" was not found!
21:04:22.457 [JavaFX Application Thread] WARN  FXGLAssetLoaderServi - Failed to load IMAGE
21:04:22.610 [JavaFX Application Thread] WARN  FXGLAssetLoaderServi - Asset "/assets/textures/bullet.png" was not found!
21:04:22.610 [JavaFX Application Thread] WARN  FXGLAssetLoaderServi - Failed to load IMAGE
21:04:22.616 [JavaFX Application Thread] WARN  FXGLAssetLoaderServi - Asset "/assets/textures/bullet.png" was not found!
21:04:22.617 [JavaFX Application Thread] WARN  FXGLAssetLoaderServi - Failed to load IMAGE
21:04:22.798 [JavaFX Application Thread] WARN  FXGLAssetLoaderServi - Asset "/assets/textures/bullet.png" was not found!
21:04:22.799 [JavaFX Application Thread] WARN  FXGLAssetLoaderServi - Failed to load IMAGE
21:04:22.808 [JavaFX Application Thread] WARN  FXGLAssetLoaderServi - Asset "/assets/textures/bullet.png" was not found!
21:04:22.809 [JavaFX Application Thread] WARN  FXGLAssetLoaderServi - Failed to load IMAGE
21:04:22.965 [JavaFX Application Thread] WARN  FXGLAssetLoaderServi - Asset "/assets/textures/bullet.png" was not found!
21:04:22.966 [JavaFX Application Thread] WARN  FXGLAssetLoaderServi - Failed to load IMAGE
21:04:22.977 [JavaFX Application Thread] WARN  FXGLAssetLoaderServi - Asset "/assets/textures/bullet.png" was not found!
21:04:22.978 [JavaFX Application Thread] WARN  FXGLAssetLoaderServi - Failed to load IMAGE
21:04:23.513 [JavaFX Application Thread] WARN  FXGLAssetLoaderServi - Asset "/assets/textures/bullet.png" was not found!
21:04:23.514 [JavaFX Application Thread] WARN  FXGLAssetLoaderServi - Failed to load IMAGE
21:04:23.681 [JavaFX Application Thread] WARN  FXGLAssetLoaderServi - Asset "/assets/textures/bullet.png" was not found!
21:04:23.682 [JavaFX Application Thread] WARN  FXGLAssetLoaderServi - Failed to load IMAGE
21:04:23.850 [JavaFX Application Thread] WARN  FXGLAssetLoaderServi - Asset "/assets/textures/bullet.png" was not found!
21:04:23.850 [JavaFX Application Thread] WARN  FXGLAssetLoaderServi - Failed to load IMAGE
21:04:24.170 [JavaFX Application Thread] WARN  FXGLAssetLoaderServi - Asset "/assets/textures/bullet.png" was not found!
21:04:24.171 [JavaFX Application Thread] WARN  FXGLAssetLoaderServi - Failed to load IMAGE
21:04:24.332 [JavaFX Application Thread] WARN  FXGLAssetLoaderServi - Asset "/assets/textures/bullet.png" was not found!
21:04:24.333 [JavaFX Application Thread] WARN  FXGLAssetLoaderServi - Failed to load IMAGE
21:04:24.599 [JavaFX Application Thread] WARN  FXGLAssetLoaderServi - Asset "/assets/textures/bullet.png" was not found!
21:04:24.599 [JavaFX Application Thread] WARN  FXGLAssetLoaderServi - Failed to load IMAGE
21:04:24.793 [JavaFX Application Thread] WARN  FXGLAssetLoaderServi - Asset "/assets/textures/bullet.png" was not found!
21:04:24.794 [JavaFX Application Thread] WARN  FXGLAssetLoaderServi - Failed to load IMAGE
21:04:24.933 [JavaFX Application Thread] WARN  FXGLAssetLoaderServi - Asset "/assets/textures/bullet.png" was not found!
21:04:24.934 [JavaFX Application Thread] WARN  FXGLAssetLoaderServi - Failed to load IMAGE
21:04:25.023 [JavaFX Application Thread] WARN  FXGLAssetLoaderServi - Asset "/assets/textures/bullet.png" was not found!
21:04:25.024 [JavaFX Application Thread] WARN  FXGLAssetLoaderServi - Failed to load IMAGE
21:04:25.213 [JavaFX Application Thread] WARN  FXGLAssetLoaderServi - Asset "/assets/textures/bullet.png" was not found!
21:04:25.214 [JavaFX Application Thread] WARN  FXGLAssetLoaderServi - Failed to load IMAGE
21:04:25.381 [JavaFX Application Thread] WARN  FXGLAssetLoaderServi - Asset "/assets/textures/bullet.png" was not found!
21:04:25.383 [JavaFX Application Thread] WARN  FXGLAssetLoaderServi - Failed to load IMAGE
21:04:25.553 [JavaFX Application Thread] WARN  FXGLAssetLoaderServi - Asset "/assets/textures/bullet.png" was not found!
21:04:25.555 [JavaFX Application Thread] WARN  FXGLAssetLoaderServi - Failed to load IMAGE
21:04:25.734 [JavaFX Application Thread] WARN  FXGLAssetLoaderServi - Asset "/assets/textures/bullet.png" was not found!
21:04:25.735 [JavaFX Application Thread] WARN  FXGLAssetLoaderServi - Failed to load IMAGE
21:04:25.938 [JavaFX Application Thread] WARN  FXGLAssetLoaderServi - Asset "/assets/textures/bullet.png" was not found!
21:04:25.938 [JavaFX Application Thread] WARN  FXGLAssetLoaderServi - Failed to load IMAGE
21:04:26.071 [JavaFX Application Thread] WARN  FXGLAssetLoaderServi - Asset "/assets/textures/bullet.png" was not found!
21:04:26.072 [JavaFX Application Thread] WARN  FXGLAssetLoaderServi - Failed to load IMAGE
21:04:26.312 [JavaFX Application Thread] WARN  FXGLAssetLoaderServi - Asset "/assets/textures/bullet.png" was not found!
21:04:26.314 [JavaFX Application Thread] WARN  FXGLAssetLoaderServi - Failed to load IMAGE
21:04:26.483 [JavaFX Application Thread] WARN  FXGLAssetLoaderServi - Asset "/assets/textures/bullet.png" was not found!
21:04:26.484 [JavaFX Application Thread] WARN  FXGLAssetLoaderServi - Failed to load IMAGE
21:04:26.583 [JavaFX Application Thread] WARN  FXGLAssetLoaderServi - Asset "/assets/textures/bullet.png" was not found!
21:04:26.585 [JavaFX Application Thread] WARN  FXGLAssetLoaderServi - Failed to load IMAGE
21:04:26.744 [JavaFX Application Thread] WARN  FXGLAssetLoaderServi - Asset "/assets/textures/bullet.png" was not found!
21:04:26.745 [JavaFX Application Thread] WARN  FXGLAssetLoaderServi - Failed to load IMAGE
21:04:26.910 [JavaFX Application Thread] WARN  FXGLAssetLoaderServi - Asset "/assets/textures/bullet.png" was not found!
21:04:26.911 [JavaFX Application Thread] WARN  FXGLAssetLoaderServi - Failed to load IMAGE
21:04:26.967 [JavaFX Application Thread] WARN  FXGLAssetLoaderServi - Asset "/assets/textures/bullet.png" was not found!
21:04:26.968 [JavaFX Application Thread] WARN  FXGLAssetLoaderServi - Failed to load IMAGE
21:04:27.134 [JavaFX Application Thread] WARN  FXGLAssetLoaderServi - Asset "/assets/textures/bullet.png" was not found!
21:04:27.134 [JavaFX Application Thread] WARN  FXGLAssetLoaderServi - Failed to load IMAGE
21:04:27.352 [JavaFX Application Thread] WARN  FXGLAssetLoaderServi - Asset "/assets/textures/bullet.png" was not found!
21:04:27.353 [JavaFX Application Thread] WARN  FXGLAssetLoaderServi - Failed to load IMAGE
21:04:27.416 [JavaFX Application Thread] WARN  FXGLAssetLoaderServi - Asset "/assets/textures/bullet.png" was not found!
21:04:27.417 [JavaFX Application Thread] WARN  FXGLAssetLoaderServi - Failed to load IMAGE
21:04:27.673 [JavaFX Application Thread] WARN  FXGLAssetLoaderServi - Asset "/assets/textures/bullet.png" was not found!
21:04:27.674 [JavaFX Application Thread] WARN  FXGLAssetLoaderServi - Failed to load IMAGE
21:04:27.684 [JavaFX Application Thread] WARN  FXGLAssetLoaderServi - Asset "/assets/textures/bullet.png" was not found!
21:04:27.685 [JavaFX Application Thread] WARN  FXGLAssetLoaderServi - Failed to load IMAGE
21:04:27.923 [JavaFX Application Thread] WARN  FXGLAssetLoaderServi - Asset "/assets/textures/bullet.png" was not found!
21:04:27.924 [JavaFX Application Thread] WARN  FXGLAssetLoaderServi - Failed to load IMAGE
21:04:28.041 [JavaFX Application Thread] WARN  FXGLAssetLoaderServi - Asset "/assets/textures/bullet.png" was not found!
21:04:28.043 [JavaFX Application Thread] WARN  FXGLAssetLoaderServi - Failed to load IMAGE
21:04:28.262 [JavaFX Application Thread] WARN  FXGLAssetLoaderServi - Asset "/assets/textures/bullet.png" was not found!
21:04:28.262 [JavaFX Application Thread] WARN  FXGLAssetLoaderServi - Failed to load IMAGE
21:04:28.363 [JavaFX Application Thread] WARN  FXGLAssetLoaderServi - Asset "/assets/textures/bullet.png" was not found!
21:04:28.364 [JavaFX Application Thread] WARN  FXGLAssetLoaderServi - Failed to load IMAGE
21:04:28.648 [JavaFX Application Thread] WARN  FXGLAssetLoaderServi - Asset "/assets/textures/bullet.png" was not found!
21:04:28.650 [JavaFX Application Thread] WARN  FXGLAssetLoaderServi - Failed to load IMAGE
21:04:28.657 [JavaFX Application Thread] WARN  FXGLAssetLoaderServi - Asset "/assets/textures/bullet.png" was not found!
21:04:28.658 [JavaFX Application Thread] WARN  FXGLAssetLoaderServi - Failed to load IMAGE
21:04:28.670 [JavaFX Application Thread] DEBUG PrimaryStageWindow   - Push state: DialogSubScene
21:04:28.670 [JavaFX Application Thread] DEBUG Input                - Clearing active input actions
21:04:28.671 [JavaFX Application Thread] DEBUG GameApplicationServi - Removing overlay from GameScene and adding to DialogSubScene
21:04:28.672 [JavaFX Application Thread] DEBUG PrimaryStageWindow   - GameScene -> DialogSubScene
21:04:31.473 [JavaFX Application Thread] DEBUG PrimaryStageWindow   - Pop state: DialogSubScene
21:04:31.473 [JavaFX Application Thread] DEBUG Input                - Clearing active input actions
21:04:31.474 [JavaFX Application Thread] DEBUG GameApplicationServi - Removing overlay from DialogSubScene and adding to GameScene
21:04:31.474 [JavaFX Application Thread] DEBUG PrimaryStageWindow   - GameScene <- DialogSubScene
21:04:31.474 [JavaFX Application Thread] DEBUG Input                - Clearing active input actions
21:04:31.479 [JavaFX Application Thread] DEBUG GameApplicationServi - Removing overlay from GameScene and adding to FXGLMainMenuDummyScene
21:04:31.480 [JavaFX Application Thread] DEBUG PrimaryStageWindow   - GameScene -> FXGLMainMenuDummyScene
21:04:31.480 [JavaFX Application Thread] DEBUG PrimaryStageWindow   - Push state: FXGLDefaultMenu
21:04:31.480 [JavaFX Application Thread] DEBUG Input                - Clearing active input actions
21:04:31.484 [JavaFX Application Thread] DEBUG GameApplicationServi - Removing overlay from FXGLMainMenuDummyScene and adding to FXGLDefaultMenu
21:04:31.484 [JavaFX Application Thread] DEBUG PrimaryStageWindow   - FXGLMainMenuDummyScene -> FXGLDefaultMenu
21:04:37.043 [JavaFX Application Thread] DEBUG Menu                 - fireNewGame()
21:04:37.043 [JavaFX Application Thread] DEBUG GameApplicationServi - Starting new game
21:04:37.043 [JavaFX Application Thread] DEBUG PrimaryStageWindow   - Pop state: FXGLDefaultMenu
21:04:37.043 [JavaFX Application Thread] DEBUG Input                - Clearing active input actions
21:04:37.044 [JavaFX Application Thread] DEBUG GameApplicationServi - Removing overlay from FXGLDefaultMenu and adding to FXGLMainMenuDummyScene
21:04:37.044 [JavaFX Application Thread] DEBUG PrimaryStageWindow   - FXGLMainMenuDummyScene <- FXGLDefaultMenu
21:04:37.044 [JavaFX Application Thread] DEBUG Input                - Clearing active input actions
21:04:37.053 [JavaFX Application Thread] DEBUG GameApplicationServi - Removing overlay from FXGLMainMenuDummyScene and adding to FXGLLoadingScene
21:04:37.053 [JavaFX Application Thread] DEBUG PrimaryStageWindow   - FXGLMainMenuDummyScene -> FXGLLoadingScene
21:04:37.053 [JavaFX Application Thread] DEBUG GameApplicationServi - Clearing previous game
21:04:37.053 [JavaFX Application Thread] DEBUG GameScene            - Clearing game scene
21:04:37.053 [JavaFX Application Thread] DEBUG GameWorld            - Clearing game world
21:04:37.058 [JavaFX Application Thread] DEBUG PhysicsWorld         - Clearing physics world
21:04:37.059 [FXGL Background Thread 2 ] DEBUG FXGLApplication      - Initializing game
21:04:37.061 [FXGL Background Thread 2 ] INFO  FXGLApplication      - Game initialization took: 0.002 sec
21:04:37.067 [JavaFX Application Thread] DEBUG Input                - Clearing active input actions
21:04:37.072 [JavaFX Application Thread] DEBUG GameApplicationServi - Removing overlay from FXGLLoadingScene and adding to GameScene
21:04:37.072 [JavaFX Application Thread] DEBUG PrimaryStageWindow   - FXGLLoadingScene -> GameScene
21:04:39.070 [JavaFX Application Thread] WARN  FXGLAssetLoaderServi - Asset "/assets/textures/bullet.png" was not found!
21:04:39.071 [JavaFX Application Thread] WARN  FXGLAssetLoaderServi - Failed to load IMAGE
21:04:39.251 [JavaFX Application Thread] WARN  FXGLAssetLoaderServi - Asset "/assets/textures/bullet.png" was not found!
21:04:39.252 [JavaFX Application Thread] WARN  FXGLAssetLoaderServi - Failed to load IMAGE
21:04:39.463 [JavaFX Application Thread] WARN  FXGLAssetLoaderServi - Asset "/assets/textures/bullet.png" was not found!
21:04:39.464 [JavaFX Application Thread] WARN  FXGLAssetLoaderServi - Failed to load IMAGE
21:04:39.610 [JavaFX Application Thread] WARN  FXGLAssetLoaderServi - Asset "/assets/textures/bullet.png" was not found!
21:04:39.612 [JavaFX Application Thread] WARN  FXGLAssetLoaderServi - Failed to load IMAGE
21:04:39.823 [JavaFX Application Thread] WARN  FXGLAssetLoaderServi - Asset "/assets/textures/bullet.png" was not found!
21:04:39.824 [JavaFX Application Thread] WARN  FXGLAssetLoaderServi - Failed to load IMAGE
21:04:39.831 [JavaFX Application Thread] WARN  FXGLAssetLoaderServi - Asset "/assets/textures/bullet.png" was not found!
21:04:39.832 [JavaFX Application Thread] WARN  FXGLAssetLoaderServi - Failed to load IMAGE
21:04:39.997 [JavaFX Application Thread] WARN  FXGLAssetLoaderServi - Asset "/assets/textures/bullet.png" was not found!
21:04:39.998 [JavaFX Application Thread] WARN  FXGLAssetLoaderServi - Failed to load IMAGE
21:04:40.195 [JavaFX Application Thread] WARN  FXGLAssetLoaderServi - Asset "/assets/textures/bullet.png" was not found!
21:04:40.196 [JavaFX Application Thread] WARN  FXGLAssetLoaderServi - Failed to load IMAGE
21:04:40.202 [JavaFX Application Thread] WARN  FXGLAssetLoaderServi - Asset "/assets/textures/bullet.png" was not found!
21:04:40.202 [JavaFX Application Thread] WARN  FXGLAssetLoaderServi - Failed to load IMAGE
21:04:40.634 [JavaFX Application Thread] WARN  FXGLAssetLoaderServi - Asset "/assets/textures/bullet.png" was not found!
21:04:40.635 [JavaFX Application Thread] WARN  FXGLAssetLoaderServi - Failed to load IMAGE
21:04:40.884 [JavaFX Application Thread] WARN  FXGLAssetLoaderServi - Asset "/assets/textures/bullet.png" was not found!
21:04:40.885 [JavaFX Application Thread] WARN  FXGLAssetLoaderServi - Failed to load IMAGE
21:04:41.062 [JavaFX Application Thread] WARN  FXGLAssetLoaderServi - Asset "/assets/textures/bullet.png" was not found!
21:04:41.063 [JavaFX Application Thread] WARN  FXGLAssetLoaderServi - Failed to load IMAGE
21:04:41.293 [JavaFX Application Thread] WARN  FXGLAssetLoaderServi - Asset "/assets/textures/bullet.png" was not found!
21:04:41.295 [JavaFX Application Thread] WARN  FXGLAssetLoaderServi - Failed to load IMAGE
21:04:41.334 [JavaFX Application Thread] WARN  FXGLAssetLoaderServi - Asset "/assets/textures/bullet.png" was not found!
21:04:41.335 [JavaFX Application Thread] WARN  FXGLAssetLoaderServi - Failed to load IMAGE
21:04:41.633 [JavaFX Application Thread] WARN  FXGLAssetLoaderServi - Asset "/assets/textures/bullet.png" was not found!
21:04:41.634 [JavaFX Application Thread] WARN  FXGLAssetLoaderServi - Failed to load IMAGE
21:04:41.852 [JavaFX Application Thread] WARN  FXGLAssetLoaderServi - Asset "/assets/textures/bullet.png" was not found!
21:04:41.853 [JavaFX Application Thread] WARN  FXGLAssetLoaderServi - Failed to load IMAGE
21:04:42.013 [JavaFX Application Thread] WARN  FXGLAssetLoaderServi - Asset "/assets/textures/bullet.png" was not found!
21:04:42.014 [JavaFX Application Thread] WARN  FXGLAssetLoaderServi - Failed to load IMAGE
21:04:42.215 [JavaFX Application Thread] WARN  FXGLAssetLoaderServi - Asset "/assets/textures/bullet.png" was not found!
21:04:42.216 [JavaFX Application Thread] WARN  FXGLAssetLoaderServi - Failed to load IMAGE
21:04:42.451 [JavaFX Application Thread] WARN  FXGLAssetLoaderServi - Asset "/assets/textures/bullet.png" was not found!
21:04:42.452 [JavaFX Application Thread] WARN  FXGLAssetLoaderServi - Failed to load IMAGE
21:04:42.634 [JavaFX Application Thread] WARN  FXGLAssetLoaderServi - Asset "/assets/textures/bullet.png" was not found!
21:04:42.634 [JavaFX Application Thread] WARN  FXGLAssetLoaderServi - Failed to load IMAGE
21:04:42.846 [JavaFX Application Thread] WARN  FXGLAssetLoaderServi - Asset "/assets/textures/bullet.png" was not found!
21:04:42.847 [JavaFX Application Thread] WARN  FXGLAssetLoaderServi - Failed to load IMAGE
21:04:42.853 [JavaFX Application Thread] WARN  FXGLAssetLoaderServi - Asset "/assets/textures/bullet.png" was not found!
21:04:42.854 [JavaFX Application Thread] WARN  FXGLAssetLoaderServi - Failed to load IMAGE
21:04:43.266 [JavaFX Application Thread] WARN  FXGLAssetLoaderServi - Asset "/assets/textures/bullet.png" was not found!
21:04:43.267 [JavaFX Application Thread] WARN  FXGLAssetLoaderServi - Failed to load IMAGE
21:04:43.294 [JavaFX Application Thread] WARN  FXGLAssetLoaderServi - Asset "/assets/textures/bullet.png" was not found!
21:04:43.295 [JavaFX Application Thread] WARN  FXGLAssetLoaderServi - Failed to load IMAGE
21:04:43.469 [JavaFX Application Thread] WARN  FXGLAssetLoaderServi - Asset "/assets/textures/bullet.png" was not found!
21:04:43.470 [JavaFX Application Thread] WARN  FXGLAssetLoaderServi - Failed to load IMAGE
21:04:43.477 [JavaFX Application Thread] WARN  FXGLAssetLoaderServi - Asset "/assets/textures/bullet.png" was not found!
21:04:43.478 [JavaFX Application Thread] WARN  FXGLAssetLoaderServi - Failed to load IMAGE
21:04:43.638 [JavaFX Application Thread] WARN  FXGLAssetLoaderServi - Asset "/assets/textures/bullet.png" was not found!
21:04:43.639 [JavaFX Application Thread] WARN  FXGLAssetLoaderServi - Failed to load IMAGE
21:04:43.643 [JavaFX Application Thread] WARN  FXGLAssetLoaderServi - Asset "/assets/textures/bullet.png" was not found!
21:04:43.644 [JavaFX Application Thread] WARN  FXGLAssetLoaderServi - Failed to load IMAGE
21:04:44.001 [JavaFX Application Thread] WARN  FXGLAssetLoaderServi - Asset "/assets/textures/bullet.png" was not found!
21:04:44.003 [JavaFX Application Thread] WARN  FXGLAssetLoaderServi - Failed to load IMAGE
21:04:44.195 [JavaFX Application Thread] WARN  FXGLAssetLoaderServi - Asset "/assets/textures/bullet.png" was not found!
21:04:44.196 [JavaFX Application Thread] WARN  FXGLAssetLoaderServi - Failed to load IMAGE
21:04:44.203 [JavaFX Application Thread] WARN  FXGLAssetLoaderServi - Asset "/assets/textures/bullet.png" was not found!
21:04:44.203 [JavaFX Application Thread] WARN  FXGLAssetLoaderServi - Failed to load IMAGE
21:04:44.364 [JavaFX Application Thread] WARN  FXGLAssetLoaderServi - Asset "/assets/textures/bullet.png" was not found!
21:04:44.366 [JavaFX Application Thread] WARN  FXGLAssetLoaderServi - Failed to load IMAGE
21:04:44.532 [JavaFX Application Thread] WARN  FXGLAssetLoaderServi - Asset "/assets/textures/bullet.png" was not found!
21:04:44.533 [JavaFX Application Thread] WARN  FXGLAssetLoaderServi - Failed to load IMAGE
21:04:44.712 [JavaFX Application Thread] WARN  FXGLAssetLoaderServi - Asset "/assets/textures/bullet.png" was not found!
21:04:44.713 [JavaFX Application Thread] WARN  FXGLAssetLoaderServi - Failed to load IMAGE
21:04:44.881 [JavaFX Application Thread] WARN  FXGLAssetLoaderServi - Asset "/assets/textures/bullet.png" was not found!
21:04:44.882 [JavaFX Application Thread] WARN  FXGLAssetLoaderServi - Failed to load IMAGE
21:04:45.284 [JavaFX Application Thread] WARN  FXGLAssetLoaderServi - Asset "/assets/textures/bullet.png" was not found!
21:04:45.284 [JavaFX Application Thread] WARN  FXGLAssetLoaderServi - Failed to load IMAGE
21:04:45.291 [JavaFX Application Thread] WARN  FXGLAssetLoaderServi - Asset "/assets/textures/bullet.png" was not found!
21:04:45.292 [JavaFX Application Thread] WARN  FXGLAssetLoaderServi - Failed to load IMAGE
21:04:45.435 [JavaFX Application Thread] WARN  FXGLAssetLoaderServi - Asset "/assets/textures/bullet.png" was not found!
21:04:45.436 [JavaFX Application Thread] WARN  FXGLAssetLoaderServi - Failed to load IMAGE
21:04:45.662 [JavaFX Application Thread] WARN  FXGLAssetLoaderServi - Asset "/assets/textures/bullet.png" was not found!
21:04:45.663 [JavaFX Application Thread] WARN  FXGLAssetLoaderServi - Failed to load IMAGE
21:04:45.670 [JavaFX Application Thread] WARN  FXGLAssetLoaderServi - Asset "/assets/textures/bullet.png" was not found!
21:04:45.670 [JavaFX Application Thread] WARN  FXGLAssetLoaderServi - Failed to load IMAGE
21:04:46.000 [JavaFX Application Thread] WARN  FXGLAssetLoaderServi - Asset "/assets/textures/bullet.png" was not found!
21:04:46.001 [JavaFX Application Thread] WARN  FXGLAssetLoaderServi - Failed to load IMAGE
21:04:46.008 [JavaFX Application Thread] WARN  FXGLAssetLoaderServi - Asset "/assets/textures/bullet.png" was not found!
21:04:46.010 [JavaFX Application Thread] WARN  FXGLAssetLoaderServi - Failed to load IMAGE
21:04:46.173 [JavaFX Application Thread] WARN  FXGLAssetLoaderServi - Asset "/assets/textures/bullet.png" was not found!
21:04:46.174 [JavaFX Application Thread] WARN  FXGLAssetLoaderServi - Failed to load IMAGE
21:04:46.181 [JavaFX Application Thread] WARN  FXGLAssetLoaderServi - Asset "/assets/textures/bullet.png" was not found!
21:04:46.183 [JavaFX Application Thread] WARN  FXGLAssetLoaderServi - Failed to load IMAGE
21:04:46.383 [JavaFX Application Thread] WARN  FXGLAssetLoaderServi - Asset "/assets/textures/bullet.png" was not found!
21:04:46.384 [JavaFX Application Thread] WARN  FXGLAssetLoaderServi - Failed to load IMAGE
21:04:46.524 [JavaFX Application Thread] WARN  FXGLAssetLoaderServi - Asset "/assets/textures/bullet.png" was not found!
21:04:46.525 [JavaFX Application Thread] WARN  FXGLAssetLoaderServi - Failed to load IMAGE
21:04:46.593 [JavaFX Application Thread] WARN  FXGLAssetLoaderServi - Asset "/assets/textures/bullet.png" was not found!
21:04:46.594 [JavaFX Application Thread] WARN  FXGLAssetLoaderServi - Failed to load IMAGE
21:04:46.772 [JavaFX Application Thread] WARN  FXGLAssetLoaderServi - Asset "/assets/textures/bullet.png" was not found!
21:04:46.773 [JavaFX Application Thread] WARN  FXGLAssetLoaderServi - Failed to load IMAGE
21:04:46.989 [JavaFX Application Thread] WARN  FXGLAssetLoaderServi - Asset "/assets/textures/bullet.png" was not found!
21:04:46.990 [JavaFX Application Thread] WARN  FXGLAssetLoaderServi - Failed to load IMAGE
21:04:46.997 [JavaFX Application Thread] WARN  FXGLAssetLoaderServi - Asset "/assets/textures/bullet.png" was not found!
21:04:46.998 [JavaFX Application Thread] WARN  FXGLAssetLoaderServi - Failed to load IMAGE
21:04:47.125 [JavaFX Application Thread] WARN  FXGLAssetLoaderServi - Asset "/assets/textures/bullet.png" was not found!
21:04:47.126 [JavaFX Application Thread] WARN  FXGLAssetLoaderServi - Failed to load IMAGE
21:04:47.133 [JavaFX Application Thread] WARN  FXGLAssetLoaderServi - Asset "/assets/textures/bullet.png" was not found!
21:04:47.134 [JavaFX Application Thread] WARN  FXGLAssetLoaderServi - Failed to load IMAGE
21:04:47.314 [JavaFX Application Thread] WARN  FXGLAssetLoaderServi - Asset "/assets/textures/bullet.png" was not found!
21:04:47.315 [JavaFX Application Thread] WARN  FXGLAssetLoaderServi - Failed to load IMAGE
21:04:47.320 [JavaFX Application Thread] WARN  FXGLAssetLoaderServi - Asset "/assets/textures/bullet.png" was not found!
21:04:47.321 [JavaFX Application Thread] WARN  FXGLAssetLoaderServi - Failed to load IMAGE
21:04:48.990 [JavaFX Application Thread] DEBUG PrimaryStageWindow   - Push state: DialogSubScene
21:04:48.991 [JavaFX Application Thread] DEBUG Input                - Clearing active input actions
21:04:48.992 [JavaFX Application Thread] DEBUG GameApplicationServi - Removing overlay from GameScene and adding to DialogSubScene
21:04:48.992 [JavaFX Application Thread] DEBUG PrimaryStageWindow   - GameScene -> DialogSubScene
21:04:53.465 [JavaFX Application Thread] DEBUG PrimaryStageWindow   - Pop state: DialogSubScene
21:04:53.465 [JavaFX Application Thread] DEBUG Input                - Clearing active input actions
21:04:53.465 [JavaFX Application Thread] DEBUG GameApplicationServi - Removing overlay from DialogSubScene and adding to GameScene
21:04:53.465 [JavaFX Application Thread] DEBUG PrimaryStageWindow   - GameScene <- DialogSubScene
21:04:53.465 [JavaFX Application Thread] DEBUG Input                - Clearing active input actions
21:04:53.469 [JavaFX Application Thread] DEBUG GameApplicationServi - Removing overlay from GameScene and adding to FXGLMainMenuDummyScene
21:04:53.469 [JavaFX Application Thread] DEBUG PrimaryStageWindow   - GameScene -> FXGLMainMenuDummyScene
21:04:53.469 [JavaFX Application Thread] DEBUG PrimaryStageWindow   - Push state: FXGLDefaultMenu
21:04:53.469 [JavaFX Application Thread] DEBUG Input                - Clearing active input actions
21:04:53.473 [JavaFX Application Thread] DEBUG GameApplicationServi - Removing overlay from FXGLMainMenuDummyScene and adding to FXGLDefaultMenu
21:04:53.473 [JavaFX Application Thread] DEBUG PrimaryStageWindow   - FXGLMainMenuDummyScene -> FXGLDefaultMenu
21:04:54.858 [JavaFX Application Thread] DEBUG FXGLApplication      - Exiting FXGL
21:04:54.858 [JavaFX Application Thread] DEBUG LoopRunner           - Stopping loop
21:04:54.858 [JavaFX Application Thread] DEBUG SystemBundleService  - Saving FXGL system data
21:04:54.860 [JavaFX Application Thread] DEBUG FileSystemAccess     - Writing to: D:\Gonvival\system\fxgl.bundle
21:04:54.864 [JavaFX Application Thread] DEBUG Async                - Shutting down background threads
21:04:54.864 [JavaFX Application Thread] DEBUG PrimaryStageWindow   - Closing main window
21:04:54.908 [JavaFX Application Thread] DEBUG Logger               - Closing Logger
