01:07:54.196 [main                     ] DEBUG Logger               - Configured Logger
01:07:54.240 [main                     ] DEBUG GameApplication      - Logging settings
Title: Gonvival
Version: beta
Width: 800
Height: 800
Fullscreen: false
Intro: false
Profiling: false
Single step:false
App Mode: DEVELOPER
Menu Key: ESCAPE
Stage Style: DECORATED
Scene Factory: class com.almasb.fxgl.app.scene.SceneFactory

01:07:57.546 [JavaFX Application Thread] DEBUG FXGLApplication      - Initializing FXGL
01:07:57.553 [JavaFX Application Thread] INFO  Engine               - FXGL-21.1 (27.03.2024 07.52) on WINDOWS (J:21.0.5 FX:21.0.1)
01:07:57.556 [JavaFX Application Thread] DEBUG Engine               - JRE Vendor Name: Eclipse Adoptium
01:07:57.557 [JavaFX Application Thread] DEBUG Engine               - Running on OS: Windows 10 version 10.0
01:07:57.557 [JavaFX Application Thread] DEBUG Engine               - Architecture: amd64
01:07:57.557 [JavaFX Application Thread] INFO  Engine               - Source code and latest versions at: https://github.com/AlmasB/FXGL
01:07:57.558 [JavaFX Application Thread] INFO  Engine               -       Ask questions and discuss at: https://github.com/AlmasB/FXGL/discussions
01:07:57.559 [JavaFX Application Thread] INFO  Engine               -              Join the FXGL chat at: https://gitter.im/AlmasB/FXGL
01:07:57.914 [JavaFX Application Thread] DEBUG PrimaryStageWindow   - Creating a JavaFX scene
01:07:57.914 [JavaFX Application Thread] DEBUG PrimaryStageWindow   - Target size > screen size
01:07:58.197 [JavaFX Application Thread] DEBUG PrimaryStageWindow   - Target settings size: 800.0 x 800.0
01:07:58.197 [JavaFX Application Thread] DEBUG PrimaryStageWindow   - Scaled scene size:    703.0 x 728.0
01:07:58.197 [JavaFX Application Thread] DEBUG PrimaryStageWindow   - Scaled ratio: (0.87875, 0.91)
01:07:58.199 [JavaFX Application Thread] DEBUG PrimaryStageWindow   - Set initial scene to FXGLStartupScene
01:07:58.205 [JavaFX Application Thread] DEBUG PrimaryStageWindow   - Opening main window
01:07:58.523 [JavaFX Application Thread] DEBUG PrimaryStageWindow   - Window border size: (16.0, 39.0)
01:07:58.523 [JavaFX Application Thread] DEBUG PrimaryStageWindow   - Scaled size: 703.0 x 728.0
01:07:58.524 [JavaFX Application Thread] DEBUG PrimaryStageWindow   - Scaled ratio: (0.87875, 0.91)
01:07:58.524 [JavaFX Application Thread] DEBUG PrimaryStageWindow   - Scene size: 703.0 x 728.0
01:07:58.525 [JavaFX Application Thread] DEBUG PrimaryStageWindow   - Stage size: 719.0 x 767.0
01:07:58.592 [FXGL Background Thread 1 ] DEBUG Engine               - Initializing environment variables
01:07:59.127 [FXGL Background Thread 1 ] DEBUG FXGLAssetLoaderServi - User app class for loading assets: class com.lab.App
01:07:59.127 [FXGL Background Thread 1 ] DEBUG GameApplicationServi - Applying CSS: fxgl_dark.css
01:07:59.128 [FXGL Background Thread 1 ] DEBUG FXGLAssetLoaderServi - Loading from file system: jar:file:/C:/Users/Khana/.m2/repository/com/github/almasb/fxgl/21.1/fxgl-21.1.jar!/fxglassets/ui/css/fxgl_dark.css
01:07:59.263 [FXGL Background Thread 1 ] DEBUG GameApplicationServi - Initializing application scenes
01:07:59.388 [FXGL Background Thread 1 ] DEBUG GameWorld            - Game world initialized
01:07:59.559 [FXGL Background Thread 1 ] DEBUG PhysicsWorld         - Physics world initialized: appHeight=800, physics.ppm=50.0
01:07:59.559 [FXGL Background Thread 1 ] DEBUG PhysicsWorld         - Using strategy: BRUTE_FORCE
01:07:59.570 [FXGL Background Thread 1 ] DEBUG GameScene            - Game scene initialized: 800x800
01:07:59.594 [FXGL Background Thread 1 ] DEBUG FXGL.DefaultMenu     - createMenuBodyMainMenu()
01:07:59.648 [FXGL Background Thread 1 ] DEBUG FXGL.DefaultMenu     - createOptionsMenu()
01:07:59.677 [FXGL Background Thread 1 ] DEBUG FXGLAssetLoaderServi - Loading from file system: jar:file:/C:/Users/Khana/.m2/repository/com/github/almasb/fxgl/21.1/fxgl-21.1.jar!/fxglassets/textures/particles/smoke.png
01:08:00.131 [FXGL Background Thread 1 ] DEBUG FXGLAssetLoaderServi - Loading from file system: jar:file:/C:/Users/Khana/.m2/repository/com/github/almasb/fxgl/21.1/fxgl-21.1.jar!/fxglassets/textures/particles/trace_horizontal.png
01:08:00.189 [FXGL Background Thread 1 ] DEBUG FXGL.DefaultMenu     - createMenuBodyGameMenu()
01:08:00.191 [FXGL Background Thread 1 ] DEBUG FXGL.DefaultMenu     - createOptionsMenu()
01:08:00.222 [FXGL Background Thread 1 ] DEBUG GameApplicationServi - Application scenes initialized
01:08:00.243 [FXGL Background Thread 1 ] DEBUG SystemBundleService  - Loading FXGL system data
01:08:00.337 [FXGL Background Thread 1 ] DEBUG FileSystemAccess     - Reading from: E:\Labs\Gonvival\system\fxgl.bundle
01:08:00.478 [FXGL Background Thread 1 ] DEBUG SystemBundleService  - Bundle FXGL: {}
01:08:00.478 [FXGL Background Thread 1 ] DEBUG UpdaterService       - Checking for updates
01:08:00.485 [FXGL Background Thread 4 ] DEBUG FXGLApplication      - Loading fonts
01:08:00.485 [FXGL Background Thread 4 ] DEBUG FXGLAssetLoaderServi - Loading from file system: jar:file:/C:/Users/Khana/.m2/repository/com/github/almasb/fxgl/21.1/fxgl-21.1.jar!/fxglassets/ui/fonts/VarelaRound-Regular.ttf
01:08:00.486 [FXGL Background Thread 1 ] DEBUG FXGLApplication      - Loading default localization
01:08:00.487 [FXGL Background Thread 1 ] DEBUG FXGLAssetLoaderServi - Loading from file system: jar:file:/C:/Users/Khana/.m2/repository/com/github/almasb/fxgl/21.1/fxgl-21.1.jar!/fxglassets/languages/english.lang
01:08:00.515 [FXGL Background Thread 1 ] INFO  FXGLApplication      - FXGL initialization took: 1.923 sec
01:08:00.519 [JavaFX Application Thread] DEBUG FXGLAssetLoaderServi - Loading from file system: jar:file:/C:/Users/Khana/.m2/repository/com/github/almasb/fxgl/21.1/fxgl-21.1.jar!/fxglassets/textures/fxgl_icon.png
01:08:00.566 [JavaFX Application Thread] DEBUG FXGLAssetLoaderServi - Loading from file system: jar:file:/C:/Users/Khana/.m2/repository/com/github/almasb/fxgl/21.1/fxgl-21.1.jar!/fxglassets/textures/fxgl_default_cursor.png
01:08:00.587 [JavaFX Application Thread] DEBUG Input                - Registered new binding: Screenshot - CTRL+8
01:08:00.588 [JavaFX Application Thread] DEBUG Input                - Registered new binding: System info dump - CTRL+9
01:08:00.589 [JavaFX Application Thread] DEBUG Input                - Registered new binding: Restart - CTRL+R
01:08:00.592 [JavaFX Application Thread] DEBUG Input                - Registered new binding: Toggle Debug Camera - CTRL+7
01:08:00.600 [JavaFX Application Thread] DEBUG LoopRunner           - Starting loop
01:08:00.600 [JavaFX Application Thread] DEBUG LoopRunner           - Initializing JavaFX AnimationTimerLoop
01:08:00.606 [JavaFX Application Thread] DEBUG Input                - Clearing active input actions
01:08:00.623 [JavaFX Application Thread] DEBUG GameApplicationServi - Removing overlay from FXGLStartupScene and adding to FXGLMainMenuDummyScene
01:08:00.624 [JavaFX Application Thread] DEBUG PrimaryStageWindow   - FXGLStartupScene -> FXGLMainMenuDummyScene
01:08:00.624 [JavaFX Application Thread] DEBUG PrimaryStageWindow   - Push state: FXGLDefaultMenu
01:08:00.634 [JavaFX Application Thread] DEBUG Input                - Clearing active input actions
01:08:00.659 [JavaFX Application Thread] DEBUG GameApplicationServi - Removing overlay from FXGLMainMenuDummyScene and adding to FXGLDefaultMenu
01:08:00.662 [JavaFX Application Thread] DEBUG PrimaryStageWindow   - FXGLMainMenuDummyScene -> FXGLDefaultMenu
01:08:00.918 [FXGL Background Thread 4 ] DEBUG FXGLAssetLoaderServi - Loading from file system: jar:file:/C:/Users/Khana/.m2/repository/com/github/almasb/fxgl/21.1/fxgl-21.1.jar!/fxglassets/ui/fonts/Abel-Regular.ttf
01:08:00.928 [FXGL Background Thread 4 ] DEBUG FXGLAssetLoaderServi - Loading from file system: jar:file:/C:/Users/Khana/.m2/repository/com/github/almasb/fxgl/21.1/fxgl-21.1.jar!/fxglassets/ui/fonts/TerminalLandMono-Regular.otf
01:08:00.935 [FXGL Background Thread 4 ] DEBUG FXGLAssetLoaderServi - Loading from file system: jar:file:/C:/Users/Khana/.m2/repository/com/github/almasb/fxgl/21.1/fxgl-21.1.jar!/fxglassets/ui/fonts/Courier-Prime.ttf
01:08:01.039 [JavaFX Application Thread] DEBUG FXGLApplication      - Registering font factories with UI factory
01:08:03.162 [JavaFX Application Thread] DEBUG Menu                 - fireNewGame()
01:08:03.163 [JavaFX Application Thread] DEBUG GameApplicationServi - Starting new game
01:08:03.166 [JavaFX Application Thread] DEBUG PrimaryStageWindow   - Pop state: FXGLDefaultMenu
01:08:03.166 [JavaFX Application Thread] DEBUG Input                - Clearing active input actions
01:08:03.168 [JavaFX Application Thread] DEBUG GameApplicationServi - Removing overlay from FXGLDefaultMenu and adding to FXGLMainMenuDummyScene
01:08:03.169 [JavaFX Application Thread] DEBUG PrimaryStageWindow   - FXGLMainMenuDummyScene <- FXGLDefaultMenu
01:08:03.170 [JavaFX Application Thread] DEBUG Input                - Clearing active input actions
01:08:03.209 [JavaFX Application Thread] DEBUG GameApplicationServi - Removing overlay from FXGLMainMenuDummyScene and adding to FXGLLoadingScene
01:08:03.210 [JavaFX Application Thread] DEBUG PrimaryStageWindow   - FXGLMainMenuDummyScene -> FXGLLoadingScene
01:08:03.210 [JavaFX Application Thread] DEBUG GameApplicationServi - Clearing previous game
01:08:03.210 [JavaFX Application Thread] DEBUG GameScene            - Clearing game scene
01:08:03.211 [JavaFX Application Thread] DEBUG GameWorld            - Clearing game world
01:08:03.211 [JavaFX Application Thread] DEBUG PhysicsWorld         - Clearing physics world
01:08:03.214 [FXGL Background Thread 4 ] DEBUG FXGLApplication      - Initializing game
01:08:03.252 [FXGL Background Thread 4 ] DEBUG FXGLAssetLoaderServi - Loading from file system: file:/E:/Labs/Gonvival/game/target/classes/assets/textures/map.png
01:08:03.404 [FXGL Background Thread 4 ] DEBUG FXGLAssetLoaderServi - Loading from file system: file:/E:/Labs/Gonvival/game/target/classes/assets/textures/idle_down.png
01:08:03.426 [FXGL Background Thread 4 ] DEBUG FXGLAssetLoaderServi - Loading from file system: file:/E:/Labs/Gonvival/game/target/classes/assets/textures/idle_up.png
01:08:03.431 [FXGL Background Thread 4 ] DEBUG FXGLAssetLoaderServi - Loading from file system: file:/E:/Labs/Gonvival/game/target/classes/assets/textures/idle_left_down.png
01:08:03.434 [FXGL Background Thread 4 ] DEBUG FXGLAssetLoaderServi - Loading from file system: file:/E:/Labs/Gonvival/game/target/classes/assets/textures/idle_left_up.png
01:08:03.437 [FXGL Background Thread 4 ] DEBUG FXGLAssetLoaderServi - Loading from file system: file:/E:/Labs/Gonvival/game/target/classes/assets/textures/idle_right_down.png
01:08:03.449 [FXGL Background Thread 4 ] DEBUG FXGLAssetLoaderServi - Loading from file system: file:/E:/Labs/Gonvival/game/target/classes/assets/textures/idle_right_up.png
01:08:03.487 [FXGL Background Thread 3 ] DEBUG Engine               - Logging environment variables
01:08:03.495 [FXGL Background Thread 3 ] DEBUG Engine               - achievements: []
01:08:03.496 [FXGL Background Thread 3 ] DEBUG Engine               - actualHeight: 728.0
01:08:03.496 [FXGL Background Thread 3 ] DEBUG Engine               - actualHeightProperty: ReadOnlyDoubleProperty [value: 728.0]
01:08:03.496 [FXGL Background Thread 3 ] DEBUG Engine               - actualWidth: 703.0
01:08:03.496 [FXGL Background Thread 3 ] DEBUG Engine               - actualWidthProperty: ReadOnlyDoubleProperty [value: 703.0]
01:08:03.496 [FXGL Background Thread 3 ] DEBUG Engine               - appIcon: fxgl_icon.png
01:08:03.496 [FXGL Background Thread 3 ] DEBUG Engine               - applicationMode: DEVELOPER
01:08:03.496 [FXGL Background Thread 3 ] DEBUG Engine               - cSSList: [fxgl_dark.css]
01:08:03.496 [FXGL Background Thread 3 ] DEBUG Engine               - collisionDetectionStrategy: BRUTE_FORCE
01:08:03.497 [FXGL Background Thread 3 ] DEBUG Engine               - configClass: Optional.empty
01:08:03.497 [FXGL Background Thread 3 ] DEBUG Engine               - credits: []
01:08:03.497 [FXGL Background Thread 3 ] DEBUG Engine               - defaultCursor: CursorInfo(imageName=fxgl_default_cursor.png, hotspotX=7.0, hotspotY=6.0)
01:08:03.498 [FXGL Background Thread 3 ] DEBUG Engine               - devBBoxColorProperty: ObjectProperty [value: 0xff0000ff]
01:08:03.498 [FXGL Background Thread 3 ] DEBUG Engine               - devEnableDebugCameraProperty: BooleanProperty [value: false]
01:08:03.498 [FXGL Background Thread 3 ] DEBUG Engine               - devSensorColorProperty: ObjectProperty [value: 0xffff00ff]
01:08:03.498 [FXGL Background Thread 3 ] DEBUG Engine               - devShowBBoxProperty: BooleanProperty [value: false]
01:08:03.498 [FXGL Background Thread 3 ] DEBUG Engine               - devShowPositionProperty: BooleanProperty [value: false]
01:08:03.498 [FXGL Background Thread 3 ] DEBUG Engine               - enabledMenuItems: []
01:08:03.498 [FXGL Background Thread 3 ] DEBUG Engine               - engineServices: [class com.almasb.fxgl.app.services.FXGLAssetLoaderService, class com.almasb.fxgl.app.FXGLApplication$GameApplicationService, class com.almasb.fxgl.app.services.FXGLDialogService, class com.almasb.fxgl.app.services.IOTaskExecutorService, class com.almasb.fxgl.io.FileSystemService, class com.almasb.fxgl.localization.LocalizationService, class com.almasb.fxgl.app.services.SystemBundleService, class com.almasb.fxgl.profile.SaveLoadService, class com.almasb.fxgl.ui.FXGLUIFactoryServiceProvider, class com.almasb.fxgl.ui.FXGLDialogFactoryServiceProvider, class com.almasb.fxgl.audio.AudioPlayer, class com.almasb.fxgl.notification.impl.NotificationServiceProvider, class com.almasb.fxgl.achievement.AchievementService, class com.almasb.fxgl.cutscene.CutsceneService, class com.almasb.fxgl.minigames.MiniGameService, class com.almasb.fxgl.net.NetService, class com.almasb.fxgl.app.services.UpdaterService, class com.almasb.fxgl.dev.DevService]
01:08:03.498 [FXGL Background Thread 3 ] DEBUG Engine               - fontGame: Abel-Regular.ttf
01:08:03.498 [FXGL Background Thread 3 ] DEBUG Engine               - fontMono: TerminalLandMono-Regular.otf
01:08:03.498 [FXGL Background Thread 3 ] DEBUG Engine               - fontSizeScaleUI: 1.0
01:08:03.499 [FXGL Background Thread 3 ] DEBUG Engine               - fontText: Courier-Prime.ttf
01:08:03.499 [FXGL Background Thread 3 ] DEBUG Engine               - fontUI: VarelaRound-Regular.ttf
01:08:03.499 [FXGL Background Thread 3 ] DEBUG Engine               - fullScreen: BooleanProperty [value: false]
01:08:03.499 [FXGL Background Thread 3 ] DEBUG Engine               - gameDifficulty: MEDIUM
01:08:03.499 [FXGL Background Thread 3 ] DEBUG Engine               - gameDifficultyProperty: ObjectProperty [value: MEDIUM]
01:08:03.499 [FXGL Background Thread 3 ] DEBUG Engine               - globalMusicVolume: 0.5
01:08:03.499 [FXGL Background Thread 3 ] DEBUG Engine               - globalMusicVolumeProperty: DoubleProperty [value: 0.5]
01:08:03.499 [FXGL Background Thread 3 ] DEBUG Engine               - globalSoundVolume: 0.5
01:08:03.499 [FXGL Background Thread 3 ] DEBUG Engine               - globalSoundVolumeProperty: DoubleProperty [value: 0.5]
01:08:03.499 [FXGL Background Thread 3 ] DEBUG Engine               - height: 800
01:08:03.499 [FXGL Background Thread 3 ] DEBUG Engine               - is3D: false
01:08:03.500 [FXGL Background Thread 3 ] DEBUG Engine               - isAndroid: false
01:08:03.500 [FXGL Background Thread 3 ] DEBUG Engine               - isBrowser: false
01:08:03.500 [FXGL Background Thread 3 ] DEBUG Engine               - isClickFeedbackEnabled: false
01:08:03.500 [FXGL Background Thread 3 ] DEBUG Engine               - isCloseConfirmation: false
01:08:03.501 [FXGL Background Thread 3 ] DEBUG Engine               - isDesktop: true
01:08:03.501 [FXGL Background Thread 3 ] DEBUG Engine               - isDeveloperMenuEnabled: false
01:08:03.501 [FXGL Background Thread 3 ] DEBUG Engine               - isEmbedded: false
01:08:03.501 [FXGL Background Thread 3 ] DEBUG Engine               - isEntityPreloadEnabled: true
01:08:03.501 [FXGL Background Thread 3 ] DEBUG Engine               - isExperimentalTiledLargeMap: false
01:08:03.501 [FXGL Background Thread 3 ] DEBUG Engine               - isFileSystemWriteAllowed: true
01:08:03.501 [FXGL Background Thread 3 ] DEBUG Engine               - isFullScreenAllowed: false
01:08:03.501 [FXGL Background Thread 3 ] DEBUG Engine               - isFullScreenFromStart: false
01:08:03.501 [FXGL Background Thread 3 ] DEBUG Engine               - isGameMenuEnabled: true
01:08:03.501 [FXGL Background Thread 3 ] DEBUG Engine               - isIOS: false
01:08:03.502 [FXGL Background Thread 3 ] DEBUG Engine               - isIntroEnabled: false
01:08:03.502 [FXGL Background Thread 3 ] DEBUG Engine               - isLinux: false
01:08:03.502 [FXGL Background Thread 3 ] DEBUG Engine               - isMac: false
01:08:03.502 [FXGL Background Thread 3 ] DEBUG Engine               - isMainMenuEnabled: true
01:08:03.502 [FXGL Background Thread 3 ] DEBUG Engine               - isManualResizeEnabled: false
01:08:03.502 [FXGL Background Thread 3 ] DEBUG Engine               - isMobile: false
01:08:03.502 [FXGL Background Thread 3 ] DEBUG Engine               - isNative: false
01:08:03.502 [FXGL Background Thread 3 ] DEBUG Engine               - isPauseMusicWhenMinimized: true
01:08:03.502 [FXGL Background Thread 3 ] DEBUG Engine               - isPreserveResizeRatio: false
01:08:03.502 [FXGL Background Thread 3 ] DEBUG Engine               - isProfilingEnabled: false
01:08:03.502 [FXGL Background Thread 3 ] DEBUG Engine               - isScaleAffectedOnResize: true
01:08:03.502 [FXGL Background Thread 3 ] DEBUG Engine               - isSingleStep: false
01:08:03.503 [FXGL Background Thread 3 ] DEBUG Engine               - isUserProfileEnabled: false
01:08:03.503 [FXGL Background Thread 3 ] DEBUG Engine               - isWindows: true
01:08:03.503 [FXGL Background Thread 3 ] DEBUG Engine               - language: ObjectProperty [value: ENGLISH]
01:08:03.503 [FXGL Background Thread 3 ] DEBUG Engine               - menuKey: ESCAPE
01:08:03.503 [FXGL Background Thread 3 ] DEBUG Engine               - mouseSensitivity: 0.2
01:08:03.503 [FXGL Background Thread 3 ] DEBUG Engine               - notificationViewClass: class com.almasb.fxgl.notification.view.XboxNotificationView
01:08:03.503 [FXGL Background Thread 3 ] DEBUG Engine               - pixelsPerMeter: 50.0
01:08:03.503 [FXGL Background Thread 3 ] DEBUG Engine               - platform: WINDOWS
01:08:03.503 [FXGL Background Thread 3 ] DEBUG Engine               - prefHeightProperty: ReadOnlyDoubleProperty [value: 800.0]
01:08:03.503 [FXGL Background Thread 3 ] DEBUG Engine               - prefWidthProperty: ReadOnlyDoubleProperty [value: 800.0]
01:08:03.504 [FXGL Background Thread 3 ] DEBUG Engine               - profileDir: profiles/
01:08:03.504 [FXGL Background Thread 3 ] DEBUG Engine               - profileName: StringProperty [value: DEFAULT]
01:08:03.504 [FXGL Background Thread 3 ] DEBUG Engine               - randomSeed: -1
01:08:03.504 [FXGL Background Thread 3 ] DEBUG Engine               - runtimeInfo: RuntimeInfo(platform=WINDOWS, version=21.1, build=27.03.2024 07.52)
01:08:03.504 [FXGL Background Thread 3 ] DEBUG Engine               - saveFileExt: sav
01:08:03.505 [FXGL Background Thread 3 ] DEBUG Engine               - scaledHeightProp$fxgl: DoubleProperty [bound, value: 728.0]
01:08:03.506 [FXGL Background Thread 3 ] DEBUG Engine               - scaledWidthProp$fxgl: DoubleProperty [bound, value: 703.0]
01:08:03.506 [FXGL Background Thread 3 ] DEBUG Engine               - sceneFactory: com.almasb.fxgl.app.scene.SceneFactory@6fc54f73
01:08:03.506 [FXGL Background Thread 3 ] DEBUG Engine               - secondsIn24h: 60
01:08:03.506 [FXGL Background Thread 3 ] DEBUG Engine               - soundMenuBack: menu/back.wav
01:08:03.506 [FXGL Background Thread 3 ] DEBUG Engine               - soundMenuPress: menu/press.wav
01:08:03.506 [FXGL Background Thread 3 ] DEBUG Engine               - soundMenuSelect: menu/select.wav
01:08:03.506 [FXGL Background Thread 3 ] DEBUG Engine               - soundNotification: core/notification.wav
01:08:03.506 [FXGL Background Thread 3 ] DEBUG Engine               - stageStyle: DECORATED
01:08:03.507 [FXGL Background Thread 3 ] DEBUG Engine               - supportedLanguages: [ENGLISH, FRENCH, GERMAN, HUNGARIAN, RUSSIAN]
01:08:03.507 [FXGL Background Thread 3 ] DEBUG Engine               - ticksPerSecond: -1
01:08:03.507 [FXGL Background Thread 3 ] DEBUG Engine               - title: Gonvival
01:08:03.507 [FXGL Background Thread 3 ] DEBUG Engine               - urlGithub: https://github.com/AlmasB/FXGL
01:08:03.507 [FXGL Background Thread 3 ] DEBUG Engine               - urlLeaderboard: http://fxgl-top.herokuapp.com/
01:08:03.507 [FXGL Background Thread 3 ] DEBUG Engine               - urlPOM: https://raw.githubusercontent.com/AlmasB/FXGL/release/README.md
01:08:03.507 [FXGL Background Thread 3 ] DEBUG Engine               - userAppClass: class com.lab.App
01:08:03.507 [FXGL Background Thread 3 ] DEBUG Engine               - version: beta
01:08:03.507 [FXGL Background Thread 3 ] DEBUG Engine               - versionCheckDays: 7
01:08:03.507 [FXGL Background Thread 3 ] DEBUG Engine               - width: 800
01:08:03.507 [FXGL Background Thread 3 ] DEBUG Engine               - Logging services
01:08:03.507 [FXGL Background Thread 3 ] DEBUG Engine               - class com.almasb.fxgl.app.services.FXGLAssetLoaderService
01:08:03.507 [FXGL Background Thread 3 ] DEBUG Engine               - class com.almasb.fxgl.app.FXGLApplication$GameApplicationService
01:08:03.507 [FXGL Background Thread 3 ] DEBUG Engine               - class com.almasb.fxgl.app.services.FXGLDialogService
01:08:03.507 [FXGL Background Thread 3 ] DEBUG Engine               - class com.almasb.fxgl.app.services.IOTaskExecutorService
01:08:03.508 [FXGL Background Thread 3 ] DEBUG Engine               - class com.almasb.fxgl.io.FileSystemService
01:08:03.508 [FXGL Background Thread 3 ] DEBUG Engine               - class com.almasb.fxgl.localization.LocalizationService
01:08:03.508 [FXGL Background Thread 3 ] DEBUG Engine               - class com.almasb.fxgl.app.services.SystemBundleService
01:08:03.508 [FXGL Background Thread 3 ] DEBUG Engine               - class com.almasb.fxgl.profile.SaveLoadService
01:08:03.508 [FXGL Background Thread 3 ] DEBUG Engine               - class com.almasb.fxgl.ui.FXGLUIFactoryServiceProvider
01:08:03.508 [FXGL Background Thread 3 ] DEBUG Engine               - class com.almasb.fxgl.ui.FXGLDialogFactoryServiceProvider
01:08:03.508 [FXGL Background Thread 3 ] DEBUG Engine               - class com.almasb.fxgl.audio.AudioPlayer
01:08:03.508 [FXGL Background Thread 3 ] DEBUG Engine               - class com.almasb.fxgl.notification.impl.NotificationServiceProvider
01:08:03.508 [FXGL Background Thread 3 ] DEBUG Engine               - class com.almasb.fxgl.achievement.AchievementService
01:08:03.508 [FXGL Background Thread 3 ] DEBUG Engine               - class com.almasb.fxgl.cutscene.CutsceneService
01:08:03.508 [FXGL Background Thread 3 ] DEBUG Engine               - class com.almasb.fxgl.minigames.MiniGameService
01:08:03.508 [FXGL Background Thread 3 ] DEBUG Engine               - class com.almasb.fxgl.net.NetService
01:08:03.508 [FXGL Background Thread 3 ] DEBUG Engine               - class com.almasb.fxgl.app.services.UpdaterService
01:08:03.508 [FXGL Background Thread 3 ] DEBUG Engine               - class com.almasb.fxgl.dev.DevService
01:08:03.512 [FXGL Background Thread 4 ] DEBUG FXGLAssetLoaderServi - Loading from file system: file:/E:/Labs/Gonvival/game/target/classes/assets/textures/walk_left_down.png
01:08:03.516 [FXGL Background Thread 4 ] DEBUG FXGLAssetLoaderServi - Loading from file system: file:/E:/Labs/Gonvival/game/target/classes/assets/textures/walk_right_down.png
01:08:03.519 [FXGL Background Thread 4 ] DEBUG FXGLAssetLoaderServi - Loading from file system: file:/E:/Labs/Gonvival/game/target/classes/assets/textures/walk_up.png
01:08:03.524 [FXGL Background Thread 4 ] DEBUG FXGLAssetLoaderServi - Loading from file system: file:/E:/Labs/Gonvival/game/target/classes/assets/textures/walk_down.png
01:08:03.530 [FXGL Background Thread 4 ] DEBUG FXGLAssetLoaderServi - Loading from file system: file:/E:/Labs/Gonvival/game/target/classes/assets/textures/walk_left_up.png
01:08:03.533 [FXGL Background Thread 4 ] DEBUG FXGLAssetLoaderServi - Loading from file system: file:/E:/Labs/Gonvival/game/target/classes/assets/textures/walk_right_up.png
01:08:03.557 [FXGL Background Thread 4 ] INFO  FXGLApplication      - Game initialization took: 0.343 sec
01:08:03.580 [JavaFX Application Thread] DEBUG Input                - Clearing active input actions
01:08:03.595 [JavaFX Application Thread] DEBUG GameApplicationServi - Removing overlay from FXGLLoadingScene and adding to GameScene
01:08:03.595 [JavaFX Application Thread] DEBUG PrimaryStageWindow   - FXGLLoadingScene -> GameScene
01:08:03.660 [JavaFX Application Thread] DEBUG Input                - Registered new binding: SHOOT - LMB
01:08:03.660 [JavaFX Application Thread] DEBUG Input                - Registered new binding: MOVE LEFT - A
01:08:03.660 [JavaFX Application Thread] DEBUG Input                - Registered new binding: MOVE RIGHT - D
01:08:03.660 [JavaFX Application Thread] DEBUG Input                - Registered new binding: MOVE UP - W
01:08:03.662 [JavaFX Application Thread] DEBUG Input                - Registered new binding: MOVE DOWN - S
01:08:03.984 [JavaFX Application Thread] DEBUG FXGLAssetLoaderServi - Loading from file system: file:/E:/Labs/Gonvival/game/target/classes/assets/textures/evil.png
01:08:04.581 [JavaFX Application Thread] DEBUG FXGLAssetLoaderServi - Loading from file system: file:/E:/Labs/Gonvival/game/target/classes/assets/textures/arrow.png
01:08:30.033 [JavaFX Application Thread] DEBUG PrimaryStageWindow   - Push state: DialogSubScene
01:08:30.033 [JavaFX Application Thread] DEBUG Input                - Clearing active input actions
01:08:30.034 [JavaFX Application Thread] DEBUG GameApplicationServi - Removing overlay from GameScene and adding to DialogSubScene
01:08:30.035 [JavaFX Application Thread] DEBUG PrimaryStageWindow   - GameScene -> DialogSubScene
01:08:31.111 [JavaFX Application Thread] DEBUG PrimaryStageWindow   - Pop state: DialogSubScene
01:08:31.111 [JavaFX Application Thread] DEBUG Input                - Clearing active input actions
01:08:31.113 [JavaFX Application Thread] DEBUG GameApplicationServi - Removing overlay from DialogSubScene and adding to GameScene
01:08:31.113 [JavaFX Application Thread] DEBUG PrimaryStageWindow   - GameScene <- DialogSubScene
01:08:31.113 [JavaFX Application Thread] DEBUG Input                - Clearing active input actions
01:08:31.121 [JavaFX Application Thread] DEBUG GameApplicationServi - Removing overlay from GameScene and adding to FXGLMainMenuDummyScene
01:08:31.121 [JavaFX Application Thread] DEBUG PrimaryStageWindow   - GameScene -> FXGLMainMenuDummyScene
01:08:31.121 [JavaFX Application Thread] DEBUG PrimaryStageWindow   - Push state: FXGLDefaultMenu
01:08:31.122 [JavaFX Application Thread] DEBUG Input                - Clearing active input actions
01:08:31.127 [JavaFX Application Thread] DEBUG GameApplicationServi - Removing overlay from FXGLMainMenuDummyScene and adding to FXGLDefaultMenu
01:08:31.127 [JavaFX Application Thread] DEBUG PrimaryStageWindow   - FXGLMainMenuDummyScene -> FXGLDefaultMenu
01:08:34.360 [JavaFX Application Thread] DEBUG FXGL.DefaultMenu     - createContentControls()
01:08:37.310 [JavaFX Application Thread] DEBUG FXGL.DefaultMenu     - createContentAudio()
01:08:38.474 [JavaFX Application Thread] DEBUG FXGL.DefaultMenu     - createContentVideo()
01:08:41.528 [JavaFX Application Thread] DEBUG Menu                 - fireNewGame()
01:08:41.528 [JavaFX Application Thread] DEBUG GameApplicationServi - Starting new game
01:08:41.528 [JavaFX Application Thread] DEBUG PrimaryStageWindow   - Pop state: FXGLDefaultMenu
01:08:41.529 [JavaFX Application Thread] DEBUG Input                - Clearing active input actions
01:08:41.529 [JavaFX Application Thread] DEBUG GameApplicationServi - Removing overlay from FXGLDefaultMenu and adding to FXGLMainMenuDummyScene
01:08:41.530 [JavaFX Application Thread] DEBUG PrimaryStageWindow   - FXGLMainMenuDummyScene <- FXGLDefaultMenu
01:08:41.530 [JavaFX Application Thread] DEBUG Input                - Clearing active input actions
01:08:41.540 [JavaFX Application Thread] DEBUG GameApplicationServi - Removing overlay from FXGLMainMenuDummyScene and adding to FXGLLoadingScene
01:08:41.541 [JavaFX Application Thread] DEBUG PrimaryStageWindow   - FXGLMainMenuDummyScene -> FXGLLoadingScene
01:08:41.541 [JavaFX Application Thread] DEBUG GameApplicationServi - Clearing previous game
01:08:41.541 [JavaFX Application Thread] DEBUG GameScene            - Clearing game scene
01:08:41.541 [JavaFX Application Thread] DEBUG GameWorld            - Clearing game world
01:08:41.547 [JavaFX Application Thread] DEBUG PhysicsWorld         - Clearing physics world
01:08:41.548 [FXGL Background Thread 2 ] DEBUG FXGLApplication      - Initializing game
01:08:41.551 [FXGL Background Thread 2 ] INFO  FXGLApplication      - Game initialization took: 0.003 sec
01:08:41.562 [JavaFX Application Thread] DEBUG Input                - Clearing active input actions
01:08:41.571 [JavaFX Application Thread] DEBUG GameApplicationServi - Removing overlay from FXGLLoadingScene and adding to GameScene
01:08:41.572 [JavaFX Application Thread] DEBUG PrimaryStageWindow   - FXGLLoadingScene -> GameScene
01:08:41.646 [JavaFX Application Thread] DEBUG LoopRunner           - Stopping loop
01:08:41.706 [JavaFX Application Thread] FATAL FXGLApplication      - Uncaught Exception:
java.lang.IllegalArgumentException: Action already exists: SHOOT
	at com.almasb.fxgl.input.Input.addBinding(Input.kt:504)
	at com.almasb.fxgl.input.Input.addAction(Input.kt:487)
	at com.almasb.fxgl.input.Input.addAction$default(Input.kt:486)
	at com.almasb.fxgl.input.Input.addAction(Input.kt)
	at com.lab.App.initInput(App.java:122)
	at com.lab.App.lambda$1(App.java:78)
	at com.almasb.fxgl.time.TimerAction.update(TimerAction.kt:69)
	at com.almasb.fxgl.time.Timer.update(Timer.kt:38)
	at com.almasb.fxgl.scene.Scene.update(Scene.kt:104)
	at com.almasb.fxgl.app.MainWindow$update$1.invoke(MainWindow.kt:121)
	at com.almasb.fxgl.app.MainWindow$update$1.invoke(MainWindow.kt:121)
	at com.almasb.fxgl.core.fsm.StateMachine.runOnActiveStates(StateMachine.kt:69)
	at com.almasb.fxgl.app.MainWindow.update(MainWindow.kt:121)
	at com.almasb.fxgl.app.FXGLApplication$GameApplicationService.onUpdate(FXGLApplication.kt:445)
	at com.almasb.fxgl.app.Engine.loop(Engine.kt:134)
	at com.almasb.fxgl.app.Engine.access$loop(Engine.kt:24)
	at com.almasb.fxgl.app.Engine$loop$1.invoke(Engine.kt:28)
	at com.almasb.fxgl.app.Engine$loop$1.invoke(Engine.kt:28)
	at com.almasb.fxgl.app.LoopRunner.frame(LoopRunner.kt:103)
	at com.almasb.fxgl.app.LoopRunner.access$frame(LoopRunner.kt:23)
	at com.almasb.fxgl.app.LoopRunner$impl$2$1.onTick(LoopRunner.kt:57)
	at com.almasb.fxgl.app.AnimationTimerLoop$timer$1.handle(LoopRunner.kt:137)
	at javafx.animation.AnimationTimer$AnimationTimerReceiver.lambda$handle$0(AnimationTimer.java:58)
	at java.base/java.security.AccessController.doPrivileged(AccessController.java:400)
	at javafx.animation.AnimationTimer$AnimationTimerReceiver.handle(AnimationTimer.java:57)
	at com.sun.scenario.animation.AbstractPrimaryTimer.timePulseImpl(AbstractPrimaryTimer.java:356)
	at com.sun.scenario.animation.AbstractPrimaryTimer$MainLoop.run(AbstractPrimaryTimer.java:266)
	at com.sun.javafx.tk.quantum.QuantumToolkit.pulse(QuantumToolkit.java:588)
	at com.sun.javafx.tk.quantum.QuantumToolkit.pulse(QuantumToolkit.java:572)
	at com.sun.javafx.tk.quantum.QuantumToolkit.pulseFromQueue(QuantumToolkit.java:565)
	at com.sun.javafx.tk.quantum.QuantumToolkit.lambda$runToolkit$11(QuantumToolkit.java:352)
	at com.sun.glass.ui.InvokeLaterDispatcher$Future.run(InvokeLaterDispatcher.java:95)
	at com.sun.glass.ui.win.WinApplication._runLoop(Native Method)
	at com.sun.glass.ui.win.WinApplication.lambda$runLoop$3(WinApplication.java:185)
	at java.base/java.lang.Thread.run(Thread.java:1583)

01:08:41.712 [JavaFX Application Thread] FATAL FXGLApplication      - Application will now exit
01:08:41.744 [JavaFX Application Thread] DEBUG PrimaryStageWindow   - Push state: ErrorSubScene
01:08:41.744 [JavaFX Application Thread] DEBUG Input                - Clearing active input actions
01:08:41.745 [JavaFX Application Thread] DEBUG GameApplicationServi - Removing overlay from GameScene and adding to ErrorSubScene
01:08:41.746 [JavaFX Application Thread] DEBUG PrimaryStageWindow   - GameScene -> ErrorSubScene
01:08:46.182 [JavaFX Application Thread] DEBUG LoopRunner           - Pausing loop
01:08:59.220 [JavaFX Application Thread] DEBUG LoopRunner           - Resuming loop
01:09:00.776 [JavaFX Application Thread] DEBUG FXGLApplication      - Exiting FXGL
01:09:00.776 [JavaFX Application Thread] DEBUG Async                - Shutting down background threads
01:09:00.777 [JavaFX Application Thread] DEBUG PrimaryStageWindow   - Closing main window
01:09:00.788 [JavaFX Application Thread] DEBUG Logger               - Closing Logger
