23:35:10.349 [main                     ] DEBUG Logger               - Configured Logger
23:35:10.383 [main                     ] DEBUG GameApplication      - Logging settings
Title: Gonvival
Version: beta
Width: 800
Height: 800
Fullscreen: false
Intro: false
Profiling: false
Single step:false
App Mode: DEVELOPER
Menu Key: ESCAPE
Stage Style: DECORATED
Scene Factory: class com.almasb.fxgl.app.scene.SceneFactory

23:35:11.695 [JavaFX Application Thread] DEBUG FXGLApplication      - Initializing FXGL
23:35:11.701 [JavaFX Application Thread] INFO  Engine               - FXGL-21.1 (27.03.2024 07.52) on WINDOWS (J:21.0.5 FX:21.0.1)
23:35:11.701 [JavaFX Application Thread] DEBUG Engine               - JRE Vendor Name: Eclipse Adoptium
23:35:11.702 [JavaFX Application Thread] DEBUG Engine               - Running on OS: Windows 11 version 10.0
23:35:11.702 [JavaFX Application Thread] DEBUG Engine               - Architecture: amd64
23:35:11.702 [JavaFX Application Thread] INFO  Engine               - Source code and latest versions at: https://github.com/AlmasB/FXGL
23:35:11.702 [JavaFX Application Thread] INFO  Engine               -       Ask questions and discuss at: https://github.com/AlmasB/FXGL/discussions
23:35:11.703 [JavaFX Application Thread] INFO  Engine               -              Join the FXGL chat at: https://gitter.im/AlmasB/FXGL
23:35:11.819 [JavaFX Application Thread] DEBUG PrimaryStageWindow   - Creating a JavaFX scene
23:35:11.879 [JavaFX Application Thread] DEBUG PrimaryStageWindow   - Target settings size: 800.0 x 800.0
23:35:11.879 [JavaFX Application Thread] DEBUG PrimaryStageWindow   - Scaled scene size:    800.0 x 800.0
23:35:11.879 [JavaFX Application Thread] DEBUG PrimaryStageWindow   - Scaled ratio: (1.0, 1.0)
23:35:11.880 [JavaFX Application Thread] DEBUG PrimaryStageWindow   - Set initial scene to FXGLStartupScene
23:35:11.883 [JavaFX Application Thread] DEBUG PrimaryStageWindow   - Opening main window
23:35:12.060 [JavaFX Application Thread] DEBUG PrimaryStageWindow   - Window border size: (14.4000244140625, 37.5999755859375)
23:35:12.061 [JavaFX Application Thread] DEBUG PrimaryStageWindow   - Scaled size: 800.0 x 800.0
23:35:12.061 [JavaFX Application Thread] DEBUG PrimaryStageWindow   - Scaled ratio: (1.0, 1.0)
23:35:12.061 [JavaFX Application Thread] DEBUG PrimaryStageWindow   - Scene size: 800.0 x 800.0
23:35:12.062 [JavaFX Application Thread] DEBUG PrimaryStageWindow   - Stage size: 814.4000244140625 x 837.5999755859375
23:35:12.072 [FXGL Background Thread 1 ] DEBUG Engine               - Initializing environment variables
23:35:12.149 [FXGL Background Thread 1 ] DEBUG FXGLAssetLoaderServi - User app class for loading assets: class com.lab.App
23:35:12.150 [FXGL Background Thread 1 ] DEBUG GameApplicationServi - Applying CSS: fxgl_dark.css
23:35:12.151 [FXGL Background Thread 1 ] DEBUG FXGLAssetLoaderServi - Loading from file system: jar:file:/C:/Users/HP/.m2/repository/com/github/almasb/fxgl/21.1/fxgl-21.1.jar!/fxglassets/ui/css/fxgl_dark.css
23:35:12.198 [FXGL Background Thread 1 ] DEBUG GameApplicationServi - Initializing application scenes
23:35:12.248 [FXGL Background Thread 1 ] DEBUG GameWorld            - Game world initialized
23:35:12.330 [FXGL Background Thread 1 ] DEBUG PhysicsWorld         - Physics world initialized: appHeight=800, physics.ppm=50.0
23:35:12.331 [FXGL Background Thread 1 ] DEBUG PhysicsWorld         - Using strategy: BRUTE_FORCE
23:35:12.335 [FXGL Background Thread 1 ] DEBUG GameScene            - Game scene initialized: 800x800
23:35:12.347 [FXGL Background Thread 1 ] DEBUG FXGL.DefaultMenu     - createMenuBodyMainMenu()
23:35:12.367 [FXGL Background Thread 1 ] DEBUG FXGL.DefaultMenu     - createOptionsMenu()
23:35:12.377 [FXGL Background Thread 1 ] DEBUG FXGLAssetLoaderServi - Loading from file system: jar:file:/C:/Users/HP/.m2/repository/com/github/almasb/fxgl/21.1/fxgl-21.1.jar!/fxglassets/textures/particles/smoke.png
23:35:12.545 [FXGL Background Thread 1 ] DEBUG FXGLAssetLoaderServi - Loading from file system: jar:file:/C:/Users/HP/.m2/repository/com/github/almasb/fxgl/21.1/fxgl-21.1.jar!/fxglassets/textures/particles/trace_horizontal.png
23:35:12.573 [FXGL Background Thread 1 ] DEBUG FXGL.DefaultMenu     - createMenuBodyGameMenu()
23:35:12.573 [FXGL Background Thread 1 ] DEBUG FXGL.DefaultMenu     - createOptionsMenu()
23:35:12.587 [FXGL Background Thread 1 ] DEBUG GameApplicationServi - Application scenes initialized
23:35:12.604 [FXGL Background Thread 1 ] DEBUG SystemBundleService  - Loading FXGL system data
23:35:12.612 [FXGL Background Thread 1 ] DEBUG FileSystemAccess     - Reading from: D:\Gonvival\system\fxgl.bundle
23:35:12.624 [FXGL Background Thread 1 ] DEBUG SystemBundleService  - Bundle FXGL: {}
23:35:12.625 [FXGL Background Thread 1 ] DEBUG UpdaterService       - Checking for updates
23:35:12.631 [FXGL Background Thread 4 ] DEBUG FXGLApplication      - Loading fonts
23:35:12.631 [FXGL Background Thread 4 ] DEBUG FXGLAssetLoaderServi - Loading from file system: jar:file:/C:/Users/HP/.m2/repository/com/github/almasb/fxgl/21.1/fxgl-21.1.jar!/fxglassets/ui/fonts/VarelaRound-Regular.ttf
23:35:12.634 [FXGL Background Thread 1 ] DEBUG FXGLApplication      - Loading default localization
23:35:12.636 [FXGL Background Thread 1 ] DEBUG FXGLAssetLoaderServi - Loading from file system: jar:file:/C:/Users/HP/.m2/repository/com/github/almasb/fxgl/21.1/fxgl-21.1.jar!/fxglassets/languages/english.lang
23:35:12.752 [FXGL Background Thread 4 ] DEBUG FXGLAssetLoaderServi - Loading from file system: jar:file:/C:/Users/HP/.m2/repository/com/github/almasb/fxgl/21.1/fxgl-21.1.jar!/fxglassets/ui/fonts/Abel-Regular.ttf
23:35:12.755 [FXGL Background Thread 1 ] INFO  FXGLApplication      - FXGL initialization took: 0.683 sec
23:35:12.758 [JavaFX Application Thread] DEBUG FXGLAssetLoaderServi - Loading from file system: jar:file:/C:/Users/HP/.m2/repository/com/github/almasb/fxgl/21.1/fxgl-21.1.jar!/fxglassets/textures/fxgl_icon.png
23:35:12.760 [FXGL Background Thread 4 ] DEBUG FXGLAssetLoaderServi - Loading from file system: jar:file:/C:/Users/HP/.m2/repository/com/github/almasb/fxgl/21.1/fxgl-21.1.jar!/fxglassets/ui/fonts/TerminalLandMono-Regular.otf
23:35:12.767 [FXGL Background Thread 4 ] DEBUG FXGLAssetLoaderServi - Loading from file system: jar:file:/C:/Users/HP/.m2/repository/com/github/almasb/fxgl/21.1/fxgl-21.1.jar!/fxglassets/ui/fonts/Courier-Prime.ttf
23:35:12.792 [JavaFX Application Thread] DEBUG FXGLAssetLoaderServi - Loading from file system: jar:file:/C:/Users/HP/.m2/repository/com/github/almasb/fxgl/21.1/fxgl-21.1.jar!/fxglassets/textures/fxgl_default_cursor.png
23:35:12.815 [JavaFX Application Thread] DEBUG Input                - Registered new binding: Screenshot - CTRL+8
23:35:12.816 [JavaFX Application Thread] DEBUG Input                - Registered new binding: System info dump - CTRL+9
23:35:12.818 [JavaFX Application Thread] DEBUG Input                - Registered new binding: Restart - CTRL+R
23:35:12.819 [JavaFX Application Thread] DEBUG Input                - Registered new binding: Toggle Debug Camera - CTRL+7
23:35:12.823 [JavaFX Application Thread] DEBUG LoopRunner           - Starting loop
23:35:12.823 [JavaFX Application Thread] DEBUG LoopRunner           - Initializing JavaFX AnimationTimerLoop
23:35:12.828 [JavaFX Application Thread] DEBUG Input                - Clearing active input actions
23:35:12.837 [JavaFX Application Thread] DEBUG GameApplicationServi - Removing overlay from FXGLStartupScene and adding to FXGLMainMenuDummyScene
23:35:12.837 [JavaFX Application Thread] DEBUG PrimaryStageWindow   - FXGLStartupScene -> FXGLMainMenuDummyScene
23:35:12.837 [JavaFX Application Thread] DEBUG PrimaryStageWindow   - Push state: FXGLDefaultMenu
23:35:12.855 [JavaFX Application Thread] DEBUG Input                - Clearing active input actions
23:35:12.871 [JavaFX Application Thread] DEBUG GameApplicationServi - Removing overlay from FXGLMainMenuDummyScene and adding to FXGLDefaultMenu
23:35:12.872 [JavaFX Application Thread] DEBUG PrimaryStageWindow   - FXGLMainMenuDummyScene -> FXGLDefaultMenu
23:35:12.872 [JavaFX Application Thread] DEBUG FXGLApplication      - Registering font factories with UI factory
23:35:15.429 [JavaFX Application Thread] DEBUG Menu                 - fireNewGame()
23:35:15.429 [JavaFX Application Thread] DEBUG GameApplicationServi - Starting new game
23:35:15.431 [JavaFX Application Thread] DEBUG PrimaryStageWindow   - Pop state: FXGLDefaultMenu
23:35:15.431 [JavaFX Application Thread] DEBUG Input                - Clearing active input actions
23:35:15.432 [JavaFX Application Thread] DEBUG GameApplicationServi - Removing overlay from FXGLDefaultMenu and adding to FXGLMainMenuDummyScene
23:35:15.433 [JavaFX Application Thread] DEBUG PrimaryStageWindow   - FXGLMainMenuDummyScene <- FXGLDefaultMenu
23:35:15.434 [JavaFX Application Thread] DEBUG Input                - Clearing active input actions
23:35:15.450 [JavaFX Application Thread] DEBUG GameApplicationServi - Removing overlay from FXGLMainMenuDummyScene and adding to FXGLLoadingScene
23:35:15.451 [JavaFX Application Thread] DEBUG PrimaryStageWindow   - FXGLMainMenuDummyScene -> FXGLLoadingScene
23:35:15.451 [JavaFX Application Thread] DEBUG GameApplicationServi - Clearing previous game
23:35:15.451 [JavaFX Application Thread] DEBUG GameScene            - Clearing game scene
23:35:15.451 [JavaFX Application Thread] DEBUG GameWorld            - Clearing game world
23:35:15.451 [JavaFX Application Thread] DEBUG PhysicsWorld         - Clearing physics world
23:35:15.455 [FXGL Background Thread 2 ] DEBUG FXGLApplication      - Initializing game
23:35:15.474 [FXGL Background Thread 2 ] DEBUG FXGLAssetLoaderServi - Loading from file system: file:/D:/Gonvival/game/target/classes/assets/textures/map.png
23:35:15.565 [FXGL Background Thread 2 ] DEBUG FXGLAssetLoaderServi - Loading from file system: file:/D:/Gonvival/game/target/classes/assets/textures/idle_down.png
23:35:15.572 [FXGL Background Thread 2 ] DEBUG FXGLAssetLoaderServi - Loading from file system: file:/D:/Gonvival/game/target/classes/assets/textures/idle_up.png
23:35:15.574 [FXGL Background Thread 2 ] DEBUG FXGLAssetLoaderServi - Loading from file system: file:/D:/Gonvival/game/target/classes/assets/textures/idle_left_down.png
23:35:15.577 [FXGL Background Thread 2 ] DEBUG FXGLAssetLoaderServi - Loading from file system: file:/D:/Gonvival/game/target/classes/assets/textures/idle_left_up.png
23:35:15.580 [FXGL Background Thread 2 ] DEBUG FXGLAssetLoaderServi - Loading from file system: file:/D:/Gonvival/game/target/classes/assets/textures/idle_right_down.png
23:35:15.583 [FXGL Background Thread 2 ] DEBUG FXGLAssetLoaderServi - Loading from file system: file:/D:/Gonvival/game/target/classes/assets/textures/idle_right_up.png
23:35:15.587 [FXGL Background Thread 2 ] DEBUG FXGLAssetLoaderServi - Loading from file system: file:/D:/Gonvival/game/target/classes/assets/textures/walk_left_down.png
23:35:15.591 [FXGL Background Thread 2 ] DEBUG FXGLAssetLoaderServi - Loading from file system: file:/D:/Gonvival/game/target/classes/assets/textures/walk_right_down.png
23:35:15.594 [FXGL Background Thread 2 ] DEBUG FXGLAssetLoaderServi - Loading from file system: file:/D:/Gonvival/game/target/classes/assets/textures/walk_up.png
23:35:15.598 [FXGL Background Thread 2 ] DEBUG FXGLAssetLoaderServi - Loading from file system: file:/D:/Gonvival/game/target/classes/assets/textures/walk_down.png
23:35:15.601 [FXGL Background Thread 2 ] DEBUG FXGLAssetLoaderServi - Loading from file system: file:/D:/Gonvival/game/target/classes/assets/textures/walk_left_up.png
23:35:15.606 [FXGL Background Thread 2 ] DEBUG FXGLAssetLoaderServi - Loading from file system: file:/D:/Gonvival/game/target/classes/assets/textures/walk_right_up.png
23:35:15.622 [FXGL Background Thread 2 ] INFO  FXGLApplication      - Game initialization took: 0.166 sec
23:35:15.624 [JavaFX Application Thread] DEBUG Input                - Clearing active input actions
23:35:15.628 [FXGL Background Thread 3 ] DEBUG Engine               - Logging environment variables
23:35:15.629 [FXGL Background Thread 3 ] DEBUG Engine               - achievements: []
23:35:15.629 [FXGL Background Thread 3 ] DEBUG Engine               - actualHeight: 800.0
23:35:15.629 [FXGL Background Thread 3 ] DEBUG Engine               - actualHeightProperty: ReadOnlyDoubleProperty [value: 800.0]
23:35:15.629 [FXGL Background Thread 3 ] DEBUG Engine               - actualWidth: 800.0
23:35:15.629 [FXGL Background Thread 3 ] DEBUG Engine               - actualWidthProperty: ReadOnlyDoubleProperty [value: 800.0]
23:35:15.629 [FXGL Background Thread 3 ] DEBUG Engine               - appIcon: fxgl_icon.png
23:35:15.630 [FXGL Background Thread 3 ] DEBUG Engine               - applicationMode: DEVELOPER
23:35:15.630 [JavaFX Application Thread] DEBUG GameApplicationServi - Removing overlay from FXGLLoadingScene and adding to GameScene
23:35:15.630 [FXGL Background Thread 3 ] DEBUG Engine               - cSSList: [fxgl_dark.css]
23:35:15.630 [FXGL Background Thread 3 ] DEBUG Engine               - collisionDetectionStrategy: BRUTE_FORCE
23:35:15.630 [JavaFX Application Thread] DEBUG PrimaryStageWindow   - FXGLLoadingScene -> GameScene
23:35:15.630 [FXGL Background Thread 3 ] DEBUG Engine               - configClass: Optional.empty
23:35:15.630 [FXGL Background Thread 3 ] DEBUG Engine               - credits: []
23:35:15.631 [FXGL Background Thread 3 ] DEBUG Engine               - defaultCursor: CursorInfo(imageName=fxgl_default_cursor.png, hotspotX=7.0, hotspotY=6.0)
23:35:15.631 [FXGL Background Thread 3 ] DEBUG Engine               - devBBoxColorProperty: ObjectProperty [value: 0xff0000ff]
23:35:15.631 [FXGL Background Thread 3 ] DEBUG Engine               - devEnableDebugCameraProperty: BooleanProperty [value: false]
23:35:15.631 [FXGL Background Thread 3 ] DEBUG Engine               - devSensorColorProperty: ObjectProperty [value: 0xffff00ff]
23:35:15.631 [FXGL Background Thread 3 ] DEBUG Engine               - devShowBBoxProperty: BooleanProperty [value: false]
23:35:15.631 [FXGL Background Thread 3 ] DEBUG Engine               - devShowPositionProperty: BooleanProperty [value: false]
23:35:15.632 [FXGL Background Thread 3 ] DEBUG Engine               - enabledMenuItems: []
23:35:15.632 [FXGL Background Thread 3 ] DEBUG Engine               - engineServices: [class com.almasb.fxgl.app.services.FXGLAssetLoaderService, class com.almasb.fxgl.app.FXGLApplication$GameApplicationService, class com.almasb.fxgl.app.services.FXGLDialogService, class com.almasb.fxgl.app.services.IOTaskExecutorService, class com.almasb.fxgl.io.FileSystemService, class com.almasb.fxgl.localization.LocalizationService, class com.almasb.fxgl.app.services.SystemBundleService, class com.almasb.fxgl.profile.SaveLoadService, class com.almasb.fxgl.ui.FXGLUIFactoryServiceProvider, class com.almasb.fxgl.ui.FXGLDialogFactoryServiceProvider, class com.almasb.fxgl.audio.AudioPlayer, class com.almasb.fxgl.notification.impl.NotificationServiceProvider, class com.almasb.fxgl.achievement.AchievementService, class com.almasb.fxgl.cutscene.CutsceneService, class com.almasb.fxgl.minigames.MiniGameService, class com.almasb.fxgl.net.NetService, class com.almasb.fxgl.app.services.UpdaterService, class com.almasb.fxgl.dev.DevService]
23:35:15.632 [FXGL Background Thread 3 ] DEBUG Engine               - fontGame: Abel-Regular.ttf
23:35:15.632 [FXGL Background Thread 3 ] DEBUG Engine               - fontMono: TerminalLandMono-Regular.otf
23:35:15.632 [FXGL Background Thread 3 ] DEBUG Engine               - fontSizeScaleUI: 1.0
23:35:15.632 [FXGL Background Thread 3 ] DEBUG Engine               - fontText: Courier-Prime.ttf
23:35:15.632 [FXGL Background Thread 3 ] DEBUG Engine               - fontUI: VarelaRound-Regular.ttf
23:35:15.632 [FXGL Background Thread 3 ] DEBUG Engine               - fullScreen: BooleanProperty [value: false]
23:35:15.632 [FXGL Background Thread 3 ] DEBUG Engine               - gameDifficulty: MEDIUM
23:35:15.632 [FXGL Background Thread 3 ] DEBUG Engine               - gameDifficultyProperty: ObjectProperty [value: MEDIUM]
23:35:15.632 [FXGL Background Thread 3 ] DEBUG Engine               - globalMusicVolume: 0.5
23:35:15.632 [FXGL Background Thread 3 ] DEBUG Engine               - globalMusicVolumeProperty: DoubleProperty [value: 0.5]
23:35:15.632 [FXGL Background Thread 3 ] DEBUG Engine               - globalSoundVolume: 0.5
23:35:15.632 [FXGL Background Thread 3 ] DEBUG Engine               - globalSoundVolumeProperty: DoubleProperty [value: 0.5]
23:35:15.633 [FXGL Background Thread 3 ] DEBUG Engine               - height: 800
23:35:15.633 [FXGL Background Thread 3 ] DEBUG Engine               - is3D: false
23:35:15.633 [FXGL Background Thread 3 ] DEBUG Engine               - isAndroid: false
23:35:15.633 [FXGL Background Thread 3 ] DEBUG Engine               - isBrowser: false
23:35:15.633 [FXGL Background Thread 3 ] DEBUG Engine               - isClickFeedbackEnabled: false
23:35:15.633 [FXGL Background Thread 3 ] DEBUG Engine               - isCloseConfirmation: false
23:35:15.633 [FXGL Background Thread 3 ] DEBUG Engine               - isDesktop: true
23:35:15.633 [FXGL Background Thread 3 ] DEBUG Engine               - isDeveloperMenuEnabled: false
23:35:15.633 [FXGL Background Thread 3 ] DEBUG Engine               - isEmbedded: false
23:35:15.633 [FXGL Background Thread 3 ] DEBUG Engine               - isEntityPreloadEnabled: true
23:35:15.633 [FXGL Background Thread 3 ] DEBUG Engine               - isExperimentalTiledLargeMap: false
23:35:15.633 [FXGL Background Thread 3 ] DEBUG Engine               - isFileSystemWriteAllowed: true
23:35:15.633 [FXGL Background Thread 3 ] DEBUG Engine               - isFullScreenAllowed: false
23:35:15.633 [FXGL Background Thread 3 ] DEBUG Engine               - isFullScreenFromStart: false
23:35:15.633 [FXGL Background Thread 3 ] DEBUG Engine               - isGameMenuEnabled: true
23:35:15.633 [FXGL Background Thread 3 ] DEBUG Engine               - isIOS: false
23:35:15.634 [FXGL Background Thread 3 ] DEBUG Engine               - isIntroEnabled: false
23:35:15.634 [FXGL Background Thread 3 ] DEBUG Engine               - isLinux: false
23:35:15.634 [FXGL Background Thread 3 ] DEBUG Engine               - isMac: false
23:35:15.634 [FXGL Background Thread 3 ] DEBUG Engine               - isMainMenuEnabled: true
23:35:15.634 [FXGL Background Thread 3 ] DEBUG Engine               - isManualResizeEnabled: false
23:35:15.634 [FXGL Background Thread 3 ] DEBUG Engine               - isMobile: false
23:35:15.634 [FXGL Background Thread 3 ] DEBUG Engine               - isNative: false
23:35:15.634 [FXGL Background Thread 3 ] DEBUG Engine               - isPauseMusicWhenMinimized: true
23:35:15.634 [FXGL Background Thread 3 ] DEBUG Engine               - isPreserveResizeRatio: false
23:35:15.634 [FXGL Background Thread 3 ] DEBUG Engine               - isProfilingEnabled: false
23:35:15.634 [FXGL Background Thread 3 ] DEBUG Engine               - isScaleAffectedOnResize: true
23:35:15.634 [FXGL Background Thread 3 ] DEBUG Engine               - isSingleStep: false
23:35:15.634 [FXGL Background Thread 3 ] DEBUG Engine               - isUserProfileEnabled: false
23:35:15.634 [FXGL Background Thread 3 ] DEBUG Engine               - isWindows: true
23:35:15.634 [FXGL Background Thread 3 ] DEBUG Engine               - language: ObjectProperty [value: ENGLISH]
23:35:15.634 [FXGL Background Thread 3 ] DEBUG Engine               - menuKey: ESCAPE
23:35:15.634 [FXGL Background Thread 3 ] DEBUG Engine               - mouseSensitivity: 0.2
23:35:15.635 [FXGL Background Thread 3 ] DEBUG Engine               - notificationViewClass: class com.almasb.fxgl.notification.view.XboxNotificationView
23:35:15.635 [FXGL Background Thread 3 ] DEBUG Engine               - pixelsPerMeter: 50.0
23:35:15.635 [FXGL Background Thread 3 ] DEBUG Engine               - platform: WINDOWS
23:35:15.635 [FXGL Background Thread 3 ] DEBUG Engine               - prefHeightProperty: ReadOnlyDoubleProperty [value: 800.0]
23:35:15.635 [FXGL Background Thread 3 ] DEBUG Engine               - prefWidthProperty: ReadOnlyDoubleProperty [value: 800.0]
23:35:15.635 [FXGL Background Thread 3 ] DEBUG Engine               - profileDir: profiles/
23:35:15.635 [FXGL Background Thread 3 ] DEBUG Engine               - profileName: StringProperty [value: DEFAULT]
23:35:15.635 [FXGL Background Thread 3 ] DEBUG Engine               - randomSeed: -1
23:35:15.636 [FXGL Background Thread 3 ] DEBUG Engine               - runtimeInfo: RuntimeInfo(platform=WINDOWS, version=21.1, build=27.03.2024 07.52)
23:35:15.636 [FXGL Background Thread 3 ] DEBUG Engine               - saveFileExt: sav
23:35:15.636 [FXGL Background Thread 3 ] DEBUG Engine               - scaledHeightProp$fxgl: DoubleProperty [bound, value: 800.0]
23:35:15.636 [FXGL Background Thread 3 ] DEBUG Engine               - scaledWidthProp$fxgl: DoubleProperty [bound, value: 800.0]
23:35:15.636 [FXGL Background Thread 3 ] DEBUG Engine               - sceneFactory: com.almasb.fxgl.app.scene.SceneFactory@c8cc27
23:35:15.636 [FXGL Background Thread 3 ] DEBUG Engine               - secondsIn24h: 60
23:35:15.637 [FXGL Background Thread 3 ] DEBUG Engine               - soundMenuBack: menu/back.wav
23:35:15.637 [FXGL Background Thread 3 ] DEBUG Engine               - soundMenuPress: menu/press.wav
23:35:15.637 [FXGL Background Thread 3 ] DEBUG Engine               - soundMenuSelect: menu/select.wav
23:35:15.637 [FXGL Background Thread 3 ] DEBUG Engine               - soundNotification: core/notification.wav
23:35:15.637 [FXGL Background Thread 3 ] DEBUG Engine               - stageStyle: DECORATED
23:35:15.637 [FXGL Background Thread 3 ] DEBUG Engine               - supportedLanguages: [ENGLISH, FRENCH, GERMAN, HUNGARIAN, RUSSIAN]
23:35:15.637 [FXGL Background Thread 3 ] DEBUG Engine               - ticksPerSecond: -1
23:35:15.637 [FXGL Background Thread 3 ] DEBUG Engine               - title: Gonvival
23:35:15.637 [FXGL Background Thread 3 ] DEBUG Engine               - urlGithub: https://github.com/AlmasB/FXGL
23:35:15.637 [FXGL Background Thread 3 ] DEBUG Engine               - urlLeaderboard: http://fxgl-top.herokuapp.com/
23:35:15.637 [FXGL Background Thread 3 ] DEBUG Engine               - urlPOM: https://raw.githubusercontent.com/AlmasB/FXGL/release/README.md
23:35:15.637 [FXGL Background Thread 3 ] DEBUG Engine               - userAppClass: class com.lab.App
23:35:15.637 [FXGL Background Thread 3 ] DEBUG Engine               - version: beta
23:35:15.637 [FXGL Background Thread 3 ] DEBUG Engine               - versionCheckDays: 7
23:35:15.637 [FXGL Background Thread 3 ] DEBUG Engine               - width: 800
23:35:15.637 [FXGL Background Thread 3 ] DEBUG Engine               - Logging services
23:35:15.637 [FXGL Background Thread 3 ] DEBUG Engine               - class com.almasb.fxgl.app.services.FXGLAssetLoaderService
23:35:15.637 [FXGL Background Thread 3 ] DEBUG Engine               - class com.almasb.fxgl.app.FXGLApplication$GameApplicationService
23:35:15.637 [FXGL Background Thread 3 ] DEBUG Engine               - class com.almasb.fxgl.app.services.FXGLDialogService
23:35:15.637 [FXGL Background Thread 3 ] DEBUG Engine               - class com.almasb.fxgl.app.services.IOTaskExecutorService
23:35:15.638 [FXGL Background Thread 3 ] DEBUG Engine               - class com.almasb.fxgl.io.FileSystemService
23:35:15.638 [FXGL Background Thread 3 ] DEBUG Engine               - class com.almasb.fxgl.localization.LocalizationService
23:35:15.638 [FXGL Background Thread 3 ] DEBUG Engine               - class com.almasb.fxgl.app.services.SystemBundleService
23:35:15.638 [FXGL Background Thread 3 ] DEBUG Engine               - class com.almasb.fxgl.profile.SaveLoadService
23:35:15.638 [FXGL Background Thread 3 ] DEBUG Engine               - class com.almasb.fxgl.ui.FXGLUIFactoryServiceProvider
23:35:15.638 [FXGL Background Thread 3 ] DEBUG Engine               - class com.almasb.fxgl.ui.FXGLDialogFactoryServiceProvider
23:35:15.638 [FXGL Background Thread 3 ] DEBUG Engine               - class com.almasb.fxgl.audio.AudioPlayer
23:35:15.638 [FXGL Background Thread 3 ] DEBUG Engine               - class com.almasb.fxgl.notification.impl.NotificationServiceProvider
23:35:15.638 [FXGL Background Thread 3 ] DEBUG Engine               - class com.almasb.fxgl.achievement.AchievementService
23:35:15.638 [FXGL Background Thread 3 ] DEBUG Engine               - class com.almasb.fxgl.cutscene.CutsceneService
23:35:15.638 [FXGL Background Thread 3 ] DEBUG Engine               - class com.almasb.fxgl.minigames.MiniGameService
23:35:15.638 [FXGL Background Thread 3 ] DEBUG Engine               - class com.almasb.fxgl.net.NetService
23:35:15.638 [FXGL Background Thread 3 ] DEBUG Engine               - class com.almasb.fxgl.app.services.UpdaterService
23:35:15.638 [FXGL Background Thread 3 ] DEBUG Engine               - class com.almasb.fxgl.dev.DevService
23:35:15.775 [JavaFX Application Thread] DEBUG Input                - Registered new binding: SHOOT - LMB
23:35:15.776 [JavaFX Application Thread] DEBUG Input                - Registered new binding: MOVE LEFT - A
23:35:15.777 [JavaFX Application Thread] DEBUG Input                - Registered new binding: MOVE RIGHT - D
23:35:15.777 [JavaFX Application Thread] DEBUG Input                - Registered new binding: MOVE UP - W
23:35:15.777 [JavaFX Application Thread] DEBUG Input                - Registered new binding: MOVE DOWN - S
23:35:17.040 [JavaFX Application Thread] DEBUG FXGLAssetLoaderServi - Loading from file system: file:/D:/Gonvival/game/target/classes/assets/textures/evil.png
23:35:20.605 [JavaFX Application Thread] DEBUG FXGLAssetLoaderServi - Loading from file system: file:/D:/Gonvival/game/target/classes/assets/textures/arrow.png
23:35:27.308 [JavaFX Application Thread] DEBUG FXGLApplication      - Exiting FXGL
23:35:27.308 [JavaFX Application Thread] DEBUG LoopRunner           - Stopping loop
23:35:27.308 [JavaFX Application Thread] DEBUG SystemBundleService  - Saving FXGL system data
23:35:27.312 [JavaFX Application Thread] DEBUG FileSystemAccess     - Writing to: D:\Gonvival\system\fxgl.bundle
23:35:27.316 [JavaFX Application Thread] DEBUG Async                - Shutting down background threads
23:35:27.317 [JavaFX Application Thread] DEBUG PrimaryStageWindow   - Closing main window
23:35:27.434 [JavaFX Application Thread] DEBUG Logger               - Closing Logger
