05:07:01.277 [main                     ] DEBUG Logger               - Configured Logger
05:07:01.302 [main                     ] DEBUG GameApplication      - Logging settings
Title: Gonvival
Version: beta
Width: 800
Height: 800
Fullscreen: false
Intro: false
Profiling: false
Single step:false
App Mode: DEVELOPER
Menu Key: ESCAPE
Stage Style: DECORATED
Scene Factory: class com.lab.App$1

05:07:02.389 [JavaFX Application Thread] DEBUG FXGLApplication      - Initializing FXGL
05:07:02.407 [JavaFX Application Thread] INFO  Engine               - FXGL-21.1 (27.03.2024 07.52) on WINDOWS (J:21.0.5 FX:21.0.1)
05:07:02.408 [JavaFX Application Thread] DEBUG Engine               - JRE Vendor Name: Eclipse Adoptium
05:07:02.408 [JavaFX Application Thread] DEBUG Engine               - Running on OS: Windows 11 version 10.0
05:07:02.409 [JavaFX Application Thread] DEBUG Engine               - Architecture: amd64
05:07:02.409 [JavaFX Application Thread] INFO  Engine               - Source code and latest versions at: https://github.com/AlmasB/FXGL
05:07:02.409 [JavaFX Application Thread] INFO  Engine               -       Ask questions and discuss at: https://github.com/AlmasB/FXGL/discussions
05:07:02.410 [JavaFX Application Thread] INFO  Engine               -              Join the FXGL chat at: https://gitter.im/AlmasB/FXGL
05:07:02.562 [JavaFX Application Thread] DEBUG PrimaryStageWindow   - Creating a JavaFX scene
05:07:02.634 [JavaFX Application Thread] DEBUG PrimaryStageWindow   - Target settings size: 800.0 x 800.0
05:07:02.634 [JavaFX Application Thread] DEBUG PrimaryStageWindow   - Scaled scene size:    800.0 x 800.0
05:07:02.635 [JavaFX Application Thread] DEBUG PrimaryStageWindow   - Scaled ratio: (1.0, 1.0)
05:07:02.636 [JavaFX Application Thread] DEBUG PrimaryStageWindow   - Set initial scene to FXGLStartupScene
05:07:02.642 [JavaFX Application Thread] DEBUG PrimaryStageWindow   - Opening main window
05:07:02.869 [JavaFX Application Thread] DEBUG PrimaryStageWindow   - Window border size: (14.4000244140625, 37.5999755859375)
05:07:02.870 [JavaFX Application Thread] DEBUG PrimaryStageWindow   - Scaled size: 800.0 x 800.0
05:07:02.870 [JavaFX Application Thread] DEBUG PrimaryStageWindow   - Scaled ratio: (1.0, 1.0)
05:07:02.871 [JavaFX Application Thread] DEBUG PrimaryStageWindow   - Scene size: 800.0 x 800.0
05:07:02.871 [JavaFX Application Thread] DEBUG PrimaryStageWindow   - Stage size: 814.4000244140625 x 837.5999755859375
05:07:02.893 [FXGL Background Thread 1 ] DEBUG Engine               - Initializing environment variables
05:07:03.017 [FXGL Background Thread 1 ] DEBUG FXGLAssetLoaderServi - User app class for loading assets: class com.lab.App
05:07:03.017 [FXGL Background Thread 1 ] DEBUG GameApplicationServi - Applying CSS: fxgl_dark.css
05:07:03.018 [FXGL Background Thread 1 ] DEBUG FXGLAssetLoaderServi - Loading from file system: jar:file:/C:/Users/HP/.m2/repository/com/github/almasb/fxgl/21.1/fxgl-21.1.jar!/fxglassets/ui/css/fxgl_dark.css
05:07:03.071 [FXGL Background Thread 1 ] DEBUG GameApplicationServi - Initializing application scenes
05:07:03.128 [FXGL Background Thread 1 ] DEBUG GameWorld            - Game world initialized
05:07:03.207 [FXGL Background Thread 1 ] DEBUG PhysicsWorld         - Physics world initialized: appHeight=800, physics.ppm=50.0
05:07:03.208 [FXGL Background Thread 1 ] DEBUG PhysicsWorld         - Using strategy: BRUTE_FORCE
05:07:03.211 [FXGL Background Thread 1 ] DEBUG GameScene            - Game scene initialized: 800x800
05:07:03.272 [FXGL Background Thread 1 ] DEBUG FXGL.DefaultMenu     - createMenuBodyGameMenu()
05:07:03.292 [FXGL Background Thread 1 ] DEBUG FXGL.DefaultMenu     - createOptionsMenu()
05:07:03.304 [FXGL Background Thread 1 ] DEBUG FXGLAssetLoaderServi - Loading from file system: jar:file:/C:/Users/HP/.m2/repository/com/github/almasb/fxgl/21.1/fxgl-21.1.jar!/fxglassets/textures/particles/smoke.png
05:07:03.552 [FXGL Background Thread 1 ] DEBUG FXGLAssetLoaderServi - Loading from file system: jar:file:/C:/Users/HP/.m2/repository/com/github/almasb/fxgl/21.1/fxgl-21.1.jar!/fxglassets/textures/particles/trace_horizontal.png
05:07:03.592 [FXGL Background Thread 1 ] DEBUG GameApplicationServi - Application scenes initialized
05:07:03.613 [FXGL Background Thread 1 ] DEBUG SystemBundleService  - Loading FXGL system data
05:07:03.619 [FXGL Background Thread 1 ] DEBUG FileSystemAccess     - Reading from: D:\Gonvival\system\fxgl.bundle
05:07:03.635 [FXGL Background Thread 1 ] DEBUG SystemBundleService  - Bundle FXGL: {}
05:07:03.635 [FXGL Background Thread 1 ] DEBUG UpdaterService       - Checking for updates
05:07:03.644 [FXGL Background Thread 4 ] DEBUG FXGLApplication      - Loading fonts
05:07:03.645 [FXGL Background Thread 4 ] DEBUG FXGLAssetLoaderServi - Loading from file system: jar:file:/C:/Users/HP/.m2/repository/com/github/almasb/fxgl/21.1/fxgl-21.1.jar!/fxglassets/ui/fonts/VarelaRound-Regular.ttf
05:07:03.647 [FXGL Background Thread 1 ] DEBUG FXGLApplication      - Loading default localization
05:07:03.648 [FXGL Background Thread 1 ] DEBUG FXGLAssetLoaderServi - Loading from file system: jar:file:/C:/Users/HP/.m2/repository/com/github/almasb/fxgl/21.1/fxgl-21.1.jar!/fxglassets/languages/english.lang
05:07:03.698 [FXGL Background Thread 1 ] INFO  FXGLApplication      - FXGL initialization took: 0.805 sec
05:07:03.701 [JavaFX Application Thread] DEBUG FXGLAssetLoaderServi - Loading from file system: jar:file:/C:/Users/HP/.m2/repository/com/github/almasb/fxgl/21.1/fxgl-21.1.jar!/fxglassets/textures/fxgl_icon.png
05:07:03.734 [FXGL Background Thread 4 ] DEBUG FXGLAssetLoaderServi - Loading from file system: jar:file:/C:/Users/HP/.m2/repository/com/github/almasb/fxgl/21.1/fxgl-21.1.jar!/fxglassets/ui/fonts/Abel-Regular.ttf
05:07:03.735 [JavaFX Application Thread] DEBUG FXGLAssetLoaderServi - Loading from file system: jar:file:/C:/Users/HP/.m2/repository/com/github/almasb/fxgl/21.1/fxgl-21.1.jar!/fxglassets/textures/fxgl_default_cursor.png
05:07:03.741 [FXGL Background Thread 4 ] DEBUG FXGLAssetLoaderServi - Loading from file system: jar:file:/C:/Users/HP/.m2/repository/com/github/almasb/fxgl/21.1/fxgl-21.1.jar!/fxglassets/ui/fonts/TerminalLandMono-Regular.otf
05:07:03.748 [FXGL Background Thread 4 ] DEBUG FXGLAssetLoaderServi - Loading from file system: jar:file:/C:/Users/HP/.m2/repository/com/github/almasb/fxgl/21.1/fxgl-21.1.jar!/fxglassets/ui/fonts/Courier-Prime.ttf
05:07:03.755 [JavaFX Application Thread] DEBUG Input                - Registered new binding: Screenshot - CTRL+8
05:07:03.756 [JavaFX Application Thread] DEBUG Input                - Registered new binding: System info dump - CTRL+9
05:07:03.757 [JavaFX Application Thread] DEBUG Input                - Registered new binding: Restart - CTRL+R
05:07:03.758 [JavaFX Application Thread] DEBUG Input                - Registered new binding: Toggle Debug Camera - CTRL+7
05:07:03.765 [JavaFX Application Thread] DEBUG LoopRunner           - Starting loop
05:07:03.765 [JavaFX Application Thread] DEBUG LoopRunner           - Initializing JavaFX AnimationTimerLoop
05:07:03.769 [JavaFX Application Thread] DEBUG Input                - Clearing active input actions
05:07:03.779 [JavaFX Application Thread] DEBUG GameApplicationServi - Removing overlay from FXGLStartupScene and adding to FXGLMainMenuDummyScene
05:07:03.779 [JavaFX Application Thread] DEBUG PrimaryStageWindow   - FXGLStartupScene -> FXGLMainMenuDummyScene
05:07:03.779 [JavaFX Application Thread] DEBUG PrimaryStageWindow   - Push state: StartScreen
05:07:03.780 [JavaFX Application Thread] DEBUG Input                - Clearing active input actions
05:07:03.804 [JavaFX Application Thread] DEBUG GameApplicationServi - Removing overlay from FXGLMainMenuDummyScene and adding to StartScreen
05:07:03.804 [JavaFX Application Thread] DEBUG PrimaryStageWindow   - FXGLMainMenuDummyScene -> StartScreen
05:07:03.805 [JavaFX Application Thread] DEBUG FXGLApplication      - Registering font factories with UI factory
05:07:04.882 [JavaFX Application Thread] DEBUG Menu                 - fireNewGame()
05:07:04.883 [JavaFX Application Thread] DEBUG GameApplicationServi - Starting new game
05:07:04.883 [JavaFX Application Thread] DEBUG PrimaryStageWindow   - Pop state: StartScreen
05:07:04.883 [JavaFX Application Thread] DEBUG Input                - Clearing active input actions
05:07:04.884 [JavaFX Application Thread] DEBUG GameApplicationServi - Removing overlay from StartScreen and adding to FXGLMainMenuDummyScene
05:07:04.884 [JavaFX Application Thread] DEBUG PrimaryStageWindow   - FXGLMainMenuDummyScene <- StartScreen
05:07:04.885 [JavaFX Application Thread] DEBUG Input                - Clearing active input actions
05:07:04.902 [JavaFX Application Thread] DEBUG GameApplicationServi - Removing overlay from FXGLMainMenuDummyScene and adding to FXGLLoadingScene
05:07:04.902 [JavaFX Application Thread] DEBUG PrimaryStageWindow   - FXGLMainMenuDummyScene -> FXGLLoadingScene
05:07:04.902 [JavaFX Application Thread] DEBUG GameApplicationServi - Clearing previous game
05:07:04.903 [JavaFX Application Thread] DEBUG GameScene            - Clearing game scene
05:07:04.903 [JavaFX Application Thread] DEBUG GameWorld            - Clearing game world
05:07:04.903 [JavaFX Application Thread] DEBUG PhysicsWorld         - Clearing physics world
05:07:04.907 [FXGL Background Thread 2 ] DEBUG FXGLApplication      - Initializing game
05:07:04.930 [FXGL Background Thread 2 ] DEBUG FXGLAssetLoaderServi - Loading from file system: file:/D:/Gonvival/game/target/classes/assets/textures/newmap2.png
05:07:05.000 [FXGL Background Thread 2 ] DEBUG FXGLAssetLoaderServi - Loading from file system: file:/D:/Gonvival/game/target/classes/assets/textures/Level.png
05:07:05.038 [FXGL Background Thread 2 ] DEBUG FXGLAssetLoaderServi - Loading from file system: file:/D:/Gonvival/game/target/classes/assets/textures/idle_down.png
05:07:05.041 [FXGL Background Thread 2 ] DEBUG FXGLAssetLoaderServi - Loading from file system: file:/D:/Gonvival/game/target/classes/assets/textures/idle_up.png
05:07:05.044 [FXGL Background Thread 2 ] DEBUG FXGLAssetLoaderServi - Loading from file system: file:/D:/Gonvival/game/target/classes/assets/textures/idle_left_down.png
05:07:05.046 [FXGL Background Thread 2 ] DEBUG FXGLAssetLoaderServi - Loading from file system: file:/D:/Gonvival/game/target/classes/assets/textures/idle_left_up.png
05:07:05.048 [FXGL Background Thread 2 ] DEBUG FXGLAssetLoaderServi - Loading from file system: file:/D:/Gonvival/game/target/classes/assets/textures/idle_right_down.png
05:07:05.050 [FXGL Background Thread 2 ] DEBUG FXGLAssetLoaderServi - Loading from file system: file:/D:/Gonvival/game/target/classes/assets/textures/idle_right_up.png
05:07:05.052 [FXGL Background Thread 2 ] DEBUG FXGLAssetLoaderServi - Loading from file system: file:/D:/Gonvival/game/target/classes/assets/textures/walk_left_down.png
05:07:05.054 [FXGL Background Thread 2 ] DEBUG FXGLAssetLoaderServi - Loading from file system: file:/D:/Gonvival/game/target/classes/assets/textures/walk_right_down.png
05:07:05.056 [FXGL Background Thread 2 ] DEBUG FXGLAssetLoaderServi - Loading from file system: file:/D:/Gonvival/game/target/classes/assets/textures/walk_up.png
05:07:05.058 [FXGL Background Thread 2 ] DEBUG FXGLAssetLoaderServi - Loading from file system: file:/D:/Gonvival/game/target/classes/assets/textures/walk_down.png
05:07:05.060 [FXGL Background Thread 2 ] DEBUG FXGLAssetLoaderServi - Loading from file system: file:/D:/Gonvival/game/target/classes/assets/textures/walk_left_up.png
05:07:05.062 [FXGL Background Thread 2 ] DEBUG FXGLAssetLoaderServi - Loading from file system: file:/D:/Gonvival/game/target/classes/assets/textures/walk_right_up.png
05:07:05.082 [FXGL Background Thread 2 ] INFO  FXGLApplication      - Game initialization took: 0.175 sec
05:07:05.086 [JavaFX Application Thread] DEBUG Input                - Clearing active input actions
05:07:05.091 [JavaFX Application Thread] DEBUG GameApplicationServi - Removing overlay from FXGLLoadingScene and adding to GameScene
05:07:05.092 [JavaFX Application Thread] DEBUG PrimaryStageWindow   - FXGLLoadingScene -> GameScene
05:07:05.198 [JavaFX Application Thread] DEBUG Input                - Registered new binding: SHOOT - LMB
05:07:05.199 [JavaFX Application Thread] DEBUG Input                - Registered new binding: MOVE LEFT - A
05:07:05.199 [JavaFX Application Thread] DEBUG Input                - Registered new binding: MOVE RIGHT - D
05:07:05.199 [JavaFX Application Thread] DEBUG Input                - Registered new binding: MOVE UP - W
05:07:05.199 [JavaFX Application Thread] DEBUG Input                - Registered new binding: MOVE DOWN - S
05:07:05.948 [JavaFX Application Thread] DEBUG FXGLAssetLoaderServi - Loading from file system: file:/D:/Gonvival/game/target/classes/assets/textures/GraveRevenant.png
05:07:06.610 [JavaFX Application Thread] DEBUG PrimaryStageWindow   - Push state: DialogSubScene
05:07:06.610 [JavaFX Application Thread] DEBUG Input                - Clearing active input actions
05:07:06.613 [JavaFX Application Thread] DEBUG GameApplicationServi - Removing overlay from GameScene and adding to DialogSubScene
05:07:06.613 [JavaFX Application Thread] DEBUG PrimaryStageWindow   - GameScene -> DialogSubScene
05:07:06.615 [JavaFX Application Thread] WARN  FXGLAssetLoaderServi - Asset "/assets/textures/null" was not found!
05:07:06.616 [JavaFX Application Thread] WARN  FXGLAssetLoaderServi - Failed to load IMAGE
05:07:06.635 [JavaFX Application Thread] WARN  GameWorld            - Entity is already attached to world
05:07:06.640 [FXGL Background Thread 3 ] DEBUG Engine               - Logging environment variables
05:07:06.642 [FXGL Background Thread 3 ] DEBUG Engine               - achievements: []
05:07:06.644 [FXGL Background Thread 3 ] DEBUG Engine               - actualHeight: 800.0
05:07:06.644 [FXGL Background Thread 3 ] DEBUG Engine               - actualHeightProperty: ReadOnlyDoubleProperty [value: 800.0]
05:07:06.645 [FXGL Background Thread 3 ] DEBUG Engine               - actualWidth: 800.0
05:07:06.645 [FXGL Background Thread 3 ] DEBUG Engine               - actualWidthProperty: ReadOnlyDoubleProperty [value: 800.0]
05:07:06.646 [FXGL Background Thread 3 ] DEBUG Engine               - appIcon: fxgl_icon.png
05:07:06.646 [FXGL Background Thread 3 ] DEBUG Engine               - applicationMode: DEVELOPER
05:07:06.646 [FXGL Background Thread 3 ] DEBUG Engine               - cSSList: [fxgl_dark.css]
05:07:06.646 [FXGL Background Thread 3 ] DEBUG Engine               - collisionDetectionStrategy: BRUTE_FORCE
05:07:06.647 [FXGL Background Thread 3 ] DEBUG Engine               - configClass: Optional.empty
05:07:06.647 [FXGL Background Thread 3 ] DEBUG Engine               - credits: []
05:07:06.648 [FXGL Background Thread 3 ] DEBUG Engine               - defaultCursor: CursorInfo(imageName=fxgl_default_cursor.png, hotspotX=7.0, hotspotY=6.0)
05:07:06.648 [FXGL Background Thread 3 ] DEBUG Engine               - devBBoxColorProperty: ObjectProperty [value: 0xff0000ff]
05:07:06.649 [FXGL Background Thread 3 ] DEBUG Engine               - devEnableDebugCameraProperty: BooleanProperty [value: false]
05:07:06.649 [FXGL Background Thread 3 ] DEBUG Engine               - devSensorColorProperty: ObjectProperty [value: 0xffff00ff]
05:07:06.649 [FXGL Background Thread 3 ] DEBUG Engine               - devShowBBoxProperty: BooleanProperty [value: false]
05:07:06.649 [FXGL Background Thread 3 ] DEBUG Engine               - devShowPositionProperty: BooleanProperty [value: false]
05:07:06.650 [FXGL Background Thread 3 ] DEBUG Engine               - enabledMenuItems: []
05:07:06.650 [FXGL Background Thread 3 ] DEBUG Engine               - engineServices: [class com.almasb.fxgl.app.services.FXGLAssetLoaderService, class com.almasb.fxgl.app.FXGLApplication$GameApplicationService, class com.almasb.fxgl.app.services.FXGLDialogService, class com.almasb.fxgl.app.services.IOTaskExecutorService, class com.almasb.fxgl.io.FileSystemService, class com.almasb.fxgl.localization.LocalizationService, class com.almasb.fxgl.app.services.SystemBundleService, class com.almasb.fxgl.profile.SaveLoadService, class com.almasb.fxgl.ui.FXGLUIFactoryServiceProvider, class com.almasb.fxgl.ui.FXGLDialogFactoryServiceProvider, class com.almasb.fxgl.audio.AudioPlayer, class com.almasb.fxgl.notification.impl.NotificationServiceProvider, class com.almasb.fxgl.achievement.AchievementService, class com.almasb.fxgl.cutscene.CutsceneService, class com.almasb.fxgl.minigames.MiniGameService, class com.almasb.fxgl.net.NetService, class com.almasb.fxgl.app.services.UpdaterService, class com.almasb.fxgl.dev.DevService]
05:07:06.650 [FXGL Background Thread 3 ] DEBUG Engine               - fontGame: Abel-Regular.ttf
05:07:06.651 [FXGL Background Thread 3 ] DEBUG Engine               - fontMono: TerminalLandMono-Regular.otf
05:07:06.651 [FXGL Background Thread 3 ] DEBUG Engine               - fontSizeScaleUI: 1.0
05:07:06.651 [FXGL Background Thread 3 ] DEBUG Engine               - fontText: Courier-Prime.ttf
05:07:06.651 [FXGL Background Thread 3 ] DEBUG Engine               - fontUI: VarelaRound-Regular.ttf
05:07:06.651 [FXGL Background Thread 3 ] DEBUG Engine               - fullScreen: BooleanProperty [value: false]
05:07:06.651 [FXGL Background Thread 3 ] DEBUG Engine               - gameDifficulty: MEDIUM
05:07:06.652 [FXGL Background Thread 3 ] DEBUG Engine               - gameDifficultyProperty: ObjectProperty [value: MEDIUM]
05:07:06.652 [FXGL Background Thread 3 ] DEBUG Engine               - globalMusicVolume: 0.5
05:07:06.652 [FXGL Background Thread 3 ] DEBUG Engine               - globalMusicVolumeProperty: DoubleProperty [value: 1.0]
05:07:06.652 [FXGL Background Thread 3 ] DEBUG Engine               - globalSoundVolume: 0.5
05:07:06.653 [FXGL Background Thread 3 ] DEBUG Engine               - globalSoundVolumeProperty: DoubleProperty [value: 1.0]
05:07:06.653 [FXGL Background Thread 3 ] DEBUG Engine               - height: 800
05:07:06.653 [FXGL Background Thread 3 ] DEBUG Engine               - is3D: false
05:07:06.653 [FXGL Background Thread 3 ] DEBUG Engine               - isAndroid: false
05:07:06.653 [FXGL Background Thread 3 ] DEBUG Engine               - isBrowser: false
05:07:06.653 [FXGL Background Thread 3 ] DEBUG Engine               - isClickFeedbackEnabled: false
05:07:06.653 [FXGL Background Thread 3 ] DEBUG Engine               - isCloseConfirmation: false
05:07:06.654 [FXGL Background Thread 3 ] DEBUG Engine               - isDesktop: true
05:07:06.654 [FXGL Background Thread 3 ] DEBUG Engine               - isDeveloperMenuEnabled: false
05:07:06.654 [FXGL Background Thread 3 ] DEBUG Engine               - isEmbedded: false
05:07:06.654 [FXGL Background Thread 3 ] DEBUG Engine               - isEntityPreloadEnabled: true
05:07:06.654 [FXGL Background Thread 3 ] DEBUG Engine               - isExperimentalTiledLargeMap: false
05:07:06.654 [FXGL Background Thread 3 ] DEBUG Engine               - isFileSystemWriteAllowed: true
05:07:06.654 [FXGL Background Thread 3 ] DEBUG Engine               - isFullScreenAllowed: false
05:07:06.654 [FXGL Background Thread 3 ] DEBUG Engine               - isFullScreenFromStart: false
05:07:06.654 [FXGL Background Thread 3 ] DEBUG Engine               - isGameMenuEnabled: true
05:07:06.655 [FXGL Background Thread 3 ] DEBUG Engine               - isIOS: false
05:07:06.655 [FXGL Background Thread 3 ] DEBUG Engine               - isIntroEnabled: false
05:07:06.655 [FXGL Background Thread 3 ] DEBUG Engine               - isLinux: false
05:07:06.655 [FXGL Background Thread 3 ] DEBUG Engine               - isMac: false
05:07:06.656 [FXGL Background Thread 3 ] DEBUG Engine               - isMainMenuEnabled: true
05:07:06.656 [FXGL Background Thread 3 ] DEBUG Engine               - isManualResizeEnabled: false
05:07:06.657 [FXGL Background Thread 3 ] DEBUG Engine               - isMobile: false
05:07:06.657 [FXGL Background Thread 3 ] DEBUG Engine               - isNative: false
05:07:06.657 [FXGL Background Thread 3 ] DEBUG Engine               - isPauseMusicWhenMinimized: true
05:07:06.657 [FXGL Background Thread 3 ] DEBUG Engine               - isPreserveResizeRatio: false
05:07:06.657 [FXGL Background Thread 3 ] DEBUG Engine               - isProfilingEnabled: false
05:07:06.658 [FXGL Background Thread 3 ] DEBUG Engine               - isScaleAffectedOnResize: true
05:07:06.658 [FXGL Background Thread 3 ] DEBUG Engine               - isSingleStep: false
05:07:06.658 [FXGL Background Thread 3 ] DEBUG Engine               - isUserProfileEnabled: false
05:07:06.658 [FXGL Background Thread 3 ] DEBUG Engine               - isWindows: true
05:07:06.659 [FXGL Background Thread 3 ] DEBUG Engine               - language: ObjectProperty [value: ENGLISH]
05:07:06.659 [FXGL Background Thread 3 ] DEBUG Engine               - menuKey: ESCAPE
05:07:06.659 [FXGL Background Thread 3 ] DEBUG Engine               - mouseSensitivity: 0.2
05:07:06.660 [FXGL Background Thread 3 ] DEBUG Engine               - notificationViewClass: class com.almasb.fxgl.notification.view.XboxNotificationView
05:07:06.660 [FXGL Background Thread 3 ] DEBUG Engine               - pixelsPerMeter: 50.0
05:07:06.660 [FXGL Background Thread 3 ] DEBUG Engine               - platform: WINDOWS
05:07:06.660 [FXGL Background Thread 3 ] DEBUG Engine               - prefHeightProperty: ReadOnlyDoubleProperty [value: 800.0]
05:07:06.660 [FXGL Background Thread 3 ] DEBUG Engine               - prefWidthProperty: ReadOnlyDoubleProperty [value: 800.0]
05:07:06.661 [FXGL Background Thread 3 ] DEBUG Engine               - profileDir: profiles/
05:07:06.661 [FXGL Background Thread 3 ] DEBUG Engine               - profileName: StringProperty [value: DEFAULT]
05:07:06.661 [FXGL Background Thread 3 ] DEBUG Engine               - randomSeed: -1
05:07:06.662 [FXGL Background Thread 3 ] DEBUG Engine               - runtimeInfo: RuntimeInfo(platform=WINDOWS, version=21.1, build=27.03.2024 07.52)
05:07:06.662 [FXGL Background Thread 3 ] DEBUG Engine               - saveFileExt: sav
05:07:06.662 [FXGL Background Thread 3 ] DEBUG Engine               - scaledHeightProp$fxgl: DoubleProperty [bound, value: 800.0]
05:07:06.662 [FXGL Background Thread 3 ] DEBUG Engine               - scaledWidthProp$fxgl: DoubleProperty [bound, value: 800.0]
05:07:06.664 [FXGL Background Thread 3 ] DEBUG Engine               - sceneFactory: com.lab.App$1@2a1ce718
05:07:06.665 [FXGL Background Thread 3 ] DEBUG Engine               - secondsIn24h: 60
05:07:06.665 [FXGL Background Thread 3 ] DEBUG Engine               - soundMenuBack: menu/back.wav
05:07:06.665 [FXGL Background Thread 3 ] DEBUG Engine               - soundMenuPress: menu/press.wav
05:07:06.665 [FXGL Background Thread 3 ] DEBUG Engine               - soundMenuSelect: menu/select.wav
05:07:06.665 [FXGL Background Thread 3 ] DEBUG Engine               - soundNotification: core/notification.wav
05:07:06.666 [FXGL Background Thread 3 ] DEBUG Engine               - stageStyle: DECORATED
05:07:06.666 [FXGL Background Thread 3 ] DEBUG Engine               - supportedLanguages: [ENGLISH, FRENCH, GERMAN, HUNGARIAN, RUSSIAN]
05:07:06.666 [FXGL Background Thread 3 ] DEBUG Engine               - ticksPerSecond: -1
05:07:06.666 [FXGL Background Thread 3 ] DEBUG Engine               - title: Gonvival
05:07:06.666 [FXGL Background Thread 3 ] DEBUG Engine               - urlGithub: https://github.com/AlmasB/FXGL
05:07:06.666 [FXGL Background Thread 3 ] DEBUG Engine               - urlLeaderboard: http://fxgl-top.herokuapp.com/
05:07:06.666 [FXGL Background Thread 3 ] DEBUG Engine               - urlPOM: https://raw.githubusercontent.com/AlmasB/FXGL/release/README.md
05:07:06.667 [FXGL Background Thread 3 ] DEBUG Engine               - userAppClass: class com.lab.App
05:07:06.667 [FXGL Background Thread 3 ] DEBUG Engine               - version: beta
05:07:06.667 [FXGL Background Thread 3 ] DEBUG Engine               - versionCheckDays: 7
05:07:06.667 [FXGL Background Thread 3 ] DEBUG Engine               - width: 800
05:07:06.667 [FXGL Background Thread 3 ] DEBUG Engine               - Logging services
05:07:06.667 [FXGL Background Thread 3 ] DEBUG Engine               - class com.almasb.fxgl.app.services.FXGLAssetLoaderService
05:07:06.667 [FXGL Background Thread 3 ] DEBUG Engine               - class com.almasb.fxgl.app.FXGLApplication$GameApplicationService
05:07:06.667 [FXGL Background Thread 3 ] DEBUG Engine               - class com.almasb.fxgl.app.services.FXGLDialogService
05:07:06.667 [FXGL Background Thread 3 ] DEBUG Engine               - class com.almasb.fxgl.app.services.IOTaskExecutorService
05:07:06.668 [FXGL Background Thread 3 ] DEBUG Engine               - class com.almasb.fxgl.io.FileSystemService
05:07:06.668 [FXGL Background Thread 3 ] DEBUG Engine               - class com.almasb.fxgl.localization.LocalizationService
05:07:06.668 [FXGL Background Thread 3 ] DEBUG Engine               - class com.almasb.fxgl.app.services.SystemBundleService
05:07:06.668 [FXGL Background Thread 3 ] DEBUG Engine               - class com.almasb.fxgl.profile.SaveLoadService
05:07:06.668 [FXGL Background Thread 3 ] DEBUG Engine               - class com.almasb.fxgl.ui.FXGLUIFactoryServiceProvider
05:07:06.668 [FXGL Background Thread 3 ] DEBUG Engine               - class com.almasb.fxgl.ui.FXGLDialogFactoryServiceProvider
05:07:06.668 [FXGL Background Thread 3 ] DEBUG Engine               - class com.almasb.fxgl.audio.AudioPlayer
05:07:06.669 [FXGL Background Thread 3 ] DEBUG Engine               - class com.almasb.fxgl.notification.impl.NotificationServiceProvider
05:07:06.669 [FXGL Background Thread 3 ] DEBUG Engine               - class com.almasb.fxgl.achievement.AchievementService
05:07:06.669 [FXGL Background Thread 3 ] DEBUG Engine               - class com.almasb.fxgl.cutscene.CutsceneService
05:07:06.669 [FXGL Background Thread 3 ] DEBUG Engine               - class com.almasb.fxgl.minigames.MiniGameService
05:07:06.669 [FXGL Background Thread 3 ] DEBUG Engine               - class com.almasb.fxgl.net.NetService
05:07:06.669 [FXGL Background Thread 3 ] DEBUG Engine               - class com.almasb.fxgl.app.services.UpdaterService
05:07:06.669 [FXGL Background Thread 3 ] DEBUG Engine               - class com.almasb.fxgl.dev.DevService
05:07:07.570 [JavaFX Application Thread] DEBUG PrimaryStageWindow   - Pop state: DialogSubScene
05:07:07.571 [JavaFX Application Thread] DEBUG Input                - Clearing active input actions
05:07:07.572 [JavaFX Application Thread] DEBUG GameApplicationServi - Removing overlay from DialogSubScene and adding to GameScene
05:07:07.572 [JavaFX Application Thread] DEBUG PrimaryStageWindow   - GameScene <- DialogSubScene
05:07:10.246 [JavaFX Application Thread] DEBUG FXGLAssetLoaderServi - Loading from file system: file:/D:/Gonvival/game/target/classes/assets/textures/arrow.png
05:07:11.809 [JavaFX Application Thread] DEBUG PrimaryStageWindow   - Push state: FXGLDefaultMenu
05:07:11.812 [JavaFX Application Thread] DEBUG Input                - Clearing active input actions
05:07:11.815 [JavaFX Application Thread] DEBUG GameApplicationServi - Removing overlay from GameScene and adding to FXGLDefaultMenu
05:07:11.816 [JavaFX Application Thread] DEBUG PrimaryStageWindow   - GameScene -> FXGLDefaultMenu
05:07:13.272 [JavaFX Application Thread] DEBUG Menu                 - fireExitToMainMenu()
05:07:13.277 [JavaFX Application Thread] DEBUG PrimaryStageWindow   - Push state: DialogSubScene
05:07:13.278 [JavaFX Application Thread] DEBUG Input                - Clearing active input actions
05:07:13.278 [JavaFX Application Thread] DEBUG GameApplicationServi - Removing overlay from FXGLDefaultMenu and adding to DialogSubScene
05:07:13.279 [JavaFX Application Thread] DEBUG PrimaryStageWindow   - FXGLDefaultMenu -> DialogSubScene
05:07:14.251 [JavaFX Application Thread] DEBUG PrimaryStageWindow   - Pop state: DialogSubScene
05:07:14.251 [JavaFX Application Thread] DEBUG Input                - Clearing active input actions
05:07:14.251 [JavaFX Application Thread] DEBUG GameApplicationServi - Removing overlay from DialogSubScene and adding to FXGLDefaultMenu
05:07:14.252 [JavaFX Application Thread] DEBUG PrimaryStageWindow   - FXGLDefaultMenu <- DialogSubScene
05:07:14.254 [JavaFX Application Thread] DEBUG PrimaryStageWindow   - Pop state: FXGLDefaultMenu
05:07:14.254 [JavaFX Application Thread] DEBUG Input                - Clearing active input actions
05:07:14.254 [JavaFX Application Thread] DEBUG GameApplicationServi - Removing overlay from FXGLDefaultMenu and adding to GameScene
05:07:14.254 [JavaFX Application Thread] DEBUG PrimaryStageWindow   - GameScene <- FXGLDefaultMenu
05:07:14.254 [JavaFX Application Thread] DEBUG Input                - Clearing active input actions
05:07:14.258 [JavaFX Application Thread] DEBUG GameApplicationServi - Removing overlay from GameScene and adding to FXGLMainMenuDummyScene
05:07:14.258 [JavaFX Application Thread] DEBUG PrimaryStageWindow   - GameScene -> FXGLMainMenuDummyScene
05:07:14.258 [JavaFX Application Thread] DEBUG PrimaryStageWindow   - Push state: StartScreen
05:07:14.258 [JavaFX Application Thread] DEBUG Input                - Clearing active input actions
05:07:14.260 [JavaFX Application Thread] DEBUG GameApplicationServi - Removing overlay from FXGLMainMenuDummyScene and adding to StartScreen
05:07:14.261 [JavaFX Application Thread] DEBUG PrimaryStageWindow   - FXGLMainMenuDummyScene -> StartScreen
05:07:15.282 [JavaFX Application Thread] DEBUG FXGLApplication      - Exiting FXGL
05:07:15.282 [JavaFX Application Thread] DEBUG LoopRunner           - Stopping loop
05:07:15.282 [JavaFX Application Thread] DEBUG SystemBundleService  - Saving FXGL system data
05:07:15.285 [JavaFX Application Thread] DEBUG FileSystemAccess     - Writing to: D:\Gonvival\system\fxgl.bundle
05:07:15.288 [JavaFX Application Thread] DEBUG Async                - Shutting down background threads
05:07:15.289 [JavaFX Application Thread] DEBUG PrimaryStageWindow   - Closing main window
05:07:15.352 [JavaFX Application Thread] DEBUG Logger               - Closing Logger
