04:56:22.486 [main                     ] DEBUG Logger               - Configured Logger
04:56:22.530 [main                     ] DEBUG GameApplication      - Logging settings
Title: Gonvival
Version: beta
Width: 800
Height: 800
Fullscreen: false
Intro: false
Profiling: false
Single step:false
App Mode: DEVELOPER
Menu Key: ESCAPE
Stage Style: DECORATED
Scene Factory: class com.lab.App$1

04:56:23.561 [JavaFX Application Thread] DEBUG FXGLApplication      - Initializing FXGL
04:56:23.577 [JavaFX Application Thread] INFO  Engine               - FXGL-21.1 (27.03.2024 07.52) on WINDOWS (J:21.0.5 FX:21.0.1)
04:56:23.580 [JavaFX Application Thread] DEBUG Engine               - JRE Vendor Name: Eclipse Adoptium
04:56:23.580 [JavaFX Application Thread] DEBUG Engine               - Running on OS: Windows 10 version 10.0
04:56:23.581 [JavaFX Application Thread] DEBUG Engine               - Architecture: amd64
04:56:23.581 [JavaFX Application Thread] INFO  Engine               - Source code and latest versions at: https://github.com/AlmasB/FXGL
04:56:23.582 [JavaFX Application Thread] INFO  Engine               -       Ask questions and discuss at: https://github.com/AlmasB/FXGL/discussions
04:56:23.583 [JavaFX Application Thread] INFO  Engine               -              Join the FXGL chat at: https://gitter.im/AlmasB/FXGL
04:56:23.900 [JavaFX Application Thread] DEBUG PrimaryStageWindow   - Creating a JavaFX scene
04:56:23.900 [JavaFX Application Thread] DEBUG PrimaryStageWindow   - Target size > screen size
04:56:24.063 [JavaFX Application Thread] DEBUG PrimaryStageWindow   - Target settings size: 800.0 x 800.0
04:56:24.064 [JavaFX Application Thread] DEBUG PrimaryStageWindow   - Scaled scene size:    743.0 x 768.0
04:56:24.064 [JavaFX Application Thread] DEBUG PrimaryStageWindow   - Scaled ratio: (0.92875, 0.96)
04:56:24.066 [JavaFX Application Thread] DEBUG PrimaryStageWindow   - Set initial scene to FXGLStartupScene
04:56:24.081 [JavaFX Application Thread] DEBUG PrimaryStageWindow   - Opening main window
04:56:24.267 [JavaFX Application Thread] DEBUG PrimaryStageWindow   - Window border size: (16.0, 39.0)
04:56:24.269 [JavaFX Application Thread] DEBUG PrimaryStageWindow   - Scaled size: 743.0 x 768.0
04:56:24.269 [JavaFX Application Thread] DEBUG PrimaryStageWindow   - Scaled ratio: (0.92875, 0.96)
04:56:24.270 [JavaFX Application Thread] DEBUG PrimaryStageWindow   - Scene size: 743.0 x 768.0
04:56:24.270 [JavaFX Application Thread] DEBUG PrimaryStageWindow   - Stage size: 759.0 x 807.0
04:56:24.306 [FXGL Background Thread 1 ] DEBUG Engine               - Initializing environment variables
04:56:24.462 [FXGL Background Thread 1 ] DEBUG FXGLAssetLoaderServi - User app class for loading assets: class com.lab.App
04:56:24.463 [FXGL Background Thread 1 ] DEBUG GameApplicationServi - Applying CSS: fxgl_dark.css
04:56:24.465 [FXGL Background Thread 1 ] DEBUG FXGLAssetLoaderServi - Loading from file system: jar:file:/C:/Users/Khana/.m2/repository/com/github/almasb/fxgl/21.1/fxgl-21.1.jar!/fxglassets/ui/css/fxgl_dark.css
04:56:24.583 [FXGL Background Thread 1 ] DEBUG GameApplicationServi - Initializing application scenes
04:56:24.861 [FXGL Background Thread 1 ] DEBUG GameWorld            - Game world initialized
04:56:25.001 [FXGL Background Thread 1 ] DEBUG PhysicsWorld         - Physics world initialized: appHeight=800, physics.ppm=50.0
04:56:25.001 [FXGL Background Thread 1 ] DEBUG PhysicsWorld         - Using strategy: BRUTE_FORCE
04:56:25.010 [FXGL Background Thread 1 ] DEBUG GameScene            - Game scene initialized: 800x800
04:56:25.108 [FXGL Background Thread 1 ] DEBUG FXGL.DefaultMenu     - createMenuBodyGameMenu()
04:56:25.134 [FXGL Background Thread 1 ] DEBUG FXGL.DefaultMenu     - createOptionsMenu()
04:56:25.151 [FXGL Background Thread 1 ] DEBUG FXGLAssetLoaderServi - Loading from file system: jar:file:/C:/Users/Khana/.m2/repository/com/github/almasb/fxgl/21.1/fxgl-21.1.jar!/fxglassets/textures/particles/smoke.png
04:56:25.336 [FXGL Background Thread 1 ] DEBUG FXGLAssetLoaderServi - Loading from file system: jar:file:/C:/Users/Khana/.m2/repository/com/github/almasb/fxgl/21.1/fxgl-21.1.jar!/fxglassets/textures/particles/trace_horizontal.png
04:56:25.396 [FXGL Background Thread 1 ] DEBUG GameApplicationServi - Application scenes initialized
04:56:25.430 [FXGL Background Thread 1 ] DEBUG SystemBundleService  - Loading FXGL system data
04:56:25.441 [FXGL Background Thread 1 ] DEBUG FileSystemAccess     - Reading from: E:\Labs\Gonvival\system\fxgl.bundle
04:56:25.458 [FXGL Background Thread 1 ] DEBUG SystemBundleService  - Bundle FXGL: {}
04:56:25.458 [FXGL Background Thread 1 ] DEBUG UpdaterService       - Checking for updates
04:56:25.466 [FXGL Background Thread 1 ] DEBUG FXGLApplication      - Loading default localization
04:56:25.467 [FXGL Background Thread 1 ] DEBUG FXGLAssetLoaderServi - Loading from file system: jar:file:/C:/Users/Khana/.m2/repository/com/github/almasb/fxgl/21.1/fxgl-21.1.jar!/fxglassets/languages/english.lang
04:56:25.513 [FXGL Background Thread 1 ] INFO  FXGLApplication      - FXGL initialization took: 1.208 sec
04:56:25.579 [JavaFX Application Thread] DEBUG FXGLAssetLoaderServi - Loading from file system: jar:file:/C:/Users/Khana/.m2/repository/com/github/almasb/fxgl/21.1/fxgl-21.1.jar!/fxglassets/textures/fxgl_icon.png
04:56:25.628 [FXGL Background Thread 4 ] DEBUG FXGLApplication      - Loading fonts
04:56:25.628 [FXGL Background Thread 4 ] DEBUG FXGLAssetLoaderServi - Loading from file system: jar:file:/C:/Users/Khana/.m2/repository/com/github/almasb/fxgl/21.1/fxgl-21.1.jar!/fxglassets/ui/fonts/VarelaRound-Regular.ttf
04:56:25.653 [JavaFX Application Thread] DEBUG FXGLAssetLoaderServi - Loading from file system: jar:file:/C:/Users/Khana/.m2/repository/com/github/almasb/fxgl/21.1/fxgl-21.1.jar!/fxglassets/textures/fxgl_default_cursor.png
04:56:25.696 [JavaFX Application Thread] DEBUG Input                - Registered new binding: Screenshot - CTRL+8
04:56:25.696 [JavaFX Application Thread] DEBUG Input                - Registered new binding: System info dump - CTRL+9
04:56:25.700 [JavaFX Application Thread] DEBUG Input                - Registered new binding: Restart - CTRL+R
04:56:25.704 [JavaFX Application Thread] DEBUG Input                - Registered new binding: Toggle Debug Camera - CTRL+7
04:56:25.704 [FXGL Background Thread 4 ] DEBUG FXGLAssetLoaderServi - Loading from file system: jar:file:/C:/Users/Khana/.m2/repository/com/github/almasb/fxgl/21.1/fxgl-21.1.jar!/fxglassets/ui/fonts/Abel-Regular.ttf
04:56:25.715 [FXGL Background Thread 4 ] DEBUG FXGLAssetLoaderServi - Loading from file system: jar:file:/C:/Users/Khana/.m2/repository/com/github/almasb/fxgl/21.1/fxgl-21.1.jar!/fxglassets/ui/fonts/TerminalLandMono-Regular.otf
04:56:25.723 [JavaFX Application Thread] DEBUG LoopRunner           - Starting loop
04:56:25.723 [JavaFX Application Thread] DEBUG LoopRunner           - Initializing JavaFX AnimationTimerLoop
04:56:25.729 [JavaFX Application Thread] DEBUG Input                - Clearing active input actions
04:56:25.731 [FXGL Background Thread 4 ] DEBUG FXGLAssetLoaderServi - Loading from file system: jar:file:/C:/Users/Khana/.m2/repository/com/github/almasb/fxgl/21.1/fxgl-21.1.jar!/fxglassets/ui/fonts/Courier-Prime.ttf
04:56:25.750 [JavaFX Application Thread] DEBUG GameApplicationServi - Removing overlay from FXGLStartupScene and adding to FXGLMainMenuDummyScene
04:56:25.751 [JavaFX Application Thread] DEBUG PrimaryStageWindow   - FXGLStartupScene -> FXGLMainMenuDummyScene
04:56:25.751 [JavaFX Application Thread] DEBUG PrimaryStageWindow   - Push state: StartScreen
04:56:25.751 [JavaFX Application Thread] DEBUG Input                - Clearing active input actions
04:56:25.778 [JavaFX Application Thread] DEBUG GameApplicationServi - Removing overlay from FXGLMainMenuDummyScene and adding to StartScreen
04:56:25.779 [JavaFX Application Thread] DEBUG PrimaryStageWindow   - FXGLMainMenuDummyScene -> StartScreen
04:56:25.784 [JavaFX Application Thread] DEBUG FXGLApplication      - Registering font factories with UI factory
04:56:26.551 [JavaFX Application Thread] DEBUG Menu                 - fireNewGame()
04:56:26.552 [JavaFX Application Thread] DEBUG GameApplicationServi - Starting new game
04:56:26.552 [JavaFX Application Thread] DEBUG PrimaryStageWindow   - Pop state: StartScreen
04:56:26.552 [JavaFX Application Thread] DEBUG Input                - Clearing active input actions
04:56:26.553 [JavaFX Application Thread] DEBUG GameApplicationServi - Removing overlay from StartScreen and adding to FXGLMainMenuDummyScene
04:56:26.554 [JavaFX Application Thread] DEBUG PrimaryStageWindow   - FXGLMainMenuDummyScene <- StartScreen
04:56:26.555 [JavaFX Application Thread] DEBUG Input                - Clearing active input actions
04:56:26.580 [JavaFX Application Thread] DEBUG GameApplicationServi - Removing overlay from FXGLMainMenuDummyScene and adding to FXGLLoadingScene
04:56:26.581 [JavaFX Application Thread] DEBUG PrimaryStageWindow   - FXGLMainMenuDummyScene -> FXGLLoadingScene
04:56:26.581 [JavaFX Application Thread] DEBUG GameApplicationServi - Clearing previous game
04:56:26.581 [JavaFX Application Thread] DEBUG GameScene            - Clearing game scene
04:56:26.581 [JavaFX Application Thread] DEBUG GameWorld            - Clearing game world
04:56:26.582 [JavaFX Application Thread] DEBUG PhysicsWorld         - Clearing physics world
04:56:26.584 [FXGL Background Thread 4 ] DEBUG FXGLApplication      - Initializing game
04:56:26.616 [FXGL Background Thread 4 ] DEBUG FXGLAssetLoaderServi - Loading from file system: file:/E:/Labs/Gonvival/game/target/classes/assets/textures/map.png
04:56:26.868 [FXGL Background Thread 4 ] DEBUG FXGLAssetLoaderServi - Loading from file system: file:/E:/Labs/Gonvival/game/target/classes/assets/textures/idle_down.png
04:56:26.880 [FXGL Background Thread 4 ] DEBUG FXGLAssetLoaderServi - Loading from file system: file:/E:/Labs/Gonvival/game/target/classes/assets/textures/idle_up.png
04:56:26.885 [FXGL Background Thread 4 ] DEBUG FXGLAssetLoaderServi - Loading from file system: file:/E:/Labs/Gonvival/game/target/classes/assets/textures/idle_left_down.png
04:56:26.899 [FXGL Background Thread 4 ] DEBUG FXGLAssetLoaderServi - Loading from file system: file:/E:/Labs/Gonvival/game/target/classes/assets/textures/idle_left_up.png
04:56:26.914 [FXGL Background Thread 4 ] DEBUG FXGLAssetLoaderServi - Loading from file system: file:/E:/Labs/Gonvival/game/target/classes/assets/textures/idle_right_down.png
04:56:26.930 [FXGL Background Thread 4 ] DEBUG FXGLAssetLoaderServi - Loading from file system: file:/E:/Labs/Gonvival/game/target/classes/assets/textures/idle_right_up.png
04:56:26.934 [FXGL Background Thread 4 ] DEBUG FXGLAssetLoaderServi - Loading from file system: file:/E:/Labs/Gonvival/game/target/classes/assets/textures/walk_left_down.png
04:56:26.939 [FXGL Background Thread 4 ] DEBUG FXGLAssetLoaderServi - Loading from file system: file:/E:/Labs/Gonvival/game/target/classes/assets/textures/walk_right_down.png
04:56:26.945 [FXGL Background Thread 4 ] DEBUG FXGLAssetLoaderServi - Loading from file system: file:/E:/Labs/Gonvival/game/target/classes/assets/textures/walk_up.png
04:56:26.948 [FXGL Background Thread 4 ] DEBUG FXGLAssetLoaderServi - Loading from file system: file:/E:/Labs/Gonvival/game/target/classes/assets/textures/walk_down.png
04:56:26.952 [FXGL Background Thread 4 ] DEBUG FXGLAssetLoaderServi - Loading from file system: file:/E:/Labs/Gonvival/game/target/classes/assets/textures/walk_left_up.png
04:56:26.958 [FXGL Background Thread 4 ] DEBUG FXGLAssetLoaderServi - Loading from file system: file:/E:/Labs/Gonvival/game/target/classes/assets/textures/walk_right_up.png
04:56:26.976 [FXGL Background Thread 4 ] INFO  FXGLApplication      - Game initialization took: 0.392 sec
04:56:26.998 [JavaFX Application Thread] DEBUG Input                - Clearing active input actions
04:56:27.014 [JavaFX Application Thread] DEBUG GameApplicationServi - Removing overlay from FXGLLoadingScene and adding to GameScene
04:56:27.015 [JavaFX Application Thread] DEBUG PrimaryStageWindow   - FXGLLoadingScene -> GameScene
04:56:27.138 [JavaFX Application Thread] DEBUG Input                - Registered new binding: SHOOT - LMB
04:56:27.140 [JavaFX Application Thread] DEBUG Input                - Registered new binding: MOVE LEFT - A
04:56:27.140 [JavaFX Application Thread] DEBUG Input                - Registered new binding: MOVE RIGHT - D
04:56:27.140 [JavaFX Application Thread] DEBUG Input                - Registered new binding: MOVE UP - W
04:56:27.140 [JavaFX Application Thread] DEBUG Input                - Registered new binding: MOVE DOWN - S
04:56:27.874 [JavaFX Application Thread] DEBUG FXGLAssetLoaderServi - Loading from file system: file:/E:/Labs/Gonvival/game/target/classes/assets/textures/arrow.png
04:56:27.878 [JavaFX Application Thread] DEBUG FXGLAssetLoaderServi - Loading from file system: file:/E:/Labs/Gonvival/game/target/classes/assets/textures/evil.png
04:56:28.464 [FXGL Background Thread 3 ] DEBUG Engine               - Logging environment variables
04:56:28.465 [FXGL Background Thread 3 ] DEBUG Engine               - achievements: []
04:56:28.465 [FXGL Background Thread 3 ] DEBUG Engine               - actualHeight: 768.0
04:56:28.465 [FXGL Background Thread 3 ] DEBUG Engine               - actualHeightProperty: ReadOnlyDoubleProperty [value: 768.0]
04:56:28.465 [FXGL Background Thread 3 ] DEBUG Engine               - actualWidth: 743.0
04:56:28.465 [FXGL Background Thread 3 ] DEBUG Engine               - actualWidthProperty: ReadOnlyDoubleProperty [value: 743.0]
04:56:28.465 [FXGL Background Thread 3 ] DEBUG Engine               - appIcon: fxgl_icon.png
04:56:28.465 [FXGL Background Thread 3 ] DEBUG Engine               - applicationMode: DEVELOPER
04:56:28.465 [FXGL Background Thread 3 ] DEBUG Engine               - cSSList: [fxgl_dark.css]
04:56:28.466 [FXGL Background Thread 3 ] DEBUG Engine               - collisionDetectionStrategy: BRUTE_FORCE
04:56:28.466 [FXGL Background Thread 3 ] DEBUG Engine               - configClass: Optional.empty
04:56:28.466 [FXGL Background Thread 3 ] DEBUG Engine               - credits: []
04:56:28.466 [FXGL Background Thread 3 ] DEBUG Engine               - defaultCursor: CursorInfo(imageName=fxgl_default_cursor.png, hotspotX=7.0, hotspotY=6.0)
04:56:28.467 [FXGL Background Thread 3 ] DEBUG Engine               - devBBoxColorProperty: ObjectProperty [value: 0xff0000ff]
04:56:28.467 [FXGL Background Thread 3 ] DEBUG Engine               - devEnableDebugCameraProperty: BooleanProperty [value: false]
04:56:28.467 [FXGL Background Thread 3 ] DEBUG Engine               - devSensorColorProperty: ObjectProperty [value: 0xffff00ff]
04:56:28.467 [FXGL Background Thread 3 ] DEBUG Engine               - devShowBBoxProperty: BooleanProperty [value: false]
04:56:28.467 [FXGL Background Thread 3 ] DEBUG Engine               - devShowPositionProperty: BooleanProperty [value: false]
04:56:28.467 [FXGL Background Thread 3 ] DEBUG Engine               - enabledMenuItems: []
04:56:28.467 [FXGL Background Thread 3 ] DEBUG Engine               - engineServices: [class com.almasb.fxgl.app.services.FXGLAssetLoaderService, class com.almasb.fxgl.app.FXGLApplication$GameApplicationService, class com.almasb.fxgl.app.services.FXGLDialogService, class com.almasb.fxgl.app.services.IOTaskExecutorService, class com.almasb.fxgl.io.FileSystemService, class com.almasb.fxgl.localization.LocalizationService, class com.almasb.fxgl.app.services.SystemBundleService, class com.almasb.fxgl.profile.SaveLoadService, class com.almasb.fxgl.ui.FXGLUIFactoryServiceProvider, class com.almasb.fxgl.ui.FXGLDialogFactoryServiceProvider, class com.almasb.fxgl.audio.AudioPlayer, class com.almasb.fxgl.notification.impl.NotificationServiceProvider, class com.almasb.fxgl.achievement.AchievementService, class com.almasb.fxgl.cutscene.CutsceneService, class com.almasb.fxgl.minigames.MiniGameService, class com.almasb.fxgl.net.NetService, class com.almasb.fxgl.app.services.UpdaterService, class com.almasb.fxgl.dev.DevService]
04:56:28.467 [FXGL Background Thread 3 ] DEBUG Engine               - fontGame: Abel-Regular.ttf
04:56:28.468 [FXGL Background Thread 3 ] DEBUG Engine               - fontMono: TerminalLandMono-Regular.otf
04:56:28.468 [FXGL Background Thread 3 ] DEBUG Engine               - fontSizeScaleUI: 1.0
04:56:28.468 [FXGL Background Thread 3 ] DEBUG Engine               - fontText: Courier-Prime.ttf
04:56:28.468 [FXGL Background Thread 3 ] DEBUG Engine               - fontUI: VarelaRound-Regular.ttf
04:56:28.468 [FXGL Background Thread 3 ] DEBUG Engine               - fullScreen: BooleanProperty [value: false]
04:56:28.468 [FXGL Background Thread 3 ] DEBUG Engine               - gameDifficulty: MEDIUM
04:56:28.468 [FXGL Background Thread 3 ] DEBUG Engine               - gameDifficultyProperty: ObjectProperty [value: MEDIUM]
04:56:28.468 [FXGL Background Thread 3 ] DEBUG Engine               - globalMusicVolume: 0.5
04:56:28.469 [FXGL Background Thread 3 ] DEBUG Engine               - globalMusicVolumeProperty: DoubleProperty [value: 0.5]
04:56:28.469 [FXGL Background Thread 3 ] DEBUG Engine               - globalSoundVolume: 0.5
04:56:28.469 [FXGL Background Thread 3 ] DEBUG Engine               - globalSoundVolumeProperty: DoubleProperty [value: 0.5]
04:56:28.469 [FXGL Background Thread 3 ] DEBUG Engine               - height: 800
04:56:28.469 [FXGL Background Thread 3 ] DEBUG Engine               - is3D: false
04:56:28.469 [FXGL Background Thread 3 ] DEBUG Engine               - isAndroid: false
04:56:28.469 [FXGL Background Thread 3 ] DEBUG Engine               - isBrowser: false
04:56:28.469 [FXGL Background Thread 3 ] DEBUG Engine               - isClickFeedbackEnabled: false
04:56:28.469 [FXGL Background Thread 3 ] DEBUG Engine               - isCloseConfirmation: false
04:56:28.469 [FXGL Background Thread 3 ] DEBUG Engine               - isDesktop: true
04:56:28.469 [FXGL Background Thread 3 ] DEBUG Engine               - isDeveloperMenuEnabled: false
04:56:28.469 [FXGL Background Thread 3 ] DEBUG Engine               - isEmbedded: false
04:56:28.469 [FXGL Background Thread 3 ] DEBUG Engine               - isEntityPreloadEnabled: true
04:56:28.469 [FXGL Background Thread 3 ] DEBUG Engine               - isExperimentalTiledLargeMap: false
04:56:28.470 [FXGL Background Thread 3 ] DEBUG Engine               - isFileSystemWriteAllowed: true
04:56:28.470 [FXGL Background Thread 3 ] DEBUG Engine               - isFullScreenAllowed: false
04:56:28.470 [FXGL Background Thread 3 ] DEBUG Engine               - isFullScreenFromStart: false
04:56:28.470 [FXGL Background Thread 3 ] DEBUG Engine               - isGameMenuEnabled: true
04:56:28.470 [FXGL Background Thread 3 ] DEBUG Engine               - isIOS: false
04:56:28.470 [FXGL Background Thread 3 ] DEBUG Engine               - isIntroEnabled: false
04:56:28.470 [FXGL Background Thread 3 ] DEBUG Engine               - isLinux: false
04:56:28.470 [FXGL Background Thread 3 ] DEBUG Engine               - isMac: false
04:56:28.470 [FXGL Background Thread 3 ] DEBUG Engine               - isMainMenuEnabled: true
04:56:28.470 [FXGL Background Thread 3 ] DEBUG Engine               - isManualResizeEnabled: false
04:56:28.470 [FXGL Background Thread 3 ] DEBUG Engine               - isMobile: false
04:56:28.470 [FXGL Background Thread 3 ] DEBUG Engine               - isNative: false
04:56:28.470 [FXGL Background Thread 3 ] DEBUG Engine               - isPauseMusicWhenMinimized: true
04:56:28.473 [FXGL Background Thread 3 ] DEBUG Engine               - isPreserveResizeRatio: false
04:56:28.473 [FXGL Background Thread 3 ] DEBUG Engine               - isProfilingEnabled: false
04:56:28.473 [FXGL Background Thread 3 ] DEBUG Engine               - isScaleAffectedOnResize: true
04:56:28.473 [FXGL Background Thread 3 ] DEBUG Engine               - isSingleStep: false
04:56:28.473 [FXGL Background Thread 3 ] DEBUG Engine               - isUserProfileEnabled: false
04:56:28.473 [FXGL Background Thread 3 ] DEBUG Engine               - isWindows: true
04:56:28.473 [FXGL Background Thread 3 ] DEBUG Engine               - language: ObjectProperty [value: ENGLISH]
04:56:28.473 [FXGL Background Thread 3 ] DEBUG Engine               - menuKey: ESCAPE
04:56:28.473 [FXGL Background Thread 3 ] DEBUG Engine               - mouseSensitivity: 0.2
04:56:28.473 [FXGL Background Thread 3 ] DEBUG Engine               - notificationViewClass: class com.almasb.fxgl.notification.view.XboxNotificationView
04:56:28.473 [FXGL Background Thread 3 ] DEBUG Engine               - pixelsPerMeter: 50.0
04:56:28.474 [FXGL Background Thread 3 ] DEBUG Engine               - platform: WINDOWS
04:56:28.474 [FXGL Background Thread 3 ] DEBUG Engine               - prefHeightProperty: ReadOnlyDoubleProperty [value: 800.0]
04:56:28.474 [FXGL Background Thread 3 ] DEBUG Engine               - prefWidthProperty: ReadOnlyDoubleProperty [value: 800.0]
04:56:28.476 [FXGL Background Thread 3 ] DEBUG Engine               - profileDir: profiles/
04:56:28.476 [FXGL Background Thread 3 ] DEBUG Engine               - profileName: StringProperty [value: DEFAULT]
04:56:28.476 [FXGL Background Thread 3 ] DEBUG Engine               - randomSeed: -1
04:56:28.477 [FXGL Background Thread 3 ] DEBUG Engine               - runtimeInfo: RuntimeInfo(platform=WINDOWS, version=21.1, build=27.03.2024 07.52)
04:56:28.477 [FXGL Background Thread 3 ] DEBUG Engine               - saveFileExt: sav
04:56:28.477 [FXGL Background Thread 3 ] DEBUG Engine               - scaledHeightProp$fxgl: DoubleProperty [bound, value: 768.0]
04:56:28.477 [FXGL Background Thread 3 ] DEBUG Engine               - scaledWidthProp$fxgl: DoubleProperty [bound, value: 743.0]
04:56:28.477 [FXGL Background Thread 3 ] DEBUG Engine               - sceneFactory: com.lab.App$1@3adb96fe
04:56:28.477 [FXGL Background Thread 3 ] DEBUG Engine               - secondsIn24h: 60
04:56:28.477 [FXGL Background Thread 3 ] DEBUG Engine               - soundMenuBack: menu/back.wav
04:56:28.477 [FXGL Background Thread 3 ] DEBUG Engine               - soundMenuPress: menu/press.wav
04:56:28.477 [FXGL Background Thread 3 ] DEBUG Engine               - soundMenuSelect: menu/select.wav
04:56:28.477 [FXGL Background Thread 3 ] DEBUG Engine               - soundNotification: core/notification.wav
04:56:28.478 [FXGL Background Thread 3 ] DEBUG Engine               - stageStyle: DECORATED
04:56:28.478 [FXGL Background Thread 3 ] DEBUG Engine               - supportedLanguages: [ENGLISH, FRENCH, GERMAN, HUNGARIAN, RUSSIAN]
04:56:28.478 [FXGL Background Thread 3 ] DEBUG Engine               - ticksPerSecond: -1
04:56:28.478 [FXGL Background Thread 3 ] DEBUG Engine               - title: Gonvival
04:56:28.478 [FXGL Background Thread 3 ] DEBUG Engine               - urlGithub: https://github.com/AlmasB/FXGL
04:56:28.478 [FXGL Background Thread 3 ] DEBUG Engine               - urlLeaderboard: http://fxgl-top.herokuapp.com/
04:56:28.478 [FXGL Background Thread 3 ] DEBUG Engine               - urlPOM: https://raw.githubusercontent.com/AlmasB/FXGL/release/README.md
04:56:28.478 [FXGL Background Thread 3 ] DEBUG Engine               - userAppClass: class com.lab.App
04:56:28.478 [FXGL Background Thread 3 ] DEBUG Engine               - version: beta
04:56:28.478 [FXGL Background Thread 3 ] DEBUG Engine               - versionCheckDays: 7
04:56:28.479 [FXGL Background Thread 3 ] DEBUG Engine               - width: 800
04:56:28.479 [FXGL Background Thread 3 ] DEBUG Engine               - Logging services
04:56:28.479 [FXGL Background Thread 3 ] DEBUG Engine               - class com.almasb.fxgl.app.services.FXGLAssetLoaderService
04:56:28.479 [FXGL Background Thread 3 ] DEBUG Engine               - class com.almasb.fxgl.app.FXGLApplication$GameApplicationService
04:56:28.479 [FXGL Background Thread 3 ] DEBUG Engine               - class com.almasb.fxgl.app.services.FXGLDialogService
04:56:28.479 [FXGL Background Thread 3 ] DEBUG Engine               - class com.almasb.fxgl.app.services.IOTaskExecutorService
04:56:28.479 [FXGL Background Thread 3 ] DEBUG Engine               - class com.almasb.fxgl.io.FileSystemService
04:56:28.479 [FXGL Background Thread 3 ] DEBUG Engine               - class com.almasb.fxgl.localization.LocalizationService
04:56:28.479 [FXGL Background Thread 3 ] DEBUG Engine               - class com.almasb.fxgl.app.services.SystemBundleService
04:56:28.479 [FXGL Background Thread 3 ] DEBUG Engine               - class com.almasb.fxgl.profile.SaveLoadService
04:56:28.479 [FXGL Background Thread 3 ] DEBUG Engine               - class com.almasb.fxgl.ui.FXGLUIFactoryServiceProvider
04:56:28.479 [FXGL Background Thread 3 ] DEBUG Engine               - class com.almasb.fxgl.ui.FXGLDialogFactoryServiceProvider
04:56:28.479 [FXGL Background Thread 3 ] DEBUG Engine               - class com.almasb.fxgl.audio.AudioPlayer
04:56:28.479 [FXGL Background Thread 3 ] DEBUG Engine               - class com.almasb.fxgl.notification.impl.NotificationServiceProvider
04:56:28.479 [FXGL Background Thread 3 ] DEBUG Engine               - class com.almasb.fxgl.achievement.AchievementService
04:56:28.479 [FXGL Background Thread 3 ] DEBUG Engine               - class com.almasb.fxgl.cutscene.CutsceneService
04:56:28.480 [FXGL Background Thread 3 ] DEBUG Engine               - class com.almasb.fxgl.minigames.MiniGameService
04:56:28.480 [FXGL Background Thread 3 ] DEBUG Engine               - class com.almasb.fxgl.net.NetService
04:56:28.480 [FXGL Background Thread 3 ] DEBUG Engine               - class com.almasb.fxgl.app.services.UpdaterService
04:56:28.480 [FXGL Background Thread 3 ] DEBUG Engine               - class com.almasb.fxgl.dev.DevService
04:56:28.684 [JavaFX Application Thread] DEBUG PrimaryStageWindow   - Push state: DialogSubScene
04:56:28.684 [JavaFX Application Thread] DEBUG Input                - Clearing active input actions
04:56:28.685 [JavaFX Application Thread] DEBUG GameApplicationServi - Removing overlay from GameScene and adding to DialogSubScene
04:56:28.685 [JavaFX Application Thread] DEBUG PrimaryStageWindow   - GameScene -> DialogSubScene
04:56:29.719 [JavaFX Application Thread] DEBUG PrimaryStageWindow   - Pop state: DialogSubScene
04:56:29.719 [JavaFX Application Thread] DEBUG Input                - Clearing active input actions
04:56:29.720 [JavaFX Application Thread] DEBUG GameApplicationServi - Removing overlay from DialogSubScene and adding to GameScene
04:56:29.720 [JavaFX Application Thread] DEBUG PrimaryStageWindow   - GameScene <- DialogSubScene
04:56:42.507 [JavaFX Application Thread] DEBUG PrimaryStageWindow   - Push state: DialogSubScene
04:56:42.507 [JavaFX Application Thread] DEBUG Input                - Clearing active input actions
04:56:42.508 [JavaFX Application Thread] DEBUG GameApplicationServi - Removing overlay from GameScene and adding to DialogSubScene
04:56:42.508 [JavaFX Application Thread] DEBUG PrimaryStageWindow   - GameScene -> DialogSubScene
04:56:42.774 [JavaFX Application Thread] DEBUG PrimaryStageWindow   - Pop state: DialogSubScene
04:56:42.775 [JavaFX Application Thread] DEBUG Input                - Clearing active input actions
04:56:42.775 [JavaFX Application Thread] DEBUG GameApplicationServi - Removing overlay from DialogSubScene and adding to GameScene
04:56:42.775 [JavaFX Application Thread] DEBUG PrimaryStageWindow   - GameScene <- DialogSubScene
04:56:42.775 [JavaFX Application Thread] DEBUG GameWorld            - Clearing game world
04:56:42.777 [JavaFX Application Thread] DEBUG Input                - Clearing active input actions
04:56:42.784 [JavaFX Application Thread] DEBUG GameApplicationServi - Removing overlay from GameScene and adding to FXGLMainMenuDummyScene
04:56:42.785 [JavaFX Application Thread] DEBUG PrimaryStageWindow   - GameScene -> FXGLMainMenuDummyScene
04:56:42.785 [JavaFX Application Thread] DEBUG PrimaryStageWindow   - Push state: StartScreen
04:56:42.785 [JavaFX Application Thread] DEBUG Input                - Clearing active input actions
04:56:42.790 [JavaFX Application Thread] DEBUG GameApplicationServi - Removing overlay from FXGLMainMenuDummyScene and adding to StartScreen
04:56:42.790 [JavaFX Application Thread] DEBUG PrimaryStageWindow   - FXGLMainMenuDummyScene -> StartScreen
04:56:44.446 [JavaFX Application Thread] DEBUG FXGLApplication      - Exiting FXGL
04:56:44.447 [JavaFX Application Thread] DEBUG LoopRunner           - Stopping loop
04:56:44.447 [JavaFX Application Thread] DEBUG SystemBundleService  - Saving FXGL system data
04:56:44.461 [JavaFX Application Thread] DEBUG FileSystemAccess     - Writing to: E:\Labs\Gonvival\system\fxgl.bundle
04:56:44.498 [JavaFX Application Thread] DEBUG Async                - Shutting down background threads
04:56:44.498 [JavaFX Application Thread] DEBUG PrimaryStageWindow   - Closing main window
04:56:44.528 [JavaFX Application Thread] DEBUG Logger               - Closing Logger
