23:22:43.392 [main                     ] DEBUG Logger               - Configured Logger
23:22:43.493 [main                     ] DEBUG GameApplication      - Logging settings
Title: Gonvival
Version: beta
Width: 800
Height: 800
Fullscreen: false
Intro: false
Profiling: false
Single step:false
App Mode: DEVELOPER
Menu Key: ESCAPE
Stage Style: DECORATED
Scene Factory: class com.almasb.fxgl.app.scene.SceneFactory

23:22:47.624 [JavaFX Application Thread] DEBUG FXGLApplication      - Initializing FXGL
23:22:47.662 [JavaFX Application Thread] INFO  Engine               - FXGL-21.1 (27.03.2024 07.52) on WINDOWS (J:21.0.5 FX:21.0.1)
23:22:47.674 [JavaFX Application Thread] DEBUG Engine               - JRE Vendor Name: Eclipse Adoptium
23:22:47.674 [JavaFX Application Thread] DEBUG Engine               - Running on OS: Windows 10 version 10.0
23:22:47.674 [JavaFX Application Thread] DEBUG Engine               - Architecture: amd64
23:22:47.674 [JavaFX Application Thread] INFO  Engine               - Source code and latest versions at: https://github.com/AlmasB/FXGL
23:22:47.687 [JavaFX Application Thread] INFO  Engine               -       Ask questions and discuss at: https://github.com/AlmasB/FXGL/discussions
23:22:47.742 [JavaFX Application Thread] INFO  Engine               -              Join the FXGL chat at: https://gitter.im/AlmasB/FXGL
23:22:48.506 [JavaFX Application Thread] DEBUG PrimaryStageWindow   - Creating a JavaFX scene
23:22:48.507 [JavaFX Application Thread] DEBUG PrimaryStageWindow   - Target size > screen size
23:22:48.727 [JavaFX Application Thread] DEBUG PrimaryStageWindow   - Target settings size: 800.0 x 800.0
23:22:48.727 [JavaFX Application Thread] DEBUG PrimaryStageWindow   - Scaled scene size:    703.0 x 728.0
23:22:48.728 [JavaFX Application Thread] DEBUG PrimaryStageWindow   - Scaled ratio: (0.87875, 0.91)
23:22:48.729 [JavaFX Application Thread] DEBUG PrimaryStageWindow   - Set initial scene to FXGLStartupScene
23:22:48.746 [JavaFX Application Thread] DEBUG PrimaryStageWindow   - Opening main window
23:22:50.397 [JavaFX Application Thread] DEBUG PrimaryStageWindow   - Window border size: (16.0, 39.0)
23:22:50.397 [JavaFX Application Thread] DEBUG PrimaryStageWindow   - Scaled size: 703.0 x 728.0
23:22:50.398 [JavaFX Application Thread] DEBUG PrimaryStageWindow   - Scaled ratio: (0.87875, 0.91)
23:22:50.398 [JavaFX Application Thread] DEBUG PrimaryStageWindow   - Scene size: 703.0 x 728.0
23:22:50.399 [JavaFX Application Thread] DEBUG PrimaryStageWindow   - Stage size: 719.0 x 767.0
23:22:51.355 [FXGL Background Thread 1 ] DEBUG Engine               - Initializing environment variables
23:22:53.294 [FXGL Background Thread 1 ] DEBUG FXGLAssetLoaderServi - User app class for loading assets: class com.lab.App
23:22:53.294 [FXGL Background Thread 1 ] DEBUG GameApplicationServi - Applying CSS: fxgl_dark.css
23:22:53.295 [FXGL Background Thread 1 ] DEBUG FXGLAssetLoaderServi - Loading from file system: jar:file:/C:/Users/Khana/.m2/repository/com/github/almasb/fxgl/21.1/fxgl-21.1.jar!/fxglassets/ui/css/fxgl_dark.css
23:22:53.839 [FXGL Background Thread 1 ] DEBUG GameApplicationServi - Initializing application scenes
23:22:54.806 [FXGL Background Thread 1 ] DEBUG GameWorld            - Game world initialized
23:22:56.579 [FXGL Background Thread 1 ] DEBUG PhysicsWorld         - Physics world initialized: appHeight=800, physics.ppm=50.0
23:22:56.580 [FXGL Background Thread 1 ] DEBUG PhysicsWorld         - Using strategy: BRUTE_FORCE
23:22:56.586 [FXGL Background Thread 1 ] DEBUG GameScene            - Game scene initialized: 800x800
23:22:56.695 [FXGL Background Thread 1 ] DEBUG FXGL.DefaultMenu     - createMenuBodyMainMenu()
23:22:56.744 [FXGL Background Thread 1 ] DEBUG FXGL.DefaultMenu     - createOptionsMenu()
23:22:56.768 [FXGL Background Thread 1 ] DEBUG FXGLAssetLoaderServi - Loading from file system: jar:file:/C:/Users/Khana/.m2/repository/com/github/almasb/fxgl/21.1/fxgl-21.1.jar!/fxglassets/textures/particles/smoke.png
23:22:57.592 [FXGL Background Thread 1 ] DEBUG FXGLAssetLoaderServi - Loading from file system: jar:file:/C:/Users/Khana/.m2/repository/com/github/almasb/fxgl/21.1/fxgl-21.1.jar!/fxglassets/textures/particles/trace_horizontal.png
23:22:57.669 [FXGL Background Thread 1 ] DEBUG FXGL.DefaultMenu     - createMenuBodyGameMenu()
23:22:57.671 [FXGL Background Thread 1 ] DEBUG FXGL.DefaultMenu     - createOptionsMenu()
23:22:57.705 [FXGL Background Thread 1 ] DEBUG GameApplicationServi - Application scenes initialized
23:22:57.746 [FXGL Background Thread 1 ] DEBUG SystemBundleService  - Loading FXGL system data
23:22:58.373 [FXGL Background Thread 1 ] DEBUG FileSystemAccess     - Reading from: E:\Labs\Gonvival\system\fxgl.bundle
23:22:58.732 [FXGL Background Thread 1 ] DEBUG SystemBundleService  - Bundle FXGL: {}
23:22:58.733 [FXGL Background Thread 1 ] DEBUG UpdaterService       - Checking for updates
23:22:59.270 [FXGL Background Thread 4 ] DEBUG FXGLApplication      - Loading fonts
23:22:59.271 [FXGL Background Thread 4 ] DEBUG FXGLAssetLoaderServi - Loading from file system: jar:file:/C:/Users/Khana/.m2/repository/com/github/almasb/fxgl/21.1/fxgl-21.1.jar!/fxglassets/ui/fonts/VarelaRound-Regular.ttf
23:22:59.271 [FXGL Background Thread 1 ] DEBUG FXGLApplication      - Loading default localization
23:22:59.315 [FXGL Background Thread 1 ] DEBUG FXGLAssetLoaderServi - Loading from file system: jar:file:/C:/Users/Khana/.m2/repository/com/github/almasb/fxgl/21.1/fxgl-21.1.jar!/fxglassets/languages/english.lang
23:22:59.611 [FXGL Background Thread 1 ] INFO  FXGLApplication      - FXGL initialization took: 8.256 sec
23:22:59.614 [JavaFX Application Thread] DEBUG FXGLAssetLoaderServi - Loading from file system: jar:file:/C:/Users/Khana/.m2/repository/com/github/almasb/fxgl/21.1/fxgl-21.1.jar!/fxglassets/textures/fxgl_icon.png
23:22:59.702 [JavaFX Application Thread] DEBUG FXGLAssetLoaderServi - Loading from file system: jar:file:/C:/Users/Khana/.m2/repository/com/github/almasb/fxgl/21.1/fxgl-21.1.jar!/fxglassets/textures/fxgl_default_cursor.png
23:22:59.746 [JavaFX Application Thread] DEBUG Input                - Registered new binding: Screenshot - CTRL+8
23:22:59.747 [JavaFX Application Thread] DEBUG Input                - Registered new binding: Dev Options - 1
23:22:59.748 [JavaFX Application Thread] DEBUG Input                - Registered new binding: Dev Console - 2
23:22:59.750 [JavaFX Application Thread] DEBUG Input                - Registered new binding: System info dump - CTRL+9
23:22:59.751 [JavaFX Application Thread] DEBUG Input                - Registered new binding: Restart - CTRL+R
23:22:59.752 [JavaFX Application Thread] DEBUG Input                - Registered new binding: Toggle Debug Camera - CTRL+7
23:22:59.761 [JavaFX Application Thread] DEBUG LoopRunner           - Starting loop
23:22:59.888 [JavaFX Application Thread] DEBUG LoopRunner           - Initializing JavaFX AnimationTimerLoop
23:22:59.891 [JavaFX Application Thread] DEBUG Input                - Clearing active input actions
23:22:59.906 [JavaFX Application Thread] DEBUG GameApplicationServi - Removing overlay from FXGLStartupScene and adding to FXGLMainMenuDummyScene
23:22:59.915 [JavaFX Application Thread] DEBUG PrimaryStageWindow   - FXGLStartupScene -> FXGLMainMenuDummyScene
23:22:59.915 [JavaFX Application Thread] DEBUG PrimaryStageWindow   - Push state: FXGLDefaultMenu
23:22:59.979 [JavaFX Application Thread] DEBUG Input                - Clearing active input actions
23:22:59.998 [JavaFX Application Thread] DEBUG GameApplicationServi - Removing overlay from FXGLMainMenuDummyScene and adding to FXGLDefaultMenu
23:22:59.999 [JavaFX Application Thread] DEBUG PrimaryStageWindow   - FXGLMainMenuDummyScene -> FXGLDefaultMenu
23:23:02.269 [FXGL Background Thread 3 ] DEBUG Engine               - Logging environment variables
23:23:02.270 [FXGL Background Thread 3 ] DEBUG Engine               - achievements: []
23:23:02.270 [FXGL Background Thread 3 ] DEBUG Engine               - actualHeight: 728.0
23:23:02.271 [FXGL Background Thread 3 ] DEBUG Engine               - actualHeightProperty: ReadOnlyDoubleProperty [value: 728.0]
23:23:02.271 [FXGL Background Thread 3 ] DEBUG Engine               - actualWidth: 703.0
23:23:02.271 [FXGL Background Thread 3 ] DEBUG Engine               - actualWidthProperty: ReadOnlyDoubleProperty [value: 703.0]
23:23:02.271 [FXGL Background Thread 3 ] DEBUG Engine               - appIcon: fxgl_icon.png
23:23:02.271 [FXGL Background Thread 3 ] DEBUG Engine               - applicationMode: DEVELOPER
23:23:02.271 [FXGL Background Thread 3 ] DEBUG Engine               - cSSList: [fxgl_dark.css]
23:23:02.271 [FXGL Background Thread 3 ] DEBUG Engine               - collisionDetectionStrategy: BRUTE_FORCE
23:23:02.271 [FXGL Background Thread 3 ] DEBUG Engine               - configClass: Optional.empty
23:23:02.271 [FXGL Background Thread 3 ] DEBUG Engine               - credits: []
23:23:02.272 [FXGL Background Thread 3 ] DEBUG Engine               - defaultCursor: CursorInfo(imageName=fxgl_default_cursor.png, hotspotX=7.0, hotspotY=6.0)
23:23:02.272 [FXGL Background Thread 3 ] DEBUG Engine               - devBBoxColorProperty: ObjectProperty [value: 0xff0000ff]
23:23:02.273 [FXGL Background Thread 3 ] DEBUG Engine               - devEnableDebugCameraProperty: BooleanProperty [value: false]
23:23:02.273 [FXGL Background Thread 3 ] DEBUG Engine               - devSensorColorProperty: ObjectProperty [value: 0xffff00ff]
23:23:02.273 [FXGL Background Thread 3 ] DEBUG Engine               - devShowBBoxProperty: BooleanProperty [value: false]
23:23:02.273 [FXGL Background Thread 3 ] DEBUG Engine               - devShowPositionProperty: BooleanProperty [value: false]
23:23:02.294 [FXGL Background Thread 3 ] DEBUG Engine               - enabledMenuItems: []
23:23:02.303 [FXGL Background Thread 3 ] DEBUG Engine               - engineServices: [class com.almasb.fxgl.app.services.FXGLAssetLoaderService, class com.almasb.fxgl.app.FXGLApplication$GameApplicationService, class com.almasb.fxgl.app.services.FXGLDialogService, class com.almasb.fxgl.app.services.IOTaskExecutorService, class com.almasb.fxgl.io.FileSystemService, class com.almasb.fxgl.localization.LocalizationService, class com.almasb.fxgl.app.services.SystemBundleService, class com.almasb.fxgl.profile.SaveLoadService, class com.almasb.fxgl.ui.FXGLUIFactoryServiceProvider, class com.almasb.fxgl.ui.FXGLDialogFactoryServiceProvider, class com.almasb.fxgl.audio.AudioPlayer, class com.almasb.fxgl.notification.impl.NotificationServiceProvider, class com.almasb.fxgl.achievement.AchievementService, class com.almasb.fxgl.cutscene.CutsceneService, class com.almasb.fxgl.minigames.MiniGameService, class com.almasb.fxgl.net.NetService, class com.almasb.fxgl.app.services.UpdaterService, class com.almasb.fxgl.dev.DevService]
23:23:02.303 [FXGL Background Thread 3 ] DEBUG Engine               - fontGame: Abel-Regular.ttf
23:23:02.303 [FXGL Background Thread 3 ] DEBUG Engine               - fontMono: TerminalLandMono-Regular.otf
23:23:02.303 [FXGL Background Thread 3 ] DEBUG Engine               - fontSizeScaleUI: 1.0
23:23:02.303 [FXGL Background Thread 3 ] DEBUG Engine               - fontText: Courier-Prime.ttf
23:23:02.304 [FXGL Background Thread 3 ] DEBUG Engine               - fontUI: VarelaRound-Regular.ttf
23:23:02.304 [FXGL Background Thread 3 ] DEBUG Engine               - fullScreen: BooleanProperty [value: false]
23:23:02.304 [FXGL Background Thread 3 ] DEBUG Engine               - gameDifficulty: MEDIUM
23:23:02.304 [FXGL Background Thread 3 ] DEBUG Engine               - gameDifficultyProperty: ObjectProperty [value: MEDIUM]
23:23:02.304 [FXGL Background Thread 3 ] DEBUG Engine               - globalMusicVolume: 0.5
23:23:02.304 [FXGL Background Thread 3 ] DEBUG Engine               - globalMusicVolumeProperty: DoubleProperty [value: 0.5]
23:23:02.304 [FXGL Background Thread 3 ] DEBUG Engine               - globalSoundVolume: 0.5
23:23:02.304 [FXGL Background Thread 3 ] DEBUG Engine               - globalSoundVolumeProperty: DoubleProperty [value: 0.5]
23:23:02.304 [FXGL Background Thread 3 ] DEBUG Engine               - height: 800
23:23:02.304 [FXGL Background Thread 3 ] DEBUG Engine               - is3D: false
23:23:02.305 [FXGL Background Thread 3 ] DEBUG Engine               - isAndroid: false
23:23:02.305 [FXGL Background Thread 3 ] DEBUG Engine               - isBrowser: false
23:23:02.305 [FXGL Background Thread 3 ] DEBUG Engine               - isClickFeedbackEnabled: false
23:23:02.305 [FXGL Background Thread 3 ] DEBUG Engine               - isCloseConfirmation: false
23:23:02.305 [FXGL Background Thread 3 ] DEBUG Engine               - isDesktop: true
23:23:02.305 [FXGL Background Thread 3 ] DEBUG Engine               - isDeveloperMenuEnabled: true
23:23:02.305 [FXGL Background Thread 3 ] DEBUG Engine               - isEmbedded: false
23:23:02.305 [FXGL Background Thread 3 ] DEBUG Engine               - isEntityPreloadEnabled: true
23:23:02.305 [FXGL Background Thread 3 ] DEBUG Engine               - isExperimentalTiledLargeMap: false
23:23:02.305 [FXGL Background Thread 3 ] DEBUG Engine               - isFileSystemWriteAllowed: true
23:23:02.305 [FXGL Background Thread 3 ] DEBUG Engine               - isFullScreenAllowed: false
23:23:02.305 [FXGL Background Thread 3 ] DEBUG Engine               - isFullScreenFromStart: false
23:23:02.305 [FXGL Background Thread 3 ] DEBUG Engine               - isGameMenuEnabled: true
23:23:02.306 [FXGL Background Thread 3 ] DEBUG Engine               - isIOS: false
23:23:02.306 [FXGL Background Thread 3 ] DEBUG Engine               - isIntroEnabled: false
23:23:02.306 [FXGL Background Thread 3 ] DEBUG Engine               - isLinux: false
23:23:02.306 [FXGL Background Thread 3 ] DEBUG Engine               - isMac: false
23:23:02.306 [FXGL Background Thread 3 ] DEBUG Engine               - isMainMenuEnabled: true
23:23:02.306 [FXGL Background Thread 3 ] DEBUG Engine               - isManualResizeEnabled: false
23:23:02.306 [FXGL Background Thread 3 ] DEBUG Engine               - isMobile: false
23:23:02.306 [FXGL Background Thread 3 ] DEBUG Engine               - isNative: false
23:23:02.306 [FXGL Background Thread 3 ] DEBUG Engine               - isPauseMusicWhenMinimized: true
23:23:02.306 [FXGL Background Thread 3 ] DEBUG Engine               - isPreserveResizeRatio: false
23:23:02.306 [FXGL Background Thread 3 ] DEBUG Engine               - isProfilingEnabled: false
23:23:02.307 [FXGL Background Thread 3 ] DEBUG Engine               - isScaleAffectedOnResize: true
23:23:02.307 [FXGL Background Thread 3 ] DEBUG Engine               - isSingleStep: false
23:23:02.307 [FXGL Background Thread 3 ] DEBUG Engine               - isUserProfileEnabled: false
23:23:02.307 [FXGL Background Thread 3 ] DEBUG Engine               - isWindows: true
23:23:02.307 [FXGL Background Thread 3 ] DEBUG Engine               - language: ObjectProperty [value: ENGLISH]
23:23:02.307 [FXGL Background Thread 3 ] DEBUG Engine               - menuKey: ESCAPE
23:23:02.307 [FXGL Background Thread 3 ] DEBUG Engine               - mouseSensitivity: 0.2
23:23:02.308 [FXGL Background Thread 3 ] DEBUG Engine               - notificationViewClass: class com.almasb.fxgl.notification.view.XboxNotificationView
23:23:02.308 [FXGL Background Thread 3 ] DEBUG Engine               - pixelsPerMeter: 50.0
23:23:02.308 [FXGL Background Thread 3 ] DEBUG Engine               - platform: WINDOWS
23:23:02.308 [FXGL Background Thread 3 ] DEBUG Engine               - prefHeightProperty: ReadOnlyDoubleProperty [value: 800.0]
23:23:02.308 [FXGL Background Thread 3 ] DEBUG Engine               - prefWidthProperty: ReadOnlyDoubleProperty [value: 800.0]
23:23:02.308 [FXGL Background Thread 3 ] DEBUG Engine               - profileDir: profiles/
23:23:02.309 [FXGL Background Thread 3 ] DEBUG Engine               - profileName: StringProperty [value: DEFAULT]
23:23:02.309 [FXGL Background Thread 3 ] DEBUG Engine               - randomSeed: -1
23:23:02.309 [FXGL Background Thread 3 ] DEBUG Engine               - runtimeInfo: RuntimeInfo(platform=WINDOWS, version=21.1, build=27.03.2024 07.52)
23:23:02.310 [FXGL Background Thread 3 ] DEBUG Engine               - saveFileExt: sav
23:23:02.310 [FXGL Background Thread 3 ] DEBUG Engine               - scaledHeightProp$fxgl: DoubleProperty [bound, value: 728.0]
23:23:02.310 [FXGL Background Thread 3 ] DEBUG Engine               - scaledWidthProp$fxgl: DoubleProperty [bound, value: 703.0]
23:23:02.310 [FXGL Background Thread 3 ] DEBUG Engine               - sceneFactory: com.almasb.fxgl.app.scene.SceneFactory@185cff89
23:23:02.310 [FXGL Background Thread 3 ] DEBUG Engine               - secondsIn24h: 60
23:23:02.310 [FXGL Background Thread 3 ] DEBUG Engine               - soundMenuBack: menu/back.wav
23:23:02.310 [FXGL Background Thread 3 ] DEBUG Engine               - soundMenuPress: menu/press.wav
23:23:02.310 [FXGL Background Thread 3 ] DEBUG Engine               - soundMenuSelect: menu/select.wav
23:23:02.310 [FXGL Background Thread 3 ] DEBUG Engine               - soundNotification: core/notification.wav
23:23:02.310 [FXGL Background Thread 3 ] DEBUG Engine               - stageStyle: DECORATED
23:23:02.310 [FXGL Background Thread 3 ] DEBUG Engine               - supportedLanguages: [ENGLISH, FRENCH, GERMAN, HUNGARIAN, RUSSIAN]
23:23:02.310 [FXGL Background Thread 3 ] DEBUG Engine               - ticksPerSecond: -1
23:23:02.310 [FXGL Background Thread 3 ] DEBUG Engine               - title: Gonvival
23:23:02.311 [FXGL Background Thread 3 ] DEBUG Engine               - urlGithub: https://github.com/AlmasB/FXGL
23:23:02.311 [FXGL Background Thread 3 ] DEBUG Engine               - urlLeaderboard: http://fxgl-top.herokuapp.com/
23:23:02.311 [FXGL Background Thread 3 ] DEBUG Engine               - urlPOM: https://raw.githubusercontent.com/AlmasB/FXGL/release/README.md
23:23:02.311 [FXGL Background Thread 3 ] DEBUG Engine               - userAppClass: class com.lab.App
23:23:02.311 [FXGL Background Thread 3 ] DEBUG Engine               - version: beta
23:23:02.311 [FXGL Background Thread 3 ] DEBUG Engine               - versionCheckDays: 7
23:23:02.311 [FXGL Background Thread 3 ] DEBUG Engine               - width: 800
23:23:02.311 [FXGL Background Thread 3 ] DEBUG Engine               - Logging services
23:23:02.311 [FXGL Background Thread 3 ] DEBUG Engine               - class com.almasb.fxgl.app.services.FXGLAssetLoaderService
23:23:02.311 [FXGL Background Thread 3 ] DEBUG Engine               - class com.almasb.fxgl.app.FXGLApplication$GameApplicationService
23:23:02.311 [FXGL Background Thread 3 ] DEBUG Engine               - class com.almasb.fxgl.app.services.FXGLDialogService
23:23:02.311 [FXGL Background Thread 3 ] DEBUG Engine               - class com.almasb.fxgl.app.services.IOTaskExecutorService
23:23:02.311 [FXGL Background Thread 3 ] DEBUG Engine               - class com.almasb.fxgl.io.FileSystemService
23:23:02.311 [FXGL Background Thread 3 ] DEBUG Engine               - class com.almasb.fxgl.localization.LocalizationService
23:23:02.311 [FXGL Background Thread 3 ] DEBUG Engine               - class com.almasb.fxgl.app.services.SystemBundleService
23:23:02.312 [FXGL Background Thread 3 ] DEBUG Engine               - class com.almasb.fxgl.profile.SaveLoadService
23:23:02.312 [FXGL Background Thread 3 ] DEBUG Engine               - class com.almasb.fxgl.ui.FXGLUIFactoryServiceProvider
23:23:02.312 [FXGL Background Thread 3 ] DEBUG Engine               - class com.almasb.fxgl.ui.FXGLDialogFactoryServiceProvider
23:23:02.312 [FXGL Background Thread 3 ] DEBUG Engine               - class com.almasb.fxgl.audio.AudioPlayer
23:23:02.312 [FXGL Background Thread 3 ] DEBUG Engine               - class com.almasb.fxgl.notification.impl.NotificationServiceProvider
23:23:02.312 [FXGL Background Thread 3 ] DEBUG Engine               - class com.almasb.fxgl.achievement.AchievementService
23:23:02.312 [FXGL Background Thread 3 ] DEBUG Engine               - class com.almasb.fxgl.cutscene.CutsceneService
23:23:02.312 [FXGL Background Thread 3 ] DEBUG Engine               - class com.almasb.fxgl.minigames.MiniGameService
23:23:02.312 [FXGL Background Thread 3 ] DEBUG Engine               - class com.almasb.fxgl.net.NetService
23:23:02.312 [FXGL Background Thread 3 ] DEBUG Engine               - class com.almasb.fxgl.app.services.UpdaterService
23:23:02.312 [FXGL Background Thread 3 ] DEBUG Engine               - class com.almasb.fxgl.dev.DevService
23:23:04.464 [FXGL Background Thread 4 ] DEBUG FXGLAssetLoaderServi - Loading from file system: jar:file:/C:/Users/Khana/.m2/repository/com/github/almasb/fxgl/21.1/fxgl-21.1.jar!/fxglassets/ui/fonts/Abel-Regular.ttf
23:23:04.967 [FXGL Background Thread 4 ] DEBUG FXGLAssetLoaderServi - Loading from file system: jar:file:/C:/Users/Khana/.m2/repository/com/github/almasb/fxgl/21.1/fxgl-21.1.jar!/fxglassets/ui/fonts/TerminalLandMono-Regular.otf
23:23:04.977 [FXGL Background Thread 4 ] DEBUG FXGLAssetLoaderServi - Loading from file system: jar:file:/C:/Users/Khana/.m2/repository/com/github/almasb/fxgl/21.1/fxgl-21.1.jar!/fxglassets/ui/fonts/Courier-Prime.ttf
23:23:05.209 [JavaFX Application Thread] DEBUG FXGLApplication      - Registering font factories with UI factory
23:23:14.656 [JavaFX Application Thread] DEBUG Menu                 - fireNewGame()
23:23:14.656 [JavaFX Application Thread] DEBUG GameApplicationServi - Starting new game
23:23:14.662 [JavaFX Application Thread] DEBUG PrimaryStageWindow   - Pop state: FXGLDefaultMenu
23:23:14.662 [JavaFX Application Thread] DEBUG Input                - Clearing active input actions
23:23:14.664 [JavaFX Application Thread] DEBUG GameApplicationServi - Removing overlay from FXGLDefaultMenu and adding to FXGLMainMenuDummyScene
23:23:14.668 [JavaFX Application Thread] DEBUG PrimaryStageWindow   - FXGLMainMenuDummyScene <- FXGLDefaultMenu
23:23:14.668 [JavaFX Application Thread] DEBUG Input                - Clearing active input actions
23:23:14.701 [JavaFX Application Thread] DEBUG GameApplicationServi - Removing overlay from FXGLMainMenuDummyScene and adding to FXGLLoadingScene
23:23:14.702 [JavaFX Application Thread] DEBUG PrimaryStageWindow   - FXGLMainMenuDummyScene -> FXGLLoadingScene
23:23:14.702 [JavaFX Application Thread] DEBUG GameApplicationServi - Clearing previous game
23:23:14.702 [JavaFX Application Thread] DEBUG GameScene            - Clearing game scene
23:23:14.702 [JavaFX Application Thread] DEBUG GameWorld            - Clearing game world
23:23:14.702 [JavaFX Application Thread] DEBUG PhysicsWorld         - Clearing physics world
23:23:14.705 [FXGL Background Thread 4 ] DEBUG FXGLApplication      - Initializing game
23:23:15.076 [FXGL Background Thread 4 ] DEBUG FXGLAssetLoaderServi - Loading from file system: file:/E:/Labs/Gonvival/game/target/classes/assets/textures/map.png
23:23:16.817 [FXGL Background Thread 4 ] DEBUG FXGLAssetLoaderServi - Loading from file system: file:/E:/Labs/Gonvival/game/target/classes/assets/textures/idle_down.png
23:23:17.206 [FXGL Background Thread 4 ] DEBUG FXGLAssetLoaderServi - Loading from file system: file:/E:/Labs/Gonvival/game/target/classes/assets/textures/idle_up.png
23:23:17.977 [FXGL Background Thread 4 ] DEBUG FXGLAssetLoaderServi - Loading from file system: file:/E:/Labs/Gonvival/game/target/classes/assets/textures/idle_left_down.png
23:23:18.216 [FXGL Background Thread 4 ] DEBUG FXGLAssetLoaderServi - Loading from file system: file:/E:/Labs/Gonvival/game/target/classes/assets/textures/idle_left_up.png
23:23:19.565 [FXGL Background Thread 4 ] DEBUG FXGLAssetLoaderServi - Loading from file system: file:/E:/Labs/Gonvival/game/target/classes/assets/textures/idle_right_down.png
23:23:19.593 [FXGL Background Thread 4 ] DEBUG FXGLAssetLoaderServi - Loading from file system: file:/E:/Labs/Gonvival/game/target/classes/assets/textures/idle_right_up.png
23:23:19.609 [FXGL Background Thread 4 ] DEBUG FXGLAssetLoaderServi - Loading from file system: file:/E:/Labs/Gonvival/game/target/classes/assets/textures/walk_left_down.png
23:23:19.612 [FXGL Background Thread 4 ] DEBUG FXGLAssetLoaderServi - Loading from file system: file:/E:/Labs/Gonvival/game/target/classes/assets/textures/walk_right_down.png
23:23:19.614 [FXGL Background Thread 4 ] DEBUG FXGLAssetLoaderServi - Loading from file system: file:/E:/Labs/Gonvival/game/target/classes/assets/textures/walk_up.png
23:23:19.616 [FXGL Background Thread 4 ] DEBUG FXGLAssetLoaderServi - Loading from file system: file:/E:/Labs/Gonvival/game/target/classes/assets/textures/walk_down.png
23:23:19.619 [FXGL Background Thread 4 ] DEBUG FXGLAssetLoaderServi - Loading from file system: file:/E:/Labs/Gonvival/game/target/classes/assets/textures/walk_left_up.png
23:23:19.621 [FXGL Background Thread 4 ] DEBUG FXGLAssetLoaderServi - Loading from file system: file:/E:/Labs/Gonvival/game/target/classes/assets/textures/walk_right_up.png
23:23:19.805 [FXGL Background Thread 4 ] INFO  FXGLApplication      - Game initialization took: 5.100 sec
23:23:19.911 [JavaFX Application Thread] DEBUG Input                - Clearing active input actions
23:23:19.947 [JavaFX Application Thread] DEBUG GameApplicationServi - Removing overlay from FXGLLoadingScene and adding to GameScene
23:23:20.002 [JavaFX Application Thread] DEBUG PrimaryStageWindow   - FXGLLoadingScene -> GameScene
23:23:20.508 [JavaFX Application Thread] DEBUG Input                - Registered new binding: SHOOT - LMB
23:23:20.567 [JavaFX Application Thread] DEBUG Input                - Registered new binding: MOVE LEFT - A
23:23:20.567 [JavaFX Application Thread] DEBUG Input                - Registered new binding: MOVE RIGHT - D
23:23:20.567 [JavaFX Application Thread] DEBUG Input                - Registered new binding: MOVE UP - W
23:23:20.568 [JavaFX Application Thread] DEBUG Input                - Registered new binding: MOVE DOWN - S
23:23:21.465 [JavaFX Application Thread] DEBUG FXGLAssetLoaderServi - Loading from file system: file:/E:/Labs/Gonvival/game/target/classes/assets/textures/evil.png
23:23:22.121 [JavaFX Application Thread] DEBUG FXGLAssetLoaderServi - Loading from file system: file:/E:/Labs/Gonvival/game/target/classes/assets/textures/arrow.png
23:23:24.637 [JavaFX Application Thread] DEBUG PrimaryStageWindow   - Push state: DialogSubScene
23:23:24.637 [JavaFX Application Thread] DEBUG Input                - Clearing active input actions
23:23:24.638 [JavaFX Application Thread] DEBUG GameApplicationServi - Removing overlay from GameScene and adding to DialogSubScene
23:23:24.644 [JavaFX Application Thread] DEBUG PrimaryStageWindow   - GameScene -> DialogSubScene
23:23:35.678 [JavaFX Application Thread] DEBUG PrimaryStageWindow   - Pop state: DialogSubScene
23:23:35.678 [JavaFX Application Thread] DEBUG Input                - Clearing active input actions
23:23:35.680 [JavaFX Application Thread] DEBUG GameApplicationServi - Removing overlay from DialogSubScene and adding to GameScene
23:23:35.681 [JavaFX Application Thread] DEBUG PrimaryStageWindow   - GameScene <- DialogSubScene
23:23:38.573 [JavaFX Application Thread] DEBUG PrimaryStageWindow   - Push state: DialogSubScene
23:23:38.573 [JavaFX Application Thread] DEBUG Input                - Clearing active input actions
23:23:38.574 [JavaFX Application Thread] DEBUG GameApplicationServi - Removing overlay from GameScene and adding to DialogSubScene
23:23:38.578 [JavaFX Application Thread] DEBUG PrimaryStageWindow   - GameScene -> DialogSubScene
23:23:40.326 [JavaFX Application Thread] DEBUG PrimaryStageWindow   - Pop state: DialogSubScene
23:23:40.326 [JavaFX Application Thread] DEBUG Input                - Clearing active input actions
23:23:40.327 [JavaFX Application Thread] DEBUG GameApplicationServi - Removing overlay from DialogSubScene and adding to GameScene
23:23:40.328 [JavaFX Application Thread] DEBUG PrimaryStageWindow   - GameScene <- DialogSubScene
23:23:44.601 [JavaFX Application Thread] DEBUG PrimaryStageWindow   - Push state: DialogSubScene
23:23:44.602 [JavaFX Application Thread] DEBUG Input                - Clearing active input actions
23:23:44.603 [JavaFX Application Thread] DEBUG GameApplicationServi - Removing overlay from GameScene and adding to DialogSubScene
23:23:44.609 [JavaFX Application Thread] DEBUG PrimaryStageWindow   - GameScene -> DialogSubScene
23:23:45.511 [JavaFX Application Thread] DEBUG PrimaryStageWindow   - Pop state: DialogSubScene
23:23:45.511 [JavaFX Application Thread] DEBUG Input                - Clearing active input actions
23:23:45.512 [JavaFX Application Thread] DEBUG GameApplicationServi - Removing overlay from DialogSubScene and adding to GameScene
23:23:45.514 [JavaFX Application Thread] DEBUG PrimaryStageWindow   - GameScene <- DialogSubScene
23:23:50.201 [JavaFX Application Thread] DEBUG PrimaryStageWindow   - Push state: DialogSubScene
23:23:50.201 [JavaFX Application Thread] DEBUG Input                - Clearing active input actions
23:23:50.203 [JavaFX Application Thread] DEBUG GameApplicationServi - Removing overlay from GameScene and adding to DialogSubScene
23:23:50.205 [JavaFX Application Thread] DEBUG PrimaryStageWindow   - GameScene -> DialogSubScene
23:23:51.679 [JavaFX Application Thread] DEBUG PrimaryStageWindow   - Pop state: DialogSubScene
23:23:51.680 [JavaFX Application Thread] DEBUG Input                - Clearing active input actions
23:23:51.680 [JavaFX Application Thread] DEBUG GameApplicationServi - Removing overlay from DialogSubScene and adding to GameScene
23:23:51.682 [JavaFX Application Thread] DEBUG PrimaryStageWindow   - GameScene <- DialogSubScene
23:23:57.580 [JavaFX Application Thread] DEBUG PrimaryStageWindow   - Push state: DialogSubScene
23:23:57.581 [JavaFX Application Thread] DEBUG Input                - Clearing active input actions
23:23:57.581 [JavaFX Application Thread] DEBUG GameApplicationServi - Removing overlay from GameScene and adding to DialogSubScene
23:23:57.583 [JavaFX Application Thread] DEBUG PrimaryStageWindow   - GameScene -> DialogSubScene
23:23:58.112 [JavaFX Application Thread] DEBUG PrimaryStageWindow   - Pop state: DialogSubScene
23:23:58.113 [JavaFX Application Thread] DEBUG Input                - Clearing active input actions
23:23:58.115 [JavaFX Application Thread] DEBUG GameApplicationServi - Removing overlay from DialogSubScene and adding to GameScene
23:23:58.117 [JavaFX Application Thread] DEBUG PrimaryStageWindow   - GameScene <- DialogSubScene
23:24:00.505 [JavaFX Application Thread] DEBUG PrimaryStageWindow   - Push state: DialogSubScene
23:24:00.505 [JavaFX Application Thread] DEBUG Input                - Clearing active input actions
23:24:00.505 [JavaFX Application Thread] DEBUG GameApplicationServi - Removing overlay from GameScene and adding to DialogSubScene
23:24:00.506 [JavaFX Application Thread] DEBUG PrimaryStageWindow   - GameScene -> DialogSubScene
23:24:01.334 [JavaFX Application Thread] DEBUG PrimaryStageWindow   - Pop state: DialogSubScene
23:24:01.334 [JavaFX Application Thread] DEBUG Input                - Clearing active input actions
23:24:01.335 [JavaFX Application Thread] DEBUG GameApplicationServi - Removing overlay from DialogSubScene and adding to GameScene
23:24:01.336 [JavaFX Application Thread] DEBUG PrimaryStageWindow   - GameScene <- DialogSubScene
23:24:01.336 [JavaFX Application Thread] DEBUG Input                - Clearing active input actions
23:24:01.344 [JavaFX Application Thread] DEBUG GameApplicationServi - Removing overlay from GameScene and adding to FXGLMainMenuDummyScene
23:24:01.345 [JavaFX Application Thread] DEBUG PrimaryStageWindow   - GameScene -> FXGLMainMenuDummyScene
23:24:01.345 [JavaFX Application Thread] DEBUG PrimaryStageWindow   - Push state: FXGLDefaultMenu
23:24:01.345 [JavaFX Application Thread] DEBUG Input                - Clearing active input actions
23:24:01.350 [JavaFX Application Thread] DEBUG GameApplicationServi - Removing overlay from FXGLMainMenuDummyScene and adding to FXGLDefaultMenu
23:24:01.367 [JavaFX Application Thread] DEBUG PrimaryStageWindow   - FXGLMainMenuDummyScene -> FXGLDefaultMenu
23:24:04.310 [JavaFX Application Thread] DEBUG FXGLApplication      - Exiting FXGL
23:24:04.310 [JavaFX Application Thread] DEBUG LoopRunner           - Stopping loop
23:24:04.310 [JavaFX Application Thread] DEBUG SystemBundleService  - Saving FXGL system data
23:24:04.453 [JavaFX Application Thread] DEBUG FileSystemAccess     - Writing to: E:\Labs\Gonvival\system\fxgl.bundle
23:24:04.499 [JavaFX Application Thread] DEBUG Async                - Shutting down background threads
23:24:04.499 [JavaFX Application Thread] DEBUG PrimaryStageWindow   - Closing main window
23:24:04.761 [JavaFX Application Thread] DEBUG Logger               - Closing Logger
