22:15:53.746 [main                     ] DEBUG Logger               - Configured Logger
22:15:53.848 [main                     ] DEBUG GameApplication      - Logging settings
Title: Gonvival
Version: beta
Width: 800
Height: 600
Fullscreen: false
Intro: false
Profiling: false
Single step:false
App Mode: DEVELOPER
Menu Key: ESCAPE
Stage Style: DECORATED
Scene Factory: class com.almasb.fxgl.app.scene.SceneFactory

22:15:55.053 [JavaFX Application Thread] DEBUG FXGLApplication      - Initializing FXGL
22:15:55.058 [JavaFX Application Thread] INFO  Engine               - FXGL-21.1 (27.03.2024 07.52) on WINDOWS (J:21.0.5 FX:21.0.1)
22:15:55.059 [JavaFX Application Thread] DEBUG Engine               - JRE Vendor Name: Eclipse Adoptium
22:15:55.059 [JavaFX Application Thread] DEBUG Engine               - Running on OS: Windows 11 version 10.0
22:15:55.059 [JavaFX Application Thread] DEBUG Engine               - Architecture: amd64
22:15:55.059 [JavaFX Application Thread] INFO  Engine               - Source code and latest versions at: https://github.com/AlmasB/FXGL
22:15:55.060 [JavaFX Application Thread] INFO  Engine               -       Ask questions and discuss at: https://github.com/AlmasB/FXGL/discussions
22:15:55.060 [JavaFX Application Thread] INFO  Engine               -              Join the FXGL chat at: https://gitter.im/AlmasB/FXGL
22:15:55.213 [JavaFX Application Thread] DEBUG PrimaryStageWindow   - Creating a JavaFX scene
22:15:55.362 [JavaFX Application Thread] DEBUG PrimaryStageWindow   - Target settings size: 800.0 x 600.0
22:15:55.364 [JavaFX Application Thread] DEBUG PrimaryStageWindow   - Scaled scene size:    800.0 x 600.0
22:15:55.364 [JavaFX Application Thread] DEBUG PrimaryStageWindow   - Scaled ratio: (1.0, 1.0)
22:15:55.371 [JavaFX Application Thread] DEBUG PrimaryStageWindow   - Set initial scene to FXGLStartupScene
22:15:55.386 [JavaFX Application Thread] DEBUG PrimaryStageWindow   - Opening main window
22:15:55.656 [JavaFX Application Thread] DEBUG PrimaryStageWindow   - Window border size: (14.4000244140625, 37.5999755859375)
22:15:55.657 [JavaFX Application Thread] DEBUG PrimaryStageWindow   - Scaled size: 800.0 x 600.0
22:15:55.658 [JavaFX Application Thread] DEBUG PrimaryStageWindow   - Scaled ratio: (1.0, 1.0)
22:15:55.659 [JavaFX Application Thread] DEBUG PrimaryStageWindow   - Scene size: 800.0 x 600.0
22:15:55.659 [JavaFX Application Thread] DEBUG PrimaryStageWindow   - Stage size: 814.4000244140625 x 637.5999755859375
22:15:55.679 [FXGL Background Thread 1 ] DEBUG Engine               - Initializing environment variables
22:15:55.829 [FXGL Background Thread 1 ] DEBUG FXGLAssetLoaderServi - User app class for loading assets: class com.lab.App
22:15:55.830 [FXGL Background Thread 1 ] DEBUG GameApplicationServi - Applying CSS: fxgl_dark.css
22:15:55.832 [FXGL Background Thread 1 ] DEBUG FXGLAssetLoaderServi - Loading from file system: jar:file:/C:/Users/HP/.m2/repository/com/github/almasb/fxgl/21.1/fxgl-21.1.jar!/fxglassets/ui/css/fxgl_dark.css
22:15:55.888 [FXGL Background Thread 1 ] DEBUG GameApplicationServi - Initializing application scenes
22:15:55.981 [FXGL Background Thread 1 ] DEBUG GameWorld            - Game world initialized
22:15:56.201 [FXGL Background Thread 1 ] DEBUG PhysicsWorld         - Physics world initialized: appHeight=600, physics.ppm=50.0
22:15:56.201 [FXGL Background Thread 1 ] DEBUG PhysicsWorld         - Using strategy: BRUTE_FORCE
22:15:56.216 [FXGL Background Thread 1 ] DEBUG GameScene            - Game scene initialized: 800x600
22:15:56.263 [FXGL Background Thread 1 ] DEBUG FXGL.DefaultMenu     - createMenuBodyGameMenu()
22:15:56.312 [FXGL Background Thread 1 ] DEBUG FXGL.DefaultMenu     - createOptionsMenu()
22:15:56.326 [FXGL Background Thread 1 ] DEBUG FXGLAssetLoaderServi - Loading from file system: jar:file:/C:/Users/HP/.m2/repository/com/github/almasb/fxgl/21.1/fxgl-21.1.jar!/fxglassets/textures/particles/smoke.png
22:15:56.583 [FXGL Background Thread 1 ] DEBUG FXGLAssetLoaderServi - Loading from file system: jar:file:/C:/Users/HP/.m2/repository/com/github/almasb/fxgl/21.1/fxgl-21.1.jar!/fxglassets/textures/particles/trace_horizontal.png
22:15:56.620 [FXGL Background Thread 1 ] DEBUG GameApplicationServi - Application scenes initialized
22:15:56.641 [FXGL Background Thread 1 ] DEBUG SystemBundleService  - Loading FXGL system data
22:15:56.651 [FXGL Background Thread 1 ] DEBUG FileSystemAccess     - Reading from: D:\Gonvival\system\fxgl.bundle
22:15:56.666 [FXGL Background Thread 1 ] DEBUG SystemBundleService  - Bundle FXGL: {}
22:15:56.668 [FXGL Background Thread 1 ] DEBUG UpdaterService       - Checking for updates
22:15:56.676 [FXGL Background Thread 4 ] DEBUG FXGLApplication      - Loading fonts
22:15:56.678 [FXGL Background Thread 4 ] DEBUG FXGLAssetLoaderServi - Loading from file system: jar:file:/C:/Users/HP/.m2/repository/com/github/almasb/fxgl/21.1/fxgl-21.1.jar!/fxglassets/ui/fonts/VarelaRound-Regular.ttf
22:15:56.679 [FXGL Background Thread 1 ] DEBUG FXGLApplication      - Loading default localization
22:15:56.679 [FXGL Background Thread 1 ] DEBUG FXGLAssetLoaderServi - Loading from file system: jar:file:/C:/Users/HP/.m2/repository/com/github/almasb/fxgl/21.1/fxgl-21.1.jar!/fxglassets/languages/english.lang
22:15:56.729 [FXGL Background Thread 1 ] INFO  FXGLApplication      - FXGL initialization took: 1.050 sec
22:15:56.743 [JavaFX Application Thread] DEBUG Input                - Registered new binding: Shoot - LMB
22:15:56.746 [FXGL Background Thread 4 ] DEBUG FXGLAssetLoaderServi - Loading from file system: jar:file:/C:/Users/HP/.m2/repository/com/github/almasb/fxgl/21.1/fxgl-21.1.jar!/fxglassets/ui/fonts/Abel-Regular.ttf
22:15:56.752 [FXGL Background Thread 4 ] DEBUG FXGLAssetLoaderServi - Loading from file system: jar:file:/C:/Users/HP/.m2/repository/com/github/almasb/fxgl/21.1/fxgl-21.1.jar!/fxglassets/ui/fonts/TerminalLandMono-Regular.otf
22:15:56.755 [JavaFX Application Thread] DEBUG Input                - Registered new binding: action0 - A
22:15:56.756 [JavaFX Application Thread] DEBUG Input                - Registered new binding: action1 - D
22:15:56.758 [JavaFX Application Thread] DEBUG Input                - Registered new binding: action2 - W
22:15:56.758 [FXGL Background Thread 4 ] DEBUG FXGLAssetLoaderServi - Loading from file system: jar:file:/C:/Users/HP/.m2/repository/com/github/almasb/fxgl/21.1/fxgl-21.1.jar!/fxglassets/ui/fonts/Courier-Prime.ttf
22:15:56.758 [JavaFX Application Thread] DEBUG Input                - Registered new binding: action3 - S
22:15:56.759 [JavaFX Application Thread] DEBUG FXGLAssetLoaderServi - Loading from file system: jar:file:/C:/Users/HP/.m2/repository/com/github/almasb/fxgl/21.1/fxgl-21.1.jar!/fxglassets/textures/fxgl_icon.png
22:15:56.784 [JavaFX Application Thread] DEBUG FXGLAssetLoaderServi - Loading from file system: jar:file:/C:/Users/HP/.m2/repository/com/github/almasb/fxgl/21.1/fxgl-21.1.jar!/fxglassets/textures/fxgl_default_cursor.png
22:15:56.787 [JavaFX Application Thread] DEBUG Input                - Registered new binding: Screenshot - CTRL+8
22:15:56.788 [JavaFX Application Thread] DEBUG Input                - Registered new binding: System info dump - CTRL+9
22:15:56.789 [JavaFX Application Thread] DEBUG Input                - Registered new binding: Restart - CTRL+R
22:15:56.790 [JavaFX Application Thread] DEBUG Input                - Registered new binding: Toggle Debug Camera - CTRL+7
22:15:56.793 [JavaFX Application Thread] DEBUG LoopRunner           - Starting loop
22:15:56.793 [JavaFX Application Thread] DEBUG LoopRunner           - Initializing JavaFX AnimationTimerLoop
22:15:56.799 [JavaFX Application Thread] DEBUG GameApplicationServi - Starting new game
22:15:56.800 [JavaFX Application Thread] DEBUG Input                - Clearing active input actions
22:15:56.820 [JavaFX Application Thread] DEBUG GameApplicationServi - Removing overlay from FXGLStartupScene and adding to FXGLLoadingScene
22:15:56.821 [JavaFX Application Thread] DEBUG PrimaryStageWindow   - FXGLStartupScene -> FXGLLoadingScene
22:15:56.821 [JavaFX Application Thread] DEBUG GameApplicationServi - Clearing previous game
22:15:56.821 [JavaFX Application Thread] DEBUG GameScene            - Clearing game scene
22:15:56.821 [JavaFX Application Thread] DEBUG GameWorld            - Clearing game world
22:15:56.821 [JavaFX Application Thread] DEBUG PhysicsWorld         - Clearing physics world
22:15:56.824 [FXGL Background Thread 4 ] DEBUG FXGLApplication      - Initializing game
22:15:56.829 [JavaFX Application Thread] DEBUG FXGLApplication      - Registering font factories with UI factory
22:15:56.856 [FXGL Background Thread 4 ] DEBUG FXGLAssetLoaderServi - Loading from file system: file:/D:/Gonvival/game/target/classes/assets/textures/g.png
22:15:56.864 [FXGL Background Thread 4 ] INFO  FXGLApplication      - Game initialization took: 0.040 sec
22:15:56.914 [JavaFX Application Thread] DEBUG Input                - Clearing active input actions
22:15:56.923 [JavaFX Application Thread] DEBUG GameApplicationServi - Removing overlay from FXGLLoadingScene and adding to GameScene
22:15:56.923 [JavaFX Application Thread] DEBUG PrimaryStageWindow   - FXGLLoadingScene -> GameScene
22:15:57.923 [JavaFX Application Thread] DEBUG FXGLAssetLoaderServi - Loading from file system: file:/D:/Gonvival/game/target/classes/assets/textures/evil.png
22:15:59.184 [JavaFX Application Thread] DEBUG FXGLAssetLoaderServi - Loading from file system: file:/D:/Gonvival/game/target/classes/assets/textures/arrow.png
22:15:59.673 [FXGL Background Thread 3 ] DEBUG Engine               - Logging environment variables
22:15:59.674 [FXGL Background Thread 3 ] DEBUG Engine               - achievements: []
22:15:59.676 [FXGL Background Thread 3 ] DEBUG Engine               - actualHeight: 600.0
22:15:59.676 [FXGL Background Thread 3 ] DEBUG Engine               - actualHeightProperty: ReadOnlyDoubleProperty [value: 600.0]
22:15:59.676 [FXGL Background Thread 3 ] DEBUG Engine               - actualWidth: 800.0
22:15:59.676 [FXGL Background Thread 3 ] DEBUG Engine               - actualWidthProperty: ReadOnlyDoubleProperty [value: 800.0]
22:15:59.676 [FXGL Background Thread 3 ] DEBUG Engine               - appIcon: fxgl_icon.png
22:15:59.676 [FXGL Background Thread 3 ] DEBUG Engine               - applicationMode: DEVELOPER
22:15:59.676 [FXGL Background Thread 3 ] DEBUG Engine               - cSSList: [fxgl_dark.css]
22:15:59.676 [FXGL Background Thread 3 ] DEBUG Engine               - collisionDetectionStrategy: BRUTE_FORCE
22:15:59.678 [FXGL Background Thread 3 ] DEBUG Engine               - configClass: Optional.empty
22:15:59.678 [FXGL Background Thread 3 ] DEBUG Engine               - credits: []
22:15:59.679 [FXGL Background Thread 3 ] DEBUG Engine               - defaultCursor: CursorInfo(imageName=fxgl_default_cursor.png, hotspotX=7.0, hotspotY=6.0)
22:15:59.679 [FXGL Background Thread 3 ] DEBUG Engine               - devBBoxColorProperty: ObjectProperty [value: 0xff0000ff]
22:15:59.680 [FXGL Background Thread 3 ] DEBUG Engine               - devEnableDebugCameraProperty: BooleanProperty [value: false]
22:15:59.680 [FXGL Background Thread 3 ] DEBUG Engine               - devSensorColorProperty: ObjectProperty [value: 0xffff00ff]
22:15:59.681 [FXGL Background Thread 3 ] DEBUG Engine               - devShowBBoxProperty: BooleanProperty [value: false]
22:15:59.681 [FXGL Background Thread 3 ] DEBUG Engine               - devShowPositionProperty: BooleanProperty [value: false]
22:15:59.681 [FXGL Background Thread 3 ] DEBUG Engine               - enabledMenuItems: []
22:15:59.681 [FXGL Background Thread 3 ] DEBUG Engine               - engineServices: [class com.almasb.fxgl.app.services.FXGLAssetLoaderService, class com.almasb.fxgl.app.FXGLApplication$GameApplicationService, class com.almasb.fxgl.app.services.FXGLDialogService, class com.almasb.fxgl.app.services.IOTaskExecutorService, class com.almasb.fxgl.io.FileSystemService, class com.almasb.fxgl.localization.LocalizationService, class com.almasb.fxgl.app.services.SystemBundleService, class com.almasb.fxgl.profile.SaveLoadService, class com.almasb.fxgl.ui.FXGLUIFactoryServiceProvider, class com.almasb.fxgl.ui.FXGLDialogFactoryServiceProvider, class com.almasb.fxgl.audio.AudioPlayer, class com.almasb.fxgl.notification.impl.NotificationServiceProvider, class com.almasb.fxgl.achievement.AchievementService, class com.almasb.fxgl.cutscene.CutsceneService, class com.almasb.fxgl.minigames.MiniGameService, class com.almasb.fxgl.net.NetService, class com.almasb.fxgl.app.services.UpdaterService, class com.almasb.fxgl.dev.DevService]
22:15:59.681 [FXGL Background Thread 3 ] DEBUG Engine               - fontGame: Abel-Regular.ttf
22:15:59.682 [FXGL Background Thread 3 ] DEBUG Engine               - fontMono: TerminalLandMono-Regular.otf
22:15:59.682 [FXGL Background Thread 3 ] DEBUG Engine               - fontSizeScaleUI: 1.0
22:15:59.683 [FXGL Background Thread 3 ] DEBUG Engine               - fontText: Courier-Prime.ttf
22:15:59.683 [FXGL Background Thread 3 ] DEBUG Engine               - fontUI: VarelaRound-Regular.ttf
22:15:59.683 [FXGL Background Thread 3 ] DEBUG Engine               - fullScreen: BooleanProperty [value: false]
22:15:59.684 [FXGL Background Thread 3 ] DEBUG Engine               - gameDifficulty: MEDIUM
22:15:59.684 [FXGL Background Thread 3 ] DEBUG Engine               - gameDifficultyProperty: ObjectProperty [value: MEDIUM]
22:15:59.684 [FXGL Background Thread 3 ] DEBUG Engine               - globalMusicVolume: 0.5
22:15:59.684 [FXGL Background Thread 3 ] DEBUG Engine               - globalMusicVolumeProperty: DoubleProperty [value: 0.5]
22:15:59.684 [FXGL Background Thread 3 ] DEBUG Engine               - globalSoundVolume: 0.5
22:15:59.684 [FXGL Background Thread 3 ] DEBUG Engine               - globalSoundVolumeProperty: DoubleProperty [value: 0.5]
22:15:59.686 [FXGL Background Thread 3 ] DEBUG Engine               - height: 600
22:15:59.686 [FXGL Background Thread 3 ] DEBUG Engine               - is3D: false
22:15:59.686 [FXGL Background Thread 3 ] DEBUG Engine               - isAndroid: false
22:15:59.686 [FXGL Background Thread 3 ] DEBUG Engine               - isBrowser: false
22:15:59.686 [FXGL Background Thread 3 ] DEBUG Engine               - isClickFeedbackEnabled: false
22:15:59.686 [FXGL Background Thread 3 ] DEBUG Engine               - isCloseConfirmation: false
22:15:59.686 [FXGL Background Thread 3 ] DEBUG Engine               - isDesktop: true
22:15:59.686 [FXGL Background Thread 3 ] DEBUG Engine               - isDeveloperMenuEnabled: false
22:15:59.686 [FXGL Background Thread 3 ] DEBUG Engine               - isEmbedded: false
22:15:59.686 [FXGL Background Thread 3 ] DEBUG Engine               - isEntityPreloadEnabled: true
22:15:59.687 [FXGL Background Thread 3 ] DEBUG Engine               - isExperimentalTiledLargeMap: false
22:15:59.687 [FXGL Background Thread 3 ] DEBUG Engine               - isFileSystemWriteAllowed: true
22:15:59.687 [FXGL Background Thread 3 ] DEBUG Engine               - isFullScreenAllowed: false
22:15:59.687 [FXGL Background Thread 3 ] DEBUG Engine               - isFullScreenFromStart: false
22:15:59.687 [FXGL Background Thread 3 ] DEBUG Engine               - isGameMenuEnabled: true
22:15:59.688 [FXGL Background Thread 3 ] DEBUG Engine               - isIOS: false
22:15:59.688 [FXGL Background Thread 3 ] DEBUG Engine               - isIntroEnabled: false
22:15:59.688 [FXGL Background Thread 3 ] DEBUG Engine               - isLinux: false
22:15:59.688 [FXGL Background Thread 3 ] DEBUG Engine               - isMac: false
22:15:59.689 [FXGL Background Thread 3 ] DEBUG Engine               - isMainMenuEnabled: false
22:15:59.689 [FXGL Background Thread 3 ] DEBUG Engine               - isManualResizeEnabled: false
22:15:59.690 [FXGL Background Thread 3 ] DEBUG Engine               - isMobile: false
22:15:59.690 [FXGL Background Thread 3 ] DEBUG Engine               - isNative: false
22:15:59.690 [FXGL Background Thread 3 ] DEBUG Engine               - isPauseMusicWhenMinimized: true
22:15:59.690 [FXGL Background Thread 3 ] DEBUG Engine               - isPreserveResizeRatio: false
22:15:59.690 [FXGL Background Thread 3 ] DEBUG Engine               - isProfilingEnabled: false
22:15:59.690 [FXGL Background Thread 3 ] DEBUG Engine               - isScaleAffectedOnResize: true
22:15:59.690 [FXGL Background Thread 3 ] DEBUG Engine               - isSingleStep: false
22:15:59.691 [FXGL Background Thread 3 ] DEBUG Engine               - isUserProfileEnabled: false
22:15:59.691 [FXGL Background Thread 3 ] DEBUG Engine               - isWindows: true
22:15:59.691 [FXGL Background Thread 3 ] DEBUG Engine               - language: ObjectProperty [value: ENGLISH]
22:15:59.691 [FXGL Background Thread 3 ] DEBUG Engine               - menuKey: ESCAPE
22:15:59.691 [FXGL Background Thread 3 ] DEBUG Engine               - mouseSensitivity: 0.2
22:15:59.691 [FXGL Background Thread 3 ] DEBUG Engine               - notificationViewClass: class com.almasb.fxgl.notification.view.XboxNotificationView
22:15:59.691 [FXGL Background Thread 3 ] DEBUG Engine               - pixelsPerMeter: 50.0
22:15:59.692 [FXGL Background Thread 3 ] DEBUG Engine               - platform: WINDOWS
22:15:59.692 [FXGL Background Thread 3 ] DEBUG Engine               - prefHeightProperty: ReadOnlyDoubleProperty [value: 600.0]
22:15:59.692 [FXGL Background Thread 3 ] DEBUG Engine               - prefWidthProperty: ReadOnlyDoubleProperty [value: 800.0]
22:15:59.692 [FXGL Background Thread 3 ] DEBUG Engine               - profileDir: profiles/
22:15:59.692 [FXGL Background Thread 3 ] DEBUG Engine               - profileName: StringProperty [value: DEFAULT]
22:15:59.692 [FXGL Background Thread 3 ] DEBUG Engine               - randomSeed: -1
22:15:59.693 [FXGL Background Thread 3 ] DEBUG Engine               - runtimeInfo: RuntimeInfo(platform=WINDOWS, version=21.1, build=27.03.2024 07.52)
22:15:59.693 [FXGL Background Thread 3 ] DEBUG Engine               - saveFileExt: sav
22:15:59.695 [FXGL Background Thread 3 ] DEBUG Engine               - scaledHeightProp$fxgl: DoubleProperty [bound, value: 600.0]
22:15:59.695 [FXGL Background Thread 3 ] DEBUG Engine               - scaledWidthProp$fxgl: DoubleProperty [bound, value: 800.0]
22:15:59.695 [FXGL Background Thread 3 ] DEBUG Engine               - sceneFactory: com.almasb.fxgl.app.scene.SceneFactory@21985eb3
22:15:59.695 [FXGL Background Thread 3 ] DEBUG Engine               - secondsIn24h: 60
22:15:59.695 [FXGL Background Thread 3 ] DEBUG Engine               - soundMenuBack: menu/back.wav
22:15:59.695 [FXGL Background Thread 3 ] DEBUG Engine               - soundMenuPress: menu/press.wav
22:15:59.695 [FXGL Background Thread 3 ] DEBUG Engine               - soundMenuSelect: menu/select.wav
22:15:59.695 [FXGL Background Thread 3 ] DEBUG Engine               - soundNotification: core/notification.wav
22:15:59.695 [FXGL Background Thread 3 ] DEBUG Engine               - stageStyle: DECORATED
22:15:59.696 [FXGL Background Thread 3 ] DEBUG Engine               - supportedLanguages: [ENGLISH, FRENCH, GERMAN, HUNGARIAN, RUSSIAN]
22:15:59.696 [FXGL Background Thread 3 ] DEBUG Engine               - ticksPerSecond: -1
22:15:59.696 [FXGL Background Thread 3 ] DEBUG Engine               - title: Gonvival
22:15:59.698 [FXGL Background Thread 3 ] DEBUG Engine               - urlGithub: https://github.com/AlmasB/FXGL
22:15:59.698 [FXGL Background Thread 3 ] DEBUG Engine               - urlLeaderboard: http://fxgl-top.herokuapp.com/
22:15:59.698 [FXGL Background Thread 3 ] DEBUG Engine               - urlPOM: https://raw.githubusercontent.com/AlmasB/FXGL/release/README.md
22:15:59.698 [FXGL Background Thread 3 ] DEBUG Engine               - userAppClass: class com.lab.App
22:15:59.698 [FXGL Background Thread 3 ] DEBUG Engine               - version: beta
22:15:59.699 [FXGL Background Thread 3 ] DEBUG Engine               - versionCheckDays: 7
22:15:59.699 [FXGL Background Thread 3 ] DEBUG Engine               - width: 800
22:15:59.699 [FXGL Background Thread 3 ] DEBUG Engine               - Logging services
22:15:59.700 [FXGL Background Thread 3 ] DEBUG Engine               - class com.almasb.fxgl.app.services.FXGLAssetLoaderService
22:15:59.700 [FXGL Background Thread 3 ] DEBUG Engine               - class com.almasb.fxgl.app.FXGLApplication$GameApplicationService
22:15:59.700 [FXGL Background Thread 3 ] DEBUG Engine               - class com.almasb.fxgl.app.services.FXGLDialogService
22:15:59.700 [FXGL Background Thread 3 ] DEBUG Engine               - class com.almasb.fxgl.app.services.IOTaskExecutorService
22:15:59.700 [FXGL Background Thread 3 ] DEBUG Engine               - class com.almasb.fxgl.io.FileSystemService
22:15:59.700 [FXGL Background Thread 3 ] DEBUG Engine               - class com.almasb.fxgl.localization.LocalizationService
22:15:59.700 [FXGL Background Thread 3 ] DEBUG Engine               - class com.almasb.fxgl.app.services.SystemBundleService
22:15:59.700 [FXGL Background Thread 3 ] DEBUG Engine               - class com.almasb.fxgl.profile.SaveLoadService
22:15:59.701 [FXGL Background Thread 3 ] DEBUG Engine               - class com.almasb.fxgl.ui.FXGLUIFactoryServiceProvider
22:15:59.701 [FXGL Background Thread 3 ] DEBUG Engine               - class com.almasb.fxgl.ui.FXGLDialogFactoryServiceProvider
22:15:59.701 [FXGL Background Thread 3 ] DEBUG Engine               - class com.almasb.fxgl.audio.AudioPlayer
22:15:59.701 [FXGL Background Thread 3 ] DEBUG Engine               - class com.almasb.fxgl.notification.impl.NotificationServiceProvider
22:15:59.701 [FXGL Background Thread 3 ] DEBUG Engine               - class com.almasb.fxgl.achievement.AchievementService
22:15:59.701 [FXGL Background Thread 3 ] DEBUG Engine               - class com.almasb.fxgl.cutscene.CutsceneService
22:15:59.701 [FXGL Background Thread 3 ] DEBUG Engine               - class com.almasb.fxgl.minigames.MiniGameService
22:15:59.701 [FXGL Background Thread 3 ] DEBUG Engine               - class com.almasb.fxgl.net.NetService
22:15:59.702 [FXGL Background Thread 3 ] DEBUG Engine               - class com.almasb.fxgl.app.services.UpdaterService
22:15:59.702 [FXGL Background Thread 3 ] DEBUG Engine               - class com.almasb.fxgl.dev.DevService
22:16:31.207 [JavaFX Application Thread] DEBUG FXGLApplication      - Exiting FXGL
22:16:31.208 [JavaFX Application Thread] DEBUG LoopRunner           - Stopping loop
22:16:31.208 [JavaFX Application Thread] DEBUG SystemBundleService  - Saving FXGL system data
22:16:31.211 [JavaFX Application Thread] DEBUG FileSystemAccess     - Writing to: D:\Gonvival\system\fxgl.bundle
22:16:31.214 [JavaFX Application Thread] DEBUG Async                - Shutting down background threads
22:16:31.214 [JavaFX Application Thread] DEBUG PrimaryStageWindow   - Closing main window
22:16:31.296 [JavaFX Application Thread] DEBUG Logger               - Closing Logger
