05:42:27.426 [main                     ] DEBUG Logger               - Configured Logger
05:42:27.454 [main                     ] DEBUG GameApplication      - Logging settings
Title: Gonvival
Version: beta
Width: 800
Height: 800
Fullscreen: false
Intro: false
Profiling: false
Single step:false
App Mode: DEVELOPER
Menu Key: ESCAPE
Stage Style: DECORATED
Scene Factory: class com.lab.App$1

05:42:28.717 [JavaFX Application Thread] DEBUG FXGLApplication      - Initializing FXGL
05:42:28.722 [JavaFX Application Thread] INFO  Engine               - FXGL-21.1 (27.03.2024 07.52) on WINDOWS (J:21.0.5 FX:21.0.1)
05:42:28.723 [JavaFX Application Thread] DEBUG Engine               - JRE Vendor Name: Eclipse Adoptium
05:42:28.723 [JavaFX Application Thread] DEBUG Engine               - Running on OS: Windows 11 version 10.0
05:42:28.723 [JavaFX Application Thread] DEBUG Engine               - Architecture: amd64
05:42:28.723 [JavaFX Application Thread] INFO  Engine               - Source code and latest versions at: https://github.com/AlmasB/FXGL
05:42:28.724 [JavaFX Application Thread] INFO  Engine               -       Ask questions and discuss at: https://github.com/AlmasB/FXGL/discussions
05:42:28.725 [JavaFX Application Thread] INFO  Engine               -              Join the FXGL chat at: https://gitter.im/AlmasB/FXGL
05:42:28.826 [JavaFX Application Thread] DEBUG PrimaryStageWindow   - Creating a JavaFX scene
05:42:28.881 [JavaFX Application Thread] DEBUG PrimaryStageWindow   - Target settings size: 800.0 x 800.0
05:42:28.881 [JavaFX Application Thread] DEBUG PrimaryStageWindow   - Scaled scene size:    800.0 x 800.0
05:42:28.882 [JavaFX Application Thread] DEBUG PrimaryStageWindow   - Scaled ratio: (1.0, 1.0)
05:42:28.883 [JavaFX Application Thread] DEBUG PrimaryStageWindow   - Set initial scene to FXGLStartupScene
05:42:28.887 [JavaFX Application Thread] DEBUG PrimaryStageWindow   - Opening main window
05:42:29.082 [JavaFX Application Thread] DEBUG PrimaryStageWindow   - Window border size: (14.4000244140625, 37.5999755859375)
05:42:29.083 [JavaFX Application Thread] DEBUG PrimaryStageWindow   - Scaled size: 800.0 x 800.0
05:42:29.083 [JavaFX Application Thread] DEBUG PrimaryStageWindow   - Scaled ratio: (1.0, 1.0)
05:42:29.085 [JavaFX Application Thread] DEBUG PrimaryStageWindow   - Scene size: 800.0 x 800.0
05:42:29.086 [JavaFX Application Thread] DEBUG PrimaryStageWindow   - Stage size: 814.4000244140625 x 837.5999755859375
05:42:29.105 [FXGL Background Thread 1 ] DEBUG Engine               - Initializing environment variables
05:42:29.283 [FXGL Background Thread 1 ] DEBUG FXGLAssetLoaderServi - User app class for loading assets: class com.lab.App
05:42:29.284 [FXGL Background Thread 1 ] DEBUG GameApplicationServi - Applying CSS: fxgl_dark.css
05:42:29.288 [FXGL Background Thread 1 ] DEBUG FXGLAssetLoaderServi - Loading from file system: jar:file:/C:/Users/HP/.m2/repository/com/github/almasb/fxgl/21.1/fxgl-21.1.jar!/fxglassets/ui/css/fxgl_dark.css
05:42:29.438 [FXGL Background Thread 1 ] DEBUG GameApplicationServi - Initializing application scenes
05:42:29.518 [FXGL Background Thread 1 ] DEBUG GameWorld            - Game world initialized
05:42:29.619 [FXGL Background Thread 1 ] DEBUG PhysicsWorld         - Physics world initialized: appHeight=800, physics.ppm=50.0
05:42:29.619 [FXGL Background Thread 1 ] DEBUG PhysicsWorld         - Using strategy: BRUTE_FORCE
05:42:29.622 [FXGL Background Thread 1 ] DEBUG GameScene            - Game scene initialized: 800x800
05:42:29.679 [FXGL Background Thread 1 ] DEBUG FXGL.DefaultMenu     - createMenuBodyGameMenu()
05:42:29.695 [FXGL Background Thread 1 ] DEBUG FXGL.DefaultMenu     - createOptionsMenu()
05:42:29.710 [FXGL Background Thread 1 ] DEBUG FXGLAssetLoaderServi - Loading from file system: jar:file:/C:/Users/HP/.m2/repository/com/github/almasb/fxgl/21.1/fxgl-21.1.jar!/fxglassets/textures/particles/smoke.png
05:42:29.907 [FXGL Background Thread 1 ] DEBUG FXGLAssetLoaderServi - Loading from file system: jar:file:/C:/Users/HP/.m2/repository/com/github/almasb/fxgl/21.1/fxgl-21.1.jar!/fxglassets/textures/particles/trace_horizontal.png
05:42:29.952 [FXGL Background Thread 1 ] DEBUG GameApplicationServi - Application scenes initialized
05:42:29.964 [FXGL Background Thread 1 ] DEBUG SystemBundleService  - Loading FXGL system data
05:42:29.971 [FXGL Background Thread 1 ] DEBUG FileSystemAccess     - Reading from: D:\Gonvival\system\fxgl.bundle
05:42:29.990 [FXGL Background Thread 1 ] DEBUG SystemBundleService  - Bundle FXGL: {}
05:42:29.990 [FXGL Background Thread 1 ] DEBUG UpdaterService       - Checking for updates
05:42:30.007 [FXGL Background Thread 4 ] DEBUG FXGLApplication      - Loading fonts
05:42:30.009 [FXGL Background Thread 4 ] DEBUG FXGLAssetLoaderServi - Loading from file system: jar:file:/C:/Users/HP/.m2/repository/com/github/almasb/fxgl/21.1/fxgl-21.1.jar!/fxglassets/ui/fonts/VarelaRound-Regular.ttf
05:42:30.010 [FXGL Background Thread 1 ] DEBUG FXGLApplication      - Loading default localization
05:42:30.012 [FXGL Background Thread 1 ] DEBUG FXGLAssetLoaderServi - Loading from file system: jar:file:/C:/Users/HP/.m2/repository/com/github/almasb/fxgl/21.1/fxgl-21.1.jar!/fxglassets/languages/english.lang
05:42:30.128 [FXGL Background Thread 4 ] DEBUG FXGLAssetLoaderServi - Loading from file system: jar:file:/C:/Users/HP/.m2/repository/com/github/almasb/fxgl/21.1/fxgl-21.1.jar!/fxglassets/ui/fonts/Abel-Regular.ttf
05:42:30.135 [FXGL Background Thread 4 ] DEBUG FXGLAssetLoaderServi - Loading from file system: jar:file:/C:/Users/HP/.m2/repository/com/github/almasb/fxgl/21.1/fxgl-21.1.jar!/fxglassets/ui/fonts/TerminalLandMono-Regular.otf
05:42:30.143 [FXGL Background Thread 4 ] DEBUG FXGLAssetLoaderServi - Loading from file system: jar:file:/C:/Users/HP/.m2/repository/com/github/almasb/fxgl/21.1/fxgl-21.1.jar!/fxglassets/ui/fonts/Courier-Prime.ttf
05:42:30.152 [FXGL Background Thread 1 ] INFO  FXGLApplication      - FXGL initialization took: 1.046 sec
05:42:30.155 [JavaFX Application Thread] DEBUG FXGLAssetLoaderServi - Loading from file system: jar:file:/C:/Users/HP/.m2/repository/com/github/almasb/fxgl/21.1/fxgl-21.1.jar!/fxglassets/textures/fxgl_icon.png
05:42:30.192 [JavaFX Application Thread] DEBUG FXGLAssetLoaderServi - Loading from file system: jar:file:/C:/Users/HP/.m2/repository/com/github/almasb/fxgl/21.1/fxgl-21.1.jar!/fxglassets/textures/fxgl_default_cursor.png
05:42:30.209 [JavaFX Application Thread] DEBUG Input                - Registered new binding: Screenshot - CTRL+8
05:42:30.211 [JavaFX Application Thread] DEBUG Input                - Registered new binding: System info dump - CTRL+9
05:42:30.212 [JavaFX Application Thread] DEBUG Input                - Registered new binding: Restart - CTRL+R
05:42:30.213 [JavaFX Application Thread] DEBUG Input                - Registered new binding: Toggle Debug Camera - CTRL+7
05:42:30.217 [JavaFX Application Thread] DEBUG LoopRunner           - Starting loop
05:42:30.217 [JavaFX Application Thread] DEBUG LoopRunner           - Initializing JavaFX AnimationTimerLoop
05:42:30.221 [JavaFX Application Thread] DEBUG Input                - Clearing active input actions
05:42:30.228 [JavaFX Application Thread] DEBUG GameApplicationServi - Removing overlay from FXGLStartupScene and adding to FXGLMainMenuDummyScene
05:42:30.229 [JavaFX Application Thread] DEBUG PrimaryStageWindow   - FXGLStartupScene -> FXGLMainMenuDummyScene
05:42:30.229 [JavaFX Application Thread] DEBUG PrimaryStageWindow   - Push state: StartScreen
05:42:30.229 [JavaFX Application Thread] DEBUG Input                - Clearing active input actions
05:42:30.246 [JavaFX Application Thread] DEBUG GameApplicationServi - Removing overlay from FXGLMainMenuDummyScene and adding to StartScreen
05:42:30.247 [JavaFX Application Thread] DEBUG PrimaryStageWindow   - FXGLMainMenuDummyScene -> StartScreen
05:42:30.250 [JavaFX Application Thread] DEBUG FXGLApplication      - Registering font factories with UI factory
05:42:31.089 [JavaFX Application Thread] DEBUG Menu                 - fireNewGame()
05:42:31.089 [JavaFX Application Thread] DEBUG GameApplicationServi - Starting new game
05:42:31.090 [JavaFX Application Thread] DEBUG PrimaryStageWindow   - Pop state: StartScreen
05:42:31.090 [JavaFX Application Thread] DEBUG Input                - Clearing active input actions
05:42:31.091 [JavaFX Application Thread] DEBUG GameApplicationServi - Removing overlay from StartScreen and adding to FXGLMainMenuDummyScene
05:42:31.091 [JavaFX Application Thread] DEBUG PrimaryStageWindow   - FXGLMainMenuDummyScene <- StartScreen
05:42:31.092 [JavaFX Application Thread] DEBUG Input                - Clearing active input actions
05:42:31.109 [JavaFX Application Thread] DEBUG GameApplicationServi - Removing overlay from FXGLMainMenuDummyScene and adding to FXGLLoadingScene
05:42:31.110 [JavaFX Application Thread] DEBUG PrimaryStageWindow   - FXGLMainMenuDummyScene -> FXGLLoadingScene
05:42:31.110 [JavaFX Application Thread] DEBUG GameApplicationServi - Clearing previous game
05:42:31.110 [JavaFX Application Thread] DEBUG GameScene            - Clearing game scene
05:42:31.111 [JavaFX Application Thread] DEBUG GameWorld            - Clearing game world
05:42:31.111 [JavaFX Application Thread] DEBUG PhysicsWorld         - Clearing physics world
05:42:31.114 [FXGL Background Thread 2 ] DEBUG FXGLApplication      - Initializing game
05:42:31.148 [FXGL Background Thread 2 ] DEBUG FXGLAssetLoaderServi - Loading from file system: file:/D:/Gonvival/game/target/classes/assets/textures/newmap2.png
05:42:31.202 [FXGL Background Thread 2 ] DEBUG FXGLAssetLoaderServi - Loading from file system: file:/D:/Gonvival/game/target/classes/assets/textures/point.jpg
05:42:31.288 [FXGL Background Thread 2 ] DEBUG FXGLAssetLoaderServi - Loading from file system: file:/D:/Gonvival/game/target/classes/assets/textures/Level.png
05:42:31.317 [FXGL Background Thread 2 ] DEBUG FXGLAssetLoaderServi - Loading from file system: file:/D:/Gonvival/game/target/classes/assets/textures/idle_down.png
05:42:31.322 [FXGL Background Thread 2 ] DEBUG FXGLAssetLoaderServi - Loading from file system: file:/D:/Gonvival/game/target/classes/assets/textures/idle_up.png
05:42:31.324 [FXGL Background Thread 2 ] DEBUG FXGLAssetLoaderServi - Loading from file system: file:/D:/Gonvival/game/target/classes/assets/textures/idle_left_down.png
05:42:31.326 [FXGL Background Thread 2 ] DEBUG FXGLAssetLoaderServi - Loading from file system: file:/D:/Gonvival/game/target/classes/assets/textures/idle_left_up.png
05:42:31.328 [FXGL Background Thread 2 ] DEBUG FXGLAssetLoaderServi - Loading from file system: file:/D:/Gonvival/game/target/classes/assets/textures/idle_right_down.png
05:42:31.330 [FXGL Background Thread 2 ] DEBUG FXGLAssetLoaderServi - Loading from file system: file:/D:/Gonvival/game/target/classes/assets/textures/idle_right_up.png
05:42:31.332 [FXGL Background Thread 2 ] DEBUG FXGLAssetLoaderServi - Loading from file system: file:/D:/Gonvival/game/target/classes/assets/textures/walk_left_down.png
05:42:31.334 [FXGL Background Thread 2 ] DEBUG FXGLAssetLoaderServi - Loading from file system: file:/D:/Gonvival/game/target/classes/assets/textures/walk_right_down.png
05:42:31.336 [FXGL Background Thread 2 ] DEBUG FXGLAssetLoaderServi - Loading from file system: file:/D:/Gonvival/game/target/classes/assets/textures/walk_up.png
05:42:31.338 [FXGL Background Thread 2 ] DEBUG FXGLAssetLoaderServi - Loading from file system: file:/D:/Gonvival/game/target/classes/assets/textures/walk_down.png
05:42:31.340 [FXGL Background Thread 2 ] DEBUG FXGLAssetLoaderServi - Loading from file system: file:/D:/Gonvival/game/target/classes/assets/textures/walk_left_up.png
05:42:31.342 [FXGL Background Thread 2 ] DEBUG FXGLAssetLoaderServi - Loading from file system: file:/D:/Gonvival/game/target/classes/assets/textures/walk_right_up.png
05:42:31.351 [FXGL Background Thread 2 ] INFO  FXGLApplication      - Game initialization took: 0.238 sec
05:42:31.353 [JavaFX Application Thread] DEBUG Input                - Clearing active input actions
05:42:31.359 [JavaFX Application Thread] DEBUG GameApplicationServi - Removing overlay from FXGLLoadingScene and adding to GameScene
05:42:31.359 [JavaFX Application Thread] DEBUG PrimaryStageWindow   - FXGLLoadingScene -> GameScene
05:42:31.445 [JavaFX Application Thread] DEBUG Input                - Registered new binding: SHOOT - LMB
05:42:31.445 [JavaFX Application Thread] DEBUG Input                - Registered new binding: MOVE LEFT - A
05:42:31.446 [JavaFX Application Thread] DEBUG Input                - Registered new binding: MOVE RIGHT - D
05:42:31.446 [JavaFX Application Thread] DEBUG Input                - Registered new binding: MOVE UP - W
05:42:31.446 [JavaFX Application Thread] DEBUG Input                - Registered new binding: MOVE DOWN - S
05:42:32.181 [JavaFX Application Thread] DEBUG FXGLAssetLoaderServi - Loading from file system: file:/D:/Gonvival/game/target/classes/assets/textures/GraveRevenant.png
05:42:32.948 [JavaFX Application Thread] DEBUG FXGLAssetLoaderServi - Loading from file system: file:/D:/Gonvival/game/target/classes/assets/textures/arrow.png
05:42:33.002 [FXGL Background Thread 3 ] DEBUG Engine               - Logging environment variables
05:42:33.003 [FXGL Background Thread 3 ] DEBUG Engine               - achievements: []
05:42:33.004 [FXGL Background Thread 3 ] DEBUG Engine               - actualHeight: 800.0
05:42:33.004 [FXGL Background Thread 3 ] DEBUG Engine               - actualHeightProperty: ReadOnlyDoubleProperty [value: 800.0]
05:42:33.004 [FXGL Background Thread 3 ] DEBUG Engine               - actualWidth: 800.0
05:42:33.004 [FXGL Background Thread 3 ] DEBUG Engine               - actualWidthProperty: ReadOnlyDoubleProperty [value: 800.0]
05:42:33.004 [FXGL Background Thread 3 ] DEBUG Engine               - appIcon: fxgl_icon.png
05:42:33.004 [FXGL Background Thread 3 ] DEBUG Engine               - applicationMode: DEVELOPER
05:42:33.004 [FXGL Background Thread 3 ] DEBUG Engine               - cSSList: [fxgl_dark.css]
05:42:33.004 [FXGL Background Thread 3 ] DEBUG Engine               - collisionDetectionStrategy: BRUTE_FORCE
05:42:33.004 [FXGL Background Thread 3 ] DEBUG Engine               - configClass: Optional.empty
05:42:33.005 [FXGL Background Thread 3 ] DEBUG Engine               - credits: []
05:42:33.006 [FXGL Background Thread 3 ] DEBUG Engine               - defaultCursor: CursorInfo(imageName=fxgl_default_cursor.png, hotspotX=7.0, hotspotY=6.0)
05:42:33.007 [FXGL Background Thread 3 ] DEBUG Engine               - devBBoxColorProperty: ObjectProperty [value: 0xff0000ff]
05:42:33.007 [FXGL Background Thread 3 ] DEBUG Engine               - devEnableDebugCameraProperty: BooleanProperty [value: false]
05:42:33.008 [FXGL Background Thread 3 ] DEBUG Engine               - devSensorColorProperty: ObjectProperty [value: 0xffff00ff]
05:42:33.008 [FXGL Background Thread 3 ] DEBUG Engine               - devShowBBoxProperty: BooleanProperty [value: false]
05:42:33.008 [FXGL Background Thread 3 ] DEBUG Engine               - devShowPositionProperty: BooleanProperty [value: false]
05:42:33.008 [FXGL Background Thread 3 ] DEBUG Engine               - enabledMenuItems: []
05:42:33.008 [FXGL Background Thread 3 ] DEBUG Engine               - engineServices: [class com.almasb.fxgl.app.services.FXGLAssetLoaderService, class com.almasb.fxgl.app.FXGLApplication$GameApplicationService, class com.almasb.fxgl.app.services.FXGLDialogService, class com.almasb.fxgl.app.services.IOTaskExecutorService, class com.almasb.fxgl.io.FileSystemService, class com.almasb.fxgl.localization.LocalizationService, class com.almasb.fxgl.app.services.SystemBundleService, class com.almasb.fxgl.profile.SaveLoadService, class com.almasb.fxgl.ui.FXGLUIFactoryServiceProvider, class com.almasb.fxgl.ui.FXGLDialogFactoryServiceProvider, class com.almasb.fxgl.audio.AudioPlayer, class com.almasb.fxgl.notification.impl.NotificationServiceProvider, class com.almasb.fxgl.achievement.AchievementService, class com.almasb.fxgl.cutscene.CutsceneService, class com.almasb.fxgl.minigames.MiniGameService, class com.almasb.fxgl.net.NetService, class com.almasb.fxgl.app.services.UpdaterService, class com.almasb.fxgl.dev.DevService]
05:42:33.008 [FXGL Background Thread 3 ] DEBUG Engine               - fontGame: Abel-Regular.ttf
05:42:33.008 [FXGL Background Thread 3 ] DEBUG Engine               - fontMono: TerminalLandMono-Regular.otf
05:42:33.008 [FXGL Background Thread 3 ] DEBUG Engine               - fontSizeScaleUI: 1.0
05:42:33.009 [FXGL Background Thread 3 ] DEBUG Engine               - fontText: Courier-Prime.ttf
05:42:33.009 [FXGL Background Thread 3 ] DEBUG Engine               - fontUI: VarelaRound-Regular.ttf
05:42:33.009 [FXGL Background Thread 3 ] DEBUG Engine               - fullScreen: BooleanProperty [value: false]
05:42:33.009 [FXGL Background Thread 3 ] DEBUG Engine               - gameDifficulty: MEDIUM
05:42:33.010 [FXGL Background Thread 3 ] DEBUG Engine               - gameDifficultyProperty: ObjectProperty [value: MEDIUM]
05:42:33.010 [FXGL Background Thread 3 ] DEBUG Engine               - globalMusicVolume: 0.5
05:42:33.010 [FXGL Background Thread 3 ] DEBUG Engine               - globalMusicVolumeProperty: DoubleProperty [value: 1.0]
05:42:33.010 [FXGL Background Thread 3 ] DEBUG Engine               - globalSoundVolume: 0.5
05:42:33.010 [FXGL Background Thread 3 ] DEBUG Engine               - globalSoundVolumeProperty: DoubleProperty [value: 1.0]
05:42:33.010 [FXGL Background Thread 3 ] DEBUG Engine               - height: 800
05:42:33.010 [FXGL Background Thread 3 ] DEBUG Engine               - is3D: false
05:42:33.011 [FXGL Background Thread 3 ] DEBUG Engine               - isAndroid: false
05:42:33.011 [FXGL Background Thread 3 ] DEBUG Engine               - isBrowser: false
05:42:33.011 [FXGL Background Thread 3 ] DEBUG Engine               - isClickFeedbackEnabled: false
05:42:33.011 [FXGL Background Thread 3 ] DEBUG Engine               - isCloseConfirmation: false
05:42:33.011 [FXGL Background Thread 3 ] DEBUG Engine               - isDesktop: true
05:42:33.012 [FXGL Background Thread 3 ] DEBUG Engine               - isDeveloperMenuEnabled: false
05:42:33.012 [FXGL Background Thread 3 ] DEBUG Engine               - isEmbedded: false
05:42:33.012 [FXGL Background Thread 3 ] DEBUG Engine               - isEntityPreloadEnabled: true
05:42:33.012 [FXGL Background Thread 3 ] DEBUG Engine               - isExperimentalTiledLargeMap: false
05:42:33.012 [FXGL Background Thread 3 ] DEBUG Engine               - isFileSystemWriteAllowed: true
05:42:33.012 [FXGL Background Thread 3 ] DEBUG Engine               - isFullScreenAllowed: false
05:42:33.012 [FXGL Background Thread 3 ] DEBUG Engine               - isFullScreenFromStart: false
05:42:33.012 [FXGL Background Thread 3 ] DEBUG Engine               - isGameMenuEnabled: true
05:42:33.012 [FXGL Background Thread 3 ] DEBUG Engine               - isIOS: false
05:42:33.012 [FXGL Background Thread 3 ] DEBUG Engine               - isIntroEnabled: false
05:42:33.012 [FXGL Background Thread 3 ] DEBUG Engine               - isLinux: false
05:42:33.013 [FXGL Background Thread 3 ] DEBUG Engine               - isMac: false
05:42:33.013 [FXGL Background Thread 3 ] DEBUG Engine               - isMainMenuEnabled: true
05:42:33.013 [FXGL Background Thread 3 ] DEBUG Engine               - isManualResizeEnabled: false
05:42:33.013 [FXGL Background Thread 3 ] DEBUG Engine               - isMobile: false
05:42:33.014 [FXGL Background Thread 3 ] DEBUG Engine               - isNative: false
05:42:33.014 [FXGL Background Thread 3 ] DEBUG Engine               - isPauseMusicWhenMinimized: true
05:42:33.014 [FXGL Background Thread 3 ] DEBUG Engine               - isPreserveResizeRatio: false
05:42:33.014 [FXGL Background Thread 3 ] DEBUG Engine               - isProfilingEnabled: false
05:42:33.014 [FXGL Background Thread 3 ] DEBUG Engine               - isScaleAffectedOnResize: true
05:42:33.014 [FXGL Background Thread 3 ] DEBUG Engine               - isSingleStep: false
05:42:33.015 [FXGL Background Thread 3 ] DEBUG Engine               - isUserProfileEnabled: false
05:42:33.015 [FXGL Background Thread 3 ] DEBUG Engine               - isWindows: true
05:42:33.015 [FXGL Background Thread 3 ] DEBUG Engine               - language: ObjectProperty [value: ENGLISH]
05:42:33.015 [FXGL Background Thread 3 ] DEBUG Engine               - menuKey: ESCAPE
05:42:33.015 [FXGL Background Thread 3 ] DEBUG Engine               - mouseSensitivity: 0.2
05:42:33.015 [FXGL Background Thread 3 ] DEBUG Engine               - notificationViewClass: class com.almasb.fxgl.notification.view.XboxNotificationView
05:42:33.017 [FXGL Background Thread 3 ] DEBUG Engine               - pixelsPerMeter: 50.0
05:42:33.017 [FXGL Background Thread 3 ] DEBUG Engine               - platform: WINDOWS
05:42:33.017 [FXGL Background Thread 3 ] DEBUG Engine               - prefHeightProperty: ReadOnlyDoubleProperty [value: 800.0]
05:42:33.017 [FXGL Background Thread 3 ] DEBUG Engine               - prefWidthProperty: ReadOnlyDoubleProperty [value: 800.0]
05:42:33.017 [FXGL Background Thread 3 ] DEBUG Engine               - profileDir: profiles/
05:42:33.017 [FXGL Background Thread 3 ] DEBUG Engine               - profileName: StringProperty [value: DEFAULT]
05:42:33.017 [FXGL Background Thread 3 ] DEBUG Engine               - randomSeed: -1
05:42:33.018 [FXGL Background Thread 3 ] DEBUG Engine               - runtimeInfo: RuntimeInfo(platform=WINDOWS, version=21.1, build=27.03.2024 07.52)
05:42:33.018 [FXGL Background Thread 3 ] DEBUG Engine               - saveFileExt: sav
05:42:33.018 [FXGL Background Thread 3 ] DEBUG Engine               - scaledHeightProp$fxgl: DoubleProperty [bound, value: 800.0]
05:42:33.018 [FXGL Background Thread 3 ] DEBUG Engine               - scaledWidthProp$fxgl: DoubleProperty [bound, value: 800.0]
05:42:33.018 [FXGL Background Thread 3 ] DEBUG Engine               - sceneFactory: com.lab.App$1@6e43c54b
05:42:33.019 [FXGL Background Thread 3 ] DEBUG Engine               - secondsIn24h: 60
05:42:33.019 [FXGL Background Thread 3 ] DEBUG Engine               - soundMenuBack: menu/back.wav
05:42:33.019 [FXGL Background Thread 3 ] DEBUG Engine               - soundMenuPress: menu/press.wav
05:42:33.019 [FXGL Background Thread 3 ] DEBUG Engine               - soundMenuSelect: menu/select.wav
05:42:33.019 [FXGL Background Thread 3 ] DEBUG Engine               - soundNotification: core/notification.wav
05:42:33.019 [FXGL Background Thread 3 ] DEBUG Engine               - stageStyle: DECORATED
05:42:33.019 [FXGL Background Thread 3 ] DEBUG Engine               - supportedLanguages: [ENGLISH, FRENCH, GERMAN, HUNGARIAN, RUSSIAN]
05:42:33.019 [FXGL Background Thread 3 ] DEBUG Engine               - ticksPerSecond: -1
05:42:33.019 [FXGL Background Thread 3 ] DEBUG Engine               - title: Gonvival
05:42:33.019 [FXGL Background Thread 3 ] DEBUG Engine               - urlGithub: https://github.com/AlmasB/FXGL
05:42:33.019 [FXGL Background Thread 3 ] DEBUG Engine               - urlLeaderboard: http://fxgl-top.herokuapp.com/
05:42:33.019 [FXGL Background Thread 3 ] DEBUG Engine               - urlPOM: https://raw.githubusercontent.com/AlmasB/FXGL/release/README.md
05:42:33.019 [FXGL Background Thread 3 ] DEBUG Engine               - userAppClass: class com.lab.App
05:42:33.020 [FXGL Background Thread 3 ] DEBUG Engine               - version: beta
05:42:33.020 [FXGL Background Thread 3 ] DEBUG Engine               - versionCheckDays: 7
05:42:33.020 [FXGL Background Thread 3 ] DEBUG Engine               - width: 800
05:42:33.020 [FXGL Background Thread 3 ] DEBUG Engine               - Logging services
05:42:33.020 [FXGL Background Thread 3 ] DEBUG Engine               - class com.almasb.fxgl.app.services.FXGLAssetLoaderService
05:42:33.020 [FXGL Background Thread 3 ] DEBUG Engine               - class com.almasb.fxgl.app.FXGLApplication$GameApplicationService
05:42:33.020 [FXGL Background Thread 3 ] DEBUG Engine               - class com.almasb.fxgl.app.services.FXGLDialogService
05:42:33.020 [FXGL Background Thread 3 ] DEBUG Engine               - class com.almasb.fxgl.app.services.IOTaskExecutorService
05:42:33.020 [FXGL Background Thread 3 ] DEBUG Engine               - class com.almasb.fxgl.io.FileSystemService
05:42:33.020 [FXGL Background Thread 3 ] DEBUG Engine               - class com.almasb.fxgl.localization.LocalizationService
05:42:33.020 [FXGL Background Thread 3 ] DEBUG Engine               - class com.almasb.fxgl.app.services.SystemBundleService
05:42:33.020 [FXGL Background Thread 3 ] DEBUG Engine               - class com.almasb.fxgl.profile.SaveLoadService
05:42:33.020 [FXGL Background Thread 3 ] DEBUG Engine               - class com.almasb.fxgl.ui.FXGLUIFactoryServiceProvider
05:42:33.020 [FXGL Background Thread 3 ] DEBUG Engine               - class com.almasb.fxgl.ui.FXGLDialogFactoryServiceProvider
05:42:33.020 [FXGL Background Thread 3 ] DEBUG Engine               - class com.almasb.fxgl.audio.AudioPlayer
05:42:33.020 [FXGL Background Thread 3 ] DEBUG Engine               - class com.almasb.fxgl.notification.impl.NotificationServiceProvider
05:42:33.020 [FXGL Background Thread 3 ] DEBUG Engine               - class com.almasb.fxgl.achievement.AchievementService
05:42:33.020 [FXGL Background Thread 3 ] DEBUG Engine               - class com.almasb.fxgl.cutscene.CutsceneService
05:42:33.020 [FXGL Background Thread 3 ] DEBUG Engine               - class com.almasb.fxgl.minigames.MiniGameService
05:42:33.020 [FXGL Background Thread 3 ] DEBUG Engine               - class com.almasb.fxgl.net.NetService
05:42:33.020 [FXGL Background Thread 3 ] DEBUG Engine               - class com.almasb.fxgl.app.services.UpdaterService
05:42:33.021 [FXGL Background Thread 3 ] DEBUG Engine               - class com.almasb.fxgl.dev.DevService
05:42:41.761 [JavaFX Application Thread] DEBUG PrimaryStageWindow   - Push state: FXGLDefaultMenu
05:42:41.764 [JavaFX Application Thread] DEBUG Input                - Clearing active input actions
05:42:41.766 [JavaFX Application Thread] DEBUG GameApplicationServi - Removing overlay from GameScene and adding to FXGLDefaultMenu
05:42:41.766 [JavaFX Application Thread] DEBUG PrimaryStageWindow   - GameScene -> FXGLDefaultMenu
05:42:44.001 [JavaFX Application Thread] DEBUG FXGLApplication      - Exiting FXGL
05:42:44.001 [JavaFX Application Thread] DEBUG LoopRunner           - Stopping loop
05:42:44.001 [JavaFX Application Thread] DEBUG SystemBundleService  - Saving FXGL system data
05:42:44.005 [JavaFX Application Thread] DEBUG FileSystemAccess     - Writing to: D:\Gonvival\system\fxgl.bundle
05:42:44.008 [JavaFX Application Thread] DEBUG Async                - Shutting down background threads
05:42:44.008 [JavaFX Application Thread] DEBUG PrimaryStageWindow   - Closing main window
05:42:44.049 [JavaFX Application Thread] DEBUG Logger               - Closing Logger
