23:36:18.237 [main                     ] DEBUG Logger               - Configured Logger
23:36:18.268 [main                     ] DEBUG GameApplication      - Logging settings
Title: Gonvival
Version: beta
Width: 800
Height: 800
Fullscreen: false
Intro: false
Profiling: false
Single step:false
App Mode: DEVELOPER
Menu Key: ESCAPE
Stage Style: DECORATED
Scene Factory: class com.almasb.fxgl.app.scene.SceneFactory

23:36:19.287 [JavaFX Application Thread] DEBUG FXGLApplication      - Initializing FXGL
23:36:19.293 [JavaFX Application Thread] INFO  Engine               - FXGL-21.1 (27.03.2024 07.52) on WINDOWS (J:21.0.5 FX:21.0.1)
23:36:19.294 [JavaFX Application Thread] DEBUG Engine               - JRE Vendor Name: Eclipse Adoptium
23:36:19.294 [JavaFX Application Thread] DEBUG Engine               - Running on OS: Windows 11 version 10.0
23:36:19.294 [JavaFX Application Thread] DEBUG Engine               - Architecture: amd64
23:36:19.294 [JavaFX Application Thread] INFO  Engine               - Source code and latest versions at: https://github.com/AlmasB/FXGL
23:36:19.294 [JavaFX Application Thread] INFO  Engine               -       Ask questions and discuss at: https://github.com/AlmasB/FXGL/discussions
23:36:19.295 [JavaFX Application Thread] INFO  Engine               -              Join the FXGL chat at: https://gitter.im/AlmasB/FXGL
23:36:19.432 [JavaFX Application Thread] DEBUG PrimaryStageWindow   - Creating a JavaFX scene
23:36:19.501 [JavaFX Application Thread] DEBUG PrimaryStageWindow   - Target settings size: 800.0 x 800.0
23:36:19.501 [JavaFX Application Thread] DEBUG PrimaryStageWindow   - Scaled scene size:    800.0 x 800.0
23:36:19.501 [JavaFX Application Thread] DEBUG PrimaryStageWindow   - Scaled ratio: (1.0, 1.0)
23:36:19.503 [JavaFX Application Thread] DEBUG PrimaryStageWindow   - Set initial scene to FXGLStartupScene
23:36:19.507 [JavaFX Application Thread] DEBUG PrimaryStageWindow   - Opening main window
23:36:19.731 [JavaFX Application Thread] DEBUG PrimaryStageWindow   - Window border size: (16.0, 39.0)
23:36:19.732 [JavaFX Application Thread] DEBUG PrimaryStageWindow   - Scaled size: 800.0 x 800.0
23:36:19.734 [JavaFX Application Thread] DEBUG PrimaryStageWindow   - Scaled ratio: (1.0, 1.0)
23:36:19.735 [JavaFX Application Thread] DEBUG PrimaryStageWindow   - Scene size: 800.0 x 800.0
23:36:19.736 [JavaFX Application Thread] DEBUG PrimaryStageWindow   - Stage size: 816.0 x 839.0
23:36:19.766 [FXGL Background Thread 1 ] DEBUG Engine               - Initializing environment variables
23:36:19.939 [FXGL Background Thread 1 ] DEBUG FXGLAssetLoaderServi - User app class for loading assets: class com.lab.App
23:36:19.940 [FXGL Background Thread 1 ] DEBUG GameApplicationServi - Applying CSS: fxgl_dark.css
23:36:19.943 [FXGL Background Thread 1 ] DEBUG FXGLAssetLoaderServi - Loading from file system: jar:file:/C:/Users/HP/.m2/repository/com/github/almasb/fxgl/21.1/fxgl-21.1.jar!/fxglassets/ui/css/fxgl_dark.css
23:36:20.083 [FXGL Background Thread 1 ] DEBUG GameApplicationServi - Initializing application scenes
23:36:20.192 [FXGL Background Thread 1 ] DEBUG GameWorld            - Game world initialized
23:36:20.356 [FXGL Background Thread 1 ] DEBUG PhysicsWorld         - Physics world initialized: appHeight=800, physics.ppm=50.0
23:36:20.357 [FXGL Background Thread 1 ] DEBUG PhysicsWorld         - Using strategy: BRUTE_FORCE
23:36:20.360 [FXGL Background Thread 1 ] DEBUG GameScene            - Game scene initialized: 800x800
23:36:20.384 [FXGL Background Thread 1 ] DEBUG FXGL.DefaultMenu     - createMenuBodyMainMenu()
23:36:20.409 [FXGL Background Thread 1 ] DEBUG FXGL.DefaultMenu     - createOptionsMenu()
23:36:20.427 [FXGL Background Thread 1 ] DEBUG FXGLAssetLoaderServi - Loading from file system: jar:file:/C:/Users/HP/.m2/repository/com/github/almasb/fxgl/21.1/fxgl-21.1.jar!/fxglassets/textures/particles/smoke.png
23:36:20.600 [FXGL Background Thread 1 ] DEBUG FXGLAssetLoaderServi - Loading from file system: jar:file:/C:/Users/HP/.m2/repository/com/github/almasb/fxgl/21.1/fxgl-21.1.jar!/fxglassets/textures/particles/trace_horizontal.png
23:36:20.625 [FXGL Background Thread 1 ] DEBUG FXGL.DefaultMenu     - createMenuBodyGameMenu()
23:36:20.626 [FXGL Background Thread 1 ] DEBUG FXGL.DefaultMenu     - createOptionsMenu()
23:36:20.641 [FXGL Background Thread 1 ] DEBUG GameApplicationServi - Application scenes initialized
23:36:20.656 [FXGL Background Thread 1 ] DEBUG SystemBundleService  - Loading FXGL system data
23:36:20.662 [FXGL Background Thread 1 ] DEBUG FileSystemAccess     - Reading from: D:\newGon\Gonvival\system\fxgl.bundle
23:36:20.672 [FXGL Background Thread 1 ] DEBUG SystemBundleService  - Bundle FXGL: {}
23:36:20.673 [FXGL Background Thread 1 ] DEBUG UpdaterService       - Checking for updates
23:36:20.718 [FXGL Background Thread 4 ] DEBUG FXGLApplication      - Loading fonts
23:36:20.719 [FXGL Background Thread 4 ] DEBUG FXGLAssetLoaderServi - Loading from file system: jar:file:/C:/Users/HP/.m2/repository/com/github/almasb/fxgl/21.1/fxgl-21.1.jar!/fxglassets/ui/fonts/VarelaRound-Regular.ttf
23:36:20.719 [FXGL Background Thread 1 ] DEBUG FXGLApplication      - Loading default localization
23:36:20.719 [FXGL Background Thread 1 ] DEBUG FXGLAssetLoaderServi - Loading from file system: jar:file:/C:/Users/HP/.m2/repository/com/github/almasb/fxgl/21.1/fxgl-21.1.jar!/fxglassets/languages/english.lang
23:36:20.757 [FXGL Background Thread 1 ] INFO  FXGLApplication      - FXGL initialization took: 0.991 sec
23:36:20.759 [JavaFX Application Thread] DEBUG FXGLAssetLoaderServi - Loading from file system: jar:file:/C:/Users/HP/.m2/repository/com/github/almasb/fxgl/21.1/fxgl-21.1.jar!/fxglassets/textures/fxgl_icon.png
23:36:20.764 [FXGL Background Thread 4 ] DEBUG FXGLAssetLoaderServi - Loading from file system: jar:file:/C:/Users/HP/.m2/repository/com/github/almasb/fxgl/21.1/fxgl-21.1.jar!/fxglassets/ui/fonts/Abel-Regular.ttf
23:36:20.769 [FXGL Background Thread 4 ] DEBUG FXGLAssetLoaderServi - Loading from file system: jar:file:/C:/Users/HP/.m2/repository/com/github/almasb/fxgl/21.1/fxgl-21.1.jar!/fxglassets/ui/fonts/TerminalLandMono-Regular.otf
23:36:20.775 [FXGL Background Thread 4 ] DEBUG FXGLAssetLoaderServi - Loading from file system: jar:file:/C:/Users/HP/.m2/repository/com/github/almasb/fxgl/21.1/fxgl-21.1.jar!/fxglassets/ui/fonts/Courier-Prime.ttf
23:36:20.790 [JavaFX Application Thread] DEBUG FXGLAssetLoaderServi - Loading from file system: jar:file:/C:/Users/HP/.m2/repository/com/github/almasb/fxgl/21.1/fxgl-21.1.jar!/fxglassets/textures/fxgl_default_cursor.png
23:36:20.807 [JavaFX Application Thread] DEBUG Input                - Registered new binding: Screenshot - CTRL+8
23:36:20.807 [JavaFX Application Thread] DEBUG Input                - Registered new binding: Dev Options - 1
23:36:20.808 [JavaFX Application Thread] DEBUG Input                - Registered new binding: Dev Console - 2
23:36:20.809 [JavaFX Application Thread] DEBUG Input                - Registered new binding: System info dump - CTRL+9
23:36:20.810 [JavaFX Application Thread] DEBUG Input                - Registered new binding: Restart - CTRL+R
23:36:20.811 [JavaFX Application Thread] DEBUG Input                - Registered new binding: Toggle Debug Camera - CTRL+7
23:36:20.816 [JavaFX Application Thread] DEBUG LoopRunner           - Starting loop
23:36:20.836 [JavaFX Application Thread] DEBUG LoopRunner           - Initializing JavaFX AnimationTimerLoop
23:36:20.841 [JavaFX Application Thread] DEBUG Input                - Clearing active input actions
23:36:20.847 [JavaFX Application Thread] DEBUG GameApplicationServi - Removing overlay from FXGLStartupScene and adding to FXGLMainMenuDummyScene
23:36:20.854 [JavaFX Application Thread] DEBUG PrimaryStageWindow   - FXGLStartupScene -> FXGLMainMenuDummyScene
23:36:20.855 [JavaFX Application Thread] DEBUG PrimaryStageWindow   - Push state: FXGLDefaultMenu
23:36:20.869 [JavaFX Application Thread] DEBUG Input                - Clearing active input actions
23:36:20.877 [JavaFX Application Thread] DEBUG GameApplicationServi - Removing overlay from FXGLMainMenuDummyScene and adding to FXGLDefaultMenu
23:36:20.878 [JavaFX Application Thread] DEBUG PrimaryStageWindow   - FXGLMainMenuDummyScene -> FXGLDefaultMenu
23:36:20.886 [JavaFX Application Thread] DEBUG FXGLApplication      - Registering font factories with UI factory
23:36:21.794 [JavaFX Application Thread] DEBUG Menu                 - fireNewGame()
23:36:21.794 [JavaFX Application Thread] DEBUG GameApplicationServi - Starting new game
23:36:21.798 [JavaFX Application Thread] DEBUG PrimaryStageWindow   - Pop state: FXGLDefaultMenu
23:36:21.798 [JavaFX Application Thread] DEBUG Input                - Clearing active input actions
23:36:21.800 [JavaFX Application Thread] DEBUG GameApplicationServi - Removing overlay from FXGLDefaultMenu and adding to FXGLMainMenuDummyScene
23:36:21.805 [JavaFX Application Thread] DEBUG PrimaryStageWindow   - FXGLMainMenuDummyScene <- FXGLDefaultMenu
23:36:21.805 [JavaFX Application Thread] DEBUG Input                - Clearing active input actions
23:36:21.817 [JavaFX Application Thread] DEBUG GameApplicationServi - Removing overlay from FXGLMainMenuDummyScene and adding to FXGLLoadingScene
23:36:21.818 [JavaFX Application Thread] DEBUG PrimaryStageWindow   - FXGLMainMenuDummyScene -> FXGLLoadingScene
23:36:21.818 [JavaFX Application Thread] DEBUG GameApplicationServi - Clearing previous game
23:36:21.818 [JavaFX Application Thread] DEBUG GameScene            - Clearing game scene
23:36:21.818 [JavaFX Application Thread] DEBUG GameWorld            - Clearing game world
23:36:21.819 [JavaFX Application Thread] DEBUG PhysicsWorld         - Clearing physics world
23:36:21.821 [FXGL Background Thread 2 ] DEBUG FXGLApplication      - Initializing game
23:36:21.834 [FXGL Background Thread 2 ] DEBUG FXGLAssetLoaderServi - Loading from file system: file:/D:/newGon/Gonvival/game/target/classes/assets/textures/map.png
23:36:21.901 [FXGL Background Thread 2 ] DEBUG FXGLAssetLoaderServi - Loading from file system: file:/D:/newGon/Gonvival/game/target/classes/assets/textures/idle_down.png
23:36:21.906 [FXGL Background Thread 2 ] DEBUG FXGLAssetLoaderServi - Loading from file system: file:/D:/newGon/Gonvival/game/target/classes/assets/textures/idle_up.png
23:36:21.909 [FXGL Background Thread 2 ] DEBUG FXGLAssetLoaderServi - Loading from file system: file:/D:/newGon/Gonvival/game/target/classes/assets/textures/idle_left_down.png
23:36:21.912 [FXGL Background Thread 2 ] DEBUG FXGLAssetLoaderServi - Loading from file system: file:/D:/newGon/Gonvival/game/target/classes/assets/textures/idle_left_up.png
23:36:21.921 [FXGL Background Thread 2 ] DEBUG FXGLAssetLoaderServi - Loading from file system: file:/D:/newGon/Gonvival/game/target/classes/assets/textures/idle_right_down.png
23:36:21.923 [FXGL Background Thread 2 ] DEBUG FXGLAssetLoaderServi - Loading from file system: file:/D:/newGon/Gonvival/game/target/classes/assets/textures/idle_right_up.png
23:36:21.927 [FXGL Background Thread 2 ] DEBUG FXGLAssetLoaderServi - Loading from file system: file:/D:/newGon/Gonvival/game/target/classes/assets/textures/walk_left_down.png
23:36:21.930 [FXGL Background Thread 2 ] DEBUG FXGLAssetLoaderServi - Loading from file system: file:/D:/newGon/Gonvival/game/target/classes/assets/textures/walk_right_down.png
23:36:21.932 [FXGL Background Thread 2 ] DEBUG FXGLAssetLoaderServi - Loading from file system: file:/D:/newGon/Gonvival/game/target/classes/assets/textures/walk_up.png
23:36:21.934 [FXGL Background Thread 2 ] DEBUG FXGLAssetLoaderServi - Loading from file system: file:/D:/newGon/Gonvival/game/target/classes/assets/textures/walk_down.png
23:36:21.937 [FXGL Background Thread 2 ] DEBUG FXGLAssetLoaderServi - Loading from file system: file:/D:/newGon/Gonvival/game/target/classes/assets/textures/walk_left_up.png
23:36:21.940 [FXGL Background Thread 2 ] DEBUG FXGLAssetLoaderServi - Loading from file system: file:/D:/newGon/Gonvival/game/target/classes/assets/textures/walk_right_up.png
23:36:21.949 [FXGL Background Thread 2 ] INFO  FXGLApplication      - Game initialization took: 0.128 sec
23:36:21.950 [JavaFX Application Thread] DEBUG Input                - Clearing active input actions
23:36:21.961 [JavaFX Application Thread] DEBUG GameApplicationServi - Removing overlay from FXGLLoadingScene and adding to GameScene
23:36:21.965 [JavaFX Application Thread] DEBUG PrimaryStageWindow   - FXGLLoadingScene -> GameScene
23:36:22.068 [JavaFX Application Thread] DEBUG Input                - Registered new binding: SHOOT - LMB
23:36:22.068 [JavaFX Application Thread] DEBUG Input                - Registered new binding: MOVE LEFT - A
23:36:22.068 [JavaFX Application Thread] DEBUG Input                - Registered new binding: MOVE RIGHT - D
23:36:22.068 [JavaFX Application Thread] DEBUG Input                - Registered new binding: MOVE UP - W
23:36:22.069 [JavaFX Application Thread] DEBUG Input                - Registered new binding: MOVE DOWN - S
23:36:22.740 [JavaFX Application Thread] DEBUG FXGLAssetLoaderServi - Loading from file system: file:/D:/newGon/Gonvival/game/target/classes/assets/textures/evil.png
23:36:23.255 [JavaFX Application Thread] DEBUG FXGLAssetLoaderServi - Loading from file system: file:/D:/newGon/Gonvival/game/target/classes/assets/textures/arrow.png
23:36:23.326 [JavaFX Application Thread] DEBUG LoopRunner           - Resuming loop
23:36:23.362 [JavaFX Application Thread] DEBUG PrimaryStageWindow   - Push state: DialogSubScene
23:36:23.362 [JavaFX Application Thread] DEBUG Input                - Clearing active input actions
23:36:23.363 [JavaFX Application Thread] DEBUG GameApplicationServi - Removing overlay from GameScene and adding to DialogSubScene
23:36:23.365 [JavaFX Application Thread] DEBUG PrimaryStageWindow   - GameScene -> DialogSubScene
23:36:23.718 [FXGL Background Thread 3 ] DEBUG Engine               - Logging environment variables
23:36:23.720 [FXGL Background Thread 3 ] DEBUG Engine               - achievements: []
23:36:23.720 [FXGL Background Thread 3 ] DEBUG Engine               - actualHeight: 800.0
23:36:23.720 [FXGL Background Thread 3 ] DEBUG Engine               - actualHeightProperty: ReadOnlyDoubleProperty [value: 800.0]
23:36:23.720 [FXGL Background Thread 3 ] DEBUG Engine               - actualWidth: 800.0
23:36:23.721 [FXGL Background Thread 3 ] DEBUG Engine               - actualWidthProperty: ReadOnlyDoubleProperty [value: 800.0]
23:36:23.721 [FXGL Background Thread 3 ] DEBUG Engine               - appIcon: fxgl_icon.png
23:36:23.721 [FXGL Background Thread 3 ] DEBUG Engine               - applicationMode: DEVELOPER
23:36:23.721 [FXGL Background Thread 3 ] DEBUG Engine               - cSSList: [fxgl_dark.css]
23:36:23.721 [FXGL Background Thread 3 ] DEBUG Engine               - collisionDetectionStrategy: BRUTE_FORCE
23:36:23.721 [FXGL Background Thread 3 ] DEBUG Engine               - configClass: Optional.empty
23:36:23.721 [FXGL Background Thread 3 ] DEBUG Engine               - credits: []
23:36:23.721 [FXGL Background Thread 3 ] DEBUG Engine               - defaultCursor: CursorInfo(imageName=fxgl_default_cursor.png, hotspotX=7.0, hotspotY=6.0)
23:36:23.723 [FXGL Background Thread 3 ] DEBUG Engine               - devBBoxColorProperty: ObjectProperty [value: 0xff0000ff]
23:36:23.723 [FXGL Background Thread 3 ] DEBUG Engine               - devEnableDebugCameraProperty: BooleanProperty [value: false]
23:36:23.723 [FXGL Background Thread 3 ] DEBUG Engine               - devSensorColorProperty: ObjectProperty [value: 0xffff00ff]
23:36:23.724 [FXGL Background Thread 3 ] DEBUG Engine               - devShowBBoxProperty: BooleanProperty [value: false]
23:36:23.724 [FXGL Background Thread 3 ] DEBUG Engine               - devShowPositionProperty: BooleanProperty [value: false]
23:36:23.724 [FXGL Background Thread 3 ] DEBUG Engine               - enabledMenuItems: []
23:36:23.724 [FXGL Background Thread 3 ] DEBUG Engine               - engineServices: [class com.almasb.fxgl.app.services.FXGLAssetLoaderService, class com.almasb.fxgl.app.FXGLApplication$GameApplicationService, class com.almasb.fxgl.app.services.FXGLDialogService, class com.almasb.fxgl.app.services.IOTaskExecutorService, class com.almasb.fxgl.io.FileSystemService, class com.almasb.fxgl.localization.LocalizationService, class com.almasb.fxgl.app.services.SystemBundleService, class com.almasb.fxgl.profile.SaveLoadService, class com.almasb.fxgl.ui.FXGLUIFactoryServiceProvider, class com.almasb.fxgl.ui.FXGLDialogFactoryServiceProvider, class com.almasb.fxgl.audio.AudioPlayer, class com.almasb.fxgl.notification.impl.NotificationServiceProvider, class com.almasb.fxgl.achievement.AchievementService, class com.almasb.fxgl.cutscene.CutsceneService, class com.almasb.fxgl.minigames.MiniGameService, class com.almasb.fxgl.net.NetService, class com.almasb.fxgl.app.services.UpdaterService, class com.almasb.fxgl.dev.DevService]
23:36:23.724 [FXGL Background Thread 3 ] DEBUG Engine               - fontGame: Abel-Regular.ttf
23:36:23.725 [FXGL Background Thread 3 ] DEBUG Engine               - fontMono: TerminalLandMono-Regular.otf
23:36:23.725 [FXGL Background Thread 3 ] DEBUG Engine               - fontSizeScaleUI: 1.0
23:36:23.725 [FXGL Background Thread 3 ] DEBUG Engine               - fontText: Courier-Prime.ttf
23:36:23.725 [FXGL Background Thread 3 ] DEBUG Engine               - fontUI: VarelaRound-Regular.ttf
23:36:23.725 [FXGL Background Thread 3 ] DEBUG Engine               - fullScreen: BooleanProperty [value: false]
23:36:23.725 [FXGL Background Thread 3 ] DEBUG Engine               - gameDifficulty: MEDIUM
23:36:23.725 [FXGL Background Thread 3 ] DEBUG Engine               - gameDifficultyProperty: ObjectProperty [value: MEDIUM]
23:36:23.725 [FXGL Background Thread 3 ] DEBUG Engine               - globalMusicVolume: 0.5
23:36:23.725 [FXGL Background Thread 3 ] DEBUG Engine               - globalMusicVolumeProperty: DoubleProperty [value: 0.5]
23:36:23.725 [FXGL Background Thread 3 ] DEBUG Engine               - globalSoundVolume: 0.5
23:36:23.726 [FXGL Background Thread 3 ] DEBUG Engine               - globalSoundVolumeProperty: DoubleProperty [value: 0.5]
23:36:23.726 [FXGL Background Thread 3 ] DEBUG Engine               - height: 800
23:36:23.726 [FXGL Background Thread 3 ] DEBUG Engine               - is3D: false
23:36:23.726 [FXGL Background Thread 3 ] DEBUG Engine               - isAndroid: false
23:36:23.726 [FXGL Background Thread 3 ] DEBUG Engine               - isBrowser: false
23:36:23.726 [FXGL Background Thread 3 ] DEBUG Engine               - isClickFeedbackEnabled: false
23:36:23.726 [FXGL Background Thread 3 ] DEBUG Engine               - isCloseConfirmation: false
23:36:23.726 [FXGL Background Thread 3 ] DEBUG Engine               - isDesktop: true
23:36:23.726 [FXGL Background Thread 3 ] DEBUG Engine               - isDeveloperMenuEnabled: true
23:36:23.726 [FXGL Background Thread 3 ] DEBUG Engine               - isEmbedded: false
23:36:23.727 [FXGL Background Thread 3 ] DEBUG Engine               - isEntityPreloadEnabled: true
23:36:23.727 [FXGL Background Thread 3 ] DEBUG Engine               - isExperimentalTiledLargeMap: false
23:36:23.727 [FXGL Background Thread 3 ] DEBUG Engine               - isFileSystemWriteAllowed: true
23:36:23.727 [FXGL Background Thread 3 ] DEBUG Engine               - isFullScreenAllowed: false
23:36:23.727 [FXGL Background Thread 3 ] DEBUG Engine               - isFullScreenFromStart: false
23:36:23.727 [FXGL Background Thread 3 ] DEBUG Engine               - isGameMenuEnabled: true
23:36:23.727 [FXGL Background Thread 3 ] DEBUG Engine               - isIOS: false
23:36:23.727 [FXGL Background Thread 3 ] DEBUG Engine               - isIntroEnabled: false
23:36:23.727 [FXGL Background Thread 3 ] DEBUG Engine               - isLinux: false
23:36:23.727 [FXGL Background Thread 3 ] DEBUG Engine               - isMac: false
23:36:23.727 [FXGL Background Thread 3 ] DEBUG Engine               - isMainMenuEnabled: true
23:36:23.728 [FXGL Background Thread 3 ] DEBUG Engine               - isManualResizeEnabled: false
23:36:23.728 [FXGL Background Thread 3 ] DEBUG Engine               - isMobile: false
23:36:23.728 [FXGL Background Thread 3 ] DEBUG Engine               - isNative: false
23:36:23.728 [FXGL Background Thread 3 ] DEBUG Engine               - isPauseMusicWhenMinimized: true
23:36:23.728 [FXGL Background Thread 3 ] DEBUG Engine               - isPreserveResizeRatio: false
23:36:23.728 [FXGL Background Thread 3 ] DEBUG Engine               - isProfilingEnabled: false
23:36:23.728 [FXGL Background Thread 3 ] DEBUG Engine               - isScaleAffectedOnResize: true
23:36:23.728 [FXGL Background Thread 3 ] DEBUG Engine               - isSingleStep: false
23:36:23.728 [FXGL Background Thread 3 ] DEBUG Engine               - isUserProfileEnabled: false
23:36:23.729 [FXGL Background Thread 3 ] DEBUG Engine               - isWindows: true
23:36:23.729 [FXGL Background Thread 3 ] DEBUG Engine               - language: ObjectProperty [value: ENGLISH]
23:36:23.729 [FXGL Background Thread 3 ] DEBUG Engine               - menuKey: ESCAPE
23:36:23.729 [FXGL Background Thread 3 ] DEBUG Engine               - mouseSensitivity: 0.2
23:36:23.729 [FXGL Background Thread 3 ] DEBUG Engine               - notificationViewClass: class com.almasb.fxgl.notification.view.XboxNotificationView
23:36:23.729 [FXGL Background Thread 3 ] DEBUG Engine               - pixelsPerMeter: 50.0
23:36:23.729 [FXGL Background Thread 3 ] DEBUG Engine               - platform: WINDOWS
23:36:23.729 [FXGL Background Thread 3 ] DEBUG Engine               - prefHeightProperty: ReadOnlyDoubleProperty [value: 800.0]
23:36:23.729 [FXGL Background Thread 3 ] DEBUG Engine               - prefWidthProperty: ReadOnlyDoubleProperty [value: 800.0]
23:36:23.730 [FXGL Background Thread 3 ] DEBUG Engine               - profileDir: profiles/
23:36:23.730 [FXGL Background Thread 3 ] DEBUG Engine               - profileName: StringProperty [value: DEFAULT]
23:36:23.730 [FXGL Background Thread 3 ] DEBUG Engine               - randomSeed: -1
23:36:23.730 [FXGL Background Thread 3 ] DEBUG Engine               - runtimeInfo: RuntimeInfo(platform=WINDOWS, version=21.1, build=27.03.2024 07.52)
23:36:23.730 [FXGL Background Thread 3 ] DEBUG Engine               - saveFileExt: sav
23:36:23.731 [FXGL Background Thread 3 ] DEBUG Engine               - scaledHeightProp$fxgl: DoubleProperty [bound, value: 800.0]
23:36:23.731 [FXGL Background Thread 3 ] DEBUG Engine               - scaledWidthProp$fxgl: DoubleProperty [bound, value: 800.0]
23:36:23.731 [FXGL Background Thread 3 ] DEBUG Engine               - sceneFactory: com.almasb.fxgl.app.scene.SceneFactory@54c8d24c
23:36:23.731 [FXGL Background Thread 3 ] DEBUG Engine               - secondsIn24h: 60
23:36:23.731 [FXGL Background Thread 3 ] DEBUG Engine               - soundMenuBack: menu/back.wav
23:36:23.731 [FXGL Background Thread 3 ] DEBUG Engine               - soundMenuPress: menu/press.wav
23:36:23.731 [FXGL Background Thread 3 ] DEBUG Engine               - soundMenuSelect: menu/select.wav
23:36:23.731 [FXGL Background Thread 3 ] DEBUG Engine               - soundNotification: core/notification.wav
23:36:23.731 [FXGL Background Thread 3 ] DEBUG Engine               - stageStyle: DECORATED
23:36:23.732 [FXGL Background Thread 3 ] DEBUG Engine               - supportedLanguages: [ENGLISH, FRENCH, GERMAN, HUNGARIAN, RUSSIAN]
23:36:23.732 [FXGL Background Thread 3 ] DEBUG Engine               - ticksPerSecond: -1
23:36:23.732 [FXGL Background Thread 3 ] DEBUG Engine               - title: Gonvival
23:36:23.732 [FXGL Background Thread 3 ] DEBUG Engine               - urlGithub: https://github.com/AlmasB/FXGL
23:36:23.732 [FXGL Background Thread 3 ] DEBUG Engine               - urlLeaderboard: http://fxgl-top.herokuapp.com/
23:36:23.732 [FXGL Background Thread 3 ] DEBUG Engine               - urlPOM: https://raw.githubusercontent.com/AlmasB/FXGL/release/README.md
23:36:23.732 [FXGL Background Thread 3 ] DEBUG Engine               - userAppClass: class com.lab.App
23:36:23.732 [FXGL Background Thread 3 ] DEBUG Engine               - version: beta
23:36:23.732 [FXGL Background Thread 3 ] DEBUG Engine               - versionCheckDays: 7
23:36:23.732 [FXGL Background Thread 3 ] DEBUG Engine               - width: 800
23:36:23.732 [FXGL Background Thread 3 ] DEBUG Engine               - Logging services
23:36:23.733 [FXGL Background Thread 3 ] DEBUG Engine               - class com.almasb.fxgl.app.services.FXGLAssetLoaderService
23:36:23.733 [FXGL Background Thread 3 ] DEBUG Engine               - class com.almasb.fxgl.app.FXGLApplication$GameApplicationService
23:36:23.733 [FXGL Background Thread 3 ] DEBUG Engine               - class com.almasb.fxgl.app.services.FXGLDialogService
23:36:23.733 [FXGL Background Thread 3 ] DEBUG Engine               - class com.almasb.fxgl.app.services.IOTaskExecutorService
23:36:23.733 [FXGL Background Thread 3 ] DEBUG Engine               - class com.almasb.fxgl.io.FileSystemService
23:36:23.733 [FXGL Background Thread 3 ] DEBUG Engine               - class com.almasb.fxgl.localization.LocalizationService
23:36:23.733 [FXGL Background Thread 3 ] DEBUG Engine               - class com.almasb.fxgl.app.services.SystemBundleService
23:36:23.733 [FXGL Background Thread 3 ] DEBUG Engine               - class com.almasb.fxgl.profile.SaveLoadService
23:36:23.733 [FXGL Background Thread 3 ] DEBUG Engine               - class com.almasb.fxgl.ui.FXGLUIFactoryServiceProvider
23:36:23.733 [FXGL Background Thread 3 ] DEBUG Engine               - class com.almasb.fxgl.ui.FXGLDialogFactoryServiceProvider
23:36:23.733 [FXGL Background Thread 3 ] DEBUG Engine               - class com.almasb.fxgl.audio.AudioPlayer
23:36:23.734 [FXGL Background Thread 3 ] DEBUG Engine               - class com.almasb.fxgl.notification.impl.NotificationServiceProvider
23:36:23.734 [FXGL Background Thread 3 ] DEBUG Engine               - class com.almasb.fxgl.achievement.AchievementService
23:36:23.734 [FXGL Background Thread 3 ] DEBUG Engine               - class com.almasb.fxgl.cutscene.CutsceneService
23:36:23.734 [FXGL Background Thread 3 ] DEBUG Engine               - class com.almasb.fxgl.minigames.MiniGameService
23:36:23.734 [FXGL Background Thread 3 ] DEBUG Engine               - class com.almasb.fxgl.net.NetService
23:36:23.734 [FXGL Background Thread 3 ] DEBUG Engine               - class com.almasb.fxgl.app.services.UpdaterService
23:36:23.734 [FXGL Background Thread 3 ] DEBUG Engine               - class com.almasb.fxgl.dev.DevService
23:36:25.649 [JavaFX Application Thread] DEBUG FXGLApplication      - Exiting FXGL
23:36:25.650 [JavaFX Application Thread] DEBUG LoopRunner           - Stopping loop
23:36:25.650 [JavaFX Application Thread] DEBUG SystemBundleService  - Saving FXGL system data
23:36:25.661 [JavaFX Application Thread] DEBUG FileSystemAccess     - Writing to: D:\newGon\Gonvival\system\fxgl.bundle
23:36:25.665 [JavaFX Application Thread] DEBUG Async                - Shutting down background threads
23:36:25.665 [JavaFX Application Thread] DEBUG PrimaryStageWindow   - Closing main window
23:36:25.745 [JavaFX Application Thread] DEBUG Logger               - Closing Logger
