02:57:19.880 [main                     ] DEBUG Logger               - Configured Logger
02:57:19.902 [main                     ] DEBUG GameApplication      - Logging settings
Title: Gonvival
Version: beta
Width: 800
Height: 800
Fullscreen: false
Intro: false
Profiling: false
Single step:false
App Mode: DEVELOPER
Menu Key: ESCAPE
Stage Style: DECORATED
Scene Factory: class com.almasb.fxgl.app.scene.SceneFactory

02:57:20.880 [JavaFX Application Thread] DEBUG FXGLApplication      - Initializing FXGL
02:57:20.885 [JavaFX Application Thread] INFO  Engine               - FXGL-21.1 (27.03.2024 07.52) on WINDOWS (J:21.0.5 FX:21.0.1)
02:57:20.887 [JavaFX Application Thread] DEBUG Engine               - JRE Vendor Name: Eclipse Adoptium
02:57:20.887 [JavaFX Application Thread] DEBUG Engine               - Running on OS: Windows 11 version 10.0
02:57:20.888 [JavaFX Application Thread] DEBUG Engine               - Architecture: amd64
02:57:20.888 [JavaFX Application Thread] INFO  Engine               - Source code and latest versions at: https://github.com/AlmasB/FXGL
02:57:20.888 [JavaFX Application Thread] INFO  Engine               -       Ask questions and discuss at: https://github.com/AlmasB/FXGL/discussions
02:57:20.889 [JavaFX Application Thread] INFO  Engine               -              Join the FXGL chat at: https://gitter.im/AlmasB/FXGL
02:57:21.011 [JavaFX Application Thread] DEBUG PrimaryStageWindow   - Creating a JavaFX scene
02:57:21.058 [JavaFX Application Thread] DEBUG PrimaryStageWindow   - Target settings size: 800.0 x 800.0
02:57:21.058 [JavaFX Application Thread] DEBUG PrimaryStageWindow   - Scaled scene size:    800.0 x 800.0
02:57:21.058 [JavaFX Application Thread] DEBUG PrimaryStageWindow   - Scaled ratio: (1.0, 1.0)
02:57:21.059 [JavaFX Application Thread] DEBUG PrimaryStageWindow   - Set initial scene to FXGLStartupScene
02:57:21.062 [JavaFX Application Thread] DEBUG PrimaryStageWindow   - Opening main window
02:57:21.280 [JavaFX Application Thread] DEBUG PrimaryStageWindow   - Window border size: (14.4000244140625, 37.5999755859375)
02:57:21.281 [JavaFX Application Thread] DEBUG PrimaryStageWindow   - Scaled size: 800.0 x 800.0
02:57:21.282 [JavaFX Application Thread] DEBUG PrimaryStageWindow   - Scaled ratio: (1.0, 1.0)
02:57:21.283 [JavaFX Application Thread] DEBUG PrimaryStageWindow   - Scene size: 800.0 x 800.0
02:57:21.284 [JavaFX Application Thread] DEBUG PrimaryStageWindow   - Stage size: 814.4000244140625 x 837.5999755859375
02:57:21.313 [FXGL Background Thread 1 ] DEBUG Engine               - Initializing environment variables
02:57:21.452 [FXGL Background Thread 1 ] DEBUG FXGLAssetLoaderServi - User app class for loading assets: class com.lab.App
02:57:21.452 [FXGL Background Thread 1 ] DEBUG GameApplicationServi - Applying CSS: fxgl_dark.css
02:57:21.455 [FXGL Background Thread 1 ] DEBUG FXGLAssetLoaderServi - Loading from file system: jar:file:/C:/Users/HP/.m2/repository/com/github/almasb/fxgl/21.1/fxgl-21.1.jar!/fxglassets/ui/css/fxgl_dark.css
02:57:21.622 [FXGL Background Thread 1 ] DEBUG GameApplicationServi - Initializing application scenes
02:57:21.689 [FXGL Background Thread 1 ] DEBUG GameWorld            - Game world initialized
02:57:21.783 [FXGL Background Thread 1 ] DEBUG PhysicsWorld         - Physics world initialized: appHeight=800, physics.ppm=50.0
02:57:21.783 [FXGL Background Thread 1 ] DEBUG PhysicsWorld         - Using strategy: BRUTE_FORCE
02:57:21.787 [FXGL Background Thread 1 ] DEBUG GameScene            - Game scene initialized: 800x800
02:57:21.805 [FXGL Background Thread 1 ] DEBUG FXGL.DefaultMenu     - createMenuBodyMainMenu()
02:57:21.820 [FXGL Background Thread 1 ] DEBUG FXGL.DefaultMenu     - createOptionsMenu()
02:57:21.829 [FXGL Background Thread 1 ] DEBUG FXGLAssetLoaderServi - Loading from file system: jar:file:/C:/Users/HP/.m2/repository/com/github/almasb/fxgl/21.1/fxgl-21.1.jar!/fxglassets/textures/particles/smoke.png
02:57:21.968 [FXGL Background Thread 1 ] DEBUG FXGLAssetLoaderServi - Loading from file system: jar:file:/C:/Users/HP/.m2/repository/com/github/almasb/fxgl/21.1/fxgl-21.1.jar!/fxglassets/textures/particles/trace_horizontal.png
02:57:22.004 [FXGL Background Thread 1 ] DEBUG FXGL.DefaultMenu     - createMenuBodyGameMenu()
02:57:22.007 [FXGL Background Thread 1 ] DEBUG FXGL.DefaultMenu     - createOptionsMenu()
02:57:22.020 [FXGL Background Thread 1 ] DEBUG GameApplicationServi - Application scenes initialized
02:57:22.034 [FXGL Background Thread 1 ] DEBUG SystemBundleService  - Loading FXGL system data
02:57:22.039 [FXGL Background Thread 1 ] DEBUG FileSystemAccess     - Reading from: D:\Gonvival\system\fxgl.bundle
02:57:22.053 [FXGL Background Thread 1 ] DEBUG SystemBundleService  - Bundle FXGL: {}
02:57:22.053 [FXGL Background Thread 1 ] DEBUG UpdaterService       - Checking for updates
02:57:22.063 [FXGL Background Thread 4 ] DEBUG FXGLApplication      - Loading fonts
02:57:22.063 [FXGL Background Thread 4 ] DEBUG FXGLAssetLoaderServi - Loading from file system: jar:file:/C:/Users/HP/.m2/repository/com/github/almasb/fxgl/21.1/fxgl-21.1.jar!/fxglassets/ui/fonts/VarelaRound-Regular.ttf
02:57:22.065 [FXGL Background Thread 1 ] DEBUG FXGLApplication      - Loading default localization
02:57:22.067 [FXGL Background Thread 1 ] DEBUG FXGLAssetLoaderServi - Loading from file system: jar:file:/C:/Users/HP/.m2/repository/com/github/almasb/fxgl/21.1/fxgl-21.1.jar!/fxglassets/languages/english.lang
02:57:22.140 [FXGL Background Thread 4 ] DEBUG FXGLAssetLoaderServi - Loading from file system: jar:file:/C:/Users/HP/.m2/repository/com/github/almasb/fxgl/21.1/fxgl-21.1.jar!/fxglassets/ui/fonts/Abel-Regular.ttf
02:57:22.145 [FXGL Background Thread 1 ] INFO  FXGLApplication      - FXGL initialization took: 0.833 sec
02:57:22.145 [FXGL Background Thread 4 ] DEBUG FXGLAssetLoaderServi - Loading from file system: jar:file:/C:/Users/HP/.m2/repository/com/github/almasb/fxgl/21.1/fxgl-21.1.jar!/fxglassets/ui/fonts/TerminalLandMono-Regular.otf
02:57:22.147 [JavaFX Application Thread] DEBUG FXGLAssetLoaderServi - Loading from file system: jar:file:/C:/Users/HP/.m2/repository/com/github/almasb/fxgl/21.1/fxgl-21.1.jar!/fxglassets/textures/fxgl_icon.png
02:57:22.150 [FXGL Background Thread 4 ] DEBUG FXGLAssetLoaderServi - Loading from file system: jar:file:/C:/Users/HP/.m2/repository/com/github/almasb/fxgl/21.1/fxgl-21.1.jar!/fxglassets/ui/fonts/Courier-Prime.ttf
02:57:22.181 [JavaFX Application Thread] DEBUG FXGLAssetLoaderServi - Loading from file system: jar:file:/C:/Users/HP/.m2/repository/com/github/almasb/fxgl/21.1/fxgl-21.1.jar!/fxglassets/textures/fxgl_default_cursor.png
02:57:22.195 [JavaFX Application Thread] DEBUG Input                - Registered new binding: Screenshot - CTRL+8
02:57:22.195 [JavaFX Application Thread] DEBUG Input                - Registered new binding: System info dump - CTRL+9
02:57:22.196 [JavaFX Application Thread] DEBUG Input                - Registered new binding: Restart - CTRL+R
02:57:22.197 [JavaFX Application Thread] DEBUG Input                - Registered new binding: Toggle Debug Camera - CTRL+7
02:57:22.202 [JavaFX Application Thread] DEBUG LoopRunner           - Starting loop
02:57:22.202 [JavaFX Application Thread] DEBUG LoopRunner           - Initializing JavaFX AnimationTimerLoop
02:57:22.205 [JavaFX Application Thread] DEBUG Input                - Clearing active input actions
02:57:22.213 [JavaFX Application Thread] DEBUG GameApplicationServi - Removing overlay from FXGLStartupScene and adding to FXGLMainMenuDummyScene
02:57:22.214 [JavaFX Application Thread] DEBUG PrimaryStageWindow   - FXGLStartupScene -> FXGLMainMenuDummyScene
02:57:22.214 [JavaFX Application Thread] DEBUG PrimaryStageWindow   - Push state: FXGLDefaultMenu
02:57:22.226 [JavaFX Application Thread] DEBUG Input                - Clearing active input actions
02:57:22.244 [JavaFX Application Thread] DEBUG GameApplicationServi - Removing overlay from FXGLMainMenuDummyScene and adding to FXGLDefaultMenu
02:57:22.244 [JavaFX Application Thread] DEBUG PrimaryStageWindow   - FXGLMainMenuDummyScene -> FXGLDefaultMenu
02:57:22.257 [JavaFX Application Thread] DEBUG FXGLApplication      - Registering font factories with UI factory
02:57:23.491 [JavaFX Application Thread] DEBUG Menu                 - fireNewGame()
02:57:23.491 [JavaFX Application Thread] DEBUG GameApplicationServi - Starting new game
02:57:23.495 [JavaFX Application Thread] DEBUG PrimaryStageWindow   - Pop state: FXGLDefaultMenu
02:57:23.495 [JavaFX Application Thread] DEBUG Input                - Clearing active input actions
02:57:23.496 [JavaFX Application Thread] DEBUG GameApplicationServi - Removing overlay from FXGLDefaultMenu and adding to FXGLMainMenuDummyScene
02:57:23.497 [JavaFX Application Thread] DEBUG PrimaryStageWindow   - FXGLMainMenuDummyScene <- FXGLDefaultMenu
02:57:23.498 [JavaFX Application Thread] DEBUG Input                - Clearing active input actions
02:57:23.509 [JavaFX Application Thread] DEBUG GameApplicationServi - Removing overlay from FXGLMainMenuDummyScene and adding to FXGLLoadingScene
02:57:23.509 [JavaFX Application Thread] DEBUG PrimaryStageWindow   - FXGLMainMenuDummyScene -> FXGLLoadingScene
02:57:23.509 [JavaFX Application Thread] DEBUG GameApplicationServi - Clearing previous game
02:57:23.509 [JavaFX Application Thread] DEBUG GameScene            - Clearing game scene
02:57:23.509 [JavaFX Application Thread] DEBUG GameWorld            - Clearing game world
02:57:23.509 [JavaFX Application Thread] DEBUG PhysicsWorld         - Clearing physics world
02:57:23.511 [FXGL Background Thread 2 ] DEBUG FXGLApplication      - Initializing game
02:57:23.521 [FXGL Background Thread 2 ] DEBUG FXGLAssetLoaderServi - Loading from file system: file:/D:/Gonvival/game/target/classes/assets/textures/map.png
02:57:23.563 [FXGL Background Thread 2 ] DEBUG FXGLAssetLoaderServi - Loading from file system: file:/D:/Gonvival/game/target/classes/assets/textures/g.png
02:57:23.578 [FXGL Background Thread 2 ] DEBUG FXGLAssetLoaderServi - Loading from file system: file:/D:/Gonvival/game/target/classes/assets/textures/character.png
02:57:23.602 [FXGL Background Thread 2 ] INFO  FXGLApplication      - Game initialization took: 0.091 sec
02:57:23.603 [JavaFX Application Thread] DEBUG Input                - Clearing active input actions
02:57:23.609 [JavaFX Application Thread] DEBUG GameApplicationServi - Removing overlay from FXGLLoadingScene and adding to GameScene
02:57:23.609 [JavaFX Application Thread] DEBUG PrimaryStageWindow   - FXGLLoadingScene -> GameScene
02:57:23.691 [JavaFX Application Thread] DEBUG Input                - Registered new binding: SHOOT - LMB
02:57:23.692 [JavaFX Application Thread] DEBUG Input                - Registered new binding: MOVE LEFT - A
02:57:23.692 [JavaFX Application Thread] DEBUG Input                - Registered new binding: MOVE RIGHT - D
02:57:23.692 [JavaFX Application Thread] DEBUG Input                - Registered new binding: MOVE UP - W
02:57:23.692 [JavaFX Application Thread] DEBUG Input                - Registered new binding: MOVE DOWN - S
02:57:24.227 [JavaFX Application Thread] DEBUG FXGLAssetLoaderServi - Loading from file system: file:/D:/Gonvival/game/target/classes/assets/textures/arrow.png
02:57:24.460 [JavaFX Application Thread] DEBUG FXGLAssetLoaderServi - Loading from file system: file:/D:/Gonvival/game/target/classes/assets/textures/evil.png
02:57:25.076 [FXGL Background Thread 3 ] DEBUG Engine               - Logging environment variables
02:57:25.078 [FXGL Background Thread 3 ] DEBUG Engine               - achievements: []
02:57:25.079 [FXGL Background Thread 3 ] DEBUG Engine               - actualHeight: 800.0
02:57:25.079 [FXGL Background Thread 3 ] DEBUG Engine               - actualHeightProperty: ReadOnlyDoubleProperty [value: 800.0]
02:57:25.079 [FXGL Background Thread 3 ] DEBUG Engine               - actualWidth: 800.0
02:57:25.079 [FXGL Background Thread 3 ] DEBUG Engine               - actualWidthProperty: ReadOnlyDoubleProperty [value: 800.0]
02:57:25.079 [FXGL Background Thread 3 ] DEBUG Engine               - appIcon: fxgl_icon.png
02:57:25.080 [FXGL Background Thread 3 ] DEBUG Engine               - applicationMode: DEVELOPER
02:57:25.080 [FXGL Background Thread 3 ] DEBUG Engine               - cSSList: [fxgl_dark.css]
02:57:25.080 [FXGL Background Thread 3 ] DEBUG Engine               - collisionDetectionStrategy: BRUTE_FORCE
02:57:25.080 [FXGL Background Thread 3 ] DEBUG Engine               - configClass: Optional.empty
02:57:25.080 [FXGL Background Thread 3 ] DEBUG Engine               - credits: []
02:57:25.080 [FXGL Background Thread 3 ] DEBUG Engine               - defaultCursor: CursorInfo(imageName=fxgl_default_cursor.png, hotspotX=7.0, hotspotY=6.0)
02:57:25.081 [FXGL Background Thread 3 ] DEBUG Engine               - devBBoxColorProperty: ObjectProperty [value: 0xff0000ff]
02:57:25.081 [FXGL Background Thread 3 ] DEBUG Engine               - devEnableDebugCameraProperty: BooleanProperty [value: false]
02:57:25.081 [FXGL Background Thread 3 ] DEBUG Engine               - devSensorColorProperty: ObjectProperty [value: 0xffff00ff]
02:57:25.081 [FXGL Background Thread 3 ] DEBUG Engine               - devShowBBoxProperty: BooleanProperty [value: false]
02:57:25.081 [FXGL Background Thread 3 ] DEBUG Engine               - devShowPositionProperty: BooleanProperty [value: false]
02:57:25.081 [FXGL Background Thread 3 ] DEBUG Engine               - enabledMenuItems: []
02:57:25.081 [FXGL Background Thread 3 ] DEBUG Engine               - engineServices: [class com.almasb.fxgl.app.services.FXGLAssetLoaderService, class com.almasb.fxgl.app.FXGLApplication$GameApplicationService, class com.almasb.fxgl.app.services.FXGLDialogService, class com.almasb.fxgl.app.services.IOTaskExecutorService, class com.almasb.fxgl.io.FileSystemService, class com.almasb.fxgl.localization.LocalizationService, class com.almasb.fxgl.app.services.SystemBundleService, class com.almasb.fxgl.profile.SaveLoadService, class com.almasb.fxgl.ui.FXGLUIFactoryServiceProvider, class com.almasb.fxgl.ui.FXGLDialogFactoryServiceProvider, class com.almasb.fxgl.audio.AudioPlayer, class com.almasb.fxgl.notification.impl.NotificationServiceProvider, class com.almasb.fxgl.achievement.AchievementService, class com.almasb.fxgl.cutscene.CutsceneService, class com.almasb.fxgl.minigames.MiniGameService, class com.almasb.fxgl.net.NetService, class com.almasb.fxgl.app.services.UpdaterService, class com.almasb.fxgl.dev.DevService]
02:57:25.082 [FXGL Background Thread 3 ] DEBUG Engine               - fontGame: Abel-Regular.ttf
02:57:25.082 [FXGL Background Thread 3 ] DEBUG Engine               - fontMono: TerminalLandMono-Regular.otf
02:57:25.082 [FXGL Background Thread 3 ] DEBUG Engine               - fontSizeScaleUI: 1.0
02:57:25.082 [FXGL Background Thread 3 ] DEBUG Engine               - fontText: Courier-Prime.ttf
02:57:25.082 [FXGL Background Thread 3 ] DEBUG Engine               - fontUI: VarelaRound-Regular.ttf
02:57:25.082 [FXGL Background Thread 3 ] DEBUG Engine               - fullScreen: BooleanProperty [value: false]
02:57:25.082 [FXGL Background Thread 3 ] DEBUG Engine               - gameDifficulty: MEDIUM
02:57:25.082 [FXGL Background Thread 3 ] DEBUG Engine               - gameDifficultyProperty: ObjectProperty [value: MEDIUM]
02:57:25.082 [FXGL Background Thread 3 ] DEBUG Engine               - globalMusicVolume: 0.5
02:57:25.082 [FXGL Background Thread 3 ] DEBUG Engine               - globalMusicVolumeProperty: DoubleProperty [value: 0.5]
02:57:25.083 [FXGL Background Thread 3 ] DEBUG Engine               - globalSoundVolume: 0.5
02:57:25.083 [FXGL Background Thread 3 ] DEBUG Engine               - globalSoundVolumeProperty: DoubleProperty [value: 0.5]
02:57:25.083 [FXGL Background Thread 3 ] DEBUG Engine               - height: 800
02:57:25.084 [FXGL Background Thread 3 ] DEBUG Engine               - is3D: false
02:57:25.084 [FXGL Background Thread 3 ] DEBUG Engine               - isAndroid: false
02:57:25.085 [FXGL Background Thread 3 ] DEBUG Engine               - isBrowser: false
02:57:25.085 [FXGL Background Thread 3 ] DEBUG Engine               - isClickFeedbackEnabled: false
02:57:25.085 [FXGL Background Thread 3 ] DEBUG Engine               - isCloseConfirmation: false
02:57:25.085 [FXGL Background Thread 3 ] DEBUG Engine               - isDesktop: true
02:57:25.085 [FXGL Background Thread 3 ] DEBUG Engine               - isDeveloperMenuEnabled: false
02:57:25.086 [FXGL Background Thread 3 ] DEBUG Engine               - isEmbedded: false
02:57:25.086 [FXGL Background Thread 3 ] DEBUG Engine               - isEntityPreloadEnabled: true
02:57:25.086 [FXGL Background Thread 3 ] DEBUG Engine               - isExperimentalTiledLargeMap: false
02:57:25.086 [FXGL Background Thread 3 ] DEBUG Engine               - isFileSystemWriteAllowed: true
02:57:25.086 [FXGL Background Thread 3 ] DEBUG Engine               - isFullScreenAllowed: false
02:57:25.086 [FXGL Background Thread 3 ] DEBUG Engine               - isFullScreenFromStart: false
02:57:25.086 [FXGL Background Thread 3 ] DEBUG Engine               - isGameMenuEnabled: true
02:57:25.087 [FXGL Background Thread 3 ] DEBUG Engine               - isIOS: false
02:57:25.087 [FXGL Background Thread 3 ] DEBUG Engine               - isIntroEnabled: false
02:57:25.087 [FXGL Background Thread 3 ] DEBUG Engine               - isLinux: false
02:57:25.087 [FXGL Background Thread 3 ] DEBUG Engine               - isMac: false
02:57:25.087 [FXGL Background Thread 3 ] DEBUG Engine               - isMainMenuEnabled: true
02:57:25.087 [FXGL Background Thread 3 ] DEBUG Engine               - isManualResizeEnabled: false
02:57:25.087 [FXGL Background Thread 3 ] DEBUG Engine               - isMobile: false
02:57:25.087 [FXGL Background Thread 3 ] DEBUG Engine               - isNative: false
02:57:25.087 [FXGL Background Thread 3 ] DEBUG Engine               - isPauseMusicWhenMinimized: true
02:57:25.087 [FXGL Background Thread 3 ] DEBUG Engine               - isPreserveResizeRatio: false
02:57:25.087 [FXGL Background Thread 3 ] DEBUG Engine               - isProfilingEnabled: false
02:57:25.087 [FXGL Background Thread 3 ] DEBUG Engine               - isScaleAffectedOnResize: true
02:57:25.087 [FXGL Background Thread 3 ] DEBUG Engine               - isSingleStep: false
02:57:25.088 [FXGL Background Thread 3 ] DEBUG Engine               - isUserProfileEnabled: false
02:57:25.088 [FXGL Background Thread 3 ] DEBUG Engine               - isWindows: true
02:57:25.088 [FXGL Background Thread 3 ] DEBUG Engine               - language: ObjectProperty [value: ENGLISH]
02:57:25.088 [FXGL Background Thread 3 ] DEBUG Engine               - menuKey: ESCAPE
02:57:25.088 [FXGL Background Thread 3 ] DEBUG Engine               - mouseSensitivity: 0.2
02:57:25.088 [FXGL Background Thread 3 ] DEBUG Engine               - notificationViewClass: class com.almasb.fxgl.notification.view.XboxNotificationView
02:57:25.088 [FXGL Background Thread 3 ] DEBUG Engine               - pixelsPerMeter: 50.0
02:57:25.088 [FXGL Background Thread 3 ] DEBUG Engine               - platform: WINDOWS
02:57:25.088 [FXGL Background Thread 3 ] DEBUG Engine               - prefHeightProperty: ReadOnlyDoubleProperty [value: 800.0]
02:57:25.089 [FXGL Background Thread 3 ] DEBUG Engine               - prefWidthProperty: ReadOnlyDoubleProperty [value: 800.0]
02:57:25.089 [FXGL Background Thread 3 ] DEBUG Engine               - profileDir: profiles/
02:57:25.089 [FXGL Background Thread 3 ] DEBUG Engine               - profileName: StringProperty [value: DEFAULT]
02:57:25.089 [FXGL Background Thread 3 ] DEBUG Engine               - randomSeed: -1
02:57:25.090 [FXGL Background Thread 3 ] DEBUG Engine               - runtimeInfo: RuntimeInfo(platform=WINDOWS, version=21.1, build=27.03.2024 07.52)
02:57:25.090 [FXGL Background Thread 3 ] DEBUG Engine               - saveFileExt: sav
02:57:25.090 [FXGL Background Thread 3 ] DEBUG Engine               - scaledHeightProp$fxgl: DoubleProperty [bound, value: 800.0]
02:57:25.090 [FXGL Background Thread 3 ] DEBUG Engine               - scaledWidthProp$fxgl: DoubleProperty [bound, value: 800.0]
02:57:25.090 [FXGL Background Thread 3 ] DEBUG Engine               - sceneFactory: com.almasb.fxgl.app.scene.SceneFactory@692805fb
02:57:25.090 [FXGL Background Thread 3 ] DEBUG Engine               - secondsIn24h: 60
02:57:25.090 [FXGL Background Thread 3 ] DEBUG Engine               - soundMenuBack: menu/back.wav
02:57:25.092 [FXGL Background Thread 3 ] DEBUG Engine               - soundMenuPress: menu/press.wav
02:57:25.092 [FXGL Background Thread 3 ] DEBUG Engine               - soundMenuSelect: menu/select.wav
02:57:25.092 [FXGL Background Thread 3 ] DEBUG Engine               - soundNotification: core/notification.wav
02:57:25.092 [FXGL Background Thread 3 ] DEBUG Engine               - stageStyle: DECORATED
02:57:25.092 [FXGL Background Thread 3 ] DEBUG Engine               - supportedLanguages: [ENGLISH, FRENCH, GERMAN, HUNGARIAN, RUSSIAN]
02:57:25.092 [FXGL Background Thread 3 ] DEBUG Engine               - ticksPerSecond: -1
02:57:25.092 [FXGL Background Thread 3 ] DEBUG Engine               - title: Gonvival
02:57:25.092 [FXGL Background Thread 3 ] DEBUG Engine               - urlGithub: https://github.com/AlmasB/FXGL
02:57:25.092 [FXGL Background Thread 3 ] DEBUG Engine               - urlLeaderboard: http://fxgl-top.herokuapp.com/
02:57:25.092 [FXGL Background Thread 3 ] DEBUG Engine               - urlPOM: https://raw.githubusercontent.com/AlmasB/FXGL/release/README.md
02:57:25.092 [FXGL Background Thread 3 ] DEBUG Engine               - userAppClass: class com.lab.App
02:57:25.092 [FXGL Background Thread 3 ] DEBUG Engine               - version: beta
02:57:25.092 [FXGL Background Thread 3 ] DEBUG Engine               - versionCheckDays: 7
02:57:25.092 [FXGL Background Thread 3 ] DEBUG Engine               - width: 800
02:57:25.092 [FXGL Background Thread 3 ] DEBUG Engine               - Logging services
02:57:25.093 [FXGL Background Thread 3 ] DEBUG Engine               - class com.almasb.fxgl.app.services.FXGLAssetLoaderService
02:57:25.093 [FXGL Background Thread 3 ] DEBUG Engine               - class com.almasb.fxgl.app.FXGLApplication$GameApplicationService
02:57:25.093 [FXGL Background Thread 3 ] DEBUG Engine               - class com.almasb.fxgl.app.services.FXGLDialogService
02:57:25.093 [FXGL Background Thread 3 ] DEBUG Engine               - class com.almasb.fxgl.app.services.IOTaskExecutorService
02:57:25.093 [FXGL Background Thread 3 ] DEBUG Engine               - class com.almasb.fxgl.io.FileSystemService
02:57:25.093 [FXGL Background Thread 3 ] DEBUG Engine               - class com.almasb.fxgl.localization.LocalizationService
02:57:25.093 [FXGL Background Thread 3 ] DEBUG Engine               - class com.almasb.fxgl.app.services.SystemBundleService
02:57:25.093 [FXGL Background Thread 3 ] DEBUG Engine               - class com.almasb.fxgl.profile.SaveLoadService
02:57:25.093 [FXGL Background Thread 3 ] DEBUG Engine               - class com.almasb.fxgl.ui.FXGLUIFactoryServiceProvider
02:57:25.093 [FXGL Background Thread 3 ] DEBUG Engine               - class com.almasb.fxgl.ui.FXGLDialogFactoryServiceProvider
02:57:25.093 [FXGL Background Thread 3 ] DEBUG Engine               - class com.almasb.fxgl.audio.AudioPlayer
02:57:25.093 [FXGL Background Thread 3 ] DEBUG Engine               - class com.almasb.fxgl.notification.impl.NotificationServiceProvider
02:57:25.093 [FXGL Background Thread 3 ] DEBUG Engine               - class com.almasb.fxgl.achievement.AchievementService
02:57:25.093 [FXGL Background Thread 3 ] DEBUG Engine               - class com.almasb.fxgl.cutscene.CutsceneService
02:57:25.093 [FXGL Background Thread 3 ] DEBUG Engine               - class com.almasb.fxgl.minigames.MiniGameService
02:57:25.093 [FXGL Background Thread 3 ] DEBUG Engine               - class com.almasb.fxgl.net.NetService
02:57:25.093 [FXGL Background Thread 3 ] DEBUG Engine               - class com.almasb.fxgl.app.services.UpdaterService
02:57:25.093 [FXGL Background Thread 3 ] DEBUG Engine               - class com.almasb.fxgl.dev.DevService
02:57:43.717 [JavaFX Application Thread] DEBUG PrimaryStageWindow   - Push state: FXGLDefaultMenu
02:57:43.718 [JavaFX Application Thread] DEBUG Input                - Clearing active input actions
02:57:43.721 [JavaFX Application Thread] DEBUG GameApplicationServi - Removing overlay from GameScene and adding to FXGLDefaultMenu
02:57:43.722 [JavaFX Application Thread] DEBUG PrimaryStageWindow   - GameScene -> FXGLDefaultMenu
02:57:45.140 [JavaFX Application Thread] DEBUG Menu                 - fireExitToMainMenu()
02:57:45.144 [JavaFX Application Thread] DEBUG PrimaryStageWindow   - Push state: DialogSubScene
02:57:45.144 [JavaFX Application Thread] DEBUG Input                - Clearing active input actions
02:57:45.144 [JavaFX Application Thread] DEBUG GameApplicationServi - Removing overlay from FXGLDefaultMenu and adding to DialogSubScene
02:57:45.145 [JavaFX Application Thread] DEBUG PrimaryStageWindow   - FXGLDefaultMenu -> DialogSubScene
02:57:46.246 [JavaFX Application Thread] DEBUG PrimaryStageWindow   - Pop state: DialogSubScene
02:57:46.247 [JavaFX Application Thread] DEBUG Input                - Clearing active input actions
02:57:46.247 [JavaFX Application Thread] DEBUG GameApplicationServi - Removing overlay from DialogSubScene and adding to FXGLDefaultMenu
02:57:46.248 [JavaFX Application Thread] DEBUG PrimaryStageWindow   - FXGLDefaultMenu <- DialogSubScene
02:57:46.248 [JavaFX Application Thread] DEBUG PrimaryStageWindow   - Pop state: FXGLDefaultMenu
02:57:46.248 [JavaFX Application Thread] DEBUG Input                - Clearing active input actions
02:57:46.248 [JavaFX Application Thread] DEBUG GameApplicationServi - Removing overlay from FXGLDefaultMenu and adding to GameScene
02:57:46.249 [JavaFX Application Thread] DEBUG PrimaryStageWindow   - GameScene <- FXGLDefaultMenu
02:57:46.249 [JavaFX Application Thread] DEBUG Input                - Clearing active input actions
02:57:46.257 [JavaFX Application Thread] DEBUG GameApplicationServi - Removing overlay from GameScene and adding to FXGLMainMenuDummyScene
02:57:46.257 [JavaFX Application Thread] DEBUG PrimaryStageWindow   - GameScene -> FXGLMainMenuDummyScene
02:57:46.258 [JavaFX Application Thread] DEBUG PrimaryStageWindow   - Push state: FXGLDefaultMenu
02:57:46.258 [JavaFX Application Thread] DEBUG Input                - Clearing active input actions
02:57:46.262 [JavaFX Application Thread] DEBUG GameApplicationServi - Removing overlay from FXGLMainMenuDummyScene and adding to FXGLDefaultMenu
02:57:46.263 [JavaFX Application Thread] DEBUG PrimaryStageWindow   - FXGLMainMenuDummyScene -> FXGLDefaultMenu
02:57:47.895 [JavaFX Application Thread] DEBUG Menu                 - fireExit()
02:57:47.898 [JavaFX Application Thread] DEBUG PrimaryStageWindow   - Push state: DialogSubScene
02:57:47.899 [JavaFX Application Thread] DEBUG Input                - Clearing active input actions
02:57:47.901 [JavaFX Application Thread] DEBUG GameApplicationServi - Removing overlay from FXGLDefaultMenu and adding to DialogSubScene
02:57:47.903 [JavaFX Application Thread] DEBUG PrimaryStageWindow   - FXGLDefaultMenu -> DialogSubScene
02:57:49.408 [JavaFX Application Thread] DEBUG PrimaryStageWindow   - Pop state: DialogSubScene
02:57:49.408 [JavaFX Application Thread] DEBUG Input                - Clearing active input actions
02:57:49.409 [JavaFX Application Thread] DEBUG GameApplicationServi - Removing overlay from DialogSubScene and adding to FXGLDefaultMenu
02:57:49.411 [JavaFX Application Thread] DEBUG PrimaryStageWindow   - FXGLDefaultMenu <- DialogSubScene
02:57:49.411 [JavaFX Application Thread] DEBUG FXGLApplication      - Exiting FXGL
02:57:49.412 [JavaFX Application Thread] DEBUG LoopRunner           - Stopping loop
02:57:49.412 [JavaFX Application Thread] DEBUG SystemBundleService  - Saving FXGL system data
02:57:49.417 [JavaFX Application Thread] DEBUG FileSystemAccess     - Writing to: D:\Gonvival\system\fxgl.bundle
02:57:49.423 [JavaFX Application Thread] DEBUG Async                - Shutting down background threads
02:57:49.423 [JavaFX Application Thread] DEBUG PrimaryStageWindow   - Closing main window
02:57:49.504 [JavaFX Application Thread] DEBUG Logger               - Closing Logger
