06:55:53.617 [main                     ] DEBUG Logger               - Configured Logger
06:55:53.682 [main                     ] DEBUG GameApplication      - Logging settings
Title: Gonvival
Version: beta
Width: 800
Height: 800
Fullscreen: false
Intro: false
Profiling: false
Single step:false
App Mode: DEVELOPER
Menu Key: ESCAPE
Stage Style: DECORATED
Scene Factory: class com.lab.App$1

06:55:54.949 [JavaFX Application Thread] DEBUG FXGLApplication      - Initializing FXGL
06:55:54.967 [JavaFX Application Thread] INFO  Engine               - FXGL-21.1 (27.03.2024 07.52) on WINDOWS (J:21.0.5 FX:21.0.1)
06:55:54.972 [JavaFX Application Thread] DEBUG Engine               - JRE Vendor Name: Eclipse Adoptium
06:55:54.973 [JavaFX Application Thread] DEBUG Engine               - Running on OS: Windows 10 version 10.0
06:55:54.973 [JavaFX Application Thread] DEBUG Engine               - Architecture: amd64
06:55:54.973 [JavaFX Application Thread] INFO  Engine               - Source code and latest versions at: https://github.com/AlmasB/FXGL
06:55:54.974 [JavaFX Application Thread] INFO  Engine               -       Ask questions and discuss at: https://github.com/AlmasB/FXGL/discussions
06:55:54.974 [JavaFX Application Thread] INFO  Engine               -              Join the FXGL chat at: https://gitter.im/AlmasB/FXGL
06:55:55.273 [JavaFX Application Thread] DEBUG PrimaryStageWindow   - Creating a JavaFX scene
06:55:55.273 [JavaFX Application Thread] DEBUG PrimaryStageWindow   - Target size > screen size
06:55:55.559 [JavaFX Application Thread] DEBUG PrimaryStageWindow   - Target settings size: 800.0 x 800.0
06:55:55.560 [JavaFX Application Thread] DEBUG PrimaryStageWindow   - Scaled scene size:    703.0 x 728.0
06:55:55.560 [JavaFX Application Thread] DEBUG PrimaryStageWindow   - Scaled ratio: (0.87875, 0.91)
06:55:55.562 [JavaFX Application Thread] DEBUG PrimaryStageWindow   - Set initial scene to FXGLStartupScene
06:55:55.567 [JavaFX Application Thread] DEBUG PrimaryStageWindow   - Opening main window
06:55:55.938 [JavaFX Application Thread] DEBUG PrimaryStageWindow   - Window border size: (16.0, 39.0)
06:55:55.938 [JavaFX Application Thread] DEBUG PrimaryStageWindow   - Scaled size: 703.0 x 728.0
06:55:55.939 [JavaFX Application Thread] DEBUG PrimaryStageWindow   - Scaled ratio: (0.87875, 0.91)
06:55:55.940 [JavaFX Application Thread] DEBUG PrimaryStageWindow   - Scene size: 703.0 x 728.0
06:55:55.940 [JavaFX Application Thread] DEBUG PrimaryStageWindow   - Stage size: 719.0 x 767.0
06:55:56.025 [FXGL Background Thread 1 ] DEBUG Engine               - Initializing environment variables
06:55:56.172 [FXGL Background Thread 1 ] DEBUG FXGLAssetLoaderServi - User app class for loading assets: class com.lab.App
06:55:56.173 [FXGL Background Thread 1 ] DEBUG GameApplicationServi - Applying CSS: fxgl_dark.css
06:55:56.175 [FXGL Background Thread 1 ] DEBUG FXGLAssetLoaderServi - Loading from file system: jar:file:/C:/Users/Khana/.m2/repository/com/github/almasb/fxgl/21.1/fxgl-21.1.jar!/fxglassets/ui/css/fxgl_dark.css
06:55:56.300 [FXGL Background Thread 1 ] DEBUG GameApplicationServi - Initializing application scenes
06:55:56.490 [FXGL Background Thread 1 ] DEBUG GameWorld            - Game world initialized
06:55:56.643 [FXGL Background Thread 1 ] DEBUG PhysicsWorld         - Physics world initialized: appHeight=800, physics.ppm=50.0
06:55:56.643 [FXGL Background Thread 1 ] DEBUG PhysicsWorld         - Using strategy: BRUTE_FORCE
06:55:56.654 [FXGL Background Thread 1 ] DEBUG GameScene            - Game scene initialized: 800x800
06:55:56.760 [FXGL Background Thread 1 ] DEBUG FXGL.DefaultMenu     - createMenuBodyGameMenu()
06:55:56.786 [FXGL Background Thread 1 ] DEBUG FXGL.DefaultMenu     - createOptionsMenu()
06:55:56.804 [FXGL Background Thread 1 ] DEBUG FXGLAssetLoaderServi - Loading from file system: jar:file:/C:/Users/Khana/.m2/repository/com/github/almasb/fxgl/21.1/fxgl-21.1.jar!/fxglassets/textures/particles/smoke.png
06:55:56.997 [FXGL Background Thread 1 ] DEBUG FXGLAssetLoaderServi - Loading from file system: jar:file:/C:/Users/Khana/.m2/repository/com/github/almasb/fxgl/21.1/fxgl-21.1.jar!/fxglassets/textures/particles/trace_horizontal.png
06:55:57.055 [FXGL Background Thread 1 ] DEBUG GameApplicationServi - Application scenes initialized
06:55:57.085 [FXGL Background Thread 1 ] DEBUG SystemBundleService  - Loading FXGL system data
06:55:57.094 [FXGL Background Thread 1 ] DEBUG FileSystemAccess     - Reading from: E:\Labs\Gonvival\system\fxgl.bundle
06:55:57.116 [FXGL Background Thread 1 ] DEBUG SystemBundleService  - Bundle FXGL: {}
06:55:57.116 [FXGL Background Thread 1 ] DEBUG UpdaterService       - Checking for updates
06:55:57.125 [FXGL Background Thread 1 ] DEBUG FXGLApplication      - Loading default localization
06:55:57.126 [FXGL Background Thread 1 ] DEBUG FXGLAssetLoaderServi - Loading from file system: jar:file:/C:/Users/Khana/.m2/repository/com/github/almasb/fxgl/21.1/fxgl-21.1.jar!/fxglassets/languages/english.lang
06:55:57.140 [FXGL Background Thread 4 ] DEBUG FXGLApplication      - Loading fonts
06:55:57.143 [FXGL Background Thread 4 ] DEBUG FXGLAssetLoaderServi - Loading from file system: jar:file:/C:/Users/Khana/.m2/repository/com/github/almasb/fxgl/21.1/fxgl-21.1.jar!/fxglassets/ui/fonts/VarelaRound-Regular.ttf
06:55:57.162 [FXGL Background Thread 1 ] INFO  FXGLApplication      - FXGL initialization took: 1.136 sec
06:55:57.229 [FXGL Background Thread 4 ] DEBUG FXGLAssetLoaderServi - Loading from file system: jar:file:/C:/Users/Khana/.m2/repository/com/github/almasb/fxgl/21.1/fxgl-21.1.jar!/fxglassets/ui/fonts/Abel-Regular.ttf
06:55:57.249 [FXGL Background Thread 4 ] DEBUG FXGLAssetLoaderServi - Loading from file system: jar:file:/C:/Users/Khana/.m2/repository/com/github/almasb/fxgl/21.1/fxgl-21.1.jar!/fxglassets/ui/fonts/TerminalLandMono-Regular.otf
06:55:57.258 [FXGL Background Thread 4 ] DEBUG FXGLAssetLoaderServi - Loading from file system: jar:file:/C:/Users/Khana/.m2/repository/com/github/almasb/fxgl/21.1/fxgl-21.1.jar!/fxglassets/ui/fonts/Courier-Prime.ttf
06:55:57.271 [JavaFX Application Thread] DEBUG FXGLApplication      - Registering font factories with UI factory
06:55:57.283 [JavaFX Application Thread] DEBUG FXGLAssetLoaderServi - Loading from file system: jar:file:/C:/Users/Khana/.m2/repository/com/github/almasb/fxgl/21.1/fxgl-21.1.jar!/fxglassets/textures/fxgl_icon.png
06:55:57.324 [JavaFX Application Thread] DEBUG FXGLAssetLoaderServi - Loading from file system: jar:file:/C:/Users/Khana/.m2/repository/com/github/almasb/fxgl/21.1/fxgl-21.1.jar!/fxglassets/textures/fxgl_default_cursor.png
06:55:57.356 [JavaFX Application Thread] DEBUG Input                - Registered new binding: Screenshot - CTRL+8
06:55:57.357 [JavaFX Application Thread] DEBUG Input                - Registered new binding: System info dump - CTRL+9
06:55:57.359 [JavaFX Application Thread] DEBUG Input                - Registered new binding: Restart - CTRL+R
06:55:57.361 [JavaFX Application Thread] DEBUG Input                - Registered new binding: Toggle Debug Camera - CTRL+7
06:55:57.366 [JavaFX Application Thread] DEBUG LoopRunner           - Starting loop
06:55:57.367 [JavaFX Application Thread] DEBUG LoopRunner           - Initializing JavaFX AnimationTimerLoop
06:55:57.372 [JavaFX Application Thread] DEBUG Input                - Clearing active input actions
06:55:57.389 [JavaFX Application Thread] DEBUG GameApplicationServi - Removing overlay from FXGLStartupScene and adding to FXGLMainMenuDummyScene
06:55:57.391 [JavaFX Application Thread] DEBUG PrimaryStageWindow   - FXGLStartupScene -> FXGLMainMenuDummyScene
06:55:57.391 [JavaFX Application Thread] DEBUG PrimaryStageWindow   - Push state: StartScreen
06:55:57.393 [JavaFX Application Thread] DEBUG Input                - Clearing active input actions
06:55:57.411 [JavaFX Application Thread] DEBUG GameApplicationServi - Removing overlay from FXGLMainMenuDummyScene and adding to StartScreen
06:55:57.412 [JavaFX Application Thread] DEBUG PrimaryStageWindow   - FXGLMainMenuDummyScene -> StartScreen
06:55:58.613 [JavaFX Application Thread] DEBUG LoopRunner           - Pausing loop
06:55:58.614 [JavaFX Application Thread] DEBUG Menu                 - fireNewGame()
06:55:58.614 [JavaFX Application Thread] DEBUG GameApplicationServi - Starting new game
06:55:58.614 [JavaFX Application Thread] DEBUG PrimaryStageWindow   - Pop state: StartScreen
06:55:58.614 [JavaFX Application Thread] DEBUG Input                - Clearing active input actions
06:55:58.615 [JavaFX Application Thread] DEBUG GameApplicationServi - Removing overlay from StartScreen and adding to FXGLMainMenuDummyScene
06:55:58.616 [JavaFX Application Thread] DEBUG PrimaryStageWindow   - FXGLMainMenuDummyScene <- StartScreen
06:55:58.619 [JavaFX Application Thread] DEBUG Input                - Clearing active input actions
06:55:58.656 [JavaFX Application Thread] DEBUG GameApplicationServi - Removing overlay from FXGLMainMenuDummyScene and adding to FXGLLoadingScene
06:55:58.656 [JavaFX Application Thread] DEBUG PrimaryStageWindow   - FXGLMainMenuDummyScene -> FXGLLoadingScene
06:55:58.657 [JavaFX Application Thread] DEBUG GameApplicationServi - Clearing previous game
06:55:58.657 [JavaFX Application Thread] DEBUG GameScene            - Clearing game scene
06:55:58.657 [JavaFX Application Thread] DEBUG GameWorld            - Clearing game world
06:55:58.657 [JavaFX Application Thread] DEBUG PhysicsWorld         - Clearing physics world
06:55:58.659 [FXGL Background Thread 2 ] DEBUG FXGLApplication      - Initializing game
06:55:58.674 [FXGL Background Thread 2 ] DEBUG FXGLAssetLoaderServi - Loading from file system: file:/E:/Labs/Gonvival/game/target/classes/assets/textures/newmap2.png
06:55:58.737 [FXGL Background Thread 2 ] DEBUG FXGLAssetLoaderServi - Loading from file system: file:/E:/Labs/Gonvival/game/target/classes/assets/textures/Level.png
06:55:58.792 [FXGL Background Thread 2 ] DEBUG FXGLAssetLoaderServi - Loading from file system: file:/E:/Labs/Gonvival/game/target/classes/assets/textures/idle_down.png
06:55:58.797 [FXGL Background Thread 2 ] DEBUG FXGLAssetLoaderServi - Loading from file system: file:/E:/Labs/Gonvival/game/target/classes/assets/textures/idle_up.png
06:55:58.800 [FXGL Background Thread 2 ] DEBUG FXGLAssetLoaderServi - Loading from file system: file:/E:/Labs/Gonvival/game/target/classes/assets/textures/idle_left_down.png
06:55:58.804 [FXGL Background Thread 2 ] DEBUG FXGLAssetLoaderServi - Loading from file system: file:/E:/Labs/Gonvival/game/target/classes/assets/textures/idle_left_up.png
06:55:58.806 [FXGL Background Thread 2 ] DEBUG FXGLAssetLoaderServi - Loading from file system: file:/E:/Labs/Gonvival/game/target/classes/assets/textures/idle_right_down.png
06:55:58.809 [FXGL Background Thread 2 ] DEBUG FXGLAssetLoaderServi - Loading from file system: file:/E:/Labs/Gonvival/game/target/classes/assets/textures/idle_right_up.png
06:55:58.811 [FXGL Background Thread 2 ] DEBUG FXGLAssetLoaderServi - Loading from file system: file:/E:/Labs/Gonvival/game/target/classes/assets/textures/walk_left_down.png
06:55:58.814 [FXGL Background Thread 2 ] DEBUG FXGLAssetLoaderServi - Loading from file system: file:/E:/Labs/Gonvival/game/target/classes/assets/textures/walk_right_down.png
06:55:58.817 [FXGL Background Thread 2 ] DEBUG FXGLAssetLoaderServi - Loading from file system: file:/E:/Labs/Gonvival/game/target/classes/assets/textures/walk_up.png
06:55:58.820 [FXGL Background Thread 2 ] DEBUG FXGLAssetLoaderServi - Loading from file system: file:/E:/Labs/Gonvival/game/target/classes/assets/textures/walk_down.png
06:55:58.823 [FXGL Background Thread 2 ] DEBUG FXGLAssetLoaderServi - Loading from file system: file:/E:/Labs/Gonvival/game/target/classes/assets/textures/walk_left_up.png
06:55:58.826 [FXGL Background Thread 2 ] DEBUG FXGLAssetLoaderServi - Loading from file system: file:/E:/Labs/Gonvival/game/target/classes/assets/textures/walk_right_up.png
06:55:58.863 [FXGL Background Thread 2 ] INFO  FXGLApplication      - Game initialization took: 0.204 sec
06:55:58.909 [JavaFX Application Thread] DEBUG Input                - Clearing active input actions
06:55:58.938 [JavaFX Application Thread] DEBUG GameApplicationServi - Removing overlay from FXGLLoadingScene and adding to GameScene
06:55:58.938 [JavaFX Application Thread] DEBUG PrimaryStageWindow   - FXGLLoadingScene -> GameScene
06:55:59.842 [JavaFX Application Thread] DEBUG LoopRunner           - Resuming loop
06:56:00.032 [JavaFX Application Thread] DEBUG Input                - Registered new binding: SHOOT - LMB
06:56:00.033 [JavaFX Application Thread] DEBUG Input                - Registered new binding: MOVE LEFT - A
06:56:00.033 [JavaFX Application Thread] DEBUG Input                - Registered new binding: MOVE RIGHT - D
06:56:00.033 [JavaFX Application Thread] DEBUG Input                - Registered new binding: MOVE UP - W
06:56:00.033 [JavaFX Application Thread] DEBUG Input                - Registered new binding: MOVE DOWN - S
06:56:00.123 [FXGL Background Thread 3 ] DEBUG Engine               - Logging environment variables
06:56:00.124 [FXGL Background Thread 3 ] DEBUG Engine               - achievements: []
06:56:00.124 [FXGL Background Thread 3 ] DEBUG Engine               - actualHeight: 728.0
06:56:00.124 [FXGL Background Thread 3 ] DEBUG Engine               - actualHeightProperty: ReadOnlyDoubleProperty [value: 728.0]
06:56:00.124 [FXGL Background Thread 3 ] DEBUG Engine               - actualWidth: 703.0
06:56:00.124 [FXGL Background Thread 3 ] DEBUG Engine               - actualWidthProperty: ReadOnlyDoubleProperty [value: 703.0]
06:56:00.125 [FXGL Background Thread 3 ] DEBUG Engine               - appIcon: fxgl_icon.png
06:56:00.125 [FXGL Background Thread 3 ] DEBUG Engine               - applicationMode: DEVELOPER
06:56:00.125 [FXGL Background Thread 3 ] DEBUG Engine               - cSSList: [fxgl_dark.css]
06:56:00.125 [FXGL Background Thread 3 ] DEBUG Engine               - collisionDetectionStrategy: BRUTE_FORCE
06:56:00.125 [FXGL Background Thread 3 ] DEBUG Engine               - configClass: Optional.empty
06:56:00.125 [FXGL Background Thread 3 ] DEBUG Engine               - credits: []
06:56:00.126 [FXGL Background Thread 3 ] DEBUG Engine               - defaultCursor: CursorInfo(imageName=fxgl_default_cursor.png, hotspotX=7.0, hotspotY=6.0)
06:56:00.126 [FXGL Background Thread 3 ] DEBUG Engine               - devBBoxColorProperty: ObjectProperty [value: 0xff0000ff]
06:56:00.126 [FXGL Background Thread 3 ] DEBUG Engine               - devEnableDebugCameraProperty: BooleanProperty [value: false]
06:56:00.127 [FXGL Background Thread 3 ] DEBUG Engine               - devSensorColorProperty: ObjectProperty [value: 0xffff00ff]
06:56:00.127 [FXGL Background Thread 3 ] DEBUG Engine               - devShowBBoxProperty: BooleanProperty [value: false]
06:56:00.127 [FXGL Background Thread 3 ] DEBUG Engine               - devShowPositionProperty: BooleanProperty [value: false]
06:56:00.127 [FXGL Background Thread 3 ] DEBUG Engine               - enabledMenuItems: []
06:56:00.127 [FXGL Background Thread 3 ] DEBUG Engine               - engineServices: [class com.almasb.fxgl.app.services.FXGLAssetLoaderService, class com.almasb.fxgl.app.FXGLApplication$GameApplicationService, class com.almasb.fxgl.app.services.FXGLDialogService, class com.almasb.fxgl.app.services.IOTaskExecutorService, class com.almasb.fxgl.io.FileSystemService, class com.almasb.fxgl.localization.LocalizationService, class com.almasb.fxgl.app.services.SystemBundleService, class com.almasb.fxgl.profile.SaveLoadService, class com.almasb.fxgl.ui.FXGLUIFactoryServiceProvider, class com.almasb.fxgl.ui.FXGLDialogFactoryServiceProvider, class com.almasb.fxgl.audio.AudioPlayer, class com.almasb.fxgl.notification.impl.NotificationServiceProvider, class com.almasb.fxgl.achievement.AchievementService, class com.almasb.fxgl.cutscene.CutsceneService, class com.almasb.fxgl.minigames.MiniGameService, class com.almasb.fxgl.net.NetService, class com.almasb.fxgl.app.services.UpdaterService, class com.almasb.fxgl.dev.DevService]
06:56:00.127 [FXGL Background Thread 3 ] DEBUG Engine               - fontGame: Abel-Regular.ttf
06:56:00.127 [FXGL Background Thread 3 ] DEBUG Engine               - fontMono: TerminalLandMono-Regular.otf
06:56:00.127 [FXGL Background Thread 3 ] DEBUG Engine               - fontSizeScaleUI: 1.0
06:56:00.127 [FXGL Background Thread 3 ] DEBUG Engine               - fontText: Courier-Prime.ttf
06:56:00.128 [FXGL Background Thread 3 ] DEBUG Engine               - fontUI: VarelaRound-Regular.ttf
06:56:00.128 [FXGL Background Thread 3 ] DEBUG Engine               - fullScreen: BooleanProperty [value: false]
06:56:00.128 [FXGL Background Thread 3 ] DEBUG Engine               - gameDifficulty: MEDIUM
06:56:00.128 [FXGL Background Thread 3 ] DEBUG Engine               - gameDifficultyProperty: ObjectProperty [value: MEDIUM]
06:56:00.128 [FXGL Background Thread 3 ] DEBUG Engine               - globalMusicVolume: 0.5
06:56:00.128 [FXGL Background Thread 3 ] DEBUG Engine               - globalMusicVolumeProperty: DoubleProperty [value: 1.0]
06:56:00.128 [FXGL Background Thread 3 ] DEBUG Engine               - globalSoundVolume: 0.5
06:56:00.128 [FXGL Background Thread 3 ] DEBUG Engine               - globalSoundVolumeProperty: DoubleProperty [value: 1.0]
06:56:00.128 [FXGL Background Thread 3 ] DEBUG Engine               - height: 800
06:56:00.129 [FXGL Background Thread 3 ] DEBUG Engine               - is3D: false
06:56:00.129 [FXGL Background Thread 3 ] DEBUG Engine               - isAndroid: false
06:56:00.129 [FXGL Background Thread 3 ] DEBUG Engine               - isBrowser: false
06:56:00.129 [FXGL Background Thread 3 ] DEBUG Engine               - isClickFeedbackEnabled: false
06:56:00.129 [FXGL Background Thread 3 ] DEBUG Engine               - isCloseConfirmation: false
06:56:00.129 [FXGL Background Thread 3 ] DEBUG Engine               - isDesktop: true
06:56:00.129 [FXGL Background Thread 3 ] DEBUG Engine               - isDeveloperMenuEnabled: false
06:56:00.129 [FXGL Background Thread 3 ] DEBUG Engine               - isEmbedded: false
06:56:00.129 [FXGL Background Thread 3 ] DEBUG Engine               - isEntityPreloadEnabled: true
06:56:00.129 [FXGL Background Thread 3 ] DEBUG Engine               - isExperimentalTiledLargeMap: false
06:56:00.129 [FXGL Background Thread 3 ] DEBUG Engine               - isFileSystemWriteAllowed: true
06:56:00.129 [FXGL Background Thread 3 ] DEBUG Engine               - isFullScreenAllowed: false
06:56:00.130 [FXGL Background Thread 3 ] DEBUG Engine               - isFullScreenFromStart: false
06:56:00.130 [FXGL Background Thread 3 ] DEBUG Engine               - isGameMenuEnabled: true
06:56:00.130 [FXGL Background Thread 3 ] DEBUG Engine               - isIOS: false
06:56:00.130 [FXGL Background Thread 3 ] DEBUG Engine               - isIntroEnabled: false
06:56:00.130 [FXGL Background Thread 3 ] DEBUG Engine               - isLinux: false
06:56:00.130 [FXGL Background Thread 3 ] DEBUG Engine               - isMac: false
06:56:00.130 [FXGL Background Thread 3 ] DEBUG Engine               - isMainMenuEnabled: true
06:56:00.130 [FXGL Background Thread 3 ] DEBUG Engine               - isManualResizeEnabled: false
06:56:00.130 [FXGL Background Thread 3 ] DEBUG Engine               - isMobile: false
06:56:00.130 [FXGL Background Thread 3 ] DEBUG Engine               - isNative: false
06:56:00.130 [FXGL Background Thread 3 ] DEBUG Engine               - isPauseMusicWhenMinimized: true
06:56:00.130 [FXGL Background Thread 3 ] DEBUG Engine               - isPreserveResizeRatio: false
06:56:00.130 [FXGL Background Thread 3 ] DEBUG Engine               - isProfilingEnabled: false
06:56:00.130 [FXGL Background Thread 3 ] DEBUG Engine               - isScaleAffectedOnResize: true
06:56:00.130 [FXGL Background Thread 3 ] DEBUG Engine               - isSingleStep: false
06:56:00.131 [FXGL Background Thread 3 ] DEBUG Engine               - isUserProfileEnabled: false
06:56:00.131 [FXGL Background Thread 3 ] DEBUG Engine               - isWindows: true
06:56:00.131 [FXGL Background Thread 3 ] DEBUG Engine               - language: ObjectProperty [value: ENGLISH]
06:56:00.131 [FXGL Background Thread 3 ] DEBUG Engine               - menuKey: ESCAPE
06:56:00.131 [FXGL Background Thread 3 ] DEBUG Engine               - mouseSensitivity: 0.2
06:56:00.131 [FXGL Background Thread 3 ] DEBUG Engine               - notificationViewClass: class com.almasb.fxgl.notification.view.XboxNotificationView
06:56:00.131 [FXGL Background Thread 3 ] DEBUG Engine               - pixelsPerMeter: 50.0
06:56:00.131 [FXGL Background Thread 3 ] DEBUG Engine               - platform: WINDOWS
06:56:00.131 [FXGL Background Thread 3 ] DEBUG Engine               - prefHeightProperty: ReadOnlyDoubleProperty [value: 800.0]
06:56:00.131 [FXGL Background Thread 3 ] DEBUG Engine               - prefWidthProperty: ReadOnlyDoubleProperty [value: 800.0]
06:56:00.131 [FXGL Background Thread 3 ] DEBUG Engine               - profileDir: profiles/
06:56:00.131 [FXGL Background Thread 3 ] DEBUG Engine               - profileName: StringProperty [value: DEFAULT]
06:56:00.132 [FXGL Background Thread 3 ] DEBUG Engine               - randomSeed: -1
06:56:00.132 [FXGL Background Thread 3 ] DEBUG Engine               - runtimeInfo: RuntimeInfo(platform=WINDOWS, version=21.1, build=27.03.2024 07.52)
06:56:00.132 [FXGL Background Thread 3 ] DEBUG Engine               - saveFileExt: sav
06:56:00.132 [FXGL Background Thread 3 ] DEBUG Engine               - scaledHeightProp$fxgl: DoubleProperty [bound, value: 728.0]
06:56:00.133 [FXGL Background Thread 3 ] DEBUG Engine               - scaledWidthProp$fxgl: DoubleProperty [bound, value: 703.0]
06:56:00.133 [FXGL Background Thread 3 ] DEBUG Engine               - sceneFactory: com.lab.App$1@3dba1426
06:56:00.133 [FXGL Background Thread 3 ] DEBUG Engine               - secondsIn24h: 60
06:56:00.133 [FXGL Background Thread 3 ] DEBUG Engine               - soundMenuBack: menu/back.wav
06:56:00.133 [FXGL Background Thread 3 ] DEBUG Engine               - soundMenuPress: menu/press.wav
06:56:00.133 [FXGL Background Thread 3 ] DEBUG Engine               - soundMenuSelect: menu/select.wav
06:56:00.133 [FXGL Background Thread 3 ] DEBUG Engine               - soundNotification: core/notification.wav
06:56:00.133 [FXGL Background Thread 3 ] DEBUG Engine               - stageStyle: DECORATED
06:56:00.133 [FXGL Background Thread 3 ] DEBUG Engine               - supportedLanguages: [ENGLISH, FRENCH, GERMAN, HUNGARIAN, RUSSIAN]
06:56:00.133 [FXGL Background Thread 3 ] DEBUG Engine               - ticksPerSecond: -1
06:56:00.133 [FXGL Background Thread 3 ] DEBUG Engine               - title: Gonvival
06:56:00.133 [FXGL Background Thread 3 ] DEBUG Engine               - urlGithub: https://github.com/AlmasB/FXGL
06:56:00.133 [FXGL Background Thread 3 ] DEBUG Engine               - urlLeaderboard: http://fxgl-top.herokuapp.com/
06:56:00.134 [FXGL Background Thread 3 ] DEBUG Engine               - urlPOM: https://raw.githubusercontent.com/AlmasB/FXGL/release/README.md
06:56:00.134 [FXGL Background Thread 3 ] DEBUG Engine               - userAppClass: class com.lab.App
06:56:00.134 [FXGL Background Thread 3 ] DEBUG Engine               - version: beta
06:56:00.135 [FXGL Background Thread 3 ] DEBUG Engine               - versionCheckDays: 7
06:56:00.135 [FXGL Background Thread 3 ] DEBUG Engine               - width: 800
06:56:00.135 [FXGL Background Thread 3 ] DEBUG Engine               - Logging services
06:56:00.135 [FXGL Background Thread 3 ] DEBUG Engine               - class com.almasb.fxgl.app.services.FXGLAssetLoaderService
06:56:00.135 [FXGL Background Thread 3 ] DEBUG Engine               - class com.almasb.fxgl.app.FXGLApplication$GameApplicationService
06:56:00.137 [FXGL Background Thread 3 ] DEBUG Engine               - class com.almasb.fxgl.app.services.FXGLDialogService
06:56:00.138 [FXGL Background Thread 3 ] DEBUG Engine               - class com.almasb.fxgl.app.services.IOTaskExecutorService
06:56:00.138 [FXGL Background Thread 3 ] DEBUG Engine               - class com.almasb.fxgl.io.FileSystemService
06:56:00.138 [FXGL Background Thread 3 ] DEBUG Engine               - class com.almasb.fxgl.localization.LocalizationService
06:56:00.138 [FXGL Background Thread 3 ] DEBUG Engine               - class com.almasb.fxgl.app.services.SystemBundleService
06:56:00.138 [FXGL Background Thread 3 ] DEBUG Engine               - class com.almasb.fxgl.profile.SaveLoadService
06:56:00.138 [FXGL Background Thread 3 ] DEBUG Engine               - class com.almasb.fxgl.ui.FXGLUIFactoryServiceProvider
06:56:00.138 [FXGL Background Thread 3 ] DEBUG Engine               - class com.almasb.fxgl.ui.FXGLDialogFactoryServiceProvider
06:56:00.138 [FXGL Background Thread 3 ] DEBUG Engine               - class com.almasb.fxgl.audio.AudioPlayer
06:56:00.138 [FXGL Background Thread 3 ] DEBUG Engine               - class com.almasb.fxgl.notification.impl.NotificationServiceProvider
06:56:00.138 [FXGL Background Thread 3 ] DEBUG Engine               - class com.almasb.fxgl.achievement.AchievementService
06:56:00.138 [FXGL Background Thread 3 ] DEBUG Engine               - class com.almasb.fxgl.cutscene.CutsceneService
06:56:00.138 [FXGL Background Thread 3 ] DEBUG Engine               - class com.almasb.fxgl.minigames.MiniGameService
06:56:00.139 [FXGL Background Thread 3 ] DEBUG Engine               - class com.almasb.fxgl.net.NetService
06:56:00.139 [FXGL Background Thread 3 ] DEBUG Engine               - class com.almasb.fxgl.app.services.UpdaterService
06:56:00.139 [FXGL Background Thread 3 ] DEBUG Engine               - class com.almasb.fxgl.dev.DevService
06:56:00.768 [JavaFX Application Thread] DEBUG FXGLAssetLoaderServi - Loading from file system: file:/E:/Labs/Gonvival/game/target/classes/assets/textures/GraveRevenant.png
06:56:01.048 [JavaFX Application Thread] DEBUG FXGLAssetLoaderServi - Loading from file system: file:/E:/Labs/Gonvival/game/target/classes/assets/textures/arrow.png
06:56:22.962 [JavaFX Application Thread] DEBUG PrimaryStageWindow   - Push state: DialogSubScene
06:56:22.963 [JavaFX Application Thread] DEBUG Input                - Clearing active input actions
06:56:22.966 [JavaFX Application Thread] DEBUG GameApplicationServi - Removing overlay from GameScene and adding to DialogSubScene
06:56:22.966 [JavaFX Application Thread] DEBUG PrimaryStageWindow   - GameScene -> DialogSubScene
06:56:24.194 [JavaFX Application Thread] DEBUG PrimaryStageWindow   - Pop state: DialogSubScene
06:56:24.194 [JavaFX Application Thread] DEBUG Input                - Clearing active input actions
06:56:24.195 [JavaFX Application Thread] DEBUG GameApplicationServi - Removing overlay from DialogSubScene and adding to GameScene
06:56:24.195 [JavaFX Application Thread] DEBUG PrimaryStageWindow   - GameScene <- DialogSubScene
06:56:24.195 [JavaFX Application Thread] DEBUG GameWorld            - Clearing game world
06:56:24.197 [JavaFX Application Thread] DEBUG Input                - Clearing active input actions
06:56:24.204 [JavaFX Application Thread] DEBUG GameApplicationServi - Removing overlay from GameScene and adding to FXGLMainMenuDummyScene
06:56:24.205 [JavaFX Application Thread] DEBUG PrimaryStageWindow   - GameScene -> FXGLMainMenuDummyScene
06:56:24.205 [JavaFX Application Thread] DEBUG PrimaryStageWindow   - Push state: StartScreen
06:56:24.205 [JavaFX Application Thread] DEBUG Input                - Clearing active input actions
06:56:24.207 [JavaFX Application Thread] DEBUG GameApplicationServi - Removing overlay from FXGLMainMenuDummyScene and adding to StartScreen
06:56:24.207 [JavaFX Application Thread] DEBUG PrimaryStageWindow   - FXGLMainMenuDummyScene -> StartScreen
06:56:26.050 [JavaFX Application Thread] DEBUG LoopRunner           - Pausing loop
06:56:26.050 [JavaFX Application Thread] DEBUG Menu                 - fireNewGame()
06:56:26.050 [JavaFX Application Thread] DEBUG GameApplicationServi - Starting new game
06:56:26.050 [JavaFX Application Thread] DEBUG PrimaryStageWindow   - Pop state: StartScreen
06:56:26.050 [JavaFX Application Thread] DEBUG Input                - Clearing active input actions
06:56:26.050 [JavaFX Application Thread] DEBUG GameApplicationServi - Removing overlay from StartScreen and adding to FXGLMainMenuDummyScene
06:56:26.051 [JavaFX Application Thread] DEBUG PrimaryStageWindow   - FXGLMainMenuDummyScene <- StartScreen
06:56:26.051 [JavaFX Application Thread] DEBUG Input                - Clearing active input actions
06:56:26.056 [JavaFX Application Thread] DEBUG GameApplicationServi - Removing overlay from FXGLMainMenuDummyScene and adding to FXGLLoadingScene
06:56:26.056 [JavaFX Application Thread] DEBUG PrimaryStageWindow   - FXGLMainMenuDummyScene -> FXGLLoadingScene
06:56:26.056 [JavaFX Application Thread] DEBUG GameApplicationServi - Clearing previous game
06:56:26.057 [JavaFX Application Thread] DEBUG GameScene            - Clearing game scene
06:56:26.057 [JavaFX Application Thread] DEBUG GameWorld            - Clearing game world
06:56:26.057 [JavaFX Application Thread] DEBUG PhysicsWorld         - Clearing physics world
06:56:26.057 [FXGL Background Thread 2 ] DEBUG FXGLApplication      - Initializing game
06:56:26.076 [FXGL Background Thread 2 ] INFO  FXGLApplication      - Game initialization took: 0.019 sec
06:56:26.089 [JavaFX Application Thread] DEBUG Input                - Clearing active input actions
06:56:26.099 [JavaFX Application Thread] DEBUG GameApplicationServi - Removing overlay from FXGLLoadingScene and adding to GameScene
06:56:26.100 [JavaFX Application Thread] DEBUG PrimaryStageWindow   - FXGLLoadingScene -> GameScene
06:56:28.610 [JavaFX Application Thread] DEBUG FXGLApplication      - Exiting FXGL
06:56:28.610 [JavaFX Application Thread] DEBUG LoopRunner           - Stopping loop
06:56:28.610 [JavaFX Application Thread] DEBUG SystemBundleService  - Saving FXGL system data
06:56:28.612 [JavaFX Application Thread] DEBUG FileSystemAccess     - Writing to: E:\Labs\Gonvival\system\fxgl.bundle
06:56:28.616 [JavaFX Application Thread] DEBUG Async                - Shutting down background threads
06:56:28.616 [JavaFX Application Thread] DEBUG PrimaryStageWindow   - Closing main window
06:56:28.642 [JavaFX Application Thread] DEBUG Logger               - Closing Logger
