04:39:07.923 [main                     ] DEBUG Logger               - Configured Logger
04:39:07.957 [main                     ] DEBUG GameApplication      - Logging settings
Title: Gonvival
Version: beta
Width: 800
Height: 800
Fullscreen: false
Intro: false
Profiling: false
Single step:false
App Mode: DEVELOPER
Menu Key: ESCAPE
Stage Style: DECORATED
Scene Factory: class com.lab.App$1

04:39:08.851 [JavaFX Application Thread] DEBUG FXGLApplication      - Initializing FXGL
04:39:08.860 [JavaFX Application Thread] INFO  Engine               - FXGL-21.1 (27.03.2024 07.52) on WINDOWS (J:21.0.5 FX:21.0.1)
04:39:08.861 [JavaFX Application Thread] DEBUG Engine               - JRE Vendor Name: Eclipse Adoptium
04:39:08.861 [JavaFX Application Thread] DEBUG Engine               - Running on OS: Windows 11 version 10.0
04:39:08.862 [JavaFX Application Thread] DEBUG Engine               - Architecture: amd64
04:39:08.862 [JavaFX Application Thread] INFO  Engine               - Source code and latest versions at: https://github.com/AlmasB/FXGL
04:39:08.862 [JavaFX Application Thread] INFO  Engine               -       Ask questions and discuss at: https://github.com/AlmasB/FXGL/discussions
04:39:08.863 [JavaFX Application Thread] INFO  Engine               -              Join the FXGL chat at: https://gitter.im/AlmasB/FXGL
04:39:09.106 [JavaFX Application Thread] DEBUG PrimaryStageWindow   - Creating a JavaFX scene
04:39:09.218 [JavaFX Application Thread] DEBUG PrimaryStageWindow   - Target settings size: 800.0 x 800.0
04:39:09.219 [JavaFX Application Thread] DEBUG PrimaryStageWindow   - Scaled scene size:    800.0 x 800.0
04:39:09.219 [JavaFX Application Thread] DEBUG PrimaryStageWindow   - Scaled ratio: (1.0, 1.0)
04:39:09.221 [JavaFX Application Thread] DEBUG PrimaryStageWindow   - Set initial scene to FXGLStartupScene
04:39:09.227 [JavaFX Application Thread] DEBUG PrimaryStageWindow   - Opening main window
04:39:09.367 [JavaFX Application Thread] DEBUG PrimaryStageWindow   - Window border size: (16.0, 39.0)
04:39:09.368 [JavaFX Application Thread] DEBUG PrimaryStageWindow   - Scaled size: 800.0 x 800.0
04:39:09.369 [JavaFX Application Thread] DEBUG PrimaryStageWindow   - Scaled ratio: (1.0, 1.0)
04:39:09.370 [JavaFX Application Thread] DEBUG PrimaryStageWindow   - Scene size: 800.0 x 800.0
04:39:09.371 [JavaFX Application Thread] DEBUG PrimaryStageWindow   - Stage size: 816.0 x 839.0
04:39:09.390 [FXGL Background Thread 1 ] DEBUG Engine               - Initializing environment variables
04:39:09.530 [FXGL Background Thread 1 ] DEBUG FXGLAssetLoaderServi - User app class for loading assets: class com.lab.App
04:39:09.530 [FXGL Background Thread 1 ] DEBUG GameApplicationServi - Applying CSS: fxgl_dark.css
04:39:09.531 [FXGL Background Thread 1 ] DEBUG FXGLAssetLoaderServi - Loading from file system: jar:file:/C:/Users/HP/.m2/repository/com/github/almasb/fxgl/21.1/fxgl-21.1.jar!/fxglassets/ui/css/fxgl_dark.css
04:39:09.592 [FXGL Background Thread 1 ] DEBUG GameApplicationServi - Initializing application scenes
04:39:09.639 [FXGL Background Thread 1 ] DEBUG GameWorld            - Game world initialized
04:39:09.730 [FXGL Background Thread 1 ] DEBUG PhysicsWorld         - Physics world initialized: appHeight=800, physics.ppm=50.0
04:39:09.730 [FXGL Background Thread 1 ] DEBUG PhysicsWorld         - Using strategy: BRUTE_FORCE
04:39:09.734 [FXGL Background Thread 1 ] DEBUG GameScene            - Game scene initialized: 800x800
04:39:09.735 [FXGL Background Thread 1 ] DEBUG FXGLAssetLoaderServi - Loading from file system: file:/D:/Gonvival/game/target/classes/assets/sounds/button_click.mp3
04:39:09.883 [FXGL Background Thread 1 ] DEBUG FXGL.DefaultMenu     - createMenuBodyGameMenu()
04:39:09.893 [FXGL Background Thread 1 ] DEBUG FXGL.DefaultMenu     - createOptionsMenu()
04:39:09.901 [FXGL Background Thread 1 ] DEBUG FXGLAssetLoaderServi - Loading from file system: jar:file:/C:/Users/HP/.m2/repository/com/github/almasb/fxgl/21.1/fxgl-21.1.jar!/fxglassets/textures/particles/smoke.png
04:39:10.016 [FXGL Background Thread 1 ] DEBUG FXGLAssetLoaderServi - Loading from file system: jar:file:/C:/Users/HP/.m2/repository/com/github/almasb/fxgl/21.1/fxgl-21.1.jar!/fxglassets/textures/particles/trace_horizontal.png
04:39:10.044 [FXGL Background Thread 1 ] DEBUG GameApplicationServi - Application scenes initialized
04:39:10.056 [FXGL Background Thread 1 ] DEBUG SystemBundleService  - Loading FXGL system data
04:39:10.063 [FXGL Background Thread 1 ] DEBUG FileSystemAccess     - Reading from: D:\Gonvival\system\fxgl.bundle
04:39:10.073 [FXGL Background Thread 1 ] DEBUG SystemBundleService  - Bundle FXGL: {}
04:39:10.073 [FXGL Background Thread 1 ] DEBUG UpdaterService       - Checking for updates
04:39:10.078 [FXGL Background Thread 4 ] DEBUG FXGLApplication      - Loading fonts
04:39:10.078 [FXGL Background Thread 4 ] DEBUG FXGLAssetLoaderServi - Loading from file system: jar:file:/C:/Users/HP/.m2/repository/com/github/almasb/fxgl/21.1/fxgl-21.1.jar!/fxglassets/ui/fonts/VarelaRound-Regular.ttf
04:39:10.078 [FXGL Background Thread 1 ] DEBUG FXGLApplication      - Loading default localization
04:39:10.079 [FXGL Background Thread 1 ] DEBUG FXGLAssetLoaderServi - Loading from file system: jar:file:/C:/Users/HP/.m2/repository/com/github/almasb/fxgl/21.1/fxgl-21.1.jar!/fxglassets/languages/english.lang
04:39:10.126 [FXGL Background Thread 1 ] INFO  FXGLApplication      - FXGL initialization took: 0.736 sec
04:39:10.128 [JavaFX Application Thread] DEBUG FXGLAssetLoaderServi - Loading from file system: jar:file:/C:/Users/HP/.m2/repository/com/github/almasb/fxgl/21.1/fxgl-21.1.jar!/fxglassets/textures/fxgl_icon.png
04:39:10.131 [FXGL Background Thread 4 ] DEBUG FXGLAssetLoaderServi - Loading from file system: jar:file:/C:/Users/HP/.m2/repository/com/github/almasb/fxgl/21.1/fxgl-21.1.jar!/fxglassets/ui/fonts/Abel-Regular.ttf
04:39:10.137 [FXGL Background Thread 4 ] DEBUG FXGLAssetLoaderServi - Loading from file system: jar:file:/C:/Users/HP/.m2/repository/com/github/almasb/fxgl/21.1/fxgl-21.1.jar!/fxglassets/ui/fonts/TerminalLandMono-Regular.otf
04:39:10.142 [FXGL Background Thread 4 ] DEBUG FXGLAssetLoaderServi - Loading from file system: jar:file:/C:/Users/HP/.m2/repository/com/github/almasb/fxgl/21.1/fxgl-21.1.jar!/fxglassets/ui/fonts/Courier-Prime.ttf
04:39:10.157 [JavaFX Application Thread] DEBUG FXGLAssetLoaderServi - Loading from file system: jar:file:/C:/Users/HP/.m2/repository/com/github/almasb/fxgl/21.1/fxgl-21.1.jar!/fxglassets/textures/fxgl_default_cursor.png
04:39:10.174 [JavaFX Application Thread] DEBUG Input                - Registered new binding: Screenshot - CTRL+8
04:39:10.175 [JavaFX Application Thread] DEBUG Input                - Registered new binding: System info dump - CTRL+9
04:39:10.176 [JavaFX Application Thread] DEBUG Input                - Registered new binding: Restart - CTRL+R
04:39:10.177 [JavaFX Application Thread] DEBUG Input                - Registered new binding: Toggle Debug Camera - CTRL+7
04:39:10.182 [JavaFX Application Thread] DEBUG LoopRunner           - Starting loop
04:39:10.182 [JavaFX Application Thread] DEBUG LoopRunner           - Initializing JavaFX AnimationTimerLoop
04:39:10.185 [JavaFX Application Thread] DEBUG Input                - Clearing active input actions
04:39:10.196 [JavaFX Application Thread] DEBUG GameApplicationServi - Removing overlay from FXGLStartupScene and adding to FXGLMainMenuDummyScene
04:39:10.196 [JavaFX Application Thread] DEBUG PrimaryStageWindow   - FXGLStartupScene -> FXGLMainMenuDummyScene
04:39:10.196 [JavaFX Application Thread] DEBUG PrimaryStageWindow   - Push state: StartScreen
04:39:10.197 [JavaFX Application Thread] DEBUG Input                - Clearing active input actions
04:39:10.210 [JavaFX Application Thread] DEBUG GameApplicationServi - Removing overlay from FXGLMainMenuDummyScene and adding to StartScreen
04:39:10.210 [JavaFX Application Thread] DEBUG PrimaryStageWindow   - FXGLMainMenuDummyScene -> StartScreen
04:39:10.210 [JavaFX Application Thread] DEBUG FXGLApplication      - Registering font factories with UI factory
04:39:12.658 [JavaFX Application Thread] DEBUG Menu                 - fireNewGame()
04:39:12.658 [JavaFX Application Thread] DEBUG GameApplicationServi - Starting new game
04:39:12.658 [JavaFX Application Thread] DEBUG PrimaryStageWindow   - Pop state: StartScreen
04:39:12.658 [JavaFX Application Thread] DEBUG Input                - Clearing active input actions
04:39:12.660 [JavaFX Application Thread] DEBUG GameApplicationServi - Removing overlay from StartScreen and adding to FXGLMainMenuDummyScene
04:39:12.660 [JavaFX Application Thread] DEBUG PrimaryStageWindow   - FXGLMainMenuDummyScene <- StartScreen
04:39:12.661 [JavaFX Application Thread] DEBUG Input                - Clearing active input actions
04:39:12.673 [JavaFX Application Thread] DEBUG GameApplicationServi - Removing overlay from FXGLMainMenuDummyScene and adding to FXGLLoadingScene
04:39:12.674 [JavaFX Application Thread] DEBUG PrimaryStageWindow   - FXGLMainMenuDummyScene -> FXGLLoadingScene
04:39:12.674 [JavaFX Application Thread] DEBUG GameApplicationServi - Clearing previous game
04:39:12.674 [JavaFX Application Thread] DEBUG GameScene            - Clearing game scene
04:39:12.674 [JavaFX Application Thread] DEBUG GameWorld            - Clearing game world
04:39:12.674 [JavaFX Application Thread] DEBUG PhysicsWorld         - Clearing physics world
04:39:12.678 [FXGL Background Thread 2 ] DEBUG FXGLApplication      - Initializing game
04:39:12.699 [FXGL Background Thread 2 ] DEBUG FXGLAssetLoaderServi - Loading from file system: file:/D:/Gonvival/game/target/classes/assets/textures/newmap2.png
04:39:12.773 [FXGL Background Thread 2 ] DEBUG FXGLAssetLoaderServi - Loading from file system: file:/D:/Gonvival/game/target/classes/assets/textures/idle_down.png
04:39:12.777 [FXGL Background Thread 2 ] DEBUG FXGLAssetLoaderServi - Loading from file system: file:/D:/Gonvival/game/target/classes/assets/textures/idle_up.png
04:39:12.780 [FXGL Background Thread 2 ] DEBUG FXGLAssetLoaderServi - Loading from file system: file:/D:/Gonvival/game/target/classes/assets/textures/idle_left_down.png
04:39:12.782 [FXGL Background Thread 2 ] DEBUG FXGLAssetLoaderServi - Loading from file system: file:/D:/Gonvival/game/target/classes/assets/textures/idle_left_up.png
04:39:12.784 [FXGL Background Thread 2 ] DEBUG FXGLAssetLoaderServi - Loading from file system: file:/D:/Gonvival/game/target/classes/assets/textures/idle_right_down.png
04:39:12.786 [FXGL Background Thread 2 ] DEBUG FXGLAssetLoaderServi - Loading from file system: file:/D:/Gonvival/game/target/classes/assets/textures/idle_right_up.png
04:39:12.788 [FXGL Background Thread 2 ] DEBUG FXGLAssetLoaderServi - Loading from file system: file:/D:/Gonvival/game/target/classes/assets/textures/walk_left_down.png
04:39:12.790 [FXGL Background Thread 2 ] DEBUG FXGLAssetLoaderServi - Loading from file system: file:/D:/Gonvival/game/target/classes/assets/textures/walk_right_down.png
04:39:12.793 [FXGL Background Thread 2 ] DEBUG FXGLAssetLoaderServi - Loading from file system: file:/D:/Gonvival/game/target/classes/assets/textures/walk_up.png
04:39:12.795 [FXGL Background Thread 2 ] DEBUG FXGLAssetLoaderServi - Loading from file system: file:/D:/Gonvival/game/target/classes/assets/textures/walk_down.png
04:39:12.797 [FXGL Background Thread 2 ] DEBUG FXGLAssetLoaderServi - Loading from file system: file:/D:/Gonvival/game/target/classes/assets/textures/walk_left_up.png
04:39:12.799 [FXGL Background Thread 2 ] DEBUG FXGLAssetLoaderServi - Loading from file system: file:/D:/Gonvival/game/target/classes/assets/textures/walk_right_up.png
04:39:12.810 [FXGL Background Thread 2 ] INFO  FXGLApplication      - Game initialization took: 0.133 sec
04:39:12.811 [JavaFX Application Thread] DEBUG Input                - Clearing active input actions
04:39:12.820 [JavaFX Application Thread] DEBUG GameApplicationServi - Removing overlay from FXGLLoadingScene and adding to GameScene
04:39:12.820 [JavaFX Application Thread] DEBUG PrimaryStageWindow   - FXGLLoadingScene -> GameScene
04:39:12.897 [JavaFX Application Thread] DEBUG Input                - Registered new binding: SHOOT - LMB
04:39:12.898 [JavaFX Application Thread] DEBUG Input                - Registered new binding: MOVE LEFT - A
04:39:12.898 [JavaFX Application Thread] DEBUG Input                - Registered new binding: MOVE RIGHT - D
04:39:12.898 [JavaFX Application Thread] DEBUG Input                - Registered new binding: MOVE UP - W
04:39:12.898 [JavaFX Application Thread] DEBUG Input                - Registered new binding: MOVE DOWN - S
04:39:13.077 [FXGL Background Thread 3 ] DEBUG Engine               - Logging environment variables
04:39:13.078 [FXGL Background Thread 3 ] DEBUG Engine               - achievements: []
04:39:13.078 [FXGL Background Thread 3 ] DEBUG Engine               - actualHeight: 800.0
04:39:13.078 [FXGL Background Thread 3 ] DEBUG Engine               - actualHeightProperty: ReadOnlyDoubleProperty [value: 800.0]
04:39:13.078 [FXGL Background Thread 3 ] DEBUG Engine               - actualWidth: 800.0
04:39:13.078 [FXGL Background Thread 3 ] DEBUG Engine               - actualWidthProperty: ReadOnlyDoubleProperty [value: 800.0]
04:39:13.078 [FXGL Background Thread 3 ] DEBUG Engine               - appIcon: fxgl_icon.png
04:39:13.078 [FXGL Background Thread 3 ] DEBUG Engine               - applicationMode: DEVELOPER
04:39:13.079 [FXGL Background Thread 3 ] DEBUG Engine               - cSSList: [fxgl_dark.css]
04:39:13.079 [FXGL Background Thread 3 ] DEBUG Engine               - collisionDetectionStrategy: BRUTE_FORCE
04:39:13.079 [FXGL Background Thread 3 ] DEBUG Engine               - configClass: Optional.empty
04:39:13.079 [FXGL Background Thread 3 ] DEBUG Engine               - credits: []
04:39:13.079 [FXGL Background Thread 3 ] DEBUG Engine               - defaultCursor: CursorInfo(imageName=fxgl_default_cursor.png, hotspotX=7.0, hotspotY=6.0)
04:39:13.080 [FXGL Background Thread 3 ] DEBUG Engine               - devBBoxColorProperty: ObjectProperty [value: 0xff0000ff]
04:39:13.080 [FXGL Background Thread 3 ] DEBUG Engine               - devEnableDebugCameraProperty: BooleanProperty [value: false]
04:39:13.080 [FXGL Background Thread 3 ] DEBUG Engine               - devSensorColorProperty: ObjectProperty [value: 0xffff00ff]
04:39:13.080 [FXGL Background Thread 3 ] DEBUG Engine               - devShowBBoxProperty: BooleanProperty [value: false]
04:39:13.080 [FXGL Background Thread 3 ] DEBUG Engine               - devShowPositionProperty: BooleanProperty [value: false]
04:39:13.080 [FXGL Background Thread 3 ] DEBUG Engine               - enabledMenuItems: []
04:39:13.080 [FXGL Background Thread 3 ] DEBUG Engine               - engineServices: [class com.almasb.fxgl.app.services.FXGLAssetLoaderService, class com.almasb.fxgl.app.FXGLApplication$GameApplicationService, class com.almasb.fxgl.app.services.FXGLDialogService, class com.almasb.fxgl.app.services.IOTaskExecutorService, class com.almasb.fxgl.io.FileSystemService, class com.almasb.fxgl.localization.LocalizationService, class com.almasb.fxgl.app.services.SystemBundleService, class com.almasb.fxgl.profile.SaveLoadService, class com.almasb.fxgl.ui.FXGLUIFactoryServiceProvider, class com.almasb.fxgl.ui.FXGLDialogFactoryServiceProvider, class com.almasb.fxgl.audio.AudioPlayer, class com.almasb.fxgl.notification.impl.NotificationServiceProvider, class com.almasb.fxgl.achievement.AchievementService, class com.almasb.fxgl.cutscene.CutsceneService, class com.almasb.fxgl.minigames.MiniGameService, class com.almasb.fxgl.net.NetService, class com.almasb.fxgl.app.services.UpdaterService, class com.almasb.fxgl.dev.DevService]
04:39:13.080 [FXGL Background Thread 3 ] DEBUG Engine               - fontGame: Abel-Regular.ttf
04:39:13.080 [FXGL Background Thread 3 ] DEBUG Engine               - fontMono: TerminalLandMono-Regular.otf
04:39:13.080 [FXGL Background Thread 3 ] DEBUG Engine               - fontSizeScaleUI: 1.0
04:39:13.081 [FXGL Background Thread 3 ] DEBUG Engine               - fontText: Courier-Prime.ttf
04:39:13.081 [FXGL Background Thread 3 ] DEBUG Engine               - fontUI: VarelaRound-Regular.ttf
04:39:13.081 [FXGL Background Thread 3 ] DEBUG Engine               - fullScreen: BooleanProperty [value: false]
04:39:13.081 [FXGL Background Thread 3 ] DEBUG Engine               - gameDifficulty: MEDIUM
04:39:13.081 [FXGL Background Thread 3 ] DEBUG Engine               - gameDifficultyProperty: ObjectProperty [value: MEDIUM]
04:39:13.081 [FXGL Background Thread 3 ] DEBUG Engine               - globalMusicVolume: 0.5
04:39:13.081 [FXGL Background Thread 3 ] DEBUG Engine               - globalMusicVolumeProperty: DoubleProperty [value: 1.0]
04:39:13.081 [FXGL Background Thread 3 ] DEBUG Engine               - globalSoundVolume: 0.5
04:39:13.081 [FXGL Background Thread 3 ] DEBUG Engine               - globalSoundVolumeProperty: DoubleProperty [value: 1.0]
04:39:13.081 [FXGL Background Thread 3 ] DEBUG Engine               - height: 800
04:39:13.081 [FXGL Background Thread 3 ] DEBUG Engine               - is3D: false
04:39:13.081 [FXGL Background Thread 3 ] DEBUG Engine               - isAndroid: false
04:39:13.081 [FXGL Background Thread 3 ] DEBUG Engine               - isBrowser: false
04:39:13.081 [FXGL Background Thread 3 ] DEBUG Engine               - isClickFeedbackEnabled: false
04:39:13.082 [FXGL Background Thread 3 ] DEBUG Engine               - isCloseConfirmation: false
04:39:13.082 [FXGL Background Thread 3 ] DEBUG Engine               - isDesktop: true
04:39:13.082 [FXGL Background Thread 3 ] DEBUG Engine               - isDeveloperMenuEnabled: false
04:39:13.082 [FXGL Background Thread 3 ] DEBUG Engine               - isEmbedded: false
04:39:13.082 [FXGL Background Thread 3 ] DEBUG Engine               - isEntityPreloadEnabled: true
04:39:13.082 [FXGL Background Thread 3 ] DEBUG Engine               - isExperimentalTiledLargeMap: false
04:39:13.082 [FXGL Background Thread 3 ] DEBUG Engine               - isFileSystemWriteAllowed: true
04:39:13.082 [FXGL Background Thread 3 ] DEBUG Engine               - isFullScreenAllowed: false
04:39:13.082 [FXGL Background Thread 3 ] DEBUG Engine               - isFullScreenFromStart: false
04:39:13.082 [FXGL Background Thread 3 ] DEBUG Engine               - isGameMenuEnabled: true
04:39:13.082 [FXGL Background Thread 3 ] DEBUG Engine               - isIOS: false
04:39:13.082 [FXGL Background Thread 3 ] DEBUG Engine               - isIntroEnabled: false
04:39:13.082 [FXGL Background Thread 3 ] DEBUG Engine               - isLinux: false
04:39:13.082 [FXGL Background Thread 3 ] DEBUG Engine               - isMac: false
04:39:13.082 [FXGL Background Thread 3 ] DEBUG Engine               - isMainMenuEnabled: true
04:39:13.082 [FXGL Background Thread 3 ] DEBUG Engine               - isManualResizeEnabled: false
04:39:13.082 [FXGL Background Thread 3 ] DEBUG Engine               - isMobile: false
04:39:13.082 [FXGL Background Thread 3 ] DEBUG Engine               - isNative: false
04:39:13.082 [FXGL Background Thread 3 ] DEBUG Engine               - isPauseMusicWhenMinimized: true
04:39:13.082 [FXGL Background Thread 3 ] DEBUG Engine               - isPreserveResizeRatio: false
04:39:13.082 [FXGL Background Thread 3 ] DEBUG Engine               - isProfilingEnabled: false
04:39:13.082 [FXGL Background Thread 3 ] DEBUG Engine               - isScaleAffectedOnResize: true
04:39:13.082 [FXGL Background Thread 3 ] DEBUG Engine               - isSingleStep: false
04:39:13.083 [FXGL Background Thread 3 ] DEBUG Engine               - isUserProfileEnabled: false
04:39:13.083 [FXGL Background Thread 3 ] DEBUG Engine               - isWindows: true
04:39:13.083 [FXGL Background Thread 3 ] DEBUG Engine               - language: ObjectProperty [value: ENGLISH]
04:39:13.083 [FXGL Background Thread 3 ] DEBUG Engine               - menuKey: ESCAPE
04:39:13.083 [FXGL Background Thread 3 ] DEBUG Engine               - mouseSensitivity: 0.2
04:39:13.083 [FXGL Background Thread 3 ] DEBUG Engine               - notificationViewClass: class com.almasb.fxgl.notification.view.XboxNotificationView
04:39:13.083 [FXGL Background Thread 3 ] DEBUG Engine               - pixelsPerMeter: 50.0
04:39:13.083 [FXGL Background Thread 3 ] DEBUG Engine               - platform: WINDOWS
04:39:13.083 [FXGL Background Thread 3 ] DEBUG Engine               - prefHeightProperty: ReadOnlyDoubleProperty [value: 800.0]
04:39:13.083 [FXGL Background Thread 3 ] DEBUG Engine               - prefWidthProperty: ReadOnlyDoubleProperty [value: 800.0]
04:39:13.084 [FXGL Background Thread 3 ] DEBUG Engine               - profileDir: profiles/
04:39:13.084 [FXGL Background Thread 3 ] DEBUG Engine               - profileName: StringProperty [value: DEFAULT]
04:39:13.084 [FXGL Background Thread 3 ] DEBUG Engine               - randomSeed: -1
04:39:13.085 [FXGL Background Thread 3 ] DEBUG Engine               - runtimeInfo: RuntimeInfo(platform=WINDOWS, version=21.1, build=27.03.2024 07.52)
04:39:13.086 [FXGL Background Thread 3 ] DEBUG Engine               - saveFileExt: sav
04:39:13.086 [FXGL Background Thread 3 ] DEBUG Engine               - scaledHeightProp$fxgl: DoubleProperty [bound, value: 800.0]
04:39:13.086 [FXGL Background Thread 3 ] DEBUG Engine               - scaledWidthProp$fxgl: DoubleProperty [bound, value: 800.0]
04:39:13.086 [FXGL Background Thread 3 ] DEBUG Engine               - sceneFactory: com.lab.App$1@332413e9
04:39:13.087 [FXGL Background Thread 3 ] DEBUG Engine               - secondsIn24h: 60
04:39:13.087 [FXGL Background Thread 3 ] DEBUG Engine               - soundMenuBack: menu/back.wav
04:39:13.087 [FXGL Background Thread 3 ] DEBUG Engine               - soundMenuPress: menu/press.wav
04:39:13.087 [FXGL Background Thread 3 ] DEBUG Engine               - soundMenuSelect: menu/select.wav
04:39:13.087 [FXGL Background Thread 3 ] DEBUG Engine               - soundNotification: core/notification.wav
04:39:13.087 [FXGL Background Thread 3 ] DEBUG Engine               - stageStyle: DECORATED
04:39:13.087 [FXGL Background Thread 3 ] DEBUG Engine               - supportedLanguages: [ENGLISH, FRENCH, GERMAN, HUNGARIAN, RUSSIAN]
04:39:13.087 [FXGL Background Thread 3 ] DEBUG Engine               - ticksPerSecond: -1
04:39:13.087 [FXGL Background Thread 3 ] DEBUG Engine               - title: Gonvival
04:39:13.087 [FXGL Background Thread 3 ] DEBUG Engine               - urlGithub: https://github.com/AlmasB/FXGL
04:39:13.087 [FXGL Background Thread 3 ] DEBUG Engine               - urlLeaderboard: http://fxgl-top.herokuapp.com/
04:39:13.087 [FXGL Background Thread 3 ] DEBUG Engine               - urlPOM: https://raw.githubusercontent.com/AlmasB/FXGL/release/README.md
04:39:13.087 [FXGL Background Thread 3 ] DEBUG Engine               - userAppClass: class com.lab.App
04:39:13.087 [FXGL Background Thread 3 ] DEBUG Engine               - version: beta
04:39:13.087 [FXGL Background Thread 3 ] DEBUG Engine               - versionCheckDays: 7
04:39:13.088 [FXGL Background Thread 3 ] DEBUG Engine               - width: 800
04:39:13.088 [FXGL Background Thread 3 ] DEBUG Engine               - Logging services
04:39:13.088 [FXGL Background Thread 3 ] DEBUG Engine               - class com.almasb.fxgl.app.services.FXGLAssetLoaderService
04:39:13.088 [FXGL Background Thread 3 ] DEBUG Engine               - class com.almasb.fxgl.app.FXGLApplication$GameApplicationService
04:39:13.088 [FXGL Background Thread 3 ] DEBUG Engine               - class com.almasb.fxgl.app.services.FXGLDialogService
04:39:13.088 [FXGL Background Thread 3 ] DEBUG Engine               - class com.almasb.fxgl.app.services.IOTaskExecutorService
04:39:13.088 [FXGL Background Thread 3 ] DEBUG Engine               - class com.almasb.fxgl.io.FileSystemService
04:39:13.088 [FXGL Background Thread 3 ] DEBUG Engine               - class com.almasb.fxgl.localization.LocalizationService
04:39:13.088 [FXGL Background Thread 3 ] DEBUG Engine               - class com.almasb.fxgl.app.services.SystemBundleService
04:39:13.088 [FXGL Background Thread 3 ] DEBUG Engine               - class com.almasb.fxgl.profile.SaveLoadService
04:39:13.088 [FXGL Background Thread 3 ] DEBUG Engine               - class com.almasb.fxgl.ui.FXGLUIFactoryServiceProvider
04:39:13.088 [FXGL Background Thread 3 ] DEBUG Engine               - class com.almasb.fxgl.ui.FXGLDialogFactoryServiceProvider
04:39:13.088 [FXGL Background Thread 3 ] DEBUG Engine               - class com.almasb.fxgl.audio.AudioPlayer
04:39:13.088 [FXGL Background Thread 3 ] DEBUG Engine               - class com.almasb.fxgl.notification.impl.NotificationServiceProvider
04:39:13.088 [FXGL Background Thread 3 ] DEBUG Engine               - class com.almasb.fxgl.achievement.AchievementService
04:39:13.089 [FXGL Background Thread 3 ] DEBUG Engine               - class com.almasb.fxgl.cutscene.CutsceneService
04:39:13.089 [FXGL Background Thread 3 ] DEBUG Engine               - class com.almasb.fxgl.minigames.MiniGameService
04:39:13.089 [FXGL Background Thread 3 ] DEBUG Engine               - class com.almasb.fxgl.net.NetService
04:39:13.089 [FXGL Background Thread 3 ] DEBUG Engine               - class com.almasb.fxgl.app.services.UpdaterService
04:39:13.089 [FXGL Background Thread 3 ] DEBUG Engine               - class com.almasb.fxgl.dev.DevService
04:39:13.570 [JavaFX Application Thread] DEBUG FXGLAssetLoaderServi - Loading from file system: file:/D:/Gonvival/game/target/classes/assets/textures/GraveRevenant.png
04:39:14.031 [JavaFX Application Thread] DEBUG FXGLAssetLoaderServi - Loading from file system: file:/D:/Gonvival/game/target/classes/assets/textures/IdleBoss.png
04:39:14.068 [JavaFX Application Thread] DEBUG FXGLAssetLoaderServi - Loading from file system: file:/D:/Gonvival/game/target/classes/assets/textures/BossSkill.png
04:39:14.075 [JavaFX Application Thread] WARN  GameWorld            - Entity is already attached to world
04:39:14.077 [JavaFX Application Thread] DEBUG PrimaryStageWindow   - Push state: DialogSubScene
04:39:14.077 [JavaFX Application Thread] DEBUG Input                - Clearing active input actions
04:39:14.077 [JavaFX Application Thread] DEBUG GameApplicationServi - Removing overlay from GameScene and adding to DialogSubScene
04:39:14.077 [JavaFX Application Thread] DEBUG PrimaryStageWindow   - GameScene -> DialogSubScene
04:39:14.982 [JavaFX Application Thread] DEBUG PrimaryStageWindow   - Pop state: DialogSubScene
04:39:14.982 [JavaFX Application Thread] DEBUG Input                - Clearing active input actions
04:39:14.983 [JavaFX Application Thread] DEBUG GameApplicationServi - Removing overlay from DialogSubScene and adding to GameScene
04:39:14.983 [JavaFX Application Thread] DEBUG PrimaryStageWindow   - GameScene <- DialogSubScene
04:39:15.781 [JavaFX Application Thread] DEBUG FXGLAssetLoaderServi - Loading from file system: file:/D:/Gonvival/game/target/classes/assets/textures/arrow.png
04:39:19.604 [JavaFX Application Thread] DEBUG PrimaryStageWindow   - Push state: DialogSubScene
04:39:19.604 [JavaFX Application Thread] DEBUG Input                - Clearing active input actions
04:39:19.606 [JavaFX Application Thread] DEBUG GameApplicationServi - Removing overlay from GameScene and adding to DialogSubScene
04:39:19.606 [JavaFX Application Thread] DEBUG PrimaryStageWindow   - GameScene -> DialogSubScene
04:39:22.038 [JavaFX Application Thread] DEBUG GameWorld            - Clearing game world
04:39:22.041 [JavaFX Application Thread] DEBUG PrimaryStageWindow   - Pop state: DialogSubScene
04:39:22.041 [JavaFX Application Thread] DEBUG Input                - Clearing active input actions
04:39:22.041 [JavaFX Application Thread] DEBUG GameApplicationServi - Removing overlay from DialogSubScene and adding to GameScene
04:39:22.041 [JavaFX Application Thread] DEBUG PrimaryStageWindow   - GameScene <- DialogSubScene
04:39:22.041 [JavaFX Application Thread] DEBUG Input                - Clearing active input actions
04:39:22.049 [JavaFX Application Thread] DEBUG GameApplicationServi - Removing overlay from GameScene and adding to FXGLMainMenuDummyScene
04:39:22.050 [JavaFX Application Thread] DEBUG PrimaryStageWindow   - GameScene -> FXGLMainMenuDummyScene
04:39:22.050 [JavaFX Application Thread] DEBUG PrimaryStageWindow   - Push state: StartScreen
04:39:22.050 [JavaFX Application Thread] DEBUG Input                - Clearing active input actions
04:39:22.052 [JavaFX Application Thread] DEBUG GameApplicationServi - Removing overlay from FXGLMainMenuDummyScene and adding to StartScreen
04:39:22.052 [JavaFX Application Thread] DEBUG PrimaryStageWindow   - FXGLMainMenuDummyScene -> StartScreen
04:39:22.877 [JavaFX Application Thread] DEBUG Menu                 - fireNewGame()
04:39:22.877 [JavaFX Application Thread] DEBUG GameApplicationServi - Starting new game
04:39:22.877 [JavaFX Application Thread] DEBUG PrimaryStageWindow   - Pop state: StartScreen
04:39:22.877 [JavaFX Application Thread] DEBUG Input                - Clearing active input actions
04:39:22.878 [JavaFX Application Thread] DEBUG GameApplicationServi - Removing overlay from StartScreen and adding to FXGLMainMenuDummyScene
04:39:22.878 [JavaFX Application Thread] DEBUG PrimaryStageWindow   - FXGLMainMenuDummyScene <- StartScreen
04:39:22.878 [JavaFX Application Thread] DEBUG Input                - Clearing active input actions
04:39:22.891 [JavaFX Application Thread] DEBUG GameApplicationServi - Removing overlay from FXGLMainMenuDummyScene and adding to FXGLLoadingScene
04:39:22.891 [JavaFX Application Thread] DEBUG PrimaryStageWindow   - FXGLMainMenuDummyScene -> FXGLLoadingScene
04:39:22.892 [JavaFX Application Thread] DEBUG GameApplicationServi - Clearing previous game
04:39:22.892 [JavaFX Application Thread] DEBUG GameScene            - Clearing game scene
04:39:22.892 [JavaFX Application Thread] DEBUG GameWorld            - Clearing game world
04:39:22.892 [JavaFX Application Thread] DEBUG PhysicsWorld         - Clearing physics world
04:39:22.892 [FXGL Background Thread 2 ] DEBUG FXGLApplication      - Initializing game
04:39:22.908 [FXGL Background Thread 2 ] INFO  FXGLApplication      - Game initialization took: 0.015 sec
04:39:22.910 [JavaFX Application Thread] DEBUG Input                - Clearing active input actions
04:39:22.918 [JavaFX Application Thread] DEBUG GameApplicationServi - Removing overlay from FXGLLoadingScene and adding to GameScene
04:39:22.919 [JavaFX Application Thread] DEBUG PrimaryStageWindow   - FXGLLoadingScene -> GameScene
04:39:24.533 [JavaFX Application Thread] WARN  GameWorld            - Entity is already attached to world
04:39:24.535 [JavaFX Application Thread] DEBUG PrimaryStageWindow   - Push state: DialogSubScene
04:39:24.535 [JavaFX Application Thread] DEBUG Input                - Clearing active input actions
04:39:24.537 [JavaFX Application Thread] DEBUG GameApplicationServi - Removing overlay from GameScene and adding to DialogSubScene
04:39:24.538 [JavaFX Application Thread] DEBUG PrimaryStageWindow   - GameScene -> DialogSubScene
04:39:25.134 [JavaFX Application Thread] DEBUG PrimaryStageWindow   - Pop state: DialogSubScene
04:39:25.135 [JavaFX Application Thread] DEBUG Input                - Clearing active input actions
04:39:25.135 [JavaFX Application Thread] DEBUG GameApplicationServi - Removing overlay from DialogSubScene and adding to GameScene
04:39:25.135 [JavaFX Application Thread] DEBUG PrimaryStageWindow   - GameScene <- DialogSubScene
04:39:26.967 [JavaFX Application Thread] DEBUG PrimaryStageWindow   - Push state: DialogSubScene
04:39:26.967 [JavaFX Application Thread] DEBUG Input                - Clearing active input actions
04:39:26.968 [JavaFX Application Thread] DEBUG GameApplicationServi - Removing overlay from GameScene and adding to DialogSubScene
04:39:26.968 [JavaFX Application Thread] DEBUG PrimaryStageWindow   - GameScene -> DialogSubScene
04:39:27.589 [JavaFX Application Thread] DEBUG GameWorld            - Clearing game world
04:39:27.591 [JavaFX Application Thread] DEBUG PrimaryStageWindow   - Pop state: DialogSubScene
04:39:27.591 [JavaFX Application Thread] DEBUG Input                - Clearing active input actions
04:39:27.591 [JavaFX Application Thread] DEBUG GameApplicationServi - Removing overlay from DialogSubScene and adding to GameScene
04:39:27.591 [JavaFX Application Thread] DEBUG PrimaryStageWindow   - GameScene <- DialogSubScene
04:39:27.591 [JavaFX Application Thread] DEBUG Input                - Clearing active input actions
04:39:27.595 [JavaFX Application Thread] DEBUG GameApplicationServi - Removing overlay from GameScene and adding to FXGLMainMenuDummyScene
04:39:27.595 [JavaFX Application Thread] DEBUG PrimaryStageWindow   - GameScene -> FXGLMainMenuDummyScene
04:39:27.595 [JavaFX Application Thread] DEBUG PrimaryStageWindow   - Push state: StartScreen
04:39:27.595 [JavaFX Application Thread] DEBUG Input                - Clearing active input actions
04:39:27.596 [JavaFX Application Thread] DEBUG GameApplicationServi - Removing overlay from FXGLMainMenuDummyScene and adding to StartScreen
04:39:27.596 [JavaFX Application Thread] DEBUG PrimaryStageWindow   - FXGLMainMenuDummyScene -> StartScreen
04:39:28.109 [JavaFX Application Thread] DEBUG Menu                 - fireNewGame()
04:39:28.109 [JavaFX Application Thread] DEBUG GameApplicationServi - Starting new game
04:39:28.109 [JavaFX Application Thread] DEBUG PrimaryStageWindow   - Pop state: StartScreen
04:39:28.109 [JavaFX Application Thread] DEBUG Input                - Clearing active input actions
04:39:28.110 [JavaFX Application Thread] DEBUG GameApplicationServi - Removing overlay from StartScreen and adding to FXGLMainMenuDummyScene
04:39:28.110 [JavaFX Application Thread] DEBUG PrimaryStageWindow   - FXGLMainMenuDummyScene <- StartScreen
04:39:28.110 [JavaFX Application Thread] DEBUG Input                - Clearing active input actions
04:39:28.114 [JavaFX Application Thread] DEBUG GameApplicationServi - Removing overlay from FXGLMainMenuDummyScene and adding to FXGLLoadingScene
04:39:28.114 [JavaFX Application Thread] DEBUG PrimaryStageWindow   - FXGLMainMenuDummyScene -> FXGLLoadingScene
04:39:28.114 [JavaFX Application Thread] DEBUG GameApplicationServi - Clearing previous game
04:39:28.114 [JavaFX Application Thread] DEBUG GameScene            - Clearing game scene
04:39:28.114 [JavaFX Application Thread] DEBUG GameWorld            - Clearing game world
04:39:28.114 [JavaFX Application Thread] DEBUG PhysicsWorld         - Clearing physics world
04:39:28.115 [FXGL Background Thread 2 ] DEBUG FXGLApplication      - Initializing game
04:39:28.123 [FXGL Background Thread 2 ] INFO  FXGLApplication      - Game initialization took: 0.008 sec
04:39:28.124 [JavaFX Application Thread] DEBUG Input                - Clearing active input actions
04:39:28.130 [JavaFX Application Thread] DEBUG GameApplicationServi - Removing overlay from FXGLLoadingScene and adding to GameScene
04:39:28.130 [JavaFX Application Thread] DEBUG PrimaryStageWindow   - FXGLLoadingScene -> GameScene
04:39:30.115 [JavaFX Application Thread] WARN  GameWorld            - Entity is already attached to world
04:39:30.116 [JavaFX Application Thread] DEBUG PrimaryStageWindow   - Push state: DialogSubScene
04:39:30.116 [JavaFX Application Thread] DEBUG Input                - Clearing active input actions
04:39:30.117 [JavaFX Application Thread] DEBUG GameApplicationServi - Removing overlay from GameScene and adding to DialogSubScene
04:39:30.117 [JavaFX Application Thread] DEBUG PrimaryStageWindow   - GameScene -> DialogSubScene
04:39:30.685 [JavaFX Application Thread] DEBUG PrimaryStageWindow   - Pop state: DialogSubScene
04:39:30.685 [JavaFX Application Thread] DEBUG Input                - Clearing active input actions
04:39:30.685 [JavaFX Application Thread] DEBUG GameApplicationServi - Removing overlay from DialogSubScene and adding to GameScene
04:39:30.685 [JavaFX Application Thread] DEBUG PrimaryStageWindow   - GameScene <- DialogSubScene
04:39:33.699 [JavaFX Application Thread] DEBUG PrimaryStageWindow   - Push state: DialogSubScene
04:39:33.699 [JavaFX Application Thread] DEBUG Input                - Clearing active input actions
04:39:33.700 [JavaFX Application Thread] DEBUG GameApplicationServi - Removing overlay from GameScene and adding to DialogSubScene
04:39:33.700 [JavaFX Application Thread] DEBUG PrimaryStageWindow   - GameScene -> DialogSubScene
04:39:34.765 [JavaFX Application Thread] DEBUG GameWorld            - Clearing game world
04:39:34.767 [JavaFX Application Thread] DEBUG PrimaryStageWindow   - Pop state: DialogSubScene
04:39:34.767 [JavaFX Application Thread] DEBUG Input                - Clearing active input actions
04:39:34.767 [JavaFX Application Thread] DEBUG GameApplicationServi - Removing overlay from DialogSubScene and adding to GameScene
04:39:34.767 [JavaFX Application Thread] DEBUG PrimaryStageWindow   - GameScene <- DialogSubScene
04:39:34.767 [JavaFX Application Thread] DEBUG Input                - Clearing active input actions
04:39:34.770 [JavaFX Application Thread] DEBUG GameApplicationServi - Removing overlay from GameScene and adding to FXGLMainMenuDummyScene
04:39:34.770 [JavaFX Application Thread] DEBUG PrimaryStageWindow   - GameScene -> FXGLMainMenuDummyScene
04:39:34.770 [JavaFX Application Thread] DEBUG PrimaryStageWindow   - Push state: StartScreen
04:39:34.770 [JavaFX Application Thread] DEBUG Input                - Clearing active input actions
04:39:34.771 [JavaFX Application Thread] DEBUG GameApplicationServi - Removing overlay from FXGLMainMenuDummyScene and adding to StartScreen
04:39:34.771 [JavaFX Application Thread] DEBUG PrimaryStageWindow   - FXGLMainMenuDummyScene -> StartScreen
04:39:36.046 [JavaFX Application Thread] DEBUG FXGLApplication      - Exiting FXGL
04:39:36.046 [JavaFX Application Thread] DEBUG LoopRunner           - Stopping loop
04:39:36.046 [JavaFX Application Thread] DEBUG SystemBundleService  - Saving FXGL system data
04:39:36.049 [JavaFX Application Thread] DEBUG FileSystemAccess     - Writing to: D:\Gonvival\system\fxgl.bundle
04:39:36.052 [JavaFX Application Thread] DEBUG Async                - Shutting down background threads
04:39:36.052 [JavaFX Application Thread] DEBUG PrimaryStageWindow   - Closing main window
04:39:36.102 [JavaFX Application Thread] DEBUG Logger               - Closing Logger
