02:51:22.625 [main                     ] DEBUG Logger               - Configured Logger
02:51:22.649 [main                     ] DEBUG GameApplication      - Logging settings
Title: Gonvival
Version: beta
Width: 800
Height: 800
Fullscreen: false
Intro: false
Profiling: false
Single step:false
App Mode: DEVELOPER
Menu Key: ESCAPE
Stage Style: DECORATED
Scene Factory: class com.almasb.fxgl.app.scene.SceneFactory

02:51:23.687 [JavaFX Application Thread] DEBUG FXGLApplication      - Initializing FXGL
02:51:23.692 [JavaFX Application Thread] INFO  Engine               - FXGL-21.1 (27.03.2024 07.52) on WINDOWS (J:21.0.5 FX:21.0.1)
02:51:23.693 [JavaFX Application Thread] DEBUG Engine               - JRE Vendor Name: Eclipse Adoptium
02:51:23.694 [JavaFX Application Thread] DEBUG Engine               - Running on OS: Windows 11 version 10.0
02:51:23.694 [JavaFX Application Thread] DEBUG Engine               - Architecture: amd64
02:51:23.694 [JavaFX Application Thread] INFO  Engine               - Source code and latest versions at: https://github.com/AlmasB/FXGL
02:51:23.694 [JavaFX Application Thread] INFO  Engine               -       Ask questions and discuss at: https://github.com/AlmasB/FXGL/discussions
02:51:23.695 [JavaFX Application Thread] INFO  Engine               -              Join the FXGL chat at: https://gitter.im/AlmasB/FXGL
02:51:23.847 [JavaFX Application Thread] DEBUG PrimaryStageWindow   - Creating a JavaFX scene
02:51:23.910 [JavaFX Application Thread] DEBUG PrimaryStageWindow   - Target settings size: 800.0 x 800.0
02:51:23.911 [JavaFX Application Thread] DEBUG PrimaryStageWindow   - Scaled scene size:    800.0 x 800.0
02:51:23.911 [JavaFX Application Thread] DEBUG PrimaryStageWindow   - Scaled ratio: (1.0, 1.0)
02:51:23.912 [JavaFX Application Thread] DEBUG PrimaryStageWindow   - Set initial scene to FXGLStartupScene
02:51:23.916 [JavaFX Application Thread] DEBUG PrimaryStageWindow   - Opening main window
02:51:24.113 [JavaFX Application Thread] DEBUG PrimaryStageWindow   - Window border size: (14.4000244140625, 37.5999755859375)
02:51:24.114 [JavaFX Application Thread] DEBUG PrimaryStageWindow   - Scaled size: 800.0 x 800.0
02:51:24.114 [JavaFX Application Thread] DEBUG PrimaryStageWindow   - Scaled ratio: (1.0, 1.0)
02:51:24.115 [JavaFX Application Thread] DEBUG PrimaryStageWindow   - Scene size: 800.0 x 800.0
02:51:24.115 [JavaFX Application Thread] DEBUG PrimaryStageWindow   - Stage size: 814.4000244140625 x 837.5999755859375
02:51:24.137 [FXGL Background Thread 1 ] DEBUG Engine               - Initializing environment variables
02:51:24.236 [FXGL Background Thread 1 ] DEBUG FXGLAssetLoaderServi - User app class for loading assets: class com.lab.App
02:51:24.236 [FXGL Background Thread 1 ] DEBUG GameApplicationServi - Applying CSS: fxgl_dark.css
02:51:24.237 [FXGL Background Thread 1 ] DEBUG FXGLAssetLoaderServi - Loading from file system: jar:file:/C:/Users/HP/.m2/repository/com/github/almasb/fxgl/21.1/fxgl-21.1.jar!/fxglassets/ui/css/fxgl_dark.css
02:51:24.299 [FXGL Background Thread 1 ] DEBUG GameApplicationServi - Initializing application scenes
02:51:24.412 [FXGL Background Thread 1 ] DEBUG GameWorld            - Game world initialized
02:51:24.523 [FXGL Background Thread 1 ] DEBUG PhysicsWorld         - Physics world initialized: appHeight=800, physics.ppm=50.0
02:51:24.524 [FXGL Background Thread 1 ] DEBUG PhysicsWorld         - Using strategy: BRUTE_FORCE
02:51:24.531 [FXGL Background Thread 1 ] DEBUG GameScene            - Game scene initialized: 800x800
02:51:24.558 [FXGL Background Thread 1 ] DEBUG FXGL.DefaultMenu     - createMenuBodyMainMenu()
02:51:24.587 [FXGL Background Thread 1 ] DEBUG FXGL.DefaultMenu     - createOptionsMenu()
02:51:24.626 [FXGL Background Thread 1 ] DEBUG FXGLAssetLoaderServi - Loading from file system: jar:file:/C:/Users/HP/.m2/repository/com/github/almasb/fxgl/21.1/fxgl-21.1.jar!/fxglassets/textures/particles/smoke.png
02:51:24.818 [FXGL Background Thread 1 ] DEBUG FXGLAssetLoaderServi - Loading from file system: jar:file:/C:/Users/HP/.m2/repository/com/github/almasb/fxgl/21.1/fxgl-21.1.jar!/fxglassets/textures/particles/trace_horizontal.png
02:51:24.844 [FXGL Background Thread 1 ] DEBUG FXGL.DefaultMenu     - createMenuBodyGameMenu()
02:51:24.845 [FXGL Background Thread 1 ] DEBUG FXGL.DefaultMenu     - createOptionsMenu()
02:51:24.853 [FXGL Background Thread 1 ] DEBUG GameApplicationServi - Application scenes initialized
02:51:24.869 [FXGL Background Thread 1 ] DEBUG SystemBundleService  - Loading FXGL system data
02:51:24.874 [FXGL Background Thread 1 ] DEBUG FileSystemAccess     - Reading from: D:\Gonvival\system\fxgl.bundle
02:51:24.887 [FXGL Background Thread 1 ] DEBUG SystemBundleService  - Bundle FXGL: {}
02:51:24.887 [FXGL Background Thread 1 ] DEBUG UpdaterService       - Checking for updates
02:51:24.890 [FXGL Background Thread 4 ] DEBUG FXGLApplication      - Loading fonts
02:51:24.892 [FXGL Background Thread 4 ] DEBUG FXGLAssetLoaderServi - Loading from file system: jar:file:/C:/Users/HP/.m2/repository/com/github/almasb/fxgl/21.1/fxgl-21.1.jar!/fxglassets/ui/fonts/VarelaRound-Regular.ttf
02:51:24.892 [FXGL Background Thread 1 ] DEBUG FXGLApplication      - Loading default localization
02:51:24.893 [FXGL Background Thread 1 ] DEBUG FXGLAssetLoaderServi - Loading from file system: jar:file:/C:/Users/HP/.m2/repository/com/github/almasb/fxgl/21.1/fxgl-21.1.jar!/fxglassets/languages/english.lang
02:51:24.946 [FXGL Background Thread 1 ] INFO  FXGLApplication      - FXGL initialization took: 0.808 sec
02:51:24.947 [JavaFX Application Thread] DEBUG FXGLAssetLoaderServi - Loading from file system: jar:file:/C:/Users/HP/.m2/repository/com/github/almasb/fxgl/21.1/fxgl-21.1.jar!/fxglassets/textures/fxgl_icon.png
02:51:24.952 [FXGL Background Thread 4 ] DEBUG FXGLAssetLoaderServi - Loading from file system: jar:file:/C:/Users/HP/.m2/repository/com/github/almasb/fxgl/21.1/fxgl-21.1.jar!/fxglassets/ui/fonts/Abel-Regular.ttf
02:51:24.958 [FXGL Background Thread 4 ] DEBUG FXGLAssetLoaderServi - Loading from file system: jar:file:/C:/Users/HP/.m2/repository/com/github/almasb/fxgl/21.1/fxgl-21.1.jar!/fxglassets/ui/fonts/TerminalLandMono-Regular.otf
02:51:24.963 [FXGL Background Thread 4 ] DEBUG FXGLAssetLoaderServi - Loading from file system: jar:file:/C:/Users/HP/.m2/repository/com/github/almasb/fxgl/21.1/fxgl-21.1.jar!/fxglassets/ui/fonts/Courier-Prime.ttf
02:51:24.985 [JavaFX Application Thread] DEBUG FXGLAssetLoaderServi - Loading from file system: jar:file:/C:/Users/HP/.m2/repository/com/github/almasb/fxgl/21.1/fxgl-21.1.jar!/fxglassets/textures/fxgl_default_cursor.png
02:51:25.001 [JavaFX Application Thread] DEBUG Input                - Registered new binding: Screenshot - CTRL+8
02:51:25.002 [JavaFX Application Thread] DEBUG Input                - Registered new binding: System info dump - CTRL+9
02:51:25.003 [JavaFX Application Thread] DEBUG Input                - Registered new binding: Restart - CTRL+R
02:51:25.004 [JavaFX Application Thread] DEBUG Input                - Registered new binding: Toggle Debug Camera - CTRL+7
02:51:25.008 [JavaFX Application Thread] DEBUG LoopRunner           - Starting loop
02:51:25.008 [JavaFX Application Thread] DEBUG LoopRunner           - Initializing JavaFX AnimationTimerLoop
02:51:25.013 [JavaFX Application Thread] DEBUG Input                - Clearing active input actions
02:51:25.021 [JavaFX Application Thread] DEBUG GameApplicationServi - Removing overlay from FXGLStartupScene and adding to FXGLMainMenuDummyScene
02:51:25.022 [JavaFX Application Thread] DEBUG PrimaryStageWindow   - FXGLStartupScene -> FXGLMainMenuDummyScene
02:51:25.022 [JavaFX Application Thread] DEBUG PrimaryStageWindow   - Push state: FXGLDefaultMenu
02:51:25.039 [JavaFX Application Thread] DEBUG Input                - Clearing active input actions
02:51:25.048 [JavaFX Application Thread] DEBUG GameApplicationServi - Removing overlay from FXGLMainMenuDummyScene and adding to FXGLDefaultMenu
02:51:25.048 [JavaFX Application Thread] DEBUG PrimaryStageWindow   - FXGLMainMenuDummyScene -> FXGLDefaultMenu
02:51:25.048 [JavaFX Application Thread] DEBUG FXGLApplication      - Registering font factories with UI factory
02:51:27.265 [JavaFX Application Thread] DEBUG Menu                 - fireNewGame()
02:51:27.265 [JavaFX Application Thread] DEBUG GameApplicationServi - Starting new game
02:51:27.270 [JavaFX Application Thread] DEBUG PrimaryStageWindow   - Pop state: FXGLDefaultMenu
02:51:27.270 [JavaFX Application Thread] DEBUG Input                - Clearing active input actions
02:51:27.271 [JavaFX Application Thread] DEBUG GameApplicationServi - Removing overlay from FXGLDefaultMenu and adding to FXGLMainMenuDummyScene
02:51:27.272 [JavaFX Application Thread] DEBUG PrimaryStageWindow   - FXGLMainMenuDummyScene <- FXGLDefaultMenu
02:51:27.273 [JavaFX Application Thread] DEBUG Input                - Clearing active input actions
02:51:27.283 [JavaFX Application Thread] DEBUG GameApplicationServi - Removing overlay from FXGLMainMenuDummyScene and adding to FXGLLoadingScene
02:51:27.285 [JavaFX Application Thread] DEBUG PrimaryStageWindow   - FXGLMainMenuDummyScene -> FXGLLoadingScene
02:51:27.285 [JavaFX Application Thread] DEBUG GameApplicationServi - Clearing previous game
02:51:27.285 [JavaFX Application Thread] DEBUG GameScene            - Clearing game scene
02:51:27.285 [JavaFX Application Thread] DEBUG GameWorld            - Clearing game world
02:51:27.285 [JavaFX Application Thread] DEBUG PhysicsWorld         - Clearing physics world
02:51:27.289 [FXGL Background Thread 2 ] DEBUG FXGLApplication      - Initializing game
02:51:27.308 [FXGL Background Thread 2 ] DEBUG FXGLAssetLoaderServi - Loading from file system: file:/D:/Gonvival/game/target/classes/assets/textures/map.png
02:51:27.358 [FXGL Background Thread 2 ] DEBUG FXGLAssetLoaderServi - Loading from file system: file:/D:/Gonvival/game/target/classes/assets/textures/g.png
02:51:27.383 [FXGL Background Thread 2 ] DEBUG FXGLAssetLoaderServi - Loading from file system: file:/D:/Gonvival/game/target/classes/assets/textures/character.png
02:51:27.405 [FXGL Background Thread 2 ] INFO  FXGLApplication      - Game initialization took: 0.116 sec
02:51:27.406 [JavaFX Application Thread] DEBUG Input                - Clearing active input actions
02:51:27.415 [JavaFX Application Thread] DEBUG GameApplicationServi - Removing overlay from FXGLLoadingScene and adding to GameScene
02:51:27.415 [JavaFX Application Thread] DEBUG PrimaryStageWindow   - FXGLLoadingScene -> GameScene
02:51:27.558 [JavaFX Application Thread] DEBUG Input                - Registered new binding: SHOOT - LMB
02:51:27.563 [JavaFX Application Thread] DEBUG Input                - Registered new binding: MOVE LEFT - A
02:51:27.564 [JavaFX Application Thread] DEBUG Input                - Registered new binding: MOVE RIGHT - D
02:51:27.564 [JavaFX Application Thread] DEBUG Input                - Registered new binding: MOVE UP - W
02:51:27.565 [JavaFX Application Thread] DEBUG Input                - Registered new binding: MOVE DOWN - S
02:51:27.891 [FXGL Background Thread 3 ] DEBUG Engine               - Logging environment variables
02:51:27.892 [FXGL Background Thread 3 ] DEBUG Engine               - achievements: []
02:51:27.892 [FXGL Background Thread 3 ] DEBUG Engine               - actualHeight: 800.0
02:51:27.892 [FXGL Background Thread 3 ] DEBUG Engine               - actualHeightProperty: ReadOnlyDoubleProperty [value: 800.0]
02:51:27.892 [FXGL Background Thread 3 ] DEBUG Engine               - actualWidth: 800.0
02:51:27.893 [FXGL Background Thread 3 ] DEBUG Engine               - actualWidthProperty: ReadOnlyDoubleProperty [value: 800.0]
02:51:27.893 [FXGL Background Thread 3 ] DEBUG Engine               - appIcon: fxgl_icon.png
02:51:27.893 [FXGL Background Thread 3 ] DEBUG Engine               - applicationMode: DEVELOPER
02:51:27.893 [FXGL Background Thread 3 ] DEBUG Engine               - cSSList: [fxgl_dark.css]
02:51:27.893 [FXGL Background Thread 3 ] DEBUG Engine               - collisionDetectionStrategy: BRUTE_FORCE
02:51:27.893 [FXGL Background Thread 3 ] DEBUG Engine               - configClass: Optional.empty
02:51:27.893 [FXGL Background Thread 3 ] DEBUG Engine               - credits: []
02:51:27.894 [FXGL Background Thread 3 ] DEBUG Engine               - defaultCursor: CursorInfo(imageName=fxgl_default_cursor.png, hotspotX=7.0, hotspotY=6.0)
02:51:27.894 [FXGL Background Thread 3 ] DEBUG Engine               - devBBoxColorProperty: ObjectProperty [value: 0xff0000ff]
02:51:27.894 [FXGL Background Thread 3 ] DEBUG Engine               - devEnableDebugCameraProperty: BooleanProperty [value: false]
02:51:27.894 [FXGL Background Thread 3 ] DEBUG Engine               - devSensorColorProperty: ObjectProperty [value: 0xffff00ff]
02:51:27.895 [FXGL Background Thread 3 ] DEBUG Engine               - devShowBBoxProperty: BooleanProperty [value: false]
02:51:27.895 [FXGL Background Thread 3 ] DEBUG Engine               - devShowPositionProperty: BooleanProperty [value: false]
02:51:27.895 [FXGL Background Thread 3 ] DEBUG Engine               - enabledMenuItems: []
02:51:27.895 [FXGL Background Thread 3 ] DEBUG Engine               - engineServices: [class com.almasb.fxgl.app.services.FXGLAssetLoaderService, class com.almasb.fxgl.app.FXGLApplication$GameApplicationService, class com.almasb.fxgl.app.services.FXGLDialogService, class com.almasb.fxgl.app.services.IOTaskExecutorService, class com.almasb.fxgl.io.FileSystemService, class com.almasb.fxgl.localization.LocalizationService, class com.almasb.fxgl.app.services.SystemBundleService, class com.almasb.fxgl.profile.SaveLoadService, class com.almasb.fxgl.ui.FXGLUIFactoryServiceProvider, class com.almasb.fxgl.ui.FXGLDialogFactoryServiceProvider, class com.almasb.fxgl.audio.AudioPlayer, class com.almasb.fxgl.notification.impl.NotificationServiceProvider, class com.almasb.fxgl.achievement.AchievementService, class com.almasb.fxgl.cutscene.CutsceneService, class com.almasb.fxgl.minigames.MiniGameService, class com.almasb.fxgl.net.NetService, class com.almasb.fxgl.app.services.UpdaterService, class com.almasb.fxgl.dev.DevService]
02:51:27.895 [FXGL Background Thread 3 ] DEBUG Engine               - fontGame: Abel-Regular.ttf
02:51:27.896 [FXGL Background Thread 3 ] DEBUG Engine               - fontMono: TerminalLandMono-Regular.otf
02:51:27.896 [FXGL Background Thread 3 ] DEBUG Engine               - fontSizeScaleUI: 1.0
02:51:27.896 [FXGL Background Thread 3 ] DEBUG Engine               - fontText: Courier-Prime.ttf
02:51:27.896 [FXGL Background Thread 3 ] DEBUG Engine               - fontUI: VarelaRound-Regular.ttf
02:51:27.896 [FXGL Background Thread 3 ] DEBUG Engine               - fullScreen: BooleanProperty [value: false]
02:51:27.896 [FXGL Background Thread 3 ] DEBUG Engine               - gameDifficulty: MEDIUM
02:51:27.896 [FXGL Background Thread 3 ] DEBUG Engine               - gameDifficultyProperty: ObjectProperty [value: MEDIUM]
02:51:27.896 [FXGL Background Thread 3 ] DEBUG Engine               - globalMusicVolume: 0.5
02:51:27.896 [FXGL Background Thread 3 ] DEBUG Engine               - globalMusicVolumeProperty: DoubleProperty [value: 0.5]
02:51:27.897 [FXGL Background Thread 3 ] DEBUG Engine               - globalSoundVolume: 0.5
02:51:27.897 [FXGL Background Thread 3 ] DEBUG Engine               - globalSoundVolumeProperty: DoubleProperty [value: 0.5]
02:51:27.897 [FXGL Background Thread 3 ] DEBUG Engine               - height: 800
02:51:27.897 [FXGL Background Thread 3 ] DEBUG Engine               - is3D: false
02:51:27.897 [FXGL Background Thread 3 ] DEBUG Engine               - isAndroid: false
02:51:27.897 [FXGL Background Thread 3 ] DEBUG Engine               - isBrowser: false
02:51:27.897 [FXGL Background Thread 3 ] DEBUG Engine               - isClickFeedbackEnabled: false
02:51:27.898 [FXGL Background Thread 3 ] DEBUG Engine               - isCloseConfirmation: false
02:51:27.898 [FXGL Background Thread 3 ] DEBUG Engine               - isDesktop: true
02:51:27.898 [FXGL Background Thread 3 ] DEBUG Engine               - isDeveloperMenuEnabled: false
02:51:27.898 [FXGL Background Thread 3 ] DEBUG Engine               - isEmbedded: false
02:51:27.898 [FXGL Background Thread 3 ] DEBUG Engine               - isEntityPreloadEnabled: true
02:51:27.898 [FXGL Background Thread 3 ] DEBUG Engine               - isExperimentalTiledLargeMap: false
02:51:27.898 [FXGL Background Thread 3 ] DEBUG Engine               - isFileSystemWriteAllowed: true
02:51:27.898 [FXGL Background Thread 3 ] DEBUG Engine               - isFullScreenAllowed: false
02:51:27.898 [FXGL Background Thread 3 ] DEBUG Engine               - isFullScreenFromStart: false
02:51:27.898 [FXGL Background Thread 3 ] DEBUG Engine               - isGameMenuEnabled: true
02:51:27.899 [FXGL Background Thread 3 ] DEBUG Engine               - isIOS: false
02:51:27.899 [FXGL Background Thread 3 ] DEBUG Engine               - isIntroEnabled: false
02:51:27.899 [FXGL Background Thread 3 ] DEBUG Engine               - isLinux: false
02:51:27.899 [FXGL Background Thread 3 ] DEBUG Engine               - isMac: false
02:51:27.899 [FXGL Background Thread 3 ] DEBUG Engine               - isMainMenuEnabled: true
02:51:27.899 [FXGL Background Thread 3 ] DEBUG Engine               - isManualResizeEnabled: false
02:51:27.899 [FXGL Background Thread 3 ] DEBUG Engine               - isMobile: false
02:51:27.899 [FXGL Background Thread 3 ] DEBUG Engine               - isNative: false
02:51:27.899 [FXGL Background Thread 3 ] DEBUG Engine               - isPauseMusicWhenMinimized: true
02:51:27.899 [FXGL Background Thread 3 ] DEBUG Engine               - isPreserveResizeRatio: false
02:51:27.899 [FXGL Background Thread 3 ] DEBUG Engine               - isProfilingEnabled: false
02:51:27.899 [FXGL Background Thread 3 ] DEBUG Engine               - isScaleAffectedOnResize: true
02:51:27.900 [FXGL Background Thread 3 ] DEBUG Engine               - isSingleStep: false
02:51:27.900 [FXGL Background Thread 3 ] DEBUG Engine               - isUserProfileEnabled: false
02:51:27.900 [FXGL Background Thread 3 ] DEBUG Engine               - isWindows: true
02:51:27.900 [FXGL Background Thread 3 ] DEBUG Engine               - language: ObjectProperty [value: ENGLISH]
02:51:27.900 [FXGL Background Thread 3 ] DEBUG Engine               - menuKey: ESCAPE
02:51:27.900 [FXGL Background Thread 3 ] DEBUG Engine               - mouseSensitivity: 0.2
02:51:27.900 [FXGL Background Thread 3 ] DEBUG Engine               - notificationViewClass: class com.almasb.fxgl.notification.view.XboxNotificationView
02:51:27.900 [FXGL Background Thread 3 ] DEBUG Engine               - pixelsPerMeter: 50.0
02:51:27.900 [FXGL Background Thread 3 ] DEBUG Engine               - platform: WINDOWS
02:51:27.900 [FXGL Background Thread 3 ] DEBUG Engine               - prefHeightProperty: ReadOnlyDoubleProperty [value: 800.0]
02:51:27.900 [FXGL Background Thread 3 ] DEBUG Engine               - prefWidthProperty: ReadOnlyDoubleProperty [value: 800.0]
02:51:27.900 [FXGL Background Thread 3 ] DEBUG Engine               - profileDir: profiles/
02:51:27.900 [FXGL Background Thread 3 ] DEBUG Engine               - profileName: StringProperty [value: DEFAULT]
02:51:27.900 [FXGL Background Thread 3 ] DEBUG Engine               - randomSeed: -1
02:51:27.901 [FXGL Background Thread 3 ] DEBUG Engine               - runtimeInfo: RuntimeInfo(platform=WINDOWS, version=21.1, build=27.03.2024 07.52)
02:51:27.901 [FXGL Background Thread 3 ] DEBUG Engine               - saveFileExt: sav
02:51:27.901 [FXGL Background Thread 3 ] DEBUG Engine               - scaledHeightProp$fxgl: DoubleProperty [bound, value: 800.0]
02:51:27.902 [FXGL Background Thread 3 ] DEBUG Engine               - scaledWidthProp$fxgl: DoubleProperty [bound, value: 800.0]
02:51:27.902 [FXGL Background Thread 3 ] DEBUG Engine               - sceneFactory: com.almasb.fxgl.app.scene.SceneFactory@1001a3e
02:51:27.902 [FXGL Background Thread 3 ] DEBUG Engine               - secondsIn24h: 60
02:51:27.902 [FXGL Background Thread 3 ] DEBUG Engine               - soundMenuBack: menu/back.wav
02:51:27.902 [FXGL Background Thread 3 ] DEBUG Engine               - soundMenuPress: menu/press.wav
02:51:27.902 [FXGL Background Thread 3 ] DEBUG Engine               - soundMenuSelect: menu/select.wav
02:51:27.902 [FXGL Background Thread 3 ] DEBUG Engine               - soundNotification: core/notification.wav
02:51:27.902 [FXGL Background Thread 3 ] DEBUG Engine               - stageStyle: DECORATED
02:51:27.902 [FXGL Background Thread 3 ] DEBUG Engine               - supportedLanguages: [ENGLISH, FRENCH, GERMAN, HUNGARIAN, RUSSIAN]
02:51:27.902 [FXGL Background Thread 3 ] DEBUG Engine               - ticksPerSecond: -1
02:51:27.903 [FXGL Background Thread 3 ] DEBUG Engine               - title: Gonvival
02:51:27.903 [FXGL Background Thread 3 ] DEBUG Engine               - urlGithub: https://github.com/AlmasB/FXGL
02:51:27.903 [FXGL Background Thread 3 ] DEBUG Engine               - urlLeaderboard: http://fxgl-top.herokuapp.com/
02:51:27.903 [FXGL Background Thread 3 ] DEBUG Engine               - urlPOM: https://raw.githubusercontent.com/AlmasB/FXGL/release/README.md
02:51:27.903 [FXGL Background Thread 3 ] DEBUG Engine               - userAppClass: class com.lab.App
02:51:27.903 [FXGL Background Thread 3 ] DEBUG Engine               - version: beta
02:51:27.903 [FXGL Background Thread 3 ] DEBUG Engine               - versionCheckDays: 7
02:51:27.903 [FXGL Background Thread 3 ] DEBUG Engine               - width: 800
02:51:27.903 [FXGL Background Thread 3 ] DEBUG Engine               - Logging services
02:51:27.903 [FXGL Background Thread 3 ] DEBUG Engine               - class com.almasb.fxgl.app.services.FXGLAssetLoaderService
02:51:27.903 [FXGL Background Thread 3 ] DEBUG Engine               - class com.almasb.fxgl.app.FXGLApplication$GameApplicationService
02:51:27.903 [FXGL Background Thread 3 ] DEBUG Engine               - class com.almasb.fxgl.app.services.FXGLDialogService
02:51:27.904 [FXGL Background Thread 3 ] DEBUG Engine               - class com.almasb.fxgl.app.services.IOTaskExecutorService
02:51:27.904 [FXGL Background Thread 3 ] DEBUG Engine               - class com.almasb.fxgl.io.FileSystemService
02:51:27.904 [FXGL Background Thread 3 ] DEBUG Engine               - class com.almasb.fxgl.localization.LocalizationService
02:51:27.904 [FXGL Background Thread 3 ] DEBUG Engine               - class com.almasb.fxgl.app.services.SystemBundleService
02:51:27.904 [FXGL Background Thread 3 ] DEBUG Engine               - class com.almasb.fxgl.profile.SaveLoadService
02:51:27.904 [FXGL Background Thread 3 ] DEBUG Engine               - class com.almasb.fxgl.ui.FXGLUIFactoryServiceProvider
02:51:27.904 [FXGL Background Thread 3 ] DEBUG Engine               - class com.almasb.fxgl.ui.FXGLDialogFactoryServiceProvider
02:51:27.904 [FXGL Background Thread 3 ] DEBUG Engine               - class com.almasb.fxgl.audio.AudioPlayer
02:51:27.904 [FXGL Background Thread 3 ] DEBUG Engine               - class com.almasb.fxgl.notification.impl.NotificationServiceProvider
02:51:27.904 [FXGL Background Thread 3 ] DEBUG Engine               - class com.almasb.fxgl.achievement.AchievementService
02:51:27.904 [FXGL Background Thread 3 ] DEBUG Engine               - class com.almasb.fxgl.cutscene.CutsceneService
02:51:27.904 [FXGL Background Thread 3 ] DEBUG Engine               - class com.almasb.fxgl.minigames.MiniGameService
02:51:27.904 [FXGL Background Thread 3 ] DEBUG Engine               - class com.almasb.fxgl.net.NetService
02:51:27.905 [FXGL Background Thread 3 ] DEBUG Engine               - class com.almasb.fxgl.app.services.UpdaterService
02:51:27.905 [FXGL Background Thread 3 ] DEBUG Engine               - class com.almasb.fxgl.dev.DevService
02:51:28.696 [JavaFX Application Thread] DEBUG FXGLAssetLoaderServi - Loading from file system: file:/D:/Gonvival/game/target/classes/assets/textures/evil.png
02:51:32.813 [JavaFX Application Thread] DEBUG FXGLAssetLoaderServi - Loading from file system: file:/D:/Gonvival/game/target/classes/assets/textures/arrow.png
02:51:39.254 [JavaFX Application Thread] DEBUG PrimaryStageWindow   - Push state: DialogSubScene
02:51:39.255 [JavaFX Application Thread] DEBUG Input                - Clearing active input actions
02:51:39.257 [JavaFX Application Thread] DEBUG GameApplicationServi - Removing overlay from GameScene and adding to DialogSubScene
02:51:39.258 [JavaFX Application Thread] DEBUG PrimaryStageWindow   - GameScene -> DialogSubScene
02:51:44.247 [JavaFX Application Thread] DEBUG FXGLApplication      - Exiting FXGL
02:51:44.247 [JavaFX Application Thread] DEBUG LoopRunner           - Stopping loop
02:51:44.247 [JavaFX Application Thread] DEBUG SystemBundleService  - Saving FXGL system data
02:51:44.253 [JavaFX Application Thread] DEBUG FileSystemAccess     - Writing to: D:\Gonvival\system\fxgl.bundle
02:51:44.261 [JavaFX Application Thread] DEBUG Async                - Shutting down background threads
02:51:44.262 [JavaFX Application Thread] DEBUG PrimaryStageWindow   - Closing main window
02:51:44.345 [JavaFX Application Thread] DEBUG Logger               - Closing Logger
