23:18:49.973 [main                     ] DEBUG Logger               - Configured Logger
23:18:50.015 [main                     ] DEBUG GameApplication      - Logging settings
Title: Gonvival
Version: beta
Width: 800
Height: 800
Fullscreen: false
Intro: false
Profiling: false
Single step:false
App Mode: DEVELOPER
Menu Key: ESCAPE
Stage Style: DECORATED
Scene Factory: class com.almasb.fxgl.app.scene.SceneFactory

23:18:51.430 [JavaFX Application Thread] DEBUG FXGLApplication      - Initializing FXGL
23:18:51.439 [JavaFX Application Thread] INFO  Engine               - FXGL-21.1 (27.03.2024 07.52) on WINDOWS (J:21.0.5 FX:21.0.1)
23:18:51.440 [JavaFX Application Thread] DEBUG Engine               - JRE Vendor Name: Eclipse Adoptium
23:18:51.441 [JavaFX Application Thread] DEBUG Engine               - Running on OS: Windows 11 version 10.0
23:18:51.441 [JavaFX Application Thread] DEBUG Engine               - Architecture: amd64
23:18:51.442 [JavaFX Application Thread] INFO  Engine               - Source code and latest versions at: https://github.com/AlmasB/FXGL
23:18:51.442 [JavaFX Application Thread] INFO  Engine               -       Ask questions and discuss at: https://github.com/AlmasB/FXGL/discussions
23:18:51.443 [JavaFX Application Thread] INFO  Engine               -              Join the FXGL chat at: https://gitter.im/AlmasB/FXGL
23:18:51.558 [JavaFX Application Thread] DEBUG PrimaryStageWindow   - Creating a JavaFX scene
23:18:51.619 [JavaFX Application Thread] DEBUG PrimaryStageWindow   - Target settings size: 800.0 x 800.0
23:18:51.620 [JavaFX Application Thread] DEBUG PrimaryStageWindow   - Scaled scene size:    800.0 x 800.0
23:18:51.621 [JavaFX Application Thread] DEBUG PrimaryStageWindow   - Scaled ratio: (1.0, 1.0)
23:18:51.622 [JavaFX Application Thread] DEBUG PrimaryStageWindow   - Set initial scene to FXGLStartupScene
23:18:51.627 [JavaFX Application Thread] DEBUG PrimaryStageWindow   - Opening main window
23:18:51.799 [JavaFX Application Thread] DEBUG PrimaryStageWindow   - Window border size: (16.0, 39.0)
23:18:51.800 [JavaFX Application Thread] DEBUG PrimaryStageWindow   - Scaled size: 800.0 x 800.0
23:18:51.801 [JavaFX Application Thread] DEBUG PrimaryStageWindow   - Scaled ratio: (1.0, 1.0)
23:18:51.802 [JavaFX Application Thread] DEBUG PrimaryStageWindow   - Scene size: 800.0 x 800.0
23:18:51.803 [JavaFX Application Thread] DEBUG PrimaryStageWindow   - Stage size: 816.0 x 839.0
23:18:51.830 [FXGL Background Thread 1 ] DEBUG Engine               - Initializing environment variables
23:18:51.956 [FXGL Background Thread 1 ] DEBUG FXGLAssetLoaderServi - User app class for loading assets: class com.lab.App
23:18:51.957 [FXGL Background Thread 1 ] DEBUG GameApplicationServi - Applying CSS: fxgl_dark.css
23:18:51.959 [FXGL Background Thread 1 ] DEBUG FXGLAssetLoaderServi - Loading from file system: jar:file:/C:/Users/HP/.m2/repository/com/github/almasb/fxgl/21.1/fxgl-21.1.jar!/fxglassets/ui/css/fxgl_dark.css
23:18:52.059 [FXGL Background Thread 1 ] DEBUG GameApplicationServi - Initializing application scenes
23:18:52.127 [FXGL Background Thread 1 ] DEBUG GameWorld            - Game world initialized
23:18:52.234 [FXGL Background Thread 1 ] DEBUG PhysicsWorld         - Physics world initialized: appHeight=800, physics.ppm=50.0
23:18:52.234 [FXGL Background Thread 1 ] DEBUG PhysicsWorld         - Using strategy: BRUTE_FORCE
23:18:52.238 [FXGL Background Thread 1 ] DEBUG GameScene            - Game scene initialized: 800x800
23:18:52.253 [FXGL Background Thread 1 ] DEBUG FXGL.DefaultMenu     - createMenuBodyMainMenu()
23:18:52.275 [FXGL Background Thread 1 ] DEBUG FXGL.DefaultMenu     - createOptionsMenu()
23:18:52.301 [FXGL Background Thread 1 ] DEBUG FXGLAssetLoaderServi - Loading from file system: jar:file:/C:/Users/HP/.m2/repository/com/github/almasb/fxgl/21.1/fxgl-21.1.jar!/fxglassets/textures/particles/smoke.png
23:18:52.529 [FXGL Background Thread 1 ] DEBUG FXGLAssetLoaderServi - Loading from file system: jar:file:/C:/Users/HP/.m2/repository/com/github/almasb/fxgl/21.1/fxgl-21.1.jar!/fxglassets/textures/particles/trace_horizontal.png
23:18:52.561 [FXGL Background Thread 1 ] DEBUG FXGL.DefaultMenu     - createMenuBodyGameMenu()
23:18:52.563 [FXGL Background Thread 1 ] DEBUG FXGL.DefaultMenu     - createOptionsMenu()
23:18:52.578 [FXGL Background Thread 1 ] DEBUG GameApplicationServi - Application scenes initialized
23:18:52.595 [FXGL Background Thread 1 ] DEBUG SystemBundleService  - Loading FXGL system data
23:18:52.602 [FXGL Background Thread 1 ] DEBUG FileSystemAccess     - Reading from: D:\newGon\Gonvival\system\fxgl.bundle
23:18:52.616 [FXGL Background Thread 1 ] DEBUG SystemBundleService  - Bundle FXGL: {}
23:18:52.617 [FXGL Background Thread 1 ] DEBUG UpdaterService       - Checking for updates
23:18:52.653 [FXGL Background Thread 4 ] DEBUG FXGLApplication      - Loading fonts
23:18:52.654 [FXGL Background Thread 4 ] DEBUG FXGLAssetLoaderServi - Loading from file system: jar:file:/C:/Users/HP/.m2/repository/com/github/almasb/fxgl/21.1/fxgl-21.1.jar!/fxglassets/ui/fonts/VarelaRound-Regular.ttf
23:18:52.654 [FXGL Background Thread 1 ] DEBUG FXGLApplication      - Loading default localization
23:18:52.655 [FXGL Background Thread 1 ] DEBUG FXGLAssetLoaderServi - Loading from file system: jar:file:/C:/Users/HP/.m2/repository/com/github/almasb/fxgl/21.1/fxgl-21.1.jar!/fxglassets/languages/english.lang
23:18:52.710 [FXGL Background Thread 4 ] DEBUG FXGLAssetLoaderServi - Loading from file system: jar:file:/C:/Users/HP/.m2/repository/com/github/almasb/fxgl/21.1/fxgl-21.1.jar!/fxglassets/ui/fonts/Abel-Regular.ttf
23:18:52.714 [FXGL Background Thread 1 ] INFO  FXGLApplication      - FXGL initialization took: 0.884 sec
23:18:52.717 [JavaFX Application Thread] DEBUG FXGLAssetLoaderServi - Loading from file system: jar:file:/C:/Users/HP/.m2/repository/com/github/almasb/fxgl/21.1/fxgl-21.1.jar!/fxglassets/textures/fxgl_icon.png
23:18:52.719 [FXGL Background Thread 4 ] DEBUG FXGLAssetLoaderServi - Loading from file system: jar:file:/C:/Users/HP/.m2/repository/com/github/almasb/fxgl/21.1/fxgl-21.1.jar!/fxglassets/ui/fonts/TerminalLandMono-Regular.otf
23:18:52.726 [FXGL Background Thread 4 ] DEBUG FXGLAssetLoaderServi - Loading from file system: jar:file:/C:/Users/HP/.m2/repository/com/github/almasb/fxgl/21.1/fxgl-21.1.jar!/fxglassets/ui/fonts/Courier-Prime.ttf
23:18:52.748 [JavaFX Application Thread] DEBUG FXGLAssetLoaderServi - Loading from file system: jar:file:/C:/Users/HP/.m2/repository/com/github/almasb/fxgl/21.1/fxgl-21.1.jar!/fxglassets/textures/fxgl_default_cursor.png
23:18:52.766 [JavaFX Application Thread] DEBUG Input                - Registered new binding: Screenshot - CTRL+8
23:18:52.767 [JavaFX Application Thread] DEBUG Input                - Registered new binding: Dev Options - 1
23:18:52.768 [JavaFX Application Thread] DEBUG Input                - Registered new binding: Dev Console - 2
23:18:52.768 [JavaFX Application Thread] DEBUG Input                - Registered new binding: System info dump - CTRL+9
23:18:52.769 [JavaFX Application Thread] DEBUG Input                - Registered new binding: Restart - CTRL+R
23:18:52.771 [JavaFX Application Thread] DEBUG Input                - Registered new binding: Toggle Debug Camera - CTRL+7
23:18:52.781 [JavaFX Application Thread] DEBUG LoopRunner           - Starting loop
23:18:52.812 [JavaFX Application Thread] DEBUG LoopRunner           - Initializing JavaFX AnimationTimerLoop
23:18:52.818 [JavaFX Application Thread] DEBUG Input                - Clearing active input actions
23:18:52.826 [JavaFX Application Thread] DEBUG GameApplicationServi - Removing overlay from FXGLStartupScene and adding to FXGLMainMenuDummyScene
23:18:52.835 [JavaFX Application Thread] DEBUG PrimaryStageWindow   - FXGLStartupScene -> FXGLMainMenuDummyScene
23:18:52.836 [JavaFX Application Thread] DEBUG PrimaryStageWindow   - Push state: FXGLDefaultMenu
23:18:52.846 [JavaFX Application Thread] DEBUG Input                - Clearing active input actions
23:18:52.860 [JavaFX Application Thread] DEBUG GameApplicationServi - Removing overlay from FXGLMainMenuDummyScene and adding to FXGLDefaultMenu
23:18:52.861 [JavaFX Application Thread] DEBUG PrimaryStageWindow   - FXGLMainMenuDummyScene -> FXGLDefaultMenu
23:18:52.876 [JavaFX Application Thread] DEBUG FXGLApplication      - Registering font factories with UI factory
23:18:54.352 [JavaFX Application Thread] DEBUG Menu                 - fireNewGame()
23:18:54.353 [JavaFX Application Thread] DEBUG GameApplicationServi - Starting new game
23:18:54.359 [JavaFX Application Thread] DEBUG PrimaryStageWindow   - Pop state: FXGLDefaultMenu
23:18:54.359 [JavaFX Application Thread] DEBUG Input                - Clearing active input actions
23:18:54.361 [JavaFX Application Thread] DEBUG GameApplicationServi - Removing overlay from FXGLDefaultMenu and adding to FXGLMainMenuDummyScene
23:18:54.365 [JavaFX Application Thread] DEBUG PrimaryStageWindow   - FXGLMainMenuDummyScene <- FXGLDefaultMenu
23:18:54.365 [JavaFX Application Thread] DEBUG Input                - Clearing active input actions
23:18:54.378 [JavaFX Application Thread] DEBUG GameApplicationServi - Removing overlay from FXGLMainMenuDummyScene and adding to FXGLLoadingScene
23:18:54.378 [JavaFX Application Thread] DEBUG PrimaryStageWindow   - FXGLMainMenuDummyScene -> FXGLLoadingScene
23:18:54.378 [JavaFX Application Thread] DEBUG GameApplicationServi - Clearing previous game
23:18:54.378 [JavaFX Application Thread] DEBUG GameScene            - Clearing game scene
23:18:54.378 [JavaFX Application Thread] DEBUG GameWorld            - Clearing game world
23:18:54.378 [JavaFX Application Thread] DEBUG PhysicsWorld         - Clearing physics world
23:18:54.381 [FXGL Background Thread 2 ] DEBUG FXGLApplication      - Initializing game
23:18:54.396 [FXGL Background Thread 2 ] DEBUG FXGLAssetLoaderServi - Loading from file system: file:/D:/newGon/Gonvival/game/target/classes/assets/textures/map.png
23:18:54.455 [FXGL Background Thread 2 ] DEBUG FXGLAssetLoaderServi - Loading from file system: file:/D:/newGon/Gonvival/game/target/classes/assets/textures/idle_down.png
23:18:54.458 [FXGL Background Thread 2 ] DEBUG FXGLAssetLoaderServi - Loading from file system: file:/D:/newGon/Gonvival/game/target/classes/assets/textures/idle_up.png
23:18:54.461 [FXGL Background Thread 2 ] DEBUG FXGLAssetLoaderServi - Loading from file system: file:/D:/newGon/Gonvival/game/target/classes/assets/textures/idle_left_down.png
23:18:54.462 [FXGL Background Thread 2 ] DEBUG FXGLAssetLoaderServi - Loading from file system: file:/D:/newGon/Gonvival/game/target/classes/assets/textures/idle_left_up.png
23:18:54.465 [FXGL Background Thread 2 ] DEBUG FXGLAssetLoaderServi - Loading from file system: file:/D:/newGon/Gonvival/game/target/classes/assets/textures/idle_right_down.png
23:18:54.467 [FXGL Background Thread 2 ] DEBUG FXGLAssetLoaderServi - Loading from file system: file:/D:/newGon/Gonvival/game/target/classes/assets/textures/idle_right_up.png
23:18:54.469 [FXGL Background Thread 2 ] DEBUG FXGLAssetLoaderServi - Loading from file system: file:/D:/newGon/Gonvival/game/target/classes/assets/textures/walk_left_down.png
23:18:54.471 [FXGL Background Thread 2 ] DEBUG FXGLAssetLoaderServi - Loading from file system: file:/D:/newGon/Gonvival/game/target/classes/assets/textures/walk_right_down.png
23:18:54.473 [FXGL Background Thread 2 ] DEBUG FXGLAssetLoaderServi - Loading from file system: file:/D:/newGon/Gonvival/game/target/classes/assets/textures/walk_up.png
23:18:54.476 [FXGL Background Thread 2 ] DEBUG FXGLAssetLoaderServi - Loading from file system: file:/D:/newGon/Gonvival/game/target/classes/assets/textures/walk_down.png
23:18:54.477 [FXGL Background Thread 2 ] DEBUG FXGLAssetLoaderServi - Loading from file system: file:/D:/newGon/Gonvival/game/target/classes/assets/textures/walk_left_up.png
23:18:54.479 [FXGL Background Thread 2 ] DEBUG FXGLAssetLoaderServi - Loading from file system: file:/D:/newGon/Gonvival/game/target/classes/assets/textures/walk_right_up.png
23:18:54.493 [FXGL Background Thread 2 ] INFO  FXGLApplication      - Game initialization took: 0.112 sec
23:18:54.494 [JavaFX Application Thread] DEBUG Input                - Clearing active input actions
23:18:54.499 [JavaFX Application Thread] DEBUG GameApplicationServi - Removing overlay from FXGLLoadingScene and adding to GameScene
23:18:54.502 [JavaFX Application Thread] DEBUG PrimaryStageWindow   - FXGLLoadingScene -> GameScene
23:18:54.616 [JavaFX Application Thread] DEBUG Input                - Registered new binding: SHOOT - LMB
23:18:54.617 [JavaFX Application Thread] DEBUG Input                - Registered new binding: MOVE LEFT - A
23:18:54.618 [JavaFX Application Thread] DEBUG Input                - Registered new binding: MOVE RIGHT - D
23:18:54.618 [JavaFX Application Thread] DEBUG Input                - Registered new binding: MOVE UP - W
23:18:54.618 [JavaFX Application Thread] DEBUG Input                - Registered new binding: MOVE DOWN - S
23:18:55.331 [JavaFX Application Thread] DEBUG FXGLAssetLoaderServi - Loading from file system: file:/D:/newGon/Gonvival/game/target/classes/assets/textures/evil.png
23:18:55.651 [FXGL Background Thread 3 ] DEBUG Engine               - Logging environment variables
23:18:55.653 [FXGL Background Thread 3 ] DEBUG Engine               - achievements: []
23:18:55.653 [FXGL Background Thread 3 ] DEBUG Engine               - actualHeight: 800.0
23:18:55.655 [FXGL Background Thread 3 ] DEBUG Engine               - actualHeightProperty: ReadOnlyDoubleProperty [value: 800.0]
23:18:55.655 [FXGL Background Thread 3 ] DEBUG Engine               - actualWidth: 800.0
23:18:55.655 [FXGL Background Thread 3 ] DEBUG Engine               - actualWidthProperty: ReadOnlyDoubleProperty [value: 800.0]
23:18:55.656 [FXGL Background Thread 3 ] DEBUG Engine               - appIcon: fxgl_icon.png
23:18:55.656 [FXGL Background Thread 3 ] DEBUG Engine               - applicationMode: DEVELOPER
23:18:55.657 [FXGL Background Thread 3 ] DEBUG Engine               - cSSList: [fxgl_dark.css]
23:18:55.658 [FXGL Background Thread 3 ] DEBUG Engine               - collisionDetectionStrategy: BRUTE_FORCE
23:18:55.658 [FXGL Background Thread 3 ] DEBUG Engine               - configClass: Optional.empty
23:18:55.658 [FXGL Background Thread 3 ] DEBUG Engine               - credits: []
23:18:55.660 [FXGL Background Thread 3 ] DEBUG Engine               - defaultCursor: CursorInfo(imageName=fxgl_default_cursor.png, hotspotX=7.0, hotspotY=6.0)
23:18:55.660 [FXGL Background Thread 3 ] DEBUG Engine               - devBBoxColorProperty: ObjectProperty [value: 0xff0000ff]
23:18:55.661 [FXGL Background Thread 3 ] DEBUG Engine               - devEnableDebugCameraProperty: BooleanProperty [value: false]
23:18:55.661 [FXGL Background Thread 3 ] DEBUG Engine               - devSensorColorProperty: ObjectProperty [value: 0xffff00ff]
23:18:55.661 [FXGL Background Thread 3 ] DEBUG Engine               - devShowBBoxProperty: BooleanProperty [value: false]
23:18:55.662 [FXGL Background Thread 3 ] DEBUG Engine               - devShowPositionProperty: BooleanProperty [value: false]
23:18:55.662 [FXGL Background Thread 3 ] DEBUG Engine               - enabledMenuItems: []
23:18:55.662 [FXGL Background Thread 3 ] DEBUG Engine               - engineServices: [class com.almasb.fxgl.app.services.FXGLAssetLoaderService, class com.almasb.fxgl.app.FXGLApplication$GameApplicationService, class com.almasb.fxgl.app.services.FXGLDialogService, class com.almasb.fxgl.app.services.IOTaskExecutorService, class com.almasb.fxgl.io.FileSystemService, class com.almasb.fxgl.localization.LocalizationService, class com.almasb.fxgl.app.services.SystemBundleService, class com.almasb.fxgl.profile.SaveLoadService, class com.almasb.fxgl.ui.FXGLUIFactoryServiceProvider, class com.almasb.fxgl.ui.FXGLDialogFactoryServiceProvider, class com.almasb.fxgl.audio.AudioPlayer, class com.almasb.fxgl.notification.impl.NotificationServiceProvider, class com.almasb.fxgl.achievement.AchievementService, class com.almasb.fxgl.cutscene.CutsceneService, class com.almasb.fxgl.minigames.MiniGameService, class com.almasb.fxgl.net.NetService, class com.almasb.fxgl.app.services.UpdaterService, class com.almasb.fxgl.dev.DevService]
23:18:55.662 [FXGL Background Thread 3 ] DEBUG Engine               - fontGame: Abel-Regular.ttf
23:18:55.662 [FXGL Background Thread 3 ] DEBUG Engine               - fontMono: TerminalLandMono-Regular.otf
23:18:55.663 [FXGL Background Thread 3 ] DEBUG Engine               - fontSizeScaleUI: 1.0
23:18:55.663 [FXGL Background Thread 3 ] DEBUG Engine               - fontText: Courier-Prime.ttf
23:18:55.663 [FXGL Background Thread 3 ] DEBUG Engine               - fontUI: VarelaRound-Regular.ttf
23:18:55.664 [FXGL Background Thread 3 ] DEBUG Engine               - fullScreen: BooleanProperty [value: false]
23:18:55.664 [FXGL Background Thread 3 ] DEBUG Engine               - gameDifficulty: MEDIUM
23:18:55.664 [FXGL Background Thread 3 ] DEBUG Engine               - gameDifficultyProperty: ObjectProperty [value: MEDIUM]
23:18:55.664 [FXGL Background Thread 3 ] DEBUG Engine               - globalMusicVolume: 0.5
23:18:55.665 [FXGL Background Thread 3 ] DEBUG Engine               - globalMusicVolumeProperty: DoubleProperty [value: 0.5]
23:18:55.665 [FXGL Background Thread 3 ] DEBUG Engine               - globalSoundVolume: 0.5
23:18:55.665 [FXGL Background Thread 3 ] DEBUG Engine               - globalSoundVolumeProperty: DoubleProperty [value: 0.5]
23:18:55.665 [FXGL Background Thread 3 ] DEBUG Engine               - height: 800
23:18:55.665 [FXGL Background Thread 3 ] DEBUG Engine               - is3D: false
23:18:55.665 [FXGL Background Thread 3 ] DEBUG Engine               - isAndroid: false
23:18:55.665 [FXGL Background Thread 3 ] DEBUG Engine               - isBrowser: false
23:18:55.666 [FXGL Background Thread 3 ] DEBUG Engine               - isClickFeedbackEnabled: false
23:18:55.666 [FXGL Background Thread 3 ] DEBUG Engine               - isCloseConfirmation: false
23:18:55.666 [FXGL Background Thread 3 ] DEBUG Engine               - isDesktop: true
23:18:55.666 [FXGL Background Thread 3 ] DEBUG Engine               - isDeveloperMenuEnabled: true
23:18:55.666 [FXGL Background Thread 3 ] DEBUG Engine               - isEmbedded: false
23:18:55.666 [FXGL Background Thread 3 ] DEBUG Engine               - isEntityPreloadEnabled: true
23:18:55.667 [FXGL Background Thread 3 ] DEBUG Engine               - isExperimentalTiledLargeMap: false
23:18:55.667 [FXGL Background Thread 3 ] DEBUG Engine               - isFileSystemWriteAllowed: true
23:18:55.667 [FXGL Background Thread 3 ] DEBUG Engine               - isFullScreenAllowed: false
23:18:55.667 [FXGL Background Thread 3 ] DEBUG Engine               - isFullScreenFromStart: false
23:18:55.667 [FXGL Background Thread 3 ] DEBUG Engine               - isGameMenuEnabled: true
23:18:55.667 [FXGL Background Thread 3 ] DEBUG Engine               - isIOS: false
23:18:55.667 [FXGL Background Thread 3 ] DEBUG Engine               - isIntroEnabled: false
23:18:55.668 [FXGL Background Thread 3 ] DEBUG Engine               - isLinux: false
23:18:55.668 [FXGL Background Thread 3 ] DEBUG Engine               - isMac: false
23:18:55.668 [FXGL Background Thread 3 ] DEBUG Engine               - isMainMenuEnabled: true
23:18:55.668 [FXGL Background Thread 3 ] DEBUG Engine               - isManualResizeEnabled: false
23:18:55.668 [FXGL Background Thread 3 ] DEBUG Engine               - isMobile: false
23:18:55.668 [FXGL Background Thread 3 ] DEBUG Engine               - isNative: false
23:18:55.669 [FXGL Background Thread 3 ] DEBUG Engine               - isPauseMusicWhenMinimized: true
23:18:55.669 [FXGL Background Thread 3 ] DEBUG Engine               - isPreserveResizeRatio: false
23:18:55.669 [FXGL Background Thread 3 ] DEBUG Engine               - isProfilingEnabled: false
23:18:55.669 [FXGL Background Thread 3 ] DEBUG Engine               - isScaleAffectedOnResize: true
23:18:55.669 [FXGL Background Thread 3 ] DEBUG Engine               - isSingleStep: false
23:18:55.669 [FXGL Background Thread 3 ] DEBUG Engine               - isUserProfileEnabled: false
23:18:55.669 [FXGL Background Thread 3 ] DEBUG Engine               - isWindows: true
23:18:55.669 [FXGL Background Thread 3 ] DEBUG Engine               - language: ObjectProperty [value: ENGLISH]
23:18:55.669 [FXGL Background Thread 3 ] DEBUG Engine               - menuKey: ESCAPE
23:18:55.671 [FXGL Background Thread 3 ] DEBUG Engine               - mouseSensitivity: 0.2
23:18:55.671 [FXGL Background Thread 3 ] DEBUG Engine               - notificationViewClass: class com.almasb.fxgl.notification.view.XboxNotificationView
23:18:55.671 [FXGL Background Thread 3 ] DEBUG Engine               - pixelsPerMeter: 50.0
23:18:55.671 [FXGL Background Thread 3 ] DEBUG Engine               - platform: WINDOWS
23:18:55.671 [FXGL Background Thread 3 ] DEBUG Engine               - prefHeightProperty: ReadOnlyDoubleProperty [value: 800.0]
23:18:55.672 [FXGL Background Thread 3 ] DEBUG Engine               - prefWidthProperty: ReadOnlyDoubleProperty [value: 800.0]
23:18:55.672 [FXGL Background Thread 3 ] DEBUG Engine               - profileDir: profiles/
23:18:55.672 [FXGL Background Thread 3 ] DEBUG Engine               - profileName: StringProperty [value: DEFAULT]
23:18:55.672 [FXGL Background Thread 3 ] DEBUG Engine               - randomSeed: -1
23:18:55.673 [FXGL Background Thread 3 ] DEBUG Engine               - runtimeInfo: RuntimeInfo(platform=WINDOWS, version=21.1, build=27.03.2024 07.52)
23:18:55.673 [FXGL Background Thread 3 ] DEBUG Engine               - saveFileExt: sav
23:18:55.674 [FXGL Background Thread 3 ] DEBUG Engine               - scaledHeightProp$fxgl: DoubleProperty [bound, value: 800.0]
23:18:55.674 [FXGL Background Thread 3 ] DEBUG Engine               - scaledWidthProp$fxgl: DoubleProperty [bound, value: 800.0]
23:18:55.674 [FXGL Background Thread 3 ] DEBUG Engine               - sceneFactory: com.almasb.fxgl.app.scene.SceneFactory@61a30d77
23:18:55.675 [FXGL Background Thread 3 ] DEBUG Engine               - secondsIn24h: 60
23:18:55.675 [FXGL Background Thread 3 ] DEBUG Engine               - soundMenuBack: menu/back.wav
23:18:55.675 [FXGL Background Thread 3 ] DEBUG Engine               - soundMenuPress: menu/press.wav
23:18:55.675 [FXGL Background Thread 3 ] DEBUG Engine               - soundMenuSelect: menu/select.wav
23:18:55.675 [FXGL Background Thread 3 ] DEBUG Engine               - soundNotification: core/notification.wav
23:18:55.676 [FXGL Background Thread 3 ] DEBUG Engine               - stageStyle: DECORATED
23:18:55.676 [FXGL Background Thread 3 ] DEBUG Engine               - supportedLanguages: [ENGLISH, FRENCH, GERMAN, HUNGARIAN, RUSSIAN]
23:18:55.676 [FXGL Background Thread 3 ] DEBUG Engine               - ticksPerSecond: -1
23:18:55.676 [FXGL Background Thread 3 ] DEBUG Engine               - title: Gonvival
23:18:55.676 [FXGL Background Thread 3 ] DEBUG Engine               - urlGithub: https://github.com/AlmasB/FXGL
23:18:55.676 [FXGL Background Thread 3 ] DEBUG Engine               - urlLeaderboard: http://fxgl-top.herokuapp.com/
23:18:55.677 [FXGL Background Thread 3 ] DEBUG Engine               - urlPOM: https://raw.githubusercontent.com/AlmasB/FXGL/release/README.md
23:18:55.677 [FXGL Background Thread 3 ] DEBUG Engine               - userAppClass: class com.lab.App
23:18:55.677 [FXGL Background Thread 3 ] DEBUG Engine               - version: beta
23:18:55.677 [FXGL Background Thread 3 ] DEBUG Engine               - versionCheckDays: 7
23:18:55.677 [FXGL Background Thread 3 ] DEBUG Engine               - width: 800
23:18:55.677 [FXGL Background Thread 3 ] DEBUG Engine               - Logging services
23:18:55.677 [FXGL Background Thread 3 ] DEBUG Engine               - class com.almasb.fxgl.app.services.FXGLAssetLoaderService
23:18:55.678 [FXGL Background Thread 3 ] DEBUG Engine               - class com.almasb.fxgl.app.FXGLApplication$GameApplicationService
23:18:55.678 [FXGL Background Thread 3 ] DEBUG Engine               - class com.almasb.fxgl.app.services.FXGLDialogService
23:18:55.678 [FXGL Background Thread 3 ] DEBUG Engine               - class com.almasb.fxgl.app.services.IOTaskExecutorService
23:18:55.678 [FXGL Background Thread 3 ] DEBUG Engine               - class com.almasb.fxgl.io.FileSystemService
23:18:55.678 [FXGL Background Thread 3 ] DEBUG Engine               - class com.almasb.fxgl.localization.LocalizationService
23:18:55.678 [FXGL Background Thread 3 ] DEBUG Engine               - class com.almasb.fxgl.app.services.SystemBundleService
23:18:55.679 [FXGL Background Thread 3 ] DEBUG Engine               - class com.almasb.fxgl.profile.SaveLoadService
23:18:55.679 [FXGL Background Thread 3 ] DEBUG Engine               - class com.almasb.fxgl.ui.FXGLUIFactoryServiceProvider
23:18:55.679 [FXGL Background Thread 3 ] DEBUG Engine               - class com.almasb.fxgl.ui.FXGLDialogFactoryServiceProvider
23:18:55.679 [FXGL Background Thread 3 ] DEBUG Engine               - class com.almasb.fxgl.audio.AudioPlayer
23:18:55.679 [FXGL Background Thread 3 ] DEBUG Engine               - class com.almasb.fxgl.notification.impl.NotificationServiceProvider
23:18:55.679 [FXGL Background Thread 3 ] DEBUG Engine               - class com.almasb.fxgl.achievement.AchievementService
23:18:55.679 [FXGL Background Thread 3 ] DEBUG Engine               - class com.almasb.fxgl.cutscene.CutsceneService
23:18:55.680 [FXGL Background Thread 3 ] DEBUG Engine               - class com.almasb.fxgl.minigames.MiniGameService
23:18:55.680 [FXGL Background Thread 3 ] DEBUG Engine               - class com.almasb.fxgl.net.NetService
23:18:55.680 [FXGL Background Thread 3 ] DEBUG Engine               - class com.almasb.fxgl.app.services.UpdaterService
23:18:55.680 [FXGL Background Thread 3 ] DEBUG Engine               - class com.almasb.fxgl.dev.DevService
23:18:55.756 [JavaFX Application Thread] DEBUG FXGLAssetLoaderServi - Loading from file system: file:/D:/newGon/Gonvival/game/target/classes/assets/textures/arrow.png
23:19:18.405 [JavaFX Application Thread] DEBUG PrimaryStageWindow   - Push state: FXGLDefaultMenu
23:19:18.406 [JavaFX Application Thread] DEBUG Input                - Clearing active input actions
23:19:18.409 [JavaFX Application Thread] DEBUG GameApplicationServi - Removing overlay from GameScene and adding to FXGLDefaultMenu
23:19:18.412 [JavaFX Application Thread] DEBUG PrimaryStageWindow   - GameScene -> FXGLDefaultMenu
23:19:19.473 [JavaFX Application Thread] DEBUG FXGLApplication      - Exiting FXGL
23:19:19.473 [JavaFX Application Thread] DEBUG LoopRunner           - Stopping loop
23:19:19.473 [JavaFX Application Thread] DEBUG SystemBundleService  - Saving FXGL system data
23:19:19.476 [JavaFX Application Thread] DEBUG FileSystemAccess     - Writing to: D:\newGon\Gonvival\system\fxgl.bundle
23:19:19.480 [JavaFX Application Thread] DEBUG Async                - Shutting down background threads
23:19:19.480 [JavaFX Application Thread] DEBUG PrimaryStageWindow   - Closing main window
23:19:19.548 [JavaFX Application Thread] DEBUG Logger               - Closing Logger
