04:41:10.345 [main                     ] DEBUG Logger               - Configured Logger
04:41:10.371 [main                     ] DEBUG GameApplication      - Logging settings
Title: Gonvival
Version: beta
Width: 800
Height: 800
Fullscreen: false
Intro: false
Profiling: false
Single step:false
App Mode: DEVELOPER
Menu Key: ESCAPE
Stage Style: DECORATED
Scene Factory: class com.lab.App$1

04:41:11.311 [JavaFX Application Thread] DEBUG FXGLApplication      - Initializing FXGL
04:41:11.316 [JavaFX Application Thread] INFO  Engine               - FXGL-21.1 (27.03.2024 07.52) on WINDOWS (J:21.0.5 FX:21.0.1)
04:41:11.317 [JavaFX Application Thread] DEBUG Engine               - JRE Vendor Name: Eclipse Adoptium
04:41:11.317 [JavaFX Application Thread] DEBUG Engine               - Running on OS: Windows 11 version 10.0
04:41:11.317 [JavaFX Application Thread] DEBUG Engine               - Architecture: amd64
04:41:11.317 [JavaFX Application Thread] INFO  Engine               - Source code and latest versions at: https://github.com/AlmasB/FXGL
04:41:11.318 [JavaFX Application Thread] INFO  Engine               -       Ask questions and discuss at: https://github.com/AlmasB/FXGL/discussions
04:41:11.318 [JavaFX Application Thread] INFO  Engine               -              Join the FXGL chat at: https://gitter.im/AlmasB/FXGL
04:41:11.455 [JavaFX Application Thread] DEBUG PrimaryStageWindow   - Creating a JavaFX scene
04:41:11.525 [JavaFX Application Thread] DEBUG PrimaryStageWindow   - Target settings size: 800.0 x 800.0
04:41:11.526 [JavaFX Application Thread] DEBUG PrimaryStageWindow   - Scaled scene size:    800.0 x 800.0
04:41:11.526 [JavaFX Application Thread] DEBUG PrimaryStageWindow   - Scaled ratio: (1.0, 1.0)
04:41:11.528 [JavaFX Application Thread] DEBUG PrimaryStageWindow   - Set initial scene to FXGLStartupScene
04:41:11.533 [JavaFX Application Thread] DEBUG PrimaryStageWindow   - Opening main window
04:41:11.715 [JavaFX Application Thread] DEBUG PrimaryStageWindow   - Window border size: (16.0, 39.0)
04:41:11.716 [JavaFX Application Thread] DEBUG PrimaryStageWindow   - Scaled size: 800.0 x 800.0
04:41:11.717 [JavaFX Application Thread] DEBUG PrimaryStageWindow   - Scaled ratio: (1.0, 1.0)
04:41:11.718 [JavaFX Application Thread] DEBUG PrimaryStageWindow   - Scene size: 800.0 x 800.0
04:41:11.718 [JavaFX Application Thread] DEBUG PrimaryStageWindow   - Stage size: 816.0 x 839.0
04:41:11.741 [FXGL Background Thread 1 ] DEBUG Engine               - Initializing environment variables
04:41:11.850 [FXGL Background Thread 1 ] DEBUG FXGLAssetLoaderServi - User app class for loading assets: class com.lab.App
04:41:11.851 [FXGL Background Thread 1 ] DEBUG GameApplicationServi - Applying CSS: fxgl_dark.css
04:41:11.851 [FXGL Background Thread 1 ] DEBUG FXGLAssetLoaderServi - Loading from file system: jar:file:/C:/Users/HP/.m2/repository/com/github/almasb/fxgl/21.1/fxgl-21.1.jar!/fxglassets/ui/css/fxgl_dark.css
04:41:11.926 [FXGL Background Thread 1 ] DEBUG GameApplicationServi - Initializing application scenes
04:41:11.992 [FXGL Background Thread 1 ] DEBUG GameWorld            - Game world initialized
04:41:12.095 [FXGL Background Thread 1 ] DEBUG PhysicsWorld         - Physics world initialized: appHeight=800, physics.ppm=50.0
04:41:12.095 [FXGL Background Thread 1 ] DEBUG PhysicsWorld         - Using strategy: BRUTE_FORCE
04:41:12.099 [FXGL Background Thread 1 ] DEBUG GameScene            - Game scene initialized: 800x800
04:41:12.101 [FXGL Background Thread 1 ] DEBUG FXGLAssetLoaderServi - Loading from file system: file:/D:/Gonvival/game/target/classes/assets/sounds/button_click.mp3
04:41:12.362 [FXGL Background Thread 1 ] DEBUG FXGL.DefaultMenu     - createMenuBodyGameMenu()
04:41:12.380 [FXGL Background Thread 1 ] DEBUG FXGL.DefaultMenu     - createOptionsMenu()
04:41:12.396 [FXGL Background Thread 1 ] DEBUG FXGLAssetLoaderServi - Loading from file system: jar:file:/C:/Users/HP/.m2/repository/com/github/almasb/fxgl/21.1/fxgl-21.1.jar!/fxglassets/textures/particles/smoke.png
04:41:12.550 [FXGL Background Thread 1 ] DEBUG FXGLAssetLoaderServi - Loading from file system: jar:file:/C:/Users/HP/.m2/repository/com/github/almasb/fxgl/21.1/fxgl-21.1.jar!/fxglassets/textures/particles/trace_horizontal.png
04:41:12.579 [FXGL Background Thread 1 ] DEBUG GameApplicationServi - Application scenes initialized
04:41:12.595 [FXGL Background Thread 1 ] DEBUG SystemBundleService  - Loading FXGL system data
04:41:12.603 [FXGL Background Thread 1 ] DEBUG FileSystemAccess     - Reading from: D:\Gonvival\system\fxgl.bundle
04:41:12.617 [FXGL Background Thread 1 ] DEBUG SystemBundleService  - Bundle FXGL: {}
04:41:12.617 [FXGL Background Thread 1 ] DEBUG UpdaterService       - Checking for updates
04:41:12.626 [FXGL Background Thread 4 ] DEBUG FXGLApplication      - Loading fonts
04:41:12.627 [FXGL Background Thread 4 ] DEBUG FXGLAssetLoaderServi - Loading from file system: jar:file:/C:/Users/HP/.m2/repository/com/github/almasb/fxgl/21.1/fxgl-21.1.jar!/fxglassets/ui/fonts/VarelaRound-Regular.ttf
04:41:12.628 [FXGL Background Thread 1 ] DEBUG FXGLApplication      - Loading default localization
04:41:12.629 [FXGL Background Thread 1 ] DEBUG FXGLAssetLoaderServi - Loading from file system: jar:file:/C:/Users/HP/.m2/repository/com/github/almasb/fxgl/21.1/fxgl-21.1.jar!/fxglassets/languages/english.lang
04:41:12.704 [FXGL Background Thread 1 ] INFO  FXGLApplication      - FXGL initialization took: 0.963 sec
04:41:12.705 [FXGL Background Thread 4 ] DEBUG FXGLAssetLoaderServi - Loading from file system: jar:file:/C:/Users/HP/.m2/repository/com/github/almasb/fxgl/21.1/fxgl-21.1.jar!/fxglassets/ui/fonts/Abel-Regular.ttf
04:41:12.705 [JavaFX Application Thread] DEBUG FXGLAssetLoaderServi - Loading from file system: jar:file:/C:/Users/HP/.m2/repository/com/github/almasb/fxgl/21.1/fxgl-21.1.jar!/fxglassets/textures/fxgl_icon.png
04:41:12.710 [FXGL Background Thread 4 ] DEBUG FXGLAssetLoaderServi - Loading from file system: jar:file:/C:/Users/HP/.m2/repository/com/github/almasb/fxgl/21.1/fxgl-21.1.jar!/fxglassets/ui/fonts/TerminalLandMono-Regular.otf
04:41:12.715 [FXGL Background Thread 4 ] DEBUG FXGLAssetLoaderServi - Loading from file system: jar:file:/C:/Users/HP/.m2/repository/com/github/almasb/fxgl/21.1/fxgl-21.1.jar!/fxglassets/ui/fonts/Courier-Prime.ttf
04:41:12.732 [JavaFX Application Thread] DEBUG FXGLAssetLoaderServi - Loading from file system: jar:file:/C:/Users/HP/.m2/repository/com/github/almasb/fxgl/21.1/fxgl-21.1.jar!/fxglassets/textures/fxgl_default_cursor.png
04:41:12.750 [JavaFX Application Thread] DEBUG Input                - Registered new binding: Screenshot - CTRL+8
04:41:12.752 [JavaFX Application Thread] DEBUG Input                - Registered new binding: System info dump - CTRL+9
04:41:12.752 [JavaFX Application Thread] DEBUG Input                - Registered new binding: Restart - CTRL+R
04:41:12.754 [JavaFX Application Thread] DEBUG Input                - Registered new binding: Toggle Debug Camera - CTRL+7
04:41:12.761 [JavaFX Application Thread] DEBUG LoopRunner           - Starting loop
04:41:12.761 [JavaFX Application Thread] DEBUG LoopRunner           - Initializing JavaFX AnimationTimerLoop
04:41:12.766 [JavaFX Application Thread] DEBUG Input                - Clearing active input actions
04:41:12.778 [JavaFX Application Thread] DEBUG GameApplicationServi - Removing overlay from FXGLStartupScene and adding to FXGLMainMenuDummyScene
04:41:12.778 [JavaFX Application Thread] DEBUG PrimaryStageWindow   - FXGLStartupScene -> FXGLMainMenuDummyScene
04:41:12.779 [JavaFX Application Thread] DEBUG PrimaryStageWindow   - Push state: StartScreen
04:41:12.779 [JavaFX Application Thread] DEBUG Input                - Clearing active input actions
04:41:12.791 [JavaFX Application Thread] DEBUG GameApplicationServi - Removing overlay from FXGLMainMenuDummyScene and adding to StartScreen
04:41:12.792 [JavaFX Application Thread] DEBUG PrimaryStageWindow   - FXGLMainMenuDummyScene -> StartScreen
04:41:12.798 [JavaFX Application Thread] DEBUG FXGLApplication      - Registering font factories with UI factory
04:41:13.985 [JavaFX Application Thread] DEBUG Menu                 - fireNewGame()
04:41:13.985 [JavaFX Application Thread] DEBUG GameApplicationServi - Starting new game
04:41:13.985 [JavaFX Application Thread] DEBUG PrimaryStageWindow   - Pop state: StartScreen
04:41:13.985 [JavaFX Application Thread] DEBUG Input                - Clearing active input actions
04:41:13.986 [JavaFX Application Thread] DEBUG GameApplicationServi - Removing overlay from StartScreen and adding to FXGLMainMenuDummyScene
04:41:13.988 [JavaFX Application Thread] DEBUG PrimaryStageWindow   - FXGLMainMenuDummyScene <- StartScreen
04:41:13.989 [JavaFX Application Thread] DEBUG Input                - Clearing active input actions
04:41:14.001 [JavaFX Application Thread] DEBUG GameApplicationServi - Removing overlay from FXGLMainMenuDummyScene and adding to FXGLLoadingScene
04:41:14.002 [JavaFX Application Thread] DEBUG PrimaryStageWindow   - FXGLMainMenuDummyScene -> FXGLLoadingScene
04:41:14.003 [JavaFX Application Thread] DEBUG GameApplicationServi - Clearing previous game
04:41:14.003 [JavaFX Application Thread] DEBUG GameScene            - Clearing game scene
04:41:14.003 [JavaFX Application Thread] DEBUG GameWorld            - Clearing game world
04:41:14.003 [JavaFX Application Thread] DEBUG PhysicsWorld         - Clearing physics world
04:41:14.008 [FXGL Background Thread 2 ] DEBUG FXGLApplication      - Initializing game
04:41:14.029 [FXGL Background Thread 2 ] DEBUG FXGLAssetLoaderServi - Loading from file system: file:/D:/Gonvival/game/target/classes/assets/textures/newmap2.png
04:41:14.118 [FXGL Background Thread 2 ] DEBUG FXGLAssetLoaderServi - Loading from file system: file:/D:/Gonvival/game/target/classes/assets/textures/idle_down.png
04:41:14.122 [FXGL Background Thread 2 ] DEBUG FXGLAssetLoaderServi - Loading from file system: file:/D:/Gonvival/game/target/classes/assets/textures/idle_up.png
04:41:14.123 [FXGL Background Thread 2 ] DEBUG FXGLAssetLoaderServi - Loading from file system: file:/D:/Gonvival/game/target/classes/assets/textures/idle_left_down.png
04:41:14.126 [FXGL Background Thread 2 ] DEBUG FXGLAssetLoaderServi - Loading from file system: file:/D:/Gonvival/game/target/classes/assets/textures/idle_left_up.png
04:41:14.127 [FXGL Background Thread 2 ] DEBUG FXGLAssetLoaderServi - Loading from file system: file:/D:/Gonvival/game/target/classes/assets/textures/idle_right_down.png
04:41:14.129 [FXGL Background Thread 2 ] DEBUG FXGLAssetLoaderServi - Loading from file system: file:/D:/Gonvival/game/target/classes/assets/textures/idle_right_up.png
04:41:14.130 [FXGL Background Thread 2 ] DEBUG FXGLAssetLoaderServi - Loading from file system: file:/D:/Gonvival/game/target/classes/assets/textures/walk_left_down.png
04:41:14.132 [FXGL Background Thread 2 ] DEBUG FXGLAssetLoaderServi - Loading from file system: file:/D:/Gonvival/game/target/classes/assets/textures/walk_right_down.png
04:41:14.134 [FXGL Background Thread 2 ] DEBUG FXGLAssetLoaderServi - Loading from file system: file:/D:/Gonvival/game/target/classes/assets/textures/walk_up.png
04:41:14.136 [FXGL Background Thread 2 ] DEBUG FXGLAssetLoaderServi - Loading from file system: file:/D:/Gonvival/game/target/classes/assets/textures/walk_down.png
04:41:14.137 [FXGL Background Thread 2 ] DEBUG FXGLAssetLoaderServi - Loading from file system: file:/D:/Gonvival/game/target/classes/assets/textures/walk_left_up.png
04:41:14.138 [FXGL Background Thread 2 ] DEBUG FXGLAssetLoaderServi - Loading from file system: file:/D:/Gonvival/game/target/classes/assets/textures/walk_right_up.png
04:41:14.151 [FXGL Background Thread 2 ] INFO  FXGLApplication      - Game initialization took: 0.144 sec
04:41:14.152 [JavaFX Application Thread] DEBUG Input                - Clearing active input actions
04:41:14.158 [JavaFX Application Thread] DEBUG GameApplicationServi - Removing overlay from FXGLLoadingScene and adding to GameScene
04:41:14.158 [JavaFX Application Thread] DEBUG PrimaryStageWindow   - FXGLLoadingScene -> GameScene
04:41:14.250 [JavaFX Application Thread] DEBUG Input                - Registered new binding: SHOOT - LMB
04:41:14.251 [JavaFX Application Thread] DEBUG Input                - Registered new binding: MOVE LEFT - A
04:41:14.251 [JavaFX Application Thread] DEBUG Input                - Registered new binding: MOVE RIGHT - D
04:41:14.251 [JavaFX Application Thread] DEBUG Input                - Registered new binding: MOVE UP - W
04:41:14.251 [JavaFX Application Thread] DEBUG Input                - Registered new binding: MOVE DOWN - S
04:41:14.746 [JavaFX Application Thread] DEBUG FXGLAssetLoaderServi - Loading from file system: file:/D:/Gonvival/game/target/classes/assets/textures/GraveRevenant.png
04:41:15.438 [JavaFX Application Thread] DEBUG FXGLAssetLoaderServi - Loading from file system: file:/D:/Gonvival/game/target/classes/assets/textures/IdleBoss.png
04:41:15.497 [JavaFX Application Thread] DEBUG FXGLAssetLoaderServi - Loading from file system: file:/D:/Gonvival/game/target/classes/assets/textures/BossSkill.png
04:41:15.505 [JavaFX Application Thread] WARN  GameWorld            - Entity is already attached to world
04:41:15.507 [JavaFX Application Thread] DEBUG PrimaryStageWindow   - Push state: DialogSubScene
04:41:15.507 [JavaFX Application Thread] DEBUG Input                - Clearing active input actions
04:41:15.508 [JavaFX Application Thread] DEBUG GameApplicationServi - Removing overlay from GameScene and adding to DialogSubScene
04:41:15.508 [JavaFX Application Thread] DEBUG PrimaryStageWindow   - GameScene -> DialogSubScene
04:41:15.570 [JavaFX Application Thread] DEBUG PrimaryStageWindow   - Pop state: DialogSubScene
04:41:15.571 [JavaFX Application Thread] DEBUG Input                - Clearing active input actions
04:41:15.571 [JavaFX Application Thread] DEBUG GameApplicationServi - Removing overlay from DialogSubScene and adding to GameScene
04:41:15.571 [JavaFX Application Thread] DEBUG PrimaryStageWindow   - GameScene <- DialogSubScene
04:41:15.623 [FXGL Background Thread 3 ] DEBUG Engine               - Logging environment variables
04:41:15.624 [FXGL Background Thread 3 ] DEBUG Engine               - achievements: []
04:41:15.624 [FXGL Background Thread 3 ] DEBUG Engine               - actualHeight: 800.0
04:41:15.624 [FXGL Background Thread 3 ] DEBUG Engine               - actualHeightProperty: ReadOnlyDoubleProperty [value: 800.0]
04:41:15.624 [FXGL Background Thread 3 ] DEBUG Engine               - actualWidth: 800.0
04:41:15.624 [FXGL Background Thread 3 ] DEBUG Engine               - actualWidthProperty: ReadOnlyDoubleProperty [value: 800.0]
04:41:15.624 [FXGL Background Thread 3 ] DEBUG Engine               - appIcon: fxgl_icon.png
04:41:15.624 [FXGL Background Thread 3 ] DEBUG Engine               - applicationMode: DEVELOPER
04:41:15.625 [FXGL Background Thread 3 ] DEBUG Engine               - cSSList: [fxgl_dark.css]
04:41:15.625 [FXGL Background Thread 3 ] DEBUG Engine               - collisionDetectionStrategy: BRUTE_FORCE
04:41:15.625 [FXGL Background Thread 3 ] DEBUG Engine               - configClass: Optional.empty
04:41:15.625 [FXGL Background Thread 3 ] DEBUG Engine               - credits: []
04:41:15.625 [FXGL Background Thread 3 ] DEBUG Engine               - defaultCursor: CursorInfo(imageName=fxgl_default_cursor.png, hotspotX=7.0, hotspotY=6.0)
04:41:15.626 [FXGL Background Thread 3 ] DEBUG Engine               - devBBoxColorProperty: ObjectProperty [value: 0xff0000ff]
04:41:15.626 [FXGL Background Thread 3 ] DEBUG Engine               - devEnableDebugCameraProperty: BooleanProperty [value: false]
04:41:15.626 [FXGL Background Thread 3 ] DEBUG Engine               - devSensorColorProperty: ObjectProperty [value: 0xffff00ff]
04:41:15.626 [FXGL Background Thread 3 ] DEBUG Engine               - devShowBBoxProperty: BooleanProperty [value: false]
04:41:15.626 [FXGL Background Thread 3 ] DEBUG Engine               - devShowPositionProperty: BooleanProperty [value: false]
04:41:15.626 [FXGL Background Thread 3 ] DEBUG Engine               - enabledMenuItems: []
04:41:15.626 [FXGL Background Thread 3 ] DEBUG Engine               - engineServices: [class com.almasb.fxgl.app.services.FXGLAssetLoaderService, class com.almasb.fxgl.app.FXGLApplication$GameApplicationService, class com.almasb.fxgl.app.services.FXGLDialogService, class com.almasb.fxgl.app.services.IOTaskExecutorService, class com.almasb.fxgl.io.FileSystemService, class com.almasb.fxgl.localization.LocalizationService, class com.almasb.fxgl.app.services.SystemBundleService, class com.almasb.fxgl.profile.SaveLoadService, class com.almasb.fxgl.ui.FXGLUIFactoryServiceProvider, class com.almasb.fxgl.ui.FXGLDialogFactoryServiceProvider, class com.almasb.fxgl.audio.AudioPlayer, class com.almasb.fxgl.notification.impl.NotificationServiceProvider, class com.almasb.fxgl.achievement.AchievementService, class com.almasb.fxgl.cutscene.CutsceneService, class com.almasb.fxgl.minigames.MiniGameService, class com.almasb.fxgl.net.NetService, class com.almasb.fxgl.app.services.UpdaterService, class com.almasb.fxgl.dev.DevService]
04:41:15.627 [FXGL Background Thread 3 ] DEBUG Engine               - fontGame: Abel-Regular.ttf
04:41:15.627 [FXGL Background Thread 3 ] DEBUG Engine               - fontMono: TerminalLandMono-Regular.otf
04:41:15.627 [FXGL Background Thread 3 ] DEBUG Engine               - fontSizeScaleUI: 1.0
04:41:15.627 [FXGL Background Thread 3 ] DEBUG Engine               - fontText: Courier-Prime.ttf
04:41:15.627 [FXGL Background Thread 3 ] DEBUG Engine               - fontUI: VarelaRound-Regular.ttf
04:41:15.627 [FXGL Background Thread 3 ] DEBUG Engine               - fullScreen: BooleanProperty [value: false]
04:41:15.627 [FXGL Background Thread 3 ] DEBUG Engine               - gameDifficulty: MEDIUM
04:41:15.627 [FXGL Background Thread 3 ] DEBUG Engine               - gameDifficultyProperty: ObjectProperty [value: MEDIUM]
04:41:15.627 [FXGL Background Thread 3 ] DEBUG Engine               - globalMusicVolume: 0.5
04:41:15.627 [FXGL Background Thread 3 ] DEBUG Engine               - globalMusicVolumeProperty: DoubleProperty [value: 1.0]
04:41:15.628 [FXGL Background Thread 3 ] DEBUG Engine               - globalSoundVolume: 0.5
04:41:15.628 [FXGL Background Thread 3 ] DEBUG Engine               - globalSoundVolumeProperty: DoubleProperty [value: 1.0]
04:41:15.628 [FXGL Background Thread 3 ] DEBUG Engine               - height: 800
04:41:15.628 [FXGL Background Thread 3 ] DEBUG Engine               - is3D: false
04:41:15.628 [FXGL Background Thread 3 ] DEBUG Engine               - isAndroid: false
04:41:15.628 [FXGL Background Thread 3 ] DEBUG Engine               - isBrowser: false
04:41:15.628 [FXGL Background Thread 3 ] DEBUG Engine               - isClickFeedbackEnabled: false
04:41:15.628 [FXGL Background Thread 3 ] DEBUG Engine               - isCloseConfirmation: false
04:41:15.629 [FXGL Background Thread 3 ] DEBUG Engine               - isDesktop: true
04:41:15.629 [FXGL Background Thread 3 ] DEBUG Engine               - isDeveloperMenuEnabled: false
04:41:15.629 [FXGL Background Thread 3 ] DEBUG Engine               - isEmbedded: false
04:41:15.629 [FXGL Background Thread 3 ] DEBUG Engine               - isEntityPreloadEnabled: true
04:41:15.629 [FXGL Background Thread 3 ] DEBUG Engine               - isExperimentalTiledLargeMap: false
04:41:15.629 [FXGL Background Thread 3 ] DEBUG Engine               - isFileSystemWriteAllowed: true
04:41:15.629 [FXGL Background Thread 3 ] DEBUG Engine               - isFullScreenAllowed: false
04:41:15.629 [FXGL Background Thread 3 ] DEBUG Engine               - isFullScreenFromStart: false
04:41:15.629 [FXGL Background Thread 3 ] DEBUG Engine               - isGameMenuEnabled: true
04:41:15.629 [FXGL Background Thread 3 ] DEBUG Engine               - isIOS: false
04:41:15.629 [FXGL Background Thread 3 ] DEBUG Engine               - isIntroEnabled: false
04:41:15.629 [FXGL Background Thread 3 ] DEBUG Engine               - isLinux: false
04:41:15.629 [FXGL Background Thread 3 ] DEBUG Engine               - isMac: false
04:41:15.629 [FXGL Background Thread 3 ] DEBUG Engine               - isMainMenuEnabled: true
04:41:15.629 [FXGL Background Thread 3 ] DEBUG Engine               - isManualResizeEnabled: false
04:41:15.630 [FXGL Background Thread 3 ] DEBUG Engine               - isMobile: false
04:41:15.630 [FXGL Background Thread 3 ] DEBUG Engine               - isNative: false
04:41:15.630 [FXGL Background Thread 3 ] DEBUG Engine               - isPauseMusicWhenMinimized: true
04:41:15.630 [FXGL Background Thread 3 ] DEBUG Engine               - isPreserveResizeRatio: false
04:41:15.630 [FXGL Background Thread 3 ] DEBUG Engine               - isProfilingEnabled: false
04:41:15.630 [FXGL Background Thread 3 ] DEBUG Engine               - isScaleAffectedOnResize: true
04:41:15.630 [FXGL Background Thread 3 ] DEBUG Engine               - isSingleStep: false
04:41:15.630 [FXGL Background Thread 3 ] DEBUG Engine               - isUserProfileEnabled: false
04:41:15.630 [FXGL Background Thread 3 ] DEBUG Engine               - isWindows: true
04:41:15.630 [FXGL Background Thread 3 ] DEBUG Engine               - language: ObjectProperty [value: ENGLISH]
04:41:15.630 [FXGL Background Thread 3 ] DEBUG Engine               - menuKey: ESCAPE
04:41:15.631 [FXGL Background Thread 3 ] DEBUG Engine               - mouseSensitivity: 0.2
04:41:15.631 [FXGL Background Thread 3 ] DEBUG Engine               - notificationViewClass: class com.almasb.fxgl.notification.view.XboxNotificationView
04:41:15.631 [FXGL Background Thread 3 ] DEBUG Engine               - pixelsPerMeter: 50.0
04:41:15.631 [FXGL Background Thread 3 ] DEBUG Engine               - platform: WINDOWS
04:41:15.631 [FXGL Background Thread 3 ] DEBUG Engine               - prefHeightProperty: ReadOnlyDoubleProperty [value: 800.0]
04:41:15.631 [FXGL Background Thread 3 ] DEBUG Engine               - prefWidthProperty: ReadOnlyDoubleProperty [value: 800.0]
04:41:15.631 [FXGL Background Thread 3 ] DEBUG Engine               - profileDir: profiles/
04:41:15.631 [FXGL Background Thread 3 ] DEBUG Engine               - profileName: StringProperty [value: DEFAULT]
04:41:15.631 [FXGL Background Thread 3 ] DEBUG Engine               - randomSeed: -1
04:41:15.632 [FXGL Background Thread 3 ] DEBUG Engine               - runtimeInfo: RuntimeInfo(platform=WINDOWS, version=21.1, build=27.03.2024 07.52)
04:41:15.632 [FXGL Background Thread 3 ] DEBUG Engine               - saveFileExt: sav
04:41:15.632 [FXGL Background Thread 3 ] DEBUG Engine               - scaledHeightProp$fxgl: DoubleProperty [bound, value: 800.0]
04:41:15.632 [FXGL Background Thread 3 ] DEBUG Engine               - scaledWidthProp$fxgl: DoubleProperty [bound, value: 800.0]
04:41:15.632 [FXGL Background Thread 3 ] DEBUG Engine               - sceneFactory: com.lab.App$1@47479233
04:41:15.633 [FXGL Background Thread 3 ] DEBUG Engine               - secondsIn24h: 60
04:41:15.633 [FXGL Background Thread 3 ] DEBUG Engine               - soundMenuBack: menu/back.wav
04:41:15.633 [FXGL Background Thread 3 ] DEBUG Engine               - soundMenuPress: menu/press.wav
04:41:15.633 [FXGL Background Thread 3 ] DEBUG Engine               - soundMenuSelect: menu/select.wav
04:41:15.633 [FXGL Background Thread 3 ] DEBUG Engine               - soundNotification: core/notification.wav
04:41:15.633 [FXGL Background Thread 3 ] DEBUG Engine               - stageStyle: DECORATED
04:41:15.633 [FXGL Background Thread 3 ] DEBUG Engine               - supportedLanguages: [ENGLISH, FRENCH, GERMAN, HUNGARIAN, RUSSIAN]
04:41:15.633 [FXGL Background Thread 3 ] DEBUG Engine               - ticksPerSecond: -1
04:41:15.633 [FXGL Background Thread 3 ] DEBUG Engine               - title: Gonvival
04:41:15.633 [FXGL Background Thread 3 ] DEBUG Engine               - urlGithub: https://github.com/AlmasB/FXGL
04:41:15.633 [FXGL Background Thread 3 ] DEBUG Engine               - urlLeaderboard: http://fxgl-top.herokuapp.com/
04:41:15.633 [FXGL Background Thread 3 ] DEBUG Engine               - urlPOM: https://raw.githubusercontent.com/AlmasB/FXGL/release/README.md
04:41:15.633 [FXGL Background Thread 3 ] DEBUG Engine               - userAppClass: class com.lab.App
04:41:15.633 [FXGL Background Thread 3 ] DEBUG Engine               - version: beta
04:41:15.633 [FXGL Background Thread 3 ] DEBUG Engine               - versionCheckDays: 7
04:41:15.633 [FXGL Background Thread 3 ] DEBUG Engine               - width: 800
04:41:15.633 [FXGL Background Thread 3 ] DEBUG Engine               - Logging services
04:41:15.633 [FXGL Background Thread 3 ] DEBUG Engine               - class com.almasb.fxgl.app.services.FXGLAssetLoaderService
04:41:15.633 [FXGL Background Thread 3 ] DEBUG Engine               - class com.almasb.fxgl.app.FXGLApplication$GameApplicationService
04:41:15.633 [FXGL Background Thread 3 ] DEBUG Engine               - class com.almasb.fxgl.app.services.FXGLDialogService
04:41:15.633 [FXGL Background Thread 3 ] DEBUG Engine               - class com.almasb.fxgl.app.services.IOTaskExecutorService
04:41:15.633 [FXGL Background Thread 3 ] DEBUG Engine               - class com.almasb.fxgl.io.FileSystemService
04:41:15.633 [FXGL Background Thread 3 ] DEBUG Engine               - class com.almasb.fxgl.localization.LocalizationService
04:41:15.633 [FXGL Background Thread 3 ] DEBUG Engine               - class com.almasb.fxgl.app.services.SystemBundleService
04:41:15.633 [FXGL Background Thread 3 ] DEBUG Engine               - class com.almasb.fxgl.profile.SaveLoadService
04:41:15.633 [FXGL Background Thread 3 ] DEBUG Engine               - class com.almasb.fxgl.ui.FXGLUIFactoryServiceProvider
04:41:15.634 [FXGL Background Thread 3 ] DEBUG Engine               - class com.almasb.fxgl.ui.FXGLDialogFactoryServiceProvider
04:41:15.634 [FXGL Background Thread 3 ] DEBUG Engine               - class com.almasb.fxgl.audio.AudioPlayer
04:41:15.634 [FXGL Background Thread 3 ] DEBUG Engine               - class com.almasb.fxgl.notification.impl.NotificationServiceProvider
04:41:15.634 [FXGL Background Thread 3 ] DEBUG Engine               - class com.almasb.fxgl.achievement.AchievementService
04:41:15.634 [FXGL Background Thread 3 ] DEBUG Engine               - class com.almasb.fxgl.cutscene.CutsceneService
04:41:15.634 [FXGL Background Thread 3 ] DEBUG Engine               - class com.almasb.fxgl.minigames.MiniGameService
04:41:15.634 [FXGL Background Thread 3 ] DEBUG Engine               - class com.almasb.fxgl.net.NetService
04:41:15.634 [FXGL Background Thread 3 ] DEBUG Engine               - class com.almasb.fxgl.app.services.UpdaterService
04:41:15.634 [FXGL Background Thread 3 ] DEBUG Engine               - class com.almasb.fxgl.dev.DevService
04:41:16.621 [JavaFX Application Thread] DEBUG FXGLAssetLoaderServi - Loading from file system: file:/D:/Gonvival/game/target/classes/assets/textures/arrow.png
04:41:18.305 [JavaFX Application Thread] DEBUG PrimaryStageWindow   - Push state: DialogSubScene
04:41:18.305 [JavaFX Application Thread] DEBUG Input                - Clearing active input actions
04:41:18.305 [JavaFX Application Thread] DEBUG GameApplicationServi - Removing overlay from GameScene and adding to DialogSubScene
04:41:18.305 [JavaFX Application Thread] DEBUG PrimaryStageWindow   - GameScene -> DialogSubScene
04:41:19.413 [JavaFX Application Thread] DEBUG GameWorld            - Clearing game world
04:41:19.416 [JavaFX Application Thread] DEBUG PrimaryStageWindow   - Pop state: DialogSubScene
04:41:19.416 [JavaFX Application Thread] DEBUG Input                - Clearing active input actions
04:41:19.416 [JavaFX Application Thread] DEBUG GameApplicationServi - Removing overlay from DialogSubScene and adding to GameScene
04:41:19.417 [JavaFX Application Thread] DEBUG PrimaryStageWindow   - GameScene <- DialogSubScene
04:41:19.417 [JavaFX Application Thread] DEBUG Input                - Clearing active input actions
04:41:19.429 [JavaFX Application Thread] DEBUG GameApplicationServi - Removing overlay from GameScene and adding to FXGLMainMenuDummyScene
04:41:19.429 [JavaFX Application Thread] DEBUG PrimaryStageWindow   - GameScene -> FXGLMainMenuDummyScene
04:41:19.430 [JavaFX Application Thread] DEBUG PrimaryStageWindow   - Push state: StartScreen
04:41:19.430 [JavaFX Application Thread] DEBUG Input                - Clearing active input actions
04:41:19.432 [JavaFX Application Thread] DEBUG GameApplicationServi - Removing overlay from FXGLMainMenuDummyScene and adding to StartScreen
04:41:19.432 [JavaFX Application Thread] DEBUG PrimaryStageWindow   - FXGLMainMenuDummyScene -> StartScreen
04:41:19.959 [JavaFX Application Thread] DEBUG Menu                 - fireNewGame()
04:41:19.959 [JavaFX Application Thread] DEBUG GameApplicationServi - Starting new game
04:41:19.959 [JavaFX Application Thread] DEBUG PrimaryStageWindow   - Pop state: StartScreen
04:41:19.959 [JavaFX Application Thread] DEBUG Input                - Clearing active input actions
04:41:19.959 [JavaFX Application Thread] DEBUG GameApplicationServi - Removing overlay from StartScreen and adding to FXGLMainMenuDummyScene
04:41:19.960 [JavaFX Application Thread] DEBUG PrimaryStageWindow   - FXGLMainMenuDummyScene <- StartScreen
04:41:19.960 [JavaFX Application Thread] DEBUG Input                - Clearing active input actions
04:41:19.969 [JavaFX Application Thread] DEBUG GameApplicationServi - Removing overlay from FXGLMainMenuDummyScene and adding to FXGLLoadingScene
04:41:19.970 [JavaFX Application Thread] DEBUG PrimaryStageWindow   - FXGLMainMenuDummyScene -> FXGLLoadingScene
04:41:19.970 [JavaFX Application Thread] DEBUG GameApplicationServi - Clearing previous game
04:41:19.970 [JavaFX Application Thread] DEBUG GameScene            - Clearing game scene
04:41:19.970 [JavaFX Application Thread] DEBUG GameWorld            - Clearing game world
04:41:19.970 [JavaFX Application Thread] DEBUG PhysicsWorld         - Clearing physics world
04:41:19.970 [FXGL Background Thread 2 ] DEBUG FXGLApplication      - Initializing game
04:41:19.981 [FXGL Background Thread 2 ] INFO  FXGLApplication      - Game initialization took: 0.010 sec
04:41:19.981 [JavaFX Application Thread] DEBUG Input                - Clearing active input actions
04:41:19.986 [JavaFX Application Thread] DEBUG GameApplicationServi - Removing overlay from FXGLLoadingScene and adding to GameScene
04:41:19.986 [JavaFX Application Thread] DEBUG PrimaryStageWindow   - FXGLLoadingScene -> GameScene
04:41:21.831 [JavaFX Application Thread] WARN  GameWorld            - Entity is already attached to world
04:41:21.832 [JavaFX Application Thread] DEBUG PrimaryStageWindow   - Push state: DialogSubScene
04:41:21.832 [JavaFX Application Thread] DEBUG Input                - Clearing active input actions
04:41:21.832 [JavaFX Application Thread] DEBUG GameApplicationServi - Removing overlay from GameScene and adding to DialogSubScene
04:41:21.833 [JavaFX Application Thread] DEBUG PrimaryStageWindow   - GameScene -> DialogSubScene
04:41:22.303 [JavaFX Application Thread] DEBUG PrimaryStageWindow   - Pop state: DialogSubScene
04:41:22.303 [JavaFX Application Thread] DEBUG Input                - Clearing active input actions
04:41:22.303 [JavaFX Application Thread] DEBUG GameApplicationServi - Removing overlay from DialogSubScene and adding to GameScene
04:41:22.304 [JavaFX Application Thread] DEBUG PrimaryStageWindow   - GameScene <- DialogSubScene
04:41:28.240 [JavaFX Application Thread] DEBUG PrimaryStageWindow   - Push state: DialogSubScene
04:41:28.240 [JavaFX Application Thread] DEBUG Input                - Clearing active input actions
04:41:28.241 [JavaFX Application Thread] DEBUG GameApplicationServi - Removing overlay from GameScene and adding to DialogSubScene
04:41:28.241 [JavaFX Application Thread] DEBUG PrimaryStageWindow   - GameScene -> DialogSubScene
04:41:29.277 [JavaFX Application Thread] DEBUG GameWorld            - Clearing game world
04:41:29.279 [JavaFX Application Thread] DEBUG PrimaryStageWindow   - Pop state: DialogSubScene
04:41:29.279 [JavaFX Application Thread] DEBUG Input                - Clearing active input actions
04:41:29.279 [JavaFX Application Thread] DEBUG GameApplicationServi - Removing overlay from DialogSubScene and adding to GameScene
04:41:29.279 [JavaFX Application Thread] DEBUG PrimaryStageWindow   - GameScene <- DialogSubScene
04:41:29.280 [JavaFX Application Thread] DEBUG Input                - Clearing active input actions
04:41:29.283 [JavaFX Application Thread] DEBUG GameApplicationServi - Removing overlay from GameScene and adding to FXGLMainMenuDummyScene
04:41:29.283 [JavaFX Application Thread] DEBUG PrimaryStageWindow   - GameScene -> FXGLMainMenuDummyScene
04:41:29.283 [JavaFX Application Thread] DEBUG PrimaryStageWindow   - Push state: StartScreen
04:41:29.283 [JavaFX Application Thread] DEBUG Input                - Clearing active input actions
04:41:29.284 [JavaFX Application Thread] DEBUG GameApplicationServi - Removing overlay from FXGLMainMenuDummyScene and adding to StartScreen
04:41:29.284 [JavaFX Application Thread] DEBUG PrimaryStageWindow   - FXGLMainMenuDummyScene -> StartScreen
04:41:31.895 [JavaFX Application Thread] DEBUG FXGLApplication      - Exiting FXGL
04:41:31.895 [JavaFX Application Thread] DEBUG LoopRunner           - Stopping loop
04:41:31.896 [JavaFX Application Thread] DEBUG SystemBundleService  - Saving FXGL system data
04:41:31.898 [JavaFX Application Thread] DEBUG FileSystemAccess     - Writing to: D:\Gonvival\system\fxgl.bundle
04:41:31.901 [JavaFX Application Thread] DEBUG Async                - Shutting down background threads
04:41:31.901 [JavaFX Application Thread] DEBUG PrimaryStageWindow   - Closing main window
04:41:31.936 [JavaFX Application Thread] DEBUG Logger               - Closing Logger
