23:56:48.842 [main                     ] DEBUG Logger               - Configured Logger
23:56:48.896 [main                     ] DEBUG GameApplication      - Logging settings
Title: Gonvival
Version: beta
Width: 800
Height: 600
Fullscreen: false
Intro: false
Profiling: false
Single step:false
App Mode: DEVELOPER
Menu Key: ESCAPE
Stage Style: DECORATED
Scene Factory: class com.almasb.fxgl.app.scene.SceneFactory

23:56:50.627 [JavaFX Application Thread] DEBUG FXGLApplication      - Initializing FXGL
23:56:50.631 [JavaFX Application Thread] INFO  Engine               - FXGL-21.1 (27.03.2024 07.52) on WINDOWS (J:21.0.5 FX:21.0.1)
23:56:50.632 [JavaFX Application Thread] DEBUG Engine               - JRE Vendor Name: Eclipse Adoptium
23:56:50.632 [JavaFX Application Thread] DEBUG Engine               - Running on OS: Windows 11 version 10.0
23:56:50.632 [JavaFX Application Thread] DEBUG Engine               - Architecture: amd64
23:56:50.633 [JavaFX Application Thread] INFO  Engine               - Source code and latest versions at: https://github.com/AlmasB/FXGL
23:56:50.633 [JavaFX Application Thread] INFO  Engine               -       Ask questions and discuss at: https://github.com/AlmasB/FXGL/discussions
23:56:50.634 [JavaFX Application Thread] INFO  Engine               -              Join the FXGL chat at: https://gitter.im/AlmasB/FXGL
23:56:50.860 [JavaFX Application Thread] DEBUG PrimaryStageWindow   - Creating a JavaFX scene
23:56:50.920 [JavaFX Application Thread] DEBUG PrimaryStageWindow   - Target settings size: 800.0 x 600.0
23:56:50.920 [JavaFX Application Thread] DEBUG PrimaryStageWindow   - Scaled scene size:    800.0 x 600.0
23:56:50.921 [JavaFX Application Thread] DEBUG PrimaryStageWindow   - Scaled ratio: (1.0, 1.0)
23:56:50.922 [JavaFX Application Thread] DEBUG PrimaryStageWindow   - Set initial scene to FXGLStartupScene
23:56:50.925 [JavaFX Application Thread] DEBUG PrimaryStageWindow   - Opening main window
23:56:51.169 [JavaFX Application Thread] DEBUG PrimaryStageWindow   - Window border size: (14.4000244140625, 37.5999755859375)
23:56:51.171 [JavaFX Application Thread] DEBUG PrimaryStageWindow   - Scaled size: 800.0 x 600.0
23:56:51.172 [JavaFX Application Thread] DEBUG PrimaryStageWindow   - Scaled ratio: (1.0, 1.0)
23:56:51.173 [JavaFX Application Thread] DEBUG PrimaryStageWindow   - Scene size: 800.0 x 600.0
23:56:51.174 [JavaFX Application Thread] DEBUG PrimaryStageWindow   - Stage size: 814.4000244140625 x 637.5999755859375
23:56:51.204 [FXGL Background Thread 1 ] DEBUG Engine               - Initializing environment variables
23:56:51.309 [FXGL Background Thread 1 ] DEBUG FXGLAssetLoaderServi - User app class for loading assets: class com.lab.App
23:56:51.309 [FXGL Background Thread 1 ] DEBUG GameApplicationServi - Applying CSS: fxgl_dark.css
23:56:51.310 [FXGL Background Thread 1 ] DEBUG FXGLAssetLoaderServi - Loading from file system: jar:file:/C:/Users/HP/.m2/repository/com/github/almasb/fxgl/21.1/fxgl-21.1.jar!/fxglassets/ui/css/fxgl_dark.css
23:56:51.477 [FXGL Background Thread 1 ] DEBUG GameApplicationServi - Initializing application scenes
23:56:51.547 [FXGL Background Thread 1 ] DEBUG GameWorld            - Game world initialized
23:56:51.654 [FXGL Background Thread 1 ] DEBUG PhysicsWorld         - Physics world initialized: appHeight=600, physics.ppm=50.0
23:56:51.655 [FXGL Background Thread 1 ] DEBUG PhysicsWorld         - Using strategy: BRUTE_FORCE
23:56:51.663 [FXGL Background Thread 1 ] DEBUG GameScene            - Game scene initialized: 800x600
23:56:51.694 [FXGL Background Thread 1 ] DEBUG FXGL.DefaultMenu     - createMenuBodyGameMenu()
23:56:51.737 [FXGL Background Thread 1 ] DEBUG FXGL.DefaultMenu     - createOptionsMenu()
23:56:51.761 [FXGL Background Thread 1 ] DEBUG FXGLAssetLoaderServi - Loading from file system: jar:file:/C:/Users/HP/.m2/repository/com/github/almasb/fxgl/21.1/fxgl-21.1.jar!/fxglassets/textures/particles/smoke.png
23:56:51.978 [FXGL Background Thread 1 ] DEBUG FXGLAssetLoaderServi - Loading from file system: jar:file:/C:/Users/HP/.m2/repository/com/github/almasb/fxgl/21.1/fxgl-21.1.jar!/fxglassets/textures/particles/trace_horizontal.png
23:56:52.009 [FXGL Background Thread 1 ] DEBUG GameApplicationServi - Application scenes initialized
23:56:52.025 [FXGL Background Thread 1 ] DEBUG SystemBundleService  - Loading FXGL system data
23:56:52.031 [FXGL Background Thread 1 ] DEBUG FileSystemAccess     - Reading from: D:\Gonvival\system\fxgl.bundle
23:56:52.041 [FXGL Background Thread 1 ] DEBUG SystemBundleService  - Bundle FXGL: {}
23:56:52.042 [FXGL Background Thread 1 ] DEBUG UpdaterService       - Checking for updates
23:56:52.045 [FXGL Background Thread 4 ] DEBUG FXGLApplication      - Loading fonts
23:56:52.046 [FXGL Background Thread 4 ] DEBUG FXGLAssetLoaderServi - Loading from file system: jar:file:/C:/Users/HP/.m2/repository/com/github/almasb/fxgl/21.1/fxgl-21.1.jar!/fxglassets/ui/fonts/VarelaRound-Regular.ttf
23:56:52.048 [FXGL Background Thread 1 ] DEBUG FXGLApplication      - Loading default localization
23:56:52.049 [FXGL Background Thread 1 ] DEBUG FXGLAssetLoaderServi - Loading from file system: jar:file:/C:/Users/HP/.m2/repository/com/github/almasb/fxgl/21.1/fxgl-21.1.jar!/fxglassets/languages/english.lang
23:56:52.119 [FXGL Background Thread 4 ] DEBUG FXGLAssetLoaderServi - Loading from file system: jar:file:/C:/Users/HP/.m2/repository/com/github/almasb/fxgl/21.1/fxgl-21.1.jar!/fxglassets/ui/fonts/Abel-Regular.ttf
23:56:52.119 [FXGL Background Thread 1 ] INFO  FXGLApplication      - FXGL initialization took: 0.914 sec
23:56:52.125 [FXGL Background Thread 4 ] DEBUG FXGLAssetLoaderServi - Loading from file system: jar:file:/C:/Users/HP/.m2/repository/com/github/almasb/fxgl/21.1/fxgl-21.1.jar!/fxglassets/ui/fonts/TerminalLandMono-Regular.otf
23:56:52.129 [FXGL Background Thread 4 ] DEBUG FXGLAssetLoaderServi - Loading from file system: jar:file:/C:/Users/HP/.m2/repository/com/github/almasb/fxgl/21.1/fxgl-21.1.jar!/fxglassets/ui/fonts/Courier-Prime.ttf
23:56:52.138 [JavaFX Application Thread] DEBUG Input                - Registered new binding: Shoot - LMB
23:56:52.148 [JavaFX Application Thread] DEBUG Input                - Registered new binding: action0 - A
23:56:52.148 [JavaFX Application Thread] DEBUG Input                - Registered new binding: action1 - D
23:56:52.149 [JavaFX Application Thread] DEBUG Input                - Registered new binding: action2 - W
23:56:52.149 [JavaFX Application Thread] DEBUG Input                - Registered new binding: action3 - S
23:56:52.152 [JavaFX Application Thread] DEBUG FXGLAssetLoaderServi - Loading from file system: jar:file:/C:/Users/HP/.m2/repository/com/github/almasb/fxgl/21.1/fxgl-21.1.jar!/fxglassets/textures/fxgl_icon.png
23:56:52.182 [JavaFX Application Thread] DEBUG FXGLAssetLoaderServi - Loading from file system: jar:file:/C:/Users/HP/.m2/repository/com/github/almasb/fxgl/21.1/fxgl-21.1.jar!/fxglassets/textures/fxgl_default_cursor.png
23:56:52.185 [JavaFX Application Thread] DEBUG Input                - Registered new binding: Screenshot - CTRL+8
23:56:52.186 [JavaFX Application Thread] DEBUG Input                - Registered new binding: System info dump - CTRL+9
23:56:52.188 [JavaFX Application Thread] DEBUG Input                - Registered new binding: Restart - CTRL+R
23:56:52.189 [JavaFX Application Thread] DEBUG Input                - Registered new binding: Toggle Debug Camera - CTRL+7
23:56:52.199 [JavaFX Application Thread] DEBUG LoopRunner           - Starting loop
23:56:52.199 [JavaFX Application Thread] DEBUG LoopRunner           - Initializing JavaFX AnimationTimerLoop
23:56:52.202 [JavaFX Application Thread] DEBUG GameApplicationServi - Starting new game
23:56:52.204 [JavaFX Application Thread] DEBUG Input                - Clearing active input actions
23:56:52.230 [JavaFX Application Thread] DEBUG GameApplicationServi - Removing overlay from FXGLStartupScene and adding to FXGLLoadingScene
23:56:52.230 [JavaFX Application Thread] DEBUG PrimaryStageWindow   - FXGLStartupScene -> FXGLLoadingScene
23:56:52.231 [JavaFX Application Thread] DEBUG GameApplicationServi - Clearing previous game
23:56:52.231 [JavaFX Application Thread] DEBUG GameScene            - Clearing game scene
23:56:52.231 [JavaFX Application Thread] DEBUG GameWorld            - Clearing game world
23:56:52.231 [JavaFX Application Thread] DEBUG PhysicsWorld         - Clearing physics world
23:56:52.234 [FXGL Background Thread 4 ] DEBUG FXGLApplication      - Initializing game
23:56:52.238 [JavaFX Application Thread] DEBUG FXGLApplication      - Registering font factories with UI factory
23:56:52.256 [FXGL Background Thread 4 ] DEBUG FXGLAssetLoaderServi - Loading from file system: file:/D:/Gonvival/game/target/classes/assets/textures/g.png
23:56:52.267 [FXGL Background Thread 4 ] INFO  FXGLApplication      - Game initialization took: 0.033 sec
23:56:52.327 [JavaFX Application Thread] DEBUG Input                - Clearing active input actions
23:56:52.337 [JavaFX Application Thread] DEBUG GameApplicationServi - Removing overlay from FXGLLoadingScene and adding to GameScene
23:56:52.338 [JavaFX Application Thread] DEBUG PrimaryStageWindow   - FXGLLoadingScene -> GameScene
23:56:52.874 [JavaFX Application Thread] DEBUG FXGLAssetLoaderServi - Loading from file system: file:/D:/Gonvival/game/target/classes/assets/textures/arrow.png
23:56:52.923 [JavaFX Application Thread] WARN  Entity               - Entity already has component: com.almasb.fxgl.dsl.components.ProjectileComponent
23:56:53.213 [JavaFX Application Thread] DEBUG FXGLAssetLoaderServi - Loading from file system: file:/D:/Gonvival/game/target/classes/assets/textures/evil.png
23:56:53.412 [JavaFX Application Thread] WARN  Entity               - Entity already has component: com.almasb.fxgl.dsl.components.ProjectileComponent
23:56:53.961 [JavaFX Application Thread] WARN  Entity               - Entity already has component: com.almasb.fxgl.dsl.components.ProjectileComponent
23:56:54.268 [JavaFX Application Thread] WARN  Entity               - Entity already has component: com.almasb.fxgl.dsl.components.ProjectileComponent
23:56:54.493 [JavaFX Application Thread] WARN  Entity               - Entity already has component: com.almasb.fxgl.dsl.components.ProjectileComponent
23:56:54.749 [JavaFX Application Thread] WARN  Entity               - Entity already has component: com.almasb.fxgl.dsl.components.ProjectileComponent
23:56:54.963 [JavaFX Application Thread] WARN  Entity               - Entity already has component: com.almasb.fxgl.dsl.components.ProjectileComponent
23:56:55.046 [FXGL Background Thread 3 ] DEBUG Engine               - Logging environment variables
23:56:55.047 [FXGL Background Thread 3 ] DEBUG Engine               - achievements: []
23:56:55.048 [FXGL Background Thread 3 ] DEBUG Engine               - actualHeight: 600.0
23:56:55.048 [FXGL Background Thread 3 ] DEBUG Engine               - actualHeightProperty: ReadOnlyDoubleProperty [value: 600.0]
23:56:55.048 [FXGL Background Thread 3 ] DEBUG Engine               - actualWidth: 800.0
23:56:55.048 [FXGL Background Thread 3 ] DEBUG Engine               - actualWidthProperty: ReadOnlyDoubleProperty [value: 800.0]
23:56:55.048 [FXGL Background Thread 3 ] DEBUG Engine               - appIcon: fxgl_icon.png
23:56:55.048 [FXGL Background Thread 3 ] DEBUG Engine               - applicationMode: DEVELOPER
23:56:55.049 [FXGL Background Thread 3 ] DEBUG Engine               - cSSList: [fxgl_dark.css]
23:56:55.049 [FXGL Background Thread 3 ] DEBUG Engine               - collisionDetectionStrategy: BRUTE_FORCE
23:56:55.049 [FXGL Background Thread 3 ] DEBUG Engine               - configClass: Optional.empty
23:56:55.049 [FXGL Background Thread 3 ] DEBUG Engine               - credits: []
23:56:55.050 [FXGL Background Thread 3 ] DEBUG Engine               - defaultCursor: CursorInfo(imageName=fxgl_default_cursor.png, hotspotX=7.0, hotspotY=6.0)
23:56:55.050 [FXGL Background Thread 3 ] DEBUG Engine               - devBBoxColorProperty: ObjectProperty [value: 0xff0000ff]
23:56:55.051 [FXGL Background Thread 3 ] DEBUG Engine               - devEnableDebugCameraProperty: BooleanProperty [value: false]
23:56:55.051 [FXGL Background Thread 3 ] DEBUG Engine               - devSensorColorProperty: ObjectProperty [value: 0xffff00ff]
23:56:55.051 [FXGL Background Thread 3 ] DEBUG Engine               - devShowBBoxProperty: BooleanProperty [value: false]
23:56:55.051 [FXGL Background Thread 3 ] DEBUG Engine               - devShowPositionProperty: BooleanProperty [value: false]
23:56:55.051 [FXGL Background Thread 3 ] DEBUG Engine               - enabledMenuItems: []
23:56:55.051 [FXGL Background Thread 3 ] DEBUG Engine               - engineServices: [class com.almasb.fxgl.app.services.FXGLAssetLoaderService, class com.almasb.fxgl.app.FXGLApplication$GameApplicationService, class com.almasb.fxgl.app.services.FXGLDialogService, class com.almasb.fxgl.app.services.IOTaskExecutorService, class com.almasb.fxgl.io.FileSystemService, class com.almasb.fxgl.localization.LocalizationService, class com.almasb.fxgl.app.services.SystemBundleService, class com.almasb.fxgl.profile.SaveLoadService, class com.almasb.fxgl.ui.FXGLUIFactoryServiceProvider, class com.almasb.fxgl.ui.FXGLDialogFactoryServiceProvider, class com.almasb.fxgl.audio.AudioPlayer, class com.almasb.fxgl.notification.impl.NotificationServiceProvider, class com.almasb.fxgl.achievement.AchievementService, class com.almasb.fxgl.cutscene.CutsceneService, class com.almasb.fxgl.minigames.MiniGameService, class com.almasb.fxgl.net.NetService, class com.almasb.fxgl.app.services.UpdaterService, class com.almasb.fxgl.dev.DevService]
23:56:55.052 [FXGL Background Thread 3 ] DEBUG Engine               - fontGame: Abel-Regular.ttf
23:56:55.052 [FXGL Background Thread 3 ] DEBUG Engine               - fontMono: TerminalLandMono-Regular.otf
23:56:55.052 [FXGL Background Thread 3 ] DEBUG Engine               - fontSizeScaleUI: 1.0
23:56:55.052 [FXGL Background Thread 3 ] DEBUG Engine               - fontText: Courier-Prime.ttf
23:56:55.052 [FXGL Background Thread 3 ] DEBUG Engine               - fontUI: VarelaRound-Regular.ttf
23:56:55.052 [FXGL Background Thread 3 ] DEBUG Engine               - fullScreen: BooleanProperty [value: false]
23:56:55.053 [FXGL Background Thread 3 ] DEBUG Engine               - gameDifficulty: MEDIUM
23:56:55.053 [FXGL Background Thread 3 ] DEBUG Engine               - gameDifficultyProperty: ObjectProperty [value: MEDIUM]
23:56:55.053 [FXGL Background Thread 3 ] DEBUG Engine               - globalMusicVolume: 0.5
23:56:55.053 [FXGL Background Thread 3 ] DEBUG Engine               - globalMusicVolumeProperty: DoubleProperty [value: 0.5]
23:56:55.053 [FXGL Background Thread 3 ] DEBUG Engine               - globalSoundVolume: 0.5
23:56:55.054 [FXGL Background Thread 3 ] DEBUG Engine               - globalSoundVolumeProperty: DoubleProperty [value: 0.5]
23:56:55.054 [FXGL Background Thread 3 ] DEBUG Engine               - height: 600
23:56:55.054 [FXGL Background Thread 3 ] DEBUG Engine               - is3D: false
23:56:55.054 [FXGL Background Thread 3 ] DEBUG Engine               - isAndroid: false
23:56:55.054 [FXGL Background Thread 3 ] DEBUG Engine               - isBrowser: false
23:56:55.054 [FXGL Background Thread 3 ] DEBUG Engine               - isClickFeedbackEnabled: false
23:56:55.055 [FXGL Background Thread 3 ] DEBUG Engine               - isCloseConfirmation: false
23:56:55.055 [FXGL Background Thread 3 ] DEBUG Engine               - isDesktop: true
23:56:55.055 [FXGL Background Thread 3 ] DEBUG Engine               - isDeveloperMenuEnabled: false
23:56:55.055 [FXGL Background Thread 3 ] DEBUG Engine               - isEmbedded: false
23:56:55.055 [FXGL Background Thread 3 ] DEBUG Engine               - isEntityPreloadEnabled: true
23:56:55.056 [FXGL Background Thread 3 ] DEBUG Engine               - isExperimentalTiledLargeMap: false
23:56:55.056 [FXGL Background Thread 3 ] DEBUG Engine               - isFileSystemWriteAllowed: true
23:56:55.056 [FXGL Background Thread 3 ] DEBUG Engine               - isFullScreenAllowed: false
23:56:55.056 [FXGL Background Thread 3 ] DEBUG Engine               - isFullScreenFromStart: false
23:56:55.056 [FXGL Background Thread 3 ] DEBUG Engine               - isGameMenuEnabled: true
23:56:55.056 [FXGL Background Thread 3 ] DEBUG Engine               - isIOS: false
23:56:55.056 [FXGL Background Thread 3 ] DEBUG Engine               - isIntroEnabled: false
23:56:55.057 [FXGL Background Thread 3 ] DEBUG Engine               - isLinux: false
23:56:55.057 [FXGL Background Thread 3 ] DEBUG Engine               - isMac: false
23:56:55.057 [FXGL Background Thread 3 ] DEBUG Engine               - isMainMenuEnabled: false
23:56:55.057 [FXGL Background Thread 3 ] DEBUG Engine               - isManualResizeEnabled: false
23:56:55.057 [FXGL Background Thread 3 ] DEBUG Engine               - isMobile: false
23:56:55.057 [FXGL Background Thread 3 ] DEBUG Engine               - isNative: false
23:56:55.057 [FXGL Background Thread 3 ] DEBUG Engine               - isPauseMusicWhenMinimized: true
23:56:55.057 [FXGL Background Thread 3 ] DEBUG Engine               - isPreserveResizeRatio: false
23:56:55.058 [FXGL Background Thread 3 ] DEBUG Engine               - isProfilingEnabled: false
23:56:55.058 [FXGL Background Thread 3 ] DEBUG Engine               - isScaleAffectedOnResize: true
23:56:55.058 [FXGL Background Thread 3 ] DEBUG Engine               - isSingleStep: false
23:56:55.058 [FXGL Background Thread 3 ] DEBUG Engine               - isUserProfileEnabled: false
23:56:55.058 [FXGL Background Thread 3 ] DEBUG Engine               - isWindows: true
23:56:55.058 [FXGL Background Thread 3 ] DEBUG Engine               - language: ObjectProperty [value: ENGLISH]
23:56:55.058 [FXGL Background Thread 3 ] DEBUG Engine               - menuKey: ESCAPE
23:56:55.059 [FXGL Background Thread 3 ] DEBUG Engine               - mouseSensitivity: 0.2
23:56:55.059 [FXGL Background Thread 3 ] DEBUG Engine               - notificationViewClass: class com.almasb.fxgl.notification.view.XboxNotificationView
23:56:55.059 [FXGL Background Thread 3 ] DEBUG Engine               - pixelsPerMeter: 50.0
23:56:55.059 [FXGL Background Thread 3 ] DEBUG Engine               - platform: WINDOWS
23:56:55.059 [FXGL Background Thread 3 ] DEBUG Engine               - prefHeightProperty: ReadOnlyDoubleProperty [value: 600.0]
23:56:55.059 [FXGL Background Thread 3 ] DEBUG Engine               - prefWidthProperty: ReadOnlyDoubleProperty [value: 800.0]
23:56:55.059 [FXGL Background Thread 3 ] DEBUG Engine               - profileDir: profiles/
23:56:55.059 [FXGL Background Thread 3 ] DEBUG Engine               - profileName: StringProperty [value: DEFAULT]
23:56:55.059 [FXGL Background Thread 3 ] DEBUG Engine               - randomSeed: -1
23:56:55.061 [FXGL Background Thread 3 ] DEBUG Engine               - runtimeInfo: RuntimeInfo(platform=WINDOWS, version=21.1, build=27.03.2024 07.52)
23:56:55.061 [FXGL Background Thread 3 ] DEBUG Engine               - saveFileExt: sav
23:56:55.061 [FXGL Background Thread 3 ] DEBUG Engine               - scaledHeightProp$fxgl: DoubleProperty [bound, value: 600.0]
23:56:55.061 [FXGL Background Thread 3 ] DEBUG Engine               - scaledWidthProp$fxgl: DoubleProperty [bound, value: 800.0]
23:56:55.062 [FXGL Background Thread 3 ] DEBUG Engine               - sceneFactory: com.almasb.fxgl.app.scene.SceneFactory@8885011
23:56:55.062 [FXGL Background Thread 3 ] DEBUG Engine               - secondsIn24h: 60
23:56:55.062 [FXGL Background Thread 3 ] DEBUG Engine               - soundMenuBack: menu/back.wav
23:56:55.062 [FXGL Background Thread 3 ] DEBUG Engine               - soundMenuPress: menu/press.wav
23:56:55.062 [FXGL Background Thread 3 ] DEBUG Engine               - soundMenuSelect: menu/select.wav
23:56:55.062 [FXGL Background Thread 3 ] DEBUG Engine               - soundNotification: core/notification.wav
23:56:55.062 [FXGL Background Thread 3 ] DEBUG Engine               - stageStyle: DECORATED
23:56:55.062 [FXGL Background Thread 3 ] DEBUG Engine               - supportedLanguages: [ENGLISH, FRENCH, GERMAN, HUNGARIAN, RUSSIAN]
23:56:55.063 [FXGL Background Thread 3 ] DEBUG Engine               - ticksPerSecond: -1
23:56:55.063 [FXGL Background Thread 3 ] DEBUG Engine               - title: Gonvival
23:56:55.063 [FXGL Background Thread 3 ] DEBUG Engine               - urlGithub: https://github.com/AlmasB/FXGL
23:56:55.063 [FXGL Background Thread 3 ] DEBUG Engine               - urlLeaderboard: http://fxgl-top.herokuapp.com/
23:56:55.064 [FXGL Background Thread 3 ] DEBUG Engine               - urlPOM: https://raw.githubusercontent.com/AlmasB/FXGL/release/README.md
23:56:55.064 [FXGL Background Thread 3 ] DEBUG Engine               - userAppClass: class com.lab.App
23:56:55.064 [FXGL Background Thread 3 ] DEBUG Engine               - version: beta
23:56:55.065 [FXGL Background Thread 3 ] DEBUG Engine               - versionCheckDays: 7
23:56:55.065 [FXGL Background Thread 3 ] DEBUG Engine               - width: 800
23:56:55.065 [FXGL Background Thread 3 ] DEBUG Engine               - Logging services
23:56:55.065 [FXGL Background Thread 3 ] DEBUG Engine               - class com.almasb.fxgl.app.services.FXGLAssetLoaderService
23:56:55.065 [FXGL Background Thread 3 ] DEBUG Engine               - class com.almasb.fxgl.app.FXGLApplication$GameApplicationService
23:56:55.065 [FXGL Background Thread 3 ] DEBUG Engine               - class com.almasb.fxgl.app.services.FXGLDialogService
23:56:55.065 [FXGL Background Thread 3 ] DEBUG Engine               - class com.almasb.fxgl.app.services.IOTaskExecutorService
23:56:55.065 [FXGL Background Thread 3 ] DEBUG Engine               - class com.almasb.fxgl.io.FileSystemService
23:56:55.066 [FXGL Background Thread 3 ] DEBUG Engine               - class com.almasb.fxgl.localization.LocalizationService
23:56:55.066 [FXGL Background Thread 3 ] DEBUG Engine               - class com.almasb.fxgl.app.services.SystemBundleService
23:56:55.066 [FXGL Background Thread 3 ] DEBUG Engine               - class com.almasb.fxgl.profile.SaveLoadService
23:56:55.066 [FXGL Background Thread 3 ] DEBUG Engine               - class com.almasb.fxgl.ui.FXGLUIFactoryServiceProvider
23:56:55.066 [FXGL Background Thread 3 ] DEBUG Engine               - class com.almasb.fxgl.ui.FXGLDialogFactoryServiceProvider
23:56:55.066 [FXGL Background Thread 3 ] DEBUG Engine               - class com.almasb.fxgl.audio.AudioPlayer
23:56:55.067 [FXGL Background Thread 3 ] DEBUG Engine               - class com.almasb.fxgl.notification.impl.NotificationServiceProvider
23:56:55.067 [FXGL Background Thread 3 ] DEBUG Engine               - class com.almasb.fxgl.achievement.AchievementService
23:56:55.067 [FXGL Background Thread 3 ] DEBUG Engine               - class com.almasb.fxgl.cutscene.CutsceneService
23:56:55.067 [FXGL Background Thread 3 ] DEBUG Engine               - class com.almasb.fxgl.minigames.MiniGameService
23:56:55.067 [FXGL Background Thread 3 ] DEBUG Engine               - class com.almasb.fxgl.net.NetService
23:56:55.067 [FXGL Background Thread 3 ] DEBUG Engine               - class com.almasb.fxgl.app.services.UpdaterService
23:56:55.067 [FXGL Background Thread 3 ] DEBUG Engine               - class com.almasb.fxgl.dev.DevService
23:56:55.156 [JavaFX Application Thread] WARN  Entity               - Entity already has component: com.almasb.fxgl.dsl.components.ProjectileComponent
23:56:55.663 [JavaFX Application Thread] WARN  Entity               - Entity already has component: com.almasb.fxgl.dsl.components.ProjectileComponent
23:56:56.023 [JavaFX Application Thread] WARN  Entity               - Entity already has component: com.almasb.fxgl.dsl.components.ProjectileComponent
23:56:56.547 [JavaFX Application Thread] WARN  Entity               - Entity already has component: com.almasb.fxgl.dsl.components.ProjectileComponent
23:56:56.811 [JavaFX Application Thread] WARN  Entity               - Entity already has component: com.almasb.fxgl.dsl.components.ProjectileComponent
23:56:57.849 [JavaFX Application Thread] WARN  Entity               - Entity already has component: com.almasb.fxgl.dsl.components.ProjectileComponent
23:56:58.190 [JavaFX Application Thread] WARN  Entity               - Entity already has component: com.almasb.fxgl.dsl.components.ProjectileComponent
23:56:58.422 [JavaFX Application Thread] WARN  Entity               - Entity already has component: com.almasb.fxgl.dsl.components.ProjectileComponent
23:56:58.639 [JavaFX Application Thread] WARN  Entity               - Entity already has component: com.almasb.fxgl.dsl.components.ProjectileComponent
23:56:59.218 [JavaFX Application Thread] WARN  Entity               - Entity already has component: com.almasb.fxgl.dsl.components.ProjectileComponent
23:56:59.523 [JavaFX Application Thread] WARN  Entity               - Entity already has component: com.almasb.fxgl.dsl.components.ProjectileComponent
23:56:59.759 [JavaFX Application Thread] WARN  Entity               - Entity already has component: com.almasb.fxgl.dsl.components.ProjectileComponent
23:56:59.965 [JavaFX Application Thread] WARN  Entity               - Entity already has component: com.almasb.fxgl.dsl.components.ProjectileComponent
23:57:00.129 [JavaFX Application Thread] WARN  Entity               - Entity already has component: com.almasb.fxgl.dsl.components.ProjectileComponent
23:57:00.635 [JavaFX Application Thread] WARN  Entity               - Entity already has component: com.almasb.fxgl.dsl.components.ProjectileComponent
23:57:00.956 [JavaFX Application Thread] WARN  Entity               - Entity already has component: com.almasb.fxgl.dsl.components.ProjectileComponent
23:57:01.142 [JavaFX Application Thread] WARN  Entity               - Entity already has component: com.almasb.fxgl.dsl.components.ProjectileComponent
23:57:01.285 [JavaFX Application Thread] WARN  Entity               - Entity already has component: com.almasb.fxgl.dsl.components.ProjectileComponent
23:57:01.606 [JavaFX Application Thread] WARN  Entity               - Entity already has component: com.almasb.fxgl.dsl.components.ProjectileComponent
23:57:01.797 [JavaFX Application Thread] WARN  Entity               - Entity already has component: com.almasb.fxgl.dsl.components.ProjectileComponent
23:57:01.941 [JavaFX Application Thread] WARN  Entity               - Entity already has component: com.almasb.fxgl.dsl.components.ProjectileComponent
23:57:03.435 [JavaFX Application Thread] WARN  Entity               - Entity already has component: com.almasb.fxgl.dsl.components.ProjectileComponent
23:57:03.847 [JavaFX Application Thread] WARN  Entity               - Entity already has component: com.almasb.fxgl.dsl.components.ProjectileComponent
23:57:04.766 [JavaFX Application Thread] WARN  Entity               - Entity already has component: com.almasb.fxgl.dsl.components.ProjectileComponent
23:57:05.187 [JavaFX Application Thread] WARN  Entity               - Entity already has component: com.almasb.fxgl.dsl.components.ProjectileComponent
23:57:05.641 [JavaFX Application Thread] WARN  Entity               - Entity already has component: com.almasb.fxgl.dsl.components.ProjectileComponent
23:57:06.071 [JavaFX Application Thread] WARN  Entity               - Entity already has component: com.almasb.fxgl.dsl.components.ProjectileComponent
23:57:06.768 [JavaFX Application Thread] WARN  Entity               - Entity already has component: com.almasb.fxgl.dsl.components.ProjectileComponent
23:57:07.133 [JavaFX Application Thread] WARN  Entity               - Entity already has component: com.almasb.fxgl.dsl.components.ProjectileComponent
23:57:07.322 [JavaFX Application Thread] WARN  Entity               - Entity already has component: com.almasb.fxgl.dsl.components.ProjectileComponent
23:57:07.881 [JavaFX Application Thread] WARN  Entity               - Entity already has component: com.almasb.fxgl.dsl.components.ProjectileComponent
23:57:08.701 [JavaFX Application Thread] WARN  Entity               - Entity already has component: com.almasb.fxgl.dsl.components.ProjectileComponent
23:57:09.101 [JavaFX Application Thread] WARN  Entity               - Entity already has component: com.almasb.fxgl.dsl.components.ProjectileComponent
23:57:09.565 [JavaFX Application Thread] WARN  Entity               - Entity already has component: com.almasb.fxgl.dsl.components.ProjectileComponent
23:57:10.217 [JavaFX Application Thread] WARN  Entity               - Entity already has component: com.almasb.fxgl.dsl.components.ProjectileComponent
23:57:11.082 [JavaFX Application Thread] WARN  Entity               - Entity already has component: com.almasb.fxgl.dsl.components.ProjectileComponent
23:57:12.563 [JavaFX Application Thread] WARN  Entity               - Entity already has component: com.almasb.fxgl.dsl.components.ProjectileComponent
23:57:12.993 [JavaFX Application Thread] WARN  Entity               - Entity already has component: com.almasb.fxgl.dsl.components.ProjectileComponent
23:57:13.922 [JavaFX Application Thread] WARN  Entity               - Entity already has component: com.almasb.fxgl.dsl.components.ProjectileComponent
23:57:14.574 [JavaFX Application Thread] WARN  Entity               - Entity already has component: com.almasb.fxgl.dsl.components.ProjectileComponent
23:57:15.505 [JavaFX Application Thread] WARN  Entity               - Entity already has component: com.almasb.fxgl.dsl.components.ProjectileComponent
23:57:15.955 [JavaFX Application Thread] WARN  Entity               - Entity already has component: com.almasb.fxgl.dsl.components.ProjectileComponent
23:57:16.416 [JavaFX Application Thread] WARN  Entity               - Entity already has component: com.almasb.fxgl.dsl.components.ProjectileComponent
23:57:16.802 [JavaFX Application Thread] WARN  Entity               - Entity already has component: com.almasb.fxgl.dsl.components.ProjectileComponent
23:57:17.194 [JavaFX Application Thread] WARN  Entity               - Entity already has component: com.almasb.fxgl.dsl.components.ProjectileComponent
23:57:17.504 [JavaFX Application Thread] WARN  Entity               - Entity already has component: com.almasb.fxgl.dsl.components.ProjectileComponent
23:57:17.719 [JavaFX Application Thread] WARN  Entity               - Entity already has component: com.almasb.fxgl.dsl.components.ProjectileComponent
23:57:18.279 [JavaFX Application Thread] WARN  Entity               - Entity already has component: com.almasb.fxgl.dsl.components.ProjectileComponent
23:57:19.033 [JavaFX Application Thread] WARN  Entity               - Entity already has component: com.almasb.fxgl.dsl.components.ProjectileComponent
23:57:19.290 [JavaFX Application Thread] WARN  Entity               - Entity already has component: com.almasb.fxgl.dsl.components.ProjectileComponent
23:57:21.253 [JavaFX Application Thread] DEBUG FXGLApplication      - Exiting FXGL
23:57:21.253 [JavaFX Application Thread] DEBUG LoopRunner           - Stopping loop
23:57:21.253 [JavaFX Application Thread] DEBUG SystemBundleService  - Saving FXGL system data
23:57:21.259 [JavaFX Application Thread] DEBUG FileSystemAccess     - Writing to: D:\Gonvival\system\fxgl.bundle
23:57:21.264 [JavaFX Application Thread] DEBUG Async                - Shutting down background threads
23:57:21.265 [JavaFX Application Thread] DEBUG PrimaryStageWindow   - Closing main window
23:57:21.375 [JavaFX Application Thread] DEBUG Logger               - Closing Logger
