04:58:09.984 [main                     ] DEBUG Logger               - Configured Logger
04:58:10.007 [main                     ] DEBUG GameApplication      - Logging settings
Title: Gonvival
Version: beta
Width: 800
Height: 800
Fullscreen: false
Intro: false
Profiling: false
Single step:false
App Mode: DEVELOPER
Menu Key: ESCAPE
Stage Style: DECORATED
Scene Factory: class com.lab.App$1

04:58:10.767 [JavaFX Application Thread] DEBUG FXGLApplication      - Initializing FXGL
04:58:10.771 [JavaFX Application Thread] INFO  Engine               - FXGL-21.1 (27.03.2024 07.52) on WINDOWS (J:21.0.5 FX:21.0.1)
04:58:10.772 [JavaFX Application Thread] DEBUG Engine               - JRE Vendor Name: Eclipse Adoptium
04:58:10.772 [JavaFX Application Thread] DEBUG Engine               - Running on OS: Windows 11 version 10.0
04:58:10.772 [JavaFX Application Thread] DEBUG Engine               - Architecture: amd64
04:58:10.772 [JavaFX Application Thread] INFO  Engine               - Source code and latest versions at: https://github.com/AlmasB/FXGL
04:58:10.773 [JavaFX Application Thread] INFO  Engine               -       Ask questions and discuss at: https://github.com/AlmasB/FXGL/discussions
04:58:10.773 [JavaFX Application Thread] INFO  Engine               -              Join the FXGL chat at: https://gitter.im/AlmasB/FXGL
04:58:10.872 [JavaFX Application Thread] DEBUG PrimaryStageWindow   - Creating a JavaFX scene
04:58:10.918 [JavaFX Application Thread] DEBUG PrimaryStageWindow   - Target settings size: 800.0 x 800.0
04:58:10.918 [JavaFX Application Thread] DEBUG PrimaryStageWindow   - Scaled scene size:    800.0 x 800.0
04:58:10.919 [JavaFX Application Thread] DEBUG PrimaryStageWindow   - Scaled ratio: (1.0, 1.0)
04:58:10.919 [JavaFX Application Thread] DEBUG PrimaryStageWindow   - Set initial scene to FXGLStartupScene
04:58:10.923 [JavaFX Application Thread] DEBUG PrimaryStageWindow   - Opening main window
04:58:11.154 [JavaFX Application Thread] DEBUG PrimaryStageWindow   - Window border size: (14.4000244140625, 37.5999755859375)
04:58:11.156 [JavaFX Application Thread] DEBUG PrimaryStageWindow   - Scaled size: 800.0 x 800.0
04:58:11.156 [JavaFX Application Thread] DEBUG PrimaryStageWindow   - Scaled ratio: (1.0, 1.0)
04:58:11.157 [JavaFX Application Thread] DEBUG PrimaryStageWindow   - Scene size: 800.0 x 800.0
04:58:11.158 [JavaFX Application Thread] DEBUG PrimaryStageWindow   - Stage size: 814.4000244140625 x 837.5999755859375
04:58:11.186 [FXGL Background Thread 1 ] DEBUG Engine               - Initializing environment variables
04:58:11.323 [FXGL Background Thread 1 ] DEBUG FXGLAssetLoaderServi - User app class for loading assets: class com.lab.App
04:58:11.324 [FXGL Background Thread 1 ] DEBUG GameApplicationServi - Applying CSS: fxgl_dark.css
04:58:11.325 [FXGL Background Thread 1 ] DEBUG FXGLAssetLoaderServi - Loading from file system: jar:file:/C:/Users/HP/.m2/repository/com/github/almasb/fxgl/21.1/fxgl-21.1.jar!/fxglassets/ui/css/fxgl_dark.css
04:58:11.397 [FXGL Background Thread 1 ] DEBUG GameApplicationServi - Initializing application scenes
04:58:11.462 [FXGL Background Thread 1 ] DEBUG GameWorld            - Game world initialized
04:58:11.581 [FXGL Background Thread 1 ] DEBUG PhysicsWorld         - Physics world initialized: appHeight=800, physics.ppm=50.0
04:58:11.582 [FXGL Background Thread 1 ] DEBUG PhysicsWorld         - Using strategy: BRUTE_FORCE
04:58:11.587 [FXGL Background Thread 1 ] DEBUG GameScene            - Game scene initialized: 800x800
04:58:11.669 [FXGL Background Thread 1 ] DEBUG FXGL.DefaultMenu     - createMenuBodyGameMenu()
04:58:11.717 [FXGL Background Thread 1 ] DEBUG FXGL.DefaultMenu     - createOptionsMenu()
04:58:11.753 [FXGL Background Thread 1 ] DEBUG FXGLAssetLoaderServi - Loading from file system: jar:file:/C:/Users/HP/.m2/repository/com/github/almasb/fxgl/21.1/fxgl-21.1.jar!/fxglassets/textures/particles/smoke.png
04:58:11.893 [FXGL Background Thread 1 ] DEBUG FXGLAssetLoaderServi - Loading from file system: jar:file:/C:/Users/HP/.m2/repository/com/github/almasb/fxgl/21.1/fxgl-21.1.jar!/fxglassets/textures/particles/trace_horizontal.png
04:58:11.917 [FXGL Background Thread 1 ] DEBUG GameApplicationServi - Application scenes initialized
04:58:11.931 [FXGL Background Thread 1 ] DEBUG SystemBundleService  - Loading FXGL system data
04:58:11.938 [FXGL Background Thread 1 ] DEBUG FileSystemAccess     - Reading from: D:\Gonvival\system\fxgl.bundle
04:58:11.953 [FXGL Background Thread 1 ] DEBUG SystemBundleService  - Bundle FXGL: {}
04:58:11.954 [FXGL Background Thread 1 ] DEBUG UpdaterService       - Checking for updates
04:58:11.960 [FXGL Background Thread 4 ] DEBUG FXGLApplication      - Loading fonts
04:58:11.960 [FXGL Background Thread 4 ] DEBUG FXGLAssetLoaderServi - Loading from file system: jar:file:/C:/Users/HP/.m2/repository/com/github/almasb/fxgl/21.1/fxgl-21.1.jar!/fxglassets/ui/fonts/VarelaRound-Regular.ttf
04:58:11.962 [FXGL Background Thread 1 ] DEBUG FXGLApplication      - Loading default localization
04:58:11.964 [FXGL Background Thread 1 ] DEBUG FXGLAssetLoaderServi - Loading from file system: jar:file:/C:/Users/HP/.m2/repository/com/github/almasb/fxgl/21.1/fxgl-21.1.jar!/fxglassets/languages/english.lang
04:58:12.026 [FXGL Background Thread 4 ] DEBUG FXGLAssetLoaderServi - Loading from file system: jar:file:/C:/Users/HP/.m2/repository/com/github/almasb/fxgl/21.1/fxgl-21.1.jar!/fxglassets/ui/fonts/Abel-Regular.ttf
04:58:12.033 [FXGL Background Thread 4 ] DEBUG FXGLAssetLoaderServi - Loading from file system: jar:file:/C:/Users/HP/.m2/repository/com/github/almasb/fxgl/21.1/fxgl-21.1.jar!/fxglassets/ui/fonts/TerminalLandMono-Regular.otf
04:58:12.039 [FXGL Background Thread 1 ] INFO  FXGLApplication      - FXGL initialization took: 0.853 sec
04:58:12.041 [FXGL Background Thread 4 ] DEBUG FXGLAssetLoaderServi - Loading from file system: jar:file:/C:/Users/HP/.m2/repository/com/github/almasb/fxgl/21.1/fxgl-21.1.jar!/fxglassets/ui/fonts/Courier-Prime.ttf
04:58:12.042 [JavaFX Application Thread] DEBUG FXGLAssetLoaderServi - Loading from file system: jar:file:/C:/Users/HP/.m2/repository/com/github/almasb/fxgl/21.1/fxgl-21.1.jar!/fxglassets/textures/fxgl_icon.png
04:58:12.077 [JavaFX Application Thread] DEBUG FXGLAssetLoaderServi - Loading from file system: jar:file:/C:/Users/HP/.m2/repository/com/github/almasb/fxgl/21.1/fxgl-21.1.jar!/fxglassets/textures/fxgl_default_cursor.png
04:58:12.094 [JavaFX Application Thread] DEBUG Input                - Registered new binding: Screenshot - CTRL+8
04:58:12.095 [JavaFX Application Thread] DEBUG Input                - Registered new binding: System info dump - CTRL+9
04:58:12.096 [JavaFX Application Thread] DEBUG Input                - Registered new binding: Restart - CTRL+R
04:58:12.097 [JavaFX Application Thread] DEBUG Input                - Registered new binding: Toggle Debug Camera - CTRL+7
04:58:12.102 [JavaFX Application Thread] DEBUG LoopRunner           - Starting loop
04:58:12.102 [JavaFX Application Thread] DEBUG LoopRunner           - Initializing JavaFX AnimationTimerLoop
04:58:12.104 [JavaFX Application Thread] DEBUG Input                - Clearing active input actions
04:58:12.112 [JavaFX Application Thread] DEBUG GameApplicationServi - Removing overlay from FXGLStartupScene and adding to FXGLMainMenuDummyScene
04:58:12.112 [JavaFX Application Thread] DEBUG PrimaryStageWindow   - FXGLStartupScene -> FXGLMainMenuDummyScene
04:58:12.113 [JavaFX Application Thread] DEBUG PrimaryStageWindow   - Push state: StartScreen
04:58:12.113 [JavaFX Application Thread] DEBUG Input                - Clearing active input actions
04:58:12.129 [JavaFX Application Thread] DEBUG GameApplicationServi - Removing overlay from FXGLMainMenuDummyScene and adding to StartScreen
04:58:12.129 [JavaFX Application Thread] DEBUG PrimaryStageWindow   - FXGLMainMenuDummyScene -> StartScreen
04:58:12.130 [JavaFX Application Thread] DEBUG FXGLApplication      - Registering font factories with UI factory
04:58:13.154 [JavaFX Application Thread] DEBUG Menu                 - fireNewGame()
04:58:13.155 [JavaFX Application Thread] DEBUG GameApplicationServi - Starting new game
04:58:13.155 [JavaFX Application Thread] DEBUG PrimaryStageWindow   - Pop state: StartScreen
04:58:13.155 [JavaFX Application Thread] DEBUG Input                - Clearing active input actions
04:58:13.156 [JavaFX Application Thread] DEBUG GameApplicationServi - Removing overlay from StartScreen and adding to FXGLMainMenuDummyScene
04:58:13.157 [JavaFX Application Thread] DEBUG PrimaryStageWindow   - FXGLMainMenuDummyScene <- StartScreen
04:58:13.157 [JavaFX Application Thread] DEBUG Input                - Clearing active input actions
04:58:13.169 [JavaFX Application Thread] DEBUG GameApplicationServi - Removing overlay from FXGLMainMenuDummyScene and adding to FXGLLoadingScene
04:58:13.170 [JavaFX Application Thread] DEBUG PrimaryStageWindow   - FXGLMainMenuDummyScene -> FXGLLoadingScene
04:58:13.170 [JavaFX Application Thread] DEBUG GameApplicationServi - Clearing previous game
04:58:13.170 [JavaFX Application Thread] DEBUG GameScene            - Clearing game scene
04:58:13.170 [JavaFX Application Thread] DEBUG GameWorld            - Clearing game world
04:58:13.170 [JavaFX Application Thread] DEBUG PhysicsWorld         - Clearing physics world
04:58:13.174 [FXGL Background Thread 2 ] DEBUG FXGLApplication      - Initializing game
04:58:13.199 [FXGL Background Thread 2 ] DEBUG FXGLAssetLoaderServi - Loading from file system: file:/D:/Gonvival/game/target/classes/assets/textures/newmap2.png
04:58:13.266 [FXGL Background Thread 2 ] DEBUG FXGLAssetLoaderServi - Loading from file system: file:/D:/Gonvival/game/target/classes/assets/textures/Level.png
04:58:13.313 [FXGL Background Thread 2 ] DEBUG FXGLAssetLoaderServi - Loading from file system: file:/D:/Gonvival/game/target/classes/assets/textures/idle_down.png
04:58:13.317 [FXGL Background Thread 2 ] DEBUG FXGLAssetLoaderServi - Loading from file system: file:/D:/Gonvival/game/target/classes/assets/textures/idle_up.png
04:58:13.319 [FXGL Background Thread 2 ] DEBUG FXGLAssetLoaderServi - Loading from file system: file:/D:/Gonvival/game/target/classes/assets/textures/idle_left_down.png
04:58:13.322 [FXGL Background Thread 2 ] DEBUG FXGLAssetLoaderServi - Loading from file system: file:/D:/Gonvival/game/target/classes/assets/textures/idle_left_up.png
04:58:13.324 [FXGL Background Thread 2 ] DEBUG FXGLAssetLoaderServi - Loading from file system: file:/D:/Gonvival/game/target/classes/assets/textures/idle_right_down.png
04:58:13.327 [FXGL Background Thread 2 ] DEBUG FXGLAssetLoaderServi - Loading from file system: file:/D:/Gonvival/game/target/classes/assets/textures/idle_right_up.png
04:58:13.329 [FXGL Background Thread 2 ] DEBUG FXGLAssetLoaderServi - Loading from file system: file:/D:/Gonvival/game/target/classes/assets/textures/walk_left_down.png
04:58:13.331 [FXGL Background Thread 2 ] DEBUG FXGLAssetLoaderServi - Loading from file system: file:/D:/Gonvival/game/target/classes/assets/textures/walk_right_down.png
04:58:13.332 [FXGL Background Thread 2 ] DEBUG FXGLAssetLoaderServi - Loading from file system: file:/D:/Gonvival/game/target/classes/assets/textures/walk_up.png
04:58:13.335 [FXGL Background Thread 2 ] DEBUG FXGLAssetLoaderServi - Loading from file system: file:/D:/Gonvival/game/target/classes/assets/textures/walk_down.png
04:58:13.336 [FXGL Background Thread 2 ] DEBUG FXGLAssetLoaderServi - Loading from file system: file:/D:/Gonvival/game/target/classes/assets/textures/walk_left_up.png
04:58:13.338 [FXGL Background Thread 2 ] DEBUG FXGLAssetLoaderServi - Loading from file system: file:/D:/Gonvival/game/target/classes/assets/textures/walk_right_up.png
04:58:13.350 [FXGL Background Thread 2 ] INFO  FXGLApplication      - Game initialization took: 0.176 sec
04:58:13.351 [JavaFX Application Thread] DEBUG Input                - Clearing active input actions
04:58:13.357 [JavaFX Application Thread] DEBUG GameApplicationServi - Removing overlay from FXGLLoadingScene and adding to GameScene
04:58:13.357 [JavaFX Application Thread] DEBUG PrimaryStageWindow   - FXGLLoadingScene -> GameScene
04:58:13.457 [JavaFX Application Thread] DEBUG Input                - Registered new binding: SHOOT - LMB
04:58:13.458 [JavaFX Application Thread] DEBUG Input                - Registered new binding: MOVE LEFT - A
04:58:13.458 [JavaFX Application Thread] DEBUG Input                - Registered new binding: MOVE RIGHT - D
04:58:13.459 [JavaFX Application Thread] DEBUG Input                - Registered new binding: MOVE UP - W
04:58:13.460 [JavaFX Application Thread] DEBUG Input                - Registered new binding: MOVE DOWN - S
04:58:13.851 [JavaFX Application Thread] DEBUG FXGLAssetLoaderServi - Loading from file system: file:/D:/Gonvival/game/target/classes/assets/textures/GraveRevenant.png
04:58:14.315 [JavaFX Application Thread] DEBUG FXGLAssetLoaderServi - Loading from file system: file:/D:/Gonvival/game/target/classes/assets/textures/arrow.png
04:58:14.347 [JavaFX Application Thread] DEBUG PrimaryStageWindow   - Push state: DialogSubScene
04:58:14.347 [JavaFX Application Thread] DEBUG Input                - Clearing active input actions
04:58:14.352 [JavaFX Application Thread] DEBUG GameApplicationServi - Removing overlay from GameScene and adding to DialogSubScene
04:58:14.355 [JavaFX Application Thread] DEBUG PrimaryStageWindow   - GameScene -> DialogSubScene
04:58:14.358 [JavaFX Application Thread] WARN  FXGLAssetLoaderServi - Asset "/assets/textures/null" was not found!
04:58:14.360 [JavaFX Application Thread] WARN  FXGLAssetLoaderServi - Failed to load IMAGE
04:58:14.381 [JavaFX Application Thread] WARN  GameWorld            - Entity is already attached to world
04:58:14.959 [FXGL Background Thread 3 ] DEBUG Engine               - Logging environment variables
04:58:14.960 [FXGL Background Thread 3 ] DEBUG Engine               - achievements: []
04:58:14.960 [FXGL Background Thread 3 ] DEBUG Engine               - actualHeight: 800.0
04:58:14.960 [FXGL Background Thread 3 ] DEBUG Engine               - actualHeightProperty: ReadOnlyDoubleProperty [value: 800.4000244140625]
04:58:14.960 [FXGL Background Thread 3 ] DEBUG Engine               - actualWidth: 800.0
04:58:14.961 [FXGL Background Thread 3 ] DEBUG Engine               - actualWidthProperty: ReadOnlyDoubleProperty [value: 799.5999755859375]
04:58:14.961 [FXGL Background Thread 3 ] DEBUG Engine               - appIcon: fxgl_icon.png
04:58:14.961 [FXGL Background Thread 3 ] DEBUG Engine               - applicationMode: DEVELOPER
04:58:14.961 [FXGL Background Thread 3 ] DEBUG Engine               - cSSList: [fxgl_dark.css]
04:58:14.961 [FXGL Background Thread 3 ] DEBUG Engine               - collisionDetectionStrategy: BRUTE_FORCE
04:58:14.961 [FXGL Background Thread 3 ] DEBUG Engine               - configClass: Optional.empty
04:58:14.961 [FXGL Background Thread 3 ] DEBUG Engine               - credits: []
04:58:14.961 [FXGL Background Thread 3 ] DEBUG Engine               - defaultCursor: CursorInfo(imageName=fxgl_default_cursor.png, hotspotX=7.0, hotspotY=6.0)
04:58:14.962 [FXGL Background Thread 3 ] DEBUG Engine               - devBBoxColorProperty: ObjectProperty [value: 0xff0000ff]
04:58:14.962 [FXGL Background Thread 3 ] DEBUG Engine               - devEnableDebugCameraProperty: BooleanProperty [value: false]
04:58:14.962 [FXGL Background Thread 3 ] DEBUG Engine               - devSensorColorProperty: ObjectProperty [value: 0xffff00ff]
04:58:14.962 [FXGL Background Thread 3 ] DEBUG Engine               - devShowBBoxProperty: BooleanProperty [value: false]
04:58:14.962 [FXGL Background Thread 3 ] DEBUG Engine               - devShowPositionProperty: BooleanProperty [value: false]
04:58:14.962 [FXGL Background Thread 3 ] DEBUG Engine               - enabledMenuItems: []
04:58:14.962 [FXGL Background Thread 3 ] DEBUG Engine               - engineServices: [class com.almasb.fxgl.app.services.FXGLAssetLoaderService, class com.almasb.fxgl.app.FXGLApplication$GameApplicationService, class com.almasb.fxgl.app.services.FXGLDialogService, class com.almasb.fxgl.app.services.IOTaskExecutorService, class com.almasb.fxgl.io.FileSystemService, class com.almasb.fxgl.localization.LocalizationService, class com.almasb.fxgl.app.services.SystemBundleService, class com.almasb.fxgl.profile.SaveLoadService, class com.almasb.fxgl.ui.FXGLUIFactoryServiceProvider, class com.almasb.fxgl.ui.FXGLDialogFactoryServiceProvider, class com.almasb.fxgl.audio.AudioPlayer, class com.almasb.fxgl.notification.impl.NotificationServiceProvider, class com.almasb.fxgl.achievement.AchievementService, class com.almasb.fxgl.cutscene.CutsceneService, class com.almasb.fxgl.minigames.MiniGameService, class com.almasb.fxgl.net.NetService, class com.almasb.fxgl.app.services.UpdaterService, class com.almasb.fxgl.dev.DevService]
04:58:14.963 [FXGL Background Thread 3 ] DEBUG Engine               - fontGame: Abel-Regular.ttf
04:58:14.963 [FXGL Background Thread 3 ] DEBUG Engine               - fontMono: TerminalLandMono-Regular.otf
04:58:14.963 [FXGL Background Thread 3 ] DEBUG Engine               - fontSizeScaleUI: 1.0
04:58:14.963 [FXGL Background Thread 3 ] DEBUG Engine               - fontText: Courier-Prime.ttf
04:58:14.963 [FXGL Background Thread 3 ] DEBUG Engine               - fontUI: VarelaRound-Regular.ttf
04:58:14.963 [FXGL Background Thread 3 ] DEBUG Engine               - fullScreen: BooleanProperty [value: false]
04:58:14.963 [FXGL Background Thread 3 ] DEBUG Engine               - gameDifficulty: MEDIUM
04:58:14.963 [FXGL Background Thread 3 ] DEBUG Engine               - gameDifficultyProperty: ObjectProperty [value: MEDIUM]
04:58:14.963 [FXGL Background Thread 3 ] DEBUG Engine               - globalMusicVolume: 0.5
04:58:14.963 [FXGL Background Thread 3 ] DEBUG Engine               - globalMusicVolumeProperty: DoubleProperty [value: 1.0]
04:58:14.963 [FXGL Background Thread 3 ] DEBUG Engine               - globalSoundVolume: 0.5
04:58:14.963 [FXGL Background Thread 3 ] DEBUG Engine               - globalSoundVolumeProperty: DoubleProperty [value: 1.0]
04:58:14.963 [FXGL Background Thread 3 ] DEBUG Engine               - height: 800
04:58:14.963 [FXGL Background Thread 3 ] DEBUG Engine               - is3D: false
04:58:14.964 [FXGL Background Thread 3 ] DEBUG Engine               - isAndroid: false
04:58:14.964 [FXGL Background Thread 3 ] DEBUG Engine               - isBrowser: false
04:58:14.964 [FXGL Background Thread 3 ] DEBUG Engine               - isClickFeedbackEnabled: false
04:58:14.964 [FXGL Background Thread 3 ] DEBUG Engine               - isCloseConfirmation: false
04:58:14.964 [FXGL Background Thread 3 ] DEBUG Engine               - isDesktop: true
04:58:14.964 [FXGL Background Thread 3 ] DEBUG Engine               - isDeveloperMenuEnabled: false
04:58:14.964 [FXGL Background Thread 3 ] DEBUG Engine               - isEmbedded: false
04:58:14.964 [FXGL Background Thread 3 ] DEBUG Engine               - isEntityPreloadEnabled: true
04:58:14.965 [FXGL Background Thread 3 ] DEBUG Engine               - isExperimentalTiledLargeMap: false
04:58:14.965 [FXGL Background Thread 3 ] DEBUG Engine               - isFileSystemWriteAllowed: true
04:58:14.965 [FXGL Background Thread 3 ] DEBUG Engine               - isFullScreenAllowed: false
04:58:14.965 [FXGL Background Thread 3 ] DEBUG Engine               - isFullScreenFromStart: false
04:58:14.965 [FXGL Background Thread 3 ] DEBUG Engine               - isGameMenuEnabled: true
04:58:14.965 [FXGL Background Thread 3 ] DEBUG Engine               - isIOS: false
04:58:14.965 [FXGL Background Thread 3 ] DEBUG Engine               - isIntroEnabled: false
04:58:14.965 [FXGL Background Thread 3 ] DEBUG Engine               - isLinux: false
04:58:14.965 [FXGL Background Thread 3 ] DEBUG Engine               - isMac: false
04:58:14.965 [FXGL Background Thread 3 ] DEBUG Engine               - isMainMenuEnabled: true
04:58:14.965 [FXGL Background Thread 3 ] DEBUG Engine               - isManualResizeEnabled: false
04:58:14.965 [FXGL Background Thread 3 ] DEBUG Engine               - isMobile: false
04:58:14.965 [FXGL Background Thread 3 ] DEBUG Engine               - isNative: false
04:58:14.965 [FXGL Background Thread 3 ] DEBUG Engine               - isPauseMusicWhenMinimized: true
04:58:14.965 [FXGL Background Thread 3 ] DEBUG Engine               - isPreserveResizeRatio: false
04:58:14.965 [FXGL Background Thread 3 ] DEBUG Engine               - isProfilingEnabled: false
04:58:14.965 [FXGL Background Thread 3 ] DEBUG Engine               - isScaleAffectedOnResize: true
04:58:14.965 [FXGL Background Thread 3 ] DEBUG Engine               - isSingleStep: false
04:58:14.966 [FXGL Background Thread 3 ] DEBUG Engine               - isUserProfileEnabled: false
04:58:14.966 [FXGL Background Thread 3 ] DEBUG Engine               - isWindows: true
04:58:14.966 [FXGL Background Thread 3 ] DEBUG Engine               - language: ObjectProperty [value: ENGLISH]
04:58:14.966 [FXGL Background Thread 3 ] DEBUG Engine               - menuKey: ESCAPE
04:58:14.966 [FXGL Background Thread 3 ] DEBUG Engine               - mouseSensitivity: 0.2
04:58:14.966 [FXGL Background Thread 3 ] DEBUG Engine               - notificationViewClass: class com.almasb.fxgl.notification.view.XboxNotificationView
04:58:14.966 [FXGL Background Thread 3 ] DEBUG Engine               - pixelsPerMeter: 50.0
04:58:14.966 [FXGL Background Thread 3 ] DEBUG Engine               - platform: WINDOWS
04:58:14.966 [FXGL Background Thread 3 ] DEBUG Engine               - prefHeightProperty: ReadOnlyDoubleProperty [value: 800.0]
04:58:14.966 [FXGL Background Thread 3 ] DEBUG Engine               - prefWidthProperty: ReadOnlyDoubleProperty [value: 800.0]
04:58:14.966 [FXGL Background Thread 3 ] DEBUG Engine               - profileDir: profiles/
04:58:14.966 [FXGL Background Thread 3 ] DEBUG Engine               - profileName: StringProperty [value: DEFAULT]
04:58:14.966 [FXGL Background Thread 3 ] DEBUG Engine               - randomSeed: -1
04:58:14.967 [FXGL Background Thread 3 ] DEBUG Engine               - runtimeInfo: RuntimeInfo(platform=WINDOWS, version=21.1, build=27.03.2024 07.52)
04:58:14.967 [FXGL Background Thread 3 ] DEBUG Engine               - saveFileExt: sav
04:58:14.967 [FXGL Background Thread 3 ] DEBUG Engine               - scaledHeightProp$fxgl: DoubleProperty [bound, value: 800.4000244140625]
04:58:14.967 [FXGL Background Thread 3 ] DEBUG Engine               - scaledWidthProp$fxgl: DoubleProperty [bound, value: 799.5999755859375]
04:58:14.967 [FXGL Background Thread 3 ] DEBUG Engine               - sceneFactory: com.lab.App$1@2d8f19a4
04:58:14.967 [FXGL Background Thread 3 ] DEBUG Engine               - secondsIn24h: 60
04:58:14.967 [FXGL Background Thread 3 ] DEBUG Engine               - soundMenuBack: menu/back.wav
04:58:14.967 [FXGL Background Thread 3 ] DEBUG Engine               - soundMenuPress: menu/press.wav
04:58:14.967 [FXGL Background Thread 3 ] DEBUG Engine               - soundMenuSelect: menu/select.wav
04:58:14.967 [FXGL Background Thread 3 ] DEBUG Engine               - soundNotification: core/notification.wav
04:58:14.967 [FXGL Background Thread 3 ] DEBUG Engine               - stageStyle: DECORATED
04:58:14.968 [FXGL Background Thread 3 ] DEBUG Engine               - supportedLanguages: [ENGLISH, FRENCH, GERMAN, HUNGARIAN, RUSSIAN]
04:58:14.968 [FXGL Background Thread 3 ] DEBUG Engine               - ticksPerSecond: -1
04:58:14.968 [FXGL Background Thread 3 ] DEBUG Engine               - title: Gonvival
04:58:14.968 [FXGL Background Thread 3 ] DEBUG Engine               - urlGithub: https://github.com/AlmasB/FXGL
04:58:14.968 [FXGL Background Thread 3 ] DEBUG Engine               - urlLeaderboard: http://fxgl-top.herokuapp.com/
04:58:14.968 [FXGL Background Thread 3 ] DEBUG Engine               - urlPOM: https://raw.githubusercontent.com/AlmasB/FXGL/release/README.md
04:58:14.968 [FXGL Background Thread 3 ] DEBUG Engine               - userAppClass: class com.lab.App
04:58:14.968 [FXGL Background Thread 3 ] DEBUG Engine               - version: beta
04:58:14.968 [FXGL Background Thread 3 ] DEBUG Engine               - versionCheckDays: 7
04:58:14.968 [FXGL Background Thread 3 ] DEBUG Engine               - width: 800
04:58:14.968 [FXGL Background Thread 3 ] DEBUG Engine               - Logging services
04:58:14.968 [FXGL Background Thread 3 ] DEBUG Engine               - class com.almasb.fxgl.app.services.FXGLAssetLoaderService
04:58:14.968 [FXGL Background Thread 3 ] DEBUG Engine               - class com.almasb.fxgl.app.FXGLApplication$GameApplicationService
04:58:14.968 [FXGL Background Thread 3 ] DEBUG Engine               - class com.almasb.fxgl.app.services.FXGLDialogService
04:58:14.968 [FXGL Background Thread 3 ] DEBUG Engine               - class com.almasb.fxgl.app.services.IOTaskExecutorService
04:58:14.968 [FXGL Background Thread 3 ] DEBUG Engine               - class com.almasb.fxgl.io.FileSystemService
04:58:14.968 [FXGL Background Thread 3 ] DEBUG Engine               - class com.almasb.fxgl.localization.LocalizationService
04:58:14.968 [FXGL Background Thread 3 ] DEBUG Engine               - class com.almasb.fxgl.app.services.SystemBundleService
04:58:14.969 [FXGL Background Thread 3 ] DEBUG Engine               - class com.almasb.fxgl.profile.SaveLoadService
04:58:14.969 [FXGL Background Thread 3 ] DEBUG Engine               - class com.almasb.fxgl.ui.FXGLUIFactoryServiceProvider
04:58:14.969 [FXGL Background Thread 3 ] DEBUG Engine               - class com.almasb.fxgl.ui.FXGLDialogFactoryServiceProvider
04:58:14.969 [FXGL Background Thread 3 ] DEBUG Engine               - class com.almasb.fxgl.audio.AudioPlayer
04:58:14.969 [FXGL Background Thread 3 ] DEBUG Engine               - class com.almasb.fxgl.notification.impl.NotificationServiceProvider
04:58:14.969 [FXGL Background Thread 3 ] DEBUG Engine               - class com.almasb.fxgl.achievement.AchievementService
04:58:14.969 [FXGL Background Thread 3 ] DEBUG Engine               - class com.almasb.fxgl.cutscene.CutsceneService
04:58:14.969 [FXGL Background Thread 3 ] DEBUG Engine               - class com.almasb.fxgl.minigames.MiniGameService
04:58:14.969 [FXGL Background Thread 3 ] DEBUG Engine               - class com.almasb.fxgl.net.NetService
04:58:14.969 [FXGL Background Thread 3 ] DEBUG Engine               - class com.almasb.fxgl.app.services.UpdaterService
04:58:14.969 [FXGL Background Thread 3 ] DEBUG Engine               - class com.almasb.fxgl.dev.DevService
04:58:14.977 [JavaFX Application Thread] DEBUG PrimaryStageWindow   - Pop state: DialogSubScene
04:58:14.978 [JavaFX Application Thread] DEBUG Input                - Clearing active input actions
04:58:14.978 [JavaFX Application Thread] DEBUG GameApplicationServi - Removing overlay from DialogSubScene and adding to GameScene
04:58:14.979 [JavaFX Application Thread] DEBUG PrimaryStageWindow   - GameScene <- DialogSubScene
04:58:17.065 [JavaFX Application Thread] DEBUG PrimaryStageWindow   - Push state: DialogSubScene
04:58:17.065 [JavaFX Application Thread] DEBUG Input                - Clearing active input actions
04:58:17.066 [JavaFX Application Thread] DEBUG GameApplicationServi - Removing overlay from GameScene and adding to DialogSubScene
04:58:17.066 [JavaFX Application Thread] DEBUG PrimaryStageWindow   - GameScene -> DialogSubScene
04:58:17.586 [JavaFX Application Thread] DEBUG PrimaryStageWindow   - Pop state: DialogSubScene
04:58:17.586 [JavaFX Application Thread] DEBUG Input                - Clearing active input actions
04:58:17.586 [JavaFX Application Thread] DEBUG GameApplicationServi - Removing overlay from DialogSubScene and adding to GameScene
04:58:17.587 [JavaFX Application Thread] DEBUG PrimaryStageWindow   - GameScene <- DialogSubScene
04:58:17.587 [JavaFX Application Thread] DEBUG GameWorld            - Clearing game world
04:58:17.589 [JavaFX Application Thread] DEBUG Input                - Clearing active input actions
04:58:17.595 [JavaFX Application Thread] DEBUG GameApplicationServi - Removing overlay from GameScene and adding to FXGLMainMenuDummyScene
04:58:17.595 [JavaFX Application Thread] DEBUG PrimaryStageWindow   - GameScene -> FXGLMainMenuDummyScene
04:58:17.595 [JavaFX Application Thread] DEBUG PrimaryStageWindow   - Push state: StartScreen
04:58:17.595 [JavaFX Application Thread] DEBUG Input                - Clearing active input actions
04:58:17.598 [JavaFX Application Thread] DEBUG GameApplicationServi - Removing overlay from FXGLMainMenuDummyScene and adding to StartScreen
04:58:17.598 [JavaFX Application Thread] DEBUG PrimaryStageWindow   - FXGLMainMenuDummyScene -> StartScreen
04:58:18.112 [JavaFX Application Thread] DEBUG Menu                 - fireNewGame()
04:58:18.112 [JavaFX Application Thread] DEBUG GameApplicationServi - Starting new game
04:58:18.112 [JavaFX Application Thread] DEBUG PrimaryStageWindow   - Pop state: StartScreen
04:58:18.112 [JavaFX Application Thread] DEBUG Input                - Clearing active input actions
04:58:18.114 [JavaFX Application Thread] DEBUG GameApplicationServi - Removing overlay from StartScreen and adding to FXGLMainMenuDummyScene
04:58:18.114 [JavaFX Application Thread] DEBUG PrimaryStageWindow   - FXGLMainMenuDummyScene <- StartScreen
04:58:18.114 [JavaFX Application Thread] DEBUG Input                - Clearing active input actions
04:58:18.120 [JavaFX Application Thread] DEBUG GameApplicationServi - Removing overlay from FXGLMainMenuDummyScene and adding to FXGLLoadingScene
04:58:18.120 [JavaFX Application Thread] DEBUG PrimaryStageWindow   - FXGLMainMenuDummyScene -> FXGLLoadingScene
04:58:18.120 [JavaFX Application Thread] DEBUG GameApplicationServi - Clearing previous game
04:58:18.120 [JavaFX Application Thread] DEBUG GameScene            - Clearing game scene
04:58:18.120 [JavaFX Application Thread] DEBUG GameWorld            - Clearing game world
04:58:18.120 [JavaFX Application Thread] DEBUG PhysicsWorld         - Clearing physics world
04:58:18.121 [FXGL Background Thread 2 ] DEBUG FXGLApplication      - Initializing game
04:58:18.131 [FXGL Background Thread 2 ] INFO  FXGLApplication      - Game initialization took: 0.011 sec
04:58:18.132 [JavaFX Application Thread] DEBUG Input                - Clearing active input actions
04:58:18.139 [JavaFX Application Thread] DEBUG GameApplicationServi - Removing overlay from FXGLLoadingScene and adding to GameScene
04:58:18.139 [JavaFX Application Thread] DEBUG PrimaryStageWindow   - FXGLLoadingScene -> GameScene
04:58:19.674 [JavaFX Application Thread] DEBUG PrimaryStageWindow   - Push state: DialogSubScene
04:58:19.674 [JavaFX Application Thread] DEBUG Input                - Clearing active input actions
04:58:19.678 [JavaFX Application Thread] DEBUG GameApplicationServi - Removing overlay from GameScene and adding to DialogSubScene
04:58:19.679 [JavaFX Application Thread] DEBUG PrimaryStageWindow   - GameScene -> DialogSubScene
04:58:19.680 [JavaFX Application Thread] WARN  FXGLAssetLoaderServi - Asset "/assets/textures/null" was not found!
04:58:19.681 [JavaFX Application Thread] WARN  FXGLAssetLoaderServi - Failed to load IMAGE
04:58:19.683 [JavaFX Application Thread] WARN  GameWorld            - Entity is already attached to world
04:58:20.355 [JavaFX Application Thread] DEBUG PrimaryStageWindow   - Pop state: DialogSubScene
04:58:20.355 [JavaFX Application Thread] DEBUG Input                - Clearing active input actions
04:58:20.355 [JavaFX Application Thread] DEBUG GameApplicationServi - Removing overlay from DialogSubScene and adding to GameScene
04:58:20.355 [JavaFX Application Thread] DEBUG PrimaryStageWindow   - GameScene <- DialogSubScene
04:58:35.837 [JavaFX Application Thread] DEBUG PrimaryStageWindow   - Push state: FXGLDefaultMenu
04:58:35.842 [JavaFX Application Thread] DEBUG Input                - Clearing active input actions
04:58:35.843 [JavaFX Application Thread] DEBUG GameApplicationServi - Removing overlay from GameScene and adding to FXGLDefaultMenu
04:58:35.844 [JavaFX Application Thread] DEBUG PrimaryStageWindow   - GameScene -> FXGLDefaultMenu
04:59:37.667 [JavaFX Application Thread] DEBUG FXGLApplication      - Exiting FXGL
04:59:37.667 [JavaFX Application Thread] DEBUG LoopRunner           - Stopping loop
04:59:37.667 [JavaFX Application Thread] DEBUG SystemBundleService  - Saving FXGL system data
04:59:37.672 [JavaFX Application Thread] DEBUG FileSystemAccess     - Writing to: D:\Gonvival\system\fxgl.bundle
04:59:37.677 [JavaFX Application Thread] DEBUG Async                - Shutting down background threads
04:59:37.678 [JavaFX Application Thread] DEBUG PrimaryStageWindow   - Closing main window
04:59:37.703 [JavaFX Application Thread] DEBUG Logger               - Closing Logger
