23:27:08.879 [main                     ] DEBUG Logger               - Configured Logger
23:27:08.935 [main                     ] DEBUG GameApplication      - Logging settings
Title: Gonvival
Version: beta
Width: 800
Height: 800
Fullscreen: false
Intro: false
Profiling: false
Single step:false
App Mode: DEVELOPER
Menu Key: ESCAPE
Stage Style: DECORATED
Scene Factory: class com.almasb.fxgl.app.scene.SceneFactory

23:27:10.225 [JavaFX Application Thread] DEBUG FXGLApplication      - Initializing FXGL
23:27:10.230 [JavaFX Application Thread] INFO  Engine               - FXGL-21.1 (27.03.2024 07.52) on WINDOWS (J:21.0.5 FX:21.0.1)
23:27:10.230 [JavaFX Application Thread] DEBUG Engine               - JRE Vendor Name: Eclipse Adoptium
23:27:10.232 [JavaFX Application Thread] DEBUG Engine               - Running on OS: Windows 11 version 10.0
23:27:10.232 [JavaFX Application Thread] DEBUG Engine               - Architecture: amd64
23:27:10.232 [JavaFX Application Thread] INFO  Engine               - Source code and latest versions at: https://github.com/AlmasB/FXGL
23:27:10.232 [JavaFX Application Thread] INFO  Engine               -       Ask questions and discuss at: https://github.com/AlmasB/FXGL/discussions
23:27:10.233 [JavaFX Application Thread] INFO  Engine               -              Join the FXGL chat at: https://gitter.im/AlmasB/FXGL
23:27:10.351 [JavaFX Application Thread] DEBUG PrimaryStageWindow   - Creating a JavaFX scene
23:27:10.481 [JavaFX Application Thread] DEBUG PrimaryStageWindow   - Target settings size: 800.0 x 800.0
23:27:10.481 [JavaFX Application Thread] DEBUG PrimaryStageWindow   - Scaled scene size:    800.0 x 800.0
23:27:10.482 [JavaFX Application Thread] DEBUG PrimaryStageWindow   - Scaled ratio: (1.0, 1.0)
23:27:10.485 [JavaFX Application Thread] DEBUG PrimaryStageWindow   - Set initial scene to FXGLStartupScene
23:27:10.490 [JavaFX Application Thread] DEBUG PrimaryStageWindow   - Opening main window
23:27:10.704 [JavaFX Application Thread] DEBUG PrimaryStageWindow   - Window border size: (16.0, 39.0)
23:27:10.705 [JavaFX Application Thread] DEBUG PrimaryStageWindow   - Scaled size: 800.0 x 800.0
23:27:10.706 [JavaFX Application Thread] DEBUG PrimaryStageWindow   - Scaled ratio: (1.0, 1.0)
23:27:10.707 [JavaFX Application Thread] DEBUG PrimaryStageWindow   - Scene size: 800.0 x 800.0
23:27:10.708 [JavaFX Application Thread] DEBUG PrimaryStageWindow   - Stage size: 816.0 x 839.0
23:27:10.742 [FXGL Background Thread 1 ] DEBUG Engine               - Initializing environment variables
23:27:10.860 [FXGL Background Thread 1 ] DEBUG FXGLAssetLoaderServi - User app class for loading assets: class com.lab.App
23:27:10.860 [FXGL Background Thread 1 ] DEBUG GameApplicationServi - Applying CSS: fxgl_dark.css
23:27:10.861 [FXGL Background Thread 1 ] DEBUG FXGLAssetLoaderServi - Loading from file system: jar:file:/C:/Users/HP/.m2/repository/com/github/almasb/fxgl/21.1/fxgl-21.1.jar!/fxglassets/ui/css/fxgl_dark.css
23:27:10.932 [FXGL Background Thread 1 ] DEBUG GameApplicationServi - Initializing application scenes
23:27:11.020 [FXGL Background Thread 1 ] DEBUG GameWorld            - Game world initialized
23:27:11.182 [FXGL Background Thread 1 ] DEBUG PhysicsWorld         - Physics world initialized: appHeight=800, physics.ppm=50.0
23:27:11.182 [FXGL Background Thread 1 ] DEBUG PhysicsWorld         - Using strategy: BRUTE_FORCE
23:27:11.188 [FXGL Background Thread 1 ] DEBUG GameScene            - Game scene initialized: 800x800
23:27:11.210 [FXGL Background Thread 1 ] DEBUG FXGL.DefaultMenu     - createMenuBodyMainMenu()
23:27:11.238 [FXGL Background Thread 1 ] DEBUG FXGL.DefaultMenu     - createOptionsMenu()
23:27:11.259 [FXGL Background Thread 1 ] DEBUG FXGLAssetLoaderServi - Loading from file system: jar:file:/C:/Users/HP/.m2/repository/com/github/almasb/fxgl/21.1/fxgl-21.1.jar!/fxglassets/textures/particles/smoke.png
23:27:11.507 [FXGL Background Thread 1 ] DEBUG FXGLAssetLoaderServi - Loading from file system: jar:file:/C:/Users/HP/.m2/repository/com/github/almasb/fxgl/21.1/fxgl-21.1.jar!/fxglassets/textures/particles/trace_horizontal.png
23:27:11.537 [FXGL Background Thread 1 ] DEBUG FXGL.DefaultMenu     - createMenuBodyGameMenu()
23:27:11.539 [FXGL Background Thread 1 ] DEBUG FXGL.DefaultMenu     - createOptionsMenu()
23:27:11.552 [FXGL Background Thread 1 ] DEBUG GameApplicationServi - Application scenes initialized
23:27:11.570 [FXGL Background Thread 1 ] DEBUG SystemBundleService  - Loading FXGL system data
23:27:11.575 [FXGL Background Thread 1 ] DEBUG FileSystemAccess     - Reading from: D:\newGon\Gonvival\system\fxgl.bundle
23:27:11.588 [FXGL Background Thread 1 ] DEBUG SystemBundleService  - Bundle FXGL: {}
23:27:11.588 [FXGL Background Thread 1 ] DEBUG UpdaterService       - Checking for updates
23:27:11.635 [FXGL Background Thread 4 ] DEBUG FXGLApplication      - Loading fonts
23:27:11.635 [FXGL Background Thread 4 ] DEBUG FXGLAssetLoaderServi - Loading from file system: jar:file:/C:/Users/HP/.m2/repository/com/github/almasb/fxgl/21.1/fxgl-21.1.jar!/fxglassets/ui/fonts/VarelaRound-Regular.ttf
23:27:11.636 [FXGL Background Thread 1 ] DEBUG FXGLApplication      - Loading default localization
23:27:11.637 [FXGL Background Thread 1 ] DEBUG FXGLAssetLoaderServi - Loading from file system: jar:file:/C:/Users/HP/.m2/repository/com/github/almasb/fxgl/21.1/fxgl-21.1.jar!/fxglassets/languages/english.lang
23:27:11.663 [FXGL Background Thread 1 ] INFO  FXGLApplication      - FXGL initialization took: 0.921 sec
23:27:11.666 [JavaFX Application Thread] DEBUG FXGLAssetLoaderServi - Loading from file system: jar:file:/C:/Users/HP/.m2/repository/com/github/almasb/fxgl/21.1/fxgl-21.1.jar!/fxglassets/textures/fxgl_icon.png
23:27:11.684 [FXGL Background Thread 4 ] DEBUG FXGLAssetLoaderServi - Loading from file system: jar:file:/C:/Users/HP/.m2/repository/com/github/almasb/fxgl/21.1/fxgl-21.1.jar!/fxglassets/ui/fonts/Abel-Regular.ttf
23:27:11.692 [FXGL Background Thread 4 ] DEBUG FXGLAssetLoaderServi - Loading from file system: jar:file:/C:/Users/HP/.m2/repository/com/github/almasb/fxgl/21.1/fxgl-21.1.jar!/fxglassets/ui/fonts/TerminalLandMono-Regular.otf
23:27:11.697 [FXGL Background Thread 4 ] DEBUG FXGLAssetLoaderServi - Loading from file system: jar:file:/C:/Users/HP/.m2/repository/com/github/almasb/fxgl/21.1/fxgl-21.1.jar!/fxglassets/ui/fonts/Courier-Prime.ttf
23:27:11.703 [JavaFX Application Thread] DEBUG FXGLAssetLoaderServi - Loading from file system: jar:file:/C:/Users/HP/.m2/repository/com/github/almasb/fxgl/21.1/fxgl-21.1.jar!/fxglassets/textures/fxgl_default_cursor.png
23:27:11.719 [JavaFX Application Thread] DEBUG Input                - Registered new binding: Screenshot - CTRL+8
23:27:11.720 [JavaFX Application Thread] DEBUG Input                - Registered new binding: Dev Options - 1
23:27:11.721 [JavaFX Application Thread] DEBUG Input                - Registered new binding: Dev Console - 2
23:27:11.723 [JavaFX Application Thread] DEBUG Input                - Registered new binding: System info dump - CTRL+9
23:27:11.724 [JavaFX Application Thread] DEBUG Input                - Registered new binding: Restart - CTRL+R
23:27:11.727 [JavaFX Application Thread] DEBUG Input                - Registered new binding: Toggle Debug Camera - CTRL+7
23:27:11.734 [JavaFX Application Thread] DEBUG LoopRunner           - Starting loop
23:27:11.756 [JavaFX Application Thread] DEBUG LoopRunner           - Initializing JavaFX AnimationTimerLoop
23:27:11.761 [JavaFX Application Thread] DEBUG Input                - Clearing active input actions
23:27:11.769 [JavaFX Application Thread] DEBUG GameApplicationServi - Removing overlay from FXGLStartupScene and adding to FXGLMainMenuDummyScene
23:27:11.777 [JavaFX Application Thread] DEBUG PrimaryStageWindow   - FXGLStartupScene -> FXGLMainMenuDummyScene
23:27:11.777 [JavaFX Application Thread] DEBUG PrimaryStageWindow   - Push state: FXGLDefaultMenu
23:27:11.789 [JavaFX Application Thread] DEBUG Input                - Clearing active input actions
23:27:11.798 [JavaFX Application Thread] DEBUG GameApplicationServi - Removing overlay from FXGLMainMenuDummyScene and adding to FXGLDefaultMenu
23:27:11.799 [JavaFX Application Thread] DEBUG PrimaryStageWindow   - FXGLMainMenuDummyScene -> FXGLDefaultMenu
23:27:11.812 [JavaFX Application Thread] DEBUG FXGLApplication      - Registering font factories with UI factory
23:27:12.714 [JavaFX Application Thread] DEBUG Menu                 - fireNewGame()
23:27:12.714 [JavaFX Application Thread] DEBUG GameApplicationServi - Starting new game
23:27:12.717 [JavaFX Application Thread] DEBUG PrimaryStageWindow   - Pop state: FXGLDefaultMenu
23:27:12.718 [JavaFX Application Thread] DEBUG Input                - Clearing active input actions
23:27:12.720 [JavaFX Application Thread] DEBUG GameApplicationServi - Removing overlay from FXGLDefaultMenu and adding to FXGLMainMenuDummyScene
23:27:12.723 [JavaFX Application Thread] DEBUG PrimaryStageWindow   - FXGLMainMenuDummyScene <- FXGLDefaultMenu
23:27:12.724 [JavaFX Application Thread] DEBUG Input                - Clearing active input actions
23:27:12.732 [JavaFX Application Thread] DEBUG GameApplicationServi - Removing overlay from FXGLMainMenuDummyScene and adding to FXGLLoadingScene
23:27:12.732 [JavaFX Application Thread] DEBUG PrimaryStageWindow   - FXGLMainMenuDummyScene -> FXGLLoadingScene
23:27:12.732 [JavaFX Application Thread] DEBUG GameApplicationServi - Clearing previous game
23:27:12.733 [JavaFX Application Thread] DEBUG GameScene            - Clearing game scene
23:27:12.733 [JavaFX Application Thread] DEBUG GameWorld            - Clearing game world
23:27:12.733 [JavaFX Application Thread] DEBUG PhysicsWorld         - Clearing physics world
23:27:12.735 [FXGL Background Thread 2 ] DEBUG FXGLApplication      - Initializing game
23:27:12.755 [FXGL Background Thread 2 ] DEBUG FXGLAssetLoaderServi - Loading from file system: file:/D:/newGon/Gonvival/game/target/classes/assets/textures/map.png
23:27:12.835 [FXGL Background Thread 2 ] DEBUG FXGLAssetLoaderServi - Loading from file system: file:/D:/newGon/Gonvival/game/target/classes/assets/textures/idle_down.png
23:27:12.843 [FXGL Background Thread 2 ] DEBUG FXGLAssetLoaderServi - Loading from file system: file:/D:/newGon/Gonvival/game/target/classes/assets/textures/idle_up.png
23:27:12.846 [FXGL Background Thread 2 ] DEBUG FXGLAssetLoaderServi - Loading from file system: file:/D:/newGon/Gonvival/game/target/classes/assets/textures/idle_left_down.png
23:27:12.849 [FXGL Background Thread 2 ] DEBUG FXGLAssetLoaderServi - Loading from file system: file:/D:/newGon/Gonvival/game/target/classes/assets/textures/idle_left_up.png
23:27:12.851 [FXGL Background Thread 2 ] DEBUG FXGLAssetLoaderServi - Loading from file system: file:/D:/newGon/Gonvival/game/target/classes/assets/textures/idle_right_down.png
23:27:12.855 [FXGL Background Thread 2 ] DEBUG FXGLAssetLoaderServi - Loading from file system: file:/D:/newGon/Gonvival/game/target/classes/assets/textures/idle_right_up.png
23:27:12.857 [FXGL Background Thread 2 ] DEBUG FXGLAssetLoaderServi - Loading from file system: file:/D:/newGon/Gonvival/game/target/classes/assets/textures/walk_left_down.png
23:27:12.859 [FXGL Background Thread 2 ] DEBUG FXGLAssetLoaderServi - Loading from file system: file:/D:/newGon/Gonvival/game/target/classes/assets/textures/walk_right_down.png
23:27:12.862 [FXGL Background Thread 2 ] DEBUG FXGLAssetLoaderServi - Loading from file system: file:/D:/newGon/Gonvival/game/target/classes/assets/textures/walk_up.png
23:27:12.863 [FXGL Background Thread 2 ] DEBUG FXGLAssetLoaderServi - Loading from file system: file:/D:/newGon/Gonvival/game/target/classes/assets/textures/walk_down.png
23:27:12.864 [FXGL Background Thread 2 ] DEBUG FXGLAssetLoaderServi - Loading from file system: file:/D:/newGon/Gonvival/game/target/classes/assets/textures/walk_left_up.png
23:27:12.867 [FXGL Background Thread 2 ] DEBUG FXGLAssetLoaderServi - Loading from file system: file:/D:/newGon/Gonvival/game/target/classes/assets/textures/walk_right_up.png
23:27:12.878 [FXGL Background Thread 2 ] INFO  FXGLApplication      - Game initialization took: 0.142 sec
23:27:12.880 [JavaFX Application Thread] DEBUG Input                - Clearing active input actions
23:27:12.891 [JavaFX Application Thread] DEBUG GameApplicationServi - Removing overlay from FXGLLoadingScene and adding to GameScene
23:27:12.900 [JavaFX Application Thread] DEBUG PrimaryStageWindow   - FXGLLoadingScene -> GameScene
23:27:13.022 [JavaFX Application Thread] DEBUG Input                - Registered new binding: SHOOT - LMB
23:27:13.022 [JavaFX Application Thread] DEBUG Input                - Registered new binding: MOVE LEFT - A
23:27:13.022 [JavaFX Application Thread] DEBUG Input                - Registered new binding: MOVE RIGHT - D
23:27:13.022 [JavaFX Application Thread] DEBUG Input                - Registered new binding: MOVE UP - W
23:27:13.023 [JavaFX Application Thread] DEBUG Input                - Registered new binding: MOVE DOWN - S
23:27:13.610 [JavaFX Application Thread] DEBUG FXGLAssetLoaderServi - Loading from file system: file:/D:/newGon/Gonvival/game/target/classes/assets/textures/evil.png
23:27:14.096 [JavaFX Application Thread] DEBUG FXGLAssetLoaderServi - Loading from file system: file:/D:/newGon/Gonvival/game/target/classes/assets/textures/arrow.png
23:27:14.165 [JavaFX Application Thread] DEBUG LoopRunner           - Resuming loop
23:27:14.633 [FXGL Background Thread 3 ] DEBUG Engine               - Logging environment variables
23:27:14.634 [FXGL Background Thread 3 ] DEBUG Engine               - achievements: []
23:27:14.634 [FXGL Background Thread 3 ] DEBUG Engine               - actualHeight: 800.0
23:27:14.635 [FXGL Background Thread 3 ] DEBUG Engine               - actualHeightProperty: ReadOnlyDoubleProperty [value: 800.0]
23:27:14.635 [FXGL Background Thread 3 ] DEBUG Engine               - actualWidth: 800.0
23:27:14.635 [FXGL Background Thread 3 ] DEBUG Engine               - actualWidthProperty: ReadOnlyDoubleProperty [value: 800.0]
23:27:14.635 [FXGL Background Thread 3 ] DEBUG Engine               - appIcon: fxgl_icon.png
23:27:14.635 [FXGL Background Thread 3 ] DEBUG Engine               - applicationMode: DEVELOPER
23:27:14.635 [FXGL Background Thread 3 ] DEBUG Engine               - cSSList: [fxgl_dark.css]
23:27:14.635 [FXGL Background Thread 3 ] DEBUG Engine               - collisionDetectionStrategy: BRUTE_FORCE
23:27:14.635 [FXGL Background Thread 3 ] DEBUG Engine               - configClass: Optional.empty
23:27:14.636 [FXGL Background Thread 3 ] DEBUG Engine               - credits: []
23:27:14.636 [FXGL Background Thread 3 ] DEBUG Engine               - defaultCursor: CursorInfo(imageName=fxgl_default_cursor.png, hotspotX=7.0, hotspotY=6.0)
23:27:14.637 [FXGL Background Thread 3 ] DEBUG Engine               - devBBoxColorProperty: ObjectProperty [value: 0xff0000ff]
23:27:14.637 [FXGL Background Thread 3 ] DEBUG Engine               - devEnableDebugCameraProperty: BooleanProperty [value: false]
23:27:14.637 [FXGL Background Thread 3 ] DEBUG Engine               - devSensorColorProperty: ObjectProperty [value: 0xffff00ff]
23:27:14.637 [FXGL Background Thread 3 ] DEBUG Engine               - devShowBBoxProperty: BooleanProperty [value: false]
23:27:14.637 [FXGL Background Thread 3 ] DEBUG Engine               - devShowPositionProperty: BooleanProperty [value: false]
23:27:14.637 [FXGL Background Thread 3 ] DEBUG Engine               - enabledMenuItems: []
23:27:14.637 [FXGL Background Thread 3 ] DEBUG Engine               - engineServices: [class com.almasb.fxgl.app.services.FXGLAssetLoaderService, class com.almasb.fxgl.app.FXGLApplication$GameApplicationService, class com.almasb.fxgl.app.services.FXGLDialogService, class com.almasb.fxgl.app.services.IOTaskExecutorService, class com.almasb.fxgl.io.FileSystemService, class com.almasb.fxgl.localization.LocalizationService, class com.almasb.fxgl.app.services.SystemBundleService, class com.almasb.fxgl.profile.SaveLoadService, class com.almasb.fxgl.ui.FXGLUIFactoryServiceProvider, class com.almasb.fxgl.ui.FXGLDialogFactoryServiceProvider, class com.almasb.fxgl.audio.AudioPlayer, class com.almasb.fxgl.notification.impl.NotificationServiceProvider, class com.almasb.fxgl.achievement.AchievementService, class com.almasb.fxgl.cutscene.CutsceneService, class com.almasb.fxgl.minigames.MiniGameService, class com.almasb.fxgl.net.NetService, class com.almasb.fxgl.app.services.UpdaterService, class com.almasb.fxgl.dev.DevService]
23:27:14.637 [FXGL Background Thread 3 ] DEBUG Engine               - fontGame: Abel-Regular.ttf
23:27:14.637 [FXGL Background Thread 3 ] DEBUG Engine               - fontMono: TerminalLandMono-Regular.otf
23:27:14.639 [FXGL Background Thread 3 ] DEBUG Engine               - fontSizeScaleUI: 1.0
23:27:14.639 [FXGL Background Thread 3 ] DEBUG Engine               - fontText: Courier-Prime.ttf
23:27:14.639 [FXGL Background Thread 3 ] DEBUG Engine               - fontUI: VarelaRound-Regular.ttf
23:27:14.639 [FXGL Background Thread 3 ] DEBUG Engine               - fullScreen: BooleanProperty [value: false]
23:27:14.639 [FXGL Background Thread 3 ] DEBUG Engine               - gameDifficulty: MEDIUM
23:27:14.639 [FXGL Background Thread 3 ] DEBUG Engine               - gameDifficultyProperty: ObjectProperty [value: MEDIUM]
23:27:14.639 [FXGL Background Thread 3 ] DEBUG Engine               - globalMusicVolume: 0.5
23:27:14.640 [FXGL Background Thread 3 ] DEBUG Engine               - globalMusicVolumeProperty: DoubleProperty [value: 0.5]
23:27:14.640 [FXGL Background Thread 3 ] DEBUG Engine               - globalSoundVolume: 0.5
23:27:14.640 [FXGL Background Thread 3 ] DEBUG Engine               - globalSoundVolumeProperty: DoubleProperty [value: 0.5]
23:27:14.640 [FXGL Background Thread 3 ] DEBUG Engine               - height: 800
23:27:14.640 [FXGL Background Thread 3 ] DEBUG Engine               - is3D: false
23:27:14.640 [FXGL Background Thread 3 ] DEBUG Engine               - isAndroid: false
23:27:14.640 [FXGL Background Thread 3 ] DEBUG Engine               - isBrowser: false
23:27:14.641 [FXGL Background Thread 3 ] DEBUG Engine               - isClickFeedbackEnabled: false
23:27:14.641 [FXGL Background Thread 3 ] DEBUG Engine               - isCloseConfirmation: false
23:27:14.641 [FXGL Background Thread 3 ] DEBUG Engine               - isDesktop: true
23:27:14.641 [FXGL Background Thread 3 ] DEBUG Engine               - isDeveloperMenuEnabled: true
23:27:14.641 [FXGL Background Thread 3 ] DEBUG Engine               - isEmbedded: false
23:27:14.641 [FXGL Background Thread 3 ] DEBUG Engine               - isEntityPreloadEnabled: true
23:27:14.641 [FXGL Background Thread 3 ] DEBUG Engine               - isExperimentalTiledLargeMap: false
23:27:14.641 [FXGL Background Thread 3 ] DEBUG Engine               - isFileSystemWriteAllowed: true
23:27:14.641 [FXGL Background Thread 3 ] DEBUG Engine               - isFullScreenAllowed: false
23:27:14.641 [FXGL Background Thread 3 ] DEBUG Engine               - isFullScreenFromStart: false
23:27:14.641 [FXGL Background Thread 3 ] DEBUG Engine               - isGameMenuEnabled: true
23:27:14.641 [FXGL Background Thread 3 ] DEBUG Engine               - isIOS: false
23:27:14.641 [FXGL Background Thread 3 ] DEBUG Engine               - isIntroEnabled: false
23:27:14.641 [FXGL Background Thread 3 ] DEBUG Engine               - isLinux: false
23:27:14.641 [FXGL Background Thread 3 ] DEBUG Engine               - isMac: false
23:27:14.642 [FXGL Background Thread 3 ] DEBUG Engine               - isMainMenuEnabled: true
23:27:14.642 [FXGL Background Thread 3 ] DEBUG Engine               - isManualResizeEnabled: false
23:27:14.642 [FXGL Background Thread 3 ] DEBUG Engine               - isMobile: false
23:27:14.642 [FXGL Background Thread 3 ] DEBUG Engine               - isNative: false
23:27:14.642 [FXGL Background Thread 3 ] DEBUG Engine               - isPauseMusicWhenMinimized: true
23:27:14.642 [FXGL Background Thread 3 ] DEBUG Engine               - isPreserveResizeRatio: false
23:27:14.642 [FXGL Background Thread 3 ] DEBUG Engine               - isProfilingEnabled: false
23:27:14.643 [FXGL Background Thread 3 ] DEBUG Engine               - isScaleAffectedOnResize: true
23:27:14.643 [FXGL Background Thread 3 ] DEBUG Engine               - isSingleStep: false
23:27:14.643 [FXGL Background Thread 3 ] DEBUG Engine               - isUserProfileEnabled: false
23:27:14.643 [FXGL Background Thread 3 ] DEBUG Engine               - isWindows: true
23:27:14.643 [FXGL Background Thread 3 ] DEBUG Engine               - language: ObjectProperty [value: ENGLISH]
23:27:14.643 [FXGL Background Thread 3 ] DEBUG Engine               - menuKey: ESCAPE
23:27:14.643 [FXGL Background Thread 3 ] DEBUG Engine               - mouseSensitivity: 0.2
23:27:14.644 [FXGL Background Thread 3 ] DEBUG Engine               - notificationViewClass: class com.almasb.fxgl.notification.view.XboxNotificationView
23:27:14.644 [FXGL Background Thread 3 ] DEBUG Engine               - pixelsPerMeter: 50.0
23:27:14.644 [FXGL Background Thread 3 ] DEBUG Engine               - platform: WINDOWS
23:27:14.644 [FXGL Background Thread 3 ] DEBUG Engine               - prefHeightProperty: ReadOnlyDoubleProperty [value: 800.0]
23:27:14.644 [FXGL Background Thread 3 ] DEBUG Engine               - prefWidthProperty: ReadOnlyDoubleProperty [value: 800.0]
23:27:14.644 [FXGL Background Thread 3 ] DEBUG Engine               - profileDir: profiles/
23:27:14.644 [FXGL Background Thread 3 ] DEBUG Engine               - profileName: StringProperty [value: DEFAULT]
23:27:14.645 [FXGL Background Thread 3 ] DEBUG Engine               - randomSeed: -1
23:27:14.645 [FXGL Background Thread 3 ] DEBUG Engine               - runtimeInfo: RuntimeInfo(platform=WINDOWS, version=21.1, build=27.03.2024 07.52)
23:27:14.646 [FXGL Background Thread 3 ] DEBUG Engine               - saveFileExt: sav
23:27:14.646 [FXGL Background Thread 3 ] DEBUG Engine               - scaledHeightProp$fxgl: DoubleProperty [bound, value: 800.0]
23:27:14.646 [FXGL Background Thread 3 ] DEBUG Engine               - scaledWidthProp$fxgl: DoubleProperty [bound, value: 800.0]
23:27:14.646 [FXGL Background Thread 3 ] DEBUG Engine               - sceneFactory: com.almasb.fxgl.app.scene.SceneFactory@2e56010e
23:27:14.646 [FXGL Background Thread 3 ] DEBUG Engine               - secondsIn24h: 60
23:27:14.646 [FXGL Background Thread 3 ] DEBUG Engine               - soundMenuBack: menu/back.wav
23:27:14.647 [FXGL Background Thread 3 ] DEBUG Engine               - soundMenuPress: menu/press.wav
23:27:14.647 [FXGL Background Thread 3 ] DEBUG Engine               - soundMenuSelect: menu/select.wav
23:27:14.647 [FXGL Background Thread 3 ] DEBUG Engine               - soundNotification: core/notification.wav
23:27:14.647 [FXGL Background Thread 3 ] DEBUG Engine               - stageStyle: DECORATED
23:27:14.647 [FXGL Background Thread 3 ] DEBUG Engine               - supportedLanguages: [ENGLISH, FRENCH, GERMAN, HUNGARIAN, RUSSIAN]
23:27:14.648 [FXGL Background Thread 3 ] DEBUG Engine               - ticksPerSecond: -1
23:27:14.648 [FXGL Background Thread 3 ] DEBUG Engine               - title: Gonvival
23:27:14.648 [FXGL Background Thread 3 ] DEBUG Engine               - urlGithub: https://github.com/AlmasB/FXGL
23:27:14.648 [FXGL Background Thread 3 ] DEBUG Engine               - urlLeaderboard: http://fxgl-top.herokuapp.com/
23:27:14.648 [FXGL Background Thread 3 ] DEBUG Engine               - urlPOM: https://raw.githubusercontent.com/AlmasB/FXGL/release/README.md
23:27:14.648 [FXGL Background Thread 3 ] DEBUG Engine               - userAppClass: class com.lab.App
23:27:14.649 [FXGL Background Thread 3 ] DEBUG Engine               - version: beta
23:27:14.649 [FXGL Background Thread 3 ] DEBUG Engine               - versionCheckDays: 7
23:27:14.649 [FXGL Background Thread 3 ] DEBUG Engine               - width: 800
23:27:14.649 [FXGL Background Thread 3 ] DEBUG Engine               - Logging services
23:27:14.649 [FXGL Background Thread 3 ] DEBUG Engine               - class com.almasb.fxgl.app.services.FXGLAssetLoaderService
23:27:14.649 [FXGL Background Thread 3 ] DEBUG Engine               - class com.almasb.fxgl.app.FXGLApplication$GameApplicationService
23:27:14.649 [FXGL Background Thread 3 ] DEBUG Engine               - class com.almasb.fxgl.app.services.FXGLDialogService
23:27:14.649 [FXGL Background Thread 3 ] DEBUG Engine               - class com.almasb.fxgl.app.services.IOTaskExecutorService
23:27:14.650 [FXGL Background Thread 3 ] DEBUG Engine               - class com.almasb.fxgl.io.FileSystemService
23:27:14.650 [FXGL Background Thread 3 ] DEBUG Engine               - class com.almasb.fxgl.localization.LocalizationService
23:27:14.650 [FXGL Background Thread 3 ] DEBUG Engine               - class com.almasb.fxgl.app.services.SystemBundleService
23:27:14.650 [FXGL Background Thread 3 ] DEBUG Engine               - class com.almasb.fxgl.profile.SaveLoadService
23:27:14.650 [FXGL Background Thread 3 ] DEBUG Engine               - class com.almasb.fxgl.ui.FXGLUIFactoryServiceProvider
23:27:14.650 [FXGL Background Thread 3 ] DEBUG Engine               - class com.almasb.fxgl.ui.FXGLDialogFactoryServiceProvider
23:27:14.650 [FXGL Background Thread 3 ] DEBUG Engine               - class com.almasb.fxgl.audio.AudioPlayer
23:27:14.650 [FXGL Background Thread 3 ] DEBUG Engine               - class com.almasb.fxgl.notification.impl.NotificationServiceProvider
23:27:14.650 [FXGL Background Thread 3 ] DEBUG Engine               - class com.almasb.fxgl.achievement.AchievementService
23:27:14.650 [FXGL Background Thread 3 ] DEBUG Engine               - class com.almasb.fxgl.cutscene.CutsceneService
23:27:14.651 [FXGL Background Thread 3 ] DEBUG Engine               - class com.almasb.fxgl.minigames.MiniGameService
23:27:14.651 [FXGL Background Thread 3 ] DEBUG Engine               - class com.almasb.fxgl.net.NetService
23:27:14.651 [FXGL Background Thread 3 ] DEBUG Engine               - class com.almasb.fxgl.app.services.UpdaterService
23:27:14.651 [FXGL Background Thread 3 ] DEBUG Engine               - class com.almasb.fxgl.dev.DevService
23:27:14.853 [JavaFX Application Thread] DEBUG LoopRunner           - Resuming loop
23:27:15.483 [JavaFX Application Thread] DEBUG LoopRunner           - Resuming loop
23:27:15.882 [JavaFX Application Thread] DEBUG LoopRunner           - Resuming loop
23:27:16.173 [JavaFX Application Thread] DEBUG LoopRunner           - Resuming loop
23:27:16.379 [JavaFX Application Thread] DEBUG LoopRunner           - Resuming loop
23:27:16.541 [JavaFX Application Thread] DEBUG LoopRunner           - Resuming loop
23:27:16.667 [JavaFX Application Thread] DEBUG LoopRunner           - Resuming loop
23:27:16.829 [JavaFX Application Thread] DEBUG LoopRunner           - Resuming loop
23:27:16.961 [JavaFX Application Thread] DEBUG LoopRunner           - Resuming loop
23:27:17.090 [JavaFX Application Thread] DEBUG LoopRunner           - Resuming loop
23:27:17.204 [JavaFX Application Thread] DEBUG LoopRunner           - Resuming loop
23:27:17.309 [JavaFX Application Thread] DEBUG LoopRunner           - Resuming loop
23:27:17.818 [JavaFX Application Thread] DEBUG LoopRunner           - Resuming loop
23:27:17.969 [JavaFX Application Thread] DEBUG LoopRunner           - Resuming loop
23:27:18.140 [JavaFX Application Thread] DEBUG LoopRunner           - Resuming loop
23:27:18.441 [JavaFX Application Thread] DEBUG LoopRunner           - Resuming loop
23:27:18.593 [JavaFX Application Thread] DEBUG LoopRunner           - Resuming loop
23:27:18.738 [JavaFX Application Thread] DEBUG LoopRunner           - Resuming loop
23:27:18.889 [JavaFX Application Thread] DEBUG LoopRunner           - Resuming loop
23:27:19.060 [JavaFX Application Thread] DEBUG LoopRunner           - Resuming loop
23:27:19.220 [JavaFX Application Thread] DEBUG LoopRunner           - Resuming loop
23:27:19.385 [JavaFX Application Thread] DEBUG LoopRunner           - Resuming loop
23:27:19.620 [JavaFX Application Thread] DEBUG LoopRunner           - Resuming loop
23:27:19.787 [JavaFX Application Thread] DEBUG LoopRunner           - Resuming loop
23:27:19.961 [JavaFX Application Thread] DEBUG LoopRunner           - Resuming loop
23:27:20.131 [JavaFX Application Thread] DEBUG LoopRunner           - Resuming loop
23:27:20.284 [JavaFX Application Thread] DEBUG LoopRunner           - Resuming loop
23:27:20.499 [JavaFX Application Thread] DEBUG LoopRunner           - Resuming loop
23:27:20.660 [JavaFX Application Thread] DEBUG LoopRunner           - Resuming loop
23:27:20.811 [JavaFX Application Thread] DEBUG LoopRunner           - Resuming loop
23:27:20.985 [JavaFX Application Thread] DEBUG LoopRunner           - Resuming loop
23:27:21.178 [JavaFX Application Thread] DEBUG LoopRunner           - Resuming loop
23:27:21.338 [JavaFX Application Thread] DEBUG LoopRunner           - Resuming loop
23:27:21.514 [JavaFX Application Thread] DEBUG LoopRunner           - Resuming loop
23:27:21.667 [JavaFX Application Thread] DEBUG LoopRunner           - Resuming loop
23:27:21.826 [JavaFX Application Thread] DEBUG LoopRunner           - Resuming loop
23:27:22.006 [JavaFX Application Thread] DEBUG LoopRunner           - Resuming loop
23:27:22.197 [JavaFX Application Thread] DEBUG LoopRunner           - Resuming loop
23:27:22.372 [JavaFX Application Thread] DEBUG LoopRunner           - Resuming loop
23:27:22.545 [JavaFX Application Thread] DEBUG LoopRunner           - Resuming loop
23:27:22.705 [JavaFX Application Thread] DEBUG LoopRunner           - Resuming loop
23:27:22.869 [JavaFX Application Thread] DEBUG LoopRunner           - Resuming loop
23:27:23.025 [JavaFX Application Thread] DEBUG LoopRunner           - Resuming loop
23:27:23.211 [JavaFX Application Thread] DEBUG LoopRunner           - Resuming loop
23:27:23.418 [JavaFX Application Thread] DEBUG LoopRunner           - Resuming loop
23:27:23.612 [JavaFX Application Thread] DEBUG LoopRunner           - Resuming loop
23:27:23.779 [JavaFX Application Thread] DEBUG LoopRunner           - Resuming loop
23:27:23.946 [JavaFX Application Thread] DEBUG LoopRunner           - Resuming loop
23:27:24.125 [JavaFX Application Thread] DEBUG LoopRunner           - Resuming loop
23:27:24.282 [JavaFX Application Thread] DEBUG LoopRunner           - Resuming loop
23:27:24.477 [JavaFX Application Thread] DEBUG LoopRunner           - Resuming loop
23:27:24.659 [JavaFX Application Thread] DEBUG LoopRunner           - Resuming loop
23:27:24.852 [JavaFX Application Thread] DEBUG LoopRunner           - Resuming loop
23:27:25.010 [JavaFX Application Thread] DEBUG LoopRunner           - Resuming loop
23:27:25.193 [JavaFX Application Thread] DEBUG LoopRunner           - Resuming loop
23:27:25.362 [JavaFX Application Thread] DEBUG LoopRunner           - Resuming loop
23:27:25.537 [JavaFX Application Thread] DEBUG LoopRunner           - Resuming loop
23:27:25.709 [JavaFX Application Thread] DEBUG LoopRunner           - Resuming loop
23:27:25.937 [JavaFX Application Thread] DEBUG LoopRunner           - Resuming loop
23:27:26.090 [JavaFX Application Thread] DEBUG LoopRunner           - Resuming loop
23:27:26.282 [JavaFX Application Thread] DEBUG LoopRunner           - Resuming loop
23:27:26.467 [JavaFX Application Thread] DEBUG LoopRunner           - Resuming loop
23:27:26.647 [JavaFX Application Thread] DEBUG LoopRunner           - Resuming loop
23:27:26.794 [JavaFX Application Thread] DEBUG LoopRunner           - Resuming loop
23:27:26.978 [JavaFX Application Thread] DEBUG LoopRunner           - Resuming loop
23:27:27.147 [JavaFX Application Thread] DEBUG LoopRunner           - Resuming loop
23:27:27.302 [JavaFX Application Thread] DEBUG LoopRunner           - Resuming loop
23:27:27.491 [JavaFX Application Thread] DEBUG LoopRunner           - Resuming loop
23:27:27.684 [JavaFX Application Thread] DEBUG LoopRunner           - Resuming loop
23:27:27.869 [JavaFX Application Thread] DEBUG LoopRunner           - Resuming loop
23:27:28.049 [JavaFX Application Thread] DEBUG LoopRunner           - Resuming loop
23:27:28.233 [JavaFX Application Thread] DEBUG LoopRunner           - Resuming loop
23:27:28.371 [JavaFX Application Thread] DEBUG LoopRunner           - Resuming loop
23:27:28.532 [JavaFX Application Thread] DEBUG LoopRunner           - Resuming loop
23:27:28.689 [JavaFX Application Thread] DEBUG LoopRunner           - Resuming loop
23:27:28.848 [JavaFX Application Thread] DEBUG LoopRunner           - Resuming loop
23:27:29.026 [JavaFX Application Thread] DEBUG LoopRunner           - Resuming loop
23:27:29.242 [JavaFX Application Thread] DEBUG LoopRunner           - Resuming loop
23:27:29.403 [JavaFX Application Thread] DEBUG LoopRunner           - Resuming loop
23:27:29.578 [JavaFX Application Thread] DEBUG LoopRunner           - Resuming loop
23:27:29.754 [JavaFX Application Thread] DEBUG LoopRunner           - Resuming loop
23:27:29.898 [JavaFX Application Thread] DEBUG LoopRunner           - Resuming loop
23:27:30.069 [JavaFX Application Thread] DEBUG LoopRunner           - Resuming loop
23:27:30.234 [JavaFX Application Thread] DEBUG LoopRunner           - Resuming loop
23:27:30.412 [JavaFX Application Thread] DEBUG LoopRunner           - Resuming loop
23:27:30.610 [JavaFX Application Thread] DEBUG LoopRunner           - Resuming loop
23:27:30.778 [JavaFX Application Thread] DEBUG LoopRunner           - Resuming loop
23:27:30.947 [JavaFX Application Thread] DEBUG LoopRunner           - Resuming loop
23:27:31.124 [JavaFX Application Thread] DEBUG LoopRunner           - Resuming loop
23:27:31.317 [JavaFX Application Thread] DEBUG LoopRunner           - Resuming loop
23:27:31.458 [JavaFX Application Thread] DEBUG LoopRunner           - Resuming loop
23:27:31.652 [JavaFX Application Thread] DEBUG LoopRunner           - Resuming loop
23:27:31.835 [JavaFX Application Thread] DEBUG LoopRunner           - Resuming loop
23:27:32.043 [JavaFX Application Thread] DEBUG LoopRunner           - Resuming loop
23:27:32.225 [JavaFX Application Thread] DEBUG LoopRunner           - Resuming loop
23:27:32.417 [JavaFX Application Thread] DEBUG LoopRunner           - Resuming loop
23:27:32.600 [JavaFX Application Thread] DEBUG LoopRunner           - Resuming loop
23:27:32.803 [JavaFX Application Thread] DEBUG LoopRunner           - Resuming loop
23:27:32.978 [JavaFX Application Thread] DEBUG LoopRunner           - Resuming loop
23:27:33.159 [JavaFX Application Thread] DEBUG LoopRunner           - Resuming loop
23:27:33.353 [JavaFX Application Thread] DEBUG LoopRunner           - Resuming loop
23:27:33.528 [JavaFX Application Thread] DEBUG LoopRunner           - Resuming loop
23:27:33.683 [JavaFX Application Thread] DEBUG LoopRunner           - Resuming loop
23:27:33.834 [JavaFX Application Thread] DEBUG LoopRunner           - Resuming loop
23:27:33.988 [JavaFX Application Thread] DEBUG LoopRunner           - Resuming loop
23:27:34.141 [JavaFX Application Thread] DEBUG LoopRunner           - Resuming loop
23:27:34.315 [JavaFX Application Thread] DEBUG LoopRunner           - Resuming loop
23:27:34.468 [JavaFX Application Thread] DEBUG LoopRunner           - Resuming loop
23:27:34.634 [JavaFX Application Thread] DEBUG LoopRunner           - Resuming loop
23:27:34.811 [JavaFX Application Thread] DEBUG LoopRunner           - Resuming loop
23:27:34.978 [JavaFX Application Thread] DEBUG LoopRunner           - Resuming loop
23:27:35.150 [JavaFX Application Thread] DEBUG LoopRunner           - Resuming loop
23:27:35.316 [JavaFX Application Thread] DEBUG LoopRunner           - Resuming loop
23:27:35.500 [JavaFX Application Thread] DEBUG LoopRunner           - Resuming loop
23:27:35.675 [JavaFX Application Thread] DEBUG LoopRunner           - Resuming loop
23:27:35.861 [JavaFX Application Thread] DEBUG LoopRunner           - Resuming loop
23:27:36.049 [JavaFX Application Thread] DEBUG LoopRunner           - Resuming loop
23:27:36.250 [JavaFX Application Thread] DEBUG LoopRunner           - Resuming loop
23:27:36.433 [JavaFX Application Thread] DEBUG LoopRunner           - Resuming loop
23:27:36.644 [JavaFX Application Thread] DEBUG LoopRunner           - Resuming loop
23:27:36.836 [JavaFX Application Thread] DEBUG LoopRunner           - Resuming loop
23:27:37.004 [JavaFX Application Thread] DEBUG LoopRunner           - Resuming loop
23:27:37.170 [JavaFX Application Thread] DEBUG LoopRunner           - Resuming loop
23:27:37.337 [JavaFX Application Thread] DEBUG LoopRunner           - Resuming loop
23:27:37.555 [JavaFX Application Thread] DEBUG LoopRunner           - Resuming loop
23:27:37.730 [JavaFX Application Thread] DEBUG LoopRunner           - Resuming loop
23:27:37.939 [JavaFX Application Thread] DEBUG LoopRunner           - Resuming loop
23:27:38.113 [JavaFX Application Thread] DEBUG LoopRunner           - Resuming loop
23:27:38.294 [JavaFX Application Thread] DEBUG LoopRunner           - Resuming loop
23:27:38.506 [JavaFX Application Thread] DEBUG LoopRunner           - Resuming loop
23:27:38.716 [JavaFX Application Thread] DEBUG LoopRunner           - Resuming loop
23:27:38.905 [JavaFX Application Thread] DEBUG LoopRunner           - Resuming loop
23:27:39.109 [JavaFX Application Thread] DEBUG LoopRunner           - Resuming loop
23:27:39.298 [JavaFX Application Thread] DEBUG LoopRunner           - Resuming loop
23:27:39.466 [JavaFX Application Thread] DEBUG LoopRunner           - Resuming loop
23:27:39.642 [JavaFX Application Thread] DEBUG LoopRunner           - Resuming loop
23:27:39.819 [JavaFX Application Thread] DEBUG LoopRunner           - Resuming loop
23:27:40.020 [JavaFX Application Thread] DEBUG LoopRunner           - Resuming loop
23:27:40.210 [JavaFX Application Thread] DEBUG LoopRunner           - Resuming loop
23:27:40.395 [JavaFX Application Thread] DEBUG LoopRunner           - Resuming loop
23:27:40.556 [JavaFX Application Thread] DEBUG LoopRunner           - Resuming loop
23:27:40.747 [JavaFX Application Thread] DEBUG LoopRunner           - Resuming loop
23:27:40.925 [JavaFX Application Thread] DEBUG LoopRunner           - Resuming loop
23:27:41.114 [JavaFX Application Thread] DEBUG LoopRunner           - Resuming loop
23:27:41.306 [JavaFX Application Thread] DEBUG LoopRunner           - Resuming loop
23:27:41.501 [JavaFX Application Thread] DEBUG LoopRunner           - Resuming loop
23:27:41.692 [JavaFX Application Thread] DEBUG LoopRunner           - Resuming loop
23:27:41.843 [JavaFX Application Thread] DEBUG LoopRunner           - Resuming loop
23:27:42.017 [JavaFX Application Thread] DEBUG LoopRunner           - Resuming loop
23:27:42.210 [JavaFX Application Thread] DEBUG LoopRunner           - Resuming loop
23:27:42.379 [JavaFX Application Thread] DEBUG LoopRunner           - Resuming loop
23:27:42.567 [JavaFX Application Thread] DEBUG LoopRunner           - Resuming loop
23:27:42.758 [JavaFX Application Thread] DEBUG LoopRunner           - Resuming loop
23:27:42.946 [JavaFX Application Thread] DEBUG LoopRunner           - Resuming loop
23:27:43.201 [JavaFX Application Thread] DEBUG LoopRunner           - Resuming loop
23:27:43.380 [JavaFX Application Thread] DEBUG LoopRunner           - Resuming loop
23:27:43.571 [JavaFX Application Thread] DEBUG LoopRunner           - Resuming loop
23:27:43.761 [JavaFX Application Thread] DEBUG LoopRunner           - Resuming loop
23:27:43.962 [JavaFX Application Thread] DEBUG LoopRunner           - Resuming loop
23:27:44.169 [JavaFX Application Thread] DEBUG LoopRunner           - Resuming loop
23:27:44.342 [JavaFX Application Thread] DEBUG LoopRunner           - Resuming loop
23:27:44.481 [JavaFX Application Thread] DEBUG LoopRunner           - Resuming loop
23:27:44.662 [JavaFX Application Thread] DEBUG LoopRunner           - Resuming loop
23:27:44.820 [JavaFX Application Thread] DEBUG LoopRunner           - Resuming loop
23:27:44.986 [JavaFX Application Thread] DEBUG LoopRunner           - Resuming loop
23:27:45.171 [JavaFX Application Thread] DEBUG LoopRunner           - Resuming loop
23:27:45.354 [JavaFX Application Thread] DEBUG LoopRunner           - Resuming loop
23:27:45.546 [JavaFX Application Thread] DEBUG LoopRunner           - Resuming loop
23:27:45.732 [JavaFX Application Thread] DEBUG LoopRunner           - Resuming loop
23:27:45.930 [JavaFX Application Thread] DEBUG LoopRunner           - Resuming loop
23:27:46.097 [JavaFX Application Thread] DEBUG LoopRunner           - Resuming loop
23:27:46.292 [JavaFX Application Thread] DEBUG LoopRunner           - Resuming loop
23:27:46.473 [JavaFX Application Thread] DEBUG LoopRunner           - Resuming loop
23:27:46.640 [JavaFX Application Thread] DEBUG LoopRunner           - Resuming loop
23:27:46.835 [JavaFX Application Thread] DEBUG LoopRunner           - Resuming loop
23:27:47.025 [JavaFX Application Thread] DEBUG LoopRunner           - Resuming loop
23:27:47.209 [JavaFX Application Thread] DEBUG LoopRunner           - Resuming loop
23:27:47.400 [JavaFX Application Thread] DEBUG LoopRunner           - Resuming loop
23:27:47.595 [JavaFX Application Thread] DEBUG LoopRunner           - Resuming loop
23:27:47.753 [JavaFX Application Thread] DEBUG LoopRunner           - Resuming loop
23:27:47.931 [JavaFX Application Thread] DEBUG LoopRunner           - Resuming loop
23:27:48.106 [JavaFX Application Thread] DEBUG LoopRunner           - Resuming loop
23:27:48.290 [JavaFX Application Thread] DEBUG LoopRunner           - Resuming loop
23:27:48.458 [JavaFX Application Thread] DEBUG LoopRunner           - Resuming loop
23:27:48.634 [JavaFX Application Thread] DEBUG LoopRunner           - Resuming loop
23:27:48.818 [JavaFX Application Thread] DEBUG LoopRunner           - Resuming loop
23:27:49.025 [JavaFX Application Thread] DEBUG LoopRunner           - Resuming loop
23:27:49.217 [JavaFX Application Thread] DEBUG LoopRunner           - Resuming loop
23:27:49.396 [JavaFX Application Thread] DEBUG LoopRunner           - Resuming loop
23:27:49.598 [JavaFX Application Thread] DEBUG LoopRunner           - Resuming loop
23:27:49.779 [JavaFX Application Thread] DEBUG LoopRunner           - Resuming loop
23:27:49.972 [JavaFX Application Thread] DEBUG LoopRunner           - Resuming loop
23:27:50.129 [JavaFX Application Thread] DEBUG LoopRunner           - Resuming loop
23:27:50.306 [JavaFX Application Thread] DEBUG LoopRunner           - Resuming loop
23:27:50.482 [JavaFX Application Thread] DEBUG LoopRunner           - Resuming loop
23:27:50.676 [JavaFX Application Thread] DEBUG LoopRunner           - Resuming loop
23:27:50.866 [JavaFX Application Thread] DEBUG LoopRunner           - Resuming loop
23:27:51.085 [JavaFX Application Thread] DEBUG LoopRunner           - Resuming loop
23:27:51.258 [JavaFX Application Thread] DEBUG LoopRunner           - Resuming loop
23:27:51.436 [JavaFX Application Thread] DEBUG LoopRunner           - Resuming loop
23:27:51.642 [JavaFX Application Thread] DEBUG LoopRunner           - Resuming loop
23:27:51.818 [JavaFX Application Thread] DEBUG LoopRunner           - Resuming loop
23:27:52.010 [JavaFX Application Thread] DEBUG LoopRunner           - Resuming loop
23:27:52.209 [JavaFX Application Thread] DEBUG LoopRunner           - Resuming loop
23:27:52.417 [JavaFX Application Thread] DEBUG LoopRunner           - Resuming loop
23:27:52.618 [JavaFX Application Thread] DEBUG LoopRunner           - Resuming loop
23:27:52.817 [JavaFX Application Thread] DEBUG LoopRunner           - Resuming loop
23:27:53.002 [JavaFX Application Thread] DEBUG LoopRunner           - Resuming loop
23:27:53.170 [JavaFX Application Thread] DEBUG LoopRunner           - Resuming loop
23:27:53.345 [JavaFX Application Thread] DEBUG LoopRunner           - Resuming loop
23:27:53.499 [JavaFX Application Thread] DEBUG LoopRunner           - Resuming loop
23:27:53.683 [JavaFX Application Thread] DEBUG LoopRunner           - Resuming loop
23:27:53.842 [JavaFX Application Thread] DEBUG LoopRunner           - Resuming loop
23:27:53.993 [JavaFX Application Thread] DEBUG LoopRunner           - Resuming loop
23:27:54.178 [JavaFX Application Thread] DEBUG LoopRunner           - Resuming loop
23:27:54.358 [JavaFX Application Thread] DEBUG LoopRunner           - Resuming loop
23:27:54.555 [JavaFX Application Thread] DEBUG LoopRunner           - Resuming loop
23:27:54.754 [JavaFX Application Thread] DEBUG LoopRunner           - Resuming loop
23:27:54.930 [JavaFX Application Thread] DEBUG LoopRunner           - Resuming loop
23:27:55.115 [JavaFX Application Thread] DEBUG LoopRunner           - Resuming loop
23:27:55.306 [JavaFX Application Thread] DEBUG LoopRunner           - Resuming loop
23:27:55.490 [JavaFX Application Thread] DEBUG LoopRunner           - Resuming loop
23:27:55.696 [JavaFX Application Thread] DEBUG LoopRunner           - Resuming loop
23:27:55.866 [JavaFX Application Thread] DEBUG LoopRunner           - Resuming loop
23:27:56.067 [JavaFX Application Thread] DEBUG LoopRunner           - Resuming loop
23:27:56.267 [JavaFX Application Thread] DEBUG LoopRunner           - Resuming loop
23:27:56.443 [JavaFX Application Thread] DEBUG LoopRunner           - Resuming loop
23:27:56.630 [JavaFX Application Thread] DEBUG LoopRunner           - Resuming loop
23:27:56.794 [JavaFX Application Thread] DEBUG LoopRunner           - Resuming loop
23:27:57.019 [JavaFX Application Thread] DEBUG LoopRunner           - Resuming loop
23:27:57.179 [JavaFX Application Thread] DEBUG LoopRunner           - Resuming loop
23:27:57.369 [JavaFX Application Thread] DEBUG LoopRunner           - Resuming loop
23:27:57.546 [JavaFX Application Thread] DEBUG LoopRunner           - Resuming loop
23:27:57.736 [JavaFX Application Thread] DEBUG LoopRunner           - Resuming loop
23:27:57.954 [JavaFX Application Thread] DEBUG LoopRunner           - Resuming loop
23:27:58.138 [JavaFX Application Thread] DEBUG LoopRunner           - Resuming loop
23:27:58.312 [JavaFX Application Thread] DEBUG LoopRunner           - Resuming loop
23:27:58.491 [JavaFX Application Thread] DEBUG LoopRunner           - Resuming loop
23:27:58.650 [JavaFX Application Thread] DEBUG LoopRunner           - Resuming loop
23:27:58.826 [JavaFX Application Thread] DEBUG LoopRunner           - Resuming loop
23:27:58.980 [JavaFX Application Thread] DEBUG LoopRunner           - Resuming loop
23:27:59.154 [JavaFX Application Thread] DEBUG LoopRunner           - Resuming loop
23:27:59.320 [JavaFX Application Thread] DEBUG LoopRunner           - Resuming loop
23:27:59.484 [JavaFX Application Thread] DEBUG LoopRunner           - Resuming loop
23:27:59.643 [JavaFX Application Thread] DEBUG LoopRunner           - Resuming loop
23:27:59.796 [JavaFX Application Thread] DEBUG LoopRunner           - Resuming loop
23:27:59.945 [JavaFX Application Thread] DEBUG LoopRunner           - Resuming loop
23:28:00.085 [JavaFX Application Thread] DEBUG LoopRunner           - Resuming loop
23:28:00.219 [JavaFX Application Thread] DEBUG LoopRunner           - Resuming loop
23:28:00.362 [JavaFX Application Thread] DEBUG LoopRunner           - Resuming loop
23:28:00.514 [JavaFX Application Thread] DEBUG LoopRunner           - Resuming loop
23:28:00.636 [JavaFX Application Thread] DEBUG LoopRunner           - Resuming loop
23:28:00.801 [JavaFX Application Thread] DEBUG LoopRunner           - Resuming loop
23:28:00.962 [JavaFX Application Thread] DEBUG LoopRunner           - Resuming loop
23:28:01.127 [JavaFX Application Thread] DEBUG LoopRunner           - Resuming loop
23:28:01.269 [JavaFX Application Thread] DEBUG LoopRunner           - Resuming loop
23:28:01.428 [JavaFX Application Thread] DEBUG LoopRunner           - Resuming loop
23:28:01.577 [JavaFX Application Thread] DEBUG LoopRunner           - Resuming loop
23:28:01.764 [JavaFX Application Thread] DEBUG LoopRunner           - Resuming loop
23:28:01.938 [JavaFX Application Thread] DEBUG LoopRunner           - Resuming loop
23:28:02.113 [JavaFX Application Thread] DEBUG LoopRunner           - Resuming loop
23:28:02.322 [JavaFX Application Thread] DEBUG LoopRunner           - Resuming loop
23:28:02.523 [JavaFX Application Thread] DEBUG LoopRunner           - Resuming loop
23:28:02.730 [JavaFX Application Thread] DEBUG LoopRunner           - Resuming loop
23:28:02.924 [JavaFX Application Thread] DEBUG LoopRunner           - Resuming loop
23:28:03.105 [JavaFX Application Thread] DEBUG LoopRunner           - Resuming loop
23:28:03.290 [JavaFX Application Thread] DEBUG LoopRunner           - Resuming loop
23:28:03.491 [JavaFX Application Thread] DEBUG LoopRunner           - Resuming loop
23:28:03.675 [JavaFX Application Thread] DEBUG LoopRunner           - Resuming loop
23:28:03.851 [JavaFX Application Thread] DEBUG LoopRunner           - Resuming loop
23:28:04.026 [JavaFX Application Thread] DEBUG LoopRunner           - Resuming loop
23:28:04.240 [JavaFX Application Thread] DEBUG LoopRunner           - Resuming loop
23:28:04.451 [JavaFX Application Thread] DEBUG LoopRunner           - Resuming loop
23:28:04.642 [JavaFX Application Thread] DEBUG LoopRunner           - Resuming loop
23:28:04.843 [JavaFX Application Thread] DEBUG LoopRunner           - Resuming loop
23:28:05.027 [JavaFX Application Thread] DEBUG LoopRunner           - Resuming loop
23:28:05.202 [JavaFX Application Thread] DEBUG LoopRunner           - Resuming loop
23:28:05.380 [JavaFX Application Thread] DEBUG LoopRunner           - Resuming loop
23:28:05.545 [JavaFX Application Thread] DEBUG LoopRunner           - Resuming loop
23:28:05.705 [JavaFX Application Thread] DEBUG LoopRunner           - Resuming loop
23:28:05.876 [JavaFX Application Thread] DEBUG LoopRunner           - Resuming loop
23:28:06.074 [JavaFX Application Thread] DEBUG LoopRunner           - Resuming loop
23:28:06.250 [JavaFX Application Thread] DEBUG LoopRunner           - Resuming loop
23:28:06.474 [JavaFX Application Thread] DEBUG LoopRunner           - Resuming loop
23:28:06.675 [JavaFX Application Thread] DEBUG LoopRunner           - Resuming loop
23:28:06.841 [JavaFX Application Thread] DEBUG LoopRunner           - Resuming loop
23:28:07.003 [JavaFX Application Thread] DEBUG LoopRunner           - Resuming loop
23:28:07.188 [JavaFX Application Thread] DEBUG LoopRunner           - Resuming loop
23:28:07.290 [JavaFX Application Thread] DEBUG LoopRunner           - Resuming loop
23:28:07.482 [JavaFX Application Thread] DEBUG LoopRunner           - Resuming loop
23:28:07.650 [JavaFX Application Thread] DEBUG LoopRunner           - Resuming loop
23:28:07.834 [JavaFX Application Thread] DEBUG LoopRunner           - Resuming loop
23:28:08.008 [JavaFX Application Thread] DEBUG LoopRunner           - Resuming loop
23:28:08.185 [JavaFX Application Thread] DEBUG LoopRunner           - Resuming loop
23:28:08.498 [JavaFX Application Thread] DEBUG LoopRunner           - Resuming loop
23:28:08.660 [JavaFX Application Thread] DEBUG LoopRunner           - Resuming loop
23:28:08.827 [JavaFX Application Thread] DEBUG LoopRunner           - Resuming loop
23:28:08.994 [JavaFX Application Thread] DEBUG LoopRunner           - Resuming loop
23:28:09.162 [JavaFX Application Thread] DEBUG LoopRunner           - Resuming loop
23:28:09.298 [JavaFX Application Thread] DEBUG LoopRunner           - Resuming loop
23:28:09.465 [JavaFX Application Thread] DEBUG LoopRunner           - Resuming loop
23:28:09.650 [JavaFX Application Thread] DEBUG LoopRunner           - Resuming loop
23:28:09.846 [JavaFX Application Thread] DEBUG LoopRunner           - Resuming loop
23:28:10.017 [JavaFX Application Thread] DEBUG LoopRunner           - Resuming loop
23:28:10.220 [JavaFX Application Thread] DEBUG LoopRunner           - Resuming loop
23:28:10.369 [JavaFX Application Thread] DEBUG LoopRunner           - Resuming loop
23:28:10.542 [JavaFX Application Thread] DEBUG LoopRunner           - Resuming loop
23:28:10.701 [JavaFX Application Thread] DEBUG LoopRunner           - Resuming loop
23:28:10.851 [JavaFX Application Thread] DEBUG LoopRunner           - Resuming loop
23:28:11.115 [JavaFX Application Thread] DEBUG LoopRunner           - Resuming loop
23:28:11.265 [JavaFX Application Thread] DEBUG LoopRunner           - Resuming loop
23:28:11.431 [JavaFX Application Thread] DEBUG LoopRunner           - Resuming loop
23:28:11.595 [JavaFX Application Thread] DEBUG LoopRunner           - Resuming loop
23:28:11.770 [JavaFX Application Thread] DEBUG LoopRunner           - Resuming loop
23:28:11.946 [JavaFX Application Thread] DEBUG LoopRunner           - Resuming loop
23:28:12.112 [JavaFX Application Thread] DEBUG LoopRunner           - Resuming loop
23:28:12.274 [JavaFX Application Thread] DEBUG LoopRunner           - Resuming loop
23:28:12.440 [JavaFX Application Thread] DEBUG LoopRunner           - Resuming loop
23:28:12.480 [JavaFX Application Thread] DEBUG PrimaryStageWindow   - Push state: DialogSubScene
23:28:12.480 [JavaFX Application Thread] DEBUG Input                - Clearing active input actions
23:28:12.481 [JavaFX Application Thread] DEBUG GameApplicationServi - Removing overlay from GameScene and adding to DialogSubScene
23:28:12.482 [JavaFX Application Thread] DEBUG PrimaryStageWindow   - GameScene -> DialogSubScene
23:28:13.226 [JavaFX Application Thread] DEBUG PrimaryStageWindow   - Pop state: DialogSubScene
23:28:13.227 [JavaFX Application Thread] DEBUG Input                - Clearing active input actions
23:28:13.227 [JavaFX Application Thread] DEBUG GameApplicationServi - Removing overlay from DialogSubScene and adding to GameScene
23:28:13.228 [JavaFX Application Thread] DEBUG PrimaryStageWindow   - GameScene <- DialogSubScene
23:28:13.459 [JavaFX Application Thread] DEBUG LoopRunner           - Resuming loop
23:28:13.586 [JavaFX Application Thread] DEBUG LoopRunner           - Resuming loop
23:28:13.746 [JavaFX Application Thread] DEBUG LoopRunner           - Resuming loop
23:28:13.923 [JavaFX Application Thread] DEBUG LoopRunner           - Resuming loop
23:28:14.086 [JavaFX Application Thread] DEBUG LoopRunner           - Resuming loop
23:28:14.260 [JavaFX Application Thread] DEBUG LoopRunner           - Resuming loop
23:28:14.442 [JavaFX Application Thread] DEBUG LoopRunner           - Resuming loop
23:28:14.616 [JavaFX Application Thread] DEBUG LoopRunner           - Resuming loop
23:28:14.826 [JavaFX Application Thread] DEBUG LoopRunner           - Resuming loop
23:28:15.027 [JavaFX Application Thread] DEBUG LoopRunner           - Resuming loop
23:28:15.187 [JavaFX Application Thread] DEBUG LoopRunner           - Resuming loop
23:28:15.379 [JavaFX Application Thread] DEBUG LoopRunner           - Resuming loop
23:28:15.596 [JavaFX Application Thread] DEBUG LoopRunner           - Resuming loop
23:28:15.771 [JavaFX Application Thread] DEBUG LoopRunner           - Resuming loop
23:28:15.938 [JavaFX Application Thread] DEBUG LoopRunner           - Resuming loop
23:28:16.108 [JavaFX Application Thread] DEBUG LoopRunner           - Resuming loop
23:28:16.292 [JavaFX Application Thread] DEBUG LoopRunner           - Resuming loop
23:28:16.473 [JavaFX Application Thread] DEBUG LoopRunner           - Resuming loop
23:28:16.637 [JavaFX Application Thread] DEBUG LoopRunner           - Resuming loop
23:28:16.804 [JavaFX Application Thread] DEBUG LoopRunner           - Resuming loop
23:28:16.977 [JavaFX Application Thread] DEBUG LoopRunner           - Resuming loop
23:28:17.137 [JavaFX Application Thread] DEBUG LoopRunner           - Resuming loop
23:28:17.307 [JavaFX Application Thread] DEBUG LoopRunner           - Resuming loop
23:28:17.514 [JavaFX Application Thread] DEBUG LoopRunner           - Resuming loop
23:28:17.697 [JavaFX Application Thread] DEBUG LoopRunner           - Resuming loop
23:28:17.898 [JavaFX Application Thread] DEBUG LoopRunner           - Resuming loop
23:28:18.066 [JavaFX Application Thread] DEBUG LoopRunner           - Resuming loop
23:28:18.251 [JavaFX Application Thread] DEBUG LoopRunner           - Resuming loop
23:28:18.410 [JavaFX Application Thread] DEBUG LoopRunner           - Resuming loop
23:28:18.589 [JavaFX Application Thread] DEBUG LoopRunner           - Resuming loop
23:28:18.754 [JavaFX Application Thread] DEBUG LoopRunner           - Resuming loop
23:28:18.916 [JavaFX Application Thread] DEBUG LoopRunner           - Resuming loop
23:28:19.045 [JavaFX Application Thread] DEBUG LoopRunner           - Resuming loop
23:28:19.227 [JavaFX Application Thread] DEBUG LoopRunner           - Resuming loop
23:28:19.409 [JavaFX Application Thread] DEBUG LoopRunner           - Resuming loop
23:28:19.592 [JavaFX Application Thread] DEBUG LoopRunner           - Resuming loop
23:28:19.739 [JavaFX Application Thread] DEBUG LoopRunner           - Resuming loop
23:28:19.907 [JavaFX Application Thread] DEBUG LoopRunner           - Resuming loop
23:28:20.059 [JavaFX Application Thread] DEBUG LoopRunner           - Resuming loop
23:28:20.217 [JavaFX Application Thread] DEBUG LoopRunner           - Resuming loop
23:28:20.329 [JavaFX Application Thread] DEBUG LoopRunner           - Resuming loop
23:28:20.468 [JavaFX Application Thread] DEBUG LoopRunner           - Resuming loop
23:28:20.596 [JavaFX Application Thread] DEBUG LoopRunner           - Resuming loop
23:28:20.732 [JavaFX Application Thread] DEBUG LoopRunner           - Resuming loop
23:28:20.828 [JavaFX Application Thread] DEBUG LoopRunner           - Resuming loop
23:28:20.965 [JavaFX Application Thread] DEBUG LoopRunner           - Resuming loop
23:28:21.075 [JavaFX Application Thread] DEBUG LoopRunner           - Resuming loop
23:28:21.282 [JavaFX Application Thread] DEBUG LoopRunner           - Resuming loop
23:28:21.376 [JavaFX Application Thread] DEBUG LoopRunner           - Resuming loop
23:28:21.652 [JavaFX Application Thread] DEBUG LoopRunner           - Resuming loop
23:28:21.803 [JavaFX Application Thread] DEBUG LoopRunner           - Resuming loop
23:28:21.972 [JavaFX Application Thread] DEBUG LoopRunner           - Resuming loop
23:28:22.170 [JavaFX Application Thread] DEBUG LoopRunner           - Resuming loop
23:28:22.330 [JavaFX Application Thread] DEBUG LoopRunner           - Resuming loop
23:28:22.522 [JavaFX Application Thread] DEBUG LoopRunner           - Resuming loop
23:28:22.698 [JavaFX Application Thread] DEBUG LoopRunner           - Resuming loop
23:28:22.889 [JavaFX Application Thread] DEBUG LoopRunner           - Resuming loop
23:28:23.091 [JavaFX Application Thread] DEBUG LoopRunner           - Resuming loop
23:28:23.292 [JavaFX Application Thread] DEBUG LoopRunner           - Resuming loop
23:28:23.524 [JavaFX Application Thread] DEBUG LoopRunner           - Resuming loop
23:28:23.674 [JavaFX Application Thread] DEBUG LoopRunner           - Resuming loop
23:28:23.833 [JavaFX Application Thread] DEBUG LoopRunner           - Resuming loop
23:28:24.005 [JavaFX Application Thread] DEBUG LoopRunner           - Resuming loop
23:28:24.171 [JavaFX Application Thread] DEBUG LoopRunner           - Resuming loop
23:28:24.354 [JavaFX Application Thread] DEBUG LoopRunner           - Resuming loop
23:28:24.531 [JavaFX Application Thread] DEBUG LoopRunner           - Resuming loop
23:28:24.549 [JavaFX Application Thread] DEBUG PrimaryStageWindow   - Push state: DialogSubScene
23:28:24.549 [JavaFX Application Thread] DEBUG Input                - Clearing active input actions
23:28:24.549 [JavaFX Application Thread] DEBUG GameApplicationServi - Removing overlay from GameScene and adding to DialogSubScene
23:28:24.550 [JavaFX Application Thread] DEBUG PrimaryStageWindow   - GameScene -> DialogSubScene
23:28:26.600 [JavaFX Application Thread] DEBUG PrimaryStageWindow   - Pop state: DialogSubScene
23:28:26.601 [JavaFX Application Thread] DEBUG Input                - Clearing active input actions
23:28:26.602 [JavaFX Application Thread] DEBUG GameApplicationServi - Removing overlay from DialogSubScene and adding to GameScene
23:28:26.602 [JavaFX Application Thread] DEBUG PrimaryStageWindow   - GameScene <- DialogSubScene
23:28:26.602 [JavaFX Application Thread] DEBUG GameWorld            - Clearing game world
23:28:26.604 [JavaFX Application Thread] DEBUG Input                - Clearing active input actions
23:28:26.609 [JavaFX Application Thread] DEBUG GameApplicationServi - Removing overlay from GameScene and adding to FXGLMainMenuDummyScene
23:28:26.610 [JavaFX Application Thread] DEBUG PrimaryStageWindow   - GameScene -> FXGLMainMenuDummyScene
23:28:26.610 [JavaFX Application Thread] DEBUG PrimaryStageWindow   - Push state: FXGLDefaultMenu
23:28:26.610 [JavaFX Application Thread] DEBUG Input                - Clearing active input actions
23:28:26.612 [JavaFX Application Thread] DEBUG GameApplicationServi - Removing overlay from FXGLMainMenuDummyScene and adding to FXGLDefaultMenu
23:28:26.623 [JavaFX Application Thread] DEBUG PrimaryStageWindow   - FXGLMainMenuDummyScene -> FXGLDefaultMenu
23:28:29.049 [JavaFX Application Thread] DEBUG FXGLApplication      - Exiting FXGL
23:28:29.049 [JavaFX Application Thread] DEBUG LoopRunner           - Stopping loop
23:28:29.049 [JavaFX Application Thread] DEBUG SystemBundleService  - Saving FXGL system data
23:28:29.052 [JavaFX Application Thread] DEBUG FileSystemAccess     - Writing to: D:\newGon\Gonvival\system\fxgl.bundle
23:28:29.057 [JavaFX Application Thread] DEBUG Async                - Shutting down background threads
23:28:29.057 [JavaFX Application Thread] DEBUG PrimaryStageWindow   - Closing main window
23:28:29.105 [JavaFX Application Thread] DEBUG Logger               - Closing Logger
