23:33:41.557 [main                     ] DEBUG Logger               - Configured Logger
23:33:41.584 [main                     ] DEBUG GameApplication      - Logging settings
Title: Gonvival
Version: beta
Width: 800
Height: 800
Fullscreen: false
Intro: false
Profiling: false
Single step:false
App Mode: DEVELOPER
Menu Key: ESCAPE
Stage Style: DECORATED
Scene Factory: class com.almasb.fxgl.app.scene.SceneFactory

23:33:42.869 [JavaFX Application Thread] DEBUG FXGLApplication      - Initializing FXGL
23:33:42.873 [JavaFX Application Thread] INFO  Engine               - FXGL-21.1 (27.03.2024 07.52) on WINDOWS (J:21.0.5 FX:21.0.1)
23:33:42.874 [JavaFX Application Thread] DEBUG Engine               - JRE Vendor Name: Eclipse Adoptium
23:33:42.874 [JavaFX Application Thread] DEBUG Engine               - Running on OS: Windows 11 version 10.0
23:33:42.874 [JavaFX Application Thread] DEBUG Engine               - Architecture: amd64
23:33:42.874 [JavaFX Application Thread] INFO  Engine               - Source code and latest versions at: https://github.com/AlmasB/FXGL
23:33:42.875 [JavaFX Application Thread] INFO  Engine               -       Ask questions and discuss at: https://github.com/AlmasB/FXGL/discussions
23:33:42.875 [JavaFX Application Thread] INFO  Engine               -              Join the FXGL chat at: https://gitter.im/AlmasB/FXGL
23:33:42.985 [JavaFX Application Thread] DEBUG PrimaryStageWindow   - Creating a JavaFX scene
23:33:43.034 [JavaFX Application Thread] DEBUG PrimaryStageWindow   - Target settings size: 800.0 x 800.0
23:33:43.034 [JavaFX Application Thread] DEBUG PrimaryStageWindow   - Scaled scene size:    800.0 x 800.0
23:33:43.035 [JavaFX Application Thread] DEBUG PrimaryStageWindow   - Scaled ratio: (1.0, 1.0)
23:33:43.036 [JavaFX Application Thread] DEBUG PrimaryStageWindow   - Set initial scene to FXGLStartupScene
23:33:43.039 [JavaFX Application Thread] DEBUG PrimaryStageWindow   - Opening main window
23:33:43.240 [JavaFX Application Thread] DEBUG PrimaryStageWindow   - Window border size: (16.0, 39.0)
23:33:43.241 [JavaFX Application Thread] DEBUG PrimaryStageWindow   - Scaled size: 800.0 x 800.0
23:33:43.241 [JavaFX Application Thread] DEBUG PrimaryStageWindow   - Scaled ratio: (1.0, 1.0)
23:33:43.242 [JavaFX Application Thread] DEBUG PrimaryStageWindow   - Scene size: 800.0 x 800.0
23:33:43.242 [JavaFX Application Thread] DEBUG PrimaryStageWindow   - Stage size: 816.0 x 839.0
23:33:43.274 [FXGL Background Thread 1 ] DEBUG Engine               - Initializing environment variables
23:33:43.424 [FXGL Background Thread 1 ] DEBUG FXGLAssetLoaderServi - User app class for loading assets: class com.lab.App
23:33:43.424 [FXGL Background Thread 1 ] DEBUG GameApplicationServi - Applying CSS: fxgl_dark.css
23:33:43.425 [FXGL Background Thread 1 ] DEBUG FXGLAssetLoaderServi - Loading from file system: jar:file:/C:/Users/HP/.m2/repository/com/github/almasb/fxgl/21.1/fxgl-21.1.jar!/fxglassets/ui/css/fxgl_dark.css
23:33:43.505 [FXGL Background Thread 1 ] DEBUG GameApplicationServi - Initializing application scenes
23:33:43.614 [FXGL Background Thread 1 ] DEBUG GameWorld            - Game world initialized
23:33:43.750 [FXGL Background Thread 1 ] DEBUG PhysicsWorld         - Physics world initialized: appHeight=800, physics.ppm=50.0
23:33:43.750 [FXGL Background Thread 1 ] DEBUG PhysicsWorld         - Using strategy: BRUTE_FORCE
23:33:43.757 [FXGL Background Thread 1 ] DEBUG GameScene            - Game scene initialized: 800x800
23:33:43.775 [FXGL Background Thread 1 ] DEBUG FXGL.DefaultMenu     - createMenuBodyMainMenu()
23:33:43.798 [FXGL Background Thread 1 ] DEBUG FXGL.DefaultMenu     - createOptionsMenu()
23:33:43.830 [FXGL Background Thread 1 ] DEBUG FXGLAssetLoaderServi - Loading from file system: jar:file:/C:/Users/HP/.m2/repository/com/github/almasb/fxgl/21.1/fxgl-21.1.jar!/fxglassets/textures/particles/smoke.png
23:33:44.050 [JavaFX Application Thread] DEBUG FXGLApplication      - Exiting FXGL
23:33:44.050 [JavaFX Application Thread] DEBUG LoopRunner           - Stopping loop
23:33:44.050 [JavaFX Application Thread] DEBUG LoopRunner           - Initializing JavaFX AnimationTimerLoop
23:33:44.055 [JavaFX Application Thread] DEBUG SystemBundleService  - Saving FXGL system data
23:33:44.055 [JavaFX Application Thread] DEBUG LoopRunner           - Stopping loop
23:33:44.059 [JavaFX Application Thread] FATAL FXGLApplication      - Uncaught Exception:
kotlin.UninitializedPropertyAccessException: lateinit property bundle has not been initialized
	at com.almasb.fxgl.app.services.SystemBundleService.getBundle$fxgl(SystemBundleService.kt:27)
	at com.almasb.fxgl.app.services.SystemBundleService.saveSystemData(SystemBundleService.kt:66)
	at com.almasb.fxgl.app.services.SystemBundleService.onExit(SystemBundleService.kt:49)
	at com.almasb.fxgl.app.Engine.stopLoopAndExitServices(Engine.kt:166)
	at com.almasb.fxgl.app.FXGLApplication.exitFXGL(FXGLApplication.kt:299)
	at com.almasb.fxgl.dsl.FXGL$Companion$controller$1.exit(FXGL.kt:148)
	at com.almasb.fxgl.app.FXGLApplication$GameApplicationService$onInit$2.invoke(FXGLApplication.kt:425)
	at com.almasb.fxgl.app.FXGLApplication$GameApplicationService$onInit$2.invoke(FXGLApplication.kt:419)
	at com.almasb.fxgl.app.PrimaryStageWindow.initStage$lambda$2$lambda$0(MainWindow.kt:398)
	at com.sun.javafx.event.CompositeEventHandler.dispatchBubblingEvent(CompositeEventHandler.java:86)
	at com.sun.javafx.event.EventHandlerManager.dispatchBubblingEvent(EventHandlerManager.java:232)
	at com.sun.javafx.event.EventHandlerManager.dispatchBubblingEvent(EventHandlerManager.java:189)
	at com.sun.javafx.event.CompositeEventDispatcher.dispatchBubblingEvent(CompositeEventDispatcher.java:59)
	at com.sun.javafx.event.BasicEventDispatcher.dispatchEvent(BasicEventDispatcher.java:58)
	at com.sun.javafx.event.EventDispatchChainImpl.dispatchEvent(EventDispatchChainImpl.java:114)
	at com.sun.javafx.event.EventUtil.fireEventImpl(EventUtil.java:74)
	at com.sun.javafx.event.EventUtil.fireEvent(EventUtil.java:54)
	at javafx.event.Event.fireEvent(Event.java:198)
	at com.sun.javafx.stage.WindowPeerListener.closing(WindowPeerListener.java:100)
	at com.sun.javafx.tk.quantum.GlassWindowEventHandler.run(GlassWindowEventHandler.java:147)
	at com.sun.javafx.tk.quantum.GlassWindowEventHandler.run(GlassWindowEventHandler.java:40)
	at java.base/java.security.AccessController.doPrivileged(AccessController.java:400)
	at com.sun.javafx.tk.quantum.GlassWindowEventHandler.lambda$handleWindowEvent$4(GlassWindowEventHandler.java:178)
	at com.sun.javafx.tk.quantum.QuantumToolkit.runWithoutRenderLock(QuantumToolkit.java:424)
	at com.sun.javafx.tk.quantum.GlassWindowEventHandler.handleWindowEvent(GlassWindowEventHandler.java:176)
	at com.sun.glass.ui.Window.handleWindowEvent(Window.java:1259)
	at com.sun.glass.ui.Window.notifyClose(Window.java:1164)
	at com.sun.glass.ui.win.WinApplication._runLoop(Native Method)
	at com.sun.glass.ui.win.WinApplication.lambda$runLoop$3(WinApplication.java:185)
	at java.base/java.lang.Thread.run(Thread.java:1583)

23:33:44.060 [JavaFX Application Thread] FATAL FXGLApplication      - Application will now exit
23:33:44.075 [FXGL Background Thread 1 ] DEBUG FXGLAssetLoaderServi - Loading from file system: jar:file:/C:/Users/HP/.m2/repository/com/github/almasb/fxgl/21.1/fxgl-21.1.jar!/fxglassets/textures/particles/trace_horizontal.png
23:33:44.110 [FXGL Background Thread 1 ] DEBUG FXGL.DefaultMenu     - createMenuBodyGameMenu()
23:33:44.111 [JavaFX Application Thread] DEBUG PrimaryStageWindow   - Push state: ErrorSubScene
23:33:44.111 [FXGL Background Thread 1 ] DEBUG FXGL.DefaultMenu     - createOptionsMenu()
23:33:44.111 [JavaFX Application Thread] DEBUG Input                - Clearing active input actions
23:33:44.122 [JavaFX Application Thread] DEBUG GameApplicationServi - Removing overlay from FXGLStartupScene and adding to ErrorSubScene
23:33:44.123 [JavaFX Application Thread] DEBUG PrimaryStageWindow   - FXGLStartupScene -> ErrorSubScene
23:33:44.124 [FXGL Background Thread 1 ] DEBUG GameApplicationServi - Application scenes initialized
23:33:44.137 [FXGL Background Thread 1 ] DEBUG SystemBundleService  - Loading FXGL system data
23:33:44.144 [FXGL Background Thread 1 ] DEBUG FileSystemAccess     - Reading from: D:\newGon\Gonvival\system\fxgl.bundle
23:33:44.158 [FXGL Background Thread 1 ] DEBUG SystemBundleService  - Bundle FXGL: {}
23:33:44.158 [FXGL Background Thread 1 ] DEBUG UpdaterService       - Checking for updates
23:33:54.321 [JavaFX Application Thread] DEBUG FXGLApplication      - Exiting FXGL
23:33:54.321 [JavaFX Application Thread] DEBUG Async                - Shutting down background threads
23:33:54.322 [JavaFX Application Thread] DEBUG PrimaryStageWindow   - Closing main window
23:33:54.360 [JavaFX Application Thread] DEBUG Logger               - Closing Logger
