06:45:48.397 [main                     ] DEBUG Logger               - Configured Logger
06:45:48.452 [main                     ] DEBUG GameApplication      - Logging settings
Title: Gonvival
Version: beta
Width: 800
Height: 800
Fullscreen: false
Intro: false
Profiling: false
Single step:false
App Mode: DEVELOPER
Menu Key: ESCAPE
Stage Style: DECORATED
Scene Factory: class com.lab.App$1

06:45:49.385 [JavaFX Application Thread] DEBUG FXGLApplication      - Initializing FXGL
06:45:49.391 [JavaFX Application Thread] INFO  Engine               - FXGL-21.1 (27.03.2024 07.52) on WINDOWS (J:21.0.5 FX:21.0.1)
06:45:49.392 [JavaFX Application Thread] DEBUG Engine               - JRE Vendor Name: Eclipse Adoptium
06:45:49.396 [JavaFX Application Thread] DEBUG Engine               - Running on OS: Windows 10 version 10.0
06:45:49.396 [JavaFX Application Thread] DEBUG Engine               - Architecture: amd64
06:45:49.396 [JavaFX Application Thread] INFO  Engine               - Source code and latest versions at: https://github.com/AlmasB/FXGL
06:45:49.397 [JavaFX Application Thread] INFO  Engine               -       Ask questions and discuss at: https://github.com/AlmasB/FXGL/discussions
06:45:49.398 [JavaFX Application Thread] INFO  Engine               -              Join the FXGL chat at: https://gitter.im/AlmasB/FXGL
06:45:49.666 [JavaFX Application Thread] DEBUG PrimaryStageWindow   - Creating a JavaFX scene
06:45:49.667 [JavaFX Application Thread] DEBUG PrimaryStageWindow   - Target size > screen size
06:45:49.795 [JavaFX Application Thread] DEBUG PrimaryStageWindow   - Target settings size: 800.0 x 800.0
06:45:49.796 [JavaFX Application Thread] DEBUG PrimaryStageWindow   - Scaled scene size:    703.0 x 728.0
06:45:49.796 [JavaFX Application Thread] DEBUG PrimaryStageWindow   - Scaled ratio: (0.87875, 0.91)
06:45:49.799 [JavaFX Application Thread] DEBUG PrimaryStageWindow   - Set initial scene to FXGLStartupScene
06:45:49.808 [JavaFX Application Thread] DEBUG PrimaryStageWindow   - Opening main window
06:45:50.072 [JavaFX Application Thread] DEBUG PrimaryStageWindow   - Window border size: (16.0, 39.0)
06:45:50.073 [JavaFX Application Thread] DEBUG PrimaryStageWindow   - Scaled size: 703.0 x 728.0
06:45:50.073 [JavaFX Application Thread] DEBUG PrimaryStageWindow   - Scaled ratio: (0.87875, 0.91)
06:45:50.074 [JavaFX Application Thread] DEBUG PrimaryStageWindow   - Scene size: 703.0 x 728.0
06:45:50.074 [JavaFX Application Thread] DEBUG PrimaryStageWindow   - Stage size: 719.0 x 767.0
06:45:50.102 [FXGL Background Thread 1 ] DEBUG Engine               - Initializing environment variables
06:45:50.273 [FXGL Background Thread 1 ] DEBUG FXGLAssetLoaderServi - User app class for loading assets: class com.lab.App
06:45:50.273 [FXGL Background Thread 1 ] DEBUG GameApplicationServi - Applying CSS: fxgl_dark.css
06:45:50.275 [FXGL Background Thread 1 ] DEBUG FXGLAssetLoaderServi - Loading from file system: jar:file:/C:/Users/Khana/.m2/repository/com/github/almasb/fxgl/21.1/fxgl-21.1.jar!/fxglassets/ui/css/fxgl_dark.css
06:45:50.392 [FXGL Background Thread 1 ] DEBUG GameApplicationServi - Initializing application scenes
06:45:50.590 [FXGL Background Thread 1 ] DEBUG GameWorld            - Game world initialized
06:45:50.685 [FXGL Background Thread 1 ] DEBUG PhysicsWorld         - Physics world initialized: appHeight=800, physics.ppm=50.0
06:45:50.685 [FXGL Background Thread 1 ] DEBUG PhysicsWorld         - Using strategy: BRUTE_FORCE
06:45:50.691 [FXGL Background Thread 1 ] DEBUG GameScene            - Game scene initialized: 800x800
06:45:50.754 [FXGL Background Thread 1 ] DEBUG FXGL.DefaultMenu     - createMenuBodyGameMenu()
06:45:50.772 [FXGL Background Thread 1 ] DEBUG FXGL.DefaultMenu     - createOptionsMenu()
06:45:50.785 [FXGL Background Thread 1 ] DEBUG FXGLAssetLoaderServi - Loading from file system: jar:file:/C:/Users/Khana/.m2/repository/com/github/almasb/fxgl/21.1/fxgl-21.1.jar!/fxglassets/textures/particles/smoke.png
06:45:50.969 [FXGL Background Thread 1 ] DEBUG FXGLAssetLoaderServi - Loading from file system: jar:file:/C:/Users/Khana/.m2/repository/com/github/almasb/fxgl/21.1/fxgl-21.1.jar!/fxglassets/textures/particles/trace_horizontal.png
06:45:51.031 [FXGL Background Thread 1 ] DEBUG GameApplicationServi - Application scenes initialized
06:45:51.064 [FXGL Background Thread 1 ] DEBUG SystemBundleService  - Loading FXGL system data
06:45:51.073 [FXGL Background Thread 1 ] DEBUG FileSystemAccess     - Reading from: E:\Labs\Gonvival\system\fxgl.bundle
06:45:51.097 [FXGL Background Thread 1 ] DEBUG SystemBundleService  - Bundle FXGL: {}
06:45:51.097 [FXGL Background Thread 1 ] DEBUG UpdaterService       - Checking for updates
06:45:51.107 [FXGL Background Thread 1 ] DEBUG FXGLApplication      - Loading default localization
06:45:51.108 [FXGL Background Thread 1 ] DEBUG FXGLAssetLoaderServi - Loading from file system: jar:file:/C:/Users/Khana/.m2/repository/com/github/almasb/fxgl/21.1/fxgl-21.1.jar!/fxglassets/languages/english.lang
06:45:51.119 [FXGL Background Thread 4 ] DEBUG FXGLApplication      - Loading fonts
06:45:51.122 [FXGL Background Thread 4 ] DEBUG FXGLAssetLoaderServi - Loading from file system: jar:file:/C:/Users/Khana/.m2/repository/com/github/almasb/fxgl/21.1/fxgl-21.1.jar!/fxglassets/ui/fonts/VarelaRound-Regular.ttf
06:45:51.200 [FXGL Background Thread 4 ] DEBUG FXGLAssetLoaderServi - Loading from file system: jar:file:/C:/Users/Khana/.m2/repository/com/github/almasb/fxgl/21.1/fxgl-21.1.jar!/fxglassets/ui/fonts/Abel-Regular.ttf
06:45:51.202 [FXGL Background Thread 1 ] INFO  FXGLApplication      - FXGL initialization took: 1.100 sec
06:45:51.206 [FXGL Background Thread 4 ] DEBUG FXGLAssetLoaderServi - Loading from file system: jar:file:/C:/Users/Khana/.m2/repository/com/github/almasb/fxgl/21.1/fxgl-21.1.jar!/fxglassets/ui/fonts/TerminalLandMono-Regular.otf
06:45:51.213 [FXGL Background Thread 4 ] DEBUG FXGLAssetLoaderServi - Loading from file system: jar:file:/C:/Users/Khana/.m2/repository/com/github/almasb/fxgl/21.1/fxgl-21.1.jar!/fxglassets/ui/fonts/Courier-Prime.ttf
06:45:51.227 [JavaFX Application Thread] DEBUG FXGLApplication      - Registering font factories with UI factory
06:45:51.233 [JavaFX Application Thread] DEBUG FXGLAssetLoaderServi - Loading from file system: jar:file:/C:/Users/Khana/.m2/repository/com/github/almasb/fxgl/21.1/fxgl-21.1.jar!/fxglassets/textures/fxgl_icon.png
06:45:51.268 [JavaFX Application Thread] DEBUG FXGLAssetLoaderServi - Loading from file system: jar:file:/C:/Users/Khana/.m2/repository/com/github/almasb/fxgl/21.1/fxgl-21.1.jar!/fxglassets/textures/fxgl_default_cursor.png
06:45:51.299 [JavaFX Application Thread] DEBUG Input                - Registered new binding: Screenshot - CTRL+8
06:45:51.300 [JavaFX Application Thread] DEBUG Input                - Registered new binding: System info dump - CTRL+9
06:45:51.301 [JavaFX Application Thread] DEBUG Input                - Registered new binding: Restart - CTRL+R
06:45:51.302 [JavaFX Application Thread] DEBUG Input                - Registered new binding: Toggle Debug Camera - CTRL+7
06:45:51.307 [JavaFX Application Thread] DEBUG LoopRunner           - Starting loop
06:45:51.307 [JavaFX Application Thread] DEBUG LoopRunner           - Initializing JavaFX AnimationTimerLoop
06:45:51.314 [JavaFX Application Thread] DEBUG Input                - Clearing active input actions
06:45:51.329 [JavaFX Application Thread] DEBUG GameApplicationServi - Removing overlay from FXGLStartupScene and adding to FXGLMainMenuDummyScene
06:45:51.330 [JavaFX Application Thread] DEBUG PrimaryStageWindow   - FXGLStartupScene -> FXGLMainMenuDummyScene
06:45:51.330 [JavaFX Application Thread] DEBUG PrimaryStageWindow   - Push state: StartScreen
06:45:51.331 [JavaFX Application Thread] DEBUG Input                - Clearing active input actions
06:45:51.350 [JavaFX Application Thread] DEBUG GameApplicationServi - Removing overlay from FXGLMainMenuDummyScene and adding to StartScreen
06:45:51.351 [JavaFX Application Thread] DEBUG PrimaryStageWindow   - FXGLMainMenuDummyScene -> StartScreen
06:45:54.103 [FXGL Background Thread 3 ] DEBUG Engine               - Logging environment variables
06:45:54.104 [FXGL Background Thread 3 ] DEBUG Engine               - achievements: []
06:45:54.104 [FXGL Background Thread 3 ] DEBUG Engine               - actualHeight: 728.0
06:45:54.104 [FXGL Background Thread 3 ] DEBUG Engine               - actualHeightProperty: ReadOnlyDoubleProperty [value: 728.0]
06:45:54.104 [FXGL Background Thread 3 ] DEBUG Engine               - actualWidth: 703.0
06:45:54.104 [FXGL Background Thread 3 ] DEBUG Engine               - actualWidthProperty: ReadOnlyDoubleProperty [value: 703.0]
06:45:54.104 [FXGL Background Thread 3 ] DEBUG Engine               - appIcon: fxgl_icon.png
06:45:54.105 [FXGL Background Thread 3 ] DEBUG Engine               - applicationMode: DEVELOPER
06:45:54.105 [FXGL Background Thread 3 ] DEBUG Engine               - cSSList: [fxgl_dark.css]
06:45:54.105 [FXGL Background Thread 3 ] DEBUG Engine               - collisionDetectionStrategy: BRUTE_FORCE
06:45:54.105 [FXGL Background Thread 3 ] DEBUG Engine               - configClass: Optional.empty
06:45:54.105 [FXGL Background Thread 3 ] DEBUG Engine               - credits: []
06:45:54.105 [FXGL Background Thread 3 ] DEBUG Engine               - defaultCursor: CursorInfo(imageName=fxgl_default_cursor.png, hotspotX=7.0, hotspotY=6.0)
06:45:54.106 [FXGL Background Thread 3 ] DEBUG Engine               - devBBoxColorProperty: ObjectProperty [value: 0xff0000ff]
06:45:54.106 [FXGL Background Thread 3 ] DEBUG Engine               - devEnableDebugCameraProperty: BooleanProperty [value: false]
06:45:54.106 [FXGL Background Thread 3 ] DEBUG Engine               - devSensorColorProperty: ObjectProperty [value: 0xffff00ff]
06:45:54.106 [FXGL Background Thread 3 ] DEBUG Engine               - devShowBBoxProperty: BooleanProperty [value: false]
06:45:54.106 [FXGL Background Thread 3 ] DEBUG Engine               - devShowPositionProperty: BooleanProperty [value: false]
06:45:54.106 [FXGL Background Thread 3 ] DEBUG Engine               - enabledMenuItems: []
06:45:54.106 [FXGL Background Thread 3 ] DEBUG Engine               - engineServices: [class com.almasb.fxgl.app.services.FXGLAssetLoaderService, class com.almasb.fxgl.app.FXGLApplication$GameApplicationService, class com.almasb.fxgl.app.services.FXGLDialogService, class com.almasb.fxgl.app.services.IOTaskExecutorService, class com.almasb.fxgl.io.FileSystemService, class com.almasb.fxgl.localization.LocalizationService, class com.almasb.fxgl.app.services.SystemBundleService, class com.almasb.fxgl.profile.SaveLoadService, class com.almasb.fxgl.ui.FXGLUIFactoryServiceProvider, class com.almasb.fxgl.ui.FXGLDialogFactoryServiceProvider, class com.almasb.fxgl.audio.AudioPlayer, class com.almasb.fxgl.notification.impl.NotificationServiceProvider, class com.almasb.fxgl.achievement.AchievementService, class com.almasb.fxgl.cutscene.CutsceneService, class com.almasb.fxgl.minigames.MiniGameService, class com.almasb.fxgl.net.NetService, class com.almasb.fxgl.app.services.UpdaterService, class com.almasb.fxgl.dev.DevService]
06:45:54.107 [FXGL Background Thread 3 ] DEBUG Engine               - fontGame: Abel-Regular.ttf
06:45:54.107 [FXGL Background Thread 3 ] DEBUG Engine               - fontMono: TerminalLandMono-Regular.otf
06:45:54.107 [FXGL Background Thread 3 ] DEBUG Engine               - fontSizeScaleUI: 1.0
06:45:54.107 [FXGL Background Thread 3 ] DEBUG Engine               - fontText: Courier-Prime.ttf
06:45:54.107 [FXGL Background Thread 3 ] DEBUG Engine               - fontUI: VarelaRound-Regular.ttf
06:45:54.107 [FXGL Background Thread 3 ] DEBUG Engine               - fullScreen: BooleanProperty [value: false]
06:45:54.107 [FXGL Background Thread 3 ] DEBUG Engine               - gameDifficulty: MEDIUM
06:45:54.107 [FXGL Background Thread 3 ] DEBUG Engine               - gameDifficultyProperty: ObjectProperty [value: MEDIUM]
06:45:54.107 [FXGL Background Thread 3 ] DEBUG Engine               - globalMusicVolume: 0.5
06:45:54.107 [FXGL Background Thread 3 ] DEBUG Engine               - globalMusicVolumeProperty: DoubleProperty [value: 1.0]
06:45:54.108 [FXGL Background Thread 3 ] DEBUG Engine               - globalSoundVolume: 0.5
06:45:54.108 [FXGL Background Thread 3 ] DEBUG Engine               - globalSoundVolumeProperty: DoubleProperty [value: 1.0]
06:45:54.108 [FXGL Background Thread 3 ] DEBUG Engine               - height: 800
06:45:54.108 [FXGL Background Thread 3 ] DEBUG Engine               - is3D: false
06:45:54.108 [FXGL Background Thread 3 ] DEBUG Engine               - isAndroid: false
06:45:54.108 [FXGL Background Thread 3 ] DEBUG Engine               - isBrowser: false
06:45:54.108 [FXGL Background Thread 3 ] DEBUG Engine               - isClickFeedbackEnabled: false
06:45:54.108 [FXGL Background Thread 3 ] DEBUG Engine               - isCloseConfirmation: false
06:45:54.108 [FXGL Background Thread 3 ] DEBUG Engine               - isDesktop: true
06:45:54.108 [FXGL Background Thread 3 ] DEBUG Engine               - isDeveloperMenuEnabled: false
06:45:54.108 [FXGL Background Thread 3 ] DEBUG Engine               - isEmbedded: false
06:45:54.109 [FXGL Background Thread 3 ] DEBUG Engine               - isEntityPreloadEnabled: true
06:45:54.109 [FXGL Background Thread 3 ] DEBUG Engine               - isExperimentalTiledLargeMap: false
06:45:54.109 [FXGL Background Thread 3 ] DEBUG Engine               - isFileSystemWriteAllowed: true
06:45:54.109 [FXGL Background Thread 3 ] DEBUG Engine               - isFullScreenAllowed: false
06:45:54.109 [FXGL Background Thread 3 ] DEBUG Engine               - isFullScreenFromStart: false
06:45:54.109 [FXGL Background Thread 3 ] DEBUG Engine               - isGameMenuEnabled: true
06:45:54.109 [FXGL Background Thread 3 ] DEBUG Engine               - isIOS: false
06:45:54.109 [FXGL Background Thread 3 ] DEBUG Engine               - isIntroEnabled: false
06:45:54.109 [FXGL Background Thread 3 ] DEBUG Engine               - isLinux: false
06:45:54.109 [FXGL Background Thread 3 ] DEBUG Engine               - isMac: false
06:45:54.109 [FXGL Background Thread 3 ] DEBUG Engine               - isMainMenuEnabled: true
06:45:54.110 [FXGL Background Thread 3 ] DEBUG Engine               - isManualResizeEnabled: false
06:45:54.110 [FXGL Background Thread 3 ] DEBUG Engine               - isMobile: false
06:45:54.110 [FXGL Background Thread 3 ] DEBUG Engine               - isNative: false
06:45:54.110 [FXGL Background Thread 3 ] DEBUG Engine               - isPauseMusicWhenMinimized: true
06:45:54.110 [FXGL Background Thread 3 ] DEBUG Engine               - isPreserveResizeRatio: false
06:45:54.110 [FXGL Background Thread 3 ] DEBUG Engine               - isProfilingEnabled: false
06:45:54.110 [FXGL Background Thread 3 ] DEBUG Engine               - isScaleAffectedOnResize: true
06:45:54.110 [FXGL Background Thread 3 ] DEBUG Engine               - isSingleStep: false
06:45:54.110 [FXGL Background Thread 3 ] DEBUG Engine               - isUserProfileEnabled: false
06:45:54.110 [FXGL Background Thread 3 ] DEBUG Engine               - isWindows: true
06:45:54.111 [FXGL Background Thread 3 ] DEBUG Engine               - language: ObjectProperty [value: ENGLISH]
06:45:54.111 [FXGL Background Thread 3 ] DEBUG Engine               - menuKey: ESCAPE
06:45:54.111 [FXGL Background Thread 3 ] DEBUG Engine               - mouseSensitivity: 0.2
06:45:54.111 [FXGL Background Thread 3 ] DEBUG Engine               - notificationViewClass: class com.almasb.fxgl.notification.view.XboxNotificationView
06:45:54.111 [FXGL Background Thread 3 ] DEBUG Engine               - pixelsPerMeter: 50.0
06:45:54.111 [FXGL Background Thread 3 ] DEBUG Engine               - platform: WINDOWS
06:45:54.111 [FXGL Background Thread 3 ] DEBUG Engine               - prefHeightProperty: ReadOnlyDoubleProperty [value: 800.0]
06:45:54.111 [FXGL Background Thread 3 ] DEBUG Engine               - prefWidthProperty: ReadOnlyDoubleProperty [value: 800.0]
06:45:54.111 [FXGL Background Thread 3 ] DEBUG Engine               - profileDir: profiles/
06:45:54.112 [FXGL Background Thread 3 ] DEBUG Engine               - profileName: StringProperty [value: DEFAULT]
06:45:54.112 [FXGL Background Thread 3 ] DEBUG Engine               - randomSeed: -1
06:45:54.112 [FXGL Background Thread 3 ] DEBUG Engine               - runtimeInfo: RuntimeInfo(platform=WINDOWS, version=21.1, build=27.03.2024 07.52)
06:45:54.112 [FXGL Background Thread 3 ] DEBUG Engine               - saveFileExt: sav
06:45:54.112 [FXGL Background Thread 3 ] DEBUG Engine               - scaledHeightProp$fxgl: DoubleProperty [bound, value: 728.0]
06:45:54.112 [FXGL Background Thread 3 ] DEBUG Engine               - scaledWidthProp$fxgl: DoubleProperty [bound, value: 703.0]
06:45:54.113 [FXGL Background Thread 3 ] DEBUG Engine               - sceneFactory: com.lab.App$1@7bc05b55
06:45:54.113 [FXGL Background Thread 3 ] DEBUG Engine               - secondsIn24h: 60
06:45:54.113 [FXGL Background Thread 3 ] DEBUG Engine               - soundMenuBack: menu/back.wav
06:45:54.113 [FXGL Background Thread 3 ] DEBUG Engine               - soundMenuPress: menu/press.wav
06:45:54.113 [FXGL Background Thread 3 ] DEBUG Engine               - soundMenuSelect: menu/select.wav
06:45:54.113 [FXGL Background Thread 3 ] DEBUG Engine               - soundNotification: core/notification.wav
06:45:54.113 [FXGL Background Thread 3 ] DEBUG Engine               - stageStyle: DECORATED
06:45:54.113 [FXGL Background Thread 3 ] DEBUG Engine               - supportedLanguages: [ENGLISH, FRENCH, GERMAN, HUNGARIAN, RUSSIAN]
06:45:54.113 [FXGL Background Thread 3 ] DEBUG Engine               - ticksPerSecond: -1
06:45:54.113 [FXGL Background Thread 3 ] DEBUG Engine               - title: Gonvival
06:45:54.113 [FXGL Background Thread 3 ] DEBUG Engine               - urlGithub: https://github.com/AlmasB/FXGL
06:45:54.113 [FXGL Background Thread 3 ] DEBUG Engine               - urlLeaderboard: http://fxgl-top.herokuapp.com/
06:45:54.113 [FXGL Background Thread 3 ] DEBUG Engine               - urlPOM: https://raw.githubusercontent.com/AlmasB/FXGL/release/README.md
06:45:54.113 [FXGL Background Thread 3 ] DEBUG Engine               - userAppClass: class com.lab.App
06:45:54.113 [FXGL Background Thread 3 ] DEBUG Engine               - version: beta
06:45:54.113 [FXGL Background Thread 3 ] DEBUG Engine               - versionCheckDays: 7
06:45:54.113 [FXGL Background Thread 3 ] DEBUG Engine               - width: 800
06:45:54.113 [FXGL Background Thread 3 ] DEBUG Engine               - Logging services
06:45:54.113 [FXGL Background Thread 3 ] DEBUG Engine               - class com.almasb.fxgl.app.services.FXGLAssetLoaderService
06:45:54.113 [FXGL Background Thread 3 ] DEBUG Engine               - class com.almasb.fxgl.app.FXGLApplication$GameApplicationService
06:45:54.114 [FXGL Background Thread 3 ] DEBUG Engine               - class com.almasb.fxgl.app.services.FXGLDialogService
06:45:54.114 [FXGL Background Thread 3 ] DEBUG Engine               - class com.almasb.fxgl.app.services.IOTaskExecutorService
06:45:54.114 [FXGL Background Thread 3 ] DEBUG Engine               - class com.almasb.fxgl.io.FileSystemService
06:45:54.114 [FXGL Background Thread 3 ] DEBUG Engine               - class com.almasb.fxgl.localization.LocalizationService
06:45:54.114 [FXGL Background Thread 3 ] DEBUG Engine               - class com.almasb.fxgl.app.services.SystemBundleService
06:45:54.114 [FXGL Background Thread 3 ] DEBUG Engine               - class com.almasb.fxgl.profile.SaveLoadService
06:45:54.114 [FXGL Background Thread 3 ] DEBUG Engine               - class com.almasb.fxgl.ui.FXGLUIFactoryServiceProvider
06:45:54.114 [FXGL Background Thread 3 ] DEBUG Engine               - class com.almasb.fxgl.ui.FXGLDialogFactoryServiceProvider
06:45:54.114 [FXGL Background Thread 3 ] DEBUG Engine               - class com.almasb.fxgl.audio.AudioPlayer
06:45:54.114 [FXGL Background Thread 3 ] DEBUG Engine               - class com.almasb.fxgl.notification.impl.NotificationServiceProvider
06:45:54.114 [FXGL Background Thread 3 ] DEBUG Engine               - class com.almasb.fxgl.achievement.AchievementService
06:45:54.114 [FXGL Background Thread 3 ] DEBUG Engine               - class com.almasb.fxgl.cutscene.CutsceneService
06:45:54.114 [FXGL Background Thread 3 ] DEBUG Engine               - class com.almasb.fxgl.minigames.MiniGameService
06:45:54.114 [FXGL Background Thread 3 ] DEBUG Engine               - class com.almasb.fxgl.net.NetService
06:45:54.114 [FXGL Background Thread 3 ] DEBUG Engine               - class com.almasb.fxgl.app.services.UpdaterService
06:45:54.114 [FXGL Background Thread 3 ] DEBUG Engine               - class com.almasb.fxgl.dev.DevService
06:46:14.043 [JavaFX Application Thread] DEBUG FXGLApplication      - Exiting FXGL
06:46:14.043 [JavaFX Application Thread] DEBUG LoopRunner           - Stopping loop
06:46:14.043 [JavaFX Application Thread] DEBUG SystemBundleService  - Saving FXGL system data
06:46:14.046 [JavaFX Application Thread] DEBUG FileSystemAccess     - Writing to: E:\Labs\Gonvival\system\fxgl.bundle
06:46:14.049 [JavaFX Application Thread] DEBUG Async                - Shutting down background threads
06:46:14.050 [JavaFX Application Thread] DEBUG PrimaryStageWindow   - Closing main window
06:46:14.066 [JavaFX Application Thread] DEBUG Logger               - Closing Logger
