20:54:03.307 [main                     ] DEBUG Logger               - Configured Logger
20:54:03.360 [main                     ] DEBUG GameApplication      - Logging settings
Title: Gonvival
Version: beta
Width: 800
Height: 600
Fullscreen: false
Intro: false
Profiling: false
Single step:false
App Mode: DEVELOPER
Menu Key: ESCAPE
Stage Style: DECORATED
Scene Factory: class com.almasb.fxgl.app.scene.SceneFactory

20:54:05.202 [JavaFX Application Thread] DEBUG FXGLApplication      - Initializing FXGL
20:54:05.213 [JavaFX Application Thread] INFO  Engine               - FXGL-21.1 (27.03.2024 07.52) on WINDOWS (J:21.0.5 FX:21.0.1)
20:54:05.214 [JavaFX Application Thread] DEBUG Engine               - JRE Vendor Name: Eclipse Adoptium
20:54:05.215 [JavaFX Application Thread] DEBUG Engine               - Running on OS: Windows 11 version 10.0
20:54:05.216 [JavaFX Application Thread] DEBUG Engine               - Architecture: amd64
20:54:05.216 [JavaFX Application Thread] INFO  Engine               - Source code and latest versions at: https://github.com/AlmasB/FXGL
20:54:05.217 [JavaFX Application Thread] INFO  Engine               -       Ask questions and discuss at: https://github.com/AlmasB/FXGL/discussions
20:54:05.218 [JavaFX Application Thread] INFO  Engine               -              Join the FXGL chat at: https://gitter.im/AlmasB/FXGL
20:54:05.454 [JavaFX Application Thread] DEBUG PrimaryStageWindow   - Creating a JavaFX scene
20:54:05.539 [JavaFX Application Thread] DEBUG PrimaryStageWindow   - Target settings size: 800.0 x 600.0
20:54:05.540 [JavaFX Application Thread] DEBUG PrimaryStageWindow   - Scaled scene size:    800.0 x 600.0
20:54:05.541 [JavaFX Application Thread] DEBUG PrimaryStageWindow   - Scaled ratio: (1.0, 1.0)
20:54:05.545 [JavaFX Application Thread] DEBUG PrimaryStageWindow   - Set initial scene to FXGLStartupScene
20:54:05.563 [JavaFX Application Thread] DEBUG PrimaryStageWindow   - Opening main window
20:54:05.870 [JavaFX Application Thread] DEBUG PrimaryStageWindow   - Window border size: (14.4000244140625, 37.5999755859375)
20:54:05.871 [JavaFX Application Thread] DEBUG PrimaryStageWindow   - Scaled size: 800.0 x 600.0
20:54:05.872 [JavaFX Application Thread] DEBUG PrimaryStageWindow   - Scaled ratio: (1.0, 1.0)
20:54:05.873 [JavaFX Application Thread] DEBUG PrimaryStageWindow   - Scene size: 800.0 x 600.0
20:54:05.874 [JavaFX Application Thread] DEBUG PrimaryStageWindow   - Stage size: 814.4000244140625 x 637.5999755859375
20:54:05.901 [FXGL Background Thread 1 ] DEBUG Engine               - Initializing environment variables
20:54:06.014 [FXGL Background Thread 1 ] DEBUG FXGLAssetLoaderServi - User app class for loading assets: class com.lab.App
20:54:06.015 [FXGL Background Thread 1 ] DEBUG GameApplicationServi - Applying CSS: fxgl_dark.css
20:54:06.017 [FXGL Background Thread 1 ] DEBUG FXGLAssetLoaderServi - Loading from file system: jar:file:/C:/Users/HP/.m2/repository/com/github/almasb/fxgl/21.1/fxgl-21.1.jar!/fxglassets/ui/css/fxgl_dark.css
20:54:06.148 [FXGL Background Thread 1 ] DEBUG GameApplicationServi - Initializing application scenes
20:54:06.274 [FXGL Background Thread 1 ] DEBUG GameWorld            - Game world initialized
20:54:06.377 [FXGL Background Thread 1 ] DEBUG PhysicsWorld         - Physics world initialized: appHeight=600, physics.ppm=50.0
20:54:06.378 [FXGL Background Thread 1 ] DEBUG PhysicsWorld         - Using strategy: BRUTE_FORCE
20:54:06.382 [FXGL Background Thread 1 ] DEBUG GameScene            - Game scene initialized: 800x600
20:54:06.410 [FXGL Background Thread 1 ] DEBUG FXGL.DefaultMenu     - createMenuBodyMainMenu()
20:54:06.452 [FXGL Background Thread 1 ] DEBUG FXGL.DefaultMenu     - createOptionsMenu()
20:54:06.488 [FXGL Background Thread 1 ] DEBUG FXGLAssetLoaderServi - Loading from file system: jar:file:/C:/Users/HP/.m2/repository/com/github/almasb/fxgl/21.1/fxgl-21.1.jar!/fxglassets/textures/particles/smoke.png
20:54:06.692 [FXGL Background Thread 1 ] DEBUG FXGLAssetLoaderServi - Loading from file system: jar:file:/C:/Users/HP/.m2/repository/com/github/almasb/fxgl/21.1/fxgl-21.1.jar!/fxglassets/textures/particles/trace_horizontal.png
20:54:06.740 [FXGL Background Thread 1 ] DEBUG FXGL.DefaultMenu     - createMenuBodyGameMenu()
20:54:06.741 [FXGL Background Thread 1 ] DEBUG FXGL.DefaultMenu     - createOptionsMenu()
20:54:06.765 [FXGL Background Thread 1 ] DEBUG GameApplicationServi - Application scenes initialized
20:54:06.780 [FXGL Background Thread 1 ] DEBUG SystemBundleService  - Loading FXGL system data
20:54:06.791 [FXGL Background Thread 1 ] DEBUG FileSystemAccess     - Reading from: D:\Gonvival\system\fxgl.bundle
20:54:06.806 [FXGL Background Thread 1 ] DEBUG SystemBundleService  - Bundle FXGL: {}
20:54:06.806 [FXGL Background Thread 1 ] DEBUG UpdaterService       - Checking for updates
20:54:06.817 [FXGL Background Thread 4 ] DEBUG FXGLApplication      - Loading fonts
20:54:06.818 [FXGL Background Thread 4 ] DEBUG FXGLAssetLoaderServi - Loading from file system: jar:file:/C:/Users/HP/.m2/repository/com/github/almasb/fxgl/21.1/fxgl-21.1.jar!/fxglassets/ui/fonts/VarelaRound-Regular.ttf
20:54:06.822 [FXGL Background Thread 1 ] DEBUG FXGLApplication      - Loading default localization
20:54:06.823 [FXGL Background Thread 1 ] DEBUG FXGLAssetLoaderServi - Loading from file system: jar:file:/C:/Users/HP/.m2/repository/com/github/almasb/fxgl/21.1/fxgl-21.1.jar!/fxglassets/languages/english.lang
20:54:06.913 [FXGL Background Thread 4 ] DEBUG FXGLAssetLoaderServi - Loading from file system: jar:file:/C:/Users/HP/.m2/repository/com/github/almasb/fxgl/21.1/fxgl-21.1.jar!/fxglassets/ui/fonts/Abel-Regular.ttf
20:54:06.924 [FXGL Background Thread 1 ] INFO  FXGLApplication      - FXGL initialization took: 1.023 sec
20:54:06.924 [FXGL Background Thread 4 ] DEBUG FXGLAssetLoaderServi - Loading from file system: jar:file:/C:/Users/HP/.m2/repository/com/github/almasb/fxgl/21.1/fxgl-21.1.jar!/fxglassets/ui/fonts/TerminalLandMono-Regular.otf
20:54:06.938 [FXGL Background Thread 4 ] DEBUG FXGLAssetLoaderServi - Loading from file system: jar:file:/C:/Users/HP/.m2/repository/com/github/almasb/fxgl/21.1/fxgl-21.1.jar!/fxglassets/ui/fonts/Courier-Prime.ttf
20:54:06.946 [JavaFX Application Thread] DEBUG Input                - Registered new binding: Shoot - LMB
20:54:06.975 [JavaFX Application Thread] DEBUG Input                - Registered new binding: action0 - A
20:54:06.976 [JavaFX Application Thread] DEBUG Input                - Registered new binding: action1 - D
20:54:06.977 [JavaFX Application Thread] DEBUG Input                - Registered new binding: action2 - W
20:54:06.978 [JavaFX Application Thread] DEBUG Input                - Registered new binding: action3 - S
20:54:06.979 [JavaFX Application Thread] DEBUG FXGLAssetLoaderServi - Loading from file system: jar:file:/C:/Users/HP/.m2/repository/com/github/almasb/fxgl/21.1/fxgl-21.1.jar!/fxglassets/textures/fxgl_icon.png
20:54:07.015 [JavaFX Application Thread] DEBUG FXGLAssetLoaderServi - Loading from file system: jar:file:/C:/Users/HP/.m2/repository/com/github/almasb/fxgl/21.1/fxgl-21.1.jar!/fxglassets/textures/fxgl_default_cursor.png
20:54:07.018 [JavaFX Application Thread] DEBUG Input                - Registered new binding: Screenshot - CTRL+8
20:54:07.020 [JavaFX Application Thread] DEBUG Input                - Registered new binding: System info dump - CTRL+9
20:54:07.021 [JavaFX Application Thread] DEBUG Input                - Registered new binding: Restart - CTRL+R
20:54:07.023 [JavaFX Application Thread] DEBUG Input                - Registered new binding: Toggle Debug Camera - CTRL+7
20:54:07.030 [JavaFX Application Thread] DEBUG LoopRunner           - Starting loop
20:54:07.030 [JavaFX Application Thread] DEBUG LoopRunner           - Initializing JavaFX AnimationTimerLoop
20:54:07.035 [JavaFX Application Thread] DEBUG Input                - Clearing active input actions
20:54:07.047 [JavaFX Application Thread] DEBUG GameApplicationServi - Removing overlay from FXGLStartupScene and adding to FXGLMainMenuDummyScene
20:54:07.048 [JavaFX Application Thread] DEBUG PrimaryStageWindow   - FXGLStartupScene -> FXGLMainMenuDummyScene
20:54:07.048 [JavaFX Application Thread] DEBUG PrimaryStageWindow   - Push state: FXGLDefaultMenu
20:54:07.059 [JavaFX Application Thread] DEBUG Input                - Clearing active input actions
20:54:07.080 [JavaFX Application Thread] DEBUG GameApplicationServi - Removing overlay from FXGLMainMenuDummyScene and adding to FXGLDefaultMenu
20:54:07.081 [JavaFX Application Thread] DEBUG PrimaryStageWindow   - FXGLMainMenuDummyScene -> FXGLDefaultMenu
20:54:07.094 [JavaFX Application Thread] DEBUG FXGLApplication      - Registering font factories with UI factory
20:54:08.145 [JavaFX Application Thread] DEBUG Menu                 - fireNewGame()
20:54:08.145 [JavaFX Application Thread] DEBUG GameApplicationServi - Starting new game
20:54:08.148 [JavaFX Application Thread] DEBUG PrimaryStageWindow   - Pop state: FXGLDefaultMenu
20:54:08.148 [JavaFX Application Thread] DEBUG Input                - Clearing active input actions
20:54:08.151 [JavaFX Application Thread] DEBUG GameApplicationServi - Removing overlay from FXGLDefaultMenu and adding to FXGLMainMenuDummyScene
20:54:08.152 [JavaFX Application Thread] DEBUG PrimaryStageWindow   - FXGLMainMenuDummyScene <- FXGLDefaultMenu
20:54:08.153 [JavaFX Application Thread] DEBUG Input                - Clearing active input actions
20:54:08.164 [JavaFX Application Thread] DEBUG GameApplicationServi - Removing overlay from FXGLMainMenuDummyScene and adding to FXGLLoadingScene
20:54:08.164 [JavaFX Application Thread] DEBUG PrimaryStageWindow   - FXGLMainMenuDummyScene -> FXGLLoadingScene
20:54:08.164 [JavaFX Application Thread] DEBUG GameApplicationServi - Clearing previous game
20:54:08.164 [JavaFX Application Thread] DEBUG GameScene            - Clearing game scene
20:54:08.164 [JavaFX Application Thread] DEBUG GameWorld            - Clearing game world
20:54:08.165 [JavaFX Application Thread] DEBUG PhysicsWorld         - Clearing physics world
20:54:08.168 [FXGL Background Thread 2 ] DEBUG FXGLApplication      - Initializing game
20:54:08.185 [FXGL Background Thread 2 ] DEBUG FXGLAssetLoaderServi - Loading from file system: file:/D:/Gonvival/game/target/classes/assets/textures/g.png
20:54:08.246 [FXGL Background Thread 2 ] INFO  FXGLApplication      - Game initialization took: 0.078 sec
20:54:08.255 [JavaFX Application Thread] DEBUG Input                - Clearing active input actions
20:54:08.263 [JavaFX Application Thread] DEBUG GameApplicationServi - Removing overlay from FXGLLoadingScene and adding to GameScene
20:54:08.264 [JavaFX Application Thread] DEBUG PrimaryStageWindow   - FXGLLoadingScene -> GameScene
20:54:09.214 [JavaFX Application Thread] DEBUG FXGLAssetLoaderServi - Loading from file system: file:/D:/Gonvival/game/target/classes/assets/textures/evil.png
20:54:09.353 [JavaFX Application Thread] DEBUG FXGLApplication      - Exiting FXGL
20:54:09.353 [JavaFX Application Thread] DEBUG LoopRunner           - Stopping loop
20:54:09.353 [JavaFX Application Thread] DEBUG SystemBundleService  - Saving FXGL system data
20:54:09.357 [JavaFX Application Thread] DEBUG FileSystemAccess     - Writing to: D:\Gonvival\system\fxgl.bundle
20:54:09.360 [JavaFX Application Thread] DEBUG Async                - Shutting down background threads
20:54:09.361 [JavaFX Application Thread] DEBUG PrimaryStageWindow   - Closing main window
20:54:09.429 [JavaFX Application Thread] DEBUG Logger               - Closing Logger
