05:07:52.098 [main                     ] DEBUG Logger               - Configured Logger
05:07:52.200 [main                     ] DEBUG GameApplication      - Logging settings
Title: Gonvival
Version: beta
Width: 800
Height: 800
Fullscreen: false
Intro: false
Profiling: false
Single step:false
App Mode: DEVELOPER
Menu Key: ESCAPE
Stage Style: DECORATED
Scene Factory: class com.lab.App$1

05:07:53.038 [JavaFX Application Thread] DEBUG FXGLApplication      - Initializing FXGL
05:07:53.050 [JavaFX Application Thread] INFO  Engine               - FXGL-21.1 (27.03.2024 07.52) on WINDOWS (J:21.0.5 FX:21.0.1)
05:07:53.052 [JavaFX Application Thread] DEBUG Engine               - JRE Vendor Name: Eclipse Adoptium
05:07:53.055 [JavaFX Application Thread] DEBUG Engine               - Running on OS: Windows 10 version 10.0
05:07:53.056 [JavaFX Application Thread] DEBUG Engine               - Architecture: amd64
05:07:53.057 [JavaFX Application Thread] INFO  Engine               - Source code and latest versions at: https://github.com/AlmasB/FXGL
05:07:53.057 [JavaFX Application Thread] INFO  Engine               -       Ask questions and discuss at: https://github.com/AlmasB/FXGL/discussions
05:07:53.093 [JavaFX Application Thread] INFO  Engine               -              Join the FXGL chat at: https://gitter.im/AlmasB/FXGL
05:07:53.300 [JavaFX Application Thread] DEBUG PrimaryStageWindow   - Creating a JavaFX scene
05:07:53.302 [JavaFX Application Thread] DEBUG PrimaryStageWindow   - Target size > screen size
05:07:53.408 [JavaFX Application Thread] DEBUG PrimaryStageWindow   - Target settings size: 800.0 x 800.0
05:07:53.408 [JavaFX Application Thread] DEBUG PrimaryStageWindow   - Scaled scene size:    743.0 x 768.0
05:07:53.408 [JavaFX Application Thread] DEBUG PrimaryStageWindow   - Scaled ratio: (0.92875, 0.96)
05:07:53.410 [JavaFX Application Thread] DEBUG PrimaryStageWindow   - Set initial scene to FXGLStartupScene
05:07:53.416 [JavaFX Application Thread] DEBUG PrimaryStageWindow   - Opening main window
05:07:53.631 [JavaFX Application Thread] DEBUG PrimaryStageWindow   - Window border size: (16.0, 39.0)
05:07:53.631 [JavaFX Application Thread] DEBUG PrimaryStageWindow   - Scaled size: 743.0 x 768.0
05:07:53.632 [JavaFX Application Thread] DEBUG PrimaryStageWindow   - Scaled ratio: (0.92875, 0.96)
05:07:53.632 [JavaFX Application Thread] DEBUG PrimaryStageWindow   - Scene size: 743.0 x 768.0
05:07:53.633 [JavaFX Application Thread] DEBUG PrimaryStageWindow   - Stage size: 759.0 x 807.0
05:07:53.717 [FXGL Background Thread 1 ] DEBUG Engine               - Initializing environment variables
05:07:53.847 [FXGL Background Thread 1 ] DEBUG FXGLAssetLoaderServi - User app class for loading assets: class com.lab.App
05:07:53.848 [FXGL Background Thread 1 ] DEBUG GameApplicationServi - Applying CSS: fxgl_dark.css
05:07:53.849 [FXGL Background Thread 1 ] DEBUG FXGLAssetLoaderServi - Loading from file system: jar:file:/C:/Users/Khana/.m2/repository/com/github/almasb/fxgl/21.1/fxgl-21.1.jar!/fxglassets/ui/css/fxgl_dark.css
05:07:53.991 [FXGL Background Thread 1 ] DEBUG GameApplicationServi - Initializing application scenes
05:07:54.196 [FXGL Background Thread 1 ] DEBUG GameWorld            - Game world initialized
05:07:54.335 [FXGL Background Thread 1 ] DEBUG PhysicsWorld         - Physics world initialized: appHeight=800, physics.ppm=50.0
05:07:54.336 [FXGL Background Thread 1 ] DEBUG PhysicsWorld         - Using strategy: BRUTE_FORCE
05:07:54.344 [FXGL Background Thread 1 ] DEBUG GameScene            - Game scene initialized: 800x800
05:07:54.428 [FXGL Background Thread 1 ] DEBUG FXGL.DefaultMenu     - createMenuBodyGameMenu()
05:07:54.454 [FXGL Background Thread 1 ] DEBUG FXGL.DefaultMenu     - createOptionsMenu()
05:07:54.470 [FXGL Background Thread 1 ] DEBUG FXGLAssetLoaderServi - Loading from file system: jar:file:/C:/Users/Khana/.m2/repository/com/github/almasb/fxgl/21.1/fxgl-21.1.jar!/fxglassets/textures/particles/smoke.png
05:07:54.647 [FXGL Background Thread 1 ] DEBUG FXGLAssetLoaderServi - Loading from file system: jar:file:/C:/Users/Khana/.m2/repository/com/github/almasb/fxgl/21.1/fxgl-21.1.jar!/fxglassets/textures/particles/trace_horizontal.png
05:07:54.699 [FXGL Background Thread 1 ] DEBUG GameApplicationServi - Application scenes initialized
05:07:54.728 [FXGL Background Thread 1 ] DEBUG SystemBundleService  - Loading FXGL system data
05:07:54.736 [FXGL Background Thread 1 ] DEBUG FileSystemAccess     - Reading from: E:\Labs\Gonvival\system\fxgl.bundle
05:07:54.762 [FXGL Background Thread 1 ] DEBUG SystemBundleService  - Bundle FXGL: {}
05:07:54.762 [FXGL Background Thread 1 ] DEBUG UpdaterService       - Checking for updates
05:07:54.772 [FXGL Background Thread 1 ] DEBUG FXGLApplication      - Loading default localization
05:07:54.773 [FXGL Background Thread 1 ] DEBUG FXGLAssetLoaderServi - Loading from file system: jar:file:/C:/Users/Khana/.m2/repository/com/github/almasb/fxgl/21.1/fxgl-21.1.jar!/fxglassets/languages/english.lang
05:07:54.806 [FXGL Background Thread 1 ] INFO  FXGLApplication      - FXGL initialization took: 1.089 sec
05:07:54.811 [FXGL Background Thread 4 ] DEBUG FXGLApplication      - Loading fonts
05:07:54.812 [FXGL Background Thread 4 ] DEBUG FXGLAssetLoaderServi - Loading from file system: jar:file:/C:/Users/Khana/.m2/repository/com/github/almasb/fxgl/21.1/fxgl-21.1.jar!/fxglassets/ui/fonts/VarelaRound-Regular.ttf
05:07:54.813 [JavaFX Application Thread] DEBUG FXGLAssetLoaderServi - Loading from file system: jar:file:/C:/Users/Khana/.m2/repository/com/github/almasb/fxgl/21.1/fxgl-21.1.jar!/fxglassets/textures/fxgl_icon.png
05:07:54.897 [FXGL Background Thread 4 ] DEBUG FXGLAssetLoaderServi - Loading from file system: jar:file:/C:/Users/Khana/.m2/repository/com/github/almasb/fxgl/21.1/fxgl-21.1.jar!/fxglassets/ui/fonts/Abel-Regular.ttf
05:07:54.906 [FXGL Background Thread 4 ] DEBUG FXGLAssetLoaderServi - Loading from file system: jar:file:/C:/Users/Khana/.m2/repository/com/github/almasb/fxgl/21.1/fxgl-21.1.jar!/fxglassets/ui/fonts/TerminalLandMono-Regular.otf
05:07:54.913 [FXGL Background Thread 4 ] DEBUG FXGLAssetLoaderServi - Loading from file system: jar:file:/C:/Users/Khana/.m2/repository/com/github/almasb/fxgl/21.1/fxgl-21.1.jar!/fxglassets/ui/fonts/Courier-Prime.ttf
05:07:54.939 [JavaFX Application Thread] DEBUG FXGLAssetLoaderServi - Loading from file system: jar:file:/C:/Users/Khana/.m2/repository/com/github/almasb/fxgl/21.1/fxgl-21.1.jar!/fxglassets/textures/fxgl_default_cursor.png
05:07:54.958 [JavaFX Application Thread] DEBUG Input                - Registered new binding: Screenshot - CTRL+8
05:07:54.959 [JavaFX Application Thread] DEBUG Input                - Registered new binding: System info dump - CTRL+9
05:07:54.960 [JavaFX Application Thread] DEBUG Input                - Registered new binding: Restart - CTRL+R
05:07:54.961 [JavaFX Application Thread] DEBUG Input                - Registered new binding: Toggle Debug Camera - CTRL+7
05:07:54.965 [JavaFX Application Thread] DEBUG LoopRunner           - Starting loop
05:07:54.966 [JavaFX Application Thread] DEBUG LoopRunner           - Initializing JavaFX AnimationTimerLoop
05:07:54.970 [JavaFX Application Thread] DEBUG Input                - Clearing active input actions
05:07:54.993 [JavaFX Application Thread] DEBUG GameApplicationServi - Removing overlay from FXGLStartupScene and adding to FXGLMainMenuDummyScene
05:07:54.995 [JavaFX Application Thread] DEBUG PrimaryStageWindow   - FXGLStartupScene -> FXGLMainMenuDummyScene
05:07:54.995 [JavaFX Application Thread] DEBUG PrimaryStageWindow   - Push state: StartScreen
05:07:54.995 [JavaFX Application Thread] DEBUG Input                - Clearing active input actions
05:07:55.012 [JavaFX Application Thread] DEBUG GameApplicationServi - Removing overlay from FXGLMainMenuDummyScene and adding to StartScreen
05:07:55.013 [JavaFX Application Thread] DEBUG PrimaryStageWindow   - FXGLMainMenuDummyScene -> StartScreen
05:07:55.014 [JavaFX Application Thread] DEBUG FXGLApplication      - Registering font factories with UI factory
05:07:56.085 [JavaFX Application Thread] DEBUG Menu                 - fireNewGame()
05:07:56.085 [JavaFX Application Thread] DEBUG GameApplicationServi - Starting new game
05:07:56.086 [JavaFX Application Thread] DEBUG PrimaryStageWindow   - Pop state: StartScreen
05:07:56.086 [JavaFX Application Thread] DEBUG Input                - Clearing active input actions
05:07:56.087 [JavaFX Application Thread] DEBUG GameApplicationServi - Removing overlay from StartScreen and adding to FXGLMainMenuDummyScene
05:07:56.088 [JavaFX Application Thread] DEBUG PrimaryStageWindow   - FXGLMainMenuDummyScene <- StartScreen
05:07:56.088 [JavaFX Application Thread] DEBUG Input                - Clearing active input actions
05:07:56.107 [JavaFX Application Thread] DEBUG GameApplicationServi - Removing overlay from FXGLMainMenuDummyScene and adding to FXGLLoadingScene
05:07:56.107 [JavaFX Application Thread] DEBUG PrimaryStageWindow   - FXGLMainMenuDummyScene -> FXGLLoadingScene
05:07:56.108 [JavaFX Application Thread] DEBUG GameApplicationServi - Clearing previous game
05:07:56.108 [JavaFX Application Thread] DEBUG GameScene            - Clearing game scene
05:07:56.108 [JavaFX Application Thread] DEBUG GameWorld            - Clearing game world
05:07:56.108 [JavaFX Application Thread] DEBUG PhysicsWorld         - Clearing physics world
05:07:56.122 [FXGL Background Thread 2 ] DEBUG FXGLApplication      - Initializing game
05:07:56.171 [FXGL Background Thread 2 ] DEBUG FXGLAssetLoaderServi - Loading from file system: file:/E:/Labs/Gonvival/game/target/classes/assets/textures/map.png
05:07:56.444 [FXGL Background Thread 2 ] DEBUG FXGLAssetLoaderServi - Loading from file system: file:/E:/Labs/Gonvival/game/target/classes/assets/textures/idle_down.png
05:07:56.475 [FXGL Background Thread 2 ] DEBUG FXGLAssetLoaderServi - Loading from file system: file:/E:/Labs/Gonvival/game/target/classes/assets/textures/idle_up.png
05:07:56.479 [FXGL Background Thread 2 ] DEBUG FXGLAssetLoaderServi - Loading from file system: file:/E:/Labs/Gonvival/game/target/classes/assets/textures/idle_left_down.png
05:07:56.482 [FXGL Background Thread 2 ] DEBUG FXGLAssetLoaderServi - Loading from file system: file:/E:/Labs/Gonvival/game/target/classes/assets/textures/idle_left_up.png
05:07:56.491 [FXGL Background Thread 2 ] DEBUG FXGLAssetLoaderServi - Loading from file system: file:/E:/Labs/Gonvival/game/target/classes/assets/textures/idle_right_down.png
05:07:56.495 [FXGL Background Thread 2 ] DEBUG FXGLAssetLoaderServi - Loading from file system: file:/E:/Labs/Gonvival/game/target/classes/assets/textures/idle_right_up.png
05:07:56.498 [FXGL Background Thread 2 ] DEBUG FXGLAssetLoaderServi - Loading from file system: file:/E:/Labs/Gonvival/game/target/classes/assets/textures/walk_left_down.png
05:07:56.503 [FXGL Background Thread 2 ] DEBUG FXGLAssetLoaderServi - Loading from file system: file:/E:/Labs/Gonvival/game/target/classes/assets/textures/walk_right_down.png
05:07:56.509 [FXGL Background Thread 2 ] DEBUG FXGLAssetLoaderServi - Loading from file system: file:/E:/Labs/Gonvival/game/target/classes/assets/textures/walk_up.png
05:07:56.512 [FXGL Background Thread 2 ] DEBUG FXGLAssetLoaderServi - Loading from file system: file:/E:/Labs/Gonvival/game/target/classes/assets/textures/walk_down.png
05:07:56.515 [FXGL Background Thread 2 ] DEBUG FXGLAssetLoaderServi - Loading from file system: file:/E:/Labs/Gonvival/game/target/classes/assets/textures/walk_left_up.png
05:07:56.520 [FXGL Background Thread 2 ] DEBUG FXGLAssetLoaderServi - Loading from file system: file:/E:/Labs/Gonvival/game/target/classes/assets/textures/walk_right_up.png
05:07:56.577 [FXGL Background Thread 2 ] INFO  FXGLApplication      - Game initialization took: 0.454 sec
05:07:56.583 [JavaFX Application Thread] DEBUG Input                - Clearing active input actions
05:07:56.597 [JavaFX Application Thread] DEBUG GameApplicationServi - Removing overlay from FXGLLoadingScene and adding to GameScene
05:07:56.598 [JavaFX Application Thread] DEBUG PrimaryStageWindow   - FXGLLoadingScene -> GameScene
05:07:56.714 [JavaFX Application Thread] DEBUG Input                - Registered new binding: SHOOT - LMB
05:07:56.715 [JavaFX Application Thread] DEBUG Input                - Registered new binding: MOVE LEFT - A
05:07:56.715 [JavaFX Application Thread] DEBUG Input                - Registered new binding: MOVE RIGHT - D
05:07:56.715 [JavaFX Application Thread] DEBUG Input                - Registered new binding: MOVE UP - W
05:07:56.715 [JavaFX Application Thread] DEBUG Input                - Registered new binding: MOVE DOWN - S
05:07:57.369 [JavaFX Application Thread] DEBUG FXGLAssetLoaderServi - Loading from file system: file:/E:/Labs/Gonvival/game/target/classes/assets/textures/evil.png
05:07:57.555 [JavaFX Application Thread] DEBUG FXGLAssetLoaderServi - Loading from file system: file:/E:/Labs/Gonvival/game/target/classes/assets/textures/arrow.png
05:07:57.767 [FXGL Background Thread 3 ] DEBUG Engine               - Logging environment variables
05:07:57.771 [FXGL Background Thread 3 ] DEBUG Engine               - achievements: []
05:07:57.771 [FXGL Background Thread 3 ] DEBUG Engine               - actualHeight: 768.0
05:07:57.771 [FXGL Background Thread 3 ] DEBUG Engine               - actualHeightProperty: ReadOnlyDoubleProperty [value: 768.0]
05:07:57.772 [FXGL Background Thread 3 ] DEBUG Engine               - actualWidth: 743.0
05:07:57.772 [FXGL Background Thread 3 ] DEBUG Engine               - actualWidthProperty: ReadOnlyDoubleProperty [value: 743.0]
05:07:57.773 [FXGL Background Thread 3 ] DEBUG Engine               - appIcon: fxgl_icon.png
05:07:57.773 [FXGL Background Thread 3 ] DEBUG Engine               - applicationMode: DEVELOPER
05:07:57.773 [FXGL Background Thread 3 ] DEBUG Engine               - cSSList: [fxgl_dark.css]
05:07:57.773 [FXGL Background Thread 3 ] DEBUG Engine               - collisionDetectionStrategy: BRUTE_FORCE
05:07:57.773 [FXGL Background Thread 3 ] DEBUG Engine               - configClass: Optional.empty
05:07:57.773 [FXGL Background Thread 3 ] DEBUG Engine               - credits: []
05:07:57.774 [FXGL Background Thread 3 ] DEBUG Engine               - defaultCursor: CursorInfo(imageName=fxgl_default_cursor.png, hotspotX=7.0, hotspotY=6.0)
05:07:57.774 [FXGL Background Thread 3 ] DEBUG Engine               - devBBoxColorProperty: ObjectProperty [value: 0xff0000ff]
05:07:57.775 [FXGL Background Thread 3 ] DEBUG Engine               - devEnableDebugCameraProperty: BooleanProperty [value: false]
05:07:57.775 [FXGL Background Thread 3 ] DEBUG Engine               - devSensorColorProperty: ObjectProperty [value: 0xffff00ff]
05:07:57.775 [FXGL Background Thread 3 ] DEBUG Engine               - devShowBBoxProperty: BooleanProperty [value: false]
05:07:57.775 [FXGL Background Thread 3 ] DEBUG Engine               - devShowPositionProperty: BooleanProperty [value: false]
05:07:57.775 [FXGL Background Thread 3 ] DEBUG Engine               - enabledMenuItems: []
05:07:57.775 [FXGL Background Thread 3 ] DEBUG Engine               - engineServices: [class com.almasb.fxgl.app.services.FXGLAssetLoaderService, class com.almasb.fxgl.app.FXGLApplication$GameApplicationService, class com.almasb.fxgl.app.services.FXGLDialogService, class com.almasb.fxgl.app.services.IOTaskExecutorService, class com.almasb.fxgl.io.FileSystemService, class com.almasb.fxgl.localization.LocalizationService, class com.almasb.fxgl.app.services.SystemBundleService, class com.almasb.fxgl.profile.SaveLoadService, class com.almasb.fxgl.ui.FXGLUIFactoryServiceProvider, class com.almasb.fxgl.ui.FXGLDialogFactoryServiceProvider, class com.almasb.fxgl.audio.AudioPlayer, class com.almasb.fxgl.notification.impl.NotificationServiceProvider, class com.almasb.fxgl.achievement.AchievementService, class com.almasb.fxgl.cutscene.CutsceneService, class com.almasb.fxgl.minigames.MiniGameService, class com.almasb.fxgl.net.NetService, class com.almasb.fxgl.app.services.UpdaterService, class com.almasb.fxgl.dev.DevService]
05:07:57.775 [FXGL Background Thread 3 ] DEBUG Engine               - fontGame: Abel-Regular.ttf
05:07:57.775 [FXGL Background Thread 3 ] DEBUG Engine               - fontMono: TerminalLandMono-Regular.otf
05:07:57.775 [FXGL Background Thread 3 ] DEBUG Engine               - fontSizeScaleUI: 1.0
05:07:57.776 [FXGL Background Thread 3 ] DEBUG Engine               - fontText: Courier-Prime.ttf
05:07:57.776 [FXGL Background Thread 3 ] DEBUG Engine               - fontUI: VarelaRound-Regular.ttf
05:07:57.776 [FXGL Background Thread 3 ] DEBUG Engine               - fullScreen: BooleanProperty [value: false]
05:07:57.776 [FXGL Background Thread 3 ] DEBUG Engine               - gameDifficulty: MEDIUM
05:07:57.776 [FXGL Background Thread 3 ] DEBUG Engine               - gameDifficultyProperty: ObjectProperty [value: MEDIUM]
05:07:57.776 [FXGL Background Thread 3 ] DEBUG Engine               - globalMusicVolume: 0.5
05:07:57.776 [FXGL Background Thread 3 ] DEBUG Engine               - globalMusicVolumeProperty: DoubleProperty [value: 0.5]
05:07:57.776 [FXGL Background Thread 3 ] DEBUG Engine               - globalSoundVolume: 0.5
05:07:57.776 [FXGL Background Thread 3 ] DEBUG Engine               - globalSoundVolumeProperty: DoubleProperty [value: 0.5]
05:07:57.776 [FXGL Background Thread 3 ] DEBUG Engine               - height: 800
05:07:57.777 [FXGL Background Thread 3 ] DEBUG Engine               - is3D: false
05:07:57.777 [FXGL Background Thread 3 ] DEBUG Engine               - isAndroid: false
05:07:57.777 [FXGL Background Thread 3 ] DEBUG Engine               - isBrowser: false
05:07:57.777 [FXGL Background Thread 3 ] DEBUG Engine               - isClickFeedbackEnabled: false
05:07:57.777 [FXGL Background Thread 3 ] DEBUG Engine               - isCloseConfirmation: false
05:07:57.777 [FXGL Background Thread 3 ] DEBUG Engine               - isDesktop: true
05:07:57.777 [FXGL Background Thread 3 ] DEBUG Engine               - isDeveloperMenuEnabled: false
05:07:57.777 [FXGL Background Thread 3 ] DEBUG Engine               - isEmbedded: false
05:07:57.777 [FXGL Background Thread 3 ] DEBUG Engine               - isEntityPreloadEnabled: true
05:07:57.777 [FXGL Background Thread 3 ] DEBUG Engine               - isExperimentalTiledLargeMap: false
05:07:57.777 [FXGL Background Thread 3 ] DEBUG Engine               - isFileSystemWriteAllowed: true
05:07:57.777 [FXGL Background Thread 3 ] DEBUG Engine               - isFullScreenAllowed: false
05:07:57.777 [FXGL Background Thread 3 ] DEBUG Engine               - isFullScreenFromStart: false
05:07:57.778 [FXGL Background Thread 3 ] DEBUG Engine               - isGameMenuEnabled: true
05:07:57.778 [FXGL Background Thread 3 ] DEBUG Engine               - isIOS: false
05:07:57.778 [FXGL Background Thread 3 ] DEBUG Engine               - isIntroEnabled: false
05:07:57.778 [FXGL Background Thread 3 ] DEBUG Engine               - isLinux: false
05:07:57.778 [FXGL Background Thread 3 ] DEBUG Engine               - isMac: false
05:07:57.778 [FXGL Background Thread 3 ] DEBUG Engine               - isMainMenuEnabled: true
05:07:57.778 [FXGL Background Thread 3 ] DEBUG Engine               - isManualResizeEnabled: false
05:07:57.778 [FXGL Background Thread 3 ] DEBUG Engine               - isMobile: false
05:07:57.779 [FXGL Background Thread 3 ] DEBUG Engine               - isNative: false
05:07:57.779 [FXGL Background Thread 3 ] DEBUG Engine               - isPauseMusicWhenMinimized: true
05:07:57.779 [FXGL Background Thread 3 ] DEBUG Engine               - isPreserveResizeRatio: false
05:07:57.779 [FXGL Background Thread 3 ] DEBUG Engine               - isProfilingEnabled: false
05:07:57.779 [FXGL Background Thread 3 ] DEBUG Engine               - isScaleAffectedOnResize: true
05:07:57.779 [FXGL Background Thread 3 ] DEBUG Engine               - isSingleStep: false
05:07:57.779 [FXGL Background Thread 3 ] DEBUG Engine               - isUserProfileEnabled: false
05:07:57.779 [FXGL Background Thread 3 ] DEBUG Engine               - isWindows: true
05:07:57.779 [FXGL Background Thread 3 ] DEBUG Engine               - language: ObjectProperty [value: ENGLISH]
05:07:57.779 [FXGL Background Thread 3 ] DEBUG Engine               - menuKey: ESCAPE
05:07:57.779 [FXGL Background Thread 3 ] DEBUG Engine               - mouseSensitivity: 0.2
05:07:57.779 [FXGL Background Thread 3 ] DEBUG Engine               - notificationViewClass: class com.almasb.fxgl.notification.view.XboxNotificationView
05:07:57.779 [FXGL Background Thread 3 ] DEBUG Engine               - pixelsPerMeter: 50.0
05:07:57.780 [FXGL Background Thread 3 ] DEBUG Engine               - platform: WINDOWS
05:07:57.780 [FXGL Background Thread 3 ] DEBUG Engine               - prefHeightProperty: ReadOnlyDoubleProperty [value: 800.0]
05:07:57.780 [FXGL Background Thread 3 ] DEBUG Engine               - prefWidthProperty: ReadOnlyDoubleProperty [value: 800.0]
05:07:57.780 [FXGL Background Thread 3 ] DEBUG Engine               - profileDir: profiles/
05:07:57.780 [FXGL Background Thread 3 ] DEBUG Engine               - profileName: StringProperty [value: DEFAULT]
05:07:57.780 [FXGL Background Thread 3 ] DEBUG Engine               - randomSeed: -1
05:07:57.781 [FXGL Background Thread 3 ] DEBUG Engine               - runtimeInfo: RuntimeInfo(platform=WINDOWS, version=21.1, build=27.03.2024 07.52)
05:07:57.781 [FXGL Background Thread 3 ] DEBUG Engine               - saveFileExt: sav
05:07:57.781 [FXGL Background Thread 3 ] DEBUG Engine               - scaledHeightProp$fxgl: DoubleProperty [bound, value: 768.0]
05:07:57.781 [FXGL Background Thread 3 ] DEBUG Engine               - scaledWidthProp$fxgl: DoubleProperty [bound, value: 743.0]
05:07:57.781 [FXGL Background Thread 3 ] DEBUG Engine               - sceneFactory: com.lab.App$1@218f1e93
05:07:57.781 [FXGL Background Thread 3 ] DEBUG Engine               - secondsIn24h: 60
05:07:57.781 [FXGL Background Thread 3 ] DEBUG Engine               - soundMenuBack: menu/back.wav
05:07:57.781 [FXGL Background Thread 3 ] DEBUG Engine               - soundMenuPress: menu/press.wav
05:07:57.781 [FXGL Background Thread 3 ] DEBUG Engine               - soundMenuSelect: menu/select.wav
05:07:57.781 [FXGL Background Thread 3 ] DEBUG Engine               - soundNotification: core/notification.wav
05:07:57.781 [FXGL Background Thread 3 ] DEBUG Engine               - stageStyle: DECORATED
05:07:57.782 [FXGL Background Thread 3 ] DEBUG Engine               - supportedLanguages: [ENGLISH, FRENCH, GERMAN, HUNGARIAN, RUSSIAN]
05:07:57.782 [FXGL Background Thread 3 ] DEBUG Engine               - ticksPerSecond: -1
05:07:57.782 [FXGL Background Thread 3 ] DEBUG Engine               - title: Gonvival
05:07:57.782 [FXGL Background Thread 3 ] DEBUG Engine               - urlGithub: https://github.com/AlmasB/FXGL
05:07:57.782 [FXGL Background Thread 3 ] DEBUG Engine               - urlLeaderboard: http://fxgl-top.herokuapp.com/
05:07:57.782 [FXGL Background Thread 3 ] DEBUG Engine               - urlPOM: https://raw.githubusercontent.com/AlmasB/FXGL/release/README.md
05:07:57.782 [FXGL Background Thread 3 ] DEBUG Engine               - userAppClass: class com.lab.App
05:07:57.782 [FXGL Background Thread 3 ] DEBUG Engine               - version: beta
05:07:57.782 [FXGL Background Thread 3 ] DEBUG Engine               - versionCheckDays: 7
05:07:57.782 [FXGL Background Thread 3 ] DEBUG Engine               - width: 800
05:07:57.782 [FXGL Background Thread 3 ] DEBUG Engine               - Logging services
05:07:57.782 [FXGL Background Thread 3 ] DEBUG Engine               - class com.almasb.fxgl.app.services.FXGLAssetLoaderService
05:07:57.782 [FXGL Background Thread 3 ] DEBUG Engine               - class com.almasb.fxgl.app.FXGLApplication$GameApplicationService
05:07:57.783 [FXGL Background Thread 3 ] DEBUG Engine               - class com.almasb.fxgl.app.services.FXGLDialogService
05:07:57.783 [FXGL Background Thread 3 ] DEBUG Engine               - class com.almasb.fxgl.app.services.IOTaskExecutorService
05:07:57.783 [FXGL Background Thread 3 ] DEBUG Engine               - class com.almasb.fxgl.io.FileSystemService
05:07:57.783 [FXGL Background Thread 3 ] DEBUG Engine               - class com.almasb.fxgl.localization.LocalizationService
05:07:57.783 [FXGL Background Thread 3 ] DEBUG Engine               - class com.almasb.fxgl.app.services.SystemBundleService
05:07:57.783 [FXGL Background Thread 3 ] DEBUG Engine               - class com.almasb.fxgl.profile.SaveLoadService
05:07:57.783 [FXGL Background Thread 3 ] DEBUG Engine               - class com.almasb.fxgl.ui.FXGLUIFactoryServiceProvider
05:07:57.783 [FXGL Background Thread 3 ] DEBUG Engine               - class com.almasb.fxgl.ui.FXGLDialogFactoryServiceProvider
05:07:57.783 [FXGL Background Thread 3 ] DEBUG Engine               - class com.almasb.fxgl.audio.AudioPlayer
05:07:57.783 [FXGL Background Thread 3 ] DEBUG Engine               - class com.almasb.fxgl.notification.impl.NotificationServiceProvider
05:07:57.783 [FXGL Background Thread 3 ] DEBUG Engine               - class com.almasb.fxgl.achievement.AchievementService
05:07:57.783 [FXGL Background Thread 3 ] DEBUG Engine               - class com.almasb.fxgl.cutscene.CutsceneService
05:07:57.783 [FXGL Background Thread 3 ] DEBUG Engine               - class com.almasb.fxgl.minigames.MiniGameService
05:07:57.783 [FXGL Background Thread 3 ] DEBUG Engine               - class com.almasb.fxgl.net.NetService
05:07:57.783 [FXGL Background Thread 3 ] DEBUG Engine               - class com.almasb.fxgl.app.services.UpdaterService
05:07:57.783 [FXGL Background Thread 3 ] DEBUG Engine               - class com.almasb.fxgl.dev.DevService
05:07:58.157 [JavaFX Application Thread] DEBUG PrimaryStageWindow   - Push state: DialogSubScene
05:07:58.157 [JavaFX Application Thread] DEBUG Input                - Clearing active input actions
05:07:58.159 [JavaFX Application Thread] DEBUG GameApplicationServi - Removing overlay from GameScene and adding to DialogSubScene
05:07:58.159 [JavaFX Application Thread] DEBUG PrimaryStageWindow   - GameScene -> DialogSubScene
05:07:59.181 [JavaFX Application Thread] DEBUG PrimaryStageWindow   - Pop state: DialogSubScene
05:07:59.181 [JavaFX Application Thread] DEBUG Input                - Clearing active input actions
05:07:59.182 [JavaFX Application Thread] DEBUG GameApplicationServi - Removing overlay from DialogSubScene and adding to GameScene
05:07:59.182 [JavaFX Application Thread] DEBUG PrimaryStageWindow   - GameScene <- DialogSubScene
05:08:05.988 [JavaFX Application Thread] DEBUG FXGLApplication      - Exiting FXGL
05:08:05.988 [JavaFX Application Thread] DEBUG LoopRunner           - Stopping loop
05:08:05.989 [JavaFX Application Thread] DEBUG SystemBundleService  - Saving FXGL system data
05:08:06.018 [JavaFX Application Thread] DEBUG FileSystemAccess     - Writing to: E:\Labs\Gonvival\system\fxgl.bundle
05:08:06.056 [JavaFX Application Thread] DEBUG Async                - Shutting down background threads
05:08:06.057 [JavaFX Application Thread] DEBUG PrimaryStageWindow   - Closing main window
05:08:06.094 [JavaFX Application Thread] DEBUG Logger               - Closing Logger
