06:34:41.977 [main                     ] DEBUG Logger               - Configured Logger
06:34:42.023 [main                     ] DEBUG GameApplication      - Logging settings
Title: Gonvival
Version: beta
Width: 800
Height: 800
Fullscreen: false
Intro: false
Profiling: false
Single step:false
App Mode: DEVELOPER
Menu Key: ESCAPE
Stage Style: DECORATED
Scene Factory: class com.lab.App$1

06:34:42.761 [JavaFX Application Thread] DEBUG FXGLApplication      - Initializing FXGL
06:34:42.773 [JavaFX Application Thread] INFO  Engine               - FXGL-21.1 (27.03.2024 07.52) on WINDOWS (J:21.0.5 FX:21.0.1)
06:34:42.774 [JavaFX Application Thread] DEBUG Engine               - JRE Vendor Name: Eclipse Adoptium
06:34:42.774 [JavaFX Application Thread] DEBUG Engine               - Running on OS: Windows 10 version 10.0
06:34:42.775 [JavaFX Application Thread] DEBUG Engine               - Architecture: amd64
06:34:42.775 [JavaFX Application Thread] INFO  Engine               - Source code and latest versions at: https://github.com/AlmasB/FXGL
06:34:42.775 [JavaFX Application Thread] INFO  Engine               -       Ask questions and discuss at: https://github.com/AlmasB/FXGL/discussions
06:34:42.776 [JavaFX Application Thread] INFO  Engine               -              Join the FXGL chat at: https://gitter.im/AlmasB/FXGL
06:34:43.051 [JavaFX Application Thread] DEBUG PrimaryStageWindow   - Creating a JavaFX scene
06:34:43.051 [JavaFX Application Thread] DEBUG PrimaryStageWindow   - Target size > screen size
06:34:43.181 [JavaFX Application Thread] DEBUG PrimaryStageWindow   - Target settings size: 800.0 x 800.0
06:34:43.182 [JavaFX Application Thread] DEBUG PrimaryStageWindow   - Scaled scene size:    743.0 x 768.0
06:34:43.182 [JavaFX Application Thread] DEBUG PrimaryStageWindow   - Scaled ratio: (0.92875, 0.96)
06:34:43.186 [JavaFX Application Thread] DEBUG PrimaryStageWindow   - Set initial scene to FXGLStartupScene
06:34:43.193 [JavaFX Application Thread] DEBUG PrimaryStageWindow   - Opening main window
06:34:43.370 [JavaFX Application Thread] DEBUG PrimaryStageWindow   - Window border size: (16.0, 39.0)
06:34:43.371 [JavaFX Application Thread] DEBUG PrimaryStageWindow   - Scaled size: 743.0 x 768.0
06:34:43.371 [JavaFX Application Thread] DEBUG PrimaryStageWindow   - Scaled ratio: (0.92875, 0.96)
06:34:43.372 [JavaFX Application Thread] DEBUG PrimaryStageWindow   - Scene size: 743.0 x 768.0
06:34:43.372 [JavaFX Application Thread] DEBUG PrimaryStageWindow   - Stage size: 759.0 x 807.0
06:34:43.407 [FXGL Background Thread 1 ] DEBUG Engine               - Initializing environment variables
06:34:43.559 [FXGL Background Thread 1 ] DEBUG FXGLAssetLoaderServi - User app class for loading assets: class com.lab.App
06:34:43.560 [FXGL Background Thread 1 ] DEBUG GameApplicationServi - Applying CSS: fxgl_dark.css
06:34:43.561 [FXGL Background Thread 1 ] DEBUG FXGLAssetLoaderServi - Loading from file system: jar:file:/C:/Users/Khana/.m2/repository/com/github/almasb/fxgl/21.1/fxgl-21.1.jar!/fxglassets/ui/css/fxgl_dark.css
06:34:43.689 [FXGL Background Thread 1 ] DEBUG GameApplicationServi - Initializing application scenes
06:34:43.942 [FXGL Background Thread 1 ] DEBUG GameWorld            - Game world initialized
06:34:44.079 [FXGL Background Thread 1 ] DEBUG PhysicsWorld         - Physics world initialized: appHeight=800, physics.ppm=50.0
06:34:44.079 [FXGL Background Thread 1 ] DEBUG PhysicsWorld         - Using strategy: BRUTE_FORCE
06:34:44.086 [FXGL Background Thread 1 ] DEBUG GameScene            - Game scene initialized: 800x800
06:34:44.090 [FXGL Background Thread 1 ] WARN  FXGLAssetLoaderServi - Asset "/assets/music/menu_music.mp3" was not found!
06:34:44.091 [FXGL Background Thread 1 ] WARN  FXGLAssetLoaderServi - Failed to load MUSIC
06:34:44.094 [FXGL Background Thread 1 ] DEBUG AudioPlayer          - Playing music com.almasb.fxgl.audio.Music@529c150a
06:34:44.172 [FXGL Background Thread 1 ] DEBUG FXGL.DefaultMenu     - createMenuBodyGameMenu()
06:34:44.204 [FXGL Background Thread 1 ] DEBUG FXGL.DefaultMenu     - createOptionsMenu()
06:34:44.222 [FXGL Background Thread 1 ] DEBUG FXGLAssetLoaderServi - Loading from file system: jar:file:/C:/Users/Khana/.m2/repository/com/github/almasb/fxgl/21.1/fxgl-21.1.jar!/fxglassets/textures/particles/smoke.png
06:34:44.432 [FXGL Background Thread 1 ] DEBUG FXGLAssetLoaderServi - Loading from file system: jar:file:/C:/Users/Khana/.m2/repository/com/github/almasb/fxgl/21.1/fxgl-21.1.jar!/fxglassets/textures/particles/trace_horizontal.png
06:34:44.496 [FXGL Background Thread 1 ] DEBUG GameApplicationServi - Application scenes initialized
06:34:44.530 [FXGL Background Thread 1 ] DEBUG SystemBundleService  - Loading FXGL system data
06:34:44.542 [FXGL Background Thread 1 ] DEBUG FileSystemAccess     - Reading from: E:\Labs\Gonvival\system\fxgl.bundle
06:34:44.564 [FXGL Background Thread 1 ] DEBUG SystemBundleService  - Bundle FXGL: {}
06:34:44.565 [FXGL Background Thread 1 ] DEBUG UpdaterService       - Checking for updates
06:34:44.575 [FXGL Background Thread 1 ] DEBUG FXGLApplication      - Loading default localization
06:34:44.577 [FXGL Background Thread 1 ] DEBUG FXGLAssetLoaderServi - Loading from file system: jar:file:/C:/Users/Khana/.m2/repository/com/github/almasb/fxgl/21.1/fxgl-21.1.jar!/fxglassets/languages/english.lang
06:34:44.612 [FXGL Background Thread 1 ] INFO  FXGLApplication      - FXGL initialization took: 1.204 sec
06:34:44.615 [JavaFX Application Thread] DEBUG FXGLAssetLoaderServi - Loading from file system: jar:file:/C:/Users/Khana/.m2/repository/com/github/almasb/fxgl/21.1/fxgl-21.1.jar!/fxglassets/textures/fxgl_icon.png
06:34:44.613 [FXGL Background Thread 4 ] DEBUG FXGLApplication      - Loading fonts
06:34:44.638 [FXGL Background Thread 4 ] DEBUG FXGLAssetLoaderServi - Loading from file system: jar:file:/C:/Users/Khana/.m2/repository/com/github/almasb/fxgl/21.1/fxgl-21.1.jar!/fxglassets/ui/fonts/VarelaRound-Regular.ttf
06:34:44.710 [JavaFX Application Thread] DEBUG FXGLAssetLoaderServi - Loading from file system: jar:file:/C:/Users/Khana/.m2/repository/com/github/almasb/fxgl/21.1/fxgl-21.1.jar!/fxglassets/textures/fxgl_default_cursor.png
06:34:44.721 [FXGL Background Thread 4 ] DEBUG FXGLAssetLoaderServi - Loading from file system: jar:file:/C:/Users/Khana/.m2/repository/com/github/almasb/fxgl/21.1/fxgl-21.1.jar!/fxglassets/ui/fonts/Abel-Regular.ttf
06:34:44.727 [FXGL Background Thread 4 ] DEBUG FXGLAssetLoaderServi - Loading from file system: jar:file:/C:/Users/Khana/.m2/repository/com/github/almasb/fxgl/21.1/fxgl-21.1.jar!/fxglassets/ui/fonts/TerminalLandMono-Regular.otf
06:34:44.734 [JavaFX Application Thread] DEBUG Input                - Registered new binding: Screenshot - CTRL+8
06:34:44.735 [JavaFX Application Thread] DEBUG Input                - Registered new binding: System info dump - CTRL+9
06:34:44.736 [JavaFX Application Thread] DEBUG Input                - Registered new binding: Restart - CTRL+R
06:34:44.738 [JavaFX Application Thread] DEBUG Input                - Registered new binding: Toggle Debug Camera - CTRL+7
06:34:44.739 [FXGL Background Thread 4 ] DEBUG FXGLAssetLoaderServi - Loading from file system: jar:file:/C:/Users/Khana/.m2/repository/com/github/almasb/fxgl/21.1/fxgl-21.1.jar!/fxglassets/ui/fonts/Courier-Prime.ttf
06:34:44.744 [JavaFX Application Thread] DEBUG LoopRunner           - Starting loop
06:34:44.744 [JavaFX Application Thread] DEBUG LoopRunner           - Initializing JavaFX AnimationTimerLoop
06:34:44.749 [JavaFX Application Thread] DEBUG Input                - Clearing active input actions
06:34:44.764 [JavaFX Application Thread] DEBUG GameApplicationServi - Removing overlay from FXGLStartupScene and adding to FXGLMainMenuDummyScene
06:34:44.765 [JavaFX Application Thread] DEBUG PrimaryStageWindow   - FXGLStartupScene -> FXGLMainMenuDummyScene
06:34:44.765 [JavaFX Application Thread] DEBUG PrimaryStageWindow   - Push state: StartScreen
06:34:44.771 [JavaFX Application Thread] DEBUG Input                - Clearing active input actions
06:34:44.789 [JavaFX Application Thread] DEBUG GameApplicationServi - Removing overlay from FXGLMainMenuDummyScene and adding to StartScreen
06:34:44.791 [JavaFX Application Thread] DEBUG PrimaryStageWindow   - FXGLMainMenuDummyScene -> StartScreen
06:34:44.926 [JavaFX Application Thread] DEBUG FXGLApplication      - Registering font factories with UI factory
06:34:46.469 [JavaFX Application Thread] DEBUG AudioPlayer          - Stopping music com.almasb.fxgl.audio.Music@529c150a
06:34:46.469 [JavaFX Application Thread] DEBUG Menu                 - fireNewGame()
06:34:46.469 [JavaFX Application Thread] DEBUG GameApplicationServi - Starting new game
06:34:46.469 [JavaFX Application Thread] DEBUG PrimaryStageWindow   - Pop state: StartScreen
06:34:46.469 [JavaFX Application Thread] DEBUG Input                - Clearing active input actions
06:34:46.471 [JavaFX Application Thread] DEBUG GameApplicationServi - Removing overlay from StartScreen and adding to FXGLMainMenuDummyScene
06:34:46.471 [JavaFX Application Thread] DEBUG PrimaryStageWindow   - FXGLMainMenuDummyScene <- StartScreen
06:34:46.472 [JavaFX Application Thread] DEBUG Input                - Clearing active input actions
06:34:46.489 [JavaFX Application Thread] DEBUG GameApplicationServi - Removing overlay from FXGLMainMenuDummyScene and adding to FXGLLoadingScene
06:34:46.490 [JavaFX Application Thread] DEBUG PrimaryStageWindow   - FXGLMainMenuDummyScene -> FXGLLoadingScene
06:34:46.490 [JavaFX Application Thread] DEBUG GameApplicationServi - Clearing previous game
06:34:46.490 [JavaFX Application Thread] DEBUG GameScene            - Clearing game scene
06:34:46.490 [JavaFX Application Thread] DEBUG GameWorld            - Clearing game world
06:34:46.490 [JavaFX Application Thread] DEBUG PhysicsWorld         - Clearing physics world
06:34:46.493 [FXGL Background Thread 2 ] DEBUG FXGLApplication      - Initializing game
06:34:46.503 [FXGL Background Thread 2 ] DEBUG FXGLAssetLoaderServi - Loading from file system: file:/E:/Labs/Gonvival/game/target/classes/assets/textures/map.png
06:34:46.612 [FXGL Background Thread 2 ] WARN  FXGLAssetLoaderServi - Asset "/assets/music/menu_music.mp3" was not found!
06:34:46.615 [FXGL Background Thread 2 ] WARN  FXGLAssetLoaderServi - Failed to load MUSIC
06:34:46.616 [FXGL Background Thread 2 ] DEBUG AudioPlayer          - Playing music com.almasb.fxgl.audio.Music@315455a2
06:34:46.657 [FXGL Background Thread 2 ] DEBUG FXGLAssetLoaderServi - Loading from file system: file:/E:/Labs/Gonvival/game/target/classes/assets/textures/idle_down.png
06:34:46.661 [FXGL Background Thread 2 ] DEBUG FXGLAssetLoaderServi - Loading from file system: file:/E:/Labs/Gonvival/game/target/classes/assets/textures/idle_up.png
06:34:46.663 [FXGL Background Thread 2 ] DEBUG FXGLAssetLoaderServi - Loading from file system: file:/E:/Labs/Gonvival/game/target/classes/assets/textures/idle_left_down.png
06:34:46.666 [FXGL Background Thread 2 ] DEBUG FXGLAssetLoaderServi - Loading from file system: file:/E:/Labs/Gonvival/game/target/classes/assets/textures/idle_left_up.png
06:34:46.669 [FXGL Background Thread 2 ] DEBUG FXGLAssetLoaderServi - Loading from file system: file:/E:/Labs/Gonvival/game/target/classes/assets/textures/idle_right_down.png
06:34:46.672 [FXGL Background Thread 2 ] DEBUG FXGLAssetLoaderServi - Loading from file system: file:/E:/Labs/Gonvival/game/target/classes/assets/textures/idle_right_up.png
06:34:46.677 [FXGL Background Thread 2 ] DEBUG FXGLAssetLoaderServi - Loading from file system: file:/E:/Labs/Gonvival/game/target/classes/assets/textures/walk_left_down.png
06:34:46.680 [FXGL Background Thread 2 ] DEBUG FXGLAssetLoaderServi - Loading from file system: file:/E:/Labs/Gonvival/game/target/classes/assets/textures/walk_right_down.png
06:34:46.684 [FXGL Background Thread 2 ] DEBUG FXGLAssetLoaderServi - Loading from file system: file:/E:/Labs/Gonvival/game/target/classes/assets/textures/walk_up.png
06:34:46.687 [FXGL Background Thread 2 ] DEBUG FXGLAssetLoaderServi - Loading from file system: file:/E:/Labs/Gonvival/game/target/classes/assets/textures/walk_down.png
06:34:46.708 [FXGL Background Thread 2 ] DEBUG FXGLAssetLoaderServi - Loading from file system: file:/E:/Labs/Gonvival/game/target/classes/assets/textures/walk_left_up.png
06:34:46.711 [FXGL Background Thread 2 ] DEBUG FXGLAssetLoaderServi - Loading from file system: file:/E:/Labs/Gonvival/game/target/classes/assets/textures/walk_right_up.png
06:34:46.745 [FXGL Background Thread 2 ] INFO  FXGLApplication      - Game initialization took: 0.252 sec
06:34:46.829 [JavaFX Application Thread] DEBUG Input                - Clearing active input actions
06:34:46.844 [JavaFX Application Thread] DEBUG GameApplicationServi - Removing overlay from FXGLLoadingScene and adding to GameScene
06:34:46.844 [JavaFX Application Thread] DEBUG PrimaryStageWindow   - FXGLLoadingScene -> GameScene
06:34:46.929 [JavaFX Application Thread] DEBUG Input                - Registered new binding: SHOOT - LMB
06:34:46.929 [JavaFX Application Thread] DEBUG Input                - Registered new binding: MOVE LEFT - A
06:34:46.930 [JavaFX Application Thread] DEBUG Input                - Registered new binding: MOVE RIGHT - D
06:34:46.930 [JavaFX Application Thread] DEBUG Input                - Registered new binding: MOVE UP - W
06:34:46.930 [JavaFX Application Thread] DEBUG Input                - Registered new binding: MOVE DOWN - S
06:34:47.522 [JavaFX Application Thread] DEBUG FXGLAssetLoaderServi - Loading from file system: file:/E:/Labs/Gonvival/game/target/classes/assets/textures/evil.png
06:34:47.573 [FXGL Background Thread 3 ] DEBUG Engine               - Logging environment variables
06:34:47.573 [FXGL Background Thread 3 ] DEBUG Engine               - achievements: []
06:34:47.574 [FXGL Background Thread 3 ] DEBUG Engine               - actualHeight: 768.0
06:34:47.574 [FXGL Background Thread 3 ] DEBUG Engine               - actualHeightProperty: ReadOnlyDoubleProperty [value: 768.0]
06:34:47.574 [FXGL Background Thread 3 ] DEBUG Engine               - actualWidth: 743.0
06:34:47.574 [FXGL Background Thread 3 ] DEBUG Engine               - actualWidthProperty: ReadOnlyDoubleProperty [value: 743.0]
06:34:47.574 [FXGL Background Thread 3 ] DEBUG Engine               - appIcon: fxgl_icon.png
06:34:47.574 [FXGL Background Thread 3 ] DEBUG Engine               - applicationMode: DEVELOPER
06:34:47.574 [FXGL Background Thread 3 ] DEBUG Engine               - cSSList: [fxgl_dark.css]
06:34:47.574 [FXGL Background Thread 3 ] DEBUG Engine               - collisionDetectionStrategy: BRUTE_FORCE
06:34:47.574 [FXGL Background Thread 3 ] DEBUG Engine               - configClass: Optional.empty
06:34:47.574 [FXGL Background Thread 3 ] DEBUG Engine               - credits: []
06:34:47.575 [FXGL Background Thread 3 ] DEBUG Engine               - defaultCursor: CursorInfo(imageName=fxgl_default_cursor.png, hotspotX=7.0, hotspotY=6.0)
06:34:47.575 [FXGL Background Thread 3 ] DEBUG Engine               - devBBoxColorProperty: ObjectProperty [value: 0xff0000ff]
06:34:47.575 [FXGL Background Thread 3 ] DEBUG Engine               - devEnableDebugCameraProperty: BooleanProperty [value: false]
06:34:47.575 [FXGL Background Thread 3 ] DEBUG Engine               - devSensorColorProperty: ObjectProperty [value: 0xffff00ff]
06:34:47.576 [FXGL Background Thread 3 ] DEBUG Engine               - devShowBBoxProperty: BooleanProperty [value: false]
06:34:47.576 [FXGL Background Thread 3 ] DEBUG Engine               - devShowPositionProperty: BooleanProperty [value: false]
06:34:47.576 [FXGL Background Thread 3 ] DEBUG Engine               - enabledMenuItems: []
06:34:47.576 [FXGL Background Thread 3 ] DEBUG Engine               - engineServices: [class com.almasb.fxgl.app.services.FXGLAssetLoaderService, class com.almasb.fxgl.app.FXGLApplication$GameApplicationService, class com.almasb.fxgl.app.services.FXGLDialogService, class com.almasb.fxgl.app.services.IOTaskExecutorService, class com.almasb.fxgl.io.FileSystemService, class com.almasb.fxgl.localization.LocalizationService, class com.almasb.fxgl.app.services.SystemBundleService, class com.almasb.fxgl.profile.SaveLoadService, class com.almasb.fxgl.ui.FXGLUIFactoryServiceProvider, class com.almasb.fxgl.ui.FXGLDialogFactoryServiceProvider, class com.almasb.fxgl.audio.AudioPlayer, class com.almasb.fxgl.notification.impl.NotificationServiceProvider, class com.almasb.fxgl.achievement.AchievementService, class com.almasb.fxgl.cutscene.CutsceneService, class com.almasb.fxgl.minigames.MiniGameService, class com.almasb.fxgl.net.NetService, class com.almasb.fxgl.app.services.UpdaterService, class com.almasb.fxgl.dev.DevService]
06:34:47.576 [FXGL Background Thread 3 ] DEBUG Engine               - fontGame: Abel-Regular.ttf
06:34:47.576 [FXGL Background Thread 3 ] DEBUG Engine               - fontMono: TerminalLandMono-Regular.otf
06:34:47.576 [FXGL Background Thread 3 ] DEBUG Engine               - fontSizeScaleUI: 1.0
06:34:47.576 [FXGL Background Thread 3 ] DEBUG Engine               - fontText: Courier-Prime.ttf
06:34:47.576 [FXGL Background Thread 3 ] DEBUG Engine               - fontUI: VarelaRound-Regular.ttf
06:34:47.576 [FXGL Background Thread 3 ] DEBUG Engine               - fullScreen: BooleanProperty [value: false]
06:34:47.577 [FXGL Background Thread 3 ] DEBUG Engine               - gameDifficulty: MEDIUM
06:34:47.577 [FXGL Background Thread 3 ] DEBUG Engine               - gameDifficultyProperty: ObjectProperty [value: MEDIUM]
06:34:47.577 [FXGL Background Thread 3 ] DEBUG Engine               - globalMusicVolume: 0.5
06:34:47.577 [FXGL Background Thread 3 ] DEBUG Engine               - globalMusicVolumeProperty: DoubleProperty [value: 1.0]
06:34:47.577 [FXGL Background Thread 3 ] DEBUG Engine               - globalSoundVolume: 0.5
06:34:47.577 [FXGL Background Thread 3 ] DEBUG Engine               - globalSoundVolumeProperty: DoubleProperty [value: 0.5]
06:34:47.577 [FXGL Background Thread 3 ] DEBUG Engine               - height: 800
06:34:47.577 [FXGL Background Thread 3 ] DEBUG Engine               - is3D: false
06:34:47.577 [FXGL Background Thread 3 ] DEBUG Engine               - isAndroid: false
06:34:47.577 [FXGL Background Thread 3 ] DEBUG Engine               - isBrowser: false
06:34:47.577 [FXGL Background Thread 3 ] DEBUG Engine               - isClickFeedbackEnabled: false
06:34:47.578 [FXGL Background Thread 3 ] DEBUG Engine               - isCloseConfirmation: false
06:34:47.578 [FXGL Background Thread 3 ] DEBUG Engine               - isDesktop: true
06:34:47.578 [FXGL Background Thread 3 ] DEBUG Engine               - isDeveloperMenuEnabled: false
06:34:47.578 [FXGL Background Thread 3 ] DEBUG Engine               - isEmbedded: false
06:34:47.578 [FXGL Background Thread 3 ] DEBUG Engine               - isEntityPreloadEnabled: true
06:34:47.578 [FXGL Background Thread 3 ] DEBUG Engine               - isExperimentalTiledLargeMap: false
06:34:47.578 [FXGL Background Thread 3 ] DEBUG Engine               - isFileSystemWriteAllowed: true
06:34:47.578 [FXGL Background Thread 3 ] DEBUG Engine               - isFullScreenAllowed: false
06:34:47.578 [FXGL Background Thread 3 ] DEBUG Engine               - isFullScreenFromStart: false
06:34:47.578 [FXGL Background Thread 3 ] DEBUG Engine               - isGameMenuEnabled: true
06:34:47.578 [FXGL Background Thread 3 ] DEBUG Engine               - isIOS: false
06:34:47.578 [FXGL Background Thread 3 ] DEBUG Engine               - isIntroEnabled: false
06:34:47.578 [FXGL Background Thread 3 ] DEBUG Engine               - isLinux: false
06:34:47.578 [FXGL Background Thread 3 ] DEBUG Engine               - isMac: false
06:34:47.578 [FXGL Background Thread 3 ] DEBUG Engine               - isMainMenuEnabled: true
06:34:47.579 [FXGL Background Thread 3 ] DEBUG Engine               - isManualResizeEnabled: false
06:34:47.579 [FXGL Background Thread 3 ] DEBUG Engine               - isMobile: false
06:34:47.579 [FXGL Background Thread 3 ] DEBUG Engine               - isNative: false
06:34:47.579 [FXGL Background Thread 3 ] DEBUG Engine               - isPauseMusicWhenMinimized: true
06:34:47.579 [FXGL Background Thread 3 ] DEBUG Engine               - isPreserveResizeRatio: false
06:34:47.579 [FXGL Background Thread 3 ] DEBUG Engine               - isProfilingEnabled: false
06:34:47.579 [FXGL Background Thread 3 ] DEBUG Engine               - isScaleAffectedOnResize: true
06:34:47.579 [FXGL Background Thread 3 ] DEBUG Engine               - isSingleStep: false
06:34:47.579 [FXGL Background Thread 3 ] DEBUG Engine               - isUserProfileEnabled: false
06:34:47.579 [FXGL Background Thread 3 ] DEBUG Engine               - isWindows: true
06:34:47.579 [FXGL Background Thread 3 ] DEBUG Engine               - language: ObjectProperty [value: ENGLISH]
06:34:47.579 [FXGL Background Thread 3 ] DEBUG Engine               - menuKey: ESCAPE
06:34:47.579 [FXGL Background Thread 3 ] DEBUG Engine               - mouseSensitivity: 0.2
06:34:47.579 [FXGL Background Thread 3 ] DEBUG Engine               - notificationViewClass: class com.almasb.fxgl.notification.view.XboxNotificationView
06:34:47.580 [FXGL Background Thread 3 ] DEBUG Engine               - pixelsPerMeter: 50.0
06:34:47.580 [FXGL Background Thread 3 ] DEBUG Engine               - platform: WINDOWS
06:34:47.580 [FXGL Background Thread 3 ] DEBUG Engine               - prefHeightProperty: ReadOnlyDoubleProperty [value: 800.0]
06:34:47.580 [FXGL Background Thread 3 ] DEBUG Engine               - prefWidthProperty: ReadOnlyDoubleProperty [value: 800.0]
06:34:47.580 [FXGL Background Thread 3 ] DEBUG Engine               - profileDir: profiles/
06:34:47.580 [FXGL Background Thread 3 ] DEBUG Engine               - profileName: StringProperty [value: DEFAULT]
06:34:47.580 [FXGL Background Thread 3 ] DEBUG Engine               - randomSeed: -1
06:34:47.581 [FXGL Background Thread 3 ] DEBUG Engine               - runtimeInfo: RuntimeInfo(platform=WINDOWS, version=21.1, build=27.03.2024 07.52)
06:34:47.581 [FXGL Background Thread 3 ] DEBUG Engine               - saveFileExt: sav
06:34:47.581 [FXGL Background Thread 3 ] DEBUG Engine               - scaledHeightProp$fxgl: DoubleProperty [bound, value: 768.0]
06:34:47.581 [FXGL Background Thread 3 ] DEBUG Engine               - scaledWidthProp$fxgl: DoubleProperty [bound, value: 743.0]
06:34:47.581 [FXGL Background Thread 3 ] DEBUG Engine               - sceneFactory: com.lab.App$1@48757141
06:34:47.584 [FXGL Background Thread 3 ] DEBUG Engine               - secondsIn24h: 60
06:34:47.584 [FXGL Background Thread 3 ] DEBUG Engine               - soundMenuBack: menu/back.wav
06:34:47.585 [FXGL Background Thread 3 ] DEBUG Engine               - soundMenuPress: menu/press.wav
06:34:47.585 [FXGL Background Thread 3 ] DEBUG Engine               - soundMenuSelect: menu/select.wav
06:34:47.585 [FXGL Background Thread 3 ] DEBUG Engine               - soundNotification: core/notification.wav
06:34:47.586 [FXGL Background Thread 3 ] DEBUG Engine               - stageStyle: DECORATED
06:34:47.586 [FXGL Background Thread 3 ] DEBUG Engine               - supportedLanguages: [ENGLISH, FRENCH, GERMAN, HUNGARIAN, RUSSIAN]
06:34:47.586 [FXGL Background Thread 3 ] DEBUG Engine               - ticksPerSecond: -1
06:34:47.587 [FXGL Background Thread 3 ] DEBUG Engine               - title: Gonvival
06:34:47.587 [FXGL Background Thread 3 ] DEBUG Engine               - urlGithub: https://github.com/AlmasB/FXGL
06:34:47.587 [FXGL Background Thread 3 ] DEBUG Engine               - urlLeaderboard: http://fxgl-top.herokuapp.com/
06:34:47.587 [FXGL Background Thread 3 ] DEBUG Engine               - urlPOM: https://raw.githubusercontent.com/AlmasB/FXGL/release/README.md
06:34:47.587 [FXGL Background Thread 3 ] DEBUG Engine               - userAppClass: class com.lab.App
06:34:47.587 [FXGL Background Thread 3 ] DEBUG Engine               - version: beta
06:34:47.587 [FXGL Background Thread 3 ] DEBUG Engine               - versionCheckDays: 7
06:34:47.588 [FXGL Background Thread 3 ] DEBUG Engine               - width: 800
06:34:47.588 [FXGL Background Thread 3 ] DEBUG Engine               - Logging services
06:34:47.588 [FXGL Background Thread 3 ] DEBUG Engine               - class com.almasb.fxgl.app.services.FXGLAssetLoaderService
06:34:47.588 [FXGL Background Thread 3 ] DEBUG Engine               - class com.almasb.fxgl.app.FXGLApplication$GameApplicationService
06:34:47.588 [FXGL Background Thread 3 ] DEBUG Engine               - class com.almasb.fxgl.app.services.FXGLDialogService
06:34:47.588 [FXGL Background Thread 3 ] DEBUG Engine               - class com.almasb.fxgl.app.services.IOTaskExecutorService
06:34:47.588 [FXGL Background Thread 3 ] DEBUG Engine               - class com.almasb.fxgl.io.FileSystemService
06:34:47.588 [FXGL Background Thread 3 ] DEBUG Engine               - class com.almasb.fxgl.localization.LocalizationService
06:34:47.588 [FXGL Background Thread 3 ] DEBUG Engine               - class com.almasb.fxgl.app.services.SystemBundleService
06:34:47.588 [FXGL Background Thread 3 ] DEBUG Engine               - class com.almasb.fxgl.profile.SaveLoadService
06:34:47.588 [FXGL Background Thread 3 ] DEBUG Engine               - class com.almasb.fxgl.ui.FXGLUIFactoryServiceProvider
06:34:47.588 [FXGL Background Thread 3 ] DEBUG Engine               - class com.almasb.fxgl.ui.FXGLDialogFactoryServiceProvider
06:34:47.588 [FXGL Background Thread 3 ] DEBUG Engine               - class com.almasb.fxgl.audio.AudioPlayer
06:34:47.588 [FXGL Background Thread 3 ] DEBUG Engine               - class com.almasb.fxgl.notification.impl.NotificationServiceProvider
06:34:47.588 [FXGL Background Thread 3 ] DEBUG Engine               - class com.almasb.fxgl.achievement.AchievementService
06:34:47.588 [FXGL Background Thread 3 ] DEBUG Engine               - class com.almasb.fxgl.cutscene.CutsceneService
06:34:47.588 [FXGL Background Thread 3 ] DEBUG Engine               - class com.almasb.fxgl.minigames.MiniGameService
06:34:47.589 [FXGL Background Thread 3 ] DEBUG Engine               - class com.almasb.fxgl.net.NetService
06:34:47.589 [FXGL Background Thread 3 ] DEBUG Engine               - class com.almasb.fxgl.app.services.UpdaterService
06:34:47.589 [FXGL Background Thread 3 ] DEBUG Engine               - class com.almasb.fxgl.dev.DevService
06:34:48.310 [JavaFX Application Thread] DEBUG PrimaryStageWindow   - Push state: DialogSubScene
06:34:48.310 [JavaFX Application Thread] DEBUG Input                - Clearing active input actions
06:34:48.311 [JavaFX Application Thread] DEBUG GameApplicationServi - Removing overlay from GameScene and adding to DialogSubScene
06:34:48.311 [JavaFX Application Thread] DEBUG PrimaryStageWindow   - GameScene -> DialogSubScene
06:34:50.021 [JavaFX Application Thread] DEBUG PrimaryStageWindow   - Pop state: DialogSubScene
06:34:50.021 [JavaFX Application Thread] DEBUG Input                - Clearing active input actions
06:34:50.022 [JavaFX Application Thread] DEBUG GameApplicationServi - Removing overlay from DialogSubScene and adding to GameScene
06:34:50.022 [JavaFX Application Thread] DEBUG PrimaryStageWindow   - GameScene <- DialogSubScene
06:34:53.293 [JavaFX Application Thread] DEBUG FXGLApplication      - Exiting FXGL
06:34:53.293 [JavaFX Application Thread] DEBUG LoopRunner           - Stopping loop
06:34:53.293 [JavaFX Application Thread] DEBUG SystemBundleService  - Saving FXGL system data
06:34:53.295 [JavaFX Application Thread] DEBUG FileSystemAccess     - Writing to: E:\Labs\Gonvival\system\fxgl.bundle
06:34:53.299 [JavaFX Application Thread] DEBUG Async                - Shutting down background threads
06:34:53.299 [JavaFX Application Thread] DEBUG PrimaryStageWindow   - Closing main window
06:34:53.335 [JavaFX Application Thread] DEBUG Logger               - Closing Logger
