09:05:31.065 [main                     ] DEBUG Logger               - Configured Logger
09:05:31.086 [main                     ] DEBUG GameApplication      - Logging settings
Title: Gonvival
Version: beta
Width: 800
Height: 800
Fullscreen: false
Intro: false
Profiling: false
Single step:false
App Mode: DEVELOPER
Menu Key: ESCAPE
Stage Style: DECORATED
Scene Factory: class com.almasb.fxgl.app.scene.SceneFactory

09:05:32.152 [JavaFX Application Thread] DEBUG FXGLApplication      - Initializing FXGL
09:05:32.156 [JavaFX Application Thread] INFO  Engine               - FXGL-21.1 (27.03.2024 07.52) on WINDOWS (J:21.0.5 FX:21.0.1)
09:05:32.156 [JavaFX Application Thread] DEBUG Engine               - JRE Vendor Name: Eclipse Adoptium
09:05:32.157 [JavaFX Application Thread] DEBUG Engine               - Running on OS: Windows 11 version 10.0
09:05:32.157 [JavaFX Application Thread] DEBUG Engine               - Architecture: amd64
09:05:32.157 [JavaFX Application Thread] INFO  Engine               - Source code and latest versions at: https://github.com/AlmasB/FXGL
09:05:32.157 [JavaFX Application Thread] INFO  Engine               -       Ask questions and discuss at: https://github.com/AlmasB/FXGL/discussions
09:05:32.158 [JavaFX Application Thread] INFO  Engine               -              Join the FXGL chat at: https://gitter.im/AlmasB/FXGL
09:05:32.261 [JavaFX Application Thread] DEBUG PrimaryStageWindow   - Creating a JavaFX scene
09:05:32.337 [JavaFX Application Thread] DEBUG PrimaryStageWindow   - Target settings size: 800.0 x 800.0
09:05:32.338 [JavaFX Application Thread] DEBUG PrimaryStageWindow   - Scaled scene size:    800.0 x 800.0
09:05:32.338 [JavaFX Application Thread] DEBUG PrimaryStageWindow   - Scaled ratio: (1.0, 1.0)
09:05:32.340 [JavaFX Application Thread] DEBUG PrimaryStageWindow   - Set initial scene to FXGLStartupScene
09:05:32.343 [JavaFX Application Thread] DEBUG PrimaryStageWindow   - Opening main window
09:05:32.458 [JavaFX Application Thread] DEBUG PrimaryStageWindow   - Window border size: (14.4000244140625, 37.5999755859375)
09:05:32.459 [JavaFX Application Thread] DEBUG PrimaryStageWindow   - Scaled size: 800.0 x 800.0
09:05:32.459 [JavaFX Application Thread] DEBUG PrimaryStageWindow   - Scaled ratio: (1.0, 1.0)
09:05:32.459 [JavaFX Application Thread] DEBUG PrimaryStageWindow   - Scene size: 800.0 x 800.0
09:05:32.460 [JavaFX Application Thread] DEBUG PrimaryStageWindow   - Stage size: 814.4000244140625 x 837.5999755859375
09:05:32.469 [FXGL Background Thread 1 ] DEBUG Engine               - Initializing environment variables
09:05:32.545 [FXGL Background Thread 1 ] DEBUG FXGLAssetLoaderServi - User app class for loading assets: class com.lab.App
09:05:32.545 [FXGL Background Thread 1 ] DEBUG GameApplicationServi - Applying CSS: fxgl_dark.css
09:05:32.546 [FXGL Background Thread 1 ] DEBUG FXGLAssetLoaderServi - Loading from file system: jar:file:/C:/Users/HP/.m2/repository/com/github/almasb/fxgl/21.1/fxgl-21.1.jar!/fxglassets/ui/css/fxgl_dark.css
09:05:32.597 [FXGL Background Thread 1 ] DEBUG GameApplicationServi - Initializing application scenes
09:05:32.639 [FXGL Background Thread 1 ] DEBUG GameWorld            - Game world initialized
09:05:32.710 [FXGL Background Thread 1 ] DEBUG PhysicsWorld         - Physics world initialized: appHeight=800, physics.ppm=50.0
09:05:32.710 [FXGL Background Thread 1 ] DEBUG PhysicsWorld         - Using strategy: BRUTE_FORCE
09:05:32.714 [FXGL Background Thread 1 ] DEBUG GameScene            - Game scene initialized: 800x800
09:05:32.726 [FXGL Background Thread 1 ] DEBUG FXGL.DefaultMenu     - createMenuBodyMainMenu()
09:05:32.743 [FXGL Background Thread 1 ] DEBUG FXGL.DefaultMenu     - createOptionsMenu()
09:05:32.754 [FXGL Background Thread 1 ] DEBUG FXGLAssetLoaderServi - Loading from file system: jar:file:/C:/Users/HP/.m2/repository/com/github/almasb/fxgl/21.1/fxgl-21.1.jar!/fxglassets/textures/particles/smoke.png
09:05:32.878 [FXGL Background Thread 1 ] DEBUG FXGLAssetLoaderServi - Loading from file system: jar:file:/C:/Users/HP/.m2/repository/com/github/almasb/fxgl/21.1/fxgl-21.1.jar!/fxglassets/textures/particles/trace_horizontal.png
09:05:32.903 [FXGL Background Thread 1 ] DEBUG FXGL.DefaultMenu     - createMenuBodyGameMenu()
09:05:32.904 [FXGL Background Thread 1 ] DEBUG FXGL.DefaultMenu     - createOptionsMenu()
09:05:32.917 [FXGL Background Thread 1 ] DEBUG GameApplicationServi - Application scenes initialized
09:05:32.931 [FXGL Background Thread 1 ] DEBUG SystemBundleService  - Loading FXGL system data
09:05:32.939 [FXGL Background Thread 1 ] DEBUG FileSystemAccess     - Reading from: D:\Gonvival\system\fxgl.bundle
09:05:32.953 [FXGL Background Thread 1 ] DEBUG SystemBundleService  - Bundle FXGL: {}
09:05:32.953 [FXGL Background Thread 1 ] DEBUG UpdaterService       - Checking for updates
09:05:32.960 [FXGL Background Thread 4 ] DEBUG FXGLApplication      - Loading fonts
09:05:32.960 [FXGL Background Thread 4 ] DEBUG FXGLAssetLoaderServi - Loading from file system: jar:file:/C:/Users/HP/.m2/repository/com/github/almasb/fxgl/21.1/fxgl-21.1.jar!/fxglassets/ui/fonts/VarelaRound-Regular.ttf
09:05:32.960 [FXGL Background Thread 1 ] DEBUG FXGLApplication      - Loading default localization
09:05:32.962 [FXGL Background Thread 1 ] DEBUG FXGLAssetLoaderServi - Loading from file system: jar:file:/C:/Users/HP/.m2/repository/com/github/almasb/fxgl/21.1/fxgl-21.1.jar!/fxglassets/languages/english.lang
09:05:33.060 [FXGL Background Thread 1 ] INFO  FXGLApplication      - FXGL initialization took: 0.591 sec
09:05:33.062 [JavaFX Application Thread] DEBUG FXGLAssetLoaderServi - Loading from file system: jar:file:/C:/Users/HP/.m2/repository/com/github/almasb/fxgl/21.1/fxgl-21.1.jar!/fxglassets/textures/fxgl_icon.png
09:05:33.070 [FXGL Background Thread 4 ] DEBUG FXGLAssetLoaderServi - Loading from file system: jar:file:/C:/Users/HP/.m2/repository/com/github/almasb/fxgl/21.1/fxgl-21.1.jar!/fxglassets/ui/fonts/Abel-Regular.ttf
09:05:33.078 [FXGL Background Thread 4 ] DEBUG FXGLAssetLoaderServi - Loading from file system: jar:file:/C:/Users/HP/.m2/repository/com/github/almasb/fxgl/21.1/fxgl-21.1.jar!/fxglassets/ui/fonts/TerminalLandMono-Regular.otf
09:05:33.083 [FXGL Background Thread 4 ] DEBUG FXGLAssetLoaderServi - Loading from file system: jar:file:/C:/Users/HP/.m2/repository/com/github/almasb/fxgl/21.1/fxgl-21.1.jar!/fxglassets/ui/fonts/Courier-Prime.ttf
09:05:33.098 [JavaFX Application Thread] DEBUG FXGLAssetLoaderServi - Loading from file system: jar:file:/C:/Users/HP/.m2/repository/com/github/almasb/fxgl/21.1/fxgl-21.1.jar!/fxglassets/textures/fxgl_default_cursor.png
09:05:33.120 [JavaFX Application Thread] DEBUG Input                - Registered new binding: Screenshot - CTRL+8
09:05:33.121 [JavaFX Application Thread] DEBUG Input                - Registered new binding: System info dump - CTRL+9
09:05:33.123 [JavaFX Application Thread] DEBUG Input                - Registered new binding: Restart - CTRL+R
09:05:33.124 [JavaFX Application Thread] DEBUG Input                - Registered new binding: Toggle Debug Camera - CTRL+7
09:05:33.128 [JavaFX Application Thread] DEBUG LoopRunner           - Starting loop
09:05:33.128 [JavaFX Application Thread] DEBUG LoopRunner           - Initializing JavaFX AnimationTimerLoop
09:05:33.131 [JavaFX Application Thread] DEBUG Input                - Clearing active input actions
09:05:33.138 [JavaFX Application Thread] DEBUG GameApplicationServi - Removing overlay from FXGLStartupScene and adding to FXGLMainMenuDummyScene
09:05:33.138 [JavaFX Application Thread] DEBUG PrimaryStageWindow   - FXGLStartupScene -> FXGLMainMenuDummyScene
09:05:33.138 [JavaFX Application Thread] DEBUG PrimaryStageWindow   - Push state: FXGLDefaultMenu
09:05:33.148 [JavaFX Application Thread] DEBUG Input                - Clearing active input actions
09:05:33.161 [JavaFX Application Thread] DEBUG GameApplicationServi - Removing overlay from FXGLMainMenuDummyScene and adding to FXGLDefaultMenu
09:05:33.162 [JavaFX Application Thread] DEBUG PrimaryStageWindow   - FXGLMainMenuDummyScene -> FXGLDefaultMenu
09:05:33.162 [JavaFX Application Thread] DEBUG FXGLApplication      - Registering font factories with UI factory
09:05:35.092 [JavaFX Application Thread] DEBUG Menu                 - fireNewGame()
09:05:35.092 [JavaFX Application Thread] DEBUG GameApplicationServi - Starting new game
09:05:35.095 [JavaFX Application Thread] DEBUG PrimaryStageWindow   - Pop state: FXGLDefaultMenu
09:05:35.095 [JavaFX Application Thread] DEBUG Input                - Clearing active input actions
09:05:35.096 [JavaFX Application Thread] DEBUG GameApplicationServi - Removing overlay from FXGLDefaultMenu and adding to FXGLMainMenuDummyScene
09:05:35.097 [JavaFX Application Thread] DEBUG PrimaryStageWindow   - FXGLMainMenuDummyScene <- FXGLDefaultMenu
09:05:35.097 [JavaFX Application Thread] DEBUG Input                - Clearing active input actions
09:05:35.115 [JavaFX Application Thread] DEBUG GameApplicationServi - Removing overlay from FXGLMainMenuDummyScene and adding to FXGLLoadingScene
09:05:35.116 [JavaFX Application Thread] DEBUG PrimaryStageWindow   - FXGLMainMenuDummyScene -> FXGLLoadingScene
09:05:35.116 [JavaFX Application Thread] DEBUG GameApplicationServi - Clearing previous game
09:05:35.116 [JavaFX Application Thread] DEBUG GameScene            - Clearing game scene
09:05:35.116 [JavaFX Application Thread] DEBUG GameWorld            - Clearing game world
09:05:35.116 [JavaFX Application Thread] DEBUG PhysicsWorld         - Clearing physics world
09:05:35.119 [FXGL Background Thread 2 ] DEBUG FXGLApplication      - Initializing game
09:05:35.133 [FXGL Background Thread 2 ] DEBUG FXGLAssetLoaderServi - Loading from file system: file:/D:/Gonvival/game/target/classes/assets/textures/map.png
09:05:35.191 [FXGL Background Thread 2 ] DEBUG FXGLAssetLoaderServi - Loading from file system: file:/D:/Gonvival/game/target/classes/assets/textures/idle_down.png
09:05:35.195 [FXGL Background Thread 2 ] DEBUG FXGLAssetLoaderServi - Loading from file system: file:/D:/Gonvival/game/target/classes/assets/textures/idle_up.png
09:05:35.199 [FXGL Background Thread 2 ] DEBUG FXGLAssetLoaderServi - Loading from file system: file:/D:/Gonvival/game/target/classes/assets/textures/idle_left_down.png
09:05:35.203 [FXGL Background Thread 2 ] DEBUG FXGLAssetLoaderServi - Loading from file system: file:/D:/Gonvival/game/target/classes/assets/textures/idle_left_up.png
09:05:35.206 [FXGL Background Thread 2 ] DEBUG FXGLAssetLoaderServi - Loading from file system: file:/D:/Gonvival/game/target/classes/assets/textures/idle_right_down.png
09:05:35.209 [FXGL Background Thread 2 ] DEBUG FXGLAssetLoaderServi - Loading from file system: file:/D:/Gonvival/game/target/classes/assets/textures/idle_right_up.png
09:05:35.211 [FXGL Background Thread 2 ] DEBUG FXGLAssetLoaderServi - Loading from file system: file:/D:/Gonvival/game/target/classes/assets/textures/walk_left_down.png
09:05:35.212 [FXGL Background Thread 2 ] DEBUG FXGLAssetLoaderServi - Loading from file system: file:/D:/Gonvival/game/target/classes/assets/textures/walk_right_down.png
09:05:35.214 [FXGL Background Thread 2 ] DEBUG FXGLAssetLoaderServi - Loading from file system: file:/D:/Gonvival/game/target/classes/assets/textures/walk_up.png
09:05:35.216 [FXGL Background Thread 2 ] DEBUG FXGLAssetLoaderServi - Loading from file system: file:/D:/Gonvival/game/target/classes/assets/textures/walk_down.png
09:05:35.217 [FXGL Background Thread 2 ] DEBUG FXGLAssetLoaderServi - Loading from file system: file:/D:/Gonvival/game/target/classes/assets/textures/walk_left_up.png
09:05:35.220 [FXGL Background Thread 2 ] DEBUG FXGLAssetLoaderServi - Loading from file system: file:/D:/Gonvival/game/target/classes/assets/textures/walk_right_up.png
09:05:35.237 [FXGL Background Thread 2 ] INFO  FXGLApplication      - Game initialization took: 0.118 sec
09:05:35.238 [JavaFX Application Thread] DEBUG Input                - Clearing active input actions
09:05:35.245 [JavaFX Application Thread] DEBUG GameApplicationServi - Removing overlay from FXGLLoadingScene and adding to GameScene
09:05:35.245 [JavaFX Application Thread] DEBUG PrimaryStageWindow   - FXGLLoadingScene -> GameScene
09:05:35.397 [JavaFX Application Thread] DEBUG Input                - Registered new binding: SHOOT - LMB
09:05:35.399 [JavaFX Application Thread] DEBUG Input                - Registered new binding: MOVE LEFT - A
09:05:35.399 [JavaFX Application Thread] DEBUG Input                - Registered new binding: MOVE RIGHT - D
09:05:35.400 [JavaFX Application Thread] DEBUG Input                - Registered new binding: MOVE UP - W
09:05:35.400 [JavaFX Application Thread] DEBUG Input                - Registered new binding: MOVE DOWN - S
09:05:35.957 [FXGL Background Thread 3 ] DEBUG Engine               - Logging environment variables
09:05:35.958 [FXGL Background Thread 3 ] DEBUG Engine               - achievements: []
09:05:35.958 [FXGL Background Thread 3 ] DEBUG Engine               - actualHeight: 800.0
09:05:35.958 [FXGL Background Thread 3 ] DEBUG Engine               - actualHeightProperty: ReadOnlyDoubleProperty [value: 800.0]
09:05:35.958 [FXGL Background Thread 3 ] DEBUG Engine               - actualWidth: 800.0
09:05:35.958 [FXGL Background Thread 3 ] DEBUG Engine               - actualWidthProperty: ReadOnlyDoubleProperty [value: 800.0]
09:05:35.958 [FXGL Background Thread 3 ] DEBUG Engine               - appIcon: fxgl_icon.png
09:05:35.958 [FXGL Background Thread 3 ] DEBUG Engine               - applicationMode: DEVELOPER
09:05:35.958 [FXGL Background Thread 3 ] DEBUG Engine               - cSSList: [fxgl_dark.css]
09:05:35.958 [FXGL Background Thread 3 ] DEBUG Engine               - collisionDetectionStrategy: BRUTE_FORCE
09:05:35.959 [FXGL Background Thread 3 ] DEBUG Engine               - configClass: Optional.empty
09:05:35.959 [FXGL Background Thread 3 ] DEBUG Engine               - credits: []
09:05:35.959 [FXGL Background Thread 3 ] DEBUG Engine               - defaultCursor: CursorInfo(imageName=fxgl_default_cursor.png, hotspotX=7.0, hotspotY=6.0)
09:05:35.960 [FXGL Background Thread 3 ] DEBUG Engine               - devBBoxColorProperty: ObjectProperty [value: 0xff0000ff]
09:05:35.960 [FXGL Background Thread 3 ] DEBUG Engine               - devEnableDebugCameraProperty: BooleanProperty [value: false]
09:05:35.960 [FXGL Background Thread 3 ] DEBUG Engine               - devSensorColorProperty: ObjectProperty [value: 0xffff00ff]
09:05:35.960 [FXGL Background Thread 3 ] DEBUG Engine               - devShowBBoxProperty: BooleanProperty [value: false]
09:05:35.960 [FXGL Background Thread 3 ] DEBUG Engine               - devShowPositionProperty: BooleanProperty [value: false]
09:05:35.960 [FXGL Background Thread 3 ] DEBUG Engine               - enabledMenuItems: []
09:05:35.960 [FXGL Background Thread 3 ] DEBUG Engine               - engineServices: [class com.almasb.fxgl.app.services.FXGLAssetLoaderService, class com.almasb.fxgl.app.FXGLApplication$GameApplicationService, class com.almasb.fxgl.app.services.FXGLDialogService, class com.almasb.fxgl.app.services.IOTaskExecutorService, class com.almasb.fxgl.io.FileSystemService, class com.almasb.fxgl.localization.LocalizationService, class com.almasb.fxgl.app.services.SystemBundleService, class com.almasb.fxgl.profile.SaveLoadService, class com.almasb.fxgl.ui.FXGLUIFactoryServiceProvider, class com.almasb.fxgl.ui.FXGLDialogFactoryServiceProvider, class com.almasb.fxgl.audio.AudioPlayer, class com.almasb.fxgl.notification.impl.NotificationServiceProvider, class com.almasb.fxgl.achievement.AchievementService, class com.almasb.fxgl.cutscene.CutsceneService, class com.almasb.fxgl.minigames.MiniGameService, class com.almasb.fxgl.net.NetService, class com.almasb.fxgl.app.services.UpdaterService, class com.almasb.fxgl.dev.DevService]
09:05:35.961 [FXGL Background Thread 3 ] DEBUG Engine               - fontGame: Abel-Regular.ttf
09:05:35.961 [FXGL Background Thread 3 ] DEBUG Engine               - fontMono: TerminalLandMono-Regular.otf
09:05:35.961 [FXGL Background Thread 3 ] DEBUG Engine               - fontSizeScaleUI: 1.0
09:05:35.961 [FXGL Background Thread 3 ] DEBUG Engine               - fontText: Courier-Prime.ttf
09:05:35.961 [FXGL Background Thread 3 ] DEBUG Engine               - fontUI: VarelaRound-Regular.ttf
09:05:35.961 [FXGL Background Thread 3 ] DEBUG Engine               - fullScreen: BooleanProperty [value: false]
09:05:35.961 [FXGL Background Thread 3 ] DEBUG Engine               - gameDifficulty: MEDIUM
09:05:35.961 [FXGL Background Thread 3 ] DEBUG Engine               - gameDifficultyProperty: ObjectProperty [value: MEDIUM]
09:05:35.961 [FXGL Background Thread 3 ] DEBUG Engine               - globalMusicVolume: 0.5
09:05:35.961 [FXGL Background Thread 3 ] DEBUG Engine               - globalMusicVolumeProperty: DoubleProperty [value: 0.5]
09:05:35.961 [FXGL Background Thread 3 ] DEBUG Engine               - globalSoundVolume: 0.5
09:05:35.961 [FXGL Background Thread 3 ] DEBUG Engine               - globalSoundVolumeProperty: DoubleProperty [value: 0.5]
09:05:35.961 [FXGL Background Thread 3 ] DEBUG Engine               - height: 800
09:05:35.961 [FXGL Background Thread 3 ] DEBUG Engine               - is3D: false
09:05:35.961 [FXGL Background Thread 3 ] DEBUG Engine               - isAndroid: false
09:05:35.961 [FXGL Background Thread 3 ] DEBUG Engine               - isBrowser: false
09:05:35.961 [FXGL Background Thread 3 ] DEBUG Engine               - isClickFeedbackEnabled: false
09:05:35.961 [FXGL Background Thread 3 ] DEBUG Engine               - isCloseConfirmation: false
09:05:35.961 [FXGL Background Thread 3 ] DEBUG Engine               - isDesktop: true
09:05:35.961 [FXGL Background Thread 3 ] DEBUG Engine               - isDeveloperMenuEnabled: false
09:05:35.961 [FXGL Background Thread 3 ] DEBUG Engine               - isEmbedded: false
09:05:35.961 [FXGL Background Thread 3 ] DEBUG Engine               - isEntityPreloadEnabled: true
09:05:35.962 [FXGL Background Thread 3 ] DEBUG Engine               - isExperimentalTiledLargeMap: false
09:05:35.962 [FXGL Background Thread 3 ] DEBUG Engine               - isFileSystemWriteAllowed: true
09:05:35.962 [FXGL Background Thread 3 ] DEBUG Engine               - isFullScreenAllowed: false
09:05:35.962 [FXGL Background Thread 3 ] DEBUG Engine               - isFullScreenFromStart: false
09:05:35.962 [FXGL Background Thread 3 ] DEBUG Engine               - isGameMenuEnabled: true
09:05:35.962 [FXGL Background Thread 3 ] DEBUG Engine               - isIOS: false
09:05:35.962 [FXGL Background Thread 3 ] DEBUG Engine               - isIntroEnabled: false
09:05:35.962 [FXGL Background Thread 3 ] DEBUG Engine               - isLinux: false
09:05:35.962 [FXGL Background Thread 3 ] DEBUG Engine               - isMac: false
09:05:35.962 [FXGL Background Thread 3 ] DEBUG Engine               - isMainMenuEnabled: true
09:05:35.962 [FXGL Background Thread 3 ] DEBUG Engine               - isManualResizeEnabled: false
09:05:35.962 [FXGL Background Thread 3 ] DEBUG Engine               - isMobile: false
09:05:35.962 [FXGL Background Thread 3 ] DEBUG Engine               - isNative: false
09:05:35.962 [FXGL Background Thread 3 ] DEBUG Engine               - isPauseMusicWhenMinimized: true
09:05:35.962 [FXGL Background Thread 3 ] DEBUG Engine               - isPreserveResizeRatio: false
09:05:35.962 [FXGL Background Thread 3 ] DEBUG Engine               - isProfilingEnabled: false
09:05:35.962 [FXGL Background Thread 3 ] DEBUG Engine               - isScaleAffectedOnResize: true
09:05:35.962 [FXGL Background Thread 3 ] DEBUG Engine               - isSingleStep: false
09:05:35.962 [FXGL Background Thread 3 ] DEBUG Engine               - isUserProfileEnabled: false
09:05:35.962 [FXGL Background Thread 3 ] DEBUG Engine               - isWindows: true
09:05:35.962 [FXGL Background Thread 3 ] DEBUG Engine               - language: ObjectProperty [value: ENGLISH]
09:05:35.962 [FXGL Background Thread 3 ] DEBUG Engine               - menuKey: ESCAPE
09:05:35.962 [FXGL Background Thread 3 ] DEBUG Engine               - mouseSensitivity: 0.2
09:05:35.962 [FXGL Background Thread 3 ] DEBUG Engine               - notificationViewClass: class com.almasb.fxgl.notification.view.XboxNotificationView
09:05:35.962 [FXGL Background Thread 3 ] DEBUG Engine               - pixelsPerMeter: 50.0
09:05:35.962 [FXGL Background Thread 3 ] DEBUG Engine               - platform: WINDOWS
09:05:35.962 [FXGL Background Thread 3 ] DEBUG Engine               - prefHeightProperty: ReadOnlyDoubleProperty [value: 800.0]
09:05:35.964 [FXGL Background Thread 3 ] DEBUG Engine               - prefWidthProperty: ReadOnlyDoubleProperty [value: 800.0]
09:05:35.964 [FXGL Background Thread 3 ] DEBUG Engine               - profileDir: profiles/
09:05:35.964 [FXGL Background Thread 3 ] DEBUG Engine               - profileName: StringProperty [value: DEFAULT]
09:05:35.964 [FXGL Background Thread 3 ] DEBUG Engine               - randomSeed: -1
09:05:35.965 [FXGL Background Thread 3 ] DEBUG Engine               - runtimeInfo: RuntimeInfo(platform=WINDOWS, version=21.1, build=27.03.2024 07.52)
09:05:35.965 [FXGL Background Thread 3 ] DEBUG Engine               - saveFileExt: sav
09:05:35.965 [FXGL Background Thread 3 ] DEBUG Engine               - scaledHeightProp$fxgl: DoubleProperty [bound, value: 800.0]
09:05:35.965 [FXGL Background Thread 3 ] DEBUG Engine               - scaledWidthProp$fxgl: DoubleProperty [bound, value: 800.0]
09:05:35.965 [FXGL Background Thread 3 ] DEBUG Engine               - sceneFactory: com.almasb.fxgl.app.scene.SceneFactory@4aa7ae3b
09:05:35.965 [FXGL Background Thread 3 ] DEBUG Engine               - secondsIn24h: 60
09:05:35.965 [FXGL Background Thread 3 ] DEBUG Engine               - soundMenuBack: menu/back.wav
09:05:35.966 [FXGL Background Thread 3 ] DEBUG Engine               - soundMenuPress: menu/press.wav
09:05:35.966 [FXGL Background Thread 3 ] DEBUG Engine               - soundMenuSelect: menu/select.wav
09:05:35.966 [FXGL Background Thread 3 ] DEBUG Engine               - soundNotification: core/notification.wav
09:05:35.966 [FXGL Background Thread 3 ] DEBUG Engine               - stageStyle: DECORATED
09:05:35.966 [FXGL Background Thread 3 ] DEBUG Engine               - supportedLanguages: [ENGLISH, FRENCH, GERMAN, HUNGARIAN, RUSSIAN]
09:05:35.966 [FXGL Background Thread 3 ] DEBUG Engine               - ticksPerSecond: -1
09:05:35.966 [FXGL Background Thread 3 ] DEBUG Engine               - title: Gonvival
09:05:35.966 [FXGL Background Thread 3 ] DEBUG Engine               - urlGithub: https://github.com/AlmasB/FXGL
09:05:35.966 [FXGL Background Thread 3 ] DEBUG Engine               - urlLeaderboard: http://fxgl-top.herokuapp.com/
09:05:35.966 [FXGL Background Thread 3 ] DEBUG Engine               - urlPOM: https://raw.githubusercontent.com/AlmasB/FXGL/release/README.md
09:05:35.966 [FXGL Background Thread 3 ] DEBUG Engine               - userAppClass: class com.lab.App
09:05:35.966 [FXGL Background Thread 3 ] DEBUG Engine               - version: beta
09:05:35.966 [FXGL Background Thread 3 ] DEBUG Engine               - versionCheckDays: 7
09:05:35.966 [FXGL Background Thread 3 ] DEBUG Engine               - width: 800
09:05:35.966 [FXGL Background Thread 3 ] DEBUG Engine               - Logging services
09:05:35.967 [FXGL Background Thread 3 ] DEBUG Engine               - class com.almasb.fxgl.app.services.FXGLAssetLoaderService
09:05:35.967 [FXGL Background Thread 3 ] DEBUG Engine               - class com.almasb.fxgl.app.FXGLApplication$GameApplicationService
09:05:35.967 [FXGL Background Thread 3 ] DEBUG Engine               - class com.almasb.fxgl.app.services.FXGLDialogService
09:05:35.967 [FXGL Background Thread 3 ] DEBUG Engine               - class com.almasb.fxgl.app.services.IOTaskExecutorService
09:05:35.967 [FXGL Background Thread 3 ] DEBUG Engine               - class com.almasb.fxgl.io.FileSystemService
09:05:35.967 [FXGL Background Thread 3 ] DEBUG Engine               - class com.almasb.fxgl.localization.LocalizationService
09:05:35.967 [FXGL Background Thread 3 ] DEBUG Engine               - class com.almasb.fxgl.app.services.SystemBundleService
09:05:35.967 [FXGL Background Thread 3 ] DEBUG Engine               - class com.almasb.fxgl.profile.SaveLoadService
09:05:35.967 [FXGL Background Thread 3 ] DEBUG Engine               - class com.almasb.fxgl.ui.FXGLUIFactoryServiceProvider
09:05:35.967 [FXGL Background Thread 3 ] DEBUG Engine               - class com.almasb.fxgl.ui.FXGLDialogFactoryServiceProvider
09:05:35.967 [FXGL Background Thread 3 ] DEBUG Engine               - class com.almasb.fxgl.audio.AudioPlayer
09:05:35.967 [FXGL Background Thread 3 ] DEBUG Engine               - class com.almasb.fxgl.notification.impl.NotificationServiceProvider
09:05:35.967 [FXGL Background Thread 3 ] DEBUG Engine               - class com.almasb.fxgl.achievement.AchievementService
09:05:35.967 [FXGL Background Thread 3 ] DEBUG Engine               - class com.almasb.fxgl.cutscene.CutsceneService
09:05:35.967 [FXGL Background Thread 3 ] DEBUG Engine               - class com.almasb.fxgl.minigames.MiniGameService
09:05:35.967 [FXGL Background Thread 3 ] DEBUG Engine               - class com.almasb.fxgl.net.NetService
09:05:35.967 [FXGL Background Thread 3 ] DEBUG Engine               - class com.almasb.fxgl.app.services.UpdaterService
09:05:35.967 [FXGL Background Thread 3 ] DEBUG Engine               - class com.almasb.fxgl.dev.DevService
09:05:36.712 [JavaFX Application Thread] DEBUG FXGLAssetLoaderServi - Loading from file system: file:/D:/Gonvival/game/target/classes/assets/textures/evil.png
09:05:42.289 [JavaFX Application Thread] DEBUG PrimaryStageWindow   - Push state: DialogSubScene
09:05:42.290 [JavaFX Application Thread] DEBUG Input                - Clearing active input actions
09:05:42.292 [JavaFX Application Thread] DEBUG GameApplicationServi - Removing overlay from GameScene and adding to DialogSubScene
09:05:42.292 [JavaFX Application Thread] DEBUG PrimaryStageWindow   - GameScene -> DialogSubScene
09:05:43.878 [JavaFX Application Thread] DEBUG PrimaryStageWindow   - Pop state: DialogSubScene
09:05:43.879 [JavaFX Application Thread] DEBUG Input                - Clearing active input actions
09:05:43.880 [JavaFX Application Thread] DEBUG GameApplicationServi - Removing overlay from DialogSubScene and adding to GameScene
09:05:43.880 [JavaFX Application Thread] DEBUG PrimaryStageWindow   - GameScene <- DialogSubScene
09:05:43.880 [JavaFX Application Thread] DEBUG Input                - Clearing active input actions
09:05:43.887 [JavaFX Application Thread] DEBUG GameApplicationServi - Removing overlay from GameScene and adding to FXGLMainMenuDummyScene
09:05:43.887 [JavaFX Application Thread] DEBUG PrimaryStageWindow   - GameScene -> FXGLMainMenuDummyScene
09:05:43.887 [JavaFX Application Thread] DEBUG PrimaryStageWindow   - Push state: FXGLDefaultMenu
09:05:43.887 [JavaFX Application Thread] DEBUG Input                - Clearing active input actions
09:05:43.890 [JavaFX Application Thread] DEBUG GameApplicationServi - Removing overlay from FXGLMainMenuDummyScene and adding to FXGLDefaultMenu
09:05:43.890 [JavaFX Application Thread] DEBUG PrimaryStageWindow   - FXGLMainMenuDummyScene -> FXGLDefaultMenu
09:05:46.412 [JavaFX Application Thread] DEBUG FXGLApplication      - Exiting FXGL
09:05:46.412 [JavaFX Application Thread] DEBUG LoopRunner           - Stopping loop
09:05:46.412 [JavaFX Application Thread] DEBUG SystemBundleService  - Saving FXGL system data
09:05:46.416 [JavaFX Application Thread] DEBUG FileSystemAccess     - Writing to: D:\Gonvival\system\fxgl.bundle
09:05:46.420 [JavaFX Application Thread] DEBUG Async                - Shutting down background threads
09:05:46.420 [JavaFX Application Thread] DEBUG PrimaryStageWindow   - Closing main window
09:05:46.479 [JavaFX Application Thread] DEBUG Logger               - Closing Logger
