18:50:20.778 [main                     ] DEBUG Logger               - Configured Logger
18:50:20.833 [main                     ] DEBUG GameApplication      - Logging settings
Title: Gonvival
Version: beta
Width: 800
Height: 800
Fullscreen: false
Intro: false
Profiling: false
Single step:false
App Mode: DEVELOPER
Menu Key: ESCAPE
Stage Style: DECORATED
Scene Factory: class com.lab.App$1

18:50:21.735 [JavaFX Application Thread] DEBUG FXGLApplication      - Initializing FXGL
18:50:21.740 [JavaFX Application Thread] INFO  Engine               - FXGL-21.1 (27.03.2024 07.52) on WINDOWS (J:21.0.5 FX:21.0.1)
18:50:21.741 [JavaFX Application Thread] DEBUG Engine               - JRE Vendor Name: Eclipse Adoptium
18:50:21.742 [JavaFX Application Thread] DEBUG Engine               - Running on OS: Windows 10 version 10.0
18:50:21.742 [JavaFX Application Thread] DEBUG Engine               - Architecture: amd64
18:50:21.742 [JavaFX Application Thread] INFO  Engine               - Source code and latest versions at: https://github.com/AlmasB/FXGL
18:50:21.743 [JavaFX Application Thread] INFO  Engine               -       Ask questions and discuss at: https://github.com/AlmasB/FXGL/discussions
18:50:21.744 [JavaFX Application Thread] INFO  Engine               -              Join the FXGL chat at: https://gitter.im/AlmasB/FXGL
18:50:21.916 [JavaFX Application Thread] DEBUG PrimaryStageWindow   - Creating a JavaFX scene
18:50:21.916 [JavaFX Application Thread] DEBUG PrimaryStageWindow   - Target size > screen size
18:50:21.999 [JavaFX Application Thread] DEBUG PrimaryStageWindow   - Target settings size: 800.0 x 800.0
18:50:21.999 [JavaFX Application Thread] DEBUG PrimaryStageWindow   - Scaled scene size:    703.0 x 728.0
18:50:22.000 [JavaFX Application Thread] DEBUG PrimaryStageWindow   - Scaled ratio: (0.87875, 0.91)
18:50:22.002 [JavaFX Application Thread] DEBUG PrimaryStageWindow   - Set initial scene to FXGLStartupScene
18:50:22.009 [JavaFX Application Thread] DEBUG PrimaryStageWindow   - Opening main window
18:50:22.150 [JavaFX Application Thread] DEBUG PrimaryStageWindow   - Window border size: (16.0, 39.0)
18:50:22.154 [JavaFX Application Thread] DEBUG PrimaryStageWindow   - Scaled size: 703.0 x 728.0
18:50:22.154 [JavaFX Application Thread] DEBUG PrimaryStageWindow   - Scaled ratio: (0.87875, 0.91)
18:50:22.155 [JavaFX Application Thread] DEBUG PrimaryStageWindow   - Scene size: 703.0 x 728.0
18:50:22.155 [JavaFX Application Thread] DEBUG PrimaryStageWindow   - Stage size: 719.0 x 767.0
18:50:22.278 [FXGL Background Thread 1 ] DEBUG Engine               - Initializing environment variables
18:50:22.404 [FXGL Background Thread 1 ] DEBUG FXGLAssetLoaderServi - User app class for loading assets: class com.lab.App
18:50:22.404 [FXGL Background Thread 1 ] DEBUG GameApplicationServi - Applying CSS: fxgl_dark.css
18:50:22.406 [FXGL Background Thread 1 ] DEBUG FXGLAssetLoaderServi - Loading from file system: jar:file:/C:/Users/Khana/.m2/repository/com/github/almasb/fxgl/21.1/fxgl-21.1.jar!/fxglassets/ui/css/fxgl_dark.css
18:50:22.492 [FXGL Background Thread 1 ] DEBUG GameApplicationServi - Initializing application scenes
18:50:22.654 [FXGL Background Thread 1 ] DEBUG GameWorld            - Game world initialized
18:50:22.775 [FXGL Background Thread 1 ] DEBUG PhysicsWorld         - Physics world initialized: appHeight=800, physics.ppm=50.0
18:50:22.775 [FXGL Background Thread 1 ] DEBUG PhysicsWorld         - Using strategy: BRUTE_FORCE
18:50:22.780 [FXGL Background Thread 1 ] DEBUG GameScene            - Game scene initialized: 800x800
18:50:22.841 [FXGL Background Thread 1 ] DEBUG FXGL.DefaultMenu     - createMenuBodyGameMenu()
18:50:22.861 [FXGL Background Thread 1 ] DEBUG FXGL.DefaultMenu     - createOptionsMenu()
18:50:22.875 [FXGL Background Thread 1 ] DEBUG FXGLAssetLoaderServi - Loading from file system: jar:file:/C:/Users/Khana/.m2/repository/com/github/almasb/fxgl/21.1/fxgl-21.1.jar!/fxglassets/textures/particles/smoke.png
18:50:23.080 [FXGL Background Thread 1 ] DEBUG FXGLAssetLoaderServi - Loading from file system: jar:file:/C:/Users/Khana/.m2/repository/com/github/almasb/fxgl/21.1/fxgl-21.1.jar!/fxglassets/textures/particles/trace_horizontal.png
18:50:23.134 [FXGL Background Thread 1 ] DEBUG GameApplicationServi - Application scenes initialized
18:50:23.154 [FXGL Background Thread 1 ] DEBUG SystemBundleService  - Loading FXGL system data
18:50:23.604 [FXGL Background Thread 1 ] DEBUG FileSystemAccess     - Reading from: E:\Labs\Gonvival\system\fxgl.bundle
18:50:23.616 [FXGL Background Thread 1 ] DEBUG SystemBundleService  - Bundle FXGL: {}
18:50:23.616 [FXGL Background Thread 1 ] DEBUG UpdaterService       - Checking for updates
18:50:23.622 [FXGL Background Thread 4 ] DEBUG FXGLApplication      - Loading fonts
18:50:23.623 [FXGL Background Thread 4 ] DEBUG FXGLAssetLoaderServi - Loading from file system: jar:file:/C:/Users/Khana/.m2/repository/com/github/almasb/fxgl/21.1/fxgl-21.1.jar!/fxglassets/ui/fonts/VarelaRound-Regular.ttf
18:50:23.623 [FXGL Background Thread 1 ] DEBUG FXGLApplication      - Loading default localization
18:50:23.624 [FXGL Background Thread 1 ] DEBUG FXGLAssetLoaderServi - Loading from file system: jar:file:/C:/Users/Khana/.m2/repository/com/github/almasb/fxgl/21.1/fxgl-21.1.jar!/fxglassets/languages/english.lang
18:50:23.669 [FXGL Background Thread 1 ] INFO  FXGLApplication      - FXGL initialization took: 1.389 sec
18:50:23.719 [JavaFX Application Thread] DEBUG FXGLAssetLoaderServi - Loading from file system: jar:file:/C:/Users/Khana/.m2/repository/com/github/almasb/fxgl/21.1/fxgl-21.1.jar!/fxglassets/textures/fxgl_icon.png
18:50:23.732 [FXGL Background Thread 4 ] DEBUG FXGLAssetLoaderServi - Loading from file system: jar:file:/C:/Users/Khana/.m2/repository/com/github/almasb/fxgl/21.1/fxgl-21.1.jar!/fxglassets/ui/fonts/Abel-Regular.ttf
18:50:23.739 [FXGL Background Thread 4 ] DEBUG FXGLAssetLoaderServi - Loading from file system: jar:file:/C:/Users/Khana/.m2/repository/com/github/almasb/fxgl/21.1/fxgl-21.1.jar!/fxglassets/ui/fonts/TerminalLandMono-Regular.otf
18:50:23.749 [FXGL Background Thread 4 ] DEBUG FXGLAssetLoaderServi - Loading from file system: jar:file:/C:/Users/Khana/.m2/repository/com/github/almasb/fxgl/21.1/fxgl-21.1.jar!/fxglassets/ui/fonts/Courier-Prime.ttf
18:50:23.766 [JavaFX Application Thread] DEBUG FXGLAssetLoaderServi - Loading from file system: jar:file:/C:/Users/Khana/.m2/repository/com/github/almasb/fxgl/21.1/fxgl-21.1.jar!/fxglassets/textures/fxgl_default_cursor.png
18:50:23.790 [JavaFX Application Thread] DEBUG Input                - Registered new binding: Screenshot - CTRL+8
18:50:23.791 [JavaFX Application Thread] DEBUG Input                - Registered new binding: System info dump - CTRL+9
18:50:23.791 [JavaFX Application Thread] DEBUG Input                - Registered new binding: Restart - CTRL+R
18:50:23.792 [JavaFX Application Thread] DEBUG Input                - Registered new binding: Toggle Debug Camera - CTRL+7
18:50:23.797 [JavaFX Application Thread] DEBUG LoopRunner           - Starting loop
18:50:23.798 [JavaFX Application Thread] DEBUG LoopRunner           - Initializing JavaFX AnimationTimerLoop
18:50:23.804 [JavaFX Application Thread] DEBUG Input                - Clearing active input actions
18:50:23.819 [JavaFX Application Thread] DEBUG GameApplicationServi - Removing overlay from FXGLStartupScene and adding to FXGLMainMenuDummyScene
18:50:23.820 [JavaFX Application Thread] DEBUG PrimaryStageWindow   - FXGLStartupScene -> FXGLMainMenuDummyScene
18:50:23.820 [JavaFX Application Thread] DEBUG PrimaryStageWindow   - Push state: StartScreen
18:50:23.821 [JavaFX Application Thread] DEBUG Input                - Clearing active input actions
18:50:23.838 [JavaFX Application Thread] DEBUG GameApplicationServi - Removing overlay from FXGLMainMenuDummyScene and adding to StartScreen
18:50:23.839 [JavaFX Application Thread] DEBUG PrimaryStageWindow   - FXGLMainMenuDummyScene -> StartScreen
18:50:23.839 [JavaFX Application Thread] DEBUG FXGLApplication      - Registering font factories with UI factory
18:50:26.622 [FXGL Background Thread 3 ] DEBUG Engine               - Logging environment variables
18:50:26.623 [FXGL Background Thread 3 ] DEBUG Engine               - achievements: []
18:50:26.623 [FXGL Background Thread 3 ] DEBUG Engine               - actualHeight: 728.0
18:50:26.623 [FXGL Background Thread 3 ] DEBUG Engine               - actualHeightProperty: ReadOnlyDoubleProperty [value: 728.0]
18:50:26.623 [FXGL Background Thread 3 ] DEBUG Engine               - actualWidth: 703.0
18:50:26.623 [FXGL Background Thread 3 ] DEBUG Engine               - actualWidthProperty: ReadOnlyDoubleProperty [value: 703.0]
18:50:26.623 [FXGL Background Thread 3 ] DEBUG Engine               - appIcon: fxgl_icon.png
18:50:26.623 [FXGL Background Thread 3 ] DEBUG Engine               - applicationMode: DEVELOPER
18:50:26.624 [FXGL Background Thread 3 ] DEBUG Engine               - cSSList: [fxgl_dark.css]
18:50:26.624 [FXGL Background Thread 3 ] DEBUG Engine               - collisionDetectionStrategy: BRUTE_FORCE
18:50:26.624 [FXGL Background Thread 3 ] DEBUG Engine               - configClass: Optional.empty
18:50:26.624 [FXGL Background Thread 3 ] DEBUG Engine               - credits: []
18:50:26.624 [FXGL Background Thread 3 ] DEBUG Engine               - defaultCursor: CursorInfo(imageName=fxgl_default_cursor.png, hotspotX=7.0, hotspotY=6.0)
18:50:26.624 [FXGL Background Thread 3 ] DEBUG Engine               - devBBoxColorProperty: ObjectProperty [value: 0xff0000ff]
18:50:26.625 [FXGL Background Thread 3 ] DEBUG Engine               - devEnableDebugCameraProperty: BooleanProperty [value: false]
18:50:26.625 [FXGL Background Thread 3 ] DEBUG Engine               - devSensorColorProperty: ObjectProperty [value: 0xffff00ff]
18:50:26.625 [FXGL Background Thread 3 ] DEBUG Engine               - devShowBBoxProperty: BooleanProperty [value: false]
18:50:26.625 [FXGL Background Thread 3 ] DEBUG Engine               - devShowPositionProperty: BooleanProperty [value: false]
18:50:26.625 [FXGL Background Thread 3 ] DEBUG Engine               - enabledMenuItems: []
18:50:26.625 [FXGL Background Thread 3 ] DEBUG Engine               - engineServices: [class com.almasb.fxgl.app.services.FXGLAssetLoaderService, class com.almasb.fxgl.app.FXGLApplication$GameApplicationService, class com.almasb.fxgl.app.services.FXGLDialogService, class com.almasb.fxgl.app.services.IOTaskExecutorService, class com.almasb.fxgl.io.FileSystemService, class com.almasb.fxgl.localization.LocalizationService, class com.almasb.fxgl.app.services.SystemBundleService, class com.almasb.fxgl.profile.SaveLoadService, class com.almasb.fxgl.ui.FXGLUIFactoryServiceProvider, class com.almasb.fxgl.ui.FXGLDialogFactoryServiceProvider, class com.almasb.fxgl.audio.AudioPlayer, class com.almasb.fxgl.notification.impl.NotificationServiceProvider, class com.almasb.fxgl.achievement.AchievementService, class com.almasb.fxgl.cutscene.CutsceneService, class com.almasb.fxgl.minigames.MiniGameService, class com.almasb.fxgl.net.NetService, class com.almasb.fxgl.app.services.UpdaterService, class com.almasb.fxgl.dev.DevService]
18:50:26.625 [FXGL Background Thread 3 ] DEBUG Engine               - fontGame: Abel-Regular.ttf
18:50:26.625 [FXGL Background Thread 3 ] DEBUG Engine               - fontMono: TerminalLandMono-Regular.otf
18:50:26.625 [FXGL Background Thread 3 ] DEBUG Engine               - fontSizeScaleUI: 1.0
18:50:26.625 [FXGL Background Thread 3 ] DEBUG Engine               - fontText: Courier-Prime.ttf
18:50:26.625 [FXGL Background Thread 3 ] DEBUG Engine               - fontUI: VarelaRound-Regular.ttf
18:50:26.625 [FXGL Background Thread 3 ] DEBUG Engine               - fullScreen: BooleanProperty [value: false]
18:50:26.625 [FXGL Background Thread 3 ] DEBUG Engine               - gameDifficulty: MEDIUM
18:50:26.625 [FXGL Background Thread 3 ] DEBUG Engine               - gameDifficultyProperty: ObjectProperty [value: MEDIUM]
18:50:26.625 [FXGL Background Thread 3 ] DEBUG Engine               - globalMusicVolume: 0.5
18:50:26.626 [FXGL Background Thread 3 ] DEBUG Engine               - globalMusicVolumeProperty: DoubleProperty [value: 1.0]
18:50:26.626 [FXGL Background Thread 3 ] DEBUG Engine               - globalSoundVolume: 0.5
18:50:26.626 [FXGL Background Thread 3 ] DEBUG Engine               - globalSoundVolumeProperty: DoubleProperty [value: 1.0]
18:50:26.626 [FXGL Background Thread 3 ] DEBUG Engine               - height: 800
18:50:26.626 [FXGL Background Thread 3 ] DEBUG Engine               - is3D: false
18:50:26.626 [FXGL Background Thread 3 ] DEBUG Engine               - isAndroid: false
18:50:26.626 [FXGL Background Thread 3 ] DEBUG Engine               - isBrowser: false
18:50:26.626 [FXGL Background Thread 3 ] DEBUG Engine               - isClickFeedbackEnabled: false
18:50:26.626 [FXGL Background Thread 3 ] DEBUG Engine               - isCloseConfirmation: false
18:50:26.626 [FXGL Background Thread 3 ] DEBUG Engine               - isDesktop: true
18:50:26.626 [FXGL Background Thread 3 ] DEBUG Engine               - isDeveloperMenuEnabled: false
18:50:26.626 [FXGL Background Thread 3 ] DEBUG Engine               - isEmbedded: false
18:50:26.626 [FXGL Background Thread 3 ] DEBUG Engine               - isEntityPreloadEnabled: true
18:50:26.626 [FXGL Background Thread 3 ] DEBUG Engine               - isExperimentalTiledLargeMap: false
18:50:26.626 [FXGL Background Thread 3 ] DEBUG Engine               - isFileSystemWriteAllowed: true
18:50:26.627 [FXGL Background Thread 3 ] DEBUG Engine               - isFullScreenAllowed: false
18:50:26.627 [FXGL Background Thread 3 ] DEBUG Engine               - isFullScreenFromStart: false
18:50:26.627 [FXGL Background Thread 3 ] DEBUG Engine               - isGameMenuEnabled: true
18:50:26.627 [FXGL Background Thread 3 ] DEBUG Engine               - isIOS: false
18:50:26.627 [FXGL Background Thread 3 ] DEBUG Engine               - isIntroEnabled: false
18:50:26.627 [FXGL Background Thread 3 ] DEBUG Engine               - isLinux: false
18:50:26.627 [FXGL Background Thread 3 ] DEBUG Engine               - isMac: false
18:50:26.627 [FXGL Background Thread 3 ] DEBUG Engine               - isMainMenuEnabled: true
18:50:26.627 [FXGL Background Thread 3 ] DEBUG Engine               - isManualResizeEnabled: false
18:50:26.627 [FXGL Background Thread 3 ] DEBUG Engine               - isMobile: false
18:50:26.627 [FXGL Background Thread 3 ] DEBUG Engine               - isNative: false
18:50:26.627 [FXGL Background Thread 3 ] DEBUG Engine               - isPauseMusicWhenMinimized: true
18:50:26.627 [FXGL Background Thread 3 ] DEBUG Engine               - isPreserveResizeRatio: false
18:50:26.627 [FXGL Background Thread 3 ] DEBUG Engine               - isProfilingEnabled: false
18:50:26.628 [FXGL Background Thread 3 ] DEBUG Engine               - isScaleAffectedOnResize: true
18:50:26.628 [FXGL Background Thread 3 ] DEBUG Engine               - isSingleStep: false
18:50:26.628 [FXGL Background Thread 3 ] DEBUG Engine               - isUserProfileEnabled: false
18:50:26.628 [FXGL Background Thread 3 ] DEBUG Engine               - isWindows: true
18:50:26.628 [FXGL Background Thread 3 ] DEBUG Engine               - language: ObjectProperty [value: ENGLISH]
18:50:26.628 [FXGL Background Thread 3 ] DEBUG Engine               - menuKey: ESCAPE
18:50:26.628 [FXGL Background Thread 3 ] DEBUG Engine               - mouseSensitivity: 0.2
18:50:26.628 [FXGL Background Thread 3 ] DEBUG Engine               - notificationViewClass: class com.almasb.fxgl.notification.view.XboxNotificationView
18:50:26.628 [FXGL Background Thread 3 ] DEBUG Engine               - pixelsPerMeter: 50.0
18:50:26.629 [FXGL Background Thread 3 ] DEBUG Engine               - platform: WINDOWS
18:50:26.629 [FXGL Background Thread 3 ] DEBUG Engine               - prefHeightProperty: ReadOnlyDoubleProperty [value: 800.0]
18:50:26.629 [FXGL Background Thread 3 ] DEBUG Engine               - prefWidthProperty: ReadOnlyDoubleProperty [value: 800.0]
18:50:26.629 [FXGL Background Thread 3 ] DEBUG Engine               - profileDir: profiles/
18:50:26.629 [FXGL Background Thread 3 ] DEBUG Engine               - profileName: StringProperty [value: DEFAULT]
18:50:26.629 [FXGL Background Thread 3 ] DEBUG Engine               - randomSeed: -1
18:50:26.630 [FXGL Background Thread 3 ] DEBUG Engine               - runtimeInfo: RuntimeInfo(platform=WINDOWS, version=21.1, build=27.03.2024 07.52)
18:50:26.630 [FXGL Background Thread 3 ] DEBUG Engine               - saveFileExt: sav
18:50:26.630 [FXGL Background Thread 3 ] DEBUG Engine               - scaledHeightProp$fxgl: DoubleProperty [bound, value: 728.0]
18:50:26.630 [FXGL Background Thread 3 ] DEBUG Engine               - scaledWidthProp$fxgl: DoubleProperty [bound, value: 703.0]
18:50:26.630 [FXGL Background Thread 3 ] DEBUG Engine               - sceneFactory: com.lab.App$1@7bc05b55
18:50:26.630 [FXGL Background Thread 3 ] DEBUG Engine               - secondsIn24h: 60
18:50:26.630 [FXGL Background Thread 3 ] DEBUG Engine               - soundMenuBack: menu/back.wav
18:50:26.630 [FXGL Background Thread 3 ] DEBUG Engine               - soundMenuPress: menu/press.wav
18:50:26.630 [FXGL Background Thread 3 ] DEBUG Engine               - soundMenuSelect: menu/select.wav
18:50:26.630 [FXGL Background Thread 3 ] DEBUG Engine               - soundNotification: core/notification.wav
18:50:26.630 [FXGL Background Thread 3 ] DEBUG Engine               - stageStyle: DECORATED
18:50:26.631 [FXGL Background Thread 3 ] DEBUG Engine               - supportedLanguages: [ENGLISH, FRENCH, GERMAN, HUNGARIAN, RUSSIAN]
18:50:26.631 [FXGL Background Thread 3 ] DEBUG Engine               - ticksPerSecond: -1
18:50:26.631 [FXGL Background Thread 3 ] DEBUG Engine               - title: Gonvival
18:50:26.631 [FXGL Background Thread 3 ] DEBUG Engine               - urlGithub: https://github.com/AlmasB/FXGL
18:50:26.631 [FXGL Background Thread 3 ] DEBUG Engine               - urlLeaderboard: http://fxgl-top.herokuapp.com/
18:50:26.631 [FXGL Background Thread 3 ] DEBUG Engine               - urlPOM: https://raw.githubusercontent.com/AlmasB/FXGL/release/README.md
18:50:26.631 [FXGL Background Thread 3 ] DEBUG Engine               - userAppClass: class com.lab.App
18:50:26.631 [FXGL Background Thread 3 ] DEBUG Engine               - version: beta
18:50:26.631 [FXGL Background Thread 3 ] DEBUG Engine               - versionCheckDays: 7
18:50:26.631 [FXGL Background Thread 3 ] DEBUG Engine               - width: 800
18:50:26.631 [FXGL Background Thread 3 ] DEBUG Engine               - Logging services
18:50:26.631 [FXGL Background Thread 3 ] DEBUG Engine               - class com.almasb.fxgl.app.services.FXGLAssetLoaderService
18:50:26.631 [FXGL Background Thread 3 ] DEBUG Engine               - class com.almasb.fxgl.app.FXGLApplication$GameApplicationService
18:50:26.632 [FXGL Background Thread 3 ] DEBUG Engine               - class com.almasb.fxgl.app.services.FXGLDialogService
18:50:26.632 [FXGL Background Thread 3 ] DEBUG Engine               - class com.almasb.fxgl.app.services.IOTaskExecutorService
18:50:26.632 [FXGL Background Thread 3 ] DEBUG Engine               - class com.almasb.fxgl.io.FileSystemService
18:50:26.632 [FXGL Background Thread 3 ] DEBUG Engine               - class com.almasb.fxgl.localization.LocalizationService
18:50:26.632 [FXGL Background Thread 3 ] DEBUG Engine               - class com.almasb.fxgl.app.services.SystemBundleService
18:50:26.632 [FXGL Background Thread 3 ] DEBUG Engine               - class com.almasb.fxgl.profile.SaveLoadService
18:50:26.632 [FXGL Background Thread 3 ] DEBUG Engine               - class com.almasb.fxgl.ui.FXGLUIFactoryServiceProvider
18:50:26.632 [FXGL Background Thread 3 ] DEBUG Engine               - class com.almasb.fxgl.ui.FXGLDialogFactoryServiceProvider
18:50:26.632 [FXGL Background Thread 3 ] DEBUG Engine               - class com.almasb.fxgl.audio.AudioPlayer
18:50:26.632 [FXGL Background Thread 3 ] DEBUG Engine               - class com.almasb.fxgl.notification.impl.NotificationServiceProvider
18:50:26.632 [FXGL Background Thread 3 ] DEBUG Engine               - class com.almasb.fxgl.achievement.AchievementService
18:50:26.632 [FXGL Background Thread 3 ] DEBUG Engine               - class com.almasb.fxgl.cutscene.CutsceneService
18:50:26.632 [FXGL Background Thread 3 ] DEBUG Engine               - class com.almasb.fxgl.minigames.MiniGameService
18:50:26.632 [FXGL Background Thread 3 ] DEBUG Engine               - class com.almasb.fxgl.net.NetService
18:50:26.633 [FXGL Background Thread 3 ] DEBUG Engine               - class com.almasb.fxgl.app.services.UpdaterService
18:50:26.633 [FXGL Background Thread 3 ] DEBUG Engine               - class com.almasb.fxgl.dev.DevService
18:50:31.978 [JavaFX Application Thread] DEBUG Menu                 - fireNewGame()
18:50:31.979 [JavaFX Application Thread] DEBUG GameApplicationServi - Starting new game
18:50:31.979 [JavaFX Application Thread] DEBUG PrimaryStageWindow   - Pop state: StartScreen
18:50:31.979 [JavaFX Application Thread] DEBUG Input                - Clearing active input actions
18:50:31.980 [JavaFX Application Thread] DEBUG GameApplicationServi - Removing overlay from StartScreen and adding to FXGLMainMenuDummyScene
18:50:31.981 [JavaFX Application Thread] DEBUG PrimaryStageWindow   - FXGLMainMenuDummyScene <- StartScreen
18:50:31.981 [JavaFX Application Thread] DEBUG Input                - Clearing active input actions
18:50:32.003 [JavaFX Application Thread] DEBUG GameApplicationServi - Removing overlay from FXGLMainMenuDummyScene and adding to FXGLLoadingScene
18:50:32.003 [JavaFX Application Thread] DEBUG PrimaryStageWindow   - FXGLMainMenuDummyScene -> FXGLLoadingScene
18:50:32.003 [JavaFX Application Thread] DEBUG GameApplicationServi - Clearing previous game
18:50:32.003 [JavaFX Application Thread] DEBUG GameScene            - Clearing game scene
18:50:32.003 [JavaFX Application Thread] DEBUG GameWorld            - Clearing game world
18:50:32.004 [JavaFX Application Thread] DEBUG PhysicsWorld         - Clearing physics world
18:50:32.011 [FXGL Background Thread 2 ] DEBUG FXGLApplication      - Initializing game
18:50:32.029 [FXGL Background Thread 2 ] DEBUG FXGLAssetLoaderServi - Loading from file system: file:/E:/Labs/Gonvival/game/target/classes/assets/textures/newmap2.png
18:50:32.125 [FXGL Background Thread 2 ] DEBUG FXGLAssetLoaderServi - Loading from file system: file:/E:/Labs/Gonvival/game/target/classes/assets/textures/idle_down.png
18:50:32.131 [FXGL Background Thread 2 ] DEBUG FXGLAssetLoaderServi - Loading from file system: file:/E:/Labs/Gonvival/game/target/classes/assets/textures/idle_up.png
18:50:32.134 [FXGL Background Thread 2 ] DEBUG FXGLAssetLoaderServi - Loading from file system: file:/E:/Labs/Gonvival/game/target/classes/assets/textures/idle_left_down.png
18:50:32.137 [FXGL Background Thread 2 ] DEBUG FXGLAssetLoaderServi - Loading from file system: file:/E:/Labs/Gonvival/game/target/classes/assets/textures/idle_left_up.png
18:50:32.141 [FXGL Background Thread 2 ] DEBUG FXGLAssetLoaderServi - Loading from file system: file:/E:/Labs/Gonvival/game/target/classes/assets/textures/idle_right_down.png
18:50:32.143 [FXGL Background Thread 2 ] DEBUG FXGLAssetLoaderServi - Loading from file system: file:/E:/Labs/Gonvival/game/target/classes/assets/textures/idle_right_up.png
18:50:32.146 [FXGL Background Thread 2 ] DEBUG FXGLAssetLoaderServi - Loading from file system: file:/E:/Labs/Gonvival/game/target/classes/assets/textures/walk_left_down.png
18:50:32.149 [FXGL Background Thread 2 ] DEBUG FXGLAssetLoaderServi - Loading from file system: file:/E:/Labs/Gonvival/game/target/classes/assets/textures/walk_right_down.png
18:50:32.152 [FXGL Background Thread 2 ] DEBUG FXGLAssetLoaderServi - Loading from file system: file:/E:/Labs/Gonvival/game/target/classes/assets/textures/walk_up.png
18:50:32.155 [FXGL Background Thread 2 ] DEBUG FXGLAssetLoaderServi - Loading from file system: file:/E:/Labs/Gonvival/game/target/classes/assets/textures/walk_down.png
18:50:32.158 [FXGL Background Thread 2 ] DEBUG FXGLAssetLoaderServi - Loading from file system: file:/E:/Labs/Gonvival/game/target/classes/assets/textures/walk_left_up.png
18:50:32.161 [FXGL Background Thread 2 ] DEBUG FXGLAssetLoaderServi - Loading from file system: file:/E:/Labs/Gonvival/game/target/classes/assets/textures/walk_right_up.png
18:50:32.177 [FXGL Background Thread 2 ] INFO  FXGLApplication      - Game initialization took: 0.166 sec
18:50:32.230 [JavaFX Application Thread] DEBUG Input                - Clearing active input actions
18:50:32.253 [JavaFX Application Thread] DEBUG GameApplicationServi - Removing overlay from FXGLLoadingScene and adding to GameScene
18:50:32.254 [JavaFX Application Thread] DEBUG PrimaryStageWindow   - FXGLLoadingScene -> GameScene
18:50:32.365 [JavaFX Application Thread] DEBUG Input                - Registered new binding: SHOOT - LMB
18:50:32.366 [JavaFX Application Thread] DEBUG Input                - Registered new binding: MOVE LEFT - A
18:50:32.367 [JavaFX Application Thread] DEBUG Input                - Registered new binding: MOVE RIGHT - D
18:50:32.367 [JavaFX Application Thread] DEBUG Input                - Registered new binding: MOVE UP - W
18:50:32.367 [JavaFX Application Thread] DEBUG Input                - Registered new binding: MOVE DOWN - S
18:50:32.718 [JavaFX Application Thread] DEBUG FXGLAssetLoaderServi - Loading from file system: file:/E:/Labs/Gonvival/game/target/classes/assets/textures/arrow.png
18:50:33.229 [JavaFX Application Thread] DEBUG FXGLAssetLoaderServi - Loading from file system: file:/E:/Labs/Gonvival/game/target/classes/assets/textures/GraveRevenant.png
18:50:34.223 [JavaFX Application Thread] DEBUG PrimaryStageWindow   - Push state: DialogSubScene
18:50:34.224 [JavaFX Application Thread] DEBUG Input                - Clearing active input actions
18:50:34.225 [JavaFX Application Thread] DEBUG GameApplicationServi - Removing overlay from GameScene and adding to DialogSubScene
18:50:34.225 [JavaFX Application Thread] DEBUG PrimaryStageWindow   - GameScene -> DialogSubScene
18:50:35.411 [JavaFX Application Thread] DEBUG PrimaryStageWindow   - Pop state: DialogSubScene
18:50:35.411 [JavaFX Application Thread] DEBUG Input                - Clearing active input actions
18:50:35.412 [JavaFX Application Thread] DEBUG GameApplicationServi - Removing overlay from DialogSubScene and adding to GameScene
18:50:35.412 [JavaFX Application Thread] DEBUG PrimaryStageWindow   - GameScene <- DialogSubScene
18:50:52.819 [JavaFX Application Thread] DEBUG FXGLApplication      - Exiting FXGL
18:50:52.819 [JavaFX Application Thread] DEBUG LoopRunner           - Stopping loop
18:50:52.819 [JavaFX Application Thread] DEBUG SystemBundleService  - Saving FXGL system data
18:50:52.821 [JavaFX Application Thread] DEBUG FileSystemAccess     - Writing to: E:\Labs\Gonvival\system\fxgl.bundle
18:50:52.824 [JavaFX Application Thread] DEBUG Async                - Shutting down background threads
18:50:52.824 [JavaFX Application Thread] DEBUG PrimaryStageWindow   - Closing main window
18:50:52.836 [JavaFX Application Thread] DEBUG Logger               - Closing Logger
