06:24:38.796 [main                     ] DEBUG Logger               - Configured Logger
06:24:38.899 [main                     ] DEBUG GameApplication      - Logging settings
Title: Gonvival
Version: beta
Width: 800
Height: 800
Fullscreen: false
Intro: false
Profiling: false
Single step:false
App Mode: DEVELOPER
Menu Key: ESCAPE
Stage Style: DECORATED
Scene Factory: class com.lab.App$1

06:24:39.657 [JavaFX Application Thread] DEBUG FXGLApplication      - Initializing FXGL
06:24:39.664 [JavaFX Application Thread] INFO  Engine               - FXGL-21.1 (27.03.2024 07.52) on WINDOWS (J:21.0.5 FX:21.0.1)
06:24:39.665 [JavaFX Application Thread] DEBUG Engine               - JRE Vendor Name: Eclipse Adoptium
06:24:39.666 [JavaFX Application Thread] DEBUG Engine               - Running on OS: Windows 10 version 10.0
06:24:39.666 [JavaFX Application Thread] DEBUG Engine               - Architecture: amd64
06:24:39.666 [JavaFX Application Thread] INFO  Engine               - Source code and latest versions at: https://github.com/AlmasB/FXGL
06:24:39.667 [JavaFX Application Thread] INFO  Engine               -       Ask questions and discuss at: https://github.com/AlmasB/FXGL/discussions
06:24:39.667 [JavaFX Application Thread] INFO  Engine               -              Join the FXGL chat at: https://gitter.im/AlmasB/FXGL
06:24:39.838 [JavaFX Application Thread] DEBUG PrimaryStageWindow   - Creating a JavaFX scene
06:24:39.838 [JavaFX Application Thread] DEBUG PrimaryStageWindow   - Target size > screen size
06:24:39.931 [JavaFX Application Thread] DEBUG PrimaryStageWindow   - Target settings size: 800.0 x 800.0
06:24:39.931 [JavaFX Application Thread] DEBUG PrimaryStageWindow   - Scaled scene size:    743.0 x 768.0
06:24:39.932 [JavaFX Application Thread] DEBUG PrimaryStageWindow   - Scaled ratio: (0.92875, 0.96)
06:24:39.933 [JavaFX Application Thread] DEBUG PrimaryStageWindow   - Set initial scene to FXGLStartupScene
06:24:39.940 [JavaFX Application Thread] DEBUG PrimaryStageWindow   - Opening main window
06:24:40.268 [JavaFX Application Thread] DEBUG PrimaryStageWindow   - Window border size: (16.0, 39.0)
06:24:40.268 [JavaFX Application Thread] DEBUG PrimaryStageWindow   - Scaled size: 743.0 x 768.0
06:24:40.269 [JavaFX Application Thread] DEBUG PrimaryStageWindow   - Scaled ratio: (0.92875, 0.96)
06:24:40.269 [JavaFX Application Thread] DEBUG PrimaryStageWindow   - Scene size: 743.0 x 768.0
06:24:40.270 [JavaFX Application Thread] DEBUG PrimaryStageWindow   - Stage size: 759.0 x 807.0
06:24:40.285 [FXGL Background Thread 1 ] DEBUG Engine               - Initializing environment variables
06:24:40.440 [FXGL Background Thread 1 ] DEBUG FXGLAssetLoaderServi - User app class for loading assets: class com.lab.App
06:24:40.442 [FXGL Background Thread 1 ] DEBUG GameApplicationServi - Applying CSS: fxgl_dark.css
06:24:40.446 [FXGL Background Thread 1 ] DEBUG FXGLAssetLoaderServi - Loading from file system: jar:file:/C:/Users/Khana/.m2/repository/com/github/almasb/fxgl/21.1/fxgl-21.1.jar!/fxglassets/ui/css/fxgl_dark.css
06:24:40.560 [FXGL Background Thread 1 ] DEBUG GameApplicationServi - Initializing application scenes
06:24:40.781 [FXGL Background Thread 1 ] DEBUG GameWorld            - Game world initialized
06:24:40.904 [FXGL Background Thread 1 ] DEBUG PhysicsWorld         - Physics world initialized: appHeight=800, physics.ppm=50.0
06:24:40.904 [FXGL Background Thread 1 ] DEBUG PhysicsWorld         - Using strategy: BRUTE_FORCE
06:24:40.912 [FXGL Background Thread 1 ] DEBUG GameScene            - Game scene initialized: 800x800
06:24:40.916 [FXGL Background Thread 1 ] WARN  FXGLAssetLoaderServi - Asset "/assets/music/menu_music.mp3" was not found!
06:24:40.917 [FXGL Background Thread 1 ] WARN  FXGLAssetLoaderServi - Failed to load MUSIC
06:24:40.919 [FXGL Background Thread 1 ] DEBUG FXGLAssetLoaderServi - Loading from file system: file:/E:/Labs/Gonvival/game/target/classes/assets/sounds/button_click.mp3
06:24:41.193 [FXGL Background Thread 1 ] DEBUG AudioPlayer          - Playing music com.almasb.fxgl.audio.Music@4f36b7f
06:24:41.193 [FXGL Background Thread 1 ] DEBUG AudioPlayer          - Playing music com.almasb.fxgl.audio.Music@4f36b7f
06:24:41.268 [FXGL Background Thread 1 ] DEBUG FXGL.DefaultMenu     - createMenuBodyGameMenu()
06:24:41.294 [FXGL Background Thread 1 ] DEBUG FXGL.DefaultMenu     - createOptionsMenu()
06:24:41.307 [FXGL Background Thread 1 ] DEBUG FXGLAssetLoaderServi - Loading from file system: jar:file:/C:/Users/Khana/.m2/repository/com/github/almasb/fxgl/21.1/fxgl-21.1.jar!/fxglassets/textures/particles/smoke.png
06:24:41.460 [FXGL Background Thread 1 ] DEBUG FXGLAssetLoaderServi - Loading from file system: jar:file:/C:/Users/Khana/.m2/repository/com/github/almasb/fxgl/21.1/fxgl-21.1.jar!/fxglassets/textures/particles/trace_horizontal.png
06:24:41.539 [FXGL Background Thread 1 ] DEBUG GameApplicationServi - Application scenes initialized
06:24:41.569 [FXGL Background Thread 1 ] DEBUG SystemBundleService  - Loading FXGL system data
06:24:41.580 [FXGL Background Thread 1 ] DEBUG FileSystemAccess     - Reading from: E:\Labs\Gonvival\system\fxgl.bundle
06:24:41.600 [FXGL Background Thread 1 ] DEBUG SystemBundleService  - Bundle FXGL: {}
06:24:41.601 [FXGL Background Thread 1 ] DEBUG UpdaterService       - Checking for updates
06:24:41.633 [FXGL Background Thread 1 ] DEBUG FXGLApplication      - Loading default localization
06:24:41.634 [FXGL Background Thread 1 ] DEBUG FXGLAssetLoaderServi - Loading from file system: jar:file:/C:/Users/Khana/.m2/repository/com/github/almasb/fxgl/21.1/fxgl-21.1.jar!/fxglassets/languages/english.lang
06:24:41.683 [FXGL Background Thread 1 ] INFO  FXGLApplication      - FXGL initialization took: 1.394 sec
06:24:41.689 [JavaFX Application Thread] DEBUG FXGLAssetLoaderServi - Loading from file system: jar:file:/C:/Users/Khana/.m2/repository/com/github/almasb/fxgl/21.1/fxgl-21.1.jar!/fxglassets/textures/fxgl_icon.png
06:24:41.687 [FXGL Background Thread 4 ] DEBUG FXGLApplication      - Loading fonts
06:24:41.722 [FXGL Background Thread 4 ] DEBUG FXGLAssetLoaderServi - Loading from file system: jar:file:/C:/Users/Khana/.m2/repository/com/github/almasb/fxgl/21.1/fxgl-21.1.jar!/fxglassets/ui/fonts/VarelaRound-Regular.ttf
06:24:41.772 [JavaFX Application Thread] DEBUG FXGLAssetLoaderServi - Loading from file system: jar:file:/C:/Users/Khana/.m2/repository/com/github/almasb/fxgl/21.1/fxgl-21.1.jar!/fxglassets/textures/fxgl_default_cursor.png
06:24:41.799 [JavaFX Application Thread] DEBUG Input                - Registered new binding: Screenshot - CTRL+8
06:24:41.800 [JavaFX Application Thread] DEBUG Input                - Registered new binding: System info dump - CTRL+9
06:24:41.801 [JavaFX Application Thread] DEBUG Input                - Registered new binding: Restart - CTRL+R
06:24:41.801 [JavaFX Application Thread] DEBUG Input                - Registered new binding: Toggle Debug Camera - CTRL+7
06:24:41.815 [JavaFX Application Thread] DEBUG LoopRunner           - Starting loop
06:24:41.816 [JavaFX Application Thread] DEBUG LoopRunner           - Initializing JavaFX AnimationTimerLoop
06:24:41.829 [JavaFX Application Thread] DEBUG Input                - Clearing active input actions
06:24:41.849 [JavaFX Application Thread] DEBUG GameApplicationServi - Removing overlay from FXGLStartupScene and adding to FXGLMainMenuDummyScene
06:24:41.850 [JavaFX Application Thread] DEBUG PrimaryStageWindow   - FXGLStartupScene -> FXGLMainMenuDummyScene
06:24:41.850 [JavaFX Application Thread] DEBUG PrimaryStageWindow   - Push state: StartScreen
06:24:41.851 [JavaFX Application Thread] DEBUG Input                - Clearing active input actions
06:24:41.886 [JavaFX Application Thread] DEBUG GameApplicationServi - Removing overlay from FXGLMainMenuDummyScene and adding to StartScreen
06:24:41.897 [JavaFX Application Thread] DEBUG PrimaryStageWindow   - FXGLMainMenuDummyScene -> StartScreen
06:24:41.899 [FXGL Background Thread 4 ] DEBUG FXGLAssetLoaderServi - Loading from file system: jar:file:/C:/Users/Khana/.m2/repository/com/github/almasb/fxgl/21.1/fxgl-21.1.jar!/fxglassets/ui/fonts/Abel-Regular.ttf
06:24:41.909 [FXGL Background Thread 4 ] DEBUG FXGLAssetLoaderServi - Loading from file system: jar:file:/C:/Users/Khana/.m2/repository/com/github/almasb/fxgl/21.1/fxgl-21.1.jar!/fxglassets/ui/fonts/TerminalLandMono-Regular.otf
06:24:41.938 [FXGL Background Thread 4 ] DEBUG FXGLAssetLoaderServi - Loading from file system: jar:file:/C:/Users/Khana/.m2/repository/com/github/almasb/fxgl/21.1/fxgl-21.1.jar!/fxglassets/ui/fonts/Courier-Prime.ttf
06:24:42.050 [JavaFX Application Thread] DEBUG FXGLApplication      - Registering font factories with UI factory
06:24:44.606 [FXGL Background Thread 3 ] DEBUG Engine               - Logging environment variables
06:24:44.607 [FXGL Background Thread 3 ] DEBUG Engine               - achievements: []
06:24:44.607 [FXGL Background Thread 3 ] DEBUG Engine               - actualHeight: 768.0
06:24:44.607 [FXGL Background Thread 3 ] DEBUG Engine               - actualHeightProperty: ReadOnlyDoubleProperty [value: 768.0]
06:24:44.607 [FXGL Background Thread 3 ] DEBUG Engine               - actualWidth: 743.0
06:24:44.608 [FXGL Background Thread 3 ] DEBUG Engine               - actualWidthProperty: ReadOnlyDoubleProperty [value: 743.0]
06:24:44.608 [FXGL Background Thread 3 ] DEBUG Engine               - appIcon: fxgl_icon.png
06:24:44.608 [FXGL Background Thread 3 ] DEBUG Engine               - applicationMode: DEVELOPER
06:24:44.608 [FXGL Background Thread 3 ] DEBUG Engine               - cSSList: [fxgl_dark.css]
06:24:44.608 [FXGL Background Thread 3 ] DEBUG Engine               - collisionDetectionStrategy: BRUTE_FORCE
06:24:44.608 [FXGL Background Thread 3 ] DEBUG Engine               - configClass: Optional.empty
06:24:44.608 [FXGL Background Thread 3 ] DEBUG Engine               - credits: []
06:24:44.609 [FXGL Background Thread 3 ] DEBUG Engine               - defaultCursor: CursorInfo(imageName=fxgl_default_cursor.png, hotspotX=7.0, hotspotY=6.0)
06:24:44.609 [FXGL Background Thread 3 ] DEBUG Engine               - devBBoxColorProperty: ObjectProperty [value: 0xff0000ff]
06:24:44.609 [FXGL Background Thread 3 ] DEBUG Engine               - devEnableDebugCameraProperty: BooleanProperty [value: false]
06:24:44.609 [FXGL Background Thread 3 ] DEBUG Engine               - devSensorColorProperty: ObjectProperty [value: 0xffff00ff]
06:24:44.609 [FXGL Background Thread 3 ] DEBUG Engine               - devShowBBoxProperty: BooleanProperty [value: false]
06:24:44.610 [FXGL Background Thread 3 ] DEBUG Engine               - devShowPositionProperty: BooleanProperty [value: false]
06:24:44.610 [FXGL Background Thread 3 ] DEBUG Engine               - enabledMenuItems: []
06:24:44.610 [FXGL Background Thread 3 ] DEBUG Engine               - engineServices: [class com.almasb.fxgl.app.services.FXGLAssetLoaderService, class com.almasb.fxgl.app.FXGLApplication$GameApplicationService, class com.almasb.fxgl.app.services.FXGLDialogService, class com.almasb.fxgl.app.services.IOTaskExecutorService, class com.almasb.fxgl.io.FileSystemService, class com.almasb.fxgl.localization.LocalizationService, class com.almasb.fxgl.app.services.SystemBundleService, class com.almasb.fxgl.profile.SaveLoadService, class com.almasb.fxgl.ui.FXGLUIFactoryServiceProvider, class com.almasb.fxgl.ui.FXGLDialogFactoryServiceProvider, class com.almasb.fxgl.audio.AudioPlayer, class com.almasb.fxgl.notification.impl.NotificationServiceProvider, class com.almasb.fxgl.achievement.AchievementService, class com.almasb.fxgl.cutscene.CutsceneService, class com.almasb.fxgl.minigames.MiniGameService, class com.almasb.fxgl.net.NetService, class com.almasb.fxgl.app.services.UpdaterService, class com.almasb.fxgl.dev.DevService]
06:24:44.610 [FXGL Background Thread 3 ] DEBUG Engine               - fontGame: Abel-Regular.ttf
06:24:44.610 [FXGL Background Thread 3 ] DEBUG Engine               - fontMono: TerminalLandMono-Regular.otf
06:24:44.610 [FXGL Background Thread 3 ] DEBUG Engine               - fontSizeScaleUI: 1.0
06:24:44.610 [FXGL Background Thread 3 ] DEBUG Engine               - fontText: Courier-Prime.ttf
06:24:44.610 [FXGL Background Thread 3 ] DEBUG Engine               - fontUI: VarelaRound-Regular.ttf
06:24:44.610 [FXGL Background Thread 3 ] DEBUG Engine               - fullScreen: BooleanProperty [value: false]
06:24:44.611 [FXGL Background Thread 3 ] DEBUG Engine               - gameDifficulty: MEDIUM
06:24:44.611 [FXGL Background Thread 3 ] DEBUG Engine               - gameDifficultyProperty: ObjectProperty [value: MEDIUM]
06:24:44.611 [FXGL Background Thread 3 ] DEBUG Engine               - globalMusicVolume: 0.5
06:24:44.611 [FXGL Background Thread 3 ] DEBUG Engine               - globalMusicVolumeProperty: DoubleProperty [value: 0.7]
06:24:44.611 [FXGL Background Thread 3 ] DEBUG Engine               - globalSoundVolume: 0.5
06:24:44.611 [FXGL Background Thread 3 ] DEBUG Engine               - globalSoundVolumeProperty: DoubleProperty [value: 0.5]
06:24:44.611 [FXGL Background Thread 3 ] DEBUG Engine               - height: 800
06:24:44.611 [FXGL Background Thread 3 ] DEBUG Engine               - is3D: false
06:24:44.612 [FXGL Background Thread 3 ] DEBUG Engine               - isAndroid: false
06:24:44.612 [FXGL Background Thread 3 ] DEBUG Engine               - isBrowser: false
06:24:44.612 [FXGL Background Thread 3 ] DEBUG Engine               - isClickFeedbackEnabled: false
06:24:44.612 [FXGL Background Thread 3 ] DEBUG Engine               - isCloseConfirmation: false
06:24:44.612 [FXGL Background Thread 3 ] DEBUG Engine               - isDesktop: true
06:24:44.612 [FXGL Background Thread 3 ] DEBUG Engine               - isDeveloperMenuEnabled: false
06:24:44.612 [FXGL Background Thread 3 ] DEBUG Engine               - isEmbedded: false
06:24:44.612 [FXGL Background Thread 3 ] DEBUG Engine               - isEntityPreloadEnabled: true
06:24:44.612 [FXGL Background Thread 3 ] DEBUG Engine               - isExperimentalTiledLargeMap: false
06:24:44.612 [FXGL Background Thread 3 ] DEBUG Engine               - isFileSystemWriteAllowed: true
06:24:44.612 [FXGL Background Thread 3 ] DEBUG Engine               - isFullScreenAllowed: false
06:24:44.612 [FXGL Background Thread 3 ] DEBUG Engine               - isFullScreenFromStart: false
06:24:44.613 [FXGL Background Thread 3 ] DEBUG Engine               - isGameMenuEnabled: true
06:24:44.613 [FXGL Background Thread 3 ] DEBUG Engine               - isIOS: false
06:24:44.613 [FXGL Background Thread 3 ] DEBUG Engine               - isIntroEnabled: false
06:24:44.613 [FXGL Background Thread 3 ] DEBUG Engine               - isLinux: false
06:24:44.613 [FXGL Background Thread 3 ] DEBUG Engine               - isMac: false
06:24:44.613 [FXGL Background Thread 3 ] DEBUG Engine               - isMainMenuEnabled: true
06:24:44.613 [FXGL Background Thread 3 ] DEBUG Engine               - isManualResizeEnabled: false
06:24:44.613 [FXGL Background Thread 3 ] DEBUG Engine               - isMobile: false
06:24:44.613 [FXGL Background Thread 3 ] DEBUG Engine               - isNative: false
06:24:44.614 [FXGL Background Thread 3 ] DEBUG Engine               - isPauseMusicWhenMinimized: true
06:24:44.614 [FXGL Background Thread 3 ] DEBUG Engine               - isPreserveResizeRatio: false
06:24:44.614 [FXGL Background Thread 3 ] DEBUG Engine               - isProfilingEnabled: false
06:24:44.614 [FXGL Background Thread 3 ] DEBUG Engine               - isScaleAffectedOnResize: true
06:24:44.614 [FXGL Background Thread 3 ] DEBUG Engine               - isSingleStep: false
06:24:44.614 [FXGL Background Thread 3 ] DEBUG Engine               - isUserProfileEnabled: false
06:24:44.614 [FXGL Background Thread 3 ] DEBUG Engine               - isWindows: true
06:24:44.615 [FXGL Background Thread 3 ] DEBUG Engine               - language: ObjectProperty [value: ENGLISH]
06:24:44.615 [FXGL Background Thread 3 ] DEBUG Engine               - menuKey: ESCAPE
06:24:44.615 [FXGL Background Thread 3 ] DEBUG Engine               - mouseSensitivity: 0.2
06:24:44.615 [FXGL Background Thread 3 ] DEBUG Engine               - notificationViewClass: class com.almasb.fxgl.notification.view.XboxNotificationView
06:24:44.615 [FXGL Background Thread 3 ] DEBUG Engine               - pixelsPerMeter: 50.0
06:24:44.615 [FXGL Background Thread 3 ] DEBUG Engine               - platform: WINDOWS
06:24:44.615 [FXGL Background Thread 3 ] DEBUG Engine               - prefHeightProperty: ReadOnlyDoubleProperty [value: 800.0]
06:24:44.615 [FXGL Background Thread 3 ] DEBUG Engine               - prefWidthProperty: ReadOnlyDoubleProperty [value: 800.0]
06:24:44.615 [FXGL Background Thread 3 ] DEBUG Engine               - profileDir: profiles/
06:24:44.616 [FXGL Background Thread 3 ] DEBUG Engine               - profileName: StringProperty [value: DEFAULT]
06:24:44.616 [FXGL Background Thread 3 ] DEBUG Engine               - randomSeed: -1
06:24:44.616 [FXGL Background Thread 3 ] DEBUG Engine               - runtimeInfo: RuntimeInfo(platform=WINDOWS, version=21.1, build=27.03.2024 07.52)
06:24:44.616 [FXGL Background Thread 3 ] DEBUG Engine               - saveFileExt: sav
06:24:44.616 [FXGL Background Thread 3 ] DEBUG Engine               - scaledHeightProp$fxgl: DoubleProperty [bound, value: 768.0]
06:24:44.616 [FXGL Background Thread 3 ] DEBUG Engine               - scaledWidthProp$fxgl: DoubleProperty [bound, value: 743.0]
06:24:44.616 [FXGL Background Thread 3 ] DEBUG Engine               - sceneFactory: com.lab.App$1@148d011f
06:24:44.617 [FXGL Background Thread 3 ] DEBUG Engine               - secondsIn24h: 60
06:24:44.617 [FXGL Background Thread 3 ] DEBUG Engine               - soundMenuBack: menu/back.wav
06:24:44.617 [FXGL Background Thread 3 ] DEBUG Engine               - soundMenuPress: menu/press.wav
06:24:44.617 [FXGL Background Thread 3 ] DEBUG Engine               - soundMenuSelect: menu/select.wav
06:24:44.617 [FXGL Background Thread 3 ] DEBUG Engine               - soundNotification: core/notification.wav
06:24:44.617 [FXGL Background Thread 3 ] DEBUG Engine               - stageStyle: DECORATED
06:24:44.617 [FXGL Background Thread 3 ] DEBUG Engine               - supportedLanguages: [ENGLISH, FRENCH, GERMAN, HUNGARIAN, RUSSIAN]
06:24:44.617 [FXGL Background Thread 3 ] DEBUG Engine               - ticksPerSecond: -1
06:24:44.617 [FXGL Background Thread 3 ] DEBUG Engine               - title: Gonvival
06:24:44.617 [FXGL Background Thread 3 ] DEBUG Engine               - urlGithub: https://github.com/AlmasB/FXGL
06:24:44.617 [FXGL Background Thread 3 ] DEBUG Engine               - urlLeaderboard: http://fxgl-top.herokuapp.com/
06:24:44.618 [FXGL Background Thread 3 ] DEBUG Engine               - urlPOM: https://raw.githubusercontent.com/AlmasB/FXGL/release/README.md
06:24:44.618 [FXGL Background Thread 3 ] DEBUG Engine               - userAppClass: class com.lab.App
06:24:44.618 [FXGL Background Thread 3 ] DEBUG Engine               - version: beta
06:24:44.618 [FXGL Background Thread 3 ] DEBUG Engine               - versionCheckDays: 7
06:24:44.618 [FXGL Background Thread 3 ] DEBUG Engine               - width: 800
06:24:44.618 [FXGL Background Thread 3 ] DEBUG Engine               - Logging services
06:24:44.618 [FXGL Background Thread 3 ] DEBUG Engine               - class com.almasb.fxgl.app.services.FXGLAssetLoaderService
06:24:44.618 [FXGL Background Thread 3 ] DEBUG Engine               - class com.almasb.fxgl.app.FXGLApplication$GameApplicationService
06:24:44.618 [FXGL Background Thread 3 ] DEBUG Engine               - class com.almasb.fxgl.app.services.FXGLDialogService
06:24:44.619 [FXGL Background Thread 3 ] DEBUG Engine               - class com.almasb.fxgl.app.services.IOTaskExecutorService
06:24:44.619 [FXGL Background Thread 3 ] DEBUG Engine               - class com.almasb.fxgl.io.FileSystemService
06:24:44.619 [FXGL Background Thread 3 ] DEBUG Engine               - class com.almasb.fxgl.localization.LocalizationService
06:24:44.619 [FXGL Background Thread 3 ] DEBUG Engine               - class com.almasb.fxgl.app.services.SystemBundleService
06:24:44.619 [FXGL Background Thread 3 ] DEBUG Engine               - class com.almasb.fxgl.profile.SaveLoadService
06:24:44.619 [FXGL Background Thread 3 ] DEBUG Engine               - class com.almasb.fxgl.ui.FXGLUIFactoryServiceProvider
06:24:44.619 [FXGL Background Thread 3 ] DEBUG Engine               - class com.almasb.fxgl.ui.FXGLDialogFactoryServiceProvider
06:24:44.619 [FXGL Background Thread 3 ] DEBUG Engine               - class com.almasb.fxgl.audio.AudioPlayer
06:24:44.619 [FXGL Background Thread 3 ] DEBUG Engine               - class com.almasb.fxgl.notification.impl.NotificationServiceProvider
06:24:44.619 [FXGL Background Thread 3 ] DEBUG Engine               - class com.almasb.fxgl.achievement.AchievementService
06:24:44.619 [FXGL Background Thread 3 ] DEBUG Engine               - class com.almasb.fxgl.cutscene.CutsceneService
06:24:44.619 [FXGL Background Thread 3 ] DEBUG Engine               - class com.almasb.fxgl.minigames.MiniGameService
06:24:44.619 [FXGL Background Thread 3 ] DEBUG Engine               - class com.almasb.fxgl.net.NetService
06:24:44.620 [FXGL Background Thread 3 ] DEBUG Engine               - class com.almasb.fxgl.app.services.UpdaterService
06:24:44.620 [FXGL Background Thread 3 ] DEBUG Engine               - class com.almasb.fxgl.dev.DevService
06:24:46.698 [JavaFX Application Thread] DEBUG AudioPlayer          - Stopping music com.almasb.fxgl.audio.Music@4f36b7f
06:24:46.698 [JavaFX Application Thread] DEBUG Menu                 - fireNewGame()
06:24:46.698 [JavaFX Application Thread] DEBUG GameApplicationServi - Starting new game
06:24:46.698 [JavaFX Application Thread] DEBUG PrimaryStageWindow   - Pop state: StartScreen
06:24:46.698 [JavaFX Application Thread] DEBUG Input                - Clearing active input actions
06:24:46.699 [JavaFX Application Thread] DEBUG GameApplicationServi - Removing overlay from StartScreen and adding to FXGLMainMenuDummyScene
06:24:46.700 [JavaFX Application Thread] DEBUG PrimaryStageWindow   - FXGLMainMenuDummyScene <- StartScreen
06:24:46.700 [JavaFX Application Thread] DEBUG Input                - Clearing active input actions
06:24:46.713 [JavaFX Application Thread] DEBUG GameApplicationServi - Removing overlay from FXGLMainMenuDummyScene and adding to FXGLLoadingScene
06:24:46.715 [JavaFX Application Thread] DEBUG PrimaryStageWindow   - FXGLMainMenuDummyScene -> FXGLLoadingScene
06:24:46.715 [JavaFX Application Thread] DEBUG GameApplicationServi - Clearing previous game
06:24:46.715 [JavaFX Application Thread] DEBUG GameScene            - Clearing game scene
06:24:46.715 [JavaFX Application Thread] DEBUG GameWorld            - Clearing game world
06:24:46.716 [JavaFX Application Thread] DEBUG PhysicsWorld         - Clearing physics world
06:24:46.720 [FXGL Background Thread 2 ] DEBUG FXGLApplication      - Initializing game
06:24:46.733 [FXGL Background Thread 2 ] DEBUG FXGLAssetLoaderServi - Loading from file system: file:/E:/Labs/Gonvival/game/target/classes/assets/textures/map.png
06:24:46.783 [FXGL Background Thread 2 ] WARN  FXGLAssetLoaderServi - Asset "/assets/music/menu_music.mp3" was not found!
06:24:46.794 [FXGL Background Thread 2 ] WARN  FXGLAssetLoaderServi - Failed to load MUSIC
06:24:46.870 [FXGL Background Thread 2 ] DEBUG AudioPlayer          - Playing music com.almasb.fxgl.audio.Music@6663153b
06:24:46.871 [FXGL Background Thread 2 ] DEBUG AudioPlayer          - Playing music com.almasb.fxgl.audio.Music@6663153b
06:24:46.927 [FXGL Background Thread 2 ] DEBUG FXGLAssetLoaderServi - Loading from file system: file:/E:/Labs/Gonvival/game/target/classes/assets/textures/idle_down.png
06:24:46.935 [FXGL Background Thread 2 ] DEBUG FXGLAssetLoaderServi - Loading from file system: file:/E:/Labs/Gonvival/game/target/classes/assets/textures/idle_up.png
06:24:46.941 [FXGL Background Thread 2 ] DEBUG FXGLAssetLoaderServi - Loading from file system: file:/E:/Labs/Gonvival/game/target/classes/assets/textures/idle_left_down.png
06:24:46.944 [FXGL Background Thread 2 ] DEBUG FXGLAssetLoaderServi - Loading from file system: file:/E:/Labs/Gonvival/game/target/classes/assets/textures/idle_left_up.png
06:24:46.947 [FXGL Background Thread 2 ] DEBUG FXGLAssetLoaderServi - Loading from file system: file:/E:/Labs/Gonvival/game/target/classes/assets/textures/idle_right_down.png
06:24:46.950 [FXGL Background Thread 2 ] DEBUG FXGLAssetLoaderServi - Loading from file system: file:/E:/Labs/Gonvival/game/target/classes/assets/textures/idle_right_up.png
06:24:46.952 [FXGL Background Thread 2 ] DEBUG FXGLAssetLoaderServi - Loading from file system: file:/E:/Labs/Gonvival/game/target/classes/assets/textures/walk_left_down.png
06:24:46.956 [FXGL Background Thread 2 ] DEBUG FXGLAssetLoaderServi - Loading from file system: file:/E:/Labs/Gonvival/game/target/classes/assets/textures/walk_right_down.png
06:24:46.959 [FXGL Background Thread 2 ] DEBUG FXGLAssetLoaderServi - Loading from file system: file:/E:/Labs/Gonvival/game/target/classes/assets/textures/walk_up.png
06:24:46.962 [FXGL Background Thread 2 ] DEBUG FXGLAssetLoaderServi - Loading from file system: file:/E:/Labs/Gonvival/game/target/classes/assets/textures/walk_down.png
06:24:46.965 [FXGL Background Thread 2 ] DEBUG FXGLAssetLoaderServi - Loading from file system: file:/E:/Labs/Gonvival/game/target/classes/assets/textures/walk_left_up.png
06:24:46.967 [FXGL Background Thread 2 ] DEBUG FXGLAssetLoaderServi - Loading from file system: file:/E:/Labs/Gonvival/game/target/classes/assets/textures/walk_right_up.png
06:24:47.004 [FXGL Background Thread 2 ] INFO  FXGLApplication      - Game initialization took: 0.284 sec
06:24:47.013 [JavaFX Application Thread] DEBUG Input                - Clearing active input actions
06:24:47.030 [JavaFX Application Thread] DEBUG GameApplicationServi - Removing overlay from FXGLLoadingScene and adding to GameScene
06:24:47.030 [JavaFX Application Thread] DEBUG PrimaryStageWindow   - FXGLLoadingScene -> GameScene
06:24:47.143 [JavaFX Application Thread] DEBUG Input                - Registered new binding: SHOOT - LMB
06:24:47.144 [JavaFX Application Thread] DEBUG Input                - Registered new binding: MOVE LEFT - A
06:24:47.144 [JavaFX Application Thread] DEBUG Input                - Registered new binding: MOVE RIGHT - D
06:24:47.144 [JavaFX Application Thread] DEBUG Input                - Registered new binding: MOVE UP - W
06:24:47.145 [JavaFX Application Thread] DEBUG Input                - Registered new binding: MOVE DOWN - S
06:24:47.959 [JavaFX Application Thread] DEBUG FXGLAssetLoaderServi - Loading from file system: file:/E:/Labs/Gonvival/game/target/classes/assets/textures/evil.png
06:24:48.277 [JavaFX Application Thread] DEBUG FXGLAssetLoaderServi - Loading from file system: file:/E:/Labs/Gonvival/game/target/classes/assets/textures/arrow.png
06:24:48.954 [JavaFX Application Thread] DEBUG PrimaryStageWindow   - Push state: DialogSubScene
06:24:48.955 [JavaFX Application Thread] DEBUG Input                - Clearing active input actions
06:24:48.956 [JavaFX Application Thread] DEBUG GameApplicationServi - Removing overlay from GameScene and adding to DialogSubScene
06:24:48.956 [JavaFX Application Thread] DEBUG PrimaryStageWindow   - GameScene -> DialogSubScene
06:24:49.783 [JavaFX Application Thread] DEBUG PrimaryStageWindow   - Pop state: DialogSubScene
06:24:49.783 [JavaFX Application Thread] DEBUG Input                - Clearing active input actions
06:24:49.784 [JavaFX Application Thread] DEBUG GameApplicationServi - Removing overlay from DialogSubScene and adding to GameScene
06:24:49.784 [JavaFX Application Thread] DEBUG PrimaryStageWindow   - GameScene <- DialogSubScene
06:24:50.806 [JavaFX Application Thread] DEBUG FXGLApplication      - Exiting FXGL
06:24:50.807 [JavaFX Application Thread] DEBUG LoopRunner           - Stopping loop
06:24:50.807 [JavaFX Application Thread] DEBUG SystemBundleService  - Saving FXGL system data
06:24:50.809 [JavaFX Application Thread] DEBUG FileSystemAccess     - Writing to: E:\Labs\Gonvival\system\fxgl.bundle
06:24:50.812 [JavaFX Application Thread] DEBUG Async                - Shutting down background threads
06:24:50.812 [JavaFX Application Thread] DEBUG PrimaryStageWindow   - Closing main window
06:24:50.845 [JavaFX Application Thread] DEBUG Logger               - Closing Logger
