05:10:06.170 [main                     ] DEBUG Logger               - Configured Logger
05:10:06.289 [main                     ] DEBUG GameApplication      - Logging settings
Title: Gonvival
Version: beta
Width: 800
Height: 800
Fullscreen: false
Intro: false
Profiling: false
Single step:false
App Mode: DEVELOPER
Menu Key: ESCAPE
Stage Style: DECORATED
Scene Factory: class com.lab.App$1

05:10:07.523 [JavaFX Application Thread] DEBUG FXGLApplication      - Initializing FXGL
05:10:07.530 [JavaFX Application Thread] INFO  Engine               - FXGL-21.1 (27.03.2024 07.52) on WINDOWS (J:21.0.5 FX:21.0.1)
05:10:07.535 [JavaFX Application Thread] DEBUG Engine               - JRE Vendor Name: Eclipse Adoptium
05:10:07.535 [JavaFX Application Thread] DEBUG Engine               - Running on OS: Windows 10 version 10.0
05:10:07.535 [JavaFX Application Thread] DEBUG Engine               - Architecture: amd64
05:10:07.536 [JavaFX Application Thread] INFO  Engine               - Source code and latest versions at: https://github.com/AlmasB/FXGL
05:10:07.536 [JavaFX Application Thread] INFO  Engine               -       Ask questions and discuss at: https://github.com/AlmasB/FXGL/discussions
05:10:07.537 [JavaFX Application Thread] INFO  Engine               -              Join the FXGL chat at: https://gitter.im/AlmasB/FXGL
05:10:07.815 [JavaFX Application Thread] DEBUG PrimaryStageWindow   - Creating a JavaFX scene
05:10:07.815 [JavaFX Application Thread] DEBUG PrimaryStageWindow   - Target size > screen size
05:10:07.976 [JavaFX Application Thread] DEBUG PrimaryStageWindow   - Target settings size: 800.0 x 800.0
05:10:07.976 [JavaFX Application Thread] DEBUG PrimaryStageWindow   - Scaled scene size:    743.0 x 768.0
05:10:07.977 [JavaFX Application Thread] DEBUG PrimaryStageWindow   - Scaled ratio: (0.92875, 0.96)
05:10:07.988 [JavaFX Application Thread] DEBUG PrimaryStageWindow   - Set initial scene to FXGLStartupScene
05:10:07.995 [JavaFX Application Thread] DEBUG PrimaryStageWindow   - Opening main window
05:10:08.162 [JavaFX Application Thread] DEBUG PrimaryStageWindow   - Window border size: (16.0, 39.0)
05:10:08.163 [JavaFX Application Thread] DEBUG PrimaryStageWindow   - Scaled size: 743.0 x 768.0
05:10:08.163 [JavaFX Application Thread] DEBUG PrimaryStageWindow   - Scaled ratio: (0.92875, 0.96)
05:10:08.164 [JavaFX Application Thread] DEBUG PrimaryStageWindow   - Scene size: 743.0 x 768.0
05:10:08.165 [JavaFX Application Thread] DEBUG PrimaryStageWindow   - Stage size: 759.0 x 807.0
05:10:08.295 [FXGL Background Thread 1 ] DEBUG Engine               - Initializing environment variables
05:10:08.429 [FXGL Background Thread 1 ] DEBUG FXGLAssetLoaderServi - User app class for loading assets: class com.lab.App
05:10:08.429 [FXGL Background Thread 1 ] DEBUG GameApplicationServi - Applying CSS: fxgl_dark.css
05:10:08.431 [FXGL Background Thread 1 ] DEBUG FXGLAssetLoaderServi - Loading from file system: jar:file:/C:/Users/Khana/.m2/repository/com/github/almasb/fxgl/21.1/fxgl-21.1.jar!/fxglassets/ui/css/fxgl_dark.css
05:10:08.545 [FXGL Background Thread 1 ] DEBUG GameApplicationServi - Initializing application scenes
05:10:08.813 [FXGL Background Thread 1 ] DEBUG GameWorld            - Game world initialized
05:10:08.985 [FXGL Background Thread 1 ] DEBUG PhysicsWorld         - Physics world initialized: appHeight=800, physics.ppm=50.0
05:10:08.986 [FXGL Background Thread 1 ] DEBUG PhysicsWorld         - Using strategy: BRUTE_FORCE
05:10:08.994 [FXGL Background Thread 1 ] DEBUG GameScene            - Game scene initialized: 800x800
05:10:09.079 [FXGL Background Thread 1 ] DEBUG FXGL.DefaultMenu     - createMenuBodyGameMenu()
05:10:09.102 [FXGL Background Thread 1 ] DEBUG FXGL.DefaultMenu     - createOptionsMenu()
05:10:09.114 [FXGL Background Thread 1 ] DEBUG FXGLAssetLoaderServi - Loading from file system: jar:file:/C:/Users/Khana/.m2/repository/com/github/almasb/fxgl/21.1/fxgl-21.1.jar!/fxglassets/textures/particles/smoke.png
05:10:09.302 [FXGL Background Thread 1 ] DEBUG FXGLAssetLoaderServi - Loading from file system: jar:file:/C:/Users/Khana/.m2/repository/com/github/almasb/fxgl/21.1/fxgl-21.1.jar!/fxglassets/textures/particles/trace_horizontal.png
05:10:09.358 [FXGL Background Thread 1 ] DEBUG GameApplicationServi - Application scenes initialized
05:10:09.390 [FXGL Background Thread 1 ] DEBUG SystemBundleService  - Loading FXGL system data
05:10:09.400 [FXGL Background Thread 1 ] DEBUG FileSystemAccess     - Reading from: E:\Labs\Gonvival\system\fxgl.bundle
05:10:09.423 [FXGL Background Thread 1 ] DEBUG SystemBundleService  - Bundle FXGL: {}
05:10:09.423 [FXGL Background Thread 1 ] DEBUG UpdaterService       - Checking for updates
05:10:09.433 [FXGL Background Thread 1 ] DEBUG FXGLApplication      - Loading default localization
05:10:09.435 [FXGL Background Thread 1 ] DEBUG FXGLAssetLoaderServi - Loading from file system: jar:file:/C:/Users/Khana/.m2/repository/com/github/almasb/fxgl/21.1/fxgl-21.1.jar!/fxglassets/languages/english.lang
05:10:09.482 [FXGL Background Thread 1 ] INFO  FXGLApplication      - FXGL initialization took: 1.187 sec
05:10:09.494 [JavaFX Application Thread] DEBUG FXGLAssetLoaderServi - Loading from file system: jar:file:/C:/Users/Khana/.m2/repository/com/github/almasb/fxgl/21.1/fxgl-21.1.jar!/fxglassets/textures/fxgl_icon.png
05:10:09.510 [FXGL Background Thread 4 ] DEBUG FXGLApplication      - Loading fonts
05:10:09.512 [FXGL Background Thread 4 ] DEBUG FXGLAssetLoaderServi - Loading from file system: jar:file:/C:/Users/Khana/.m2/repository/com/github/almasb/fxgl/21.1/fxgl-21.1.jar!/fxglassets/ui/fonts/VarelaRound-Regular.ttf
05:10:09.588 [FXGL Background Thread 4 ] DEBUG FXGLAssetLoaderServi - Loading from file system: jar:file:/C:/Users/Khana/.m2/repository/com/github/almasb/fxgl/21.1/fxgl-21.1.jar!/fxglassets/ui/fonts/Abel-Regular.ttf
05:10:09.590 [JavaFX Application Thread] DEBUG FXGLAssetLoaderServi - Loading from file system: jar:file:/C:/Users/Khana/.m2/repository/com/github/almasb/fxgl/21.1/fxgl-21.1.jar!/fxglassets/textures/fxgl_default_cursor.png
05:10:09.594 [FXGL Background Thread 4 ] DEBUG FXGLAssetLoaderServi - Loading from file system: jar:file:/C:/Users/Khana/.m2/repository/com/github/almasb/fxgl/21.1/fxgl-21.1.jar!/fxglassets/ui/fonts/TerminalLandMono-Regular.otf
05:10:09.604 [FXGL Background Thread 4 ] DEBUG FXGLAssetLoaderServi - Loading from file system: jar:file:/C:/Users/Khana/.m2/repository/com/github/almasb/fxgl/21.1/fxgl-21.1.jar!/fxglassets/ui/fonts/Courier-Prime.ttf
05:10:09.619 [JavaFX Application Thread] DEBUG Input                - Registered new binding: Screenshot - CTRL+8
05:10:09.620 [JavaFX Application Thread] DEBUG Input                - Registered new binding: System info dump - CTRL+9
05:10:09.621 [JavaFX Application Thread] DEBUG Input                - Registered new binding: Restart - CTRL+R
05:10:09.622 [JavaFX Application Thread] DEBUG Input                - Registered new binding: Toggle Debug Camera - CTRL+7
05:10:09.627 [JavaFX Application Thread] DEBUG LoopRunner           - Starting loop
05:10:09.627 [JavaFX Application Thread] DEBUG LoopRunner           - Initializing JavaFX AnimationTimerLoop
05:10:09.634 [JavaFX Application Thread] DEBUG Input                - Clearing active input actions
05:10:09.652 [JavaFX Application Thread] DEBUG GameApplicationServi - Removing overlay from FXGLStartupScene and adding to FXGLMainMenuDummyScene
05:10:09.653 [JavaFX Application Thread] DEBUG PrimaryStageWindow   - FXGLStartupScene -> FXGLMainMenuDummyScene
05:10:09.653 [JavaFX Application Thread] DEBUG PrimaryStageWindow   - Push state: StartScreen
05:10:09.654 [JavaFX Application Thread] DEBUG Input                - Clearing active input actions
05:10:09.677 [JavaFX Application Thread] DEBUG GameApplicationServi - Removing overlay from FXGLMainMenuDummyScene and adding to StartScreen
05:10:09.678 [JavaFX Application Thread] DEBUG PrimaryStageWindow   - FXGLMainMenuDummyScene -> StartScreen
05:10:09.679 [JavaFX Application Thread] DEBUG FXGLApplication      - Registering font factories with UI factory
05:10:11.533 [JavaFX Application Thread] DEBUG Menu                 - fireNewGame()
05:10:11.533 [JavaFX Application Thread] DEBUG GameApplicationServi - Starting new game
05:10:11.533 [JavaFX Application Thread] DEBUG PrimaryStageWindow   - Pop state: StartScreen
05:10:11.533 [JavaFX Application Thread] DEBUG Input                - Clearing active input actions
05:10:11.534 [JavaFX Application Thread] DEBUG GameApplicationServi - Removing overlay from StartScreen and adding to FXGLMainMenuDummyScene
05:10:11.535 [JavaFX Application Thread] DEBUG PrimaryStageWindow   - FXGLMainMenuDummyScene <- StartScreen
05:10:11.535 [JavaFX Application Thread] DEBUG Input                - Clearing active input actions
05:10:11.559 [JavaFX Application Thread] DEBUG GameApplicationServi - Removing overlay from FXGLMainMenuDummyScene and adding to FXGLLoadingScene
05:10:11.559 [JavaFX Application Thread] DEBUG PrimaryStageWindow   - FXGLMainMenuDummyScene -> FXGLLoadingScene
05:10:11.559 [JavaFX Application Thread] DEBUG GameApplicationServi - Clearing previous game
05:10:11.559 [JavaFX Application Thread] DEBUG GameScene            - Clearing game scene
05:10:11.560 [JavaFX Application Thread] DEBUG GameWorld            - Clearing game world
05:10:11.560 [JavaFX Application Thread] DEBUG PhysicsWorld         - Clearing physics world
05:10:11.562 [FXGL Background Thread 2 ] DEBUG FXGLApplication      - Initializing game
05:10:11.573 [FXGL Background Thread 2 ] DEBUG FXGLAssetLoaderServi - Loading from file system: file:/E:/Labs/Gonvival/game/target/classes/assets/textures/map.png
05:10:11.746 [FXGL Background Thread 2 ] DEBUG FXGLAssetLoaderServi - Loading from file system: file:/E:/Labs/Gonvival/game/target/classes/assets/textures/idle_down.png
05:10:11.773 [FXGL Background Thread 2 ] DEBUG FXGLAssetLoaderServi - Loading from file system: file:/E:/Labs/Gonvival/game/target/classes/assets/textures/idle_up.png
05:10:11.788 [FXGL Background Thread 2 ] DEBUG FXGLAssetLoaderServi - Loading from file system: file:/E:/Labs/Gonvival/game/target/classes/assets/textures/idle_left_down.png
05:10:11.792 [FXGL Background Thread 2 ] DEBUG FXGLAssetLoaderServi - Loading from file system: file:/E:/Labs/Gonvival/game/target/classes/assets/textures/idle_left_up.png
05:10:11.796 [FXGL Background Thread 2 ] DEBUG FXGLAssetLoaderServi - Loading from file system: file:/E:/Labs/Gonvival/game/target/classes/assets/textures/idle_right_down.png
05:10:11.803 [FXGL Background Thread 2 ] DEBUG FXGLAssetLoaderServi - Loading from file system: file:/E:/Labs/Gonvival/game/target/classes/assets/textures/idle_right_up.png
05:10:11.812 [FXGL Background Thread 2 ] DEBUG FXGLAssetLoaderServi - Loading from file system: file:/E:/Labs/Gonvival/game/target/classes/assets/textures/walk_left_down.png
05:10:11.817 [FXGL Background Thread 2 ] DEBUG FXGLAssetLoaderServi - Loading from file system: file:/E:/Labs/Gonvival/game/target/classes/assets/textures/walk_right_down.png
05:10:11.821 [FXGL Background Thread 2 ] DEBUG FXGLAssetLoaderServi - Loading from file system: file:/E:/Labs/Gonvival/game/target/classes/assets/textures/walk_up.png
05:10:11.827 [FXGL Background Thread 2 ] DEBUG FXGLAssetLoaderServi - Loading from file system: file:/E:/Labs/Gonvival/game/target/classes/assets/textures/walk_down.png
05:10:11.832 [FXGL Background Thread 2 ] DEBUG FXGLAssetLoaderServi - Loading from file system: file:/E:/Labs/Gonvival/game/target/classes/assets/textures/walk_left_up.png
05:10:11.836 [FXGL Background Thread 2 ] DEBUG FXGLAssetLoaderServi - Loading from file system: file:/E:/Labs/Gonvival/game/target/classes/assets/textures/walk_right_up.png
05:10:11.862 [FXGL Background Thread 2 ] INFO  FXGLApplication      - Game initialization took: 0.300 sec
05:10:11.886 [JavaFX Application Thread] DEBUG Input                - Clearing active input actions
05:10:11.904 [JavaFX Application Thread] DEBUG GameApplicationServi - Removing overlay from FXGLLoadingScene and adding to GameScene
05:10:11.905 [JavaFX Application Thread] DEBUG PrimaryStageWindow   - FXGLLoadingScene -> GameScene
05:10:11.985 [JavaFX Application Thread] DEBUG Input                - Registered new binding: SHOOT - LMB
05:10:11.986 [JavaFX Application Thread] DEBUG Input                - Registered new binding: MOVE LEFT - A
05:10:11.986 [JavaFX Application Thread] DEBUG Input                - Registered new binding: MOVE RIGHT - D
05:10:11.986 [JavaFX Application Thread] DEBUG Input                - Registered new binding: MOVE UP - W
05:10:11.987 [JavaFX Application Thread] DEBUG Input                - Registered new binding: MOVE DOWN - S
05:10:12.429 [FXGL Background Thread 3 ] DEBUG Engine               - Logging environment variables
05:10:12.430 [FXGL Background Thread 3 ] DEBUG Engine               - achievements: []
05:10:12.430 [FXGL Background Thread 3 ] DEBUG Engine               - actualHeight: 768.0
05:10:12.430 [FXGL Background Thread 3 ] DEBUG Engine               - actualHeightProperty: ReadOnlyDoubleProperty [value: 768.0]
05:10:12.431 [FXGL Background Thread 3 ] DEBUG Engine               - actualWidth: 743.0
05:10:12.432 [FXGL Background Thread 3 ] DEBUG Engine               - actualWidthProperty: ReadOnlyDoubleProperty [value: 743.0]
05:10:12.432 [FXGL Background Thread 3 ] DEBUG Engine               - appIcon: fxgl_icon.png
05:10:12.432 [FXGL Background Thread 3 ] DEBUG Engine               - applicationMode: DEVELOPER
05:10:12.432 [FXGL Background Thread 3 ] DEBUG Engine               - cSSList: [fxgl_dark.css]
05:10:12.432 [FXGL Background Thread 3 ] DEBUG Engine               - collisionDetectionStrategy: BRUTE_FORCE
05:10:12.432 [FXGL Background Thread 3 ] DEBUG Engine               - configClass: Optional.empty
05:10:12.432 [FXGL Background Thread 3 ] DEBUG Engine               - credits: []
05:10:12.433 [FXGL Background Thread 3 ] DEBUG Engine               - defaultCursor: CursorInfo(imageName=fxgl_default_cursor.png, hotspotX=7.0, hotspotY=6.0)
05:10:12.433 [FXGL Background Thread 3 ] DEBUG Engine               - devBBoxColorProperty: ObjectProperty [value: 0xff0000ff]
05:10:12.433 [FXGL Background Thread 3 ] DEBUG Engine               - devEnableDebugCameraProperty: BooleanProperty [value: false]
05:10:12.433 [FXGL Background Thread 3 ] DEBUG Engine               - devSensorColorProperty: ObjectProperty [value: 0xffff00ff]
05:10:12.433 [FXGL Background Thread 3 ] DEBUG Engine               - devShowBBoxProperty: BooleanProperty [value: false]
05:10:12.433 [FXGL Background Thread 3 ] DEBUG Engine               - devShowPositionProperty: BooleanProperty [value: false]
05:10:12.434 [FXGL Background Thread 3 ] DEBUG Engine               - enabledMenuItems: []
05:10:12.434 [FXGL Background Thread 3 ] DEBUG Engine               - engineServices: [class com.almasb.fxgl.app.services.FXGLAssetLoaderService, class com.almasb.fxgl.app.FXGLApplication$GameApplicationService, class com.almasb.fxgl.app.services.FXGLDialogService, class com.almasb.fxgl.app.services.IOTaskExecutorService, class com.almasb.fxgl.io.FileSystemService, class com.almasb.fxgl.localization.LocalizationService, class com.almasb.fxgl.app.services.SystemBundleService, class com.almasb.fxgl.profile.SaveLoadService, class com.almasb.fxgl.ui.FXGLUIFactoryServiceProvider, class com.almasb.fxgl.ui.FXGLDialogFactoryServiceProvider, class com.almasb.fxgl.audio.AudioPlayer, class com.almasb.fxgl.notification.impl.NotificationServiceProvider, class com.almasb.fxgl.achievement.AchievementService, class com.almasb.fxgl.cutscene.CutsceneService, class com.almasb.fxgl.minigames.MiniGameService, class com.almasb.fxgl.net.NetService, class com.almasb.fxgl.app.services.UpdaterService, class com.almasb.fxgl.dev.DevService]
05:10:12.434 [FXGL Background Thread 3 ] DEBUG Engine               - fontGame: Abel-Regular.ttf
05:10:12.434 [FXGL Background Thread 3 ] DEBUG Engine               - fontMono: TerminalLandMono-Regular.otf
05:10:12.434 [FXGL Background Thread 3 ] DEBUG Engine               - fontSizeScaleUI: 1.0
05:10:12.434 [FXGL Background Thread 3 ] DEBUG Engine               - fontText: Courier-Prime.ttf
05:10:12.434 [FXGL Background Thread 3 ] DEBUG Engine               - fontUI: VarelaRound-Regular.ttf
05:10:12.434 [FXGL Background Thread 3 ] DEBUG Engine               - fullScreen: BooleanProperty [value: false]
05:10:12.434 [FXGL Background Thread 3 ] DEBUG Engine               - gameDifficulty: MEDIUM
05:10:12.434 [FXGL Background Thread 3 ] DEBUG Engine               - gameDifficultyProperty: ObjectProperty [value: MEDIUM]
05:10:12.435 [FXGL Background Thread 3 ] DEBUG Engine               - globalMusicVolume: 0.5
05:10:12.435 [FXGL Background Thread 3 ] DEBUG Engine               - globalMusicVolumeProperty: DoubleProperty [value: 0.5]
05:10:12.435 [FXGL Background Thread 3 ] DEBUG Engine               - globalSoundVolume: 0.5
05:10:12.435 [FXGL Background Thread 3 ] DEBUG Engine               - globalSoundVolumeProperty: DoubleProperty [value: 0.5]
05:10:12.435 [FXGL Background Thread 3 ] DEBUG Engine               - height: 800
05:10:12.435 [FXGL Background Thread 3 ] DEBUG Engine               - is3D: false
05:10:12.435 [FXGL Background Thread 3 ] DEBUG Engine               - isAndroid: false
05:10:12.435 [FXGL Background Thread 3 ] DEBUG Engine               - isBrowser: false
05:10:12.436 [FXGL Background Thread 3 ] DEBUG Engine               - isClickFeedbackEnabled: false
05:10:12.436 [FXGL Background Thread 3 ] DEBUG Engine               - isCloseConfirmation: false
05:10:12.436 [FXGL Background Thread 3 ] DEBUG Engine               - isDesktop: true
05:10:12.436 [FXGL Background Thread 3 ] DEBUG Engine               - isDeveloperMenuEnabled: false
05:10:12.436 [FXGL Background Thread 3 ] DEBUG Engine               - isEmbedded: false
05:10:12.436 [FXGL Background Thread 3 ] DEBUG Engine               - isEntityPreloadEnabled: true
05:10:12.436 [FXGL Background Thread 3 ] DEBUG Engine               - isExperimentalTiledLargeMap: false
05:10:12.436 [FXGL Background Thread 3 ] DEBUG Engine               - isFileSystemWriteAllowed: true
05:10:12.436 [FXGL Background Thread 3 ] DEBUG Engine               - isFullScreenAllowed: false
05:10:12.436 [FXGL Background Thread 3 ] DEBUG Engine               - isFullScreenFromStart: false
05:10:12.437 [FXGL Background Thread 3 ] DEBUG Engine               - isGameMenuEnabled: true
05:10:12.437 [FXGL Background Thread 3 ] DEBUG Engine               - isIOS: false
05:10:12.437 [FXGL Background Thread 3 ] DEBUG Engine               - isIntroEnabled: false
05:10:12.437 [FXGL Background Thread 3 ] DEBUG Engine               - isLinux: false
05:10:12.437 [FXGL Background Thread 3 ] DEBUG Engine               - isMac: false
05:10:12.437 [FXGL Background Thread 3 ] DEBUG Engine               - isMainMenuEnabled: true
05:10:12.437 [FXGL Background Thread 3 ] DEBUG Engine               - isManualResizeEnabled: false
05:10:12.437 [FXGL Background Thread 3 ] DEBUG Engine               - isMobile: false
05:10:12.437 [FXGL Background Thread 3 ] DEBUG Engine               - isNative: false
05:10:12.437 [FXGL Background Thread 3 ] DEBUG Engine               - isPauseMusicWhenMinimized: true
05:10:12.437 [FXGL Background Thread 3 ] DEBUG Engine               - isPreserveResizeRatio: false
05:10:12.437 [FXGL Background Thread 3 ] DEBUG Engine               - isProfilingEnabled: false
05:10:12.438 [FXGL Background Thread 3 ] DEBUG Engine               - isScaleAffectedOnResize: true
05:10:12.438 [FXGL Background Thread 3 ] DEBUG Engine               - isSingleStep: false
05:10:12.438 [FXGL Background Thread 3 ] DEBUG Engine               - isUserProfileEnabled: false
05:10:12.438 [FXGL Background Thread 3 ] DEBUG Engine               - isWindows: true
05:10:12.438 [FXGL Background Thread 3 ] DEBUG Engine               - language: ObjectProperty [value: ENGLISH]
05:10:12.438 [FXGL Background Thread 3 ] DEBUG Engine               - menuKey: ESCAPE
05:10:12.438 [FXGL Background Thread 3 ] DEBUG Engine               - mouseSensitivity: 0.2
05:10:12.438 [FXGL Background Thread 3 ] DEBUG Engine               - notificationViewClass: class com.almasb.fxgl.notification.view.XboxNotificationView
05:10:12.438 [FXGL Background Thread 3 ] DEBUG Engine               - pixelsPerMeter: 50.0
05:10:12.438 [FXGL Background Thread 3 ] DEBUG Engine               - platform: WINDOWS
05:10:12.439 [FXGL Background Thread 3 ] DEBUG Engine               - prefHeightProperty: ReadOnlyDoubleProperty [value: 800.0]
05:10:12.439 [FXGL Background Thread 3 ] DEBUG Engine               - prefWidthProperty: ReadOnlyDoubleProperty [value: 800.0]
05:10:12.439 [FXGL Background Thread 3 ] DEBUG Engine               - profileDir: profiles/
05:10:12.439 [FXGL Background Thread 3 ] DEBUG Engine               - profileName: StringProperty [value: DEFAULT]
05:10:12.439 [FXGL Background Thread 3 ] DEBUG Engine               - randomSeed: -1
05:10:12.439 [FXGL Background Thread 3 ] DEBUG Engine               - runtimeInfo: RuntimeInfo(platform=WINDOWS, version=21.1, build=27.03.2024 07.52)
05:10:12.440 [FXGL Background Thread 3 ] DEBUG Engine               - saveFileExt: sav
05:10:12.440 [FXGL Background Thread 3 ] DEBUG Engine               - scaledHeightProp$fxgl: DoubleProperty [bound, value: 768.0]
05:10:12.440 [FXGL Background Thread 3 ] DEBUG Engine               - scaledWidthProp$fxgl: DoubleProperty [bound, value: 743.0]
05:10:12.440 [FXGL Background Thread 3 ] DEBUG Engine               - sceneFactory: com.lab.App$1@5d758e75
05:10:12.440 [FXGL Background Thread 3 ] DEBUG Engine               - secondsIn24h: 60
05:10:12.440 [FXGL Background Thread 3 ] DEBUG Engine               - soundMenuBack: menu/back.wav
05:10:12.440 [FXGL Background Thread 3 ] DEBUG Engine               - soundMenuPress: menu/press.wav
05:10:12.440 [FXGL Background Thread 3 ] DEBUG Engine               - soundMenuSelect: menu/select.wav
05:10:12.440 [FXGL Background Thread 3 ] DEBUG Engine               - soundNotification: core/notification.wav
05:10:12.440 [FXGL Background Thread 3 ] DEBUG Engine               - stageStyle: DECORATED
05:10:12.440 [FXGL Background Thread 3 ] DEBUG Engine               - supportedLanguages: [ENGLISH, FRENCH, GERMAN, HUNGARIAN, RUSSIAN]
05:10:12.440 [FXGL Background Thread 3 ] DEBUG Engine               - ticksPerSecond: -1
05:10:12.440 [FXGL Background Thread 3 ] DEBUG Engine               - title: Gonvival
05:10:12.440 [FXGL Background Thread 3 ] DEBUG Engine               - urlGithub: https://github.com/AlmasB/FXGL
05:10:12.440 [FXGL Background Thread 3 ] DEBUG Engine               - urlLeaderboard: http://fxgl-top.herokuapp.com/
05:10:12.441 [FXGL Background Thread 3 ] DEBUG Engine               - urlPOM: https://raw.githubusercontent.com/AlmasB/FXGL/release/README.md
05:10:12.441 [FXGL Background Thread 3 ] DEBUG Engine               - userAppClass: class com.lab.App
05:10:12.441 [FXGL Background Thread 3 ] DEBUG Engine               - version: beta
05:10:12.441 [FXGL Background Thread 3 ] DEBUG Engine               - versionCheckDays: 7
05:10:12.441 [FXGL Background Thread 3 ] DEBUG Engine               - width: 800
05:10:12.441 [FXGL Background Thread 3 ] DEBUG Engine               - Logging services
05:10:12.441 [FXGL Background Thread 3 ] DEBUG Engine               - class com.almasb.fxgl.app.services.FXGLAssetLoaderService
05:10:12.441 [FXGL Background Thread 3 ] DEBUG Engine               - class com.almasb.fxgl.app.FXGLApplication$GameApplicationService
05:10:12.441 [FXGL Background Thread 3 ] DEBUG Engine               - class com.almasb.fxgl.app.services.FXGLDialogService
05:10:12.441 [FXGL Background Thread 3 ] DEBUG Engine               - class com.almasb.fxgl.app.services.IOTaskExecutorService
05:10:12.441 [FXGL Background Thread 3 ] DEBUG Engine               - class com.almasb.fxgl.io.FileSystemService
05:10:12.441 [FXGL Background Thread 3 ] DEBUG Engine               - class com.almasb.fxgl.localization.LocalizationService
05:10:12.441 [FXGL Background Thread 3 ] DEBUG Engine               - class com.almasb.fxgl.app.services.SystemBundleService
05:10:12.441 [FXGL Background Thread 3 ] DEBUG Engine               - class com.almasb.fxgl.profile.SaveLoadService
05:10:12.441 [FXGL Background Thread 3 ] DEBUG Engine               - class com.almasb.fxgl.ui.FXGLUIFactoryServiceProvider
05:10:12.441 [FXGL Background Thread 3 ] DEBUG Engine               - class com.almasb.fxgl.ui.FXGLDialogFactoryServiceProvider
05:10:12.441 [FXGL Background Thread 3 ] DEBUG Engine               - class com.almasb.fxgl.audio.AudioPlayer
05:10:12.441 [FXGL Background Thread 3 ] DEBUG Engine               - class com.almasb.fxgl.notification.impl.NotificationServiceProvider
05:10:12.441 [FXGL Background Thread 3 ] DEBUG Engine               - class com.almasb.fxgl.achievement.AchievementService
05:10:12.442 [FXGL Background Thread 3 ] DEBUG Engine               - class com.almasb.fxgl.cutscene.CutsceneService
05:10:12.442 [FXGL Background Thread 3 ] DEBUG Engine               - class com.almasb.fxgl.minigames.MiniGameService
05:10:12.442 [FXGL Background Thread 3 ] DEBUG Engine               - class com.almasb.fxgl.net.NetService
05:10:12.442 [FXGL Background Thread 3 ] DEBUG Engine               - class com.almasb.fxgl.app.services.UpdaterService
05:10:12.442 [FXGL Background Thread 3 ] DEBUG Engine               - class com.almasb.fxgl.dev.DevService
05:10:12.575 [JavaFX Application Thread] DEBUG FXGLAssetLoaderServi - Loading from file system: file:/E:/Labs/Gonvival/game/target/classes/assets/textures/evil.png
05:10:12.784 [JavaFX Application Thread] DEBUG FXGLAssetLoaderServi - Loading from file system: file:/E:/Labs/Gonvival/game/target/classes/assets/textures/arrow.png
05:10:13.381 [JavaFX Application Thread] DEBUG PrimaryStageWindow   - Push state: DialogSubScene
05:10:13.381 [JavaFX Application Thread] DEBUG Input                - Clearing active input actions
05:10:13.384 [JavaFX Application Thread] DEBUG GameApplicationServi - Removing overlay from GameScene and adding to DialogSubScene
05:10:13.384 [JavaFX Application Thread] DEBUG PrimaryStageWindow   - GameScene -> DialogSubScene
05:10:14.309 [JavaFX Application Thread] DEBUG PrimaryStageWindow   - Pop state: DialogSubScene
05:10:14.309 [JavaFX Application Thread] DEBUG Input                - Clearing active input actions
05:10:14.310 [JavaFX Application Thread] DEBUG GameApplicationServi - Removing overlay from DialogSubScene and adding to GameScene
05:10:14.311 [JavaFX Application Thread] DEBUG PrimaryStageWindow   - GameScene <- DialogSubScene
05:10:17.740 [JavaFX Application Thread] DEBUG FXGLApplication      - Exiting FXGL
05:10:17.740 [JavaFX Application Thread] DEBUG LoopRunner           - Stopping loop
05:10:17.740 [JavaFX Application Thread] DEBUG SystemBundleService  - Saving FXGL system data
05:10:17.742 [JavaFX Application Thread] DEBUG FileSystemAccess     - Writing to: E:\Labs\Gonvival\system\fxgl.bundle
05:10:17.744 [JavaFX Application Thread] DEBUG Async                - Shutting down background threads
05:10:17.745 [JavaFX Application Thread] DEBUG PrimaryStageWindow   - Closing main window
05:10:17.754 [JavaFX Application Thread] DEBUG Logger               - Closing Logger
