14:18:23.004 [main                     ] DEBUG Logger               - Configured Logger
14:18:23.088 [main                     ] DEBUG GameApplication      - Logging settings
Title: Gonvival
Version: beta
Width: 800
Height: 800
Fullscreen: false
Intro: false
Profiling: false
Single step:false
App Mode: DEVELOPER
Menu Key: ESCAPE
Stage Style: DECORATED
Scene Factory: class com.lab.App$1

14:18:24.752 [JavaFX Application Thread] DEBUG FXGLApplication      - Initializing FXGL
14:18:24.756 [JavaFX Application Thread] INFO  Engine               - FXGL-21.1 (27.03.2024 07.52) on WINDOWS (J:21.0.5 FX:21.0.1)
14:18:24.757 [JavaFX Application Thread] DEBUG Engine               - JRE Vendor Name: Eclipse Adoptium
14:18:24.758 [JavaFX Application Thread] DEBUG Engine               - Running on OS: Windows 11 version 10.0
14:18:24.758 [JavaFX Application Thread] DEBUG Engine               - Architecture: amd64
14:18:24.758 [JavaFX Application Thread] INFO  Engine               - Source code and latest versions at: https://github.com/AlmasB/FXGL
14:18:24.759 [JavaFX Application Thread] INFO  Engine               -       Ask questions and discuss at: https://github.com/AlmasB/FXGL/discussions
14:18:24.759 [JavaFX Application Thread] INFO  Engine               -              Join the FXGL chat at: https://gitter.im/AlmasB/FXGL
14:18:24.988 [JavaFX Application Thread] DEBUG PrimaryStageWindow   - Creating a JavaFX scene
14:18:25.059 [JavaFX Application Thread] DEBUG PrimaryStageWindow   - Target settings size: 800.0 x 800.0
14:18:25.062 [JavaFX Application Thread] DEBUG PrimaryStageWindow   - Scaled scene size:    800.0 x 800.0
14:18:25.062 [JavaFX Application Thread] DEBUG PrimaryStageWindow   - Scaled ratio: (1.0, 1.0)
14:18:25.065 [JavaFX Application Thread] DEBUG PrimaryStageWindow   - Set initial scene to FXGLStartupScene
14:18:25.076 [JavaFX Application Thread] DEBUG PrimaryStageWindow   - Opening main window
14:18:25.336 [JavaFX Application Thread] DEBUG PrimaryStageWindow   - Window border size: (16.0, 39.0)
14:18:25.336 [JavaFX Application Thread] DEBUG PrimaryStageWindow   - Scaled size: 800.0 x 800.0
14:18:25.337 [JavaFX Application Thread] DEBUG PrimaryStageWindow   - Scaled ratio: (1.0, 1.0)
14:18:25.338 [JavaFX Application Thread] DEBUG PrimaryStageWindow   - Scene size: 800.0 x 800.0
14:18:25.339 [JavaFX Application Thread] DEBUG PrimaryStageWindow   - Stage size: 816.0 x 839.0
14:18:25.362 [FXGL Background Thread 1 ] DEBUG Engine               - Initializing environment variables
14:18:25.473 [FXGL Background Thread 1 ] DEBUG FXGLAssetLoaderServi - User app class for loading assets: class com.lab.App
14:18:25.474 [FXGL Background Thread 1 ] DEBUG GameApplicationServi - Applying CSS: fxgl_dark.css
14:18:25.475 [FXGL Background Thread 1 ] DEBUG FXGLAssetLoaderServi - Loading from file system: jar:file:/C:/Users/HP/.m2/repository/com/github/almasb/fxgl/21.1/fxgl-21.1.jar!/fxglassets/ui/css/fxgl_dark.css
14:18:25.542 [FXGL Background Thread 1 ] DEBUG GameApplicationServi - Initializing application scenes
14:18:25.636 [FXGL Background Thread 1 ] DEBUG GameWorld            - Game world initialized
14:18:25.751 [FXGL Background Thread 1 ] DEBUG PhysicsWorld         - Physics world initialized: appHeight=800, physics.ppm=50.0
14:18:25.752 [FXGL Background Thread 1 ] DEBUG PhysicsWorld         - Using strategy: BRUTE_FORCE
14:18:25.758 [FXGL Background Thread 1 ] DEBUG GameScene            - Game scene initialized: 800x800
14:18:25.761 [FXGL Background Thread 1 ] DEBUG FXGLAssetLoaderServi - Loading from file system: file:/D:/Gonvival/game/target/classes/assets/sounds/button_click.mp3
14:18:26.001 [FXGL Background Thread 1 ] DEBUG FXGL.DefaultMenu     - createMenuBodyGameMenu()
14:18:26.030 [FXGL Background Thread 1 ] DEBUG FXGL.DefaultMenu     - createOptionsMenu()
14:18:26.074 [FXGL Background Thread 1 ] DEBUG FXGLAssetLoaderServi - Loading from file system: jar:file:/C:/Users/HP/.m2/repository/com/github/almasb/fxgl/21.1/fxgl-21.1.jar!/fxglassets/textures/particles/smoke.png
14:18:26.259 [FXGL Background Thread 1 ] DEBUG FXGLAssetLoaderServi - Loading from file system: jar:file:/C:/Users/HP/.m2/repository/com/github/almasb/fxgl/21.1/fxgl-21.1.jar!/fxglassets/textures/particles/trace_horizontal.png
14:18:26.295 [FXGL Background Thread 1 ] DEBUG GameApplicationServi - Application scenes initialized
14:18:26.313 [FXGL Background Thread 1 ] DEBUG SystemBundleService  - Loading FXGL system data
14:18:26.319 [FXGL Background Thread 1 ] DEBUG FileSystemAccess     - Reading from: D:\Gonvival\system\fxgl.bundle
14:18:26.336 [FXGL Background Thread 1 ] DEBUG SystemBundleService  - Bundle FXGL: {}
14:18:26.336 [FXGL Background Thread 1 ] DEBUG UpdaterService       - Checking for updates
14:18:26.346 [FXGL Background Thread 4 ] DEBUG FXGLApplication      - Loading fonts
14:18:26.347 [FXGL Background Thread 4 ] DEBUG FXGLAssetLoaderServi - Loading from file system: jar:file:/C:/Users/HP/.m2/repository/com/github/almasb/fxgl/21.1/fxgl-21.1.jar!/fxglassets/ui/fonts/VarelaRound-Regular.ttf
14:18:26.348 [FXGL Background Thread 1 ] DEBUG FXGLApplication      - Loading default localization
14:18:26.350 [FXGL Background Thread 1 ] DEBUG FXGLAssetLoaderServi - Loading from file system: jar:file:/C:/Users/HP/.m2/repository/com/github/almasb/fxgl/21.1/fxgl-21.1.jar!/fxglassets/languages/english.lang
14:18:26.437 [FXGL Background Thread 1 ] INFO  FXGLApplication      - FXGL initialization took: 1.076 sec
14:18:26.438 [FXGL Background Thread 4 ] DEBUG FXGLAssetLoaderServi - Loading from file system: jar:file:/C:/Users/HP/.m2/repository/com/github/almasb/fxgl/21.1/fxgl-21.1.jar!/fxglassets/ui/fonts/Abel-Regular.ttf
14:18:26.440 [JavaFX Application Thread] DEBUG FXGLAssetLoaderServi - Loading from file system: jar:file:/C:/Users/HP/.m2/repository/com/github/almasb/fxgl/21.1/fxgl-21.1.jar!/fxglassets/textures/fxgl_icon.png
14:18:26.446 [FXGL Background Thread 4 ] DEBUG FXGLAssetLoaderServi - Loading from file system: jar:file:/C:/Users/HP/.m2/repository/com/github/almasb/fxgl/21.1/fxgl-21.1.jar!/fxglassets/ui/fonts/TerminalLandMono-Regular.otf
14:18:26.454 [FXGL Background Thread 4 ] DEBUG FXGLAssetLoaderServi - Loading from file system: jar:file:/C:/Users/HP/.m2/repository/com/github/almasb/fxgl/21.1/fxgl-21.1.jar!/fxglassets/ui/fonts/Courier-Prime.ttf
14:18:26.484 [JavaFX Application Thread] DEBUG FXGLAssetLoaderServi - Loading from file system: jar:file:/C:/Users/HP/.m2/repository/com/github/almasb/fxgl/21.1/fxgl-21.1.jar!/fxglassets/textures/fxgl_default_cursor.png
14:18:26.501 [JavaFX Application Thread] DEBUG Input                - Registered new binding: Screenshot - CTRL+8
14:18:26.504 [JavaFX Application Thread] DEBUG Input                - Registered new binding: System info dump - CTRL+9
14:18:26.505 [JavaFX Application Thread] DEBUG Input                - Registered new binding: Restart - CTRL+R
14:18:26.506 [JavaFX Application Thread] DEBUG Input                - Registered new binding: Toggle Debug Camera - CTRL+7
14:18:26.513 [JavaFX Application Thread] DEBUG LoopRunner           - Starting loop
14:18:26.513 [JavaFX Application Thread] DEBUG LoopRunner           - Initializing JavaFX AnimationTimerLoop
14:18:26.520 [JavaFX Application Thread] DEBUG Input                - Clearing active input actions
14:18:26.539 [JavaFX Application Thread] DEBUG GameApplicationServi - Removing overlay from FXGLStartupScene and adding to FXGLMainMenuDummyScene
14:18:26.541 [JavaFX Application Thread] DEBUG PrimaryStageWindow   - FXGLStartupScene -> FXGLMainMenuDummyScene
14:18:26.541 [JavaFX Application Thread] DEBUG PrimaryStageWindow   - Push state: StartScreen
14:18:26.541 [JavaFX Application Thread] DEBUG Input                - Clearing active input actions
14:18:26.557 [JavaFX Application Thread] DEBUG GameApplicationServi - Removing overlay from FXGLMainMenuDummyScene and adding to StartScreen
14:18:26.558 [JavaFX Application Thread] DEBUG PrimaryStageWindow   - FXGLMainMenuDummyScene -> StartScreen
14:18:26.561 [JavaFX Application Thread] DEBUG FXGLApplication      - Registering font factories with UI factory
14:18:27.567 [JavaFX Application Thread] DEBUG Menu                 - fireNewGame()
14:18:27.567 [JavaFX Application Thread] DEBUG GameApplicationServi - Starting new game
14:18:27.568 [JavaFX Application Thread] DEBUG PrimaryStageWindow   - Pop state: StartScreen
14:18:27.568 [JavaFX Application Thread] DEBUG Input                - Clearing active input actions
14:18:27.569 [JavaFX Application Thread] DEBUG GameApplicationServi - Removing overlay from StartScreen and adding to FXGLMainMenuDummyScene
14:18:27.569 [JavaFX Application Thread] DEBUG PrimaryStageWindow   - FXGLMainMenuDummyScene <- StartScreen
14:18:27.569 [JavaFX Application Thread] DEBUG Input                - Clearing active input actions
14:18:27.583 [JavaFX Application Thread] DEBUG GameApplicationServi - Removing overlay from FXGLMainMenuDummyScene and adding to FXGLLoadingScene
14:18:27.584 [JavaFX Application Thread] DEBUG PrimaryStageWindow   - FXGLMainMenuDummyScene -> FXGLLoadingScene
14:18:27.584 [JavaFX Application Thread] DEBUG GameApplicationServi - Clearing previous game
14:18:27.584 [JavaFX Application Thread] DEBUG GameScene            - Clearing game scene
14:18:27.584 [JavaFX Application Thread] DEBUG GameWorld            - Clearing game world
14:18:27.584 [JavaFX Application Thread] DEBUG PhysicsWorld         - Clearing physics world
14:18:27.587 [FXGL Background Thread 2 ] DEBUG FXGLApplication      - Initializing game
14:18:27.609 [FXGL Background Thread 2 ] DEBUG FXGLAssetLoaderServi - Loading from file system: file:/D:/Gonvival/game/target/classes/assets/textures/newmap2.png
14:18:27.704 [FXGL Background Thread 2 ] DEBUG FXGLAssetLoaderServi - Loading from file system: file:/D:/Gonvival/game/target/classes/assets/textures/idle_down.png
14:18:27.709 [FXGL Background Thread 2 ] DEBUG FXGLAssetLoaderServi - Loading from file system: file:/D:/Gonvival/game/target/classes/assets/textures/idle_up.png
14:18:27.711 [FXGL Background Thread 2 ] DEBUG FXGLAssetLoaderServi - Loading from file system: file:/D:/Gonvival/game/target/classes/assets/textures/idle_left_down.png
14:18:27.715 [FXGL Background Thread 2 ] DEBUG FXGLAssetLoaderServi - Loading from file system: file:/D:/Gonvival/game/target/classes/assets/textures/idle_left_up.png
14:18:27.717 [FXGL Background Thread 2 ] DEBUG FXGLAssetLoaderServi - Loading from file system: file:/D:/Gonvival/game/target/classes/assets/textures/idle_right_down.png
14:18:27.727 [FXGL Background Thread 2 ] DEBUG FXGLAssetLoaderServi - Loading from file system: file:/D:/Gonvival/game/target/classes/assets/textures/idle_right_up.png
14:18:27.729 [FXGL Background Thread 2 ] DEBUG FXGLAssetLoaderServi - Loading from file system: file:/D:/Gonvival/game/target/classes/assets/textures/walk_left_down.png
14:18:27.731 [FXGL Background Thread 2 ] DEBUG FXGLAssetLoaderServi - Loading from file system: file:/D:/Gonvival/game/target/classes/assets/textures/walk_right_down.png
14:18:27.733 [FXGL Background Thread 2 ] DEBUG FXGLAssetLoaderServi - Loading from file system: file:/D:/Gonvival/game/target/classes/assets/textures/walk_up.png
14:18:27.734 [FXGL Background Thread 2 ] DEBUG FXGLAssetLoaderServi - Loading from file system: file:/D:/Gonvival/game/target/classes/assets/textures/walk_down.png
14:18:27.736 [FXGL Background Thread 2 ] DEBUG FXGLAssetLoaderServi - Loading from file system: file:/D:/Gonvival/game/target/classes/assets/textures/walk_left_up.png
14:18:27.738 [FXGL Background Thread 2 ] DEBUG FXGLAssetLoaderServi - Loading from file system: file:/D:/Gonvival/game/target/classes/assets/textures/walk_right_up.png
14:18:27.753 [FXGL Background Thread 2 ] INFO  FXGLApplication      - Game initialization took: 0.166 sec
14:18:27.762 [JavaFX Application Thread] DEBUG Input                - Clearing active input actions
14:18:27.771 [JavaFX Application Thread] DEBUG GameApplicationServi - Removing overlay from FXGLLoadingScene and adding to GameScene
14:18:27.771 [JavaFX Application Thread] DEBUG PrimaryStageWindow   - FXGLLoadingScene -> GameScene
14:18:27.878 [JavaFX Application Thread] DEBUG Input                - Registered new binding: SHOOT - LMB
14:18:27.879 [JavaFX Application Thread] DEBUG Input                - Registered new binding: MOVE LEFT - A
14:18:27.880 [JavaFX Application Thread] DEBUG Input                - Registered new binding: MOVE RIGHT - D
14:18:27.880 [JavaFX Application Thread] DEBUG Input                - Registered new binding: MOVE UP - W
14:18:27.881 [JavaFX Application Thread] DEBUG Input                - Registered new binding: MOVE DOWN - S
14:18:28.510 [JavaFX Application Thread] DEBUG FXGLAssetLoaderServi - Loading from file system: file:/D:/Gonvival/game/target/classes/assets/textures/GraveRevenant.png
14:18:29.078 [JavaFX Application Thread] DEBUG FXGLApplication      - Exiting FXGL
14:18:29.078 [JavaFX Application Thread] DEBUG LoopRunner           - Stopping loop
14:18:29.079 [JavaFX Application Thread] DEBUG SystemBundleService  - Saving FXGL system data
14:18:29.081 [JavaFX Application Thread] DEBUG FileSystemAccess     - Writing to: D:\Gonvival\system\fxgl.bundle
14:18:29.086 [JavaFX Application Thread] DEBUG Async                - Shutting down background threads
14:18:29.087 [JavaFX Application Thread] DEBUG PrimaryStageWindow   - Closing main window
14:18:29.140 [JavaFX Application Thread] DEBUG Logger               - Closing Logger
