23:41:24.381 [main                     ] DEBUG Logger               - Configured Logger
23:41:24.409 [main                     ] DEBUG GameApplication      - Logging settings
Title: Gonvival
Version: beta
Width: 800
Height: 600
Fullscreen: false
Intro: false
Profiling: false
Single step:false
App Mode: DEVELOPER
Menu Key: ESCAPE
Stage Style: DECORATED
Scene Factory: class com.almasb.fxgl.app.scene.SceneFactory

23:41:25.882 [JavaFX Application Thread] DEBUG FXGLApplication      - Initializing FXGL
23:41:25.887 [JavaFX Application Thread] INFO  Engine               - FXGL-21.1 (27.03.2024 07.52) on WINDOWS (J:21.0.5 FX:21.0.1)
23:41:25.888 [JavaFX Application Thread] DEBUG Engine               - JRE Vendor Name: Eclipse Adoptium
23:41:25.889 [JavaFX Application Thread] DEBUG Engine               - Running on OS: Windows 11 version 10.0
23:41:25.889 [JavaFX Application Thread] DEBUG Engine               - Architecture: amd64
23:41:25.889 [JavaFX Application Thread] INFO  Engine               - Source code and latest versions at: https://github.com/AlmasB/FXGL
23:41:25.890 [JavaFX Application Thread] INFO  Engine               -       Ask questions and discuss at: https://github.com/AlmasB/FXGL/discussions
23:41:25.891 [JavaFX Application Thread] INFO  Engine               -              Join the FXGL chat at: https://gitter.im/AlmasB/FXGL
23:41:26.075 [JavaFX Application Thread] DEBUG PrimaryStageWindow   - Creating a JavaFX scene
23:41:26.233 [JavaFX Application Thread] DEBUG PrimaryStageWindow   - Target settings size: 800.0 x 600.0
23:41:26.234 [JavaFX Application Thread] DEBUG PrimaryStageWindow   - Scaled scene size:    800.0 x 600.0
23:41:26.234 [JavaFX Application Thread] DEBUG PrimaryStageWindow   - Scaled ratio: (1.0, 1.0)
23:41:26.236 [JavaFX Application Thread] DEBUG PrimaryStageWindow   - Set initial scene to FXGLStartupScene
23:41:26.240 [JavaFX Application Thread] DEBUG PrimaryStageWindow   - Opening main window
23:41:26.578 [JavaFX Application Thread] DEBUG PrimaryStageWindow   - Window border size: (14.4000244140625, 37.5999755859375)
23:41:26.579 [JavaFX Application Thread] DEBUG PrimaryStageWindow   - Scaled size: 800.0 x 600.0
23:41:26.580 [JavaFX Application Thread] DEBUG PrimaryStageWindow   - Scaled ratio: (1.0, 1.0)
23:41:26.581 [JavaFX Application Thread] DEBUG PrimaryStageWindow   - Scene size: 800.0 x 600.0
23:41:26.582 [JavaFX Application Thread] DEBUG PrimaryStageWindow   - Stage size: 814.4000244140625 x 637.5999755859375
23:41:26.629 [FXGL Background Thread 1 ] DEBUG Engine               - Initializing environment variables
23:41:26.789 [FXGL Background Thread 1 ] DEBUG FXGLAssetLoaderServi - User app class for loading assets: class com.lab.App
23:41:26.789 [FXGL Background Thread 1 ] DEBUG GameApplicationServi - Applying CSS: fxgl_dark.css
23:41:26.791 [FXGL Background Thread 1 ] DEBUG FXGLAssetLoaderServi - Loading from file system: jar:file:/C:/Users/HP/.m2/repository/com/github/almasb/fxgl/21.1/fxgl-21.1.jar!/fxglassets/ui/css/fxgl_dark.css
23:41:26.912 [FXGL Background Thread 1 ] DEBUG GameApplicationServi - Initializing application scenes
23:41:27.081 [FXGL Background Thread 1 ] DEBUG GameWorld            - Game world initialized
23:41:27.219 [FXGL Background Thread 1 ] DEBUG PhysicsWorld         - Physics world initialized: appHeight=600, physics.ppm=50.0
23:41:27.219 [FXGL Background Thread 1 ] DEBUG PhysicsWorld         - Using strategy: BRUTE_FORCE
23:41:27.228 [FXGL Background Thread 1 ] DEBUG GameScene            - Game scene initialized: 800x600
23:41:27.262 [FXGL Background Thread 1 ] DEBUG FXGL.DefaultMenu     - createMenuBodyGameMenu()
23:41:27.299 [FXGL Background Thread 1 ] DEBUG FXGL.DefaultMenu     - createOptionsMenu()
23:41:27.323 [FXGL Background Thread 1 ] DEBUG FXGLAssetLoaderServi - Loading from file system: jar:file:/C:/Users/HP/.m2/repository/com/github/almasb/fxgl/21.1/fxgl-21.1.jar!/fxglassets/textures/particles/smoke.png
23:41:27.568 [FXGL Background Thread 1 ] DEBUG FXGLAssetLoaderServi - Loading from file system: jar:file:/C:/Users/HP/.m2/repository/com/github/almasb/fxgl/21.1/fxgl-21.1.jar!/fxglassets/textures/particles/trace_horizontal.png
23:41:27.605 [FXGL Background Thread 1 ] DEBUG GameApplicationServi - Application scenes initialized
23:41:27.620 [FXGL Background Thread 1 ] DEBUG SystemBundleService  - Loading FXGL system data
23:41:27.633 [FXGL Background Thread 1 ] DEBUG FileSystemAccess     - Reading from: D:\Gonvival\system\fxgl.bundle
23:41:27.643 [FXGL Background Thread 1 ] DEBUG SystemBundleService  - Bundle FXGL: {}
23:41:27.643 [FXGL Background Thread 1 ] DEBUG UpdaterService       - Checking for updates
23:41:27.648 [FXGL Background Thread 4 ] DEBUG FXGLApplication      - Loading fonts
23:41:27.648 [FXGL Background Thread 4 ] DEBUG FXGLAssetLoaderServi - Loading from file system: jar:file:/C:/Users/HP/.m2/repository/com/github/almasb/fxgl/21.1/fxgl-21.1.jar!/fxglassets/ui/fonts/VarelaRound-Regular.ttf
23:41:27.651 [FXGL Background Thread 1 ] DEBUG FXGLApplication      - Loading default localization
23:41:27.653 [FXGL Background Thread 1 ] DEBUG FXGLAssetLoaderServi - Loading from file system: jar:file:/C:/Users/HP/.m2/repository/com/github/almasb/fxgl/21.1/fxgl-21.1.jar!/fxglassets/languages/english.lang
23:41:27.710 [FXGL Background Thread 1 ] INFO  FXGLApplication      - FXGL initialization took: 1.082 sec
23:41:27.712 [JavaFX Application Thread] DEBUG LoopRunner           - Stopping loop
23:41:27.712 [JavaFX Application Thread] DEBUG LoopRunner           - Initializing JavaFX AnimationTimerLoop
23:41:27.718 [JavaFX Application Thread] FATAL FXGLApplication      - Uncaught Exception:
java.lang.NullPointerException: Cannot invoke "com.almasb.fxgl.entity.Entity.getPosition()" because "com.lab.App.player" is null
	at com.lab.App.initInput(App.java:92)
	at com.almasb.fxgl.app.FXGLApplication$GameApplicationService.onMainLoopStarting(FXGLApplication.kt:548)
	at com.almasb.fxgl.app.Engine.startLoop(Engine.kt:154)
	at com.almasb.fxgl.app.FXGLApplication.startImpl$lambda$3(FXGLApplication.kt:147)
	at com.almasb.fxgl.core.concurrent.IOTask.succeed(IOTask.java:164)
	at com.almasb.fxgl.core.concurrent.IOTask$1.succeeded(IOTask.java:153)
	at javafx.concurrent.Task.setState(Task.java:726)
	at javafx.concurrent.Task$TaskCallable.lambda$call$1(Task.java:1410)
	at com.sun.javafx.application.PlatformImpl.lambda$runLater$10(PlatformImpl.java:456)
	at java.base/java.security.AccessController.doPrivileged(AccessController.java:400)
	at com.sun.javafx.application.PlatformImpl.lambda$runLater$11(PlatformImpl.java:455)
	at com.sun.glass.ui.InvokeLaterDispatcher$Future.run(InvokeLaterDispatcher.java:95)
	at com.sun.glass.ui.win.WinApplication._runLoop(Native Method)
	at com.sun.glass.ui.win.WinApplication.lambda$runLoop$3(WinApplication.java:185)
	at java.base/java.lang.Thread.run(Thread.java:1583)

23:41:27.719 [JavaFX Application Thread] FATAL FXGLApplication      - Application will now exit
23:41:27.726 [FXGL Background Thread 4 ] DEBUG FXGLAssetLoaderServi - Loading from file system: jar:file:/C:/Users/HP/.m2/repository/com/github/almasb/fxgl/21.1/fxgl-21.1.jar!/fxglassets/ui/fonts/Abel-Regular.ttf
23:41:27.739 [FXGL Background Thread 4 ] DEBUG FXGLAssetLoaderServi - Loading from file system: jar:file:/C:/Users/HP/.m2/repository/com/github/almasb/fxgl/21.1/fxgl-21.1.jar!/fxglassets/ui/fonts/TerminalLandMono-Regular.otf
23:41:27.753 [FXGL Background Thread 4 ] DEBUG FXGLAssetLoaderServi - Loading from file system: jar:file:/C:/Users/HP/.m2/repository/com/github/almasb/fxgl/21.1/fxgl-21.1.jar!/fxglassets/ui/fonts/Courier-Prime.ttf
23:41:27.825 [JavaFX Application Thread] DEBUG PrimaryStageWindow   - Push state: ErrorSubScene
23:41:27.827 [JavaFX Application Thread] DEBUG Input                - Clearing active input actions
23:41:27.855 [JavaFX Application Thread] DEBUG GameApplicationServi - Removing overlay from FXGLStartupScene and adding to ErrorSubScene
23:41:27.855 [JavaFX Application Thread] DEBUG PrimaryStageWindow   - FXGLStartupScene -> ErrorSubScene
23:41:27.855 [JavaFX Application Thread] DEBUG FXGLApplication      - Registering font factories with UI factory
23:41:30.647 [FXGL Background Thread 3 ] DEBUG Engine               - Logging environment variables
23:41:30.648 [FXGL Background Thread 3 ] DEBUG Engine               - achievements: []
23:41:30.648 [FXGL Background Thread 3 ] DEBUG Engine               - actualHeight: 600.0
23:41:30.649 [FXGL Background Thread 3 ] DEBUG Engine               - actualHeightProperty: ReadOnlyDoubleProperty [value: 600.0]
23:41:30.649 [FXGL Background Thread 3 ] DEBUG Engine               - actualWidth: 800.0
23:41:30.649 [FXGL Background Thread 3 ] DEBUG Engine               - actualWidthProperty: ReadOnlyDoubleProperty [value: 800.0]
23:41:30.649 [FXGL Background Thread 3 ] DEBUG Engine               - appIcon: fxgl_icon.png
23:41:30.649 [FXGL Background Thread 3 ] DEBUG Engine               - applicationMode: DEVELOPER
23:41:30.649 [FXGL Background Thread 3 ] DEBUG Engine               - cSSList: [fxgl_dark.css]
23:41:30.649 [FXGL Background Thread 3 ] DEBUG Engine               - collisionDetectionStrategy: BRUTE_FORCE
23:41:30.649 [FXGL Background Thread 3 ] DEBUG Engine               - configClass: Optional.empty
23:41:30.649 [FXGL Background Thread 3 ] DEBUG Engine               - credits: []
23:41:30.651 [FXGL Background Thread 3 ] DEBUG Engine               - defaultCursor: CursorInfo(imageName=fxgl_default_cursor.png, hotspotX=7.0, hotspotY=6.0)
23:41:30.651 [FXGL Background Thread 3 ] DEBUG Engine               - devBBoxColorProperty: ObjectProperty [value: 0xff0000ff]
23:41:30.651 [FXGL Background Thread 3 ] DEBUG Engine               - devEnableDebugCameraProperty: BooleanProperty [value: false]
23:41:30.651 [FXGL Background Thread 3 ] DEBUG Engine               - devSensorColorProperty: ObjectProperty [value: 0xffff00ff]
23:41:30.652 [FXGL Background Thread 3 ] DEBUG Engine               - devShowBBoxProperty: BooleanProperty [value: false]
23:41:30.652 [FXGL Background Thread 3 ] DEBUG Engine               - devShowPositionProperty: BooleanProperty [value: false]
23:41:30.652 [FXGL Background Thread 3 ] DEBUG Engine               - enabledMenuItems: []
23:41:30.652 [FXGL Background Thread 3 ] DEBUG Engine               - engineServices: [class com.almasb.fxgl.app.services.FXGLAssetLoaderService, class com.almasb.fxgl.app.FXGLApplication$GameApplicationService, class com.almasb.fxgl.app.services.FXGLDialogService, class com.almasb.fxgl.app.services.IOTaskExecutorService, class com.almasb.fxgl.io.FileSystemService, class com.almasb.fxgl.localization.LocalizationService, class com.almasb.fxgl.app.services.SystemBundleService, class com.almasb.fxgl.profile.SaveLoadService, class com.almasb.fxgl.ui.FXGLUIFactoryServiceProvider, class com.almasb.fxgl.ui.FXGLDialogFactoryServiceProvider, class com.almasb.fxgl.audio.AudioPlayer, class com.almasb.fxgl.notification.impl.NotificationServiceProvider, class com.almasb.fxgl.achievement.AchievementService, class com.almasb.fxgl.cutscene.CutsceneService, class com.almasb.fxgl.minigames.MiniGameService, class com.almasb.fxgl.net.NetService, class com.almasb.fxgl.app.services.UpdaterService, class com.almasb.fxgl.dev.DevService]
23:41:30.652 [FXGL Background Thread 3 ] DEBUG Engine               - fontGame: Abel-Regular.ttf
23:41:30.652 [FXGL Background Thread 3 ] DEBUG Engine               - fontMono: TerminalLandMono-Regular.otf
23:41:30.653 [FXGL Background Thread 3 ] DEBUG Engine               - fontSizeScaleUI: 1.0
23:41:30.653 [FXGL Background Thread 3 ] DEBUG Engine               - fontText: Courier-Prime.ttf
23:41:30.653 [FXGL Background Thread 3 ] DEBUG Engine               - fontUI: VarelaRound-Regular.ttf
23:41:30.653 [FXGL Background Thread 3 ] DEBUG Engine               - fullScreen: BooleanProperty [value: false]
23:41:30.653 [FXGL Background Thread 3 ] DEBUG Engine               - gameDifficulty: MEDIUM
23:41:30.653 [FXGL Background Thread 3 ] DEBUG Engine               - gameDifficultyProperty: ObjectProperty [value: MEDIUM]
23:41:30.653 [FXGL Background Thread 3 ] DEBUG Engine               - globalMusicVolume: 0.5
23:41:30.654 [FXGL Background Thread 3 ] DEBUG Engine               - globalMusicVolumeProperty: DoubleProperty [value: 0.5]
23:41:30.654 [FXGL Background Thread 3 ] DEBUG Engine               - globalSoundVolume: 0.5
23:41:30.654 [FXGL Background Thread 3 ] DEBUG Engine               - globalSoundVolumeProperty: DoubleProperty [value: 0.5]
23:41:30.654 [FXGL Background Thread 3 ] DEBUG Engine               - height: 600
23:41:30.654 [FXGL Background Thread 3 ] DEBUG Engine               - is3D: false
23:41:30.654 [FXGL Background Thread 3 ] DEBUG Engine               - isAndroid: false
23:41:30.654 [FXGL Background Thread 3 ] DEBUG Engine               - isBrowser: false
23:41:30.654 [FXGL Background Thread 3 ] DEBUG Engine               - isClickFeedbackEnabled: false
23:41:30.655 [FXGL Background Thread 3 ] DEBUG Engine               - isCloseConfirmation: false
23:41:30.655 [FXGL Background Thread 3 ] DEBUG Engine               - isDesktop: true
23:41:30.655 [FXGL Background Thread 3 ] DEBUG Engine               - isDeveloperMenuEnabled: false
23:41:30.655 [FXGL Background Thread 3 ] DEBUG Engine               - isEmbedded: false
23:41:30.655 [FXGL Background Thread 3 ] DEBUG Engine               - isEntityPreloadEnabled: true
23:41:30.655 [FXGL Background Thread 3 ] DEBUG Engine               - isExperimentalTiledLargeMap: false
23:41:30.655 [FXGL Background Thread 3 ] DEBUG Engine               - isFileSystemWriteAllowed: true
23:41:30.656 [FXGL Background Thread 3 ] DEBUG Engine               - isFullScreenAllowed: false
23:41:30.656 [FXGL Background Thread 3 ] DEBUG Engine               - isFullScreenFromStart: false
23:41:30.656 [FXGL Background Thread 3 ] DEBUG Engine               - isGameMenuEnabled: true
23:41:30.656 [FXGL Background Thread 3 ] DEBUG Engine               - isIOS: false
23:41:30.656 [FXGL Background Thread 3 ] DEBUG Engine               - isIntroEnabled: false
23:41:30.657 [FXGL Background Thread 3 ] DEBUG Engine               - isLinux: false
23:41:30.657 [FXGL Background Thread 3 ] DEBUG Engine               - isMac: false
23:41:30.657 [FXGL Background Thread 3 ] DEBUG Engine               - isMainMenuEnabled: false
23:41:30.657 [FXGL Background Thread 3 ] DEBUG Engine               - isManualResizeEnabled: false
23:41:30.657 [FXGL Background Thread 3 ] DEBUG Engine               - isMobile: false
23:41:30.657 [FXGL Background Thread 3 ] DEBUG Engine               - isNative: false
23:41:30.657 [FXGL Background Thread 3 ] DEBUG Engine               - isPauseMusicWhenMinimized: true
23:41:30.657 [FXGL Background Thread 3 ] DEBUG Engine               - isPreserveResizeRatio: false
23:41:30.657 [FXGL Background Thread 3 ] DEBUG Engine               - isProfilingEnabled: false
23:41:30.657 [FXGL Background Thread 3 ] DEBUG Engine               - isScaleAffectedOnResize: true
23:41:30.658 [FXGL Background Thread 3 ] DEBUG Engine               - isSingleStep: false
23:41:30.658 [FXGL Background Thread 3 ] DEBUG Engine               - isUserProfileEnabled: false
23:41:30.658 [FXGL Background Thread 3 ] DEBUG Engine               - isWindows: true
23:41:30.658 [FXGL Background Thread 3 ] DEBUG Engine               - language: ObjectProperty [value: ENGLISH]
23:41:30.658 [FXGL Background Thread 3 ] DEBUG Engine               - menuKey: ESCAPE
23:41:30.659 [FXGL Background Thread 3 ] DEBUG Engine               - mouseSensitivity: 0.2
23:41:30.659 [FXGL Background Thread 3 ] DEBUG Engine               - notificationViewClass: class com.almasb.fxgl.notification.view.XboxNotificationView
23:41:30.659 [FXGL Background Thread 3 ] DEBUG Engine               - pixelsPerMeter: 50.0
23:41:30.659 [FXGL Background Thread 3 ] DEBUG Engine               - platform: WINDOWS
23:41:30.659 [FXGL Background Thread 3 ] DEBUG Engine               - prefHeightProperty: ReadOnlyDoubleProperty [value: 600.0]
23:41:30.659 [FXGL Background Thread 3 ] DEBUG Engine               - prefWidthProperty: ReadOnlyDoubleProperty [value: 800.0]
23:41:30.659 [FXGL Background Thread 3 ] DEBUG Engine               - profileDir: profiles/
23:41:30.660 [FXGL Background Thread 3 ] DEBUG Engine               - profileName: StringProperty [value: DEFAULT]
23:41:30.660 [FXGL Background Thread 3 ] DEBUG Engine               - randomSeed: -1
23:41:30.660 [FXGL Background Thread 3 ] DEBUG Engine               - runtimeInfo: RuntimeInfo(platform=WINDOWS, version=21.1, build=27.03.2024 07.52)
23:41:30.661 [FXGL Background Thread 3 ] DEBUG Engine               - saveFileExt: sav
23:41:30.661 [FXGL Background Thread 3 ] DEBUG Engine               - scaledHeightProp$fxgl: DoubleProperty [bound, value: 600.0]
23:41:30.661 [FXGL Background Thread 3 ] DEBUG Engine               - scaledWidthProp$fxgl: DoubleProperty [bound, value: 800.0]
23:41:30.661 [FXGL Background Thread 3 ] DEBUG Engine               - sceneFactory: com.almasb.fxgl.app.scene.SceneFactory@487cef68
23:41:30.661 [FXGL Background Thread 3 ] DEBUG Engine               - secondsIn24h: 60
23:41:30.661 [FXGL Background Thread 3 ] DEBUG Engine               - soundMenuBack: menu/back.wav
23:41:30.661 [FXGL Background Thread 3 ] DEBUG Engine               - soundMenuPress: menu/press.wav
23:41:30.661 [FXGL Background Thread 3 ] DEBUG Engine               - soundMenuSelect: menu/select.wav
23:41:30.661 [FXGL Background Thread 3 ] DEBUG Engine               - soundNotification: core/notification.wav
23:41:30.661 [FXGL Background Thread 3 ] DEBUG Engine               - stageStyle: DECORATED
23:41:30.662 [FXGL Background Thread 3 ] DEBUG Engine               - supportedLanguages: [ENGLISH, FRENCH, GERMAN, HUNGARIAN, RUSSIAN]
23:41:30.662 [FXGL Background Thread 3 ] DEBUG Engine               - ticksPerSecond: -1
23:41:30.662 [FXGL Background Thread 3 ] DEBUG Engine               - title: Gonvival
23:41:30.662 [FXGL Background Thread 3 ] DEBUG Engine               - urlGithub: https://github.com/AlmasB/FXGL
23:41:30.662 [FXGL Background Thread 3 ] DEBUG Engine               - urlLeaderboard: http://fxgl-top.herokuapp.com/
23:41:30.662 [FXGL Background Thread 3 ] DEBUG Engine               - urlPOM: https://raw.githubusercontent.com/AlmasB/FXGL/release/README.md
23:41:30.664 [FXGL Background Thread 3 ] DEBUG Engine               - userAppClass: class com.lab.App
23:41:30.664 [FXGL Background Thread 3 ] DEBUG Engine               - version: beta
23:41:30.664 [FXGL Background Thread 3 ] DEBUG Engine               - versionCheckDays: 7
23:41:30.664 [FXGL Background Thread 3 ] DEBUG Engine               - width: 800
23:41:30.664 [FXGL Background Thread 3 ] DEBUG Engine               - Logging services
23:41:30.664 [FXGL Background Thread 3 ] DEBUG Engine               - class com.almasb.fxgl.app.services.FXGLAssetLoaderService
23:41:30.664 [FXGL Background Thread 3 ] DEBUG Engine               - class com.almasb.fxgl.app.FXGLApplication$GameApplicationService
23:41:30.664 [FXGL Background Thread 3 ] DEBUG Engine               - class com.almasb.fxgl.app.services.FXGLDialogService
23:41:30.664 [FXGL Background Thread 3 ] DEBUG Engine               - class com.almasb.fxgl.app.services.IOTaskExecutorService
23:41:30.664 [FXGL Background Thread 3 ] DEBUG Engine               - class com.almasb.fxgl.io.FileSystemService
23:41:30.665 [FXGL Background Thread 3 ] DEBUG Engine               - class com.almasb.fxgl.localization.LocalizationService
23:41:30.665 [FXGL Background Thread 3 ] DEBUG Engine               - class com.almasb.fxgl.app.services.SystemBundleService
23:41:30.665 [FXGL Background Thread 3 ] DEBUG Engine               - class com.almasb.fxgl.profile.SaveLoadService
23:41:30.665 [FXGL Background Thread 3 ] DEBUG Engine               - class com.almasb.fxgl.ui.FXGLUIFactoryServiceProvider
23:41:30.665 [FXGL Background Thread 3 ] DEBUG Engine               - class com.almasb.fxgl.ui.FXGLDialogFactoryServiceProvider
23:41:30.665 [FXGL Background Thread 3 ] DEBUG Engine               - class com.almasb.fxgl.audio.AudioPlayer
23:41:30.665 [FXGL Background Thread 3 ] DEBUG Engine               - class com.almasb.fxgl.notification.impl.NotificationServiceProvider
23:41:30.665 [FXGL Background Thread 3 ] DEBUG Engine               - class com.almasb.fxgl.achievement.AchievementService
23:41:30.666 [FXGL Background Thread 3 ] DEBUG Engine               - class com.almasb.fxgl.cutscene.CutsceneService
23:41:30.666 [FXGL Background Thread 3 ] DEBUG Engine               - class com.almasb.fxgl.minigames.MiniGameService
23:41:30.666 [FXGL Background Thread 3 ] DEBUG Engine               - class com.almasb.fxgl.net.NetService
23:41:30.666 [FXGL Background Thread 3 ] DEBUG Engine               - class com.almasb.fxgl.app.services.UpdaterService
23:41:30.667 [FXGL Background Thread 3 ] DEBUG Engine               - class com.almasb.fxgl.dev.DevService
23:41:32.495 [JavaFX Application Thread] DEBUG FXGLApplication      - Exiting FXGL
23:41:32.495 [JavaFX Application Thread] DEBUG Async                - Shutting down background threads
23:41:32.495 [JavaFX Application Thread] DEBUG PrimaryStageWindow   - Closing main window
23:41:32.598 [JavaFX Application Thread] DEBUG Logger               - Closing Logger
