06:49:49.965 [main                     ] DEBUG Logger               - Configured Logger
06:49:50.038 [main                     ] DEBUG GameApplication      - Logging settings
Title: Gonvival
Version: beta
Width: 800
Height: 800
Fullscreen: false
Intro: false
Profiling: false
Single step:false
App Mode: DEVELOPER
Menu Key: ESCAPE
Stage Style: DECORATED
Scene Factory: class com.lab.App$1

06:49:51.507 [JavaFX Application Thread] DEBUG FXGLApplication      - Initializing FXGL
06:49:51.516 [JavaFX Application Thread] INFO  Engine               - FXGL-21.1 (27.03.2024 07.52) on WINDOWS (J:21.0.5 FX:21.0.1)
06:49:51.517 [JavaFX Application Thread] DEBUG Engine               - JRE Vendor Name: Eclipse Adoptium
06:49:51.518 [JavaFX Application Thread] DEBUG Engine               - Running on OS: Windows 10 version 10.0
06:49:51.518 [JavaFX Application Thread] DEBUG Engine               - Architecture: amd64
06:49:51.518 [JavaFX Application Thread] INFO  Engine               - Source code and latest versions at: https://github.com/AlmasB/FXGL
06:49:51.519 [JavaFX Application Thread] INFO  Engine               -       Ask questions and discuss at: https://github.com/AlmasB/FXGL/discussions
06:49:51.520 [JavaFX Application Thread] INFO  Engine               -              Join the FXGL chat at: https://gitter.im/AlmasB/FXGL
06:49:51.919 [JavaFX Application Thread] DEBUG PrimaryStageWindow   - Creating a JavaFX scene
06:49:51.920 [JavaFX Application Thread] DEBUG PrimaryStageWindow   - Target size > screen size
06:49:52.193 [JavaFX Application Thread] DEBUG PrimaryStageWindow   - Target settings size: 800.0 x 800.0
06:49:52.194 [JavaFX Application Thread] DEBUG PrimaryStageWindow   - Scaled scene size:    703.0 x 728.0
06:49:52.194 [JavaFX Application Thread] DEBUG PrimaryStageWindow   - Scaled ratio: (0.87875, 0.91)
06:49:52.196 [JavaFX Application Thread] DEBUG PrimaryStageWindow   - Set initial scene to FXGLStartupScene
06:49:52.204 [JavaFX Application Thread] DEBUG PrimaryStageWindow   - Opening main window
06:49:52.501 [JavaFX Application Thread] DEBUG PrimaryStageWindow   - Window border size: (16.0, 39.0)
06:49:52.502 [JavaFX Application Thread] DEBUG PrimaryStageWindow   - Scaled size: 703.0 x 728.0
06:49:52.502 [JavaFX Application Thread] DEBUG PrimaryStageWindow   - Scaled ratio: (0.87875, 0.91)
06:49:52.503 [JavaFX Application Thread] DEBUG PrimaryStageWindow   - Scene size: 703.0 x 728.0
06:49:52.503 [JavaFX Application Thread] DEBUG PrimaryStageWindow   - Stage size: 719.0 x 767.0
06:49:52.516 [FXGL Background Thread 1 ] DEBUG Engine               - Initializing environment variables
06:49:52.675 [FXGL Background Thread 1 ] DEBUG FXGLAssetLoaderServi - User app class for loading assets: class com.lab.App
06:49:52.676 [FXGL Background Thread 1 ] DEBUG GameApplicationServi - Applying CSS: fxgl_dark.css
06:49:52.678 [FXGL Background Thread 1 ] DEBUG FXGLAssetLoaderServi - Loading from file system: jar:file:/C:/Users/Khana/.m2/repository/com/github/almasb/fxgl/21.1/fxgl-21.1.jar!/fxglassets/ui/css/fxgl_dark.css
06:49:52.800 [FXGL Background Thread 1 ] DEBUG GameApplicationServi - Initializing application scenes
06:49:53.029 [FXGL Background Thread 1 ] DEBUG GameWorld            - Game world initialized
06:49:53.148 [FXGL Background Thread 1 ] DEBUG PhysicsWorld         - Physics world initialized: appHeight=800, physics.ppm=50.0
06:49:53.149 [FXGL Background Thread 1 ] DEBUG PhysicsWorld         - Using strategy: BRUTE_FORCE
06:49:53.156 [FXGL Background Thread 1 ] DEBUG GameScene            - Game scene initialized: 800x800
06:49:53.236 [FXGL Background Thread 1 ] DEBUG FXGL.DefaultMenu     - createMenuBodyGameMenu()
06:49:53.261 [FXGL Background Thread 1 ] DEBUG FXGL.DefaultMenu     - createOptionsMenu()
06:49:53.277 [FXGL Background Thread 1 ] DEBUG FXGLAssetLoaderServi - Loading from file system: jar:file:/C:/Users/Khana/.m2/repository/com/github/almasb/fxgl/21.1/fxgl-21.1.jar!/fxglassets/textures/particles/smoke.png
06:49:53.446 [FXGL Background Thread 1 ] DEBUG FXGLAssetLoaderServi - Loading from file system: jar:file:/C:/Users/Khana/.m2/repository/com/github/almasb/fxgl/21.1/fxgl-21.1.jar!/fxglassets/textures/particles/trace_horizontal.png
06:49:53.505 [FXGL Background Thread 1 ] DEBUG GameApplicationServi - Application scenes initialized
06:49:53.534 [FXGL Background Thread 1 ] DEBUG SystemBundleService  - Loading FXGL system data
06:49:53.546 [FXGL Background Thread 1 ] DEBUG FileSystemAccess     - Reading from: E:\Labs\Gonvival\system\fxgl.bundle
06:49:53.566 [FXGL Background Thread 1 ] DEBUG SystemBundleService  - Bundle FXGL: {}
06:49:53.567 [FXGL Background Thread 1 ] DEBUG UpdaterService       - Checking for updates
06:49:53.576 [FXGL Background Thread 1 ] DEBUG FXGLApplication      - Loading default localization
06:49:53.577 [FXGL Background Thread 1 ] DEBUG FXGLAssetLoaderServi - Loading from file system: jar:file:/C:/Users/Khana/.m2/repository/com/github/almasb/fxgl/21.1/fxgl-21.1.jar!/fxglassets/languages/english.lang
06:49:53.629 [FXGL Background Thread 1 ] INFO  FXGLApplication      - FXGL initialization took: 1.113 sec
06:49:53.645 [JavaFX Application Thread] DEBUG FXGLAssetLoaderServi - Loading from file system: jar:file:/C:/Users/Khana/.m2/repository/com/github/almasb/fxgl/21.1/fxgl-21.1.jar!/fxglassets/textures/fxgl_icon.png
06:49:53.695 [FXGL Background Thread 4 ] DEBUG FXGLApplication      - Loading fonts
06:49:53.697 [FXGL Background Thread 4 ] DEBUG FXGLAssetLoaderServi - Loading from file system: jar:file:/C:/Users/Khana/.m2/repository/com/github/almasb/fxgl/21.1/fxgl-21.1.jar!/fxglassets/ui/fonts/VarelaRound-Regular.ttf
06:49:53.699 [JavaFX Application Thread] DEBUG FXGLAssetLoaderServi - Loading from file system: jar:file:/C:/Users/Khana/.m2/repository/com/github/almasb/fxgl/21.1/fxgl-21.1.jar!/fxglassets/textures/fxgl_default_cursor.png
06:49:53.727 [JavaFX Application Thread] DEBUG Input                - Registered new binding: Screenshot - CTRL+8
06:49:53.743 [JavaFX Application Thread] DEBUG Input                - Registered new binding: System info dump - CTRL+9
06:49:53.744 [JavaFX Application Thread] DEBUG Input                - Registered new binding: Restart - CTRL+R
06:49:53.745 [JavaFX Application Thread] DEBUG Input                - Registered new binding: Toggle Debug Camera - CTRL+7
06:49:53.751 [JavaFX Application Thread] DEBUG LoopRunner           - Starting loop
06:49:53.751 [JavaFX Application Thread] DEBUG LoopRunner           - Initializing JavaFX AnimationTimerLoop
06:49:53.767 [JavaFX Application Thread] DEBUG Input                - Clearing active input actions
06:49:53.788 [JavaFX Application Thread] DEBUG GameApplicationServi - Removing overlay from FXGLStartupScene and adding to FXGLMainMenuDummyScene
06:49:53.790 [JavaFX Application Thread] DEBUG PrimaryStageWindow   - FXGLStartupScene -> FXGLMainMenuDummyScene
06:49:53.790 [JavaFX Application Thread] DEBUG PrimaryStageWindow   - Push state: StartScreen
06:49:53.791 [JavaFX Application Thread] DEBUG Input                - Clearing active input actions
06:49:53.793 [FXGL Background Thread 4 ] DEBUG FXGLAssetLoaderServi - Loading from file system: jar:file:/C:/Users/Khana/.m2/repository/com/github/almasb/fxgl/21.1/fxgl-21.1.jar!/fxglassets/ui/fonts/Abel-Regular.ttf
06:49:53.809 [JavaFX Application Thread] DEBUG GameApplicationServi - Removing overlay from FXGLMainMenuDummyScene and adding to StartScreen
06:49:53.810 [JavaFX Application Thread] DEBUG PrimaryStageWindow   - FXGLMainMenuDummyScene -> StartScreen
06:49:53.837 [FXGL Background Thread 4 ] DEBUG FXGLAssetLoaderServi - Loading from file system: jar:file:/C:/Users/Khana/.m2/repository/com/github/almasb/fxgl/21.1/fxgl-21.1.jar!/fxglassets/ui/fonts/TerminalLandMono-Regular.otf
06:49:53.868 [FXGL Background Thread 4 ] DEBUG FXGLAssetLoaderServi - Loading from file system: jar:file:/C:/Users/Khana/.m2/repository/com/github/almasb/fxgl/21.1/fxgl-21.1.jar!/fxglassets/ui/fonts/Courier-Prime.ttf
06:49:53.997 [JavaFX Application Thread] DEBUG FXGLApplication      - Registering font factories with UI factory
06:49:56.019 [JavaFX Application Thread] DEBUG FXGLApplication      - Exiting FXGL
06:49:56.019 [JavaFX Application Thread] DEBUG LoopRunner           - Stopping loop
06:49:56.019 [JavaFX Application Thread] DEBUG SystemBundleService  - Saving FXGL system data
06:49:56.084 [JavaFX Application Thread] DEBUG FileSystemAccess     - Writing to: E:\Labs\Gonvival\system\fxgl.bundle
06:49:56.139 [JavaFX Application Thread] DEBUG Async                - Shutting down background threads
06:49:56.139 [JavaFX Application Thread] DEBUG PrimaryStageWindow   - Closing main window
06:49:56.294 [JavaFX Application Thread] DEBUG Logger               - Closing Logger
