18:52:59.444 [main                     ] DEBUG Logger               - Configured Logger
18:52:59.512 [main                     ] DEBUG GameApplication      - Logging settings
Title: Gonvival
Version: beta
Width: 800
Height: 800
Fullscreen: false
Intro: false
Profiling: false
Single step:false
App Mode: DEVELOPER
Menu Key: ESCAPE
Stage Style: DECORATED
Scene Factory: class com.lab.App$1

18:53:00.646 [JavaFX Application Thread] DEBUG FXGLApplication      - Initializing FXGL
18:53:00.653 [JavaFX Application Thread] INFO  Engine               - FXGL-21.1 (27.03.2024 07.52) on WINDOWS (J:21.0.5 FX:21.0.1)
18:53:00.654 [JavaFX Application Thread] DEBUG Engine               - JRE Vendor Name: Eclipse Adoptium
18:53:00.655 [JavaFX Application Thread] DEBUG Engine               - Running on OS: Windows 10 version 10.0
18:53:00.655 [JavaFX Application Thread] DEBUG Engine               - Architecture: amd64
18:53:00.655 [JavaFX Application Thread] INFO  Engine               - Source code and latest versions at: https://github.com/AlmasB/FXGL
18:53:00.655 [JavaFX Application Thread] INFO  Engine               -       Ask questions and discuss at: https://github.com/AlmasB/FXGL/discussions
18:53:00.656 [JavaFX Application Thread] INFO  Engine               -              Join the FXGL chat at: https://gitter.im/AlmasB/FXGL
18:53:00.848 [JavaFX Application Thread] DEBUG PrimaryStageWindow   - Creating a JavaFX scene
18:53:00.848 [JavaFX Application Thread] DEBUG PrimaryStageWindow   - Target size > screen size
18:53:00.930 [JavaFX Application Thread] DEBUG PrimaryStageWindow   - Target settings size: 800.0 x 800.0
18:53:00.930 [JavaFX Application Thread] DEBUG PrimaryStageWindow   - Scaled scene size:    703.0 x 728.0
18:53:00.931 [JavaFX Application Thread] DEBUG PrimaryStageWindow   - Scaled ratio: (0.87875, 0.91)
18:53:00.933 [JavaFX Application Thread] DEBUG PrimaryStageWindow   - Set initial scene to FXGLStartupScene
18:53:00.938 [JavaFX Application Thread] DEBUG PrimaryStageWindow   - Opening main window
18:53:01.070 [JavaFX Application Thread] DEBUG PrimaryStageWindow   - Window border size: (16.0, 39.0)
18:53:01.071 [JavaFX Application Thread] DEBUG PrimaryStageWindow   - Scaled size: 703.0 x 728.0
18:53:01.071 [JavaFX Application Thread] DEBUG PrimaryStageWindow   - Scaled ratio: (0.87875, 0.91)
18:53:01.072 [JavaFX Application Thread] DEBUG PrimaryStageWindow   - Scene size: 703.0 x 728.0
18:53:01.072 [JavaFX Application Thread] DEBUG PrimaryStageWindow   - Stage size: 719.0 x 767.0
18:53:01.190 [FXGL Background Thread 1 ] DEBUG Engine               - Initializing environment variables
18:53:01.317 [FXGL Background Thread 1 ] DEBUG FXGLAssetLoaderServi - User app class for loading assets: class com.lab.App
18:53:01.317 [FXGL Background Thread 1 ] DEBUG GameApplicationServi - Applying CSS: fxgl_dark.css
18:53:01.319 [FXGL Background Thread 1 ] DEBUG FXGLAssetLoaderServi - Loading from file system: jar:file:/C:/Users/Khana/.m2/repository/com/github/almasb/fxgl/21.1/fxgl-21.1.jar!/fxglassets/ui/css/fxgl_dark.css
18:53:01.401 [FXGL Background Thread 1 ] DEBUG GameApplicationServi - Initializing application scenes
18:53:01.591 [FXGL Background Thread 1 ] DEBUG GameWorld            - Game world initialized
18:53:01.738 [FXGL Background Thread 1 ] DEBUG PhysicsWorld         - Physics world initialized: appHeight=800, physics.ppm=50.0
18:53:01.739 [FXGL Background Thread 1 ] DEBUG PhysicsWorld         - Using strategy: BRUTE_FORCE
18:53:01.746 [FXGL Background Thread 1 ] DEBUG GameScene            - Game scene initialized: 800x800
18:53:01.809 [FXGL Background Thread 1 ] DEBUG FXGL.DefaultMenu     - createMenuBodyGameMenu()
18:53:01.828 [FXGL Background Thread 1 ] DEBUG FXGL.DefaultMenu     - createOptionsMenu()
18:53:01.840 [FXGL Background Thread 1 ] DEBUG FXGLAssetLoaderServi - Loading from file system: jar:file:/C:/Users/Khana/.m2/repository/com/github/almasb/fxgl/21.1/fxgl-21.1.jar!/fxglassets/textures/particles/smoke.png
18:53:02.014 [FXGL Background Thread 1 ] DEBUG FXGLAssetLoaderServi - Loading from file system: jar:file:/C:/Users/Khana/.m2/repository/com/github/almasb/fxgl/21.1/fxgl-21.1.jar!/fxglassets/textures/particles/trace_horizontal.png
18:53:02.057 [FXGL Background Thread 1 ] DEBUG GameApplicationServi - Application scenes initialized
18:53:02.081 [FXGL Background Thread 1 ] DEBUG SystemBundleService  - Loading FXGL system data
18:53:02.089 [FXGL Background Thread 1 ] DEBUG FileSystemAccess     - Reading from: E:\Labs\Gonvival\system\fxgl.bundle
18:53:02.105 [FXGL Background Thread 1 ] DEBUG SystemBundleService  - Bundle FXGL: {}
18:53:02.106 [FXGL Background Thread 1 ] DEBUG UpdaterService       - Checking for updates
18:53:02.114 [FXGL Background Thread 4 ] DEBUG FXGLApplication      - Loading fonts
18:53:02.115 [FXGL Background Thread 1 ] DEBUG FXGLApplication      - Loading default localization
18:53:02.116 [FXGL Background Thread 1 ] DEBUG FXGLAssetLoaderServi - Loading from file system: jar:file:/C:/Users/Khana/.m2/repository/com/github/almasb/fxgl/21.1/fxgl-21.1.jar!/fxglassets/languages/english.lang
18:53:02.168 [FXGL Background Thread 1 ] INFO  FXGLApplication      - FXGL initialization took: 0.978 sec
18:53:02.168 [FXGL Background Thread 4 ] DEBUG FXGLAssetLoaderServi - Loading from file system: jar:file:/C:/Users/Khana/.m2/repository/com/github/almasb/fxgl/21.1/fxgl-21.1.jar!/fxglassets/ui/fonts/VarelaRound-Regular.ttf
18:53:02.206 [JavaFX Application Thread] DEBUG FXGLAssetLoaderServi - Loading from file system: jar:file:/C:/Users/Khana/.m2/repository/com/github/almasb/fxgl/21.1/fxgl-21.1.jar!/fxglassets/textures/fxgl_icon.png
18:53:02.246 [JavaFX Application Thread] DEBUG FXGLAssetLoaderServi - Loading from file system: jar:file:/C:/Users/Khana/.m2/repository/com/github/almasb/fxgl/21.1/fxgl-21.1.jar!/fxglassets/textures/fxgl_default_cursor.png
18:53:02.265 [JavaFX Application Thread] DEBUG Input                - Registered new binding: Screenshot - CTRL+8
18:53:02.266 [JavaFX Application Thread] DEBUG Input                - Registered new binding: System info dump - CTRL+9
18:53:02.267 [JavaFX Application Thread] DEBUG Input                - Registered new binding: Restart - CTRL+R
18:53:02.268 [JavaFX Application Thread] DEBUG Input                - Registered new binding: Toggle Debug Camera - CTRL+7
18:53:02.269 [FXGL Background Thread 4 ] DEBUG FXGLAssetLoaderServi - Loading from file system: jar:file:/C:/Users/Khana/.m2/repository/com/github/almasb/fxgl/21.1/fxgl-21.1.jar!/fxglassets/ui/fonts/Abel-Regular.ttf
18:53:02.273 [JavaFX Application Thread] DEBUG LoopRunner           - Starting loop
18:53:02.273 [JavaFX Application Thread] DEBUG LoopRunner           - Initializing JavaFX AnimationTimerLoop
18:53:02.279 [JavaFX Application Thread] DEBUG Input                - Clearing active input actions
18:53:02.280 [FXGL Background Thread 4 ] DEBUG FXGLAssetLoaderServi - Loading from file system: jar:file:/C:/Users/Khana/.m2/repository/com/github/almasb/fxgl/21.1/fxgl-21.1.jar!/fxglassets/ui/fonts/TerminalLandMono-Regular.otf
18:53:02.292 [JavaFX Application Thread] DEBUG GameApplicationServi - Removing overlay from FXGLStartupScene and adding to FXGLMainMenuDummyScene
18:53:02.293 [JavaFX Application Thread] DEBUG PrimaryStageWindow   - FXGLStartupScene -> FXGLMainMenuDummyScene
18:53:02.293 [JavaFX Application Thread] DEBUG PrimaryStageWindow   - Push state: StartScreen
18:53:02.294 [JavaFX Application Thread] DEBUG Input                - Clearing active input actions
18:53:02.299 [FXGL Background Thread 4 ] DEBUG FXGLAssetLoaderServi - Loading from file system: jar:file:/C:/Users/Khana/.m2/repository/com/github/almasb/fxgl/21.1/fxgl-21.1.jar!/fxglassets/ui/fonts/Courier-Prime.ttf
18:53:02.309 [JavaFX Application Thread] DEBUG GameApplicationServi - Removing overlay from FXGLMainMenuDummyScene and adding to StartScreen
18:53:02.310 [JavaFX Application Thread] DEBUG PrimaryStageWindow   - FXGLMainMenuDummyScene -> StartScreen
18:53:02.460 [JavaFX Application Thread] DEBUG FXGLApplication      - Registering font factories with UI factory
18:53:03.179 [JavaFX Application Thread] DEBUG Menu                 - fireNewGame()
18:53:03.179 [JavaFX Application Thread] DEBUG GameApplicationServi - Starting new game
18:53:03.179 [JavaFX Application Thread] DEBUG PrimaryStageWindow   - Pop state: StartScreen
18:53:03.179 [JavaFX Application Thread] DEBUG Input                - Clearing active input actions
18:53:03.180 [JavaFX Application Thread] DEBUG GameApplicationServi - Removing overlay from StartScreen and adding to FXGLMainMenuDummyScene
18:53:03.181 [JavaFX Application Thread] DEBUG PrimaryStageWindow   - FXGLMainMenuDummyScene <- StartScreen
18:53:03.181 [JavaFX Application Thread] DEBUG Input                - Clearing active input actions
18:53:03.198 [JavaFX Application Thread] DEBUG GameApplicationServi - Removing overlay from FXGLMainMenuDummyScene and adding to FXGLLoadingScene
18:53:03.199 [JavaFX Application Thread] DEBUG PrimaryStageWindow   - FXGLMainMenuDummyScene -> FXGLLoadingScene
18:53:03.199 [JavaFX Application Thread] DEBUG GameApplicationServi - Clearing previous game
18:53:03.199 [JavaFX Application Thread] DEBUG GameScene            - Clearing game scene
18:53:03.199 [JavaFX Application Thread] DEBUG GameWorld            - Clearing game world
18:53:03.199 [JavaFX Application Thread] DEBUG PhysicsWorld         - Clearing physics world
18:53:03.203 [FXGL Background Thread 4 ] DEBUG FXGLApplication      - Initializing game
18:53:03.233 [FXGL Background Thread 4 ] DEBUG FXGLAssetLoaderServi - Loading from file system: file:/E:/Labs/Gonvival/game/target/classes/assets/textures/newmap2.png
18:53:03.343 [FXGL Background Thread 4 ] DEBUG FXGLAssetLoaderServi - Loading from file system: file:/E:/Labs/Gonvival/game/target/classes/assets/textures/idle_down.png
18:53:03.348 [FXGL Background Thread 4 ] DEBUG FXGLAssetLoaderServi - Loading from file system: file:/E:/Labs/Gonvival/game/target/classes/assets/textures/idle_up.png
18:53:03.350 [FXGL Background Thread 4 ] DEBUG FXGLAssetLoaderServi - Loading from file system: file:/E:/Labs/Gonvival/game/target/classes/assets/textures/idle_left_down.png
18:53:03.353 [FXGL Background Thread 4 ] DEBUG FXGLAssetLoaderServi - Loading from file system: file:/E:/Labs/Gonvival/game/target/classes/assets/textures/idle_left_up.png
18:53:03.356 [FXGL Background Thread 4 ] DEBUG FXGLAssetLoaderServi - Loading from file system: file:/E:/Labs/Gonvival/game/target/classes/assets/textures/idle_right_down.png
18:53:03.358 [FXGL Background Thread 4 ] DEBUG FXGLAssetLoaderServi - Loading from file system: file:/E:/Labs/Gonvival/game/target/classes/assets/textures/idle_right_up.png
18:53:03.361 [FXGL Background Thread 4 ] DEBUG FXGLAssetLoaderServi - Loading from file system: file:/E:/Labs/Gonvival/game/target/classes/assets/textures/walk_left_down.png
18:53:03.365 [FXGL Background Thread 4 ] DEBUG FXGLAssetLoaderServi - Loading from file system: file:/E:/Labs/Gonvival/game/target/classes/assets/textures/walk_right_down.png
18:53:03.368 [FXGL Background Thread 4 ] DEBUG FXGLAssetLoaderServi - Loading from file system: file:/E:/Labs/Gonvival/game/target/classes/assets/textures/walk_up.png
18:53:03.371 [FXGL Background Thread 4 ] DEBUG FXGLAssetLoaderServi - Loading from file system: file:/E:/Labs/Gonvival/game/target/classes/assets/textures/walk_down.png
18:53:03.374 [FXGL Background Thread 4 ] DEBUG FXGLAssetLoaderServi - Loading from file system: file:/E:/Labs/Gonvival/game/target/classes/assets/textures/walk_left_up.png
18:53:03.380 [FXGL Background Thread 4 ] DEBUG FXGLAssetLoaderServi - Loading from file system: file:/E:/Labs/Gonvival/game/target/classes/assets/textures/walk_right_up.png
18:53:03.397 [FXGL Background Thread 4 ] INFO  FXGLApplication      - Game initialization took: 0.194 sec
18:53:03.404 [JavaFX Application Thread] DEBUG Input                - Clearing active input actions
18:53:03.418 [JavaFX Application Thread] DEBUG GameApplicationServi - Removing overlay from FXGLLoadingScene and adding to GameScene
18:53:03.418 [JavaFX Application Thread] DEBUG PrimaryStageWindow   - FXGLLoadingScene -> GameScene
18:53:03.526 [JavaFX Application Thread] DEBUG Input                - Registered new binding: SHOOT - LMB
18:53:03.526 [JavaFX Application Thread] DEBUG Input                - Registered new binding: MOVE LEFT - A
18:53:03.526 [JavaFX Application Thread] DEBUG Input                - Registered new binding: MOVE RIGHT - D
18:53:03.527 [JavaFX Application Thread] DEBUG Input                - Registered new binding: MOVE UP - W
18:53:03.527 [JavaFX Application Thread] DEBUG Input                - Registered new binding: MOVE DOWN - S
18:53:03.804 [JavaFX Application Thread] DEBUG FXGLAssetLoaderServi - Loading from file system: file:/E:/Labs/Gonvival/game/target/classes/assets/textures/arrow.png
18:53:04.324 [JavaFX Application Thread] DEBUG FXGLAssetLoaderServi - Loading from file system: file:/E:/Labs/Gonvival/game/target/classes/assets/textures/GraveRevenant.png
18:53:04.738 [JavaFX Application Thread] DEBUG FXGLApplication      - Exiting FXGL
18:53:04.738 [JavaFX Application Thread] DEBUG LoopRunner           - Stopping loop
18:53:04.738 [JavaFX Application Thread] DEBUG SystemBundleService  - Saving FXGL system data
18:53:04.740 [JavaFX Application Thread] DEBUG FileSystemAccess     - Writing to: E:\Labs\Gonvival\system\fxgl.bundle
18:53:04.743 [JavaFX Application Thread] DEBUG Async                - Shutting down background threads
18:53:04.744 [JavaFX Application Thread] DEBUG PrimaryStageWindow   - Closing main window
18:53:04.782 [JavaFX Application Thread] DEBUG Logger               - Closing Logger
