23:25:03.004 [main                     ] DEBUG Logger               - Configured Logger
23:25:03.060 [main                     ] DEBUG GameApplication      - Logging settings
Title: Gonvival
Version: beta
Width: 800
Height: 800
Fullscreen: false
Intro: false
Profiling: false
Single step:false
App Mode: DEVELOPER
Menu Key: ESCAPE
Stage Style: DECORATED
Scene Factory: class com.almasb.fxgl.app.scene.SceneFactory

23:25:04.433 [JavaFX Application Thread] DEBUG FXGLApplication      - Initializing FXGL
23:25:04.438 [JavaFX Application Thread] INFO  Engine               - FXGL-21.1 (27.03.2024 07.52) on WINDOWS (J:21.0.5 FX:21.0.1)
23:25:04.440 [JavaFX Application Thread] DEBUG Engine               - JRE Vendor Name: Eclipse Adoptium
23:25:04.440 [JavaFX Application Thread] DEBUG Engine               - Running on OS: Windows 11 version 10.0
23:25:04.440 [JavaFX Application Thread] DEBUG Engine               - Architecture: amd64
23:25:04.442 [JavaFX Application Thread] INFO  Engine               - Source code and latest versions at: https://github.com/AlmasB/FXGL
23:25:04.443 [JavaFX Application Thread] INFO  Engine               -       Ask questions and discuss at: https://github.com/AlmasB/FXGL/discussions
23:25:04.443 [JavaFX Application Thread] INFO  Engine               -              Join the FXGL chat at: https://gitter.im/AlmasB/FXGL
23:25:04.568 [JavaFX Application Thread] DEBUG PrimaryStageWindow   - Creating a JavaFX scene
23:25:04.638 [JavaFX Application Thread] DEBUG PrimaryStageWindow   - Target settings size: 800.0 x 800.0
23:25:04.638 [JavaFX Application Thread] DEBUG PrimaryStageWindow   - Scaled scene size:    800.0 x 800.0
23:25:04.639 [JavaFX Application Thread] DEBUG PrimaryStageWindow   - Scaled ratio: (1.0, 1.0)
23:25:04.641 [JavaFX Application Thread] DEBUG PrimaryStageWindow   - Set initial scene to FXGLStartupScene
23:25:04.650 [JavaFX Application Thread] DEBUG PrimaryStageWindow   - Opening main window
23:25:04.922 [JavaFX Application Thread] DEBUG PrimaryStageWindow   - Window border size: (16.0, 39.0)
23:25:04.924 [JavaFX Application Thread] DEBUG PrimaryStageWindow   - Scaled size: 800.0 x 800.0
23:25:04.926 [JavaFX Application Thread] DEBUG PrimaryStageWindow   - Scaled ratio: (1.0, 1.0)
23:25:04.927 [JavaFX Application Thread] DEBUG PrimaryStageWindow   - Scene size: 800.0 x 800.0
23:25:04.929 [JavaFX Application Thread] DEBUG PrimaryStageWindow   - Stage size: 816.0 x 839.0
23:25:04.945 [FXGL Background Thread 1 ] DEBUG Engine               - Initializing environment variables
23:25:05.087 [FXGL Background Thread 1 ] DEBUG FXGLAssetLoaderServi - User app class for loading assets: class com.lab.App
23:25:05.088 [FXGL Background Thread 1 ] DEBUG GameApplicationServi - Applying CSS: fxgl_dark.css
23:25:05.091 [FXGL Background Thread 1 ] DEBUG FXGLAssetLoaderServi - Loading from file system: jar:file:/C:/Users/HP/.m2/repository/com/github/almasb/fxgl/21.1/fxgl-21.1.jar!/fxglassets/ui/css/fxgl_dark.css
23:25:05.199 [FXGL Background Thread 1 ] DEBUG GameApplicationServi - Initializing application scenes
23:25:05.302 [FXGL Background Thread 1 ] DEBUG GameWorld            - Game world initialized
23:25:05.408 [FXGL Background Thread 1 ] DEBUG PhysicsWorld         - Physics world initialized: appHeight=800, physics.ppm=50.0
23:25:05.408 [FXGL Background Thread 1 ] DEBUG PhysicsWorld         - Using strategy: BRUTE_FORCE
23:25:05.416 [FXGL Background Thread 1 ] DEBUG GameScene            - Game scene initialized: 800x800
23:25:05.452 [FXGL Background Thread 1 ] DEBUG FXGL.DefaultMenu     - createMenuBodyMainMenu()
23:25:05.522 [FXGL Background Thread 1 ] DEBUG FXGL.DefaultMenu     - createOptionsMenu()
23:25:05.552 [FXGL Background Thread 1 ] DEBUG FXGLAssetLoaderServi - Loading from file system: jar:file:/C:/Users/HP/.m2/repository/com/github/almasb/fxgl/21.1/fxgl-21.1.jar!/fxglassets/textures/particles/smoke.png
23:25:05.775 [FXGL Background Thread 1 ] DEBUG FXGLAssetLoaderServi - Loading from file system: jar:file:/C:/Users/HP/.m2/repository/com/github/almasb/fxgl/21.1/fxgl-21.1.jar!/fxglassets/textures/particles/trace_horizontal.png
23:25:05.801 [FXGL Background Thread 1 ] DEBUG FXGL.DefaultMenu     - createMenuBodyGameMenu()
23:25:05.803 [FXGL Background Thread 1 ] DEBUG FXGL.DefaultMenu     - createOptionsMenu()
23:25:05.817 [FXGL Background Thread 1 ] DEBUG GameApplicationServi - Application scenes initialized
23:25:05.838 [FXGL Background Thread 1 ] DEBUG SystemBundleService  - Loading FXGL system data
23:25:05.845 [FXGL Background Thread 1 ] DEBUG FileSystemAccess     - Reading from: D:\newGon\Gonvival\system\fxgl.bundle
23:25:05.859 [FXGL Background Thread 1 ] DEBUG SystemBundleService  - Bundle FXGL: {}
23:25:05.860 [FXGL Background Thread 1 ] DEBUG UpdaterService       - Checking for updates
23:25:05.913 [FXGL Background Thread 4 ] DEBUG FXGLApplication      - Loading fonts
23:25:05.914 [FXGL Background Thread 4 ] DEBUG FXGLAssetLoaderServi - Loading from file system: jar:file:/C:/Users/HP/.m2/repository/com/github/almasb/fxgl/21.1/fxgl-21.1.jar!/fxglassets/ui/fonts/VarelaRound-Regular.ttf
23:25:05.915 [FXGL Background Thread 1 ] DEBUG FXGLApplication      - Loading default localization
23:25:05.916 [FXGL Background Thread 1 ] DEBUG FXGLAssetLoaderServi - Loading from file system: jar:file:/C:/Users/HP/.m2/repository/com/github/almasb/fxgl/21.1/fxgl-21.1.jar!/fxglassets/languages/english.lang
23:25:05.969 [FXGL Background Thread 1 ] INFO  FXGLApplication      - FXGL initialization took: 1.024 sec
23:25:05.972 [JavaFX Application Thread] DEBUG FXGLAssetLoaderServi - Loading from file system: jar:file:/C:/Users/HP/.m2/repository/com/github/almasb/fxgl/21.1/fxgl-21.1.jar!/fxglassets/textures/fxgl_icon.png
23:25:05.988 [FXGL Background Thread 4 ] DEBUG FXGLAssetLoaderServi - Loading from file system: jar:file:/C:/Users/HP/.m2/repository/com/github/almasb/fxgl/21.1/fxgl-21.1.jar!/fxglassets/ui/fonts/Abel-Regular.ttf
23:25:05.997 [FXGL Background Thread 4 ] DEBUG FXGLAssetLoaderServi - Loading from file system: jar:file:/C:/Users/HP/.m2/repository/com/github/almasb/fxgl/21.1/fxgl-21.1.jar!/fxglassets/ui/fonts/TerminalLandMono-Regular.otf
23:25:06.005 [FXGL Background Thread 4 ] DEBUG FXGLAssetLoaderServi - Loading from file system: jar:file:/C:/Users/HP/.m2/repository/com/github/almasb/fxgl/21.1/fxgl-21.1.jar!/fxglassets/ui/fonts/Courier-Prime.ttf
23:25:06.006 [JavaFX Application Thread] DEBUG FXGLAssetLoaderServi - Loading from file system: jar:file:/C:/Users/HP/.m2/repository/com/github/almasb/fxgl/21.1/fxgl-21.1.jar!/fxglassets/textures/fxgl_default_cursor.png
23:25:06.025 [JavaFX Application Thread] DEBUG Input                - Registered new binding: Screenshot - CTRL+8
23:25:06.026 [JavaFX Application Thread] DEBUG Input                - Registered new binding: Dev Options - 1
23:25:06.026 [JavaFX Application Thread] DEBUG Input                - Registered new binding: Dev Console - 2
23:25:06.027 [JavaFX Application Thread] DEBUG Input                - Registered new binding: System info dump - CTRL+9
23:25:06.028 [JavaFX Application Thread] DEBUG Input                - Registered new binding: Restart - CTRL+R
23:25:06.030 [JavaFX Application Thread] DEBUG Input                - Registered new binding: Toggle Debug Camera - CTRL+7
23:25:06.037 [JavaFX Application Thread] DEBUG LoopRunner           - Starting loop
23:25:06.066 [JavaFX Application Thread] DEBUG LoopRunner           - Initializing JavaFX AnimationTimerLoop
23:25:06.068 [JavaFX Application Thread] DEBUG Input                - Clearing active input actions
23:25:06.077 [JavaFX Application Thread] DEBUG GameApplicationServi - Removing overlay from FXGLStartupScene and adding to FXGLMainMenuDummyScene
23:25:06.085 [JavaFX Application Thread] DEBUG PrimaryStageWindow   - FXGLStartupScene -> FXGLMainMenuDummyScene
23:25:06.086 [JavaFX Application Thread] DEBUG PrimaryStageWindow   - Push state: FXGLDefaultMenu
23:25:06.097 [JavaFX Application Thread] DEBUG Input                - Clearing active input actions
23:25:06.120 [JavaFX Application Thread] DEBUG GameApplicationServi - Removing overlay from FXGLMainMenuDummyScene and adding to FXGLDefaultMenu
23:25:06.122 [JavaFX Application Thread] DEBUG PrimaryStageWindow   - FXGLMainMenuDummyScene -> FXGLDefaultMenu
23:25:06.427 [JavaFX Application Thread] DEBUG FXGLApplication      - Registering font factories with UI factory
23:25:07.115 [JavaFX Application Thread] DEBUG Menu                 - fireNewGame()
23:25:07.116 [JavaFX Application Thread] DEBUG GameApplicationServi - Starting new game
23:25:07.120 [JavaFX Application Thread] DEBUG PrimaryStageWindow   - Pop state: FXGLDefaultMenu
23:25:07.122 [JavaFX Application Thread] DEBUG Input                - Clearing active input actions
23:25:07.124 [JavaFX Application Thread] DEBUG GameApplicationServi - Removing overlay from FXGLDefaultMenu and adding to FXGLMainMenuDummyScene
23:25:07.128 [JavaFX Application Thread] DEBUG PrimaryStageWindow   - FXGLMainMenuDummyScene <- FXGLDefaultMenu
23:25:07.129 [JavaFX Application Thread] DEBUG Input                - Clearing active input actions
23:25:07.146 [JavaFX Application Thread] DEBUG GameApplicationServi - Removing overlay from FXGLMainMenuDummyScene and adding to FXGLLoadingScene
23:25:07.147 [JavaFX Application Thread] DEBUG PrimaryStageWindow   - FXGLMainMenuDummyScene -> FXGLLoadingScene
23:25:07.147 [JavaFX Application Thread] DEBUG GameApplicationServi - Clearing previous game
23:25:07.148 [JavaFX Application Thread] DEBUG GameScene            - Clearing game scene
23:25:07.148 [JavaFX Application Thread] DEBUG GameWorld            - Clearing game world
23:25:07.148 [JavaFX Application Thread] DEBUG PhysicsWorld         - Clearing physics world
23:25:07.151 [FXGL Background Thread 2 ] DEBUG FXGLApplication      - Initializing game
23:25:07.166 [FXGL Background Thread 2 ] DEBUG FXGLAssetLoaderServi - Loading from file system: file:/D:/newGon/Gonvival/game/target/classes/assets/textures/map.png
23:25:07.271 [FXGL Background Thread 2 ] DEBUG FXGLAssetLoaderServi - Loading from file system: file:/D:/newGon/Gonvival/game/target/classes/assets/textures/idle_down.png
23:25:07.280 [FXGL Background Thread 2 ] DEBUG FXGLAssetLoaderServi - Loading from file system: file:/D:/newGon/Gonvival/game/target/classes/assets/textures/idle_up.png
23:25:07.286 [FXGL Background Thread 2 ] DEBUG FXGLAssetLoaderServi - Loading from file system: file:/D:/newGon/Gonvival/game/target/classes/assets/textures/idle_left_down.png
23:25:07.290 [FXGL Background Thread 2 ] DEBUG FXGLAssetLoaderServi - Loading from file system: file:/D:/newGon/Gonvival/game/target/classes/assets/textures/idle_left_up.png
23:25:07.294 [FXGL Background Thread 2 ] DEBUG FXGLAssetLoaderServi - Loading from file system: file:/D:/newGon/Gonvival/game/target/classes/assets/textures/idle_right_down.png
23:25:07.298 [FXGL Background Thread 2 ] DEBUG FXGLAssetLoaderServi - Loading from file system: file:/D:/newGon/Gonvival/game/target/classes/assets/textures/idle_right_up.png
23:25:07.303 [FXGL Background Thread 2 ] DEBUG FXGLAssetLoaderServi - Loading from file system: file:/D:/newGon/Gonvival/game/target/classes/assets/textures/walk_left_down.png
23:25:07.308 [FXGL Background Thread 2 ] DEBUG FXGLAssetLoaderServi - Loading from file system: file:/D:/newGon/Gonvival/game/target/classes/assets/textures/walk_right_down.png
23:25:07.313 [FXGL Background Thread 2 ] DEBUG FXGLAssetLoaderServi - Loading from file system: file:/D:/newGon/Gonvival/game/target/classes/assets/textures/walk_up.png
23:25:07.318 [FXGL Background Thread 2 ] DEBUG FXGLAssetLoaderServi - Loading from file system: file:/D:/newGon/Gonvival/game/target/classes/assets/textures/walk_down.png
23:25:07.321 [FXGL Background Thread 2 ] DEBUG FXGLAssetLoaderServi - Loading from file system: file:/D:/newGon/Gonvival/game/target/classes/assets/textures/walk_left_up.png
23:25:07.324 [FXGL Background Thread 2 ] DEBUG FXGLAssetLoaderServi - Loading from file system: file:/D:/newGon/Gonvival/game/target/classes/assets/textures/walk_right_up.png
23:25:07.336 [FXGL Background Thread 2 ] INFO  FXGLApplication      - Game initialization took: 0.186 sec
23:25:07.340 [JavaFX Application Thread] DEBUG Input                - Clearing active input actions
23:25:07.353 [JavaFX Application Thread] DEBUG GameApplicationServi - Removing overlay from FXGLLoadingScene and adding to GameScene
23:25:07.358 [JavaFX Application Thread] DEBUG PrimaryStageWindow   - FXGLLoadingScene -> GameScene
23:25:07.467 [JavaFX Application Thread] DEBUG Input                - Registered new binding: SHOOT - LMB
23:25:07.468 [JavaFX Application Thread] DEBUG Input                - Registered new binding: MOVE LEFT - A
23:25:07.468 [JavaFX Application Thread] DEBUG Input                - Registered new binding: MOVE RIGHT - D
23:25:07.468 [JavaFX Application Thread] DEBUG Input                - Registered new binding: MOVE UP - W
23:25:07.468 [JavaFX Application Thread] DEBUG Input                - Registered new binding: MOVE DOWN - S
23:25:08.220 [JavaFX Application Thread] DEBUG FXGLAssetLoaderServi - Loading from file system: file:/D:/newGon/Gonvival/game/target/classes/assets/textures/evil.png
23:25:08.678 [JavaFX Application Thread] DEBUG FXGLAssetLoaderServi - Loading from file system: file:/D:/newGon/Gonvival/game/target/classes/assets/textures/arrow.png
23:25:08.910 [FXGL Background Thread 3 ] DEBUG Engine               - Logging environment variables
23:25:08.911 [FXGL Background Thread 3 ] DEBUG Engine               - achievements: []
23:25:08.911 [FXGL Background Thread 3 ] DEBUG Engine               - actualHeight: 800.0
23:25:08.911 [FXGL Background Thread 3 ] DEBUG Engine               - actualHeightProperty: ReadOnlyDoubleProperty [value: 800.0]
23:25:08.912 [FXGL Background Thread 3 ] DEBUG Engine               - actualWidth: 800.0
23:25:08.912 [FXGL Background Thread 3 ] DEBUG Engine               - actualWidthProperty: ReadOnlyDoubleProperty [value: 800.0]
23:25:08.912 [FXGL Background Thread 3 ] DEBUG Engine               - appIcon: fxgl_icon.png
23:25:08.913 [FXGL Background Thread 3 ] DEBUG Engine               - applicationMode: DEVELOPER
23:25:08.913 [FXGL Background Thread 3 ] DEBUG Engine               - cSSList: [fxgl_dark.css]
23:25:08.913 [FXGL Background Thread 3 ] DEBUG Engine               - collisionDetectionStrategy: BRUTE_FORCE
23:25:08.913 [FXGL Background Thread 3 ] DEBUG Engine               - configClass: Optional.empty
23:25:08.914 [FXGL Background Thread 3 ] DEBUG Engine               - credits: []
23:25:08.915 [FXGL Background Thread 3 ] DEBUG Engine               - defaultCursor: CursorInfo(imageName=fxgl_default_cursor.png, hotspotX=7.0, hotspotY=6.0)
23:25:08.916 [FXGL Background Thread 3 ] DEBUG Engine               - devBBoxColorProperty: ObjectProperty [value: 0xff0000ff]
23:25:08.916 [FXGL Background Thread 3 ] DEBUG Engine               - devEnableDebugCameraProperty: BooleanProperty [value: false]
23:25:08.917 [FXGL Background Thread 3 ] DEBUG Engine               - devSensorColorProperty: ObjectProperty [value: 0xffff00ff]
23:25:08.917 [FXGL Background Thread 3 ] DEBUG Engine               - devShowBBoxProperty: BooleanProperty [value: false]
23:25:08.917 [FXGL Background Thread 3 ] DEBUG Engine               - devShowPositionProperty: BooleanProperty [value: false]
23:25:08.917 [FXGL Background Thread 3 ] DEBUG Engine               - enabledMenuItems: []
23:25:08.918 [FXGL Background Thread 3 ] DEBUG Engine               - engineServices: [class com.almasb.fxgl.app.services.FXGLAssetLoaderService, class com.almasb.fxgl.app.FXGLApplication$GameApplicationService, class com.almasb.fxgl.app.services.FXGLDialogService, class com.almasb.fxgl.app.services.IOTaskExecutorService, class com.almasb.fxgl.io.FileSystemService, class com.almasb.fxgl.localization.LocalizationService, class com.almasb.fxgl.app.services.SystemBundleService, class com.almasb.fxgl.profile.SaveLoadService, class com.almasb.fxgl.ui.FXGLUIFactoryServiceProvider, class com.almasb.fxgl.ui.FXGLDialogFactoryServiceProvider, class com.almasb.fxgl.audio.AudioPlayer, class com.almasb.fxgl.notification.impl.NotificationServiceProvider, class com.almasb.fxgl.achievement.AchievementService, class com.almasb.fxgl.cutscene.CutsceneService, class com.almasb.fxgl.minigames.MiniGameService, class com.almasb.fxgl.net.NetService, class com.almasb.fxgl.app.services.UpdaterService, class com.almasb.fxgl.dev.DevService]
23:25:08.918 [FXGL Background Thread 3 ] DEBUG Engine               - fontGame: Abel-Regular.ttf
23:25:08.918 [FXGL Background Thread 3 ] DEBUG Engine               - fontMono: TerminalLandMono-Regular.otf
23:25:08.918 [FXGL Background Thread 3 ] DEBUG Engine               - fontSizeScaleUI: 1.0
23:25:08.919 [FXGL Background Thread 3 ] DEBUG Engine               - fontText: Courier-Prime.ttf
23:25:08.919 [FXGL Background Thread 3 ] DEBUG Engine               - fontUI: VarelaRound-Regular.ttf
23:25:08.919 [FXGL Background Thread 3 ] DEBUG Engine               - fullScreen: BooleanProperty [value: false]
23:25:08.919 [FXGL Background Thread 3 ] DEBUG Engine               - gameDifficulty: MEDIUM
23:25:08.919 [FXGL Background Thread 3 ] DEBUG Engine               - gameDifficultyProperty: ObjectProperty [value: MEDIUM]
23:25:08.920 [FXGL Background Thread 3 ] DEBUG Engine               - globalMusicVolume: 0.5
23:25:08.920 [FXGL Background Thread 3 ] DEBUG Engine               - globalMusicVolumeProperty: DoubleProperty [value: 0.5]
23:25:08.920 [FXGL Background Thread 3 ] DEBUG Engine               - globalSoundVolume: 0.5
23:25:08.920 [FXGL Background Thread 3 ] DEBUG Engine               - globalSoundVolumeProperty: DoubleProperty [value: 0.5]
23:25:08.921 [FXGL Background Thread 3 ] DEBUG Engine               - height: 800
23:25:08.921 [FXGL Background Thread 3 ] DEBUG Engine               - is3D: false
23:25:08.921 [FXGL Background Thread 3 ] DEBUG Engine               - isAndroid: false
23:25:08.921 [FXGL Background Thread 3 ] DEBUG Engine               - isBrowser: false
23:25:08.921 [FXGL Background Thread 3 ] DEBUG Engine               - isClickFeedbackEnabled: false
23:25:08.921 [FXGL Background Thread 3 ] DEBUG Engine               - isCloseConfirmation: false
23:25:08.921 [FXGL Background Thread 3 ] DEBUG Engine               - isDesktop: true
23:25:08.921 [FXGL Background Thread 3 ] DEBUG Engine               - isDeveloperMenuEnabled: true
23:25:08.921 [FXGL Background Thread 3 ] DEBUG Engine               - isEmbedded: false
23:25:08.922 [FXGL Background Thread 3 ] DEBUG Engine               - isEntityPreloadEnabled: true
23:25:08.922 [FXGL Background Thread 3 ] DEBUG Engine               - isExperimentalTiledLargeMap: false
23:25:08.922 [FXGL Background Thread 3 ] DEBUG Engine               - isFileSystemWriteAllowed: true
23:25:08.922 [FXGL Background Thread 3 ] DEBUG Engine               - isFullScreenAllowed: false
23:25:08.922 [FXGL Background Thread 3 ] DEBUG Engine               - isFullScreenFromStart: false
23:25:08.923 [FXGL Background Thread 3 ] DEBUG Engine               - isGameMenuEnabled: true
23:25:08.923 [FXGL Background Thread 3 ] DEBUG Engine               - isIOS: false
23:25:08.923 [FXGL Background Thread 3 ] DEBUG Engine               - isIntroEnabled: false
23:25:08.923 [FXGL Background Thread 3 ] DEBUG Engine               - isLinux: false
23:25:08.923 [FXGL Background Thread 3 ] DEBUG Engine               - isMac: false
23:25:08.923 [FXGL Background Thread 3 ] DEBUG Engine               - isMainMenuEnabled: true
23:25:08.924 [FXGL Background Thread 3 ] DEBUG Engine               - isManualResizeEnabled: false
23:25:08.924 [FXGL Background Thread 3 ] DEBUG Engine               - isMobile: false
23:25:08.924 [FXGL Background Thread 3 ] DEBUG Engine               - isNative: false
23:25:08.924 [FXGL Background Thread 3 ] DEBUG Engine               - isPauseMusicWhenMinimized: true
23:25:08.924 [FXGL Background Thread 3 ] DEBUG Engine               - isPreserveResizeRatio: false
23:25:08.924 [FXGL Background Thread 3 ] DEBUG Engine               - isProfilingEnabled: false
23:25:08.924 [FXGL Background Thread 3 ] DEBUG Engine               - isScaleAffectedOnResize: true
23:25:08.925 [FXGL Background Thread 3 ] DEBUG Engine               - isSingleStep: false
23:25:08.925 [FXGL Background Thread 3 ] DEBUG Engine               - isUserProfileEnabled: false
23:25:08.925 [FXGL Background Thread 3 ] DEBUG Engine               - isWindows: true
23:25:08.925 [FXGL Background Thread 3 ] DEBUG Engine               - language: ObjectProperty [value: ENGLISH]
23:25:08.925 [FXGL Background Thread 3 ] DEBUG Engine               - menuKey: ESCAPE
23:25:08.925 [FXGL Background Thread 3 ] DEBUG Engine               - mouseSensitivity: 0.2
23:25:08.926 [FXGL Background Thread 3 ] DEBUG Engine               - notificationViewClass: class com.almasb.fxgl.notification.view.XboxNotificationView
23:25:08.926 [FXGL Background Thread 3 ] DEBUG Engine               - pixelsPerMeter: 50.0
23:25:08.926 [FXGL Background Thread 3 ] DEBUG Engine               - platform: WINDOWS
23:25:08.926 [FXGL Background Thread 3 ] DEBUG Engine               - prefHeightProperty: ReadOnlyDoubleProperty [value: 800.0]
23:25:08.926 [FXGL Background Thread 3 ] DEBUG Engine               - prefWidthProperty: ReadOnlyDoubleProperty [value: 800.0]
23:25:08.926 [FXGL Background Thread 3 ] DEBUG Engine               - profileDir: profiles/
23:25:08.927 [FXGL Background Thread 3 ] DEBUG Engine               - profileName: StringProperty [value: DEFAULT]
23:25:08.927 [FXGL Background Thread 3 ] DEBUG Engine               - randomSeed: -1
23:25:08.928 [FXGL Background Thread 3 ] DEBUG Engine               - runtimeInfo: RuntimeInfo(platform=WINDOWS, version=21.1, build=27.03.2024 07.52)
23:25:08.928 [FXGL Background Thread 3 ] DEBUG Engine               - saveFileExt: sav
23:25:08.929 [FXGL Background Thread 3 ] DEBUG Engine               - scaledHeightProp$fxgl: DoubleProperty [bound, value: 800.0]
23:25:08.929 [FXGL Background Thread 3 ] DEBUG Engine               - scaledWidthProp$fxgl: DoubleProperty [bound, value: 800.0]
23:25:08.929 [FXGL Background Thread 3 ] DEBUG Engine               - sceneFactory: com.almasb.fxgl.app.scene.SceneFactory@1b6e7369
23:25:08.930 [FXGL Background Thread 3 ] DEBUG Engine               - secondsIn24h: 60
23:25:08.930 [FXGL Background Thread 3 ] DEBUG Engine               - soundMenuBack: menu/back.wav
23:25:08.930 [FXGL Background Thread 3 ] DEBUG Engine               - soundMenuPress: menu/press.wav
23:25:08.930 [FXGL Background Thread 3 ] DEBUG Engine               - soundMenuSelect: menu/select.wav
23:25:08.930 [FXGL Background Thread 3 ] DEBUG Engine               - soundNotification: core/notification.wav
23:25:08.931 [FXGL Background Thread 3 ] DEBUG Engine               - stageStyle: DECORATED
23:25:08.931 [FXGL Background Thread 3 ] DEBUG Engine               - supportedLanguages: [ENGLISH, FRENCH, GERMAN, HUNGARIAN, RUSSIAN]
23:25:08.931 [FXGL Background Thread 3 ] DEBUG Engine               - ticksPerSecond: -1
23:25:08.931 [FXGL Background Thread 3 ] DEBUG Engine               - title: Gonvival
23:25:08.931 [FXGL Background Thread 3 ] DEBUG Engine               - urlGithub: https://github.com/AlmasB/FXGL
23:25:08.931 [FXGL Background Thread 3 ] DEBUG Engine               - urlLeaderboard: http://fxgl-top.herokuapp.com/
23:25:08.931 [FXGL Background Thread 3 ] DEBUG Engine               - urlPOM: https://raw.githubusercontent.com/AlmasB/FXGL/release/README.md
23:25:08.932 [FXGL Background Thread 3 ] DEBUG Engine               - userAppClass: class com.lab.App
23:25:08.932 [FXGL Background Thread 3 ] DEBUG Engine               - version: beta
23:25:08.932 [FXGL Background Thread 3 ] DEBUG Engine               - versionCheckDays: 7
23:25:08.932 [FXGL Background Thread 3 ] DEBUG Engine               - width: 800
23:25:08.933 [FXGL Background Thread 3 ] DEBUG Engine               - Logging services
23:25:08.933 [FXGL Background Thread 3 ] DEBUG Engine               - class com.almasb.fxgl.app.services.FXGLAssetLoaderService
23:25:08.933 [FXGL Background Thread 3 ] DEBUG Engine               - class com.almasb.fxgl.app.FXGLApplication$GameApplicationService
23:25:08.933 [FXGL Background Thread 3 ] DEBUG Engine               - class com.almasb.fxgl.app.services.FXGLDialogService
23:25:08.933 [FXGL Background Thread 3 ] DEBUG Engine               - class com.almasb.fxgl.app.services.IOTaskExecutorService
23:25:08.933 [FXGL Background Thread 3 ] DEBUG Engine               - class com.almasb.fxgl.io.FileSystemService
23:25:08.933 [FXGL Background Thread 3 ] DEBUG Engine               - class com.almasb.fxgl.localization.LocalizationService
23:25:08.933 [FXGL Background Thread 3 ] DEBUG Engine               - class com.almasb.fxgl.app.services.SystemBundleService
23:25:08.933 [FXGL Background Thread 3 ] DEBUG Engine               - class com.almasb.fxgl.profile.SaveLoadService
23:25:08.933 [FXGL Background Thread 3 ] DEBUG Engine               - class com.almasb.fxgl.ui.FXGLUIFactoryServiceProvider
23:25:08.933 [FXGL Background Thread 3 ] DEBUG Engine               - class com.almasb.fxgl.ui.FXGLDialogFactoryServiceProvider
23:25:08.934 [FXGL Background Thread 3 ] DEBUG Engine               - class com.almasb.fxgl.audio.AudioPlayer
23:25:08.934 [FXGL Background Thread 3 ] DEBUG Engine               - class com.almasb.fxgl.notification.impl.NotificationServiceProvider
23:25:08.934 [FXGL Background Thread 3 ] DEBUG Engine               - class com.almasb.fxgl.achievement.AchievementService
23:25:08.934 [FXGL Background Thread 3 ] DEBUG Engine               - class com.almasb.fxgl.cutscene.CutsceneService
23:25:08.934 [FXGL Background Thread 3 ] DEBUG Engine               - class com.almasb.fxgl.minigames.MiniGameService
23:25:08.934 [FXGL Background Thread 3 ] DEBUG Engine               - class com.almasb.fxgl.net.NetService
23:25:08.934 [FXGL Background Thread 3 ] DEBUG Engine               - class com.almasb.fxgl.app.services.UpdaterService
23:25:08.934 [FXGL Background Thread 3 ] DEBUG Engine               - class com.almasb.fxgl.dev.DevService
23:26:06.934 [JavaFX Application Thread] DEBUG PrimaryStageWindow   - Push state: DialogSubScene
23:26:06.935 [JavaFX Application Thread] DEBUG Input                - Clearing active input actions
23:26:06.936 [JavaFX Application Thread] DEBUG GameApplicationServi - Removing overlay from GameScene and adding to DialogSubScene
23:26:06.938 [JavaFX Application Thread] DEBUG PrimaryStageWindow   - GameScene -> DialogSubScene
23:26:07.080 [JavaFX Application Thread] DEBUG PrimaryStageWindow   - Pop state: DialogSubScene
23:26:07.080 [JavaFX Application Thread] DEBUG Input                - Clearing active input actions
23:26:07.082 [JavaFX Application Thread] DEBUG GameApplicationServi - Removing overlay from DialogSubScene and adding to GameScene
23:26:07.083 [JavaFX Application Thread] DEBUG PrimaryStageWindow   - GameScene <- DialogSubScene
23:26:27.156 [JavaFX Application Thread] DEBUG PrimaryStageWindow   - Push state: DialogSubScene
23:26:27.157 [JavaFX Application Thread] DEBUG Input                - Clearing active input actions
23:26:27.157 [JavaFX Application Thread] DEBUG GameApplicationServi - Removing overlay from GameScene and adding to DialogSubScene
23:26:27.158 [JavaFX Application Thread] DEBUG PrimaryStageWindow   - GameScene -> DialogSubScene
23:26:28.681 [JavaFX Application Thread] DEBUG PrimaryStageWindow   - Pop state: DialogSubScene
23:26:28.682 [JavaFX Application Thread] DEBUG Input                - Clearing active input actions
23:26:28.682 [JavaFX Application Thread] DEBUG GameApplicationServi - Removing overlay from DialogSubScene and adding to GameScene
23:26:28.683 [JavaFX Application Thread] DEBUG PrimaryStageWindow   - GameScene <- DialogSubScene
23:26:28.683 [JavaFX Application Thread] DEBUG GameWorld            - Clearing game world
23:26:28.684 [JavaFX Application Thread] DEBUG Input                - Clearing active input actions
23:26:28.689 [JavaFX Application Thread] DEBUG GameApplicationServi - Removing overlay from GameScene and adding to FXGLMainMenuDummyScene
23:26:28.690 [JavaFX Application Thread] DEBUG PrimaryStageWindow   - GameScene -> FXGLMainMenuDummyScene
23:26:28.690 [JavaFX Application Thread] DEBUG PrimaryStageWindow   - Push state: FXGLDefaultMenu
23:26:28.691 [JavaFX Application Thread] DEBUG Input                - Clearing active input actions
23:26:28.692 [JavaFX Application Thread] DEBUG GameApplicationServi - Removing overlay from FXGLMainMenuDummyScene and adding to FXGLDefaultMenu
23:26:28.700 [JavaFX Application Thread] DEBUG PrimaryStageWindow   - FXGLMainMenuDummyScene -> FXGLDefaultMenu
23:26:35.362 [JavaFX Application Thread] DEBUG FXGL.DefaultMenu     - createContentControls()
23:26:37.337 [JavaFX Application Thread] DEBUG FXGL.DefaultMenu     - createContentVideo()
23:26:37.946 [JavaFX Application Thread] DEBUG FXGL.DefaultMenu     - createContentAudio()
23:26:38.599 [JavaFX Application Thread] DEBUG PrimaryStageWindow   - Push state: DialogSubScene
23:26:38.600 [JavaFX Application Thread] DEBUG Input                - Clearing active input actions
23:26:38.601 [JavaFX Application Thread] DEBUG GameApplicationServi - Removing overlay from FXGLDefaultMenu and adding to DialogSubScene
23:26:38.601 [JavaFX Application Thread] DEBUG PrimaryStageWindow   - FXGLDefaultMenu -> DialogSubScene
23:26:40.803 [JavaFX Application Thread] DEBUG PrimaryStageWindow   - Pop state: DialogSubScene
23:26:40.803 [JavaFX Application Thread] DEBUG Input                - Clearing active input actions
23:26:40.804 [JavaFX Application Thread] DEBUG GameApplicationServi - Removing overlay from DialogSubScene and adding to FXGLDefaultMenu
23:26:40.805 [JavaFX Application Thread] DEBUG PrimaryStageWindow   - FXGLDefaultMenu <- DialogSubScene
23:26:40.805 [JavaFX Application Thread] DEBUG Menu                 - restoreDefaultSettings()
23:26:42.331 [JavaFX Application Thread] DEBUG Menu                 - fireNewGame()
23:26:42.331 [JavaFX Application Thread] DEBUG GameApplicationServi - Starting new game
23:26:42.332 [JavaFX Application Thread] DEBUG PrimaryStageWindow   - Pop state: FXGLDefaultMenu
23:26:42.332 [JavaFX Application Thread] DEBUG Input                - Clearing active input actions
23:26:42.332 [JavaFX Application Thread] DEBUG GameApplicationServi - Removing overlay from FXGLDefaultMenu and adding to FXGLMainMenuDummyScene
23:26:42.334 [JavaFX Application Thread] DEBUG PrimaryStageWindow   - FXGLMainMenuDummyScene <- FXGLDefaultMenu
23:26:42.334 [JavaFX Application Thread] DEBUG Input                - Clearing active input actions
23:26:42.341 [JavaFX Application Thread] DEBUG GameApplicationServi - Removing overlay from FXGLMainMenuDummyScene and adding to FXGLLoadingScene
23:26:42.341 [JavaFX Application Thread] DEBUG PrimaryStageWindow   - FXGLMainMenuDummyScene -> FXGLLoadingScene
23:26:42.341 [JavaFX Application Thread] DEBUG GameApplicationServi - Clearing previous game
23:26:42.341 [JavaFX Application Thread] DEBUG GameScene            - Clearing game scene
23:26:42.341 [JavaFX Application Thread] DEBUG GameWorld            - Clearing game world
23:26:42.341 [JavaFX Application Thread] DEBUG PhysicsWorld         - Clearing physics world
23:26:42.343 [FXGL Background Thread 5 ] DEBUG FXGLApplication      - Initializing game
23:26:42.346 [FXGL Background Thread 5 ] INFO  FXGLApplication      - Game initialization took: 0.003 sec
23:26:42.373 [JavaFX Application Thread] DEBUG Input                - Clearing active input actions
23:26:42.389 [JavaFX Application Thread] DEBUG GameApplicationServi - Removing overlay from FXGLLoadingScene and adding to GameScene
23:26:42.394 [JavaFX Application Thread] DEBUG PrimaryStageWindow   - FXGLLoadingScene -> GameScene
23:26:42.508 [JavaFX Application Thread] DEBUG LoopRunner           - Stopping loop
23:26:42.511 [JavaFX Application Thread] FATAL FXGLApplication      - Uncaught Exception:
java.lang.IllegalArgumentException: Action already exists: SHOOT
	at com.almasb.fxgl.input.Input.addBinding(Input.kt:504)
	at com.almasb.fxgl.input.Input.addAction(Input.kt:487)
	at com.almasb.fxgl.input.Input.addAction$default(Input.kt:486)
	at com.almasb.fxgl.input.Input.addAction(Input.kt)
	at com.lab.App.initInput(App.java:245)
	at com.lab.App.lambda$1(App.java:106)
	at com.almasb.fxgl.time.TimerAction.update(TimerAction.kt:69)
	at com.almasb.fxgl.time.Timer.update(Timer.kt:38)
	at com.almasb.fxgl.scene.Scene.update(Scene.kt:104)
	at com.almasb.fxgl.app.MainWindow$update$1.invoke(MainWindow.kt:121)
	at com.almasb.fxgl.app.MainWindow$update$1.invoke(MainWindow.kt:121)
	at com.almasb.fxgl.core.fsm.StateMachine.runOnActiveStates(StateMachine.kt:69)
	at com.almasb.fxgl.app.MainWindow.update(MainWindow.kt:121)
	at com.almasb.fxgl.app.FXGLApplication$GameApplicationService.onUpdate(FXGLApplication.kt:445)
	at com.almasb.fxgl.app.Engine.loop(Engine.kt:134)
	at com.almasb.fxgl.app.Engine.access$loop(Engine.kt:24)
	at com.almasb.fxgl.app.Engine$loop$1.invoke(Engine.kt:28)
	at com.almasb.fxgl.app.Engine$loop$1.invoke(Engine.kt:28)
	at com.almasb.fxgl.app.LoopRunner.frame(LoopRunner.kt:103)
	at com.almasb.fxgl.app.LoopRunner.access$frame(LoopRunner.kt:23)
	at com.almasb.fxgl.app.LoopRunner$impl$2$1.onTick(LoopRunner.kt:57)
	at com.almasb.fxgl.app.AnimationTimerLoop$timer$1.handle(LoopRunner.kt:137)
	at javafx.animation.AnimationTimer$AnimationTimerReceiver.lambda$handle$0(AnimationTimer.java:58)
	at java.base/java.security.AccessController.doPrivileged(AccessController.java:400)
	at javafx.animation.AnimationTimer$AnimationTimerReceiver.handle(AnimationTimer.java:57)
	at com.sun.scenario.animation.AbstractPrimaryTimer.timePulseImpl(AbstractPrimaryTimer.java:356)
	at com.sun.scenario.animation.AbstractPrimaryTimer$MainLoop.run(AbstractPrimaryTimer.java:266)
	at com.sun.javafx.tk.quantum.QuantumToolkit.pulse(QuantumToolkit.java:588)
	at com.sun.javafx.tk.quantum.QuantumToolkit.pulse(QuantumToolkit.java:572)
	at com.sun.javafx.tk.quantum.QuantumToolkit.pulseFromQueue(QuantumToolkit.java:565)
	at com.sun.javafx.tk.quantum.QuantumToolkit.lambda$runToolkit$11(QuantumToolkit.java:352)
	at com.sun.glass.ui.InvokeLaterDispatcher$Future.run(InvokeLaterDispatcher.java:95)
	at com.sun.glass.ui.win.WinApplication._runLoop(Native Method)
	at com.sun.glass.ui.win.WinApplication.lambda$runLoop$3(WinApplication.java:185)
	at java.base/java.lang.Thread.run(Thread.java:1583)

23:26:42.513 [JavaFX Application Thread] FATAL FXGLApplication      - Application will now exit
23:26:42.534 [JavaFX Application Thread] DEBUG PrimaryStageWindow   - Push state: ErrorSubScene
23:26:42.534 [JavaFX Application Thread] DEBUG Input                - Clearing active input actions
23:26:42.536 [JavaFX Application Thread] DEBUG GameApplicationServi - Removing overlay from GameScene and adding to ErrorSubScene
23:26:42.539 [JavaFX Application Thread] DEBUG PrimaryStageWindow   - GameScene -> ErrorSubScene
23:26:45.481 [JavaFX Application Thread] DEBUG FXGLApplication      - Exiting FXGL
23:26:45.481 [JavaFX Application Thread] DEBUG Async                - Shutting down background threads
23:26:45.482 [JavaFX Application Thread] DEBUG PrimaryStageWindow   - Closing main window
23:26:45.536 [JavaFX Application Thread] DEBUG Logger               - Closing Logger
