07:47:38.804 [main                     ] DEBUG Logger               - Configured Logger
07:47:38.898 [main                     ] DEBUG GameApplication      - Logging settings
Title: Gonvival
Version: beta
Width: 800
Height: 800
Fullscreen: false
Intro: false
Profiling: false
Single step:false
App Mode: DEVELOPER
Menu Key: ESCAPE
Stage Style: DECORATED
Scene Factory: class com.lab.App$1

07:47:41.144 [JavaFX Application Thread] DEBUG FXGLApplication      - Initializing FXGL
07:47:41.199 [JavaFX Application Thread] INFO  Engine               - FXGL-21.1 (27.03.2024 07.52) on WINDOWS (J:21.0.5 FX:21.0.1)
07:47:41.215 [JavaFX Application Thread] DEBUG Engine               - JRE Vendor Name: Eclipse Adoptium
07:47:41.215 [JavaFX Application Thread] DEBUG Engine               - Running on OS: Windows 10 version 10.0
07:47:41.215 [JavaFX Application Thread] DEBUG Engine               - Architecture: amd64
07:47:41.216 [JavaFX Application Thread] INFO  Engine               - Source code and latest versions at: https://github.com/AlmasB/FXGL
07:47:41.216 [JavaFX Application Thread] INFO  Engine               -       Ask questions and discuss at: https://github.com/AlmasB/FXGL/discussions
07:47:41.217 [JavaFX Application Thread] INFO  Engine               -              Join the FXGL chat at: https://gitter.im/AlmasB/FXGL
07:47:41.576 [JavaFX Application Thread] DEBUG PrimaryStageWindow   - Creating a JavaFX scene
07:47:41.576 [JavaFX Application Thread] DEBUG PrimaryStageWindow   - Target size > screen size
07:47:41.752 [JavaFX Application Thread] DEBUG PrimaryStageWindow   - Target settings size: 800.0 x 800.0
07:47:41.753 [JavaFX Application Thread] DEBUG PrimaryStageWindow   - Scaled scene size:    743.0 x 768.0
07:47:41.753 [JavaFX Application Thread] DEBUG PrimaryStageWindow   - Scaled ratio: (0.92875, 0.96)
07:47:41.756 [JavaFX Application Thread] DEBUG PrimaryStageWindow   - Set initial scene to FXGLStartupScene
07:47:41.785 [JavaFX Application Thread] DEBUG PrimaryStageWindow   - Opening main window
07:47:42.109 [JavaFX Application Thread] DEBUG PrimaryStageWindow   - Window border size: (16.0, 39.0)
07:47:42.110 [JavaFX Application Thread] DEBUG PrimaryStageWindow   - Scaled size: 743.0 x 768.0
07:47:42.111 [JavaFX Application Thread] DEBUG PrimaryStageWindow   - Scaled ratio: (0.92875, 0.96)
07:47:42.111 [JavaFX Application Thread] DEBUG PrimaryStageWindow   - Scene size: 743.0 x 768.0
07:47:42.112 [JavaFX Application Thread] DEBUG PrimaryStageWindow   - Stage size: 759.0 x 807.0
07:47:42.155 [FXGL Background Thread 1 ] DEBUG Engine               - Initializing environment variables
07:47:42.438 [FXGL Background Thread 1 ] DEBUG FXGLAssetLoaderServi - User app class for loading assets: class com.lab.App
07:47:42.438 [FXGL Background Thread 1 ] DEBUG GameApplicationServi - Applying CSS: fxgl_dark.css
07:47:42.439 [FXGL Background Thread 1 ] DEBUG FXGLAssetLoaderServi - Loading from file system: jar:file:/C:/Users/Khana/.m2/repository/com/github/almasb/fxgl/21.1/fxgl-21.1.jar!/fxglassets/ui/css/fxgl_dark.css
07:47:42.565 [FXGL Background Thread 1 ] DEBUG GameApplicationServi - Initializing application scenes
07:47:42.962 [FXGL Background Thread 1 ] DEBUG GameWorld            - Game world initialized
07:47:43.074 [FXGL Background Thread 1 ] DEBUG PhysicsWorld         - Physics world initialized: appHeight=800, physics.ppm=50.0
07:47:43.074 [FXGL Background Thread 1 ] DEBUG PhysicsWorld         - Using strategy: BRUTE_FORCE
07:47:43.084 [FXGL Background Thread 1 ] DEBUG GameScene            - Game scene initialized: 800x800
07:47:43.089 [FXGL Background Thread 1 ] DEBUG FXGLAssetLoaderServi - Loading from file system: file:/E:/Labs/Gonvival/game/target/classes/assets/sounds/button_click.mp3
07:47:43.860 [FXGL Background Thread 1 ] DEBUG FXGL.DefaultMenu     - createMenuBodyGameMenu()
07:47:44.029 [FXGL Background Thread 1 ] DEBUG FXGL.DefaultMenu     - createOptionsMenu()
07:47:44.080 [FXGL Background Thread 1 ] DEBUG FXGLAssetLoaderServi - Loading from file system: jar:file:/C:/Users/Khana/.m2/repository/com/github/almasb/fxgl/21.1/fxgl-21.1.jar!/fxglassets/textures/particles/smoke.png
07:47:44.503 [FXGL Background Thread 1 ] DEBUG FXGLAssetLoaderServi - Loading from file system: jar:file:/C:/Users/Khana/.m2/repository/com/github/almasb/fxgl/21.1/fxgl-21.1.jar!/fxglassets/textures/particles/trace_horizontal.png
07:47:44.561 [FXGL Background Thread 1 ] DEBUG GameApplicationServi - Application scenes initialized
07:47:44.642 [FXGL Background Thread 1 ] DEBUG SystemBundleService  - Loading FXGL system data
07:47:44.675 [FXGL Background Thread 1 ] DEBUG FileSystemAccess     - Reading from: E:\Labs\Gonvival\system\fxgl.bundle
07:47:44.717 [FXGL Background Thread 1 ] DEBUG SystemBundleService  - Bundle FXGL: {}
07:47:44.717 [FXGL Background Thread 1 ] DEBUG UpdaterService       - Checking for updates
07:47:44.729 [FXGL Background Thread 1 ] DEBUG FXGLApplication      - Loading default localization
07:47:44.730 [FXGL Background Thread 1 ] DEBUG FXGLAssetLoaderServi - Loading from file system: jar:file:/C:/Users/Khana/.m2/repository/com/github/almasb/fxgl/21.1/fxgl-21.1.jar!/fxglassets/languages/english.lang
07:47:44.852 [FXGL Background Thread 4 ] DEBUG FXGLApplication      - Loading fonts
07:47:44.879 [FXGL Background Thread 4 ] DEBUG FXGLAssetLoaderServi - Loading from file system: jar:file:/C:/Users/Khana/.m2/repository/com/github/almasb/fxgl/21.1/fxgl-21.1.jar!/fxglassets/ui/fonts/VarelaRound-Regular.ttf
07:47:44.965 [FXGL Background Thread 1 ] INFO  FXGLApplication      - FXGL initialization took: 2.810 sec
07:47:45.013 [FXGL Background Thread 4 ] DEBUG FXGLAssetLoaderServi - Loading from file system: jar:file:/C:/Users/Khana/.m2/repository/com/github/almasb/fxgl/21.1/fxgl-21.1.jar!/fxglassets/ui/fonts/Abel-Regular.ttf
07:47:45.019 [JavaFX Application Thread] DEBUG FXGLAssetLoaderServi - Loading from file system: jar:file:/C:/Users/Khana/.m2/repository/com/github/almasb/fxgl/21.1/fxgl-21.1.jar!/fxglassets/textures/fxgl_icon.png
07:47:45.020 [FXGL Background Thread 4 ] DEBUG FXGLAssetLoaderServi - Loading from file system: jar:file:/C:/Users/Khana/.m2/repository/com/github/almasb/fxgl/21.1/fxgl-21.1.jar!/fxglassets/ui/fonts/TerminalLandMono-Regular.otf
07:47:45.045 [FXGL Background Thread 4 ] DEBUG FXGLAssetLoaderServi - Loading from file system: jar:file:/C:/Users/Khana/.m2/repository/com/github/almasb/fxgl/21.1/fxgl-21.1.jar!/fxglassets/ui/fonts/Courier-Prime.ttf
07:47:45.063 [JavaFX Application Thread] DEBUG FXGLAssetLoaderServi - Loading from file system: jar:file:/C:/Users/Khana/.m2/repository/com/github/almasb/fxgl/21.1/fxgl-21.1.jar!/fxglassets/textures/fxgl_default_cursor.png
07:47:45.082 [JavaFX Application Thread] DEBUG Input                - Registered new binding: Screenshot - CTRL+8
07:47:45.083 [JavaFX Application Thread] DEBUG Input                - Registered new binding: System info dump - CTRL+9
07:47:45.084 [JavaFX Application Thread] DEBUG Input                - Registered new binding: Restart - CTRL+R
07:47:45.085 [JavaFX Application Thread] DEBUG Input                - Registered new binding: Toggle Debug Camera - CTRL+7
07:47:45.089 [JavaFX Application Thread] DEBUG LoopRunner           - Starting loop
07:47:45.089 [JavaFX Application Thread] DEBUG LoopRunner           - Initializing JavaFX AnimationTimerLoop
07:47:45.104 [JavaFX Application Thread] DEBUG Input                - Clearing active input actions
07:47:45.133 [JavaFX Application Thread] DEBUG GameApplicationServi - Removing overlay from FXGLStartupScene and adding to FXGLMainMenuDummyScene
07:47:45.134 [JavaFX Application Thread] DEBUG PrimaryStageWindow   - FXGLStartupScene -> FXGLMainMenuDummyScene
07:47:45.134 [JavaFX Application Thread] DEBUG PrimaryStageWindow   - Push state: StartScreen
07:47:45.135 [JavaFX Application Thread] DEBUG Input                - Clearing active input actions
07:47:45.153 [JavaFX Application Thread] DEBUG GameApplicationServi - Removing overlay from FXGLMainMenuDummyScene and adding to StartScreen
07:47:45.154 [JavaFX Application Thread] DEBUG PrimaryStageWindow   - FXGLMainMenuDummyScene -> StartScreen
07:47:45.154 [JavaFX Application Thread] DEBUG FXGLApplication      - Registering font factories with UI factory
07:47:46.393 [JavaFX Application Thread] DEBUG Menu                 - fireNewGame()
07:47:46.393 [JavaFX Application Thread] DEBUG GameApplicationServi - Starting new game
07:47:46.393 [JavaFX Application Thread] DEBUG PrimaryStageWindow   - Pop state: StartScreen
07:47:46.393 [JavaFX Application Thread] DEBUG Input                - Clearing active input actions
07:47:46.394 [JavaFX Application Thread] DEBUG GameApplicationServi - Removing overlay from StartScreen and adding to FXGLMainMenuDummyScene
07:47:46.395 [JavaFX Application Thread] DEBUG PrimaryStageWindow   - FXGLMainMenuDummyScene <- StartScreen
07:47:46.396 [JavaFX Application Thread] DEBUG Input                - Clearing active input actions
07:47:46.414 [JavaFX Application Thread] DEBUG GameApplicationServi - Removing overlay from FXGLMainMenuDummyScene and adding to FXGLLoadingScene
07:47:46.415 [JavaFX Application Thread] DEBUG PrimaryStageWindow   - FXGLMainMenuDummyScene -> FXGLLoadingScene
07:47:46.415 [JavaFX Application Thread] DEBUG GameApplicationServi - Clearing previous game
07:47:46.415 [JavaFX Application Thread] DEBUG GameScene            - Clearing game scene
07:47:46.415 [JavaFX Application Thread] DEBUG GameWorld            - Clearing game world
07:47:46.415 [JavaFX Application Thread] DEBUG PhysicsWorld         - Clearing physics world
07:47:46.437 [FXGL Background Thread 4 ] DEBUG FXGLApplication      - Initializing game
07:47:46.458 [FXGL Background Thread 4 ] DEBUG FXGLAssetLoaderServi - Loading from file system: file:/E:/Labs/Gonvival/game/target/classes/assets/textures/map.png
07:47:46.661 [FXGL Background Thread 4 ] DEBUG FXGLAssetLoaderServi - Loading from file system: file:/E:/Labs/Gonvival/game/target/classes/assets/textures/idle_down.png
07:47:46.669 [FXGL Background Thread 4 ] DEBUG FXGLAssetLoaderServi - Loading from file system: file:/E:/Labs/Gonvival/game/target/classes/assets/textures/idle_up.png
07:47:46.671 [FXGL Background Thread 4 ] DEBUG FXGLAssetLoaderServi - Loading from file system: file:/E:/Labs/Gonvival/game/target/classes/assets/textures/idle_left_down.png
07:47:46.674 [FXGL Background Thread 4 ] DEBUG FXGLAssetLoaderServi - Loading from file system: file:/E:/Labs/Gonvival/game/target/classes/assets/textures/idle_left_up.png
07:47:46.677 [FXGL Background Thread 4 ] DEBUG FXGLAssetLoaderServi - Loading from file system: file:/E:/Labs/Gonvival/game/target/classes/assets/textures/idle_right_down.png
07:47:46.682 [FXGL Background Thread 4 ] DEBUG FXGLAssetLoaderServi - Loading from file system: file:/E:/Labs/Gonvival/game/target/classes/assets/textures/idle_right_up.png
07:47:46.685 [FXGL Background Thread 4 ] DEBUG FXGLAssetLoaderServi - Loading from file system: file:/E:/Labs/Gonvival/game/target/classes/assets/textures/walk_left_down.png
07:47:46.688 [FXGL Background Thread 4 ] DEBUG FXGLAssetLoaderServi - Loading from file system: file:/E:/Labs/Gonvival/game/target/classes/assets/textures/walk_right_down.png
07:47:46.692 [FXGL Background Thread 4 ] DEBUG FXGLAssetLoaderServi - Loading from file system: file:/E:/Labs/Gonvival/game/target/classes/assets/textures/walk_up.png
07:47:46.695 [FXGL Background Thread 4 ] DEBUG FXGLAssetLoaderServi - Loading from file system: file:/E:/Labs/Gonvival/game/target/classes/assets/textures/walk_down.png
07:47:46.698 [FXGL Background Thread 4 ] DEBUG FXGLAssetLoaderServi - Loading from file system: file:/E:/Labs/Gonvival/game/target/classes/assets/textures/walk_left_up.png
07:47:46.701 [FXGL Background Thread 4 ] DEBUG FXGLAssetLoaderServi - Loading from file system: file:/E:/Labs/Gonvival/game/target/classes/assets/textures/walk_right_up.png
07:47:46.770 [FXGL Background Thread 4 ] INFO  FXGLApplication      - Game initialization took: 0.333 sec
07:47:46.829 [JavaFX Application Thread] DEBUG Input                - Clearing active input actions
07:47:46.847 [JavaFX Application Thread] DEBUG GameApplicationServi - Removing overlay from FXGLLoadingScene and adding to GameScene
07:47:46.847 [JavaFX Application Thread] DEBUG PrimaryStageWindow   - FXGLLoadingScene -> GameScene
07:47:46.991 [JavaFX Application Thread] DEBUG Input                - Registered new binding: SHOOT - LMB
07:47:46.992 [JavaFX Application Thread] DEBUG Input                - Registered new binding: MOVE LEFT - A
07:47:46.992 [JavaFX Application Thread] DEBUG Input                - Registered new binding: MOVE RIGHT - D
07:47:46.992 [JavaFX Application Thread] DEBUG Input                - Registered new binding: MOVE UP - W
07:47:46.993 [JavaFX Application Thread] DEBUG Input                - Registered new binding: MOVE DOWN - S
07:47:47.502 [JavaFX Application Thread] DEBUG FXGLAssetLoaderServi - Loading from file system: file:/E:/Labs/Gonvival/game/target/classes/assets/textures/evil.png
07:47:47.561 [JavaFX Application Thread] DEBUG FXGLAssetLoaderServi - Loading from file system: file:/E:/Labs/Gonvival/game/target/classes/assets/textures/arrow.png
07:47:47.725 [FXGL Background Thread 3 ] DEBUG Engine               - Logging environment variables
07:47:47.727 [FXGL Background Thread 3 ] DEBUG Engine               - achievements: []
07:47:47.727 [FXGL Background Thread 3 ] DEBUG Engine               - actualHeight: 768.0
07:47:47.727 [FXGL Background Thread 3 ] DEBUG Engine               - actualHeightProperty: ReadOnlyDoubleProperty [value: 768.0]
07:47:47.728 [FXGL Background Thread 3 ] DEBUG Engine               - actualWidth: 743.0
07:47:47.728 [FXGL Background Thread 3 ] DEBUG Engine               - actualWidthProperty: ReadOnlyDoubleProperty [value: 743.0]
07:47:47.728 [FXGL Background Thread 3 ] DEBUG Engine               - appIcon: fxgl_icon.png
07:47:47.729 [FXGL Background Thread 3 ] DEBUG Engine               - applicationMode: DEVELOPER
07:47:47.729 [FXGL Background Thread 3 ] DEBUG Engine               - cSSList: [fxgl_dark.css]
07:47:47.729 [FXGL Background Thread 3 ] DEBUG Engine               - collisionDetectionStrategy: BRUTE_FORCE
07:47:47.729 [FXGL Background Thread 3 ] DEBUG Engine               - configClass: Optional.empty
07:47:47.729 [FXGL Background Thread 3 ] DEBUG Engine               - credits: []
07:47:47.730 [FXGL Background Thread 3 ] DEBUG Engine               - defaultCursor: CursorInfo(imageName=fxgl_default_cursor.png, hotspotX=7.0, hotspotY=6.0)
07:47:47.730 [FXGL Background Thread 3 ] DEBUG Engine               - devBBoxColorProperty: ObjectProperty [value: 0xff0000ff]
07:47:47.730 [FXGL Background Thread 3 ] DEBUG Engine               - devEnableDebugCameraProperty: BooleanProperty [value: false]
07:47:47.730 [FXGL Background Thread 3 ] DEBUG Engine               - devSensorColorProperty: ObjectProperty [value: 0xffff00ff]
07:47:47.730 [FXGL Background Thread 3 ] DEBUG Engine               - devShowBBoxProperty: BooleanProperty [value: false]
07:47:47.730 [FXGL Background Thread 3 ] DEBUG Engine               - devShowPositionProperty: BooleanProperty [value: false]
07:47:47.730 [FXGL Background Thread 3 ] DEBUG Engine               - enabledMenuItems: []
07:47:47.731 [FXGL Background Thread 3 ] DEBUG Engine               - engineServices: [class com.almasb.fxgl.app.services.FXGLAssetLoaderService, class com.almasb.fxgl.app.FXGLApplication$GameApplicationService, class com.almasb.fxgl.app.services.FXGLDialogService, class com.almasb.fxgl.app.services.IOTaskExecutorService, class com.almasb.fxgl.io.FileSystemService, class com.almasb.fxgl.localization.LocalizationService, class com.almasb.fxgl.app.services.SystemBundleService, class com.almasb.fxgl.profile.SaveLoadService, class com.almasb.fxgl.ui.FXGLUIFactoryServiceProvider, class com.almasb.fxgl.ui.FXGLDialogFactoryServiceProvider, class com.almasb.fxgl.audio.AudioPlayer, class com.almasb.fxgl.notification.impl.NotificationServiceProvider, class com.almasb.fxgl.achievement.AchievementService, class com.almasb.fxgl.cutscene.CutsceneService, class com.almasb.fxgl.minigames.MiniGameService, class com.almasb.fxgl.net.NetService, class com.almasb.fxgl.app.services.UpdaterService, class com.almasb.fxgl.dev.DevService]
07:47:47.731 [FXGL Background Thread 3 ] DEBUG Engine               - fontGame: Abel-Regular.ttf
07:47:47.731 [FXGL Background Thread 3 ] DEBUG Engine               - fontMono: TerminalLandMono-Regular.otf
07:47:47.731 [FXGL Background Thread 3 ] DEBUG Engine               - fontSizeScaleUI: 1.0
07:47:47.731 [FXGL Background Thread 3 ] DEBUG Engine               - fontText: Courier-Prime.ttf
07:47:47.731 [FXGL Background Thread 3 ] DEBUG Engine               - fontUI: VarelaRound-Regular.ttf
07:47:47.731 [FXGL Background Thread 3 ] DEBUG Engine               - fullScreen: BooleanProperty [value: false]
07:47:47.731 [FXGL Background Thread 3 ] DEBUG Engine               - gameDifficulty: MEDIUM
07:47:47.731 [FXGL Background Thread 3 ] DEBUG Engine               - gameDifficultyProperty: ObjectProperty [value: MEDIUM]
07:47:47.731 [FXGL Background Thread 3 ] DEBUG Engine               - globalMusicVolume: 0.5
07:47:47.732 [FXGL Background Thread 3 ] DEBUG Engine               - globalMusicVolumeProperty: DoubleProperty [value: 1.0]
07:47:47.732 [FXGL Background Thread 3 ] DEBUG Engine               - globalSoundVolume: 0.5
07:47:47.732 [FXGL Background Thread 3 ] DEBUG Engine               - globalSoundVolumeProperty: DoubleProperty [value: 1.0]
07:47:47.732 [FXGL Background Thread 3 ] DEBUG Engine               - height: 800
07:47:47.732 [FXGL Background Thread 3 ] DEBUG Engine               - is3D: false
07:47:47.732 [FXGL Background Thread 3 ] DEBUG Engine               - isAndroid: false
07:47:47.732 [FXGL Background Thread 3 ] DEBUG Engine               - isBrowser: false
07:47:47.732 [FXGL Background Thread 3 ] DEBUG Engine               - isClickFeedbackEnabled: false
07:47:47.732 [FXGL Background Thread 3 ] DEBUG Engine               - isCloseConfirmation: false
07:47:47.732 [FXGL Background Thread 3 ] DEBUG Engine               - isDesktop: true
07:47:47.732 [FXGL Background Thread 3 ] DEBUG Engine               - isDeveloperMenuEnabled: false
07:47:47.733 [FXGL Background Thread 3 ] DEBUG Engine               - isEmbedded: false
07:47:47.733 [FXGL Background Thread 3 ] DEBUG Engine               - isEntityPreloadEnabled: true
07:47:47.733 [FXGL Background Thread 3 ] DEBUG Engine               - isExperimentalTiledLargeMap: false
07:47:47.733 [FXGL Background Thread 3 ] DEBUG Engine               - isFileSystemWriteAllowed: true
07:47:47.733 [FXGL Background Thread 3 ] DEBUG Engine               - isFullScreenAllowed: false
07:47:47.733 [FXGL Background Thread 3 ] DEBUG Engine               - isFullScreenFromStart: false
07:47:47.733 [FXGL Background Thread 3 ] DEBUG Engine               - isGameMenuEnabled: true
07:47:47.733 [FXGL Background Thread 3 ] DEBUG Engine               - isIOS: false
07:47:47.733 [FXGL Background Thread 3 ] DEBUG Engine               - isIntroEnabled: false
07:47:47.733 [FXGL Background Thread 3 ] DEBUG Engine               - isLinux: false
07:47:47.733 [FXGL Background Thread 3 ] DEBUG Engine               - isMac: false
07:47:47.733 [FXGL Background Thread 3 ] DEBUG Engine               - isMainMenuEnabled: true
07:47:47.733 [FXGL Background Thread 3 ] DEBUG Engine               - isManualResizeEnabled: false
07:47:47.733 [FXGL Background Thread 3 ] DEBUG Engine               - isMobile: false
07:47:47.734 [FXGL Background Thread 3 ] DEBUG Engine               - isNative: false
07:47:47.734 [FXGL Background Thread 3 ] DEBUG Engine               - isPauseMusicWhenMinimized: true
07:47:47.734 [FXGL Background Thread 3 ] DEBUG Engine               - isPreserveResizeRatio: false
07:47:47.734 [FXGL Background Thread 3 ] DEBUG Engine               - isProfilingEnabled: false
07:47:47.734 [FXGL Background Thread 3 ] DEBUG Engine               - isScaleAffectedOnResize: true
07:47:47.734 [FXGL Background Thread 3 ] DEBUG Engine               - isSingleStep: false
07:47:47.734 [FXGL Background Thread 3 ] DEBUG Engine               - isUserProfileEnabled: false
07:47:47.734 [FXGL Background Thread 3 ] DEBUG Engine               - isWindows: true
07:47:47.734 [FXGL Background Thread 3 ] DEBUG Engine               - language: ObjectProperty [value: ENGLISH]
07:47:47.734 [FXGL Background Thread 3 ] DEBUG Engine               - menuKey: ESCAPE
07:47:47.734 [FXGL Background Thread 3 ] DEBUG Engine               - mouseSensitivity: 0.2
07:47:47.734 [FXGL Background Thread 3 ] DEBUG Engine               - notificationViewClass: class com.almasb.fxgl.notification.view.XboxNotificationView
07:47:47.734 [FXGL Background Thread 3 ] DEBUG Engine               - pixelsPerMeter: 50.0
07:47:47.735 [FXGL Background Thread 3 ] DEBUG Engine               - platform: WINDOWS
07:47:47.735 [FXGL Background Thread 3 ] DEBUG Engine               - prefHeightProperty: ReadOnlyDoubleProperty [value: 800.0]
07:47:47.735 [FXGL Background Thread 3 ] DEBUG Engine               - prefWidthProperty: ReadOnlyDoubleProperty [value: 800.0]
07:47:47.735 [FXGL Background Thread 3 ] DEBUG Engine               - profileDir: profiles/
07:47:47.735 [FXGL Background Thread 3 ] DEBUG Engine               - profileName: StringProperty [value: DEFAULT]
07:47:47.735 [FXGL Background Thread 3 ] DEBUG Engine               - randomSeed: -1
07:47:47.735 [FXGL Background Thread 3 ] DEBUG Engine               - runtimeInfo: RuntimeInfo(platform=WINDOWS, version=21.1, build=27.03.2024 07.52)
07:47:47.736 [FXGL Background Thread 3 ] DEBUG Engine               - saveFileExt: sav
07:47:47.736 [FXGL Background Thread 3 ] DEBUG Engine               - scaledHeightProp$fxgl: DoubleProperty [bound, value: 768.0]
07:47:47.736 [FXGL Background Thread 3 ] DEBUG Engine               - scaledWidthProp$fxgl: DoubleProperty [bound, value: 743.0]
07:47:47.736 [FXGL Background Thread 3 ] DEBUG Engine               - sceneFactory: com.lab.App$1@26aebc22
07:47:47.736 [FXGL Background Thread 3 ] DEBUG Engine               - secondsIn24h: 60
07:47:47.736 [FXGL Background Thread 3 ] DEBUG Engine               - soundMenuBack: menu/back.wav
07:47:47.736 [FXGL Background Thread 3 ] DEBUG Engine               - soundMenuPress: menu/press.wav
07:47:47.736 [FXGL Background Thread 3 ] DEBUG Engine               - soundMenuSelect: menu/select.wav
07:47:47.736 [FXGL Background Thread 3 ] DEBUG Engine               - soundNotification: core/notification.wav
07:47:47.736 [FXGL Background Thread 3 ] DEBUG Engine               - stageStyle: DECORATED
07:47:47.736 [FXGL Background Thread 3 ] DEBUG Engine               - supportedLanguages: [ENGLISH, FRENCH, GERMAN, HUNGARIAN, RUSSIAN]
07:47:47.736 [FXGL Background Thread 3 ] DEBUG Engine               - ticksPerSecond: -1
07:47:47.736 [FXGL Background Thread 3 ] DEBUG Engine               - title: Gonvival
07:47:47.736 [FXGL Background Thread 3 ] DEBUG Engine               - urlGithub: https://github.com/AlmasB/FXGL
07:47:47.736 [FXGL Background Thread 3 ] DEBUG Engine               - urlLeaderboard: http://fxgl-top.herokuapp.com/
07:47:47.737 [FXGL Background Thread 3 ] DEBUG Engine               - urlPOM: https://raw.githubusercontent.com/AlmasB/FXGL/release/README.md
07:47:47.737 [FXGL Background Thread 3 ] DEBUG Engine               - userAppClass: class com.lab.App
07:47:47.737 [FXGL Background Thread 3 ] DEBUG Engine               - version: beta
07:47:47.737 [FXGL Background Thread 3 ] DEBUG Engine               - versionCheckDays: 7
07:47:47.737 [FXGL Background Thread 3 ] DEBUG Engine               - width: 800
07:47:47.737 [FXGL Background Thread 3 ] DEBUG Engine               - Logging services
07:47:47.737 [FXGL Background Thread 3 ] DEBUG Engine               - class com.almasb.fxgl.app.services.FXGLAssetLoaderService
07:47:47.737 [FXGL Background Thread 3 ] DEBUG Engine               - class com.almasb.fxgl.app.FXGLApplication$GameApplicationService
07:47:47.737 [FXGL Background Thread 3 ] DEBUG Engine               - class com.almasb.fxgl.app.services.FXGLDialogService
07:47:47.737 [FXGL Background Thread 3 ] DEBUG Engine               - class com.almasb.fxgl.app.services.IOTaskExecutorService
07:47:47.737 [FXGL Background Thread 3 ] DEBUG Engine               - class com.almasb.fxgl.io.FileSystemService
07:47:47.737 [FXGL Background Thread 3 ] DEBUG Engine               - class com.almasb.fxgl.localization.LocalizationService
07:47:47.737 [FXGL Background Thread 3 ] DEBUG Engine               - class com.almasb.fxgl.app.services.SystemBundleService
07:47:47.737 [FXGL Background Thread 3 ] DEBUG Engine               - class com.almasb.fxgl.profile.SaveLoadService
07:47:47.737 [FXGL Background Thread 3 ] DEBUG Engine               - class com.almasb.fxgl.ui.FXGLUIFactoryServiceProvider
07:47:47.737 [FXGL Background Thread 3 ] DEBUG Engine               - class com.almasb.fxgl.ui.FXGLDialogFactoryServiceProvider
07:47:47.737 [FXGL Background Thread 3 ] DEBUG Engine               - class com.almasb.fxgl.audio.AudioPlayer
07:47:47.737 [FXGL Background Thread 3 ] DEBUG Engine               - class com.almasb.fxgl.notification.impl.NotificationServiceProvider
07:47:47.737 [FXGL Background Thread 3 ] DEBUG Engine               - class com.almasb.fxgl.achievement.AchievementService
07:47:47.738 [FXGL Background Thread 3 ] DEBUG Engine               - class com.almasb.fxgl.cutscene.CutsceneService
07:47:47.738 [FXGL Background Thread 3 ] DEBUG Engine               - class com.almasb.fxgl.minigames.MiniGameService
07:47:47.738 [FXGL Background Thread 3 ] DEBUG Engine               - class com.almasb.fxgl.net.NetService
07:47:47.738 [FXGL Background Thread 3 ] DEBUG Engine               - class com.almasb.fxgl.app.services.UpdaterService
07:47:47.738 [FXGL Background Thread 3 ] DEBUG Engine               - class com.almasb.fxgl.dev.DevService
07:47:48.198 [JavaFX Application Thread] DEBUG PrimaryStageWindow   - Push state: DialogSubScene
07:47:48.198 [JavaFX Application Thread] DEBUG Input                - Clearing active input actions
07:47:48.200 [JavaFX Application Thread] DEBUG GameApplicationServi - Removing overlay from GameScene and adding to DialogSubScene
07:47:48.201 [JavaFX Application Thread] DEBUG PrimaryStageWindow   - GameScene -> DialogSubScene
07:47:49.144 [JavaFX Application Thread] DEBUG PrimaryStageWindow   - Pop state: DialogSubScene
07:47:49.144 [JavaFX Application Thread] DEBUG Input                - Clearing active input actions
07:47:49.145 [JavaFX Application Thread] DEBUG GameApplicationServi - Removing overlay from DialogSubScene and adding to GameScene
07:47:49.146 [JavaFX Application Thread] DEBUG PrimaryStageWindow   - GameScene <- DialogSubScene
07:47:55.184 [JavaFX Application Thread] DEBUG FXGLApplication      - Exiting FXGL
07:47:55.184 [JavaFX Application Thread] DEBUG LoopRunner           - Stopping loop
07:47:55.184 [JavaFX Application Thread] DEBUG SystemBundleService  - Saving FXGL system data
07:47:55.187 [JavaFX Application Thread] DEBUG FileSystemAccess     - Writing to: E:\Labs\Gonvival\system\fxgl.bundle
07:47:55.190 [JavaFX Application Thread] DEBUG Async                - Shutting down background threads
07:47:55.190 [JavaFX Application Thread] DEBUG PrimaryStageWindow   - Closing main window
07:47:55.200 [JavaFX Application Thread] DEBUG Logger               - Closing Logger
