14:18:51.494 [main                     ] DEBUG Logger               - Configured Logger
14:18:51.536 [main                     ] DEBUG GameApplication      - Logging settings
Title: Gonvival
Version: beta
Width: 800
Height: 800
Fullscreen: false
Intro: false
Profiling: false
Single step:false
App Mode: DEVELOPER
Menu Key: ESCAPE
Stage Style: DECORATED
Scene Factory: class com.lab.App$1

14:18:53.105 [JavaFX Application Thread] DEBUG FXGLApplication      - Initializing FXGL
14:18:53.111 [JavaFX Application Thread] INFO  Engine               - FXGL-21.1 (27.03.2024 07.52) on WINDOWS (J:21.0.5 FX:21.0.1)
14:18:53.113 [JavaFX Application Thread] DEBUG Engine               - JRE Vendor Name: Eclipse Adoptium
14:18:53.113 [JavaFX Application Thread] DEBUG Engine               - Running on OS: Windows 11 version 10.0
14:18:53.114 [JavaFX Application Thread] DEBUG Engine               - Architecture: amd64
14:18:53.114 [JavaFX Application Thread] INFO  Engine               - Source code and latest versions at: https://github.com/AlmasB/FXGL
14:18:53.114 [JavaFX Application Thread] INFO  Engine               -       Ask questions and discuss at: https://github.com/AlmasB/FXGL/discussions
14:18:53.116 [JavaFX Application Thread] INFO  Engine               -              Join the FXGL chat at: https://gitter.im/AlmasB/FXGL
14:18:53.284 [JavaFX Application Thread] DEBUG PrimaryStageWindow   - Creating a JavaFX scene
14:18:53.341 [JavaFX Application Thread] DEBUG PrimaryStageWindow   - Target settings size: 800.0 x 800.0
14:18:53.341 [JavaFX Application Thread] DEBUG PrimaryStageWindow   - Scaled scene size:    800.0 x 800.0
14:18:53.341 [JavaFX Application Thread] DEBUG PrimaryStageWindow   - Scaled ratio: (1.0, 1.0)
14:18:53.343 [JavaFX Application Thread] DEBUG PrimaryStageWindow   - Set initial scene to FXGLStartupScene
14:18:53.346 [JavaFX Application Thread] DEBUG PrimaryStageWindow   - Opening main window
14:18:53.571 [JavaFX Application Thread] DEBUG PrimaryStageWindow   - Window border size: (16.0, 39.0)
14:18:53.573 [JavaFX Application Thread] DEBUG PrimaryStageWindow   - Scaled size: 800.0 x 800.0
14:18:53.573 [JavaFX Application Thread] DEBUG PrimaryStageWindow   - Scaled ratio: (1.0, 1.0)
14:18:53.574 [JavaFX Application Thread] DEBUG PrimaryStageWindow   - Scene size: 800.0 x 800.0
14:18:53.575 [JavaFX Application Thread] DEBUG PrimaryStageWindow   - Stage size: 816.0 x 839.0
14:18:53.605 [FXGL Background Thread 1 ] DEBUG Engine               - Initializing environment variables
14:18:53.722 [FXGL Background Thread 1 ] DEBUG FXGLAssetLoaderServi - User app class for loading assets: class com.lab.App
14:18:53.723 [FXGL Background Thread 1 ] DEBUG GameApplicationServi - Applying CSS: fxgl_dark.css
14:18:53.724 [FXGL Background Thread 1 ] DEBUG FXGLAssetLoaderServi - Loading from file system: jar:file:/C:/Users/HP/.m2/repository/com/github/almasb/fxgl/21.1/fxgl-21.1.jar!/fxglassets/ui/css/fxgl_dark.css
14:18:53.812 [FXGL Background Thread 1 ] DEBUG GameApplicationServi - Initializing application scenes
14:18:53.888 [FXGL Background Thread 1 ] DEBUG GameWorld            - Game world initialized
14:18:53.977 [FXGL Background Thread 1 ] DEBUG PhysicsWorld         - Physics world initialized: appHeight=800, physics.ppm=50.0
14:18:53.977 [FXGL Background Thread 1 ] DEBUG PhysicsWorld         - Using strategy: BRUTE_FORCE
14:18:53.980 [FXGL Background Thread 1 ] DEBUG GameScene            - Game scene initialized: 800x800
14:18:53.982 [FXGL Background Thread 1 ] DEBUG FXGLAssetLoaderServi - Loading from file system: file:/D:/Gonvival/game/target/classes/assets/sounds/button_click.mp3
14:18:54.231 [FXGL Background Thread 1 ] DEBUG FXGL.DefaultMenu     - createMenuBodyGameMenu()
14:18:54.251 [FXGL Background Thread 1 ] DEBUG FXGL.DefaultMenu     - createOptionsMenu()
14:18:54.273 [FXGL Background Thread 1 ] DEBUG FXGLAssetLoaderServi - Loading from file system: jar:file:/C:/Users/HP/.m2/repository/com/github/almasb/fxgl/21.1/fxgl-21.1.jar!/fxglassets/textures/particles/smoke.png
14:18:54.459 [FXGL Background Thread 1 ] DEBUG FXGLAssetLoaderServi - Loading from file system: jar:file:/C:/Users/HP/.m2/repository/com/github/almasb/fxgl/21.1/fxgl-21.1.jar!/fxglassets/textures/particles/trace_horizontal.png
14:18:54.506 [FXGL Background Thread 1 ] DEBUG GameApplicationServi - Application scenes initialized
14:18:54.534 [FXGL Background Thread 1 ] DEBUG SystemBundleService  - Loading FXGL system data
14:18:54.549 [FXGL Background Thread 1 ] DEBUG FileSystemAccess     - Reading from: D:\Gonvival\system\fxgl.bundle
14:18:54.575 [FXGL Background Thread 1 ] DEBUG SystemBundleService  - Bundle FXGL: {}
14:18:54.575 [FXGL Background Thread 1 ] DEBUG UpdaterService       - Checking for updates
14:18:54.587 [FXGL Background Thread 4 ] DEBUG FXGLApplication      - Loading fonts
14:18:54.588 [FXGL Background Thread 4 ] DEBUG FXGLAssetLoaderServi - Loading from file system: jar:file:/C:/Users/HP/.m2/repository/com/github/almasb/fxgl/21.1/fxgl-21.1.jar!/fxglassets/ui/fonts/VarelaRound-Regular.ttf
14:18:54.589 [FXGL Background Thread 1 ] DEBUG FXGLApplication      - Loading default localization
14:18:54.590 [FXGL Background Thread 1 ] DEBUG FXGLAssetLoaderServi - Loading from file system: jar:file:/C:/Users/HP/.m2/repository/com/github/almasb/fxgl/21.1/fxgl-21.1.jar!/fxglassets/languages/english.lang
14:18:54.647 [FXGL Background Thread 1 ] INFO  FXGLApplication      - FXGL initialization took: 1.041 sec
14:18:54.649 [JavaFX Application Thread] DEBUG FXGLAssetLoaderServi - Loading from file system: jar:file:/C:/Users/HP/.m2/repository/com/github/almasb/fxgl/21.1/fxgl-21.1.jar!/fxglassets/textures/fxgl_icon.png
14:18:54.666 [FXGL Background Thread 4 ] DEBUG FXGLAssetLoaderServi - Loading from file system: jar:file:/C:/Users/HP/.m2/repository/com/github/almasb/fxgl/21.1/fxgl-21.1.jar!/fxglassets/ui/fonts/Abel-Regular.ttf
14:18:54.673 [FXGL Background Thread 4 ] DEBUG FXGLAssetLoaderServi - Loading from file system: jar:file:/C:/Users/HP/.m2/repository/com/github/almasb/fxgl/21.1/fxgl-21.1.jar!/fxglassets/ui/fonts/TerminalLandMono-Regular.otf
14:18:54.676 [JavaFX Application Thread] DEBUG FXGLAssetLoaderServi - Loading from file system: jar:file:/C:/Users/HP/.m2/repository/com/github/almasb/fxgl/21.1/fxgl-21.1.jar!/fxglassets/textures/fxgl_default_cursor.png
14:18:54.680 [FXGL Background Thread 4 ] DEBUG FXGLAssetLoaderServi - Loading from file system: jar:file:/C:/Users/HP/.m2/repository/com/github/almasb/fxgl/21.1/fxgl-21.1.jar!/fxglassets/ui/fonts/Courier-Prime.ttf
14:18:54.696 [JavaFX Application Thread] DEBUG Input                - Registered new binding: Screenshot - CTRL+8
14:18:54.698 [JavaFX Application Thread] DEBUG Input                - Registered new binding: System info dump - CTRL+9
14:18:54.698 [JavaFX Application Thread] DEBUG Input                - Registered new binding: Restart - CTRL+R
14:18:54.700 [JavaFX Application Thread] DEBUG Input                - Registered new binding: Toggle Debug Camera - CTRL+7
14:18:54.703 [JavaFX Application Thread] DEBUG LoopRunner           - Starting loop
14:18:54.703 [JavaFX Application Thread] DEBUG LoopRunner           - Initializing JavaFX AnimationTimerLoop
14:18:54.708 [JavaFX Application Thread] DEBUG Input                - Clearing active input actions
14:18:54.722 [JavaFX Application Thread] DEBUG GameApplicationServi - Removing overlay from FXGLStartupScene and adding to FXGLMainMenuDummyScene
14:18:54.723 [JavaFX Application Thread] DEBUG PrimaryStageWindow   - FXGLStartupScene -> FXGLMainMenuDummyScene
14:18:54.723 [JavaFX Application Thread] DEBUG PrimaryStageWindow   - Push state: StartScreen
14:18:54.723 [JavaFX Application Thread] DEBUG Input                - Clearing active input actions
14:18:54.744 [JavaFX Application Thread] DEBUG GameApplicationServi - Removing overlay from FXGLMainMenuDummyScene and adding to StartScreen
14:18:54.744 [JavaFX Application Thread] DEBUG PrimaryStageWindow   - FXGLMainMenuDummyScene -> StartScreen
14:18:54.751 [JavaFX Application Thread] DEBUG FXGLApplication      - Registering font factories with UI factory
14:18:56.561 [JavaFX Application Thread] DEBUG Menu                 - fireNewGame()
14:18:56.561 [JavaFX Application Thread] DEBUG GameApplicationServi - Starting new game
14:18:56.562 [JavaFX Application Thread] DEBUG PrimaryStageWindow   - Pop state: StartScreen
14:18:56.562 [JavaFX Application Thread] DEBUG Input                - Clearing active input actions
14:18:56.563 [JavaFX Application Thread] DEBUG GameApplicationServi - Removing overlay from StartScreen and adding to FXGLMainMenuDummyScene
14:18:56.565 [JavaFX Application Thread] DEBUG PrimaryStageWindow   - FXGLMainMenuDummyScene <- StartScreen
14:18:56.565 [JavaFX Application Thread] DEBUG Input                - Clearing active input actions
14:18:56.579 [JavaFX Application Thread] DEBUG GameApplicationServi - Removing overlay from FXGLMainMenuDummyScene and adding to FXGLLoadingScene
14:18:56.579 [JavaFX Application Thread] DEBUG PrimaryStageWindow   - FXGLMainMenuDummyScene -> FXGLLoadingScene
14:18:56.580 [JavaFX Application Thread] DEBUG GameApplicationServi - Clearing previous game
14:18:56.580 [JavaFX Application Thread] DEBUG GameScene            - Clearing game scene
14:18:56.580 [JavaFX Application Thread] DEBUG GameWorld            - Clearing game world
14:18:56.580 [JavaFX Application Thread] DEBUG PhysicsWorld         - Clearing physics world
14:18:56.585 [FXGL Background Thread 2 ] DEBUG FXGLApplication      - Initializing game
14:18:56.611 [FXGL Background Thread 2 ] DEBUG FXGLAssetLoaderServi - Loading from file system: file:/D:/Gonvival/game/target/classes/assets/textures/newmap2.png
14:18:56.764 [FXGL Background Thread 2 ] DEBUG FXGLAssetLoaderServi - Loading from file system: file:/D:/Gonvival/game/target/classes/assets/textures/idle_down.png
14:18:56.769 [FXGL Background Thread 2 ] DEBUG FXGLAssetLoaderServi - Loading from file system: file:/D:/Gonvival/game/target/classes/assets/textures/idle_up.png
14:18:56.771 [FXGL Background Thread 2 ] DEBUG FXGLAssetLoaderServi - Loading from file system: file:/D:/Gonvival/game/target/classes/assets/textures/idle_left_down.png
14:18:56.774 [FXGL Background Thread 2 ] DEBUG FXGLAssetLoaderServi - Loading from file system: file:/D:/Gonvival/game/target/classes/assets/textures/idle_left_up.png
14:18:56.777 [FXGL Background Thread 2 ] DEBUG FXGLAssetLoaderServi - Loading from file system: file:/D:/Gonvival/game/target/classes/assets/textures/idle_right_down.png
14:18:56.780 [FXGL Background Thread 2 ] DEBUG FXGLAssetLoaderServi - Loading from file system: file:/D:/Gonvival/game/target/classes/assets/textures/idle_right_up.png
14:18:56.783 [FXGL Background Thread 2 ] DEBUG FXGLAssetLoaderServi - Loading from file system: file:/D:/Gonvival/game/target/classes/assets/textures/walk_left_down.png
14:18:56.786 [FXGL Background Thread 2 ] DEBUG FXGLAssetLoaderServi - Loading from file system: file:/D:/Gonvival/game/target/classes/assets/textures/walk_right_down.png
14:18:56.789 [FXGL Background Thread 2 ] DEBUG FXGLAssetLoaderServi - Loading from file system: file:/D:/Gonvival/game/target/classes/assets/textures/walk_up.png
14:18:56.793 [FXGL Background Thread 2 ] DEBUG FXGLAssetLoaderServi - Loading from file system: file:/D:/Gonvival/game/target/classes/assets/textures/walk_down.png
14:18:56.795 [FXGL Background Thread 2 ] DEBUG FXGLAssetLoaderServi - Loading from file system: file:/D:/Gonvival/game/target/classes/assets/textures/walk_left_up.png
14:18:56.799 [FXGL Background Thread 2 ] DEBUG FXGLAssetLoaderServi - Loading from file system: file:/D:/Gonvival/game/target/classes/assets/textures/walk_right_up.png
14:18:56.821 [FXGL Background Thread 2 ] INFO  FXGLApplication      - Game initialization took: 0.235 sec
14:18:56.823 [JavaFX Application Thread] DEBUG Input                - Clearing active input actions
14:18:56.833 [JavaFX Application Thread] DEBUG GameApplicationServi - Removing overlay from FXGLLoadingScene and adding to GameScene
14:18:56.834 [JavaFX Application Thread] DEBUG PrimaryStageWindow   - FXGLLoadingScene -> GameScene
14:18:56.919 [JavaFX Application Thread] DEBUG Input                - Registered new binding: SHOOT - LMB
14:18:56.919 [JavaFX Application Thread] DEBUG Input                - Registered new binding: MOVE LEFT - A
14:18:56.921 [JavaFX Application Thread] DEBUG Input                - Registered new binding: MOVE RIGHT - D
14:18:56.921 [JavaFX Application Thread] DEBUG Input                - Registered new binding: MOVE UP - W
14:18:56.921 [JavaFX Application Thread] DEBUG Input                - Registered new binding: MOVE DOWN - S
14:18:57.583 [FXGL Background Thread 3 ] DEBUG Engine               - Logging environment variables
14:18:57.584 [FXGL Background Thread 3 ] DEBUG Engine               - achievements: []
14:18:57.584 [FXGL Background Thread 3 ] DEBUG Engine               - actualHeight: 800.0
14:18:57.585 [FXGL Background Thread 3 ] DEBUG Engine               - actualHeightProperty: ReadOnlyDoubleProperty [value: 800.0]
14:18:57.585 [FXGL Background Thread 3 ] DEBUG Engine               - actualWidth: 800.0
14:18:57.585 [FXGL Background Thread 3 ] DEBUG Engine               - actualWidthProperty: ReadOnlyDoubleProperty [value: 800.0]
14:18:57.585 [FXGL Background Thread 3 ] DEBUG Engine               - appIcon: fxgl_icon.png
14:18:57.586 [FXGL Background Thread 3 ] DEBUG Engine               - applicationMode: DEVELOPER
14:18:57.586 [FXGL Background Thread 3 ] DEBUG Engine               - cSSList: [fxgl_dark.css]
14:18:57.586 [FXGL Background Thread 3 ] DEBUG Engine               - collisionDetectionStrategy: BRUTE_FORCE
14:18:57.587 [FXGL Background Thread 3 ] DEBUG Engine               - configClass: Optional.empty
14:18:57.587 [FXGL Background Thread 3 ] DEBUG Engine               - credits: []
14:18:57.589 [FXGL Background Thread 3 ] DEBUG Engine               - defaultCursor: CursorInfo(imageName=fxgl_default_cursor.png, hotspotX=7.0, hotspotY=6.0)
14:18:57.590 [FXGL Background Thread 3 ] DEBUG Engine               - devBBoxColorProperty: ObjectProperty [value: 0xff0000ff]
14:18:57.590 [FXGL Background Thread 3 ] DEBUG Engine               - devEnableDebugCameraProperty: BooleanProperty [value: false]
14:18:57.590 [FXGL Background Thread 3 ] DEBUG Engine               - devSensorColorProperty: ObjectProperty [value: 0xffff00ff]
14:18:57.591 [FXGL Background Thread 3 ] DEBUG Engine               - devShowBBoxProperty: BooleanProperty [value: false]
14:18:57.591 [FXGL Background Thread 3 ] DEBUG Engine               - devShowPositionProperty: BooleanProperty [value: false]
14:18:57.591 [FXGL Background Thread 3 ] DEBUG Engine               - enabledMenuItems: []
14:18:57.591 [FXGL Background Thread 3 ] DEBUG Engine               - engineServices: [class com.almasb.fxgl.app.services.FXGLAssetLoaderService, class com.almasb.fxgl.app.FXGLApplication$GameApplicationService, class com.almasb.fxgl.app.services.FXGLDialogService, class com.almasb.fxgl.app.services.IOTaskExecutorService, class com.almasb.fxgl.io.FileSystemService, class com.almasb.fxgl.localization.LocalizationService, class com.almasb.fxgl.app.services.SystemBundleService, class com.almasb.fxgl.profile.SaveLoadService, class com.almasb.fxgl.ui.FXGLUIFactoryServiceProvider, class com.almasb.fxgl.ui.FXGLDialogFactoryServiceProvider, class com.almasb.fxgl.audio.AudioPlayer, class com.almasb.fxgl.notification.impl.NotificationServiceProvider, class com.almasb.fxgl.achievement.AchievementService, class com.almasb.fxgl.cutscene.CutsceneService, class com.almasb.fxgl.minigames.MiniGameService, class com.almasb.fxgl.net.NetService, class com.almasb.fxgl.app.services.UpdaterService, class com.almasb.fxgl.dev.DevService]
14:18:57.591 [FXGL Background Thread 3 ] DEBUG Engine               - fontGame: Abel-Regular.ttf
14:18:57.591 [FXGL Background Thread 3 ] DEBUG Engine               - fontMono: TerminalLandMono-Regular.otf
14:18:57.591 [FXGL Background Thread 3 ] DEBUG Engine               - fontSizeScaleUI: 1.0
14:18:57.591 [FXGL Background Thread 3 ] DEBUG Engine               - fontText: Courier-Prime.ttf
14:18:57.592 [FXGL Background Thread 3 ] DEBUG Engine               - fontUI: VarelaRound-Regular.ttf
14:18:57.592 [FXGL Background Thread 3 ] DEBUG Engine               - fullScreen: BooleanProperty [value: false]
14:18:57.592 [FXGL Background Thread 3 ] DEBUG Engine               - gameDifficulty: MEDIUM
14:18:57.592 [FXGL Background Thread 3 ] DEBUG Engine               - gameDifficultyProperty: ObjectProperty [value: MEDIUM]
14:18:57.592 [FXGL Background Thread 3 ] DEBUG Engine               - globalMusicVolume: 0.5
14:18:57.592 [FXGL Background Thread 3 ] DEBUG Engine               - globalMusicVolumeProperty: DoubleProperty [value: 1.0]
14:18:57.592 [FXGL Background Thread 3 ] DEBUG Engine               - globalSoundVolume: 0.5
14:18:57.592 [FXGL Background Thread 3 ] DEBUG Engine               - globalSoundVolumeProperty: DoubleProperty [value: 1.0]
14:18:57.593 [FXGL Background Thread 3 ] DEBUG Engine               - height: 800
14:18:57.592 [JavaFX Application Thread] DEBUG FXGLAssetLoaderServi - Loading from file system: file:/D:/Gonvival/game/target/classes/assets/textures/GraveRevenant.png
14:18:57.593 [FXGL Background Thread 3 ] DEBUG Engine               - is3D: false
14:18:57.593 [FXGL Background Thread 3 ] DEBUG Engine               - isAndroid: false
14:18:57.593 [FXGL Background Thread 3 ] DEBUG Engine               - isBrowser: false
14:18:57.593 [FXGL Background Thread 3 ] DEBUG Engine               - isClickFeedbackEnabled: false
14:18:57.593 [FXGL Background Thread 3 ] DEBUG Engine               - isCloseConfirmation: false
14:18:57.593 [FXGL Background Thread 3 ] DEBUG Engine               - isDesktop: true
14:18:57.593 [FXGL Background Thread 3 ] DEBUG Engine               - isDeveloperMenuEnabled: false
14:18:57.593 [FXGL Background Thread 3 ] DEBUG Engine               - isEmbedded: false
14:18:57.593 [FXGL Background Thread 3 ] DEBUG Engine               - isEntityPreloadEnabled: true
14:18:57.593 [FXGL Background Thread 3 ] DEBUG Engine               - isExperimentalTiledLargeMap: false
14:18:57.593 [FXGL Background Thread 3 ] DEBUG Engine               - isFileSystemWriteAllowed: true
14:18:57.594 [FXGL Background Thread 3 ] DEBUG Engine               - isFullScreenAllowed: false
14:18:57.594 [FXGL Background Thread 3 ] DEBUG Engine               - isFullScreenFromStart: false
14:18:57.594 [FXGL Background Thread 3 ] DEBUG Engine               - isGameMenuEnabled: true
14:18:57.594 [FXGL Background Thread 3 ] DEBUG Engine               - isIOS: false
14:18:57.594 [FXGL Background Thread 3 ] DEBUG Engine               - isIntroEnabled: false
14:18:57.594 [FXGL Background Thread 3 ] DEBUG Engine               - isLinux: false
14:18:57.594 [FXGL Background Thread 3 ] DEBUG Engine               - isMac: false
14:18:57.594 [FXGL Background Thread 3 ] DEBUG Engine               - isMainMenuEnabled: true
14:18:57.594 [FXGL Background Thread 3 ] DEBUG Engine               - isManualResizeEnabled: false
14:18:57.594 [FXGL Background Thread 3 ] DEBUG Engine               - isMobile: false
14:18:57.595 [FXGL Background Thread 3 ] DEBUG Engine               - isNative: false
14:18:57.595 [FXGL Background Thread 3 ] DEBUG Engine               - isPauseMusicWhenMinimized: true
14:18:57.596 [FXGL Background Thread 3 ] DEBUG Engine               - isPreserveResizeRatio: false
14:18:57.596 [FXGL Background Thread 3 ] DEBUG Engine               - isProfilingEnabled: false
14:18:57.596 [FXGL Background Thread 3 ] DEBUG Engine               - isScaleAffectedOnResize: true
14:18:57.596 [FXGL Background Thread 3 ] DEBUG Engine               - isSingleStep: false
14:18:57.596 [FXGL Background Thread 3 ] DEBUG Engine               - isUserProfileEnabled: false
14:18:57.597 [FXGL Background Thread 3 ] DEBUG Engine               - isWindows: true
14:18:57.597 [FXGL Background Thread 3 ] DEBUG Engine               - language: ObjectProperty [value: ENGLISH]
14:18:57.598 [FXGL Background Thread 3 ] DEBUG Engine               - menuKey: ESCAPE
14:18:57.598 [FXGL Background Thread 3 ] DEBUG Engine               - mouseSensitivity: 0.2
14:18:57.598 [FXGL Background Thread 3 ] DEBUG Engine               - notificationViewClass: class com.almasb.fxgl.notification.view.XboxNotificationView
14:18:57.598 [FXGL Background Thread 3 ] DEBUG Engine               - pixelsPerMeter: 50.0
14:18:57.598 [FXGL Background Thread 3 ] DEBUG Engine               - platform: WINDOWS
14:18:57.598 [FXGL Background Thread 3 ] DEBUG Engine               - prefHeightProperty: ReadOnlyDoubleProperty [value: 800.0]
14:18:57.598 [FXGL Background Thread 3 ] DEBUG Engine               - prefWidthProperty: ReadOnlyDoubleProperty [value: 800.0]
14:18:57.599 [FXGL Background Thread 3 ] DEBUG Engine               - profileDir: profiles/
14:18:57.599 [FXGL Background Thread 3 ] DEBUG Engine               - profileName: StringProperty [value: DEFAULT]
14:18:57.599 [FXGL Background Thread 3 ] DEBUG Engine               - randomSeed: -1
14:18:57.599 [FXGL Background Thread 3 ] DEBUG Engine               - runtimeInfo: RuntimeInfo(platform=WINDOWS, version=21.1, build=27.03.2024 07.52)
14:18:57.600 [FXGL Background Thread 3 ] DEBUG Engine               - saveFileExt: sav
14:18:57.600 [FXGL Background Thread 3 ] DEBUG Engine               - scaledHeightProp$fxgl: DoubleProperty [bound, value: 800.0]
14:18:57.601 [FXGL Background Thread 3 ] DEBUG Engine               - scaledWidthProp$fxgl: DoubleProperty [bound, value: 800.0]
14:18:57.601 [FXGL Background Thread 3 ] DEBUG Engine               - sceneFactory: com.lab.App$1@a2c4fe7
14:18:57.603 [FXGL Background Thread 3 ] DEBUG Engine               - secondsIn24h: 60
14:18:57.603 [FXGL Background Thread 3 ] DEBUG Engine               - soundMenuBack: menu/back.wav
14:18:57.603 [FXGL Background Thread 3 ] DEBUG Engine               - soundMenuPress: menu/press.wav
14:18:57.603 [FXGL Background Thread 3 ] DEBUG Engine               - soundMenuSelect: menu/select.wav
14:18:57.604 [FXGL Background Thread 3 ] DEBUG Engine               - soundNotification: core/notification.wav
14:18:57.604 [FXGL Background Thread 3 ] DEBUG Engine               - stageStyle: DECORATED
14:18:57.604 [FXGL Background Thread 3 ] DEBUG Engine               - supportedLanguages: [ENGLISH, FRENCH, GERMAN, HUNGARIAN, RUSSIAN]
14:18:57.604 [FXGL Background Thread 3 ] DEBUG Engine               - ticksPerSecond: -1
14:18:57.604 [FXGL Background Thread 3 ] DEBUG Engine               - title: Gonvival
14:18:57.604 [FXGL Background Thread 3 ] DEBUG Engine               - urlGithub: https://github.com/AlmasB/FXGL
14:18:57.604 [FXGL Background Thread 3 ] DEBUG Engine               - urlLeaderboard: http://fxgl-top.herokuapp.com/
14:18:57.604 [FXGL Background Thread 3 ] DEBUG Engine               - urlPOM: https://raw.githubusercontent.com/AlmasB/FXGL/release/README.md
14:18:57.604 [FXGL Background Thread 3 ] DEBUG Engine               - userAppClass: class com.lab.App
14:18:57.604 [FXGL Background Thread 3 ] DEBUG Engine               - version: beta
14:18:57.605 [FXGL Background Thread 3 ] DEBUG Engine               - versionCheckDays: 7
14:18:57.605 [FXGL Background Thread 3 ] DEBUG Engine               - width: 800
14:18:57.605 [FXGL Background Thread 3 ] DEBUG Engine               - Logging services
14:18:57.605 [FXGL Background Thread 3 ] DEBUG Engine               - class com.almasb.fxgl.app.services.FXGLAssetLoaderService
14:18:57.605 [FXGL Background Thread 3 ] DEBUG Engine               - class com.almasb.fxgl.app.FXGLApplication$GameApplicationService
14:18:57.605 [FXGL Background Thread 3 ] DEBUG Engine               - class com.almasb.fxgl.app.services.FXGLDialogService
14:18:57.605 [FXGL Background Thread 3 ] DEBUG Engine               - class com.almasb.fxgl.app.services.IOTaskExecutorService
14:18:57.605 [FXGL Background Thread 3 ] DEBUG Engine               - class com.almasb.fxgl.io.FileSystemService
14:18:57.606 [FXGL Background Thread 3 ] DEBUG Engine               - class com.almasb.fxgl.localization.LocalizationService
14:18:57.606 [FXGL Background Thread 3 ] DEBUG Engine               - class com.almasb.fxgl.app.services.SystemBundleService
14:18:57.606 [FXGL Background Thread 3 ] DEBUG Engine               - class com.almasb.fxgl.profile.SaveLoadService
14:18:57.606 [FXGL Background Thread 3 ] DEBUG Engine               - class com.almasb.fxgl.ui.FXGLUIFactoryServiceProvider
14:18:57.606 [FXGL Background Thread 3 ] DEBUG Engine               - class com.almasb.fxgl.ui.FXGLDialogFactoryServiceProvider
14:18:57.606 [FXGL Background Thread 3 ] DEBUG Engine               - class com.almasb.fxgl.audio.AudioPlayer
14:18:57.606 [FXGL Background Thread 3 ] DEBUG Engine               - class com.almasb.fxgl.notification.impl.NotificationServiceProvider
14:18:57.606 [FXGL Background Thread 3 ] DEBUG Engine               - class com.almasb.fxgl.achievement.AchievementService
14:18:57.606 [FXGL Background Thread 3 ] DEBUG Engine               - class com.almasb.fxgl.cutscene.CutsceneService
14:18:57.606 [FXGL Background Thread 3 ] DEBUG Engine               - class com.almasb.fxgl.minigames.MiniGameService
14:18:57.606 [FXGL Background Thread 3 ] DEBUG Engine               - class com.almasb.fxgl.net.NetService
14:18:57.606 [FXGL Background Thread 3 ] DEBUG Engine               - class com.almasb.fxgl.app.services.UpdaterService
14:18:57.607 [FXGL Background Thread 3 ] DEBUG Engine               - class com.almasb.fxgl.dev.DevService
14:18:58.073 [JavaFX Application Thread] DEBUG FXGLAssetLoaderServi - Loading from file system: file:/D:/Gonvival/game/target/classes/assets/textures/arrow.png
14:18:58.307 [JavaFX Application Thread] DEBUG PrimaryStageWindow   - Push state: DialogSubScene
14:18:58.308 [JavaFX Application Thread] DEBUG Input                - Clearing active input actions
14:18:58.309 [JavaFX Application Thread] DEBUG GameApplicationServi - Removing overlay from GameScene and adding to DialogSubScene
14:18:58.311 [JavaFX Application Thread] DEBUG PrimaryStageWindow   - GameScene -> DialogSubScene
14:18:58.314 [JavaFX Application Thread] DEBUG FXGLAssetLoaderServi - Loading from file system: file:/D:/Gonvival/game/target/classes/assets/textures/IdleBoss.png
14:18:58.349 [JavaFX Application Thread] DEBUG FXGLAssetLoaderServi - Loading from file system: file:/D:/Gonvival/game/target/classes/assets/textures/BossSkill.png
14:18:58.358 [JavaFX Application Thread] WARN  GameWorld            - Entity is already attached to world
14:18:58.934 [JavaFX Application Thread] DEBUG PrimaryStageWindow   - Pop state: DialogSubScene
14:18:58.934 [JavaFX Application Thread] DEBUG Input                - Clearing active input actions
14:18:58.935 [JavaFX Application Thread] DEBUG GameApplicationServi - Removing overlay from DialogSubScene and adding to GameScene
14:18:58.936 [JavaFX Application Thread] DEBUG PrimaryStageWindow   - GameScene <- DialogSubScene
14:19:02.112 [JavaFX Application Thread] DEBUG FXGLApplication      - Exiting FXGL
14:19:02.112 [JavaFX Application Thread] DEBUG LoopRunner           - Stopping loop
14:19:02.112 [JavaFX Application Thread] DEBUG SystemBundleService  - Saving FXGL system data
14:19:02.115 [JavaFX Application Thread] DEBUG FileSystemAccess     - Writing to: D:\Gonvival\system\fxgl.bundle
14:19:02.119 [JavaFX Application Thread] DEBUG Async                - Shutting down background threads
14:19:02.119 [JavaFX Application Thread] DEBUG PrimaryStageWindow   - Closing main window
14:19:02.175 [JavaFX Application Thread] DEBUG Logger               - Closing Logger
