10:00:11.924 [main                     ] DEBUG Logger               - Configured Logger
10:00:12.085 [main                     ] DEBUG GameApplication      - Logging settings
Title: Gonvival
Version: beta
Width: 800
Height: 800
Fullscreen: false
Intro: false
Profiling: false
Single step:false
App Mode: DEVELOPER
Menu Key: ESCAPE
Stage Style: DECORATED
Scene Factory: class com.lab.App$1

10:00:17.929 [JavaFX Application Thread] DEBUG FXGLApplication      - Initializing FXGL
10:00:18.039 [JavaFX Application Thread] INFO  Engine               - FXGL-21.1 (27.03.2024 07.52) on WINDOWS (J:21.0.5 FX:21.0.1)
10:00:18.042 [JavaFX Application Thread] DEBUG Engine               - JRE Vendor Name: Eclipse Adoptium
10:00:18.044 [JavaFX Application Thread] DEBUG Engine               - Running on OS: Windows 11 version 10.0
10:00:18.045 [JavaFX Application Thread] DEBUG Engine               - Architecture: amd64
10:00:18.045 [JavaFX Application Thread] INFO  Engine               - Source code and latest versions at: https://github.com/AlmasB/FXGL
10:00:18.050 [JavaFX Application Thread] INFO  Engine               -       Ask questions and discuss at: https://github.com/AlmasB/FXGL/discussions
10:00:18.057 [JavaFX Application Thread] INFO  Engine               -              Join the FXGL chat at: https://gitter.im/AlmasB/FXGL
10:00:19.631 [JavaFX Application Thread] DEBUG PrimaryStageWindow   - Creating a JavaFX scene
10:00:20.012 [JavaFX Application Thread] DEBUG PrimaryStageWindow   - Target settings size: 800.0 x 800.0
10:00:20.013 [JavaFX Application Thread] DEBUG PrimaryStageWindow   - Scaled scene size:    800.0 x 800.0
10:00:20.014 [JavaFX Application Thread] DEBUG PrimaryStageWindow   - Scaled ratio: (1.0, 1.0)
10:00:20.022 [JavaFX Application Thread] DEBUG PrimaryStageWindow   - Set initial scene to FXGLStartupScene
10:00:20.039 [JavaFX Application Thread] DEBUG PrimaryStageWindow   - Opening main window
10:00:20.534 [JavaFX Application Thread] DEBUG PrimaryStageWindow   - Window border size: (14.4000244140625, 37.5999755859375)
10:00:20.536 [JavaFX Application Thread] DEBUG PrimaryStageWindow   - Scaled size: 800.0 x 800.0
10:00:20.541 [JavaFX Application Thread] DEBUG PrimaryStageWindow   - Scaled ratio: (1.0, 1.0)
10:00:20.543 [JavaFX Application Thread] DEBUG PrimaryStageWindow   - Scene size: 800.0 x 800.0
10:00:20.544 [JavaFX Application Thread] DEBUG PrimaryStageWindow   - Stage size: 814.4000244140625 x 837.5999755859375
10:00:20.668 [FXGL Background Thread 1 ] DEBUG Engine               - Initializing environment variables
10:00:21.129 [FXGL Background Thread 1 ] DEBUG FXGLAssetLoaderServi - User app class for loading assets: class com.lab.App
10:00:21.130 [FXGL Background Thread 1 ] DEBUG GameApplicationServi - Applying CSS: fxgl_dark.css
10:00:21.132 [FXGL Background Thread 1 ] DEBUG FXGLAssetLoaderServi - Loading from file system: jar:file:/C:/Users/HP/.m2/repository/com/github/almasb/fxgl/21.1/fxgl-21.1.jar!/fxglassets/ui/css/fxgl_dark.css
10:00:21.439 [FXGL Background Thread 1 ] DEBUG GameApplicationServi - Initializing application scenes
10:00:22.341 [FXGL Background Thread 1 ] DEBUG GameWorld            - Game world initialized
10:00:22.800 [FXGL Background Thread 1 ] DEBUG PhysicsWorld         - Physics world initialized: appHeight=800, physics.ppm=50.0
10:00:22.801 [FXGL Background Thread 1 ] DEBUG PhysicsWorld         - Using strategy: BRUTE_FORCE
10:00:22.832 [FXGL Background Thread 1 ] DEBUG GameScene            - Game scene initialized: 800x800
10:00:23.477 [FXGL Background Thread 1 ] DEBUG FXGL.DefaultMenu     - createMenuBodyGameMenu()
10:00:23.543 [FXGL Background Thread 1 ] DEBUG FXGL.DefaultMenu     - createOptionsMenu()
10:00:23.686 [FXGL Background Thread 1 ] DEBUG FXGLAssetLoaderServi - Loading from file system: jar:file:/C:/Users/HP/.m2/repository/com/github/almasb/fxgl/21.1/fxgl-21.1.jar!/fxglassets/textures/particles/smoke.png
10:00:24.475 [FXGL Background Thread 1 ] DEBUG FXGLAssetLoaderServi - Loading from file system: jar:file:/C:/Users/HP/.m2/repository/com/github/almasb/fxgl/21.1/fxgl-21.1.jar!/fxglassets/textures/particles/trace_horizontal.png
10:00:24.680 [FXGL Background Thread 1 ] DEBUG GameApplicationServi - Application scenes initialized
10:00:25.078 [FXGL Background Thread 1 ] DEBUG SystemBundleService  - Loading FXGL system data
10:00:25.124 [FXGL Background Thread 1 ] DEBUG FileSystemAccess     - Reading from: D:\Gonvival\system\fxgl.bundle
10:00:25.187 [FXGL Background Thread 1 ] DEBUG SystemBundleService  - Bundle FXGL: {}
10:00:25.188 [FXGL Background Thread 1 ] DEBUG UpdaterService       - Checking for updates
10:00:25.216 [FXGL Background Thread 4 ] DEBUG FXGLApplication      - Loading fonts
10:00:25.220 [FXGL Background Thread 1 ] DEBUG FXGLApplication      - Loading default localization
10:00:25.218 [FXGL Background Thread 4 ] DEBUG FXGLAssetLoaderServi - Loading from file system: jar:file:/C:/Users/HP/.m2/repository/com/github/almasb/fxgl/21.1/fxgl-21.1.jar!/fxglassets/ui/fonts/VarelaRound-Regular.ttf
10:00:25.226 [FXGL Background Thread 1 ] DEBUG FXGLAssetLoaderServi - Loading from file system: jar:file:/C:/Users/HP/.m2/repository/com/github/almasb/fxgl/21.1/fxgl-21.1.jar!/fxglassets/languages/english.lang
10:00:25.589 [FXGL Background Thread 1 ] INFO  FXGLApplication      - FXGL initialization took: 4.920 sec
10:00:25.592 [JavaFX Application Thread] DEBUG FXGLAssetLoaderServi - Loading from file system: jar:file:/C:/Users/HP/.m2/repository/com/github/almasb/fxgl/21.1/fxgl-21.1.jar!/fxglassets/textures/fxgl_icon.png
10:00:25.821 [JavaFX Application Thread] DEBUG FXGLAssetLoaderServi - Loading from file system: jar:file:/C:/Users/HP/.m2/repository/com/github/almasb/fxgl/21.1/fxgl-21.1.jar!/fxglassets/textures/fxgl_default_cursor.png
10:00:25.909 [FXGL Background Thread 4 ] DEBUG FXGLAssetLoaderServi - Loading from file system: jar:file:/C:/Users/HP/.m2/repository/com/github/almasb/fxgl/21.1/fxgl-21.1.jar!/fxglassets/ui/fonts/Abel-Regular.ttf
10:00:25.912 [JavaFX Application Thread] DEBUG Input                - Registered new binding: Screenshot - CTRL+8
10:00:25.913 [JavaFX Application Thread] DEBUG Input                - Registered new binding: System info dump - CTRL+9
10:00:25.914 [JavaFX Application Thread] DEBUG Input                - Registered new binding: Restart - CTRL+R
10:00:25.915 [JavaFX Application Thread] DEBUG Input                - Registered new binding: Toggle Debug Camera - CTRL+7
10:00:25.922 [FXGL Background Thread 4 ] DEBUG FXGLAssetLoaderServi - Loading from file system: jar:file:/C:/Users/HP/.m2/repository/com/github/almasb/fxgl/21.1/fxgl-21.1.jar!/fxglassets/ui/fonts/TerminalLandMono-Regular.otf
10:00:25.927 [JavaFX Application Thread] DEBUG LoopRunner           - Starting loop
10:00:25.927 [JavaFX Application Thread] DEBUG LoopRunner           - Initializing JavaFX AnimationTimerLoop
10:00:25.942 [JavaFX Application Thread] DEBUG Input                - Clearing active input actions
10:00:25.945 [FXGL Background Thread 4 ] DEBUG FXGLAssetLoaderServi - Loading from file system: jar:file:/C:/Users/HP/.m2/repository/com/github/almasb/fxgl/21.1/fxgl-21.1.jar!/fxglassets/ui/fonts/Courier-Prime.ttf
10:00:25.984 [JavaFX Application Thread] DEBUG GameApplicationServi - Removing overlay from FXGLStartupScene and adding to FXGLMainMenuDummyScene
10:00:25.987 [JavaFX Application Thread] DEBUG PrimaryStageWindow   - FXGLStartupScene -> FXGLMainMenuDummyScene
10:00:25.987 [JavaFX Application Thread] DEBUG PrimaryStageWindow   - Push state: StartScreen
10:00:25.989 [JavaFX Application Thread] DEBUG Input                - Clearing active input actions
10:00:26.026 [JavaFX Application Thread] DEBUG GameApplicationServi - Removing overlay from FXGLMainMenuDummyScene and adding to StartScreen
10:00:26.028 [JavaFX Application Thread] DEBUG PrimaryStageWindow   - FXGLMainMenuDummyScene -> StartScreen
10:00:26.404 [JavaFX Application Thread] DEBUG FXGLApplication      - Registering font factories with UI factory
10:00:28.227 [FXGL Background Thread 3 ] DEBUG Engine               - Logging environment variables
10:00:28.287 [FXGL Background Thread 3 ] DEBUG Engine               - achievements: []
10:00:28.295 [FXGL Background Thread 3 ] DEBUG Engine               - actualHeight: 800.0
10:00:28.296 [FXGL Background Thread 3 ] DEBUG Engine               - actualHeightProperty: ReadOnlyDoubleProperty [value: 800.0]
10:00:28.296 [FXGL Background Thread 3 ] DEBUG Engine               - actualWidth: 800.0
10:00:28.297 [FXGL Background Thread 3 ] DEBUG Engine               - actualWidthProperty: ReadOnlyDoubleProperty [value: 800.0]
10:00:28.297 [FXGL Background Thread 3 ] DEBUG Engine               - appIcon: fxgl_icon.png
10:00:28.301 [FXGL Background Thread 3 ] DEBUG Engine               - applicationMode: DEVELOPER
10:00:28.302 [FXGL Background Thread 3 ] DEBUG Engine               - cSSList: [fxgl_dark.css]
10:00:28.315 [FXGL Background Thread 3 ] DEBUG Engine               - collisionDetectionStrategy: BRUTE_FORCE
10:00:28.318 [FXGL Background Thread 3 ] DEBUG Engine               - configClass: Optional.empty
10:00:28.327 [FXGL Background Thread 3 ] DEBUG Engine               - credits: []
10:00:28.328 [FXGL Background Thread 3 ] DEBUG Engine               - defaultCursor: CursorInfo(imageName=fxgl_default_cursor.png, hotspotX=7.0, hotspotY=6.0)
10:00:28.332 [FXGL Background Thread 3 ] DEBUG Engine               - devBBoxColorProperty: ObjectProperty [value: 0xff0000ff]
10:00:28.335 [FXGL Background Thread 3 ] DEBUG Engine               - devEnableDebugCameraProperty: BooleanProperty [value: false]
10:00:28.335 [FXGL Background Thread 3 ] DEBUG Engine               - devSensorColorProperty: ObjectProperty [value: 0xffff00ff]
10:00:28.336 [FXGL Background Thread 3 ] DEBUG Engine               - devShowBBoxProperty: BooleanProperty [value: false]
10:00:28.336 [FXGL Background Thread 3 ] DEBUG Engine               - devShowPositionProperty: BooleanProperty [value: false]
10:00:28.414 [FXGL Background Thread 3 ] DEBUG Engine               - enabledMenuItems: []
10:00:28.415 [FXGL Background Thread 3 ] DEBUG Engine               - engineServices: [class com.almasb.fxgl.app.services.FXGLAssetLoaderService, class com.almasb.fxgl.app.FXGLApplication$GameApplicationService, class com.almasb.fxgl.app.services.FXGLDialogService, class com.almasb.fxgl.app.services.IOTaskExecutorService, class com.almasb.fxgl.io.FileSystemService, class com.almasb.fxgl.localization.LocalizationService, class com.almasb.fxgl.app.services.SystemBundleService, class com.almasb.fxgl.profile.SaveLoadService, class com.almasb.fxgl.ui.FXGLUIFactoryServiceProvider, class com.almasb.fxgl.ui.FXGLDialogFactoryServiceProvider, class com.almasb.fxgl.audio.AudioPlayer, class com.almasb.fxgl.notification.impl.NotificationServiceProvider, class com.almasb.fxgl.achievement.AchievementService, class com.almasb.fxgl.cutscene.CutsceneService, class com.almasb.fxgl.minigames.MiniGameService, class com.almasb.fxgl.net.NetService, class com.almasb.fxgl.app.services.UpdaterService, class com.almasb.fxgl.dev.DevService]
10:00:28.416 [FXGL Background Thread 3 ] DEBUG Engine               - fontGame: Abel-Regular.ttf
10:00:28.416 [FXGL Background Thread 3 ] DEBUG Engine               - fontMono: TerminalLandMono-Regular.otf
10:00:28.417 [FXGL Background Thread 3 ] DEBUG Engine               - fontSizeScaleUI: 1.0
10:00:28.437 [FXGL Background Thread 3 ] DEBUG Engine               - fontText: Courier-Prime.ttf
10:00:28.437 [FXGL Background Thread 3 ] DEBUG Engine               - fontUI: VarelaRound-Regular.ttf
10:00:28.437 [FXGL Background Thread 3 ] DEBUG Engine               - fullScreen: BooleanProperty [value: false]
10:00:28.437 [FXGL Background Thread 3 ] DEBUG Engine               - gameDifficulty: MEDIUM
10:00:28.437 [FXGL Background Thread 3 ] DEBUG Engine               - gameDifficultyProperty: ObjectProperty [value: MEDIUM]
10:00:28.438 [FXGL Background Thread 3 ] DEBUG Engine               - globalMusicVolume: 0.5
10:00:28.438 [FXGL Background Thread 3 ] DEBUG Engine               - globalMusicVolumeProperty: DoubleProperty [value: 1.0]
10:00:28.438 [FXGL Background Thread 3 ] DEBUG Engine               - globalSoundVolume: 0.5
10:00:28.438 [FXGL Background Thread 3 ] DEBUG Engine               - globalSoundVolumeProperty: DoubleProperty [value: 1.0]
10:00:28.438 [FXGL Background Thread 3 ] DEBUG Engine               - height: 800
10:00:28.439 [FXGL Background Thread 3 ] DEBUG Engine               - is3D: false
10:00:28.439 [FXGL Background Thread 3 ] DEBUG Engine               - isAndroid: false
10:00:28.439 [FXGL Background Thread 3 ] DEBUG Engine               - isBrowser: false
10:00:28.439 [FXGL Background Thread 3 ] DEBUG Engine               - isClickFeedbackEnabled: false
10:00:28.445 [FXGL Background Thread 3 ] DEBUG Engine               - isCloseConfirmation: false
10:00:28.445 [FXGL Background Thread 3 ] DEBUG Engine               - isDesktop: true
10:00:28.445 [FXGL Background Thread 3 ] DEBUG Engine               - isDeveloperMenuEnabled: false
10:00:28.445 [FXGL Background Thread 3 ] DEBUG Engine               - isEmbedded: false
10:00:28.445 [FXGL Background Thread 3 ] DEBUG Engine               - isEntityPreloadEnabled: true
10:00:28.447 [FXGL Background Thread 3 ] DEBUG Engine               - isExperimentalTiledLargeMap: false
10:00:28.447 [FXGL Background Thread 3 ] DEBUG Engine               - isFileSystemWriteAllowed: true
10:00:28.447 [FXGL Background Thread 3 ] DEBUG Engine               - isFullScreenAllowed: false
10:00:28.458 [FXGL Background Thread 3 ] DEBUG Engine               - isFullScreenFromStart: false
10:00:28.458 [FXGL Background Thread 3 ] DEBUG Engine               - isGameMenuEnabled: true
10:00:28.544 [FXGL Background Thread 3 ] DEBUG Engine               - isIOS: false
10:00:28.546 [FXGL Background Thread 3 ] DEBUG Engine               - isIntroEnabled: false
10:00:28.546 [FXGL Background Thread 3 ] DEBUG Engine               - isLinux: false
10:00:28.551 [FXGL Background Thread 3 ] DEBUG Engine               - isMac: false
10:00:28.551 [FXGL Background Thread 3 ] DEBUG Engine               - isMainMenuEnabled: true
10:00:28.551 [FXGL Background Thread 3 ] DEBUG Engine               - isManualResizeEnabled: false
10:00:28.551 [FXGL Background Thread 3 ] DEBUG Engine               - isMobile: false
10:00:28.576 [FXGL Background Thread 3 ] DEBUG Engine               - isNative: false
10:00:28.577 [FXGL Background Thread 3 ] DEBUG Engine               - isPauseMusicWhenMinimized: true
10:00:28.577 [FXGL Background Thread 3 ] DEBUG Engine               - isPreserveResizeRatio: false
10:00:28.594 [FXGL Background Thread 3 ] DEBUG Engine               - isProfilingEnabled: false
10:00:28.595 [FXGL Background Thread 3 ] DEBUG Engine               - isScaleAffectedOnResize: true
10:00:28.595 [FXGL Background Thread 3 ] DEBUG Engine               - isSingleStep: false
10:00:28.595 [FXGL Background Thread 3 ] DEBUG Engine               - isUserProfileEnabled: false
10:00:28.595 [FXGL Background Thread 3 ] DEBUG Engine               - isWindows: true
10:00:28.595 [FXGL Background Thread 3 ] DEBUG Engine               - language: ObjectProperty [value: ENGLISH]
10:00:28.595 [FXGL Background Thread 3 ] DEBUG Engine               - menuKey: ESCAPE
10:00:28.606 [FXGL Background Thread 3 ] DEBUG Engine               - mouseSensitivity: 0.2
10:00:28.606 [FXGL Background Thread 3 ] DEBUG Engine               - notificationViewClass: class com.almasb.fxgl.notification.view.XboxNotificationView
10:00:28.606 [FXGL Background Thread 3 ] DEBUG Engine               - pixelsPerMeter: 50.0
10:00:28.606 [FXGL Background Thread 3 ] DEBUG Engine               - platform: WINDOWS
10:00:28.607 [FXGL Background Thread 3 ] DEBUG Engine               - prefHeightProperty: ReadOnlyDoubleProperty [value: 800.0]
10:00:28.607 [FXGL Background Thread 3 ] DEBUG Engine               - prefWidthProperty: ReadOnlyDoubleProperty [value: 800.0]
10:00:28.607 [FXGL Background Thread 3 ] DEBUG Engine               - profileDir: profiles/
10:00:28.615 [FXGL Background Thread 3 ] DEBUG Engine               - profileName: StringProperty [value: DEFAULT]
10:00:28.695 [FXGL Background Thread 3 ] DEBUG Engine               - randomSeed: -1
10:00:28.696 [FXGL Background Thread 3 ] DEBUG Engine               - runtimeInfo: RuntimeInfo(platform=WINDOWS, version=21.1, build=27.03.2024 07.52)
10:00:28.708 [FXGL Background Thread 3 ] DEBUG Engine               - saveFileExt: sav
10:00:28.708 [FXGL Background Thread 3 ] DEBUG Engine               - scaledHeightProp$fxgl: DoubleProperty [bound, value: 800.0]
10:00:28.708 [FXGL Background Thread 3 ] DEBUG Engine               - scaledWidthProp$fxgl: DoubleProperty [bound, value: 800.0]
10:00:28.708 [FXGL Background Thread 3 ] DEBUG Engine               - sceneFactory: com.lab.App$1@82ae9d1
10:00:28.708 [FXGL Background Thread 3 ] DEBUG Engine               - secondsIn24h: 60
10:00:28.708 [FXGL Background Thread 3 ] DEBUG Engine               - soundMenuBack: menu/back.wav
10:00:28.708 [FXGL Background Thread 3 ] DEBUG Engine               - soundMenuPress: menu/press.wav
10:00:28.709 [FXGL Background Thread 3 ] DEBUG Engine               - soundMenuSelect: menu/select.wav
10:00:28.709 [FXGL Background Thread 3 ] DEBUG Engine               - soundNotification: core/notification.wav
10:00:28.709 [FXGL Background Thread 3 ] DEBUG Engine               - stageStyle: DECORATED
10:00:28.709 [FXGL Background Thread 3 ] DEBUG Engine               - supportedLanguages: [ENGLISH, FRENCH, GERMAN, HUNGARIAN, RUSSIAN]
10:00:28.709 [FXGL Background Thread 3 ] DEBUG Engine               - ticksPerSecond: -1
10:00:28.709 [FXGL Background Thread 3 ] DEBUG Engine               - title: Gonvival
10:00:28.709 [FXGL Background Thread 3 ] DEBUG Engine               - urlGithub: https://github.com/AlmasB/FXGL
10:00:28.709 [FXGL Background Thread 3 ] DEBUG Engine               - urlLeaderboard: http://fxgl-top.herokuapp.com/
10:00:28.709 [FXGL Background Thread 3 ] DEBUG Engine               - urlPOM: https://raw.githubusercontent.com/AlmasB/FXGL/release/README.md
10:00:28.709 [FXGL Background Thread 3 ] DEBUG Engine               - userAppClass: class com.lab.App
10:00:28.709 [FXGL Background Thread 3 ] DEBUG Engine               - version: beta
10:00:28.709 [FXGL Background Thread 3 ] DEBUG Engine               - versionCheckDays: 7
10:00:28.709 [FXGL Background Thread 3 ] DEBUG Engine               - width: 800
10:00:28.711 [FXGL Background Thread 3 ] DEBUG Engine               - Logging services
10:00:28.711 [FXGL Background Thread 3 ] DEBUG Engine               - class com.almasb.fxgl.app.services.FXGLAssetLoaderService
10:00:28.711 [FXGL Background Thread 3 ] DEBUG Engine               - class com.almasb.fxgl.app.FXGLApplication$GameApplicationService
10:00:28.711 [FXGL Background Thread 3 ] DEBUG Engine               - class com.almasb.fxgl.app.services.FXGLDialogService
10:00:28.711 [FXGL Background Thread 3 ] DEBUG Engine               - class com.almasb.fxgl.app.services.IOTaskExecutorService
10:00:28.711 [FXGL Background Thread 3 ] DEBUG Engine               - class com.almasb.fxgl.io.FileSystemService
10:00:28.711 [FXGL Background Thread 3 ] DEBUG Engine               - class com.almasb.fxgl.localization.LocalizationService
10:00:28.711 [FXGL Background Thread 3 ] DEBUG Engine               - class com.almasb.fxgl.app.services.SystemBundleService
10:00:28.711 [FXGL Background Thread 3 ] DEBUG Engine               - class com.almasb.fxgl.profile.SaveLoadService
10:00:28.711 [FXGL Background Thread 3 ] DEBUG Engine               - class com.almasb.fxgl.ui.FXGLUIFactoryServiceProvider
10:00:28.711 [FXGL Background Thread 3 ] DEBUG Engine               - class com.almasb.fxgl.ui.FXGLDialogFactoryServiceProvider
10:00:28.711 [FXGL Background Thread 3 ] DEBUG Engine               - class com.almasb.fxgl.audio.AudioPlayer
10:00:28.712 [FXGL Background Thread 3 ] DEBUG Engine               - class com.almasb.fxgl.notification.impl.NotificationServiceProvider
10:00:28.730 [FXGL Background Thread 3 ] DEBUG Engine               - class com.almasb.fxgl.achievement.AchievementService
10:00:28.730 [FXGL Background Thread 3 ] DEBUG Engine               - class com.almasb.fxgl.cutscene.CutsceneService
10:00:28.730 [FXGL Background Thread 3 ] DEBUG Engine               - class com.almasb.fxgl.minigames.MiniGameService
10:00:28.730 [FXGL Background Thread 3 ] DEBUG Engine               - class com.almasb.fxgl.net.NetService
10:00:28.730 [FXGL Background Thread 3 ] DEBUG Engine               - class com.almasb.fxgl.app.services.UpdaterService
10:00:28.730 [FXGL Background Thread 3 ] DEBUG Engine               - class com.almasb.fxgl.dev.DevService
10:01:08.314 [JavaFX Application Thread] DEBUG LoopRunner           - Pausing loop
10:01:08.316 [JavaFX Application Thread] DEBUG Menu                 - fireNewGame()
10:01:08.317 [JavaFX Application Thread] DEBUG GameApplicationServi - Starting new game
10:01:08.317 [JavaFX Application Thread] DEBUG PrimaryStageWindow   - Pop state: StartScreen
10:01:08.318 [JavaFX Application Thread] DEBUG Input                - Clearing active input actions
10:01:08.328 [JavaFX Application Thread] DEBUG GameApplicationServi - Removing overlay from StartScreen and adding to FXGLMainMenuDummyScene
10:01:08.332 [JavaFX Application Thread] DEBUG PrimaryStageWindow   - FXGLMainMenuDummyScene <- StartScreen
10:01:08.334 [JavaFX Application Thread] DEBUG Input                - Clearing active input actions
10:01:08.445 [JavaFX Application Thread] DEBUG GameApplicationServi - Removing overlay from FXGLMainMenuDummyScene and adding to FXGLLoadingScene
10:01:08.446 [JavaFX Application Thread] DEBUG PrimaryStageWindow   - FXGLMainMenuDummyScene -> FXGLLoadingScene
10:01:08.446 [JavaFX Application Thread] DEBUG GameApplicationServi - Clearing previous game
10:01:08.446 [JavaFX Application Thread] DEBUG GameScene            - Clearing game scene
10:01:08.446 [JavaFX Application Thread] DEBUG GameWorld            - Clearing game world
10:01:08.448 [JavaFX Application Thread] DEBUG PhysicsWorld         - Clearing physics world
10:01:08.453 [FXGL Background Thread 2 ] DEBUG FXGLApplication      - Initializing game
10:01:08.514 [FXGL Background Thread 2 ] DEBUG FXGLAssetLoaderServi - Loading from file system: file:/D:/Gonvival/game/target/classes/assets/textures/newmap2.png
10:01:08.736 [FXGL Background Thread 2 ] DEBUG FXGLAssetLoaderServi - Loading from file system: file:/D:/Gonvival/game/target/classes/assets/textures/idle_down.png
10:01:08.744 [FXGL Background Thread 2 ] DEBUG FXGLAssetLoaderServi - Loading from file system: file:/D:/Gonvival/game/target/classes/assets/textures/idle_up.png
10:01:08.749 [FXGL Background Thread 2 ] DEBUG FXGLAssetLoaderServi - Loading from file system: file:/D:/Gonvival/game/target/classes/assets/textures/idle_left_down.png
10:01:08.753 [FXGL Background Thread 2 ] DEBUG FXGLAssetLoaderServi - Loading from file system: file:/D:/Gonvival/game/target/classes/assets/textures/idle_left_up.png
10:01:08.758 [FXGL Background Thread 2 ] DEBUG FXGLAssetLoaderServi - Loading from file system: file:/D:/Gonvival/game/target/classes/assets/textures/idle_right_down.png
10:01:08.764 [FXGL Background Thread 2 ] DEBUG FXGLAssetLoaderServi - Loading from file system: file:/D:/Gonvival/game/target/classes/assets/textures/idle_right_up.png
10:01:08.768 [FXGL Background Thread 2 ] DEBUG FXGLAssetLoaderServi - Loading from file system: file:/D:/Gonvival/game/target/classes/assets/textures/walk_left_down.png
10:01:08.772 [FXGL Background Thread 2 ] DEBUG FXGLAssetLoaderServi - Loading from file system: file:/D:/Gonvival/game/target/classes/assets/textures/walk_right_down.png
10:01:08.783 [FXGL Background Thread 2 ] DEBUG FXGLAssetLoaderServi - Loading from file system: file:/D:/Gonvival/game/target/classes/assets/textures/walk_up.png
10:01:08.787 [FXGL Background Thread 2 ] DEBUG FXGLAssetLoaderServi - Loading from file system: file:/D:/Gonvival/game/target/classes/assets/textures/walk_down.png
10:01:08.791 [FXGL Background Thread 2 ] DEBUG FXGLAssetLoaderServi - Loading from file system: file:/D:/Gonvival/game/target/classes/assets/textures/walk_left_up.png
10:01:08.797 [FXGL Background Thread 2 ] DEBUG FXGLAssetLoaderServi - Loading from file system: file:/D:/Gonvival/game/target/classes/assets/textures/walk_right_up.png
10:01:08.877 [FXGL Background Thread 2 ] DEBUG FXGLAssetLoaderServi - Loading from file system: file:/D:/Gonvival/game/target/classes/assets/textures/Level.png
10:01:08.900 [FXGL Background Thread 2 ] INFO  FXGLApplication      - Game initialization took: 0.446 sec
10:01:08.913 [JavaFX Application Thread] DEBUG Input                - Clearing active input actions
10:01:08.960 [JavaFX Application Thread] DEBUG GameApplicationServi - Removing overlay from FXGLLoadingScene and adding to GameScene
10:01:08.962 [JavaFX Application Thread] DEBUG PrimaryStageWindow   - FXGLLoadingScene -> GameScene
10:01:11.011 [JavaFX Application Thread] DEBUG LoopRunner           - Resuming loop
10:01:11.186 [JavaFX Application Thread] DEBUG Input                - Registered new binding: SHOOT - LMB
10:01:11.188 [JavaFX Application Thread] DEBUG Input                - Registered new binding: MOVE LEFT - A
10:01:11.188 [JavaFX Application Thread] DEBUG Input                - Registered new binding: MOVE RIGHT - D
10:01:11.189 [JavaFX Application Thread] DEBUG Input                - Registered new binding: MOVE UP - W
10:01:11.189 [JavaFX Application Thread] DEBUG Input                - Registered new binding: MOVE DOWN - S
10:01:12.142 [JavaFX Application Thread] DEBUG FXGLAssetLoaderServi - Loading from file system: file:/D:/Gonvival/game/target/classes/assets/textures/GraveRevenant.png
10:01:14.007 [JavaFX Application Thread] DEBUG FXGLAssetLoaderServi - Loading from file system: file:/D:/Gonvival/game/target/classes/assets/textures/arrow.png
10:02:03.272 [JavaFX Application Thread] DEBUG PrimaryStageWindow   - Push state: DialogSubScene
10:02:03.272 [JavaFX Application Thread] DEBUG Input                - Clearing active input actions
10:02:03.275 [JavaFX Application Thread] DEBUG GameApplicationServi - Removing overlay from GameScene and adding to DialogSubScene
10:02:03.276 [JavaFX Application Thread] DEBUG PrimaryStageWindow   - GameScene -> DialogSubScene
10:02:05.421 [JavaFX Application Thread] DEBUG PrimaryStageWindow   - Pop state: DialogSubScene
10:02:05.421 [JavaFX Application Thread] DEBUG Input                - Clearing active input actions
10:02:05.430 [JavaFX Application Thread] DEBUG GameApplicationServi - Removing overlay from DialogSubScene and adding to GameScene
10:02:05.430 [JavaFX Application Thread] DEBUG PrimaryStageWindow   - GameScene <- DialogSubScene
10:02:05.431 [JavaFX Application Thread] DEBUG Input                - Clearing active input actions
10:02:05.470 [JavaFX Application Thread] DEBUG GameApplicationServi - Removing overlay from GameScene and adding to FXGLMainMenuDummyScene
10:02:05.470 [JavaFX Application Thread] DEBUG PrimaryStageWindow   - GameScene -> FXGLMainMenuDummyScene
10:02:05.470 [JavaFX Application Thread] DEBUG PrimaryStageWindow   - Push state: StartScreen
10:02:05.471 [JavaFX Application Thread] DEBUG Input                - Clearing active input actions
10:02:05.487 [JavaFX Application Thread] DEBUG GameApplicationServi - Removing overlay from FXGLMainMenuDummyScene and adding to StartScreen
10:02:05.489 [JavaFX Application Thread] DEBUG PrimaryStageWindow   - FXGLMainMenuDummyScene -> StartScreen
10:02:15.511 [JavaFX Application Thread] DEBUG FXGLApplication      - Exiting FXGL
10:02:15.511 [JavaFX Application Thread] DEBUG LoopRunner           - Stopping loop
10:02:15.512 [JavaFX Application Thread] DEBUG SystemBundleService  - Saving FXGL system data
10:02:15.519 [JavaFX Application Thread] DEBUG FileSystemAccess     - Writing to: D:\Gonvival\system\fxgl.bundle
10:02:15.528 [JavaFX Application Thread] DEBUG Async                - Shutting down background threads
10:02:15.530 [JavaFX Application Thread] DEBUG PrimaryStageWindow   - Closing main window
10:02:15.713 [JavaFX Application Thread] DEBUG Logger               - Closing Logger
