18:47:31.070 [main                     ] DEBUG Logger               - Configured Logger
18:47:31.112 [main                     ] DEBUG GameApplication      - Logging settings
Title: Gonvival
Version: beta
Width: 800
Height: 800
Fullscreen: false
Intro: false
Profiling: false
Single step:false
App Mode: DEVELOPER
Menu Key: ESCAPE
Stage Style: DECORATED
Scene Factory: class com.lab.App$1

18:47:31.940 [JavaFX Application Thread] DEBUG FXGLApplication      - Initializing FXGL
18:47:31.946 [JavaFX Application Thread] INFO  Engine               - FXGL-21.1 (27.03.2024 07.52) on WINDOWS (J:21.0.5 FX:21.0.1)
18:47:31.947 [JavaFX Application Thread] DEBUG Engine               - JRE Vendor Name: Eclipse Adoptium
18:47:31.947 [JavaFX Application Thread] DEBUG Engine               - Running on OS: Windows 10 version 10.0
18:47:31.947 [JavaFX Application Thread] DEBUG Engine               - Architecture: amd64
18:47:31.947 [JavaFX Application Thread] INFO  Engine               - Source code and latest versions at: https://github.com/AlmasB/FXGL
18:47:31.948 [JavaFX Application Thread] INFO  Engine               -       Ask questions and discuss at: https://github.com/AlmasB/FXGL/discussions
18:47:31.948 [JavaFX Application Thread] INFO  Engine               -              Join the FXGL chat at: https://gitter.im/AlmasB/FXGL
18:47:32.108 [JavaFX Application Thread] DEBUG PrimaryStageWindow   - Creating a JavaFX scene
18:47:32.108 [JavaFX Application Thread] DEBUG PrimaryStageWindow   - Target size > screen size
18:47:32.288 [JavaFX Application Thread] DEBUG PrimaryStageWindow   - Target settings size: 800.0 x 800.0
18:47:32.288 [JavaFX Application Thread] DEBUG PrimaryStageWindow   - Scaled scene size:    703.0 x 728.0
18:47:32.288 [JavaFX Application Thread] DEBUG PrimaryStageWindow   - Scaled ratio: (0.87875, 0.91)
18:47:32.290 [JavaFX Application Thread] DEBUG PrimaryStageWindow   - Set initial scene to FXGLStartupScene
18:47:32.296 [JavaFX Application Thread] DEBUG PrimaryStageWindow   - Opening main window
18:47:32.781 [JavaFX Application Thread] DEBUG PrimaryStageWindow   - Window border size: (16.0, 39.0)
18:47:32.782 [JavaFX Application Thread] DEBUG PrimaryStageWindow   - Scaled size: 703.0 x 728.0
18:47:32.782 [JavaFX Application Thread] DEBUG PrimaryStageWindow   - Scaled ratio: (0.87875, 0.91)
18:47:32.783 [JavaFX Application Thread] DEBUG PrimaryStageWindow   - Scene size: 703.0 x 728.0
18:47:32.783 [JavaFX Application Thread] DEBUG PrimaryStageWindow   - Stage size: 719.0 x 767.0
18:47:32.887 [FXGL Background Thread 1 ] DEBUG Engine               - Initializing environment variables
18:47:33.090 [FXGL Background Thread 1 ] DEBUG FXGLAssetLoaderServi - User app class for loading assets: class com.lab.App
18:47:33.090 [FXGL Background Thread 1 ] DEBUG GameApplicationServi - Applying CSS: fxgl_dark.css
18:47:33.092 [FXGL Background Thread 1 ] DEBUG FXGLAssetLoaderServi - Loading from file system: jar:file:/C:/Users/Khana/.m2/repository/com/github/almasb/fxgl/21.1/fxgl-21.1.jar!/fxglassets/ui/css/fxgl_dark.css
18:47:33.196 [FXGL Background Thread 1 ] DEBUG GameApplicationServi - Initializing application scenes
18:47:33.424 [FXGL Background Thread 1 ] DEBUG GameWorld            - Game world initialized
18:47:33.569 [FXGL Background Thread 1 ] DEBUG PhysicsWorld         - Physics world initialized: appHeight=800, physics.ppm=50.0
18:47:33.570 [FXGL Background Thread 1 ] DEBUG PhysicsWorld         - Using strategy: BRUTE_FORCE
18:47:33.581 [FXGL Background Thread 1 ] DEBUG GameScene            - Game scene initialized: 800x800
18:47:33.645 [FXGL Background Thread 1 ] DEBUG FXGL.DefaultMenu     - createMenuBodyGameMenu()
18:47:33.665 [FXGL Background Thread 1 ] DEBUG FXGL.DefaultMenu     - createOptionsMenu()
18:47:33.676 [FXGL Background Thread 1 ] DEBUG FXGLAssetLoaderServi - Loading from file system: jar:file:/C:/Users/Khana/.m2/repository/com/github/almasb/fxgl/21.1/fxgl-21.1.jar!/fxglassets/textures/particles/smoke.png
18:47:33.901 [FXGL Background Thread 1 ] DEBUG FXGLAssetLoaderServi - Loading from file system: jar:file:/C:/Users/Khana/.m2/repository/com/github/almasb/fxgl/21.1/fxgl-21.1.jar!/fxglassets/textures/particles/trace_horizontal.png
18:47:33.987 [FXGL Background Thread 1 ] DEBUG GameApplicationServi - Application scenes initialized
18:47:34.022 [FXGL Background Thread 1 ] DEBUG SystemBundleService  - Loading FXGL system data
18:47:34.033 [FXGL Background Thread 1 ] DEBUG FileSystemAccess     - Reading from: E:\Labs\Gonvival\system\fxgl.bundle
18:47:34.055 [FXGL Background Thread 1 ] DEBUG SystemBundleService  - Bundle FXGL: {}
18:47:34.056 [FXGL Background Thread 1 ] DEBUG UpdaterService       - Checking for updates
18:47:34.070 [FXGL Background Thread 1 ] DEBUG FXGLApplication      - Loading default localization
18:47:34.071 [FXGL Background Thread 1 ] DEBUG FXGLAssetLoaderServi - Loading from file system: jar:file:/C:/Users/Khana/.m2/repository/com/github/almasb/fxgl/21.1/fxgl-21.1.jar!/fxglassets/languages/english.lang
18:47:34.115 [FXGL Background Thread 1 ] INFO  FXGLApplication      - FXGL initialization took: 1.227 sec
18:47:34.122 [JavaFX Application Thread] DEBUG FXGLAssetLoaderServi - Loading from file system: jar:file:/C:/Users/Khana/.m2/repository/com/github/almasb/fxgl/21.1/fxgl-21.1.jar!/fxglassets/textures/fxgl_icon.png
18:47:34.208 [FXGL Background Thread 4 ] DEBUG FXGLApplication      - Loading fonts
18:47:34.209 [FXGL Background Thread 4 ] DEBUG FXGLAssetLoaderServi - Loading from file system: jar:file:/C:/Users/Khana/.m2/repository/com/github/almasb/fxgl/21.1/fxgl-21.1.jar!/fxglassets/ui/fonts/VarelaRound-Regular.ttf
18:47:34.258 [JavaFX Application Thread] DEBUG FXGLAssetLoaderServi - Loading from file system: jar:file:/C:/Users/Khana/.m2/repository/com/github/almasb/fxgl/21.1/fxgl-21.1.jar!/fxglassets/textures/fxgl_default_cursor.png
18:47:34.283 [JavaFX Application Thread] DEBUG Input                - Registered new binding: Screenshot - CTRL+8
18:47:34.284 [JavaFX Application Thread] DEBUG Input                - Registered new binding: System info dump - CTRL+9
18:47:34.285 [JavaFX Application Thread] DEBUG Input                - Registered new binding: Restart - CTRL+R
18:47:34.287 [JavaFX Application Thread] DEBUG Input                - Registered new binding: Toggle Debug Camera - CTRL+7
18:47:34.292 [JavaFX Application Thread] DEBUG LoopRunner           - Starting loop
18:47:34.292 [JavaFX Application Thread] DEBUG LoopRunner           - Initializing JavaFX AnimationTimerLoop
18:47:34.299 [JavaFX Application Thread] DEBUG Input                - Clearing active input actions
18:47:34.316 [JavaFX Application Thread] DEBUG GameApplicationServi - Removing overlay from FXGLStartupScene and adding to FXGLMainMenuDummyScene
18:47:34.317 [JavaFX Application Thread] DEBUG PrimaryStageWindow   - FXGLStartupScene -> FXGLMainMenuDummyScene
18:47:34.317 [JavaFX Application Thread] DEBUG PrimaryStageWindow   - Push state: StartScreen
18:47:34.318 [JavaFX Application Thread] DEBUG Input                - Clearing active input actions
18:47:34.337 [FXGL Background Thread 4 ] DEBUG FXGLAssetLoaderServi - Loading from file system: jar:file:/C:/Users/Khana/.m2/repository/com/github/almasb/fxgl/21.1/fxgl-21.1.jar!/fxglassets/ui/fonts/Abel-Regular.ttf
18:47:34.339 [JavaFX Application Thread] DEBUG GameApplicationServi - Removing overlay from FXGLMainMenuDummyScene and adding to StartScreen
18:47:34.339 [JavaFX Application Thread] DEBUG PrimaryStageWindow   - FXGLMainMenuDummyScene -> StartScreen
18:47:34.346 [FXGL Background Thread 4 ] DEBUG FXGLAssetLoaderServi - Loading from file system: jar:file:/C:/Users/Khana/.m2/repository/com/github/almasb/fxgl/21.1/fxgl-21.1.jar!/fxglassets/ui/fonts/TerminalLandMono-Regular.otf
18:47:34.353 [FXGL Background Thread 4 ] DEBUG FXGLAssetLoaderServi - Loading from file system: jar:file:/C:/Users/Khana/.m2/repository/com/github/almasb/fxgl/21.1/fxgl-21.1.jar!/fxglassets/ui/fonts/Courier-Prime.ttf
18:47:34.522 [JavaFX Application Thread] DEBUG FXGLApplication      - Registering font factories with UI factory
18:47:36.252 [JavaFX Application Thread] DEBUG Menu                 - fireNewGame()
18:47:36.252 [JavaFX Application Thread] DEBUG GameApplicationServi - Starting new game
18:47:36.252 [JavaFX Application Thread] DEBUG PrimaryStageWindow   - Pop state: StartScreen
18:47:36.252 [JavaFX Application Thread] DEBUG Input                - Clearing active input actions
18:47:36.254 [JavaFX Application Thread] DEBUG GameApplicationServi - Removing overlay from StartScreen and adding to FXGLMainMenuDummyScene
18:47:36.255 [JavaFX Application Thread] DEBUG PrimaryStageWindow   - FXGLMainMenuDummyScene <- StartScreen
18:47:36.255 [JavaFX Application Thread] DEBUG Input                - Clearing active input actions
18:47:36.274 [JavaFX Application Thread] DEBUG GameApplicationServi - Removing overlay from FXGLMainMenuDummyScene and adding to FXGLLoadingScene
18:47:36.275 [JavaFX Application Thread] DEBUG PrimaryStageWindow   - FXGLMainMenuDummyScene -> FXGLLoadingScene
18:47:36.275 [JavaFX Application Thread] DEBUG GameApplicationServi - Clearing previous game
18:47:36.275 [JavaFX Application Thread] DEBUG GameScene            - Clearing game scene
18:47:36.275 [JavaFX Application Thread] DEBUG GameWorld            - Clearing game world
18:47:36.275 [JavaFX Application Thread] DEBUG PhysicsWorld         - Clearing physics world
18:47:36.281 [FXGL Background Thread 4 ] DEBUG FXGLApplication      - Initializing game
18:47:36.306 [FXGL Background Thread 4 ] DEBUG FXGLAssetLoaderServi - Loading from file system: file:/E:/Labs/Gonvival/game/target/classes/assets/textures/newmap2.png
18:47:36.573 [FXGL Background Thread 4 ] DEBUG FXGLAssetLoaderServi - Loading from file system: file:/E:/Labs/Gonvival/game/target/classes/assets/textures/idle_down.png
18:47:36.578 [FXGL Background Thread 4 ] DEBUG FXGLAssetLoaderServi - Loading from file system: file:/E:/Labs/Gonvival/game/target/classes/assets/textures/idle_up.png
18:47:36.582 [FXGL Background Thread 4 ] DEBUG FXGLAssetLoaderServi - Loading from file system: file:/E:/Labs/Gonvival/game/target/classes/assets/textures/idle_left_down.png
18:47:36.587 [FXGL Background Thread 4 ] DEBUG FXGLAssetLoaderServi - Loading from file system: file:/E:/Labs/Gonvival/game/target/classes/assets/textures/idle_left_up.png
18:47:36.589 [FXGL Background Thread 4 ] DEBUG FXGLAssetLoaderServi - Loading from file system: file:/E:/Labs/Gonvival/game/target/classes/assets/textures/idle_right_down.png
18:47:36.592 [FXGL Background Thread 4 ] DEBUG FXGLAssetLoaderServi - Loading from file system: file:/E:/Labs/Gonvival/game/target/classes/assets/textures/idle_right_up.png
18:47:36.597 [FXGL Background Thread 4 ] DEBUG FXGLAssetLoaderServi - Loading from file system: file:/E:/Labs/Gonvival/game/target/classes/assets/textures/walk_left_down.png
18:47:36.599 [FXGL Background Thread 4 ] DEBUG FXGLAssetLoaderServi - Loading from file system: file:/E:/Labs/Gonvival/game/target/classes/assets/textures/walk_right_down.png
18:47:36.602 [FXGL Background Thread 4 ] DEBUG FXGLAssetLoaderServi - Loading from file system: file:/E:/Labs/Gonvival/game/target/classes/assets/textures/walk_up.png
18:47:36.605 [FXGL Background Thread 4 ] DEBUG FXGLAssetLoaderServi - Loading from file system: file:/E:/Labs/Gonvival/game/target/classes/assets/textures/walk_down.png
18:47:36.607 [FXGL Background Thread 4 ] DEBUG FXGLAssetLoaderServi - Loading from file system: file:/E:/Labs/Gonvival/game/target/classes/assets/textures/walk_left_up.png
18:47:36.611 [FXGL Background Thread 4 ] DEBUG FXGLAssetLoaderServi - Loading from file system: file:/E:/Labs/Gonvival/game/target/classes/assets/textures/walk_right_up.png
18:47:36.634 [FXGL Background Thread 4 ] INFO  FXGLApplication      - Game initialization took: 0.352 sec
18:47:36.636 [JavaFX Application Thread] DEBUG Input                - Clearing active input actions
18:47:36.666 [JavaFX Application Thread] DEBUG GameApplicationServi - Removing overlay from FXGLLoadingScene and adding to GameScene
18:47:36.667 [JavaFX Application Thread] DEBUG PrimaryStageWindow   - FXGLLoadingScene -> GameScene
18:47:36.707 [JavaFX Application Thread] DEBUG Input                - Registered new binding: SHOOT - LMB
18:47:36.708 [JavaFX Application Thread] DEBUG Input                - Registered new binding: MOVE LEFT - A
18:47:36.708 [JavaFX Application Thread] DEBUG Input                - Registered new binding: MOVE RIGHT - D
18:47:36.708 [JavaFX Application Thread] DEBUG Input                - Registered new binding: MOVE UP - W
18:47:36.708 [JavaFX Application Thread] DEBUG Input                - Registered new binding: MOVE DOWN - S
18:47:36.846 [JavaFX Application Thread] DEBUG FXGLAssetLoaderServi - Loading from file system: file:/E:/Labs/Gonvival/game/target/classes/assets/textures/GraveRevenant.png
18:47:37.065 [FXGL Background Thread 3 ] DEBUG Engine               - Logging environment variables
18:47:37.066 [FXGL Background Thread 3 ] DEBUG Engine               - achievements: []
18:47:37.066 [FXGL Background Thread 3 ] DEBUG Engine               - actualHeight: 728.0
18:47:37.066 [FXGL Background Thread 3 ] DEBUG Engine               - actualHeightProperty: ReadOnlyDoubleProperty [value: 728.0]
18:47:37.066 [FXGL Background Thread 3 ] DEBUG Engine               - actualWidth: 703.0
18:47:37.067 [FXGL Background Thread 3 ] DEBUG Engine               - actualWidthProperty: ReadOnlyDoubleProperty [value: 703.0]
18:47:37.067 [FXGL Background Thread 3 ] DEBUG Engine               - appIcon: fxgl_icon.png
18:47:37.067 [FXGL Background Thread 3 ] DEBUG Engine               - applicationMode: DEVELOPER
18:47:37.067 [FXGL Background Thread 3 ] DEBUG Engine               - cSSList: [fxgl_dark.css]
18:47:37.067 [FXGL Background Thread 3 ] DEBUG Engine               - collisionDetectionStrategy: BRUTE_FORCE
18:47:37.067 [FXGL Background Thread 3 ] DEBUG Engine               - configClass: Optional.empty
18:47:37.067 [FXGL Background Thread 3 ] DEBUG Engine               - credits: []
18:47:37.068 [FXGL Background Thread 3 ] DEBUG Engine               - defaultCursor: CursorInfo(imageName=fxgl_default_cursor.png, hotspotX=7.0, hotspotY=6.0)
18:47:37.068 [FXGL Background Thread 3 ] DEBUG Engine               - devBBoxColorProperty: ObjectProperty [value: 0xff0000ff]
18:47:37.068 [FXGL Background Thread 3 ] DEBUG Engine               - devEnableDebugCameraProperty: BooleanProperty [value: false]
18:47:37.069 [FXGL Background Thread 3 ] DEBUG Engine               - devSensorColorProperty: ObjectProperty [value: 0xffff00ff]
18:47:37.069 [FXGL Background Thread 3 ] DEBUG Engine               - devShowBBoxProperty: BooleanProperty [value: false]
18:47:37.069 [FXGL Background Thread 3 ] DEBUG Engine               - devShowPositionProperty: BooleanProperty [value: false]
18:47:37.069 [FXGL Background Thread 3 ] DEBUG Engine               - enabledMenuItems: []
18:47:37.069 [FXGL Background Thread 3 ] DEBUG Engine               - engineServices: [class com.almasb.fxgl.app.services.FXGLAssetLoaderService, class com.almasb.fxgl.app.FXGLApplication$GameApplicationService, class com.almasb.fxgl.app.services.FXGLDialogService, class com.almasb.fxgl.app.services.IOTaskExecutorService, class com.almasb.fxgl.io.FileSystemService, class com.almasb.fxgl.localization.LocalizationService, class com.almasb.fxgl.app.services.SystemBundleService, class com.almasb.fxgl.profile.SaveLoadService, class com.almasb.fxgl.ui.FXGLUIFactoryServiceProvider, class com.almasb.fxgl.ui.FXGLDialogFactoryServiceProvider, class com.almasb.fxgl.audio.AudioPlayer, class com.almasb.fxgl.notification.impl.NotificationServiceProvider, class com.almasb.fxgl.achievement.AchievementService, class com.almasb.fxgl.cutscene.CutsceneService, class com.almasb.fxgl.minigames.MiniGameService, class com.almasb.fxgl.net.NetService, class com.almasb.fxgl.app.services.UpdaterService, class com.almasb.fxgl.dev.DevService]
18:47:37.069 [FXGL Background Thread 3 ] DEBUG Engine               - fontGame: Abel-Regular.ttf
18:47:37.069 [FXGL Background Thread 3 ] DEBUG Engine               - fontMono: TerminalLandMono-Regular.otf
18:47:37.069 [FXGL Background Thread 3 ] DEBUG Engine               - fontSizeScaleUI: 1.0
18:47:37.069 [FXGL Background Thread 3 ] DEBUG Engine               - fontText: Courier-Prime.ttf
18:47:37.069 [FXGL Background Thread 3 ] DEBUG Engine               - fontUI: VarelaRound-Regular.ttf
18:47:37.070 [FXGL Background Thread 3 ] DEBUG Engine               - fullScreen: BooleanProperty [value: false]
18:47:37.070 [FXGL Background Thread 3 ] DEBUG Engine               - gameDifficulty: MEDIUM
18:47:37.070 [FXGL Background Thread 3 ] DEBUG Engine               - gameDifficultyProperty: ObjectProperty [value: MEDIUM]
18:47:37.070 [FXGL Background Thread 3 ] DEBUG Engine               - globalMusicVolume: 0.5
18:47:37.070 [FXGL Background Thread 3 ] DEBUG Engine               - globalMusicVolumeProperty: DoubleProperty [value: 1.0]
18:47:37.070 [FXGL Background Thread 3 ] DEBUG Engine               - globalSoundVolume: 0.5
18:47:37.070 [FXGL Background Thread 3 ] DEBUG Engine               - globalSoundVolumeProperty: DoubleProperty [value: 1.0]
18:47:37.070 [FXGL Background Thread 3 ] DEBUG Engine               - height: 800
18:47:37.070 [FXGL Background Thread 3 ] DEBUG Engine               - is3D: false
18:47:37.071 [FXGL Background Thread 3 ] DEBUG Engine               - isAndroid: false
18:47:37.071 [FXGL Background Thread 3 ] DEBUG Engine               - isBrowser: false
18:47:37.071 [FXGL Background Thread 3 ] DEBUG Engine               - isClickFeedbackEnabled: false
18:47:37.071 [FXGL Background Thread 3 ] DEBUG Engine               - isCloseConfirmation: false
18:47:37.071 [FXGL Background Thread 3 ] DEBUG Engine               - isDesktop: true
18:47:37.071 [FXGL Background Thread 3 ] DEBUG Engine               - isDeveloperMenuEnabled: false
18:47:37.071 [FXGL Background Thread 3 ] DEBUG Engine               - isEmbedded: false
18:47:37.071 [FXGL Background Thread 3 ] DEBUG Engine               - isEntityPreloadEnabled: true
18:47:37.071 [FXGL Background Thread 3 ] DEBUG Engine               - isExperimentalTiledLargeMap: false
18:47:37.071 [FXGL Background Thread 3 ] DEBUG Engine               - isFileSystemWriteAllowed: true
18:47:37.071 [FXGL Background Thread 3 ] DEBUG Engine               - isFullScreenAllowed: false
18:47:37.071 [FXGL Background Thread 3 ] DEBUG Engine               - isFullScreenFromStart: false
18:47:37.071 [FXGL Background Thread 3 ] DEBUG Engine               - isGameMenuEnabled: true
18:47:37.071 [FXGL Background Thread 3 ] DEBUG Engine               - isIOS: false
18:47:37.071 [FXGL Background Thread 3 ] DEBUG Engine               - isIntroEnabled: false
18:47:37.072 [FXGL Background Thread 3 ] DEBUG Engine               - isLinux: false
18:47:37.072 [FXGL Background Thread 3 ] DEBUG Engine               - isMac: false
18:47:37.072 [FXGL Background Thread 3 ] DEBUG Engine               - isMainMenuEnabled: true
18:47:37.072 [FXGL Background Thread 3 ] DEBUG Engine               - isManualResizeEnabled: false
18:47:37.072 [FXGL Background Thread 3 ] DEBUG Engine               - isMobile: false
18:47:37.072 [FXGL Background Thread 3 ] DEBUG Engine               - isNative: false
18:47:37.072 [FXGL Background Thread 3 ] DEBUG Engine               - isPauseMusicWhenMinimized: true
18:47:37.072 [FXGL Background Thread 3 ] DEBUG Engine               - isPreserveResizeRatio: false
18:47:37.072 [FXGL Background Thread 3 ] DEBUG Engine               - isProfilingEnabled: false
18:47:37.072 [FXGL Background Thread 3 ] DEBUG Engine               - isScaleAffectedOnResize: true
18:47:37.072 [FXGL Background Thread 3 ] DEBUG Engine               - isSingleStep: false
18:47:37.072 [FXGL Background Thread 3 ] DEBUG Engine               - isUserProfileEnabled: false
18:47:37.072 [FXGL Background Thread 3 ] DEBUG Engine               - isWindows: true
18:47:37.073 [FXGL Background Thread 3 ] DEBUG Engine               - language: ObjectProperty [value: ENGLISH]
18:47:37.073 [FXGL Background Thread 3 ] DEBUG Engine               - menuKey: ESCAPE
18:47:37.073 [FXGL Background Thread 3 ] DEBUG Engine               - mouseSensitivity: 0.2
18:47:37.073 [FXGL Background Thread 3 ] DEBUG Engine               - notificationViewClass: class com.almasb.fxgl.notification.view.XboxNotificationView
18:47:37.073 [FXGL Background Thread 3 ] DEBUG Engine               - pixelsPerMeter: 50.0
18:47:37.073 [FXGL Background Thread 3 ] DEBUG Engine               - platform: WINDOWS
18:47:37.073 [FXGL Background Thread 3 ] DEBUG Engine               - prefHeightProperty: ReadOnlyDoubleProperty [value: 800.0]
18:47:37.073 [FXGL Background Thread 3 ] DEBUG Engine               - prefWidthProperty: ReadOnlyDoubleProperty [value: 800.0]
18:47:37.073 [FXGL Background Thread 3 ] DEBUG Engine               - profileDir: profiles/
18:47:37.074 [FXGL Background Thread 3 ] DEBUG Engine               - profileName: StringProperty [value: DEFAULT]
18:47:37.074 [FXGL Background Thread 3 ] DEBUG Engine               - randomSeed: -1
18:47:37.074 [FXGL Background Thread 3 ] DEBUG Engine               - runtimeInfo: RuntimeInfo(platform=WINDOWS, version=21.1, build=27.03.2024 07.52)
18:47:37.075 [FXGL Background Thread 3 ] DEBUG Engine               - saveFileExt: sav
18:47:37.075 [FXGL Background Thread 3 ] DEBUG Engine               - scaledHeightProp$fxgl: DoubleProperty [bound, value: 728.0]
18:47:37.076 [FXGL Background Thread 3 ] DEBUG Engine               - scaledWidthProp$fxgl: DoubleProperty [bound, value: 703.0]
18:47:37.076 [FXGL Background Thread 3 ] DEBUG Engine               - sceneFactory: com.lab.App$1@bc3a2dc
18:47:37.076 [FXGL Background Thread 3 ] DEBUG Engine               - secondsIn24h: 60
18:47:37.076 [FXGL Background Thread 3 ] DEBUG Engine               - soundMenuBack: menu/back.wav
18:47:37.076 [FXGL Background Thread 3 ] DEBUG Engine               - soundMenuPress: menu/press.wav
18:47:37.076 [FXGL Background Thread 3 ] DEBUG Engine               - soundMenuSelect: menu/select.wav
18:47:37.076 [FXGL Background Thread 3 ] DEBUG Engine               - soundNotification: core/notification.wav
18:47:37.076 [FXGL Background Thread 3 ] DEBUG Engine               - stageStyle: DECORATED
18:47:37.078 [FXGL Background Thread 3 ] DEBUG Engine               - supportedLanguages: [ENGLISH, FRENCH, GERMAN, HUNGARIAN, RUSSIAN]
18:47:37.078 [FXGL Background Thread 3 ] DEBUG Engine               - ticksPerSecond: -1
18:47:37.078 [FXGL Background Thread 3 ] DEBUG Engine               - title: Gonvival
18:47:37.080 [FXGL Background Thread 3 ] DEBUG Engine               - urlGithub: https://github.com/AlmasB/FXGL
18:47:37.080 [FXGL Background Thread 3 ] DEBUG Engine               - urlLeaderboard: http://fxgl-top.herokuapp.com/
18:47:37.080 [FXGL Background Thread 3 ] DEBUG Engine               - urlPOM: https://raw.githubusercontent.com/AlmasB/FXGL/release/README.md
18:47:37.080 [FXGL Background Thread 3 ] DEBUG Engine               - userAppClass: class com.lab.App
18:47:37.080 [FXGL Background Thread 3 ] DEBUG Engine               - version: beta
18:47:37.080 [FXGL Background Thread 3 ] DEBUG Engine               - versionCheckDays: 7
18:47:37.080 [FXGL Background Thread 3 ] DEBUG Engine               - width: 800
18:47:37.080 [FXGL Background Thread 3 ] DEBUG Engine               - Logging services
18:47:37.080 [FXGL Background Thread 3 ] DEBUG Engine               - class com.almasb.fxgl.app.services.FXGLAssetLoaderService
18:47:37.080 [FXGL Background Thread 3 ] DEBUG Engine               - class com.almasb.fxgl.app.FXGLApplication$GameApplicationService
18:47:37.080 [FXGL Background Thread 3 ] DEBUG Engine               - class com.almasb.fxgl.app.services.FXGLDialogService
18:47:37.080 [FXGL Background Thread 3 ] DEBUG Engine               - class com.almasb.fxgl.app.services.IOTaskExecutorService
18:47:37.081 [FXGL Background Thread 3 ] DEBUG Engine               - class com.almasb.fxgl.io.FileSystemService
18:47:37.081 [FXGL Background Thread 3 ] DEBUG Engine               - class com.almasb.fxgl.localization.LocalizationService
18:47:37.081 [FXGL Background Thread 3 ] DEBUG Engine               - class com.almasb.fxgl.app.services.SystemBundleService
18:47:37.081 [FXGL Background Thread 3 ] DEBUG Engine               - class com.almasb.fxgl.profile.SaveLoadService
18:47:37.081 [FXGL Background Thread 3 ] DEBUG Engine               - class com.almasb.fxgl.ui.FXGLUIFactoryServiceProvider
18:47:37.081 [FXGL Background Thread 3 ] DEBUG Engine               - class com.almasb.fxgl.ui.FXGLDialogFactoryServiceProvider
18:47:37.081 [FXGL Background Thread 3 ] DEBUG Engine               - class com.almasb.fxgl.audio.AudioPlayer
18:47:37.081 [FXGL Background Thread 3 ] DEBUG Engine               - class com.almasb.fxgl.notification.impl.NotificationServiceProvider
18:47:37.083 [FXGL Background Thread 3 ] DEBUG Engine               - class com.almasb.fxgl.achievement.AchievementService
18:47:37.083 [FXGL Background Thread 3 ] DEBUG Engine               - class com.almasb.fxgl.cutscene.CutsceneService
18:47:37.083 [FXGL Background Thread 3 ] DEBUG Engine               - class com.almasb.fxgl.minigames.MiniGameService
18:47:37.083 [FXGL Background Thread 3 ] DEBUG Engine               - class com.almasb.fxgl.net.NetService
18:47:37.083 [FXGL Background Thread 3 ] DEBUG Engine               - class com.almasb.fxgl.app.services.UpdaterService
18:47:37.083 [FXGL Background Thread 3 ] DEBUG Engine               - class com.almasb.fxgl.dev.DevService
18:47:37.108 [JavaFX Application Thread] DEBUG PrimaryStageWindow   - Push state: DialogSubScene
18:47:37.108 [JavaFX Application Thread] DEBUG Input                - Clearing active input actions
18:47:37.120 [JavaFX Application Thread] DEBUG GameApplicationServi - Removing overlay from GameScene and adding to DialogSubScene
18:47:37.120 [JavaFX Application Thread] DEBUG PrimaryStageWindow   - GameScene -> DialogSubScene
18:47:38.019 [JavaFX Application Thread] DEBUG PrimaryStageWindow   - Pop state: DialogSubScene
18:47:38.019 [JavaFX Application Thread] DEBUG Input                - Clearing active input actions
18:47:38.020 [JavaFX Application Thread] DEBUG GameApplicationServi - Removing overlay from DialogSubScene and adding to GameScene
18:47:38.020 [JavaFX Application Thread] DEBUG PrimaryStageWindow   - GameScene <- DialogSubScene
18:47:38.350 [JavaFX Application Thread] DEBUG FXGLAssetLoaderServi - Loading from file system: file:/E:/Labs/Gonvival/game/target/classes/assets/textures/arrow.png
18:47:43.147 [JavaFX Application Thread] DEBUG FXGLApplication      - Exiting FXGL
18:47:43.147 [JavaFX Application Thread] DEBUG LoopRunner           - Stopping loop
18:47:43.147 [JavaFX Application Thread] DEBUG SystemBundleService  - Saving FXGL system data
18:47:43.149 [JavaFX Application Thread] DEBUG FileSystemAccess     - Writing to: E:\Labs\Gonvival\system\fxgl.bundle
18:47:43.152 [JavaFX Application Thread] DEBUG Async                - Shutting down background threads
18:47:43.152 [JavaFX Application Thread] DEBUG PrimaryStageWindow   - Closing main window
18:47:43.179 [JavaFX Application Thread] DEBUG Logger               - Closing Logger
