14:19:06.152 [main                     ] DEBUG Logger               - Configured Logger
14:19:06.176 [main                     ] DEBUG GameApplication      - Logging settings
Title: Gonvival
Version: beta
Width: 800
Height: 800
Fullscreen: false
Intro: false
Profiling: false
Single step:false
App Mode: DEVELOPER
Menu Key: ESCAPE
Stage Style: DECORATED
Scene Factory: class com.lab.App$1

14:19:07.009 [JavaFX Application Thread] DEBUG FXGLApplication      - Initializing FXGL
14:19:07.014 [JavaFX Application Thread] INFO  Engine               - FXGL-21.1 (27.03.2024 07.52) on WINDOWS (J:21.0.5 FX:21.0.1)
14:19:07.015 [JavaFX Application Thread] DEBUG Engine               - JRE Vendor Name: Eclipse Adoptium
14:19:07.015 [JavaFX Application Thread] DEBUG Engine               - Running on OS: Windows 11 version 10.0
14:19:07.015 [JavaFX Application Thread] DEBUG Engine               - Architecture: amd64
14:19:07.015 [JavaFX Application Thread] INFO  Engine               - Source code and latest versions at: https://github.com/AlmasB/FXGL
14:19:07.015 [JavaFX Application Thread] INFO  Engine               -       Ask questions and discuss at: https://github.com/AlmasB/FXGL/discussions
14:19:07.017 [JavaFX Application Thread] INFO  Engine               -              Join the FXGL chat at: https://gitter.im/AlmasB/FXGL
14:19:07.136 [JavaFX Application Thread] DEBUG PrimaryStageWindow   - Creating a JavaFX scene
14:19:07.194 [JavaFX Application Thread] DEBUG PrimaryStageWindow   - Target settings size: 800.0 x 800.0
14:19:07.195 [JavaFX Application Thread] DEBUG PrimaryStageWindow   - Scaled scene size:    800.0 x 800.0
14:19:07.195 [JavaFX Application Thread] DEBUG PrimaryStageWindow   - Scaled ratio: (1.0, 1.0)
14:19:07.196 [JavaFX Application Thread] DEBUG PrimaryStageWindow   - Set initial scene to FXGLStartupScene
14:19:07.200 [JavaFX Application Thread] DEBUG PrimaryStageWindow   - Opening main window
14:19:07.471 [JavaFX Application Thread] DEBUG PrimaryStageWindow   - Window border size: (16.0, 39.0)
14:19:07.473 [JavaFX Application Thread] DEBUG PrimaryStageWindow   - Scaled size: 800.0 x 800.0
14:19:07.474 [JavaFX Application Thread] DEBUG PrimaryStageWindow   - Scaled ratio: (1.0, 1.0)
14:19:07.475 [JavaFX Application Thread] DEBUG PrimaryStageWindow   - Scene size: 800.0 x 800.0
14:19:07.476 [JavaFX Application Thread] DEBUG PrimaryStageWindow   - Stage size: 816.0 x 839.0
14:19:07.506 [FXGL Background Thread 1 ] DEBUG Engine               - Initializing environment variables
14:19:07.586 [FXGL Background Thread 1 ] DEBUG FXGLAssetLoaderServi - User app class for loading assets: class com.lab.App
14:19:07.586 [FXGL Background Thread 1 ] DEBUG GameApplicationServi - Applying CSS: fxgl_dark.css
14:19:07.587 [FXGL Background Thread 1 ] DEBUG FXGLAssetLoaderServi - Loading from file system: jar:file:/C:/Users/HP/.m2/repository/com/github/almasb/fxgl/21.1/fxgl-21.1.jar!/fxglassets/ui/css/fxgl_dark.css
14:19:07.682 [FXGL Background Thread 1 ] DEBUG GameApplicationServi - Initializing application scenes
14:19:07.781 [FXGL Background Thread 1 ] DEBUG GameWorld            - Game world initialized
14:19:07.898 [FXGL Background Thread 1 ] DEBUG PhysicsWorld         - Physics world initialized: appHeight=800, physics.ppm=50.0
14:19:07.898 [FXGL Background Thread 1 ] DEBUG PhysicsWorld         - Using strategy: BRUTE_FORCE
14:19:07.903 [FXGL Background Thread 1 ] DEBUG GameScene            - Game scene initialized: 800x800
14:19:07.904 [FXGL Background Thread 1 ] DEBUG FXGLAssetLoaderServi - Loading from file system: file:/D:/Gonvival/game/target/classes/assets/sounds/button_click.mp3
14:19:08.119 [FXGL Background Thread 1 ] DEBUG FXGL.DefaultMenu     - createMenuBodyGameMenu()
14:19:08.135 [FXGL Background Thread 1 ] DEBUG FXGL.DefaultMenu     - createOptionsMenu()
14:19:08.149 [FXGL Background Thread 1 ] DEBUG FXGLAssetLoaderServi - Loading from file system: jar:file:/C:/Users/HP/.m2/repository/com/github/almasb/fxgl/21.1/fxgl-21.1.jar!/fxglassets/textures/particles/smoke.png
14:19:08.367 [FXGL Background Thread 1 ] DEBUG FXGLAssetLoaderServi - Loading from file system: jar:file:/C:/Users/HP/.m2/repository/com/github/almasb/fxgl/21.1/fxgl-21.1.jar!/fxglassets/textures/particles/trace_horizontal.png
14:19:08.395 [FXGL Background Thread 1 ] DEBUG GameApplicationServi - Application scenes initialized
14:19:08.408 [FXGL Background Thread 1 ] DEBUG SystemBundleService  - Loading FXGL system data
14:19:08.415 [FXGL Background Thread 1 ] DEBUG FileSystemAccess     - Reading from: D:\Gonvival\system\fxgl.bundle
14:19:08.424 [FXGL Background Thread 1 ] DEBUG SystemBundleService  - Bundle FXGL: {}
14:19:08.424 [FXGL Background Thread 1 ] DEBUG UpdaterService       - Checking for updates
14:19:08.433 [FXGL Background Thread 4 ] DEBUG FXGLApplication      - Loading fonts
14:19:08.433 [FXGL Background Thread 4 ] DEBUG FXGLAssetLoaderServi - Loading from file system: jar:file:/C:/Users/HP/.m2/repository/com/github/almasb/fxgl/21.1/fxgl-21.1.jar!/fxglassets/ui/fonts/VarelaRound-Regular.ttf
14:19:08.435 [FXGL Background Thread 1 ] DEBUG FXGLApplication      - Loading default localization
14:19:08.436 [FXGL Background Thread 1 ] DEBUG FXGLAssetLoaderServi - Loading from file system: jar:file:/C:/Users/HP/.m2/repository/com/github/almasb/fxgl/21.1/fxgl-21.1.jar!/fxglassets/languages/english.lang
14:19:08.493 [FXGL Background Thread 1 ] INFO  FXGLApplication      - FXGL initialization took: 0.987 sec
14:19:08.494 [JavaFX Application Thread] DEBUG FXGLAssetLoaderServi - Loading from file system: jar:file:/C:/Users/HP/.m2/repository/com/github/almasb/fxgl/21.1/fxgl-21.1.jar!/fxglassets/textures/fxgl_icon.png
14:19:08.495 [FXGL Background Thread 4 ] DEBUG FXGLAssetLoaderServi - Loading from file system: jar:file:/C:/Users/HP/.m2/repository/com/github/almasb/fxgl/21.1/fxgl-21.1.jar!/fxglassets/ui/fonts/Abel-Regular.ttf
14:19:08.500 [FXGL Background Thread 4 ] DEBUG FXGLAssetLoaderServi - Loading from file system: jar:file:/C:/Users/HP/.m2/repository/com/github/almasb/fxgl/21.1/fxgl-21.1.jar!/fxglassets/ui/fonts/TerminalLandMono-Regular.otf
14:19:08.506 [FXGL Background Thread 4 ] DEBUG FXGLAssetLoaderServi - Loading from file system: jar:file:/C:/Users/HP/.m2/repository/com/github/almasb/fxgl/21.1/fxgl-21.1.jar!/fxglassets/ui/fonts/Courier-Prime.ttf
14:19:08.529 [JavaFX Application Thread] DEBUG FXGLAssetLoaderServi - Loading from file system: jar:file:/C:/Users/HP/.m2/repository/com/github/almasb/fxgl/21.1/fxgl-21.1.jar!/fxglassets/textures/fxgl_default_cursor.png
14:19:08.542 [JavaFX Application Thread] DEBUG Input                - Registered new binding: Screenshot - CTRL+8
14:19:08.543 [JavaFX Application Thread] DEBUG Input                - Registered new binding: System info dump - CTRL+9
14:19:08.543 [JavaFX Application Thread] DEBUG Input                - Registered new binding: Restart - CTRL+R
14:19:08.544 [JavaFX Application Thread] DEBUG Input                - Registered new binding: Toggle Debug Camera - CTRL+7
14:19:08.551 [JavaFX Application Thread] DEBUG LoopRunner           - Starting loop
14:19:08.552 [JavaFX Application Thread] DEBUG LoopRunner           - Initializing JavaFX AnimationTimerLoop
14:19:08.556 [JavaFX Application Thread] DEBUG Input                - Clearing active input actions
14:19:08.565 [JavaFX Application Thread] DEBUG GameApplicationServi - Removing overlay from FXGLStartupScene and adding to FXGLMainMenuDummyScene
14:19:08.566 [JavaFX Application Thread] DEBUG PrimaryStageWindow   - FXGLStartupScene -> FXGLMainMenuDummyScene
14:19:08.566 [JavaFX Application Thread] DEBUG PrimaryStageWindow   - Push state: StartScreen
14:19:08.567 [JavaFX Application Thread] DEBUG Input                - Clearing active input actions
14:19:08.582 [JavaFX Application Thread] DEBUG GameApplicationServi - Removing overlay from FXGLMainMenuDummyScene and adding to StartScreen
14:19:08.583 [JavaFX Application Thread] DEBUG PrimaryStageWindow   - FXGLMainMenuDummyScene -> StartScreen
14:19:08.590 [JavaFX Application Thread] DEBUG FXGLApplication      - Registering font factories with UI factory
14:19:09.138 [JavaFX Application Thread] DEBUG Menu                 - fireNewGame()
14:19:09.138 [JavaFX Application Thread] DEBUG GameApplicationServi - Starting new game
14:19:09.138 [JavaFX Application Thread] DEBUG PrimaryStageWindow   - Pop state: StartScreen
14:19:09.139 [JavaFX Application Thread] DEBUG Input                - Clearing active input actions
14:19:09.140 [JavaFX Application Thread] DEBUG GameApplicationServi - Removing overlay from StartScreen and adding to FXGLMainMenuDummyScene
14:19:09.140 [JavaFX Application Thread] DEBUG PrimaryStageWindow   - FXGLMainMenuDummyScene <- StartScreen
14:19:09.141 [JavaFX Application Thread] DEBUG Input                - Clearing active input actions
14:19:09.155 [JavaFX Application Thread] DEBUG GameApplicationServi - Removing overlay from FXGLMainMenuDummyScene and adding to FXGLLoadingScene
14:19:09.155 [JavaFX Application Thread] DEBUG PrimaryStageWindow   - FXGLMainMenuDummyScene -> FXGLLoadingScene
14:19:09.155 [JavaFX Application Thread] DEBUG GameApplicationServi - Clearing previous game
14:19:09.156 [JavaFX Application Thread] DEBUG GameScene            - Clearing game scene
14:19:09.156 [JavaFX Application Thread] DEBUG GameWorld            - Clearing game world
14:19:09.156 [JavaFX Application Thread] DEBUG PhysicsWorld         - Clearing physics world
14:19:09.159 [FXGL Background Thread 2 ] DEBUG FXGLApplication      - Initializing game
14:19:09.183 [FXGL Background Thread 2 ] DEBUG FXGLAssetLoaderServi - Loading from file system: file:/D:/Gonvival/game/target/classes/assets/textures/newmap2.png
14:19:09.364 [FXGL Background Thread 2 ] DEBUG FXGLAssetLoaderServi - Loading from file system: file:/D:/Gonvival/game/target/classes/assets/textures/idle_down.png
14:19:09.368 [FXGL Background Thread 2 ] DEBUG FXGLAssetLoaderServi - Loading from file system: file:/D:/Gonvival/game/target/classes/assets/textures/idle_up.png
14:19:09.372 [FXGL Background Thread 2 ] DEBUG FXGLAssetLoaderServi - Loading from file system: file:/D:/Gonvival/game/target/classes/assets/textures/idle_left_down.png
14:19:09.376 [FXGL Background Thread 2 ] DEBUG FXGLAssetLoaderServi - Loading from file system: file:/D:/Gonvival/game/target/classes/assets/textures/idle_left_up.png
14:19:09.379 [FXGL Background Thread 2 ] DEBUG FXGLAssetLoaderServi - Loading from file system: file:/D:/Gonvival/game/target/classes/assets/textures/idle_right_down.png
14:19:09.383 [FXGL Background Thread 2 ] DEBUG FXGLAssetLoaderServi - Loading from file system: file:/D:/Gonvival/game/target/classes/assets/textures/idle_right_up.png
14:19:09.387 [FXGL Background Thread 2 ] DEBUG FXGLAssetLoaderServi - Loading from file system: file:/D:/Gonvival/game/target/classes/assets/textures/walk_left_down.png
14:19:09.390 [FXGL Background Thread 2 ] DEBUG FXGLAssetLoaderServi - Loading from file system: file:/D:/Gonvival/game/target/classes/assets/textures/walk_right_down.png
14:19:09.393 [FXGL Background Thread 2 ] DEBUG FXGLAssetLoaderServi - Loading from file system: file:/D:/Gonvival/game/target/classes/assets/textures/walk_up.png
14:19:09.396 [FXGL Background Thread 2 ] DEBUG FXGLAssetLoaderServi - Loading from file system: file:/D:/Gonvival/game/target/classes/assets/textures/walk_down.png
14:19:09.399 [FXGL Background Thread 2 ] DEBUG FXGLAssetLoaderServi - Loading from file system: file:/D:/Gonvival/game/target/classes/assets/textures/walk_left_up.png
14:19:09.401 [FXGL Background Thread 2 ] DEBUG FXGLAssetLoaderServi - Loading from file system: file:/D:/Gonvival/game/target/classes/assets/textures/walk_right_up.png
14:19:09.416 [FXGL Background Thread 2 ] INFO  FXGLApplication      - Game initialization took: 0.257 sec
14:19:09.417 [JavaFX Application Thread] DEBUG Input                - Clearing active input actions
14:19:09.427 [JavaFX Application Thread] DEBUG GameApplicationServi - Removing overlay from FXGLLoadingScene and adding to GameScene
14:19:09.427 [JavaFX Application Thread] DEBUG PrimaryStageWindow   - FXGLLoadingScene -> GameScene
14:19:09.530 [JavaFX Application Thread] DEBUG Input                - Registered new binding: SHOOT - LMB
14:19:09.531 [JavaFX Application Thread] DEBUG Input                - Registered new binding: MOVE LEFT - A
14:19:09.531 [JavaFX Application Thread] DEBUG Input                - Registered new binding: MOVE RIGHT - D
14:19:09.531 [JavaFX Application Thread] DEBUG Input                - Registered new binding: MOVE UP - W
14:19:09.532 [JavaFX Application Thread] DEBUG Input                - Registered new binding: MOVE DOWN - S
14:19:09.859 [JavaFX Application Thread] DEBUG FXGLAssetLoaderServi - Loading from file system: file:/D:/Gonvival/game/target/classes/assets/textures/arrow.png
14:19:10.074 [JavaFX Application Thread] DEBUG FXGLAssetLoaderServi - Loading from file system: file:/D:/Gonvival/game/target/classes/assets/textures/GraveRevenant.png
14:19:10.578 [JavaFX Application Thread] DEBUG PrimaryStageWindow   - Push state: DialogSubScene
14:19:10.578 [JavaFX Application Thread] DEBUG Input                - Clearing active input actions
14:19:10.579 [JavaFX Application Thread] DEBUG GameApplicationServi - Removing overlay from GameScene and adding to DialogSubScene
14:19:10.579 [JavaFX Application Thread] DEBUG PrimaryStageWindow   - GameScene -> DialogSubScene
14:19:10.582 [JavaFX Application Thread] DEBUG FXGLAssetLoaderServi - Loading from file system: file:/D:/Gonvival/game/target/classes/assets/textures/IdleBoss.png
14:19:10.619 [JavaFX Application Thread] DEBUG FXGLAssetLoaderServi - Loading from file system: file:/D:/Gonvival/game/target/classes/assets/textures/BossSkill.png
14:19:10.627 [JavaFX Application Thread] WARN  GameWorld            - Entity is already attached to world
14:19:11.221 [JavaFX Application Thread] DEBUG PrimaryStageWindow   - Pop state: DialogSubScene
14:19:11.222 [JavaFX Application Thread] DEBUG Input                - Clearing active input actions
14:19:11.222 [JavaFX Application Thread] DEBUG GameApplicationServi - Removing overlay from DialogSubScene and adding to GameScene
14:19:11.223 [JavaFX Application Thread] DEBUG PrimaryStageWindow   - GameScene <- DialogSubScene
14:19:11.430 [FXGL Background Thread 3 ] DEBUG Engine               - Logging environment variables
14:19:11.432 [FXGL Background Thread 3 ] DEBUG Engine               - achievements: []
14:19:11.433 [FXGL Background Thread 3 ] DEBUG Engine               - actualHeight: 800.0
14:19:11.433 [FXGL Background Thread 3 ] DEBUG Engine               - actualHeightProperty: ReadOnlyDoubleProperty [value: 800.0]
14:19:11.433 [FXGL Background Thread 3 ] DEBUG Engine               - actualWidth: 800.0
14:19:11.433 [FXGL Background Thread 3 ] DEBUG Engine               - actualWidthProperty: ReadOnlyDoubleProperty [value: 800.0]
14:19:11.433 [FXGL Background Thread 3 ] DEBUG Engine               - appIcon: fxgl_icon.png
14:19:11.433 [FXGL Background Thread 3 ] DEBUG Engine               - applicationMode: DEVELOPER
14:19:11.433 [FXGL Background Thread 3 ] DEBUG Engine               - cSSList: [fxgl_dark.css]
14:19:11.433 [FXGL Background Thread 3 ] DEBUG Engine               - collisionDetectionStrategy: BRUTE_FORCE
14:19:11.434 [FXGL Background Thread 3 ] DEBUG Engine               - configClass: Optional.empty
14:19:11.434 [FXGL Background Thread 3 ] DEBUG Engine               - credits: []
14:19:11.435 [FXGL Background Thread 3 ] DEBUG Engine               - defaultCursor: CursorInfo(imageName=fxgl_default_cursor.png, hotspotX=7.0, hotspotY=6.0)
14:19:11.436 [FXGL Background Thread 3 ] DEBUG Engine               - devBBoxColorProperty: ObjectProperty [value: 0xff0000ff]
14:19:11.437 [FXGL Background Thread 3 ] DEBUG Engine               - devEnableDebugCameraProperty: BooleanProperty [value: false]
14:19:11.437 [FXGL Background Thread 3 ] DEBUG Engine               - devSensorColorProperty: ObjectProperty [value: 0xffff00ff]
14:19:11.437 [FXGL Background Thread 3 ] DEBUG Engine               - devShowBBoxProperty: BooleanProperty [value: false]
14:19:11.437 [FXGL Background Thread 3 ] DEBUG Engine               - devShowPositionProperty: BooleanProperty [value: false]
14:19:11.438 [FXGL Background Thread 3 ] DEBUG Engine               - enabledMenuItems: []
14:19:11.438 [FXGL Background Thread 3 ] DEBUG Engine               - engineServices: [class com.almasb.fxgl.app.services.FXGLAssetLoaderService, class com.almasb.fxgl.app.FXGLApplication$GameApplicationService, class com.almasb.fxgl.app.services.FXGLDialogService, class com.almasb.fxgl.app.services.IOTaskExecutorService, class com.almasb.fxgl.io.FileSystemService, class com.almasb.fxgl.localization.LocalizationService, class com.almasb.fxgl.app.services.SystemBundleService, class com.almasb.fxgl.profile.SaveLoadService, class com.almasb.fxgl.ui.FXGLUIFactoryServiceProvider, class com.almasb.fxgl.ui.FXGLDialogFactoryServiceProvider, class com.almasb.fxgl.audio.AudioPlayer, class com.almasb.fxgl.notification.impl.NotificationServiceProvider, class com.almasb.fxgl.achievement.AchievementService, class com.almasb.fxgl.cutscene.CutsceneService, class com.almasb.fxgl.minigames.MiniGameService, class com.almasb.fxgl.net.NetService, class com.almasb.fxgl.app.services.UpdaterService, class com.almasb.fxgl.dev.DevService]
14:19:11.438 [FXGL Background Thread 3 ] DEBUG Engine               - fontGame: Abel-Regular.ttf
14:19:11.438 [FXGL Background Thread 3 ] DEBUG Engine               - fontMono: TerminalLandMono-Regular.otf
14:19:11.438 [FXGL Background Thread 3 ] DEBUG Engine               - fontSizeScaleUI: 1.0
14:19:11.439 [FXGL Background Thread 3 ] DEBUG Engine               - fontText: Courier-Prime.ttf
14:19:11.439 [FXGL Background Thread 3 ] DEBUG Engine               - fontUI: VarelaRound-Regular.ttf
14:19:11.439 [FXGL Background Thread 3 ] DEBUG Engine               - fullScreen: BooleanProperty [value: false]
14:19:11.440 [FXGL Background Thread 3 ] DEBUG Engine               - gameDifficulty: MEDIUM
14:19:11.440 [FXGL Background Thread 3 ] DEBUG Engine               - gameDifficultyProperty: ObjectProperty [value: MEDIUM]
14:19:11.441 [FXGL Background Thread 3 ] DEBUG Engine               - globalMusicVolume: 0.5
14:19:11.441 [FXGL Background Thread 3 ] DEBUG Engine               - globalMusicVolumeProperty: DoubleProperty [value: 1.0]
14:19:11.442 [FXGL Background Thread 3 ] DEBUG Engine               - globalSoundVolume: 0.5
14:19:11.442 [FXGL Background Thread 3 ] DEBUG Engine               - globalSoundVolumeProperty: DoubleProperty [value: 1.0]
14:19:11.442 [FXGL Background Thread 3 ] DEBUG Engine               - height: 800
14:19:11.443 [FXGL Background Thread 3 ] DEBUG Engine               - is3D: false
14:19:11.443 [FXGL Background Thread 3 ] DEBUG Engine               - isAndroid: false
14:19:11.443 [FXGL Background Thread 3 ] DEBUG Engine               - isBrowser: false
14:19:11.444 [FXGL Background Thread 3 ] DEBUG Engine               - isClickFeedbackEnabled: false
14:19:11.444 [FXGL Background Thread 3 ] DEBUG Engine               - isCloseConfirmation: false
14:19:11.444 [FXGL Background Thread 3 ] DEBUG Engine               - isDesktop: true
14:19:11.444 [FXGL Background Thread 3 ] DEBUG Engine               - isDeveloperMenuEnabled: false
14:19:11.444 [FXGL Background Thread 3 ] DEBUG Engine               - isEmbedded: false
14:19:11.444 [FXGL Background Thread 3 ] DEBUG Engine               - isEntityPreloadEnabled: true
14:19:11.445 [FXGL Background Thread 3 ] DEBUG Engine               - isExperimentalTiledLargeMap: false
14:19:11.446 [FXGL Background Thread 3 ] DEBUG Engine               - isFileSystemWriteAllowed: true
14:19:11.446 [FXGL Background Thread 3 ] DEBUG Engine               - isFullScreenAllowed: false
14:19:11.446 [FXGL Background Thread 3 ] DEBUG Engine               - isFullScreenFromStart: false
14:19:11.447 [FXGL Background Thread 3 ] DEBUG Engine               - isGameMenuEnabled: true
14:19:11.447 [FXGL Background Thread 3 ] DEBUG Engine               - isIOS: false
14:19:11.447 [FXGL Background Thread 3 ] DEBUG Engine               - isIntroEnabled: false
14:19:11.447 [FXGL Background Thread 3 ] DEBUG Engine               - isLinux: false
14:19:11.447 [FXGL Background Thread 3 ] DEBUG Engine               - isMac: false
14:19:11.448 [FXGL Background Thread 3 ] DEBUG Engine               - isMainMenuEnabled: true
14:19:11.448 [FXGL Background Thread 3 ] DEBUG Engine               - isManualResizeEnabled: false
14:19:11.448 [FXGL Background Thread 3 ] DEBUG Engine               - isMobile: false
14:19:11.449 [FXGL Background Thread 3 ] DEBUG Engine               - isNative: false
14:19:11.449 [FXGL Background Thread 3 ] DEBUG Engine               - isPauseMusicWhenMinimized: true
14:19:11.451 [FXGL Background Thread 3 ] DEBUG Engine               - isPreserveResizeRatio: false
14:19:11.451 [FXGL Background Thread 3 ] DEBUG Engine               - isProfilingEnabled: false
14:19:11.452 [FXGL Background Thread 3 ] DEBUG Engine               - isScaleAffectedOnResize: true
14:19:11.452 [FXGL Background Thread 3 ] DEBUG Engine               - isSingleStep: false
14:19:11.452 [FXGL Background Thread 3 ] DEBUG Engine               - isUserProfileEnabled: false
14:19:11.452 [FXGL Background Thread 3 ] DEBUG Engine               - isWindows: true
14:19:11.453 [FXGL Background Thread 3 ] DEBUG Engine               - language: ObjectProperty [value: ENGLISH]
14:19:11.453 [FXGL Background Thread 3 ] DEBUG Engine               - menuKey: ESCAPE
14:19:11.453 [FXGL Background Thread 3 ] DEBUG Engine               - mouseSensitivity: 0.2
14:19:11.453 [FXGL Background Thread 3 ] DEBUG Engine               - notificationViewClass: class com.almasb.fxgl.notification.view.XboxNotificationView
14:19:11.454 [FXGL Background Thread 3 ] DEBUG Engine               - pixelsPerMeter: 50.0
14:19:11.454 [FXGL Background Thread 3 ] DEBUG Engine               - platform: WINDOWS
14:19:11.454 [FXGL Background Thread 3 ] DEBUG Engine               - prefHeightProperty: ReadOnlyDoubleProperty [value: 800.0]
14:19:11.454 [FXGL Background Thread 3 ] DEBUG Engine               - prefWidthProperty: ReadOnlyDoubleProperty [value: 800.0]
14:19:11.455 [FXGL Background Thread 3 ] DEBUG Engine               - profileDir: profiles/
14:19:11.455 [FXGL Background Thread 3 ] DEBUG Engine               - profileName: StringProperty [value: DEFAULT]
14:19:11.455 [FXGL Background Thread 3 ] DEBUG Engine               - randomSeed: -1
14:19:11.458 [FXGL Background Thread 3 ] DEBUG Engine               - runtimeInfo: RuntimeInfo(platform=WINDOWS, version=21.1, build=27.03.2024 07.52)
14:19:11.458 [FXGL Background Thread 3 ] DEBUG Engine               - saveFileExt: sav
14:19:11.459 [FXGL Background Thread 3 ] DEBUG Engine               - scaledHeightProp$fxgl: DoubleProperty [bound, value: 800.0]
14:19:11.459 [FXGL Background Thread 3 ] DEBUG Engine               - scaledWidthProp$fxgl: DoubleProperty [bound, value: 800.0]
14:19:11.459 [FXGL Background Thread 3 ] DEBUG Engine               - sceneFactory: com.lab.App$1@102d5727
14:19:11.460 [FXGL Background Thread 3 ] DEBUG Engine               - secondsIn24h: 60
14:19:11.460 [FXGL Background Thread 3 ] DEBUG Engine               - soundMenuBack: menu/back.wav
14:19:11.460 [FXGL Background Thread 3 ] DEBUG Engine               - soundMenuPress: menu/press.wav
14:19:11.460 [FXGL Background Thread 3 ] DEBUG Engine               - soundMenuSelect: menu/select.wav
14:19:11.460 [FXGL Background Thread 3 ] DEBUG Engine               - soundNotification: core/notification.wav
14:19:11.461 [FXGL Background Thread 3 ] DEBUG Engine               - stageStyle: DECORATED
14:19:11.461 [FXGL Background Thread 3 ] DEBUG Engine               - supportedLanguages: [ENGLISH, FRENCH, GERMAN, HUNGARIAN, RUSSIAN]
14:19:11.461 [FXGL Background Thread 3 ] DEBUG Engine               - ticksPerSecond: -1
14:19:11.461 [FXGL Background Thread 3 ] DEBUG Engine               - title: Gonvival
14:19:11.461 [FXGL Background Thread 3 ] DEBUG Engine               - urlGithub: https://github.com/AlmasB/FXGL
14:19:11.461 [FXGL Background Thread 3 ] DEBUG Engine               - urlLeaderboard: http://fxgl-top.herokuapp.com/
14:19:11.461 [FXGL Background Thread 3 ] DEBUG Engine               - urlPOM: https://raw.githubusercontent.com/AlmasB/FXGL/release/README.md
14:19:11.461 [FXGL Background Thread 3 ] DEBUG Engine               - userAppClass: class com.lab.App
14:19:11.462 [FXGL Background Thread 3 ] DEBUG Engine               - version: beta
14:19:11.462 [FXGL Background Thread 3 ] DEBUG Engine               - versionCheckDays: 7
14:19:11.462 [FXGL Background Thread 3 ] DEBUG Engine               - width: 800
14:19:11.462 [FXGL Background Thread 3 ] DEBUG Engine               - Logging services
14:19:11.462 [FXGL Background Thread 3 ] DEBUG Engine               - class com.almasb.fxgl.app.services.FXGLAssetLoaderService
14:19:11.462 [FXGL Background Thread 3 ] DEBUG Engine               - class com.almasb.fxgl.app.FXGLApplication$GameApplicationService
14:19:11.462 [FXGL Background Thread 3 ] DEBUG Engine               - class com.almasb.fxgl.app.services.FXGLDialogService
14:19:11.462 [FXGL Background Thread 3 ] DEBUG Engine               - class com.almasb.fxgl.app.services.IOTaskExecutorService
14:19:11.462 [FXGL Background Thread 3 ] DEBUG Engine               - class com.almasb.fxgl.io.FileSystemService
14:19:11.462 [FXGL Background Thread 3 ] DEBUG Engine               - class com.almasb.fxgl.localization.LocalizationService
14:19:11.462 [FXGL Background Thread 3 ] DEBUG Engine               - class com.almasb.fxgl.app.services.SystemBundleService
14:19:11.463 [FXGL Background Thread 3 ] DEBUG Engine               - class com.almasb.fxgl.profile.SaveLoadService
14:19:11.463 [FXGL Background Thread 3 ] DEBUG Engine               - class com.almasb.fxgl.ui.FXGLUIFactoryServiceProvider
14:19:11.463 [FXGL Background Thread 3 ] DEBUG Engine               - class com.almasb.fxgl.ui.FXGLDialogFactoryServiceProvider
14:19:11.463 [FXGL Background Thread 3 ] DEBUG Engine               - class com.almasb.fxgl.audio.AudioPlayer
14:19:11.463 [FXGL Background Thread 3 ] DEBUG Engine               - class com.almasb.fxgl.notification.impl.NotificationServiceProvider
14:19:11.463 [FXGL Background Thread 3 ] DEBUG Engine               - class com.almasb.fxgl.achievement.AchievementService
14:19:11.463 [FXGL Background Thread 3 ] DEBUG Engine               - class com.almasb.fxgl.cutscene.CutsceneService
14:19:11.463 [FXGL Background Thread 3 ] DEBUG Engine               - class com.almasb.fxgl.minigames.MiniGameService
14:19:11.463 [FXGL Background Thread 3 ] DEBUG Engine               - class com.almasb.fxgl.net.NetService
14:19:11.463 [FXGL Background Thread 3 ] DEBUG Engine               - class com.almasb.fxgl.app.services.UpdaterService
14:19:11.463 [FXGL Background Thread 3 ] DEBUG Engine               - class com.almasb.fxgl.dev.DevService
14:19:11.966 [JavaFX Application Thread] DEBUG FXGLApplication      - Exiting FXGL
14:19:11.966 [JavaFX Application Thread] DEBUG LoopRunner           - Stopping loop
14:19:11.966 [JavaFX Application Thread] DEBUG SystemBundleService  - Saving FXGL system data
14:19:11.971 [JavaFX Application Thread] DEBUG FileSystemAccess     - Writing to: D:\Gonvival\system\fxgl.bundle
14:19:11.974 [JavaFX Application Thread] DEBUG Async                - Shutting down background threads
14:19:11.974 [JavaFX Application Thread] DEBUG PrimaryStageWindow   - Closing main window
14:19:12.031 [JavaFX Application Thread] DEBUG Logger               - Closing Logger
