07:49:29.066 [main                     ] DEBUG Logger               - Configured Logger
07:49:29.103 [main                     ] DEBUG GameApplication      - Logging settings
Title: Gonvival
Version: beta
Width: 800
Height: 800
Fullscreen: false
Intro: false
Profiling: false
Single step:false
App Mode: DEVELOPER
Menu Key: ESCAPE
Stage Style: DECORATED
Scene Factory: class com.lab.App$1

07:49:29.862 [JavaFX Application Thread] DEBUG FXGLApplication      - Initializing FXGL
07:49:29.867 [JavaFX Application Thread] INFO  Engine               - FXGL-21.1 (27.03.2024 07.52) on WINDOWS (J:21.0.5 FX:21.0.1)
07:49:29.909 [JavaFX Application Thread] DEBUG Engine               - JRE Vendor Name: Eclipse Adoptium
07:49:29.910 [JavaFX Application Thread] DEBUG Engine               - Running on OS: Windows 10 version 10.0
07:49:29.910 [JavaFX Application Thread] DEBUG Engine               - Architecture: amd64
07:49:29.910 [JavaFX Application Thread] INFO  Engine               - Source code and latest versions at: https://github.com/AlmasB/FXGL
07:49:29.911 [JavaFX Application Thread] INFO  Engine               -       Ask questions and discuss at: https://github.com/AlmasB/FXGL/discussions
07:49:29.912 [JavaFX Application Thread] INFO  Engine               -              Join the FXGL chat at: https://gitter.im/AlmasB/FXGL
07:49:30.175 [JavaFX Application Thread] DEBUG PrimaryStageWindow   - Creating a JavaFX scene
07:49:30.176 [JavaFX Application Thread] DEBUG PrimaryStageWindow   - Target size > screen size
07:49:30.289 [JavaFX Application Thread] DEBUG PrimaryStageWindow   - Target settings size: 800.0 x 800.0
07:49:30.291 [JavaFX Application Thread] DEBUG PrimaryStageWindow   - Scaled scene size:    743.0 x 768.0
07:49:30.292 [JavaFX Application Thread] DEBUG PrimaryStageWindow   - Scaled ratio: (0.92875, 0.96)
07:49:30.294 [JavaFX Application Thread] DEBUG PrimaryStageWindow   - Set initial scene to FXGLStartupScene
07:49:30.300 [JavaFX Application Thread] DEBUG PrimaryStageWindow   - Opening main window
07:49:30.511 [JavaFX Application Thread] DEBUG PrimaryStageWindow   - Window border size: (16.0, 39.0)
07:49:30.512 [JavaFX Application Thread] DEBUG PrimaryStageWindow   - Scaled size: 743.0 x 768.0
07:49:30.513 [JavaFX Application Thread] DEBUG PrimaryStageWindow   - Scaled ratio: (0.92875, 0.96)
07:49:30.513 [JavaFX Application Thread] DEBUG PrimaryStageWindow   - Scene size: 743.0 x 768.0
07:49:30.514 [JavaFX Application Thread] DEBUG PrimaryStageWindow   - Stage size: 759.0 x 807.0
07:49:30.551 [FXGL Background Thread 1 ] DEBUG Engine               - Initializing environment variables
07:49:30.713 [FXGL Background Thread 1 ] DEBUG FXGLAssetLoaderServi - User app class for loading assets: class com.lab.App
07:49:30.713 [FXGL Background Thread 1 ] DEBUG GameApplicationServi - Applying CSS: fxgl_dark.css
07:49:30.715 [FXGL Background Thread 1 ] DEBUG FXGLAssetLoaderServi - Loading from file system: jar:file:/C:/Users/Khana/.m2/repository/com/github/almasb/fxgl/21.1/fxgl-21.1.jar!/fxglassets/ui/css/fxgl_dark.css
07:49:30.834 [FXGL Background Thread 1 ] DEBUG GameApplicationServi - Initializing application scenes
07:49:31.080 [FXGL Background Thread 1 ] DEBUG GameWorld            - Game world initialized
07:49:31.188 [FXGL Background Thread 1 ] DEBUG PhysicsWorld         - Physics world initialized: appHeight=800, physics.ppm=50.0
07:49:31.188 [FXGL Background Thread 1 ] DEBUG PhysicsWorld         - Using strategy: BRUTE_FORCE
07:49:31.198 [FXGL Background Thread 1 ] DEBUG GameScene            - Game scene initialized: 800x800
07:49:31.202 [FXGL Background Thread 1 ] DEBUG FXGLAssetLoaderServi - Loading from file system: file:/E:/Labs/Gonvival/game/target/classes/assets/sounds/button_click.mp3
07:49:32.079 [FXGL Background Thread 1 ] DEBUG FXGL.DefaultMenu     - createMenuBodyGameMenu()
07:49:32.096 [FXGL Background Thread 1 ] DEBUG FXGL.DefaultMenu     - createOptionsMenu()
07:49:32.108 [FXGL Background Thread 1 ] DEBUG FXGLAssetLoaderServi - Loading from file system: jar:file:/C:/Users/Khana/.m2/repository/com/github/almasb/fxgl/21.1/fxgl-21.1.jar!/fxglassets/textures/particles/smoke.png
07:49:32.306 [FXGL Background Thread 1 ] DEBUG FXGLAssetLoaderServi - Loading from file system: jar:file:/C:/Users/Khana/.m2/repository/com/github/almasb/fxgl/21.1/fxgl-21.1.jar!/fxglassets/textures/particles/trace_horizontal.png
07:49:32.383 [FXGL Background Thread 1 ] DEBUG GameApplicationServi - Application scenes initialized
07:49:32.412 [FXGL Background Thread 1 ] DEBUG SystemBundleService  - Loading FXGL system data
07:49:32.421 [FXGL Background Thread 1 ] DEBUG FileSystemAccess     - Reading from: E:\Labs\Gonvival\system\fxgl.bundle
07:49:32.439 [FXGL Background Thread 1 ] DEBUG SystemBundleService  - Bundle FXGL: {}
07:49:32.439 [FXGL Background Thread 1 ] DEBUG UpdaterService       - Checking for updates
07:49:32.449 [FXGL Background Thread 1 ] DEBUG FXGLApplication      - Loading default localization
07:49:32.450 [FXGL Background Thread 1 ] DEBUG FXGLAssetLoaderServi - Loading from file system: jar:file:/C:/Users/Khana/.m2/repository/com/github/almasb/fxgl/21.1/fxgl-21.1.jar!/fxglassets/languages/english.lang
07:49:32.513 [FXGL Background Thread 1 ] INFO  FXGLApplication      - FXGL initialization took: 1.961 sec
07:49:32.537 [FXGL Background Thread 4 ] DEBUG FXGLApplication      - Loading fonts
07:49:32.538 [FXGL Background Thread 4 ] DEBUG FXGLAssetLoaderServi - Loading from file system: jar:file:/C:/Users/Khana/.m2/repository/com/github/almasb/fxgl/21.1/fxgl-21.1.jar!/fxglassets/ui/fonts/VarelaRound-Regular.ttf
07:49:32.597 [FXGL Background Thread 4 ] DEBUG FXGLAssetLoaderServi - Loading from file system: jar:file:/C:/Users/Khana/.m2/repository/com/github/almasb/fxgl/21.1/fxgl-21.1.jar!/fxglassets/ui/fonts/Abel-Regular.ttf
07:49:32.603 [FXGL Background Thread 4 ] DEBUG FXGLAssetLoaderServi - Loading from file system: jar:file:/C:/Users/Khana/.m2/repository/com/github/almasb/fxgl/21.1/fxgl-21.1.jar!/fxglassets/ui/fonts/TerminalLandMono-Regular.otf
07:49:32.613 [FXGL Background Thread 4 ] DEBUG FXGLAssetLoaderServi - Loading from file system: jar:file:/C:/Users/Khana/.m2/repository/com/github/almasb/fxgl/21.1/fxgl-21.1.jar!/fxglassets/ui/fonts/Courier-Prime.ttf
07:49:32.624 [JavaFX Application Thread] DEBUG FXGLApplication      - Registering font factories with UI factory
07:49:32.673 [JavaFX Application Thread] DEBUG FXGLAssetLoaderServi - Loading from file system: jar:file:/C:/Users/Khana/.m2/repository/com/github/almasb/fxgl/21.1/fxgl-21.1.jar!/fxglassets/textures/fxgl_icon.png
07:49:32.756 [JavaFX Application Thread] DEBUG FXGLAssetLoaderServi - Loading from file system: jar:file:/C:/Users/Khana/.m2/repository/com/github/almasb/fxgl/21.1/fxgl-21.1.jar!/fxglassets/textures/fxgl_default_cursor.png
07:49:32.780 [JavaFX Application Thread] DEBUG Input                - Registered new binding: Screenshot - CTRL+8
07:49:32.781 [JavaFX Application Thread] DEBUG Input                - Registered new binding: System info dump - CTRL+9
07:49:32.782 [JavaFX Application Thread] DEBUG Input                - Registered new binding: Restart - CTRL+R
07:49:32.783 [JavaFX Application Thread] DEBUG Input                - Registered new binding: Toggle Debug Camera - CTRL+7
07:49:32.788 [JavaFX Application Thread] DEBUG LoopRunner           - Starting loop
07:49:32.788 [JavaFX Application Thread] DEBUG LoopRunner           - Initializing JavaFX AnimationTimerLoop
07:49:32.795 [JavaFX Application Thread] DEBUG Input                - Clearing active input actions
07:49:32.811 [JavaFX Application Thread] DEBUG GameApplicationServi - Removing overlay from FXGLStartupScene and adding to FXGLMainMenuDummyScene
07:49:32.811 [JavaFX Application Thread] DEBUG PrimaryStageWindow   - FXGLStartupScene -> FXGLMainMenuDummyScene
07:49:32.812 [JavaFX Application Thread] DEBUG PrimaryStageWindow   - Push state: StartScreen
07:49:32.812 [JavaFX Application Thread] DEBUG Input                - Clearing active input actions
07:49:32.830 [JavaFX Application Thread] DEBUG GameApplicationServi - Removing overlay from FXGLMainMenuDummyScene and adding to StartScreen
07:49:32.830 [JavaFX Application Thread] DEBUG PrimaryStageWindow   - FXGLMainMenuDummyScene -> StartScreen
07:49:34.379 [JavaFX Application Thread] DEBUG Menu                 - fireNewGame()
07:49:34.379 [JavaFX Application Thread] DEBUG GameApplicationServi - Starting new game
07:49:34.379 [JavaFX Application Thread] DEBUG PrimaryStageWindow   - Pop state: StartScreen
07:49:34.380 [JavaFX Application Thread] DEBUG Input                - Clearing active input actions
07:49:34.381 [JavaFX Application Thread] DEBUG GameApplicationServi - Removing overlay from StartScreen and adding to FXGLMainMenuDummyScene
07:49:34.381 [JavaFX Application Thread] DEBUG PrimaryStageWindow   - FXGLMainMenuDummyScene <- StartScreen
07:49:34.382 [JavaFX Application Thread] DEBUG Input                - Clearing active input actions
07:49:34.405 [JavaFX Application Thread] DEBUG GameApplicationServi - Removing overlay from FXGLMainMenuDummyScene and adding to FXGLLoadingScene
07:49:34.405 [JavaFX Application Thread] DEBUG PrimaryStageWindow   - FXGLMainMenuDummyScene -> FXGLLoadingScene
07:49:34.406 [JavaFX Application Thread] DEBUG GameApplicationServi - Clearing previous game
07:49:34.409 [JavaFX Application Thread] DEBUG GameScene            - Clearing game scene
07:49:34.409 [JavaFX Application Thread] DEBUG GameWorld            - Clearing game world
07:49:34.409 [JavaFX Application Thread] DEBUG PhysicsWorld         - Clearing physics world
07:49:34.413 [FXGL Background Thread 1 ] DEBUG FXGLApplication      - Initializing game
07:49:34.600 [FXGL Background Thread 1 ] DEBUG FXGLAssetLoaderServi - Loading from file system: file:/E:/Labs/Gonvival/game/target/classes/assets/textures/map.png
07:49:34.747 [FXGL Background Thread 1 ] DEBUG FXGLAssetLoaderServi - Loading from file system: file:/E:/Labs/Gonvival/game/target/classes/assets/textures/idle_down.png
07:49:34.752 [FXGL Background Thread 1 ] DEBUG FXGLAssetLoaderServi - Loading from file system: file:/E:/Labs/Gonvival/game/target/classes/assets/textures/idle_up.png
07:49:34.789 [FXGL Background Thread 1 ] DEBUG FXGLAssetLoaderServi - Loading from file system: file:/E:/Labs/Gonvival/game/target/classes/assets/textures/idle_left_down.png
07:49:34.813 [FXGL Background Thread 1 ] DEBUG FXGLAssetLoaderServi - Loading from file system: file:/E:/Labs/Gonvival/game/target/classes/assets/textures/idle_left_up.png
07:49:34.816 [FXGL Background Thread 1 ] DEBUG FXGLAssetLoaderServi - Loading from file system: file:/E:/Labs/Gonvival/game/target/classes/assets/textures/idle_right_down.png
07:49:34.825 [FXGL Background Thread 1 ] DEBUG FXGLAssetLoaderServi - Loading from file system: file:/E:/Labs/Gonvival/game/target/classes/assets/textures/idle_right_up.png
07:49:34.832 [FXGL Background Thread 1 ] DEBUG FXGLAssetLoaderServi - Loading from file system: file:/E:/Labs/Gonvival/game/target/classes/assets/textures/walk_left_down.png
07:49:34.835 [FXGL Background Thread 1 ] DEBUG FXGLAssetLoaderServi - Loading from file system: file:/E:/Labs/Gonvival/game/target/classes/assets/textures/walk_right_down.png
07:49:34.837 [FXGL Background Thread 1 ] DEBUG FXGLAssetLoaderServi - Loading from file system: file:/E:/Labs/Gonvival/game/target/classes/assets/textures/walk_up.png
07:49:34.870 [FXGL Background Thread 1 ] DEBUG FXGLAssetLoaderServi - Loading from file system: file:/E:/Labs/Gonvival/game/target/classes/assets/textures/walk_down.png
07:49:34.888 [FXGL Background Thread 1 ] DEBUG FXGLAssetLoaderServi - Loading from file system: file:/E:/Labs/Gonvival/game/target/classes/assets/textures/walk_left_up.png
07:49:34.892 [FXGL Background Thread 1 ] DEBUG FXGLAssetLoaderServi - Loading from file system: file:/E:/Labs/Gonvival/game/target/classes/assets/textures/walk_right_up.png
07:49:34.946 [JavaFX Application Thread] DEBUG LoopRunner           - Stopping loop
07:49:34.949 [JavaFX Application Thread] FATAL FXGLApplication      - Uncaught Exception:
java.lang.RuntimeException: Initialization failed
	at com.almasb.fxgl.app.FXGLApplication$InitAppTask.failed(FXGLApplication.kt:347)
	at javafx.concurrent.Task.setState(Task.java:710)
	at javafx.concurrent.Task$TaskCallable.lambda$call$2(Task.java:1429)
	at com.sun.javafx.application.PlatformImpl.lambda$runLater$10(PlatformImpl.java:456)
	at java.base/java.security.AccessController.doPrivileged(AccessController.java:400)
	at com.sun.javafx.application.PlatformImpl.lambda$runLater$11(PlatformImpl.java:455)
	at com.sun.glass.ui.InvokeLaterDispatcher$Future.run(InvokeLaterDispatcher.java:95)
	at com.sun.glass.ui.win.WinApplication._runLoop(Native Method)
	at com.sun.glass.ui.win.WinApplication.lambda$runLoop$3(WinApplication.java:185)
	at java.base/java.lang.Thread.run(Thread.java:1583)
Caused by: java.lang.NullPointerException: Parameter specified as non-null is null: method com.almasb.fxgl.app.scene.GameScene.addUINode, parameter node
	at com.almasb.fxgl.app.scene.GameScene.addUINode(GameScene.kt)
	at com.lab.App.initUI(App.java:415)
	at com.almasb.fxgl.app.FXGLApplication$InitAppTask.call(FXGLApplication.kt:323)
	at com.almasb.fxgl.app.FXGLApplication$InitAppTask.call(FXGLApplication.kt:313)
	at javafx.concurrent.Task$TaskCallable.call(Task.java:1399)
	at java.base/java.util.concurrent.FutureTask.run(FutureTask.java:317)
	at java.base/java.util.concurrent.Executors$RunnableAdapter.call(Executors.java:572)
	at java.base/java.util.concurrent.FutureTask.run(FutureTask.java:317)
	at java.base/java.util.concurrent.ThreadPoolExecutor.runWorker(ThreadPoolExecutor.java:1144)
	at java.base/java.util.concurrent.ThreadPoolExecutor$Worker.run(ThreadPoolExecutor.java:642)
	... 1 more

07:49:34.970 [JavaFX Application Thread] FATAL FXGLApplication      - Application will now exit
07:49:35.085 [JavaFX Application Thread] DEBUG PrimaryStageWindow   - Push state: ErrorSubScene
07:49:35.086 [JavaFX Application Thread] DEBUG Input                - Clearing active input actions
07:49:35.090 [JavaFX Application Thread] DEBUG GameApplicationServi - Removing overlay from FXGLLoadingScene and adding to ErrorSubScene
07:49:35.099 [JavaFX Application Thread] DEBUG PrimaryStageWindow   - FXGLLoadingScene -> ErrorSubScene
07:49:35.446 [FXGL Background Thread 3 ] DEBUG Engine               - Logging environment variables
07:49:35.447 [FXGL Background Thread 3 ] DEBUG Engine               - achievements: []
07:49:35.447 [FXGL Background Thread 3 ] DEBUG Engine               - actualHeight: 768.0
07:49:35.448 [FXGL Background Thread 3 ] DEBUG Engine               - actualHeightProperty: ReadOnlyDoubleProperty [value: 768.0]
07:49:35.448 [FXGL Background Thread 3 ] DEBUG Engine               - actualWidth: 743.0
07:49:35.448 [FXGL Background Thread 3 ] DEBUG Engine               - actualWidthProperty: ReadOnlyDoubleProperty [value: 743.0]
07:49:35.448 [FXGL Background Thread 3 ] DEBUG Engine               - appIcon: fxgl_icon.png
07:49:35.448 [FXGL Background Thread 3 ] DEBUG Engine               - applicationMode: DEVELOPER
07:49:35.448 [FXGL Background Thread 3 ] DEBUG Engine               - cSSList: [fxgl_dark.css]
07:49:35.448 [FXGL Background Thread 3 ] DEBUG Engine               - collisionDetectionStrategy: BRUTE_FORCE
07:49:35.448 [FXGL Background Thread 3 ] DEBUG Engine               - configClass: Optional.empty
07:49:35.448 [FXGL Background Thread 3 ] DEBUG Engine               - credits: []
07:49:35.449 [FXGL Background Thread 3 ] DEBUG Engine               - defaultCursor: CursorInfo(imageName=fxgl_default_cursor.png, hotspotX=7.0, hotspotY=6.0)
07:49:35.449 [FXGL Background Thread 3 ] DEBUG Engine               - devBBoxColorProperty: ObjectProperty [value: 0xff0000ff]
07:49:35.449 [FXGL Background Thread 3 ] DEBUG Engine               - devEnableDebugCameraProperty: BooleanProperty [value: false]
07:49:35.449 [FXGL Background Thread 3 ] DEBUG Engine               - devSensorColorProperty: ObjectProperty [value: 0xffff00ff]
07:49:35.450 [FXGL Background Thread 3 ] DEBUG Engine               - devShowBBoxProperty: BooleanProperty [value: false]
07:49:35.450 [FXGL Background Thread 3 ] DEBUG Engine               - devShowPositionProperty: BooleanProperty [value: false]
07:49:35.450 [FXGL Background Thread 3 ] DEBUG Engine               - enabledMenuItems: []
07:49:35.450 [FXGL Background Thread 3 ] DEBUG Engine               - engineServices: [class com.almasb.fxgl.app.services.FXGLAssetLoaderService, class com.almasb.fxgl.app.FXGLApplication$GameApplicationService, class com.almasb.fxgl.app.services.FXGLDialogService, class com.almasb.fxgl.app.services.IOTaskExecutorService, class com.almasb.fxgl.io.FileSystemService, class com.almasb.fxgl.localization.LocalizationService, class com.almasb.fxgl.app.services.SystemBundleService, class com.almasb.fxgl.profile.SaveLoadService, class com.almasb.fxgl.ui.FXGLUIFactoryServiceProvider, class com.almasb.fxgl.ui.FXGLDialogFactoryServiceProvider, class com.almasb.fxgl.audio.AudioPlayer, class com.almasb.fxgl.notification.impl.NotificationServiceProvider, class com.almasb.fxgl.achievement.AchievementService, class com.almasb.fxgl.cutscene.CutsceneService, class com.almasb.fxgl.minigames.MiniGameService, class com.almasb.fxgl.net.NetService, class com.almasb.fxgl.app.services.UpdaterService, class com.almasb.fxgl.dev.DevService]
07:49:35.451 [FXGL Background Thread 3 ] DEBUG Engine               - fontGame: Abel-Regular.ttf
07:49:35.451 [FXGL Background Thread 3 ] DEBUG Engine               - fontMono: TerminalLandMono-Regular.otf
07:49:35.451 [FXGL Background Thread 3 ] DEBUG Engine               - fontSizeScaleUI: 1.0
07:49:35.451 [FXGL Background Thread 3 ] DEBUG Engine               - fontText: Courier-Prime.ttf
07:49:35.451 [FXGL Background Thread 3 ] DEBUG Engine               - fontUI: VarelaRound-Regular.ttf
07:49:35.451 [FXGL Background Thread 3 ] DEBUG Engine               - fullScreen: BooleanProperty [value: false]
07:49:35.451 [FXGL Background Thread 3 ] DEBUG Engine               - gameDifficulty: MEDIUM
07:49:35.451 [FXGL Background Thread 3 ] DEBUG Engine               - gameDifficultyProperty: ObjectProperty [value: MEDIUM]
07:49:35.451 [FXGL Background Thread 3 ] DEBUG Engine               - globalMusicVolume: 0.5
07:49:35.451 [FXGL Background Thread 3 ] DEBUG Engine               - globalMusicVolumeProperty: DoubleProperty [value: 1.0]
07:49:35.452 [FXGL Background Thread 3 ] DEBUG Engine               - globalSoundVolume: 0.5
07:49:35.452 [FXGL Background Thread 3 ] DEBUG Engine               - globalSoundVolumeProperty: DoubleProperty [value: 1.0]
07:49:35.452 [FXGL Background Thread 3 ] DEBUG Engine               - height: 800
07:49:35.452 [FXGL Background Thread 3 ] DEBUG Engine               - is3D: false
07:49:35.452 [FXGL Background Thread 3 ] DEBUG Engine               - isAndroid: false
07:49:35.452 [FXGL Background Thread 3 ] DEBUG Engine               - isBrowser: false
07:49:35.452 [FXGL Background Thread 3 ] DEBUG Engine               - isClickFeedbackEnabled: false
07:49:35.452 [FXGL Background Thread 3 ] DEBUG Engine               - isCloseConfirmation: false
07:49:35.452 [FXGL Background Thread 3 ] DEBUG Engine               - isDesktop: true
07:49:35.452 [FXGL Background Thread 3 ] DEBUG Engine               - isDeveloperMenuEnabled: false
07:49:35.452 [FXGL Background Thread 3 ] DEBUG Engine               - isEmbedded: false
07:49:35.452 [FXGL Background Thread 3 ] DEBUG Engine               - isEntityPreloadEnabled: true
07:49:35.452 [FXGL Background Thread 3 ] DEBUG Engine               - isExperimentalTiledLargeMap: false
07:49:35.452 [FXGL Background Thread 3 ] DEBUG Engine               - isFileSystemWriteAllowed: true
07:49:35.453 [FXGL Background Thread 3 ] DEBUG Engine               - isFullScreenAllowed: false
07:49:35.453 [FXGL Background Thread 3 ] DEBUG Engine               - isFullScreenFromStart: false
07:49:35.453 [FXGL Background Thread 3 ] DEBUG Engine               - isGameMenuEnabled: true
07:49:35.453 [FXGL Background Thread 3 ] DEBUG Engine               - isIOS: false
07:49:35.453 [FXGL Background Thread 3 ] DEBUG Engine               - isIntroEnabled: false
07:49:35.453 [FXGL Background Thread 3 ] DEBUG Engine               - isLinux: false
07:49:35.453 [FXGL Background Thread 3 ] DEBUG Engine               - isMac: false
07:49:35.453 [FXGL Background Thread 3 ] DEBUG Engine               - isMainMenuEnabled: true
07:49:35.453 [FXGL Background Thread 3 ] DEBUG Engine               - isManualResizeEnabled: false
07:49:35.453 [FXGL Background Thread 3 ] DEBUG Engine               - isMobile: false
07:49:35.453 [FXGL Background Thread 3 ] DEBUG Engine               - isNative: false
07:49:35.453 [FXGL Background Thread 3 ] DEBUG Engine               - isPauseMusicWhenMinimized: true
07:49:35.453 [FXGL Background Thread 3 ] DEBUG Engine               - isPreserveResizeRatio: false
07:49:35.453 [FXGL Background Thread 3 ] DEBUG Engine               - isProfilingEnabled: false
07:49:35.453 [FXGL Background Thread 3 ] DEBUG Engine               - isScaleAffectedOnResize: true
07:49:35.454 [FXGL Background Thread 3 ] DEBUG Engine               - isSingleStep: false
07:49:35.454 [FXGL Background Thread 3 ] DEBUG Engine               - isUserProfileEnabled: false
07:49:35.454 [FXGL Background Thread 3 ] DEBUG Engine               - isWindows: true
07:49:35.454 [FXGL Background Thread 3 ] DEBUG Engine               - language: ObjectProperty [value: ENGLISH]
07:49:35.454 [FXGL Background Thread 3 ] DEBUG Engine               - menuKey: ESCAPE
07:49:35.454 [FXGL Background Thread 3 ] DEBUG Engine               - mouseSensitivity: 0.2
07:49:35.454 [FXGL Background Thread 3 ] DEBUG Engine               - notificationViewClass: class com.almasb.fxgl.notification.view.XboxNotificationView
07:49:35.454 [FXGL Background Thread 3 ] DEBUG Engine               - pixelsPerMeter: 50.0
07:49:35.454 [FXGL Background Thread 3 ] DEBUG Engine               - platform: WINDOWS
07:49:35.454 [FXGL Background Thread 3 ] DEBUG Engine               - prefHeightProperty: ReadOnlyDoubleProperty [value: 800.0]
07:49:35.455 [FXGL Background Thread 3 ] DEBUG Engine               - prefWidthProperty: ReadOnlyDoubleProperty [value: 800.0]
07:49:35.455 [FXGL Background Thread 3 ] DEBUG Engine               - profileDir: profiles/
07:49:35.455 [FXGL Background Thread 3 ] DEBUG Engine               - profileName: StringProperty [value: DEFAULT]
07:49:35.455 [FXGL Background Thread 3 ] DEBUG Engine               - randomSeed: -1
07:49:35.456 [FXGL Background Thread 3 ] DEBUG Engine               - runtimeInfo: RuntimeInfo(platform=WINDOWS, version=21.1, build=27.03.2024 07.52)
07:49:35.456 [FXGL Background Thread 3 ] DEBUG Engine               - saveFileExt: sav
07:49:35.456 [FXGL Background Thread 3 ] DEBUG Engine               - scaledHeightProp$fxgl: DoubleProperty [bound, value: 768.0]
07:49:35.479 [FXGL Background Thread 3 ] DEBUG Engine               - scaledWidthProp$fxgl: DoubleProperty [bound, value: 743.0]
07:49:35.482 [FXGL Background Thread 3 ] DEBUG Engine               - sceneFactory: com.lab.App$1@10b9d646
07:49:35.482 [FXGL Background Thread 3 ] DEBUG Engine               - secondsIn24h: 60
07:49:35.482 [FXGL Background Thread 3 ] DEBUG Engine               - soundMenuBack: menu/back.wav
07:49:35.482 [FXGL Background Thread 3 ] DEBUG Engine               - soundMenuPress: menu/press.wav
07:49:35.482 [FXGL Background Thread 3 ] DEBUG Engine               - soundMenuSelect: menu/select.wav
07:49:35.482 [FXGL Background Thread 3 ] DEBUG Engine               - soundNotification: core/notification.wav
07:49:35.482 [FXGL Background Thread 3 ] DEBUG Engine               - stageStyle: DECORATED
07:49:35.482 [FXGL Background Thread 3 ] DEBUG Engine               - supportedLanguages: [ENGLISH, FRENCH, GERMAN, HUNGARIAN, RUSSIAN]
07:49:35.482 [FXGL Background Thread 3 ] DEBUG Engine               - ticksPerSecond: -1
07:49:35.482 [FXGL Background Thread 3 ] DEBUG Engine               - title: Gonvival
07:49:35.482 [FXGL Background Thread 3 ] DEBUG Engine               - urlGithub: https://github.com/AlmasB/FXGL
07:49:35.482 [FXGL Background Thread 3 ] DEBUG Engine               - urlLeaderboard: http://fxgl-top.herokuapp.com/
07:49:35.483 [FXGL Background Thread 3 ] DEBUG Engine               - urlPOM: https://raw.githubusercontent.com/AlmasB/FXGL/release/README.md
07:49:35.483 [FXGL Background Thread 3 ] DEBUG Engine               - userAppClass: class com.lab.App
07:49:35.483 [FXGL Background Thread 3 ] DEBUG Engine               - version: beta
07:49:35.483 [FXGL Background Thread 3 ] DEBUG Engine               - versionCheckDays: 7
07:49:35.483 [FXGL Background Thread 3 ] DEBUG Engine               - width: 800
07:49:35.483 [FXGL Background Thread 3 ] DEBUG Engine               - Logging services
07:49:35.483 [FXGL Background Thread 3 ] DEBUG Engine               - class com.almasb.fxgl.app.services.FXGLAssetLoaderService
07:49:35.483 [FXGL Background Thread 3 ] DEBUG Engine               - class com.almasb.fxgl.app.FXGLApplication$GameApplicationService
07:49:35.483 [FXGL Background Thread 3 ] DEBUG Engine               - class com.almasb.fxgl.app.services.FXGLDialogService
07:49:35.483 [FXGL Background Thread 3 ] DEBUG Engine               - class com.almasb.fxgl.app.services.IOTaskExecutorService
07:49:35.483 [FXGL Background Thread 3 ] DEBUG Engine               - class com.almasb.fxgl.io.FileSystemService
07:49:35.483 [FXGL Background Thread 3 ] DEBUG Engine               - class com.almasb.fxgl.localization.LocalizationService
07:49:35.483 [FXGL Background Thread 3 ] DEBUG Engine               - class com.almasb.fxgl.app.services.SystemBundleService
07:49:35.483 [FXGL Background Thread 3 ] DEBUG Engine               - class com.almasb.fxgl.profile.SaveLoadService
07:49:35.483 [FXGL Background Thread 3 ] DEBUG Engine               - class com.almasb.fxgl.ui.FXGLUIFactoryServiceProvider
07:49:35.484 [FXGL Background Thread 3 ] DEBUG Engine               - class com.almasb.fxgl.ui.FXGLDialogFactoryServiceProvider
07:49:35.484 [FXGL Background Thread 3 ] DEBUG Engine               - class com.almasb.fxgl.audio.AudioPlayer
07:49:35.484 [FXGL Background Thread 3 ] DEBUG Engine               - class com.almasb.fxgl.notification.impl.NotificationServiceProvider
07:49:35.484 [FXGL Background Thread 3 ] DEBUG Engine               - class com.almasb.fxgl.achievement.AchievementService
07:49:35.484 [FXGL Background Thread 3 ] DEBUG Engine               - class com.almasb.fxgl.cutscene.CutsceneService
07:49:35.484 [FXGL Background Thread 3 ] DEBUG Engine               - class com.almasb.fxgl.minigames.MiniGameService
07:49:35.484 [FXGL Background Thread 3 ] DEBUG Engine               - class com.almasb.fxgl.net.NetService
07:49:35.484 [FXGL Background Thread 3 ] DEBUG Engine               - class com.almasb.fxgl.app.services.UpdaterService
07:49:35.484 [FXGL Background Thread 3 ] DEBUG Engine               - class com.almasb.fxgl.dev.DevService
07:49:46.728 [JavaFX Application Thread] DEBUG FXGLApplication      - Exiting FXGL
07:49:46.729 [JavaFX Application Thread] DEBUG Async                - Shutting down background threads
07:49:46.729 [JavaFX Application Thread] DEBUG PrimaryStageWindow   - Closing main window
07:49:46.762 [JavaFX Application Thread] DEBUG Logger               - Closing Logger
