18:51:58.691 [main                     ] DEBUG Logger               - Configured Logger
18:51:58.771 [main                     ] DEBUG GameApplication      - Logging settings
Title: Gonvival
Version: beta
Width: 800
Height: 800
Fullscreen: false
Intro: false
Profiling: false
Single step:false
App Mode: DEVELOPER
Menu Key: ESCAPE
Stage Style: DECORATED
Scene Factory: class com.lab.App$1

18:51:59.767 [JavaFX Application Thread] DEBUG FXGLApplication      - Initializing FXGL
18:51:59.773 [JavaFX Application Thread] INFO  Engine               - FXGL-21.1 (27.03.2024 07.52) on WINDOWS (J:21.0.5 FX:21.0.1)
18:51:59.774 [JavaFX Application Thread] DEBUG Engine               - JRE Vendor Name: Eclipse Adoptium
18:51:59.775 [JavaFX Application Thread] DEBUG Engine               - Running on OS: Windows 10 version 10.0
18:51:59.775 [JavaFX Application Thread] DEBUG Engine               - Architecture: amd64
18:51:59.775 [JavaFX Application Thread] INFO  Engine               - Source code and latest versions at: https://github.com/AlmasB/FXGL
18:51:59.776 [JavaFX Application Thread] INFO  Engine               -       Ask questions and discuss at: https://github.com/AlmasB/FXGL/discussions
18:51:59.777 [JavaFX Application Thread] INFO  Engine               -              Join the FXGL chat at: https://gitter.im/AlmasB/FXGL
18:51:59.935 [JavaFX Application Thread] DEBUG PrimaryStageWindow   - Creating a JavaFX scene
18:51:59.936 [JavaFX Application Thread] DEBUG PrimaryStageWindow   - Target size > screen size
18:52:00.051 [JavaFX Application Thread] DEBUG PrimaryStageWindow   - Target settings size: 800.0 x 800.0
18:52:00.051 [JavaFX Application Thread] DEBUG PrimaryStageWindow   - Scaled scene size:    703.0 x 728.0
18:52:00.052 [JavaFX Application Thread] DEBUG PrimaryStageWindow   - Scaled ratio: (0.87875, 0.91)
18:52:00.053 [JavaFX Application Thread] DEBUG PrimaryStageWindow   - Set initial scene to FXGLStartupScene
18:52:00.059 [JavaFX Application Thread] DEBUG PrimaryStageWindow   - Opening main window
18:52:00.203 [JavaFX Application Thread] DEBUG PrimaryStageWindow   - Window border size: (16.0, 39.0)
18:52:00.204 [JavaFX Application Thread] DEBUG PrimaryStageWindow   - Scaled size: 703.0 x 728.0
18:52:00.206 [JavaFX Application Thread] DEBUG PrimaryStageWindow   - Scaled ratio: (0.87875, 0.91)
18:52:00.206 [JavaFX Application Thread] DEBUG PrimaryStageWindow   - Scene size: 703.0 x 728.0
18:52:00.207 [JavaFX Application Thread] DEBUG PrimaryStageWindow   - Stage size: 719.0 x 767.0
18:52:00.279 [FXGL Background Thread 1 ] DEBUG Engine               - Initializing environment variables
18:52:00.424 [FXGL Background Thread 1 ] DEBUG FXGLAssetLoaderServi - User app class for loading assets: class com.lab.App
18:52:00.425 [FXGL Background Thread 1 ] DEBUG GameApplicationServi - Applying CSS: fxgl_dark.css
18:52:00.426 [FXGL Background Thread 1 ] DEBUG FXGLAssetLoaderServi - Loading from file system: jar:file:/C:/Users/Khana/.m2/repository/com/github/almasb/fxgl/21.1/fxgl-21.1.jar!/fxglassets/ui/css/fxgl_dark.css
18:52:00.532 [FXGL Background Thread 1 ] DEBUG GameApplicationServi - Initializing application scenes
18:52:00.693 [FXGL Background Thread 1 ] DEBUG GameWorld            - Game world initialized
18:52:00.841 [FXGL Background Thread 1 ] DEBUG PhysicsWorld         - Physics world initialized: appHeight=800, physics.ppm=50.0
18:52:00.841 [FXGL Background Thread 1 ] DEBUG PhysicsWorld         - Using strategy: BRUTE_FORCE
18:52:00.848 [FXGL Background Thread 1 ] DEBUG GameScene            - Game scene initialized: 800x800
18:52:00.915 [FXGL Background Thread 1 ] DEBUG FXGL.DefaultMenu     - createMenuBodyGameMenu()
18:52:00.935 [FXGL Background Thread 1 ] DEBUG FXGL.DefaultMenu     - createOptionsMenu()
18:52:00.947 [FXGL Background Thread 1 ] DEBUG FXGLAssetLoaderServi - Loading from file system: jar:file:/C:/Users/Khana/.m2/repository/com/github/almasb/fxgl/21.1/fxgl-21.1.jar!/fxglassets/textures/particles/smoke.png
18:52:01.133 [FXGL Background Thread 1 ] DEBUG FXGLAssetLoaderServi - Loading from file system: jar:file:/C:/Users/Khana/.m2/repository/com/github/almasb/fxgl/21.1/fxgl-21.1.jar!/fxglassets/textures/particles/trace_horizontal.png
18:52:01.186 [FXGL Background Thread 1 ] DEBUG GameApplicationServi - Application scenes initialized
18:52:01.207 [FXGL Background Thread 1 ] DEBUG SystemBundleService  - Loading FXGL system data
18:52:01.216 [FXGL Background Thread 1 ] DEBUG FileSystemAccess     - Reading from: E:\Labs\Gonvival\system\fxgl.bundle
18:52:01.235 [FXGL Background Thread 1 ] DEBUG SystemBundleService  - Bundle FXGL: {}
18:52:01.235 [FXGL Background Thread 1 ] DEBUG UpdaterService       - Checking for updates
18:52:01.244 [FXGL Background Thread 1 ] DEBUG FXGLApplication      - Loading default localization
18:52:01.246 [FXGL Background Thread 1 ] DEBUG FXGLAssetLoaderServi - Loading from file system: jar:file:/C:/Users/Khana/.m2/repository/com/github/almasb/fxgl/21.1/fxgl-21.1.jar!/fxglassets/languages/english.lang
18:52:01.263 [FXGL Background Thread 4 ] DEBUG FXGLApplication      - Loading fonts
18:52:01.277 [FXGL Background Thread 4 ] DEBUG FXGLAssetLoaderServi - Loading from file system: jar:file:/C:/Users/Khana/.m2/repository/com/github/almasb/fxgl/21.1/fxgl-21.1.jar!/fxglassets/ui/fonts/VarelaRound-Regular.ttf
18:52:01.308 [FXGL Background Thread 1 ] INFO  FXGLApplication      - FXGL initialization took: 1.029 sec
18:52:01.360 [FXGL Background Thread 4 ] DEBUG FXGLAssetLoaderServi - Loading from file system: jar:file:/C:/Users/Khana/.m2/repository/com/github/almasb/fxgl/21.1/fxgl-21.1.jar!/fxglassets/ui/fonts/Abel-Regular.ttf
18:52:01.367 [FXGL Background Thread 4 ] DEBUG FXGLAssetLoaderServi - Loading from file system: jar:file:/C:/Users/Khana/.m2/repository/com/github/almasb/fxgl/21.1/fxgl-21.1.jar!/fxglassets/ui/fonts/TerminalLandMono-Regular.otf
18:52:01.370 [JavaFX Application Thread] DEBUG FXGLAssetLoaderServi - Loading from file system: jar:file:/C:/Users/Khana/.m2/repository/com/github/almasb/fxgl/21.1/fxgl-21.1.jar!/fxglassets/textures/fxgl_icon.png
18:52:01.378 [FXGL Background Thread 4 ] DEBUG FXGLAssetLoaderServi - Loading from file system: jar:file:/C:/Users/Khana/.m2/repository/com/github/almasb/fxgl/21.1/fxgl-21.1.jar!/fxglassets/ui/fonts/Courier-Prime.ttf
18:52:01.399 [JavaFX Application Thread] DEBUG FXGLAssetLoaderServi - Loading from file system: jar:file:/C:/Users/Khana/.m2/repository/com/github/almasb/fxgl/21.1/fxgl-21.1.jar!/fxglassets/textures/fxgl_default_cursor.png
18:52:01.431 [JavaFX Application Thread] DEBUG Input                - Registered new binding: Screenshot - CTRL+8
18:52:01.432 [JavaFX Application Thread] DEBUG Input                - Registered new binding: System info dump - CTRL+9
18:52:01.433 [JavaFX Application Thread] DEBUG Input                - Registered new binding: Restart - CTRL+R
18:52:01.434 [JavaFX Application Thread] DEBUG Input                - Registered new binding: Toggle Debug Camera - CTRL+7
18:52:01.441 [JavaFX Application Thread] DEBUG LoopRunner           - Starting loop
18:52:01.441 [JavaFX Application Thread] DEBUG LoopRunner           - Initializing JavaFX AnimationTimerLoop
18:52:01.445 [JavaFX Application Thread] DEBUG Input                - Clearing active input actions
18:52:01.460 [JavaFX Application Thread] DEBUG GameApplicationServi - Removing overlay from FXGLStartupScene and adding to FXGLMainMenuDummyScene
18:52:01.460 [JavaFX Application Thread] DEBUG PrimaryStageWindow   - FXGLStartupScene -> FXGLMainMenuDummyScene
18:52:01.461 [JavaFX Application Thread] DEBUG PrimaryStageWindow   - Push state: StartScreen
18:52:01.461 [JavaFX Application Thread] DEBUG Input                - Clearing active input actions
18:52:01.508 [JavaFX Application Thread] DEBUG GameApplicationServi - Removing overlay from FXGLMainMenuDummyScene and adding to StartScreen
18:52:01.509 [JavaFX Application Thread] DEBUG PrimaryStageWindow   - FXGLMainMenuDummyScene -> StartScreen
18:52:01.519 [JavaFX Application Thread] DEBUG FXGLApplication      - Registering font factories with UI factory
18:52:02.882 [JavaFX Application Thread] DEBUG Menu                 - fireNewGame()
18:52:02.883 [JavaFX Application Thread] DEBUG GameApplicationServi - Starting new game
18:52:02.883 [JavaFX Application Thread] DEBUG PrimaryStageWindow   - Pop state: StartScreen
18:52:02.883 [JavaFX Application Thread] DEBUG Input                - Clearing active input actions
18:52:02.884 [JavaFX Application Thread] DEBUG GameApplicationServi - Removing overlay from StartScreen and adding to FXGLMainMenuDummyScene
18:52:02.885 [JavaFX Application Thread] DEBUG PrimaryStageWindow   - FXGLMainMenuDummyScene <- StartScreen
18:52:02.886 [JavaFX Application Thread] DEBUG Input                - Clearing active input actions
18:52:02.904 [JavaFX Application Thread] DEBUG GameApplicationServi - Removing overlay from FXGLMainMenuDummyScene and adding to FXGLLoadingScene
18:52:02.905 [JavaFX Application Thread] DEBUG PrimaryStageWindow   - FXGLMainMenuDummyScene -> FXGLLoadingScene
18:52:02.905 [JavaFX Application Thread] DEBUG GameApplicationServi - Clearing previous game
18:52:02.905 [JavaFX Application Thread] DEBUG GameScene            - Clearing game scene
18:52:02.905 [JavaFX Application Thread] DEBUG GameWorld            - Clearing game world
18:52:02.905 [JavaFX Application Thread] DEBUG PhysicsWorld         - Clearing physics world
18:52:02.910 [FXGL Background Thread 2 ] DEBUG FXGLApplication      - Initializing game
18:52:02.924 [FXGL Background Thread 2 ] DEBUG FXGLAssetLoaderServi - Loading from file system: file:/E:/Labs/Gonvival/game/target/classes/assets/textures/newmap2.png
18:52:03.096 [FXGL Background Thread 2 ] DEBUG FXGLAssetLoaderServi - Loading from file system: file:/E:/Labs/Gonvival/game/target/classes/assets/textures/idle_down.png
18:52:03.101 [FXGL Background Thread 2 ] DEBUG FXGLAssetLoaderServi - Loading from file system: file:/E:/Labs/Gonvival/game/target/classes/assets/textures/idle_up.png
18:52:03.109 [FXGL Background Thread 2 ] DEBUG FXGLAssetLoaderServi - Loading from file system: file:/E:/Labs/Gonvival/game/target/classes/assets/textures/idle_left_down.png
18:52:03.113 [FXGL Background Thread 2 ] DEBUG FXGLAssetLoaderServi - Loading from file system: file:/E:/Labs/Gonvival/game/target/classes/assets/textures/idle_left_up.png
18:52:03.116 [FXGL Background Thread 2 ] DEBUG FXGLAssetLoaderServi - Loading from file system: file:/E:/Labs/Gonvival/game/target/classes/assets/textures/idle_right_down.png
18:52:03.118 [FXGL Background Thread 2 ] DEBUG FXGLAssetLoaderServi - Loading from file system: file:/E:/Labs/Gonvival/game/target/classes/assets/textures/idle_right_up.png
18:52:03.121 [FXGL Background Thread 2 ] DEBUG FXGLAssetLoaderServi - Loading from file system: file:/E:/Labs/Gonvival/game/target/classes/assets/textures/walk_left_down.png
18:52:03.124 [FXGL Background Thread 2 ] DEBUG FXGLAssetLoaderServi - Loading from file system: file:/E:/Labs/Gonvival/game/target/classes/assets/textures/walk_right_down.png
18:52:03.127 [FXGL Background Thread 2 ] DEBUG FXGLAssetLoaderServi - Loading from file system: file:/E:/Labs/Gonvival/game/target/classes/assets/textures/walk_up.png
18:52:03.129 [FXGL Background Thread 2 ] DEBUG FXGLAssetLoaderServi - Loading from file system: file:/E:/Labs/Gonvival/game/target/classes/assets/textures/walk_down.png
18:52:03.132 [FXGL Background Thread 2 ] DEBUG FXGLAssetLoaderServi - Loading from file system: file:/E:/Labs/Gonvival/game/target/classes/assets/textures/walk_left_up.png
18:52:03.135 [FXGL Background Thread 2 ] DEBUG FXGLAssetLoaderServi - Loading from file system: file:/E:/Labs/Gonvival/game/target/classes/assets/textures/walk_right_up.png
18:52:03.155 [FXGL Background Thread 2 ] INFO  FXGLApplication      - Game initialization took: 0.244 sec
18:52:03.183 [JavaFX Application Thread] DEBUG Input                - Clearing active input actions
18:52:03.199 [JavaFX Application Thread] DEBUG GameApplicationServi - Removing overlay from FXGLLoadingScene and adding to GameScene
18:52:03.199 [JavaFX Application Thread] DEBUG PrimaryStageWindow   - FXGLLoadingScene -> GameScene
18:52:03.395 [JavaFX Application Thread] DEBUG Input                - Registered new binding: SHOOT - LMB
18:52:03.396 [JavaFX Application Thread] DEBUG Input                - Registered new binding: MOVE LEFT - A
18:52:03.396 [JavaFX Application Thread] DEBUG Input                - Registered new binding: MOVE RIGHT - D
18:52:03.396 [JavaFX Application Thread] DEBUG Input                - Registered new binding: MOVE UP - W
18:52:03.397 [JavaFX Application Thread] DEBUG Input                - Registered new binding: MOVE DOWN - S
18:52:03.716 [JavaFX Application Thread] DEBUG FXGLAssetLoaderServi - Loading from file system: file:/E:/Labs/Gonvival/game/target/classes/assets/textures/arrow.png
18:52:04.001 [JavaFX Application Thread] DEBUG FXGLAssetLoaderServi - Loading from file system: file:/E:/Labs/Gonvival/game/target/classes/assets/textures/GraveRevenant.png
18:52:04.242 [FXGL Background Thread 3 ] DEBUG Engine               - Logging environment variables
18:52:04.242 [FXGL Background Thread 3 ] DEBUG Engine               - achievements: []
18:52:04.242 [FXGL Background Thread 3 ] DEBUG Engine               - actualHeight: 728.0
18:52:04.242 [FXGL Background Thread 3 ] DEBUG Engine               - actualHeightProperty: ReadOnlyDoubleProperty [value: 728.0]
18:52:04.242 [FXGL Background Thread 3 ] DEBUG Engine               - actualWidth: 703.0
18:52:04.242 [FXGL Background Thread 3 ] DEBUG Engine               - actualWidthProperty: ReadOnlyDoubleProperty [value: 703.0]
18:52:04.243 [FXGL Background Thread 3 ] DEBUG Engine               - appIcon: fxgl_icon.png
18:52:04.243 [FXGL Background Thread 3 ] DEBUG Engine               - applicationMode: DEVELOPER
18:52:04.243 [FXGL Background Thread 3 ] DEBUG Engine               - cSSList: [fxgl_dark.css]
18:52:04.243 [FXGL Background Thread 3 ] DEBUG Engine               - collisionDetectionStrategy: BRUTE_FORCE
18:52:04.243 [FXGL Background Thread 3 ] DEBUG Engine               - configClass: Optional.empty
18:52:04.243 [FXGL Background Thread 3 ] DEBUG Engine               - credits: []
18:52:04.243 [FXGL Background Thread 3 ] DEBUG Engine               - defaultCursor: CursorInfo(imageName=fxgl_default_cursor.png, hotspotX=7.0, hotspotY=6.0)
18:52:04.243 [FXGL Background Thread 3 ] DEBUG Engine               - devBBoxColorProperty: ObjectProperty [value: 0xff0000ff]
18:52:04.244 [FXGL Background Thread 3 ] DEBUG Engine               - devEnableDebugCameraProperty: BooleanProperty [value: false]
18:52:04.244 [FXGL Background Thread 3 ] DEBUG Engine               - devSensorColorProperty: ObjectProperty [value: 0xffff00ff]
18:52:04.244 [FXGL Background Thread 3 ] DEBUG Engine               - devShowBBoxProperty: BooleanProperty [value: false]
18:52:04.244 [FXGL Background Thread 3 ] DEBUG Engine               - devShowPositionProperty: BooleanProperty [value: false]
18:52:04.244 [FXGL Background Thread 3 ] DEBUG Engine               - enabledMenuItems: []
18:52:04.244 [FXGL Background Thread 3 ] DEBUG Engine               - engineServices: [class com.almasb.fxgl.app.services.FXGLAssetLoaderService, class com.almasb.fxgl.app.FXGLApplication$GameApplicationService, class com.almasb.fxgl.app.services.FXGLDialogService, class com.almasb.fxgl.app.services.IOTaskExecutorService, class com.almasb.fxgl.io.FileSystemService, class com.almasb.fxgl.localization.LocalizationService, class com.almasb.fxgl.app.services.SystemBundleService, class com.almasb.fxgl.profile.SaveLoadService, class com.almasb.fxgl.ui.FXGLUIFactoryServiceProvider, class com.almasb.fxgl.ui.FXGLDialogFactoryServiceProvider, class com.almasb.fxgl.audio.AudioPlayer, class com.almasb.fxgl.notification.impl.NotificationServiceProvider, class com.almasb.fxgl.achievement.AchievementService, class com.almasb.fxgl.cutscene.CutsceneService, class com.almasb.fxgl.minigames.MiniGameService, class com.almasb.fxgl.net.NetService, class com.almasb.fxgl.app.services.UpdaterService, class com.almasb.fxgl.dev.DevService]
18:52:04.244 [FXGL Background Thread 3 ] DEBUG Engine               - fontGame: Abel-Regular.ttf
18:52:04.244 [FXGL Background Thread 3 ] DEBUG Engine               - fontMono: TerminalLandMono-Regular.otf
18:52:04.244 [FXGL Background Thread 3 ] DEBUG Engine               - fontSizeScaleUI: 1.0
18:52:04.244 [FXGL Background Thread 3 ] DEBUG Engine               - fontText: Courier-Prime.ttf
18:52:04.244 [FXGL Background Thread 3 ] DEBUG Engine               - fontUI: VarelaRound-Regular.ttf
18:52:04.244 [FXGL Background Thread 3 ] DEBUG Engine               - fullScreen: BooleanProperty [value: false]
18:52:04.245 [FXGL Background Thread 3 ] DEBUG Engine               - gameDifficulty: MEDIUM
18:52:04.245 [FXGL Background Thread 3 ] DEBUG Engine               - gameDifficultyProperty: ObjectProperty [value: MEDIUM]
18:52:04.245 [FXGL Background Thread 3 ] DEBUG Engine               - globalMusicVolume: 0.5
18:52:04.245 [FXGL Background Thread 3 ] DEBUG Engine               - globalMusicVolumeProperty: DoubleProperty [value: 1.0]
18:52:04.245 [FXGL Background Thread 3 ] DEBUG Engine               - globalSoundVolume: 0.5
18:52:04.245 [FXGL Background Thread 3 ] DEBUG Engine               - globalSoundVolumeProperty: DoubleProperty [value: 1.0]
18:52:04.245 [FXGL Background Thread 3 ] DEBUG Engine               - height: 800
18:52:04.245 [FXGL Background Thread 3 ] DEBUG Engine               - is3D: false
18:52:04.245 [FXGL Background Thread 3 ] DEBUG Engine               - isAndroid: false
18:52:04.245 [FXGL Background Thread 3 ] DEBUG Engine               - isBrowser: false
18:52:04.245 [FXGL Background Thread 3 ] DEBUG Engine               - isClickFeedbackEnabled: false
18:52:04.245 [FXGL Background Thread 3 ] DEBUG Engine               - isCloseConfirmation: false
18:52:04.246 [FXGL Background Thread 3 ] DEBUG Engine               - isDesktop: true
18:52:04.246 [FXGL Background Thread 3 ] DEBUG Engine               - isDeveloperMenuEnabled: false
18:52:04.246 [FXGL Background Thread 3 ] DEBUG Engine               - isEmbedded: false
18:52:04.246 [FXGL Background Thread 3 ] DEBUG Engine               - isEntityPreloadEnabled: true
18:52:04.246 [FXGL Background Thread 3 ] DEBUG Engine               - isExperimentalTiledLargeMap: false
18:52:04.246 [FXGL Background Thread 3 ] DEBUG Engine               - isFileSystemWriteAllowed: true
18:52:04.246 [FXGL Background Thread 3 ] DEBUG Engine               - isFullScreenAllowed: false
18:52:04.246 [FXGL Background Thread 3 ] DEBUG Engine               - isFullScreenFromStart: false
18:52:04.246 [FXGL Background Thread 3 ] DEBUG Engine               - isGameMenuEnabled: true
18:52:04.246 [FXGL Background Thread 3 ] DEBUG Engine               - isIOS: false
18:52:04.246 [FXGL Background Thread 3 ] DEBUG Engine               - isIntroEnabled: false
18:52:04.246 [FXGL Background Thread 3 ] DEBUG Engine               - isLinux: false
18:52:04.246 [FXGL Background Thread 3 ] DEBUG Engine               - isMac: false
18:52:04.246 [FXGL Background Thread 3 ] DEBUG Engine               - isMainMenuEnabled: true
18:52:04.246 [FXGL Background Thread 3 ] DEBUG Engine               - isManualResizeEnabled: false
18:52:04.246 [FXGL Background Thread 3 ] DEBUG Engine               - isMobile: false
18:52:04.246 [FXGL Background Thread 3 ] DEBUG Engine               - isNative: false
18:52:04.247 [FXGL Background Thread 3 ] DEBUG Engine               - isPauseMusicWhenMinimized: true
18:52:04.247 [FXGL Background Thread 3 ] DEBUG Engine               - isPreserveResizeRatio: false
18:52:04.247 [FXGL Background Thread 3 ] DEBUG Engine               - isProfilingEnabled: false
18:52:04.247 [FXGL Background Thread 3 ] DEBUG Engine               - isScaleAffectedOnResize: true
18:52:04.247 [FXGL Background Thread 3 ] DEBUG Engine               - isSingleStep: false
18:52:04.247 [FXGL Background Thread 3 ] DEBUG Engine               - isUserProfileEnabled: false
18:52:04.247 [FXGL Background Thread 3 ] DEBUG Engine               - isWindows: true
18:52:04.247 [FXGL Background Thread 3 ] DEBUG Engine               - language: ObjectProperty [value: ENGLISH]
18:52:04.247 [FXGL Background Thread 3 ] DEBUG Engine               - menuKey: ESCAPE
18:52:04.247 [FXGL Background Thread 3 ] DEBUG Engine               - mouseSensitivity: 0.2
18:52:04.247 [FXGL Background Thread 3 ] DEBUG Engine               - notificationViewClass: class com.almasb.fxgl.notification.view.XboxNotificationView
18:52:04.247 [FXGL Background Thread 3 ] DEBUG Engine               - pixelsPerMeter: 50.0
18:52:04.247 [FXGL Background Thread 3 ] DEBUG Engine               - platform: WINDOWS
18:52:04.247 [FXGL Background Thread 3 ] DEBUG Engine               - prefHeightProperty: ReadOnlyDoubleProperty [value: 800.0]
18:52:04.247 [FXGL Background Thread 3 ] DEBUG Engine               - prefWidthProperty: ReadOnlyDoubleProperty [value: 800.0]
18:52:04.247 [FXGL Background Thread 3 ] DEBUG Engine               - profileDir: profiles/
18:52:04.247 [FXGL Background Thread 3 ] DEBUG Engine               - profileName: StringProperty [value: DEFAULT]
18:52:04.247 [FXGL Background Thread 3 ] DEBUG Engine               - randomSeed: -1
18:52:04.248 [FXGL Background Thread 3 ] DEBUG Engine               - runtimeInfo: RuntimeInfo(platform=WINDOWS, version=21.1, build=27.03.2024 07.52)
18:52:04.248 [FXGL Background Thread 3 ] DEBUG Engine               - saveFileExt: sav
18:52:04.248 [FXGL Background Thread 3 ] DEBUG Engine               - scaledHeightProp$fxgl: DoubleProperty [bound, value: 728.0]
18:52:04.248 [FXGL Background Thread 3 ] DEBUG Engine               - scaledWidthProp$fxgl: DoubleProperty [bound, value: 703.0]
18:52:04.248 [FXGL Background Thread 3 ] DEBUG Engine               - sceneFactory: com.lab.App$1@1108020c
18:52:04.248 [FXGL Background Thread 3 ] DEBUG Engine               - secondsIn24h: 60
18:52:04.248 [FXGL Background Thread 3 ] DEBUG Engine               - soundMenuBack: menu/back.wav
18:52:04.248 [FXGL Background Thread 3 ] DEBUG Engine               - soundMenuPress: menu/press.wav
18:52:04.248 [FXGL Background Thread 3 ] DEBUG Engine               - soundMenuSelect: menu/select.wav
18:52:04.248 [FXGL Background Thread 3 ] DEBUG Engine               - soundNotification: core/notification.wav
18:52:04.248 [FXGL Background Thread 3 ] DEBUG Engine               - stageStyle: DECORATED
18:52:04.248 [FXGL Background Thread 3 ] DEBUG Engine               - supportedLanguages: [ENGLISH, FRENCH, GERMAN, HUNGARIAN, RUSSIAN]
18:52:04.248 [FXGL Background Thread 3 ] DEBUG Engine               - ticksPerSecond: -1
18:52:04.248 [FXGL Background Thread 3 ] DEBUG Engine               - title: Gonvival
18:52:04.248 [FXGL Background Thread 3 ] DEBUG Engine               - urlGithub: https://github.com/AlmasB/FXGL
18:52:04.248 [FXGL Background Thread 3 ] DEBUG Engine               - urlLeaderboard: http://fxgl-top.herokuapp.com/
18:52:04.248 [FXGL Background Thread 3 ] DEBUG Engine               - urlPOM: https://raw.githubusercontent.com/AlmasB/FXGL/release/README.md
18:52:04.248 [FXGL Background Thread 3 ] DEBUG Engine               - userAppClass: class com.lab.App
18:52:04.248 [FXGL Background Thread 3 ] DEBUG Engine               - version: beta
18:52:04.248 [FXGL Background Thread 3 ] DEBUG Engine               - versionCheckDays: 7
18:52:04.249 [FXGL Background Thread 3 ] DEBUG Engine               - width: 800
18:52:04.249 [FXGL Background Thread 3 ] DEBUG Engine               - Logging services
18:52:04.249 [FXGL Background Thread 3 ] DEBUG Engine               - class com.almasb.fxgl.app.services.FXGLAssetLoaderService
18:52:04.249 [FXGL Background Thread 3 ] DEBUG Engine               - class com.almasb.fxgl.app.FXGLApplication$GameApplicationService
18:52:04.249 [FXGL Background Thread 3 ] DEBUG Engine               - class com.almasb.fxgl.app.services.FXGLDialogService
18:52:04.249 [FXGL Background Thread 3 ] DEBUG Engine               - class com.almasb.fxgl.app.services.IOTaskExecutorService
18:52:04.249 [FXGL Background Thread 3 ] DEBUG Engine               - class com.almasb.fxgl.io.FileSystemService
18:52:04.249 [FXGL Background Thread 3 ] DEBUG Engine               - class com.almasb.fxgl.localization.LocalizationService
18:52:04.249 [FXGL Background Thread 3 ] DEBUG Engine               - class com.almasb.fxgl.app.services.SystemBundleService
18:52:04.249 [FXGL Background Thread 3 ] DEBUG Engine               - class com.almasb.fxgl.profile.SaveLoadService
18:52:04.249 [FXGL Background Thread 3 ] DEBUG Engine               - class com.almasb.fxgl.ui.FXGLUIFactoryServiceProvider
18:52:04.249 [FXGL Background Thread 3 ] DEBUG Engine               - class com.almasb.fxgl.ui.FXGLDialogFactoryServiceProvider
18:52:04.249 [FXGL Background Thread 3 ] DEBUG Engine               - class com.almasb.fxgl.audio.AudioPlayer
18:52:04.249 [FXGL Background Thread 3 ] DEBUG Engine               - class com.almasb.fxgl.notification.impl.NotificationServiceProvider
18:52:04.249 [FXGL Background Thread 3 ] DEBUG Engine               - class com.almasb.fxgl.achievement.AchievementService
18:52:04.249 [FXGL Background Thread 3 ] DEBUG Engine               - class com.almasb.fxgl.cutscene.CutsceneService
18:52:04.249 [FXGL Background Thread 3 ] DEBUG Engine               - class com.almasb.fxgl.minigames.MiniGameService
18:52:04.249 [FXGL Background Thread 3 ] DEBUG Engine               - class com.almasb.fxgl.net.NetService
18:52:04.249 [FXGL Background Thread 3 ] DEBUG Engine               - class com.almasb.fxgl.app.services.UpdaterService
18:52:04.249 [FXGL Background Thread 3 ] DEBUG Engine               - class com.almasb.fxgl.dev.DevService
18:52:04.773 [JavaFX Application Thread] DEBUG PrimaryStageWindow   - Push state: DialogSubScene
18:52:04.773 [JavaFX Application Thread] DEBUG Input                - Clearing active input actions
18:52:04.775 [JavaFX Application Thread] DEBUG GameApplicationServi - Removing overlay from GameScene and adding to DialogSubScene
18:52:04.775 [JavaFX Application Thread] DEBUG PrimaryStageWindow   - GameScene -> DialogSubScene
18:52:05.531 [JavaFX Application Thread] DEBUG PrimaryStageWindow   - Pop state: DialogSubScene
18:52:05.531 [JavaFX Application Thread] DEBUG Input                - Clearing active input actions
18:52:05.532 [JavaFX Application Thread] DEBUG GameApplicationServi - Removing overlay from DialogSubScene and adding to GameScene
18:52:05.532 [JavaFX Application Thread] DEBUG PrimaryStageWindow   - GameScene <- DialogSubScene
18:52:17.379 [JavaFX Application Thread] DEBUG FXGLApplication      - Exiting FXGL
18:52:17.379 [JavaFX Application Thread] DEBUG LoopRunner           - Stopping loop
18:52:17.379 [JavaFX Application Thread] DEBUG SystemBundleService  - Saving FXGL system data
18:52:17.382 [JavaFX Application Thread] DEBUG FileSystemAccess     - Writing to: E:\Labs\Gonvival\system\fxgl.bundle
18:52:17.385 [JavaFX Application Thread] DEBUG Async                - Shutting down background threads
18:52:17.385 [JavaFX Application Thread] DEBUG PrimaryStageWindow   - Closing main window
18:52:17.412 [JavaFX Application Thread] DEBUG Logger               - Closing Logger
