06:50:54.274 [main                     ] DEBUG Logger               - Configured Logger
06:50:54.342 [main                     ] DEBUG GameApplication      - Logging settings
Title: Gonvival
Version: beta
Width: 800
Height: 800
Fullscreen: false
Intro: false
Profiling: false
Single step:false
App Mode: DEVELOPER
Menu Key: ESCAPE
Stage Style: DECORATED
Scene Factory: class com.lab.App$1

06:50:55.534 [JavaFX Application Thread] DEBUG FXGLApplication      - Initializing FXGL
06:50:55.540 [JavaFX Application Thread] INFO  Engine               - FXGL-21.1 (27.03.2024 07.52) on WINDOWS (J:21.0.5 FX:21.0.1)
06:50:55.541 [JavaFX Application Thread] DEBUG Engine               - JRE Vendor Name: Eclipse Adoptium
06:50:55.541 [JavaFX Application Thread] DEBUG Engine               - Running on OS: Windows 10 version 10.0
06:50:55.541 [JavaFX Application Thread] DEBUG Engine               - Architecture: amd64
06:50:55.541 [JavaFX Application Thread] INFO  Engine               - Source code and latest versions at: https://github.com/AlmasB/FXGL
06:50:55.602 [JavaFX Application Thread] INFO  Engine               -       Ask questions and discuss at: https://github.com/AlmasB/FXGL/discussions
06:50:55.603 [JavaFX Application Thread] INFO  Engine               -              Join the FXGL chat at: https://gitter.im/AlmasB/FXGL
06:50:56.169 [JavaFX Application Thread] DEBUG PrimaryStageWindow   - Creating a JavaFX scene
06:50:56.169 [JavaFX Application Thread] DEBUG PrimaryStageWindow   - Target size > screen size
06:50:56.340 [JavaFX Application Thread] DEBUG PrimaryStageWindow   - Target settings size: 800.0 x 800.0
06:50:56.340 [JavaFX Application Thread] DEBUG PrimaryStageWindow   - Scaled scene size:    703.0 x 728.0
06:50:56.341 [JavaFX Application Thread] DEBUG PrimaryStageWindow   - Scaled ratio: (0.87875, 0.91)
06:50:56.343 [JavaFX Application Thread] DEBUG PrimaryStageWindow   - Set initial scene to FXGLStartupScene
06:50:56.443 [JavaFX Application Thread] DEBUG PrimaryStageWindow   - Opening main window
06:50:57.237 [JavaFX Application Thread] DEBUG PrimaryStageWindow   - Window border size: (16.0, 39.0)
06:50:57.237 [JavaFX Application Thread] DEBUG PrimaryStageWindow   - Scaled size: 703.0 x 728.0
06:50:57.238 [JavaFX Application Thread] DEBUG PrimaryStageWindow   - Scaled ratio: (0.87875, 0.91)
06:50:57.238 [JavaFX Application Thread] DEBUG PrimaryStageWindow   - Scene size: 703.0 x 728.0
06:50:57.239 [JavaFX Application Thread] DEBUG PrimaryStageWindow   - Stage size: 719.0 x 767.0
06:50:57.812 [FXGL Background Thread 1 ] DEBUG Engine               - Initializing environment variables
06:51:02.078 [FXGL Background Thread 1 ] DEBUG FXGLAssetLoaderServi - User app class for loading assets: class com.lab.App
06:51:02.078 [FXGL Background Thread 1 ] DEBUG GameApplicationServi - Applying CSS: fxgl_dark.css
06:51:02.079 [FXGL Background Thread 1 ] DEBUG FXGLAssetLoaderServi - Loading from file system: jar:file:/C:/Users/Khana/.m2/repository/com/github/almasb/fxgl/21.1/fxgl-21.1.jar!/fxglassets/ui/css/fxgl_dark.css
06:51:02.453 [FXGL Background Thread 1 ] DEBUG GameApplicationServi - Initializing application scenes
06:51:03.176 [FXGL Background Thread 1 ] DEBUG GameWorld            - Game world initialized
06:51:04.286 [FXGL Background Thread 1 ] DEBUG PhysicsWorld         - Physics world initialized: appHeight=800, physics.ppm=50.0
06:51:04.286 [FXGL Background Thread 1 ] DEBUG PhysicsWorld         - Using strategy: BRUTE_FORCE
06:51:04.292 [FXGL Background Thread 1 ] DEBUG GameScene            - Game scene initialized: 800x800
06:51:04.995 [FXGL Background Thread 1 ] DEBUG FXGL.DefaultMenu     - createMenuBodyGameMenu()
06:51:05.143 [FXGL Background Thread 1 ] DEBUG FXGL.DefaultMenu     - createOptionsMenu()
06:51:05.157 [FXGL Background Thread 1 ] DEBUG FXGLAssetLoaderServi - Loading from file system: jar:file:/C:/Users/Khana/.m2/repository/com/github/almasb/fxgl/21.1/fxgl-21.1.jar!/fxglassets/textures/particles/smoke.png
06:51:05.870 [FXGL Background Thread 1 ] DEBUG FXGLAssetLoaderServi - Loading from file system: jar:file:/C:/Users/Khana/.m2/repository/com/github/almasb/fxgl/21.1/fxgl-21.1.jar!/fxglassets/textures/particles/trace_horizontal.png
06:51:05.947 [FXGL Background Thread 1 ] DEBUG GameApplicationServi - Application scenes initialized
06:51:05.977 [FXGL Background Thread 1 ] DEBUG SystemBundleService  - Loading FXGL system data
06:51:06.031 [FXGL Background Thread 1 ] DEBUG FileSystemAccess     - Reading from: E:\Labs\Gonvival\system\fxgl.bundle
06:51:06.346 [FXGL Background Thread 1 ] DEBUG SystemBundleService  - Bundle FXGL: {}
06:51:06.346 [FXGL Background Thread 1 ] DEBUG UpdaterService       - Checking for updates
06:51:06.353 [FXGL Background Thread 4 ] DEBUG FXGLApplication      - Loading fonts
06:51:06.354 [FXGL Background Thread 4 ] DEBUG FXGLAssetLoaderServi - Loading from file system: jar:file:/C:/Users/Khana/.m2/repository/com/github/almasb/fxgl/21.1/fxgl-21.1.jar!/fxglassets/ui/fonts/VarelaRound-Regular.ttf
06:51:06.355 [FXGL Background Thread 1 ] DEBUG FXGLApplication      - Loading default localization
06:51:06.356 [FXGL Background Thread 1 ] DEBUG FXGLAssetLoaderServi - Loading from file system: jar:file:/C:/Users/Khana/.m2/repository/com/github/almasb/fxgl/21.1/fxgl-21.1.jar!/fxglassets/languages/english.lang
06:51:06.638 [FXGL Background Thread 1 ] INFO  FXGLApplication      - FXGL initialization took: 8.826 sec
06:51:06.860 [JavaFX Application Thread] DEBUG FXGLAssetLoaderServi - Loading from file system: jar:file:/C:/Users/Khana/.m2/repository/com/github/almasb/fxgl/21.1/fxgl-21.1.jar!/fxglassets/textures/fxgl_icon.png
06:51:07.092 [JavaFX Application Thread] DEBUG FXGLAssetLoaderServi - Loading from file system: jar:file:/C:/Users/Khana/.m2/repository/com/github/almasb/fxgl/21.1/fxgl-21.1.jar!/fxglassets/textures/fxgl_default_cursor.png
06:51:07.105 [JavaFX Application Thread] DEBUG Input                - Registered new binding: Screenshot - CTRL+8
06:51:07.106 [JavaFX Application Thread] DEBUG Input                - Registered new binding: System info dump - CTRL+9
06:51:07.106 [JavaFX Application Thread] DEBUG Input                - Registered new binding: Restart - CTRL+R
06:51:07.107 [JavaFX Application Thread] DEBUG Input                - Registered new binding: Toggle Debug Camera - CTRL+7
06:51:07.110 [JavaFX Application Thread] DEBUG LoopRunner           - Starting loop
06:51:07.110 [JavaFX Application Thread] DEBUG LoopRunner           - Initializing JavaFX AnimationTimerLoop
06:51:07.275 [JavaFX Application Thread] DEBUG Input                - Clearing active input actions
06:51:07.285 [JavaFX Application Thread] DEBUG GameApplicationServi - Removing overlay from FXGLStartupScene and adding to FXGLMainMenuDummyScene
06:51:07.285 [JavaFX Application Thread] DEBUG PrimaryStageWindow   - FXGLStartupScene -> FXGLMainMenuDummyScene
06:51:07.285 [JavaFX Application Thread] DEBUG PrimaryStageWindow   - Push state: StartScreen
06:51:07.348 [JavaFX Application Thread] DEBUG Input                - Clearing active input actions
06:51:07.360 [JavaFX Application Thread] DEBUG GameApplicationServi - Removing overlay from FXGLMainMenuDummyScene and adding to StartScreen
06:51:07.360 [JavaFX Application Thread] DEBUG PrimaryStageWindow   - FXGLMainMenuDummyScene -> StartScreen
06:51:08.286 [FXGL Background Thread 4 ] DEBUG FXGLAssetLoaderServi - Loading from file system: jar:file:/C:/Users/Khana/.m2/repository/com/github/almasb/fxgl/21.1/fxgl-21.1.jar!/fxglassets/ui/fonts/Abel-Regular.ttf
06:51:08.294 [FXGL Background Thread 4 ] DEBUG FXGLAssetLoaderServi - Loading from file system: jar:file:/C:/Users/Khana/.m2/repository/com/github/almasb/fxgl/21.1/fxgl-21.1.jar!/fxglassets/ui/fonts/TerminalLandMono-Regular.otf
06:51:08.319 [FXGL Background Thread 4 ] DEBUG FXGLAssetLoaderServi - Loading from file system: jar:file:/C:/Users/Khana/.m2/repository/com/github/almasb/fxgl/21.1/fxgl-21.1.jar!/fxglassets/ui/fonts/Courier-Prime.ttf
06:51:08.472 [JavaFX Application Thread] DEBUG FXGLApplication      - Registering font factories with UI factory
06:51:09.350 [FXGL Background Thread 3 ] DEBUG Engine               - Logging environment variables
06:51:09.351 [FXGL Background Thread 3 ] DEBUG Engine               - achievements: []
06:51:09.351 [FXGL Background Thread 3 ] DEBUG Engine               - actualHeight: 728.0
06:51:09.351 [FXGL Background Thread 3 ] DEBUG Engine               - actualHeightProperty: ReadOnlyDoubleProperty [value: 728.0]
06:51:09.351 [FXGL Background Thread 3 ] DEBUG Engine               - actualWidth: 703.0
06:51:09.351 [FXGL Background Thread 3 ] DEBUG Engine               - actualWidthProperty: ReadOnlyDoubleProperty [value: 703.0]
06:51:09.351 [FXGL Background Thread 3 ] DEBUG Engine               - appIcon: fxgl_icon.png
06:51:09.351 [FXGL Background Thread 3 ] DEBUG Engine               - applicationMode: DEVELOPER
06:51:09.351 [FXGL Background Thread 3 ] DEBUG Engine               - cSSList: [fxgl_dark.css]
06:51:09.352 [FXGL Background Thread 3 ] DEBUG Engine               - collisionDetectionStrategy: BRUTE_FORCE
06:51:09.352 [FXGL Background Thread 3 ] DEBUG Engine               - configClass: Optional.empty
06:51:09.352 [FXGL Background Thread 3 ] DEBUG Engine               - credits: []
06:51:09.352 [FXGL Background Thread 3 ] DEBUG Engine               - defaultCursor: CursorInfo(imageName=fxgl_default_cursor.png, hotspotX=7.0, hotspotY=6.0)
06:51:09.352 [FXGL Background Thread 3 ] DEBUG Engine               - devBBoxColorProperty: ObjectProperty [value: 0xff0000ff]
06:51:09.353 [FXGL Background Thread 3 ] DEBUG Engine               - devEnableDebugCameraProperty: BooleanProperty [value: false]
06:51:09.353 [FXGL Background Thread 3 ] DEBUG Engine               - devSensorColorProperty: ObjectProperty [value: 0xffff00ff]
06:51:09.353 [FXGL Background Thread 3 ] DEBUG Engine               - devShowBBoxProperty: BooleanProperty [value: false]
06:51:09.353 [FXGL Background Thread 3 ] DEBUG Engine               - devShowPositionProperty: BooleanProperty [value: false]
06:51:09.459 [FXGL Background Thread 3 ] DEBUG Engine               - enabledMenuItems: []
06:51:09.459 [FXGL Background Thread 3 ] DEBUG Engine               - engineServices: [class com.almasb.fxgl.app.services.FXGLAssetLoaderService, class com.almasb.fxgl.app.FXGLApplication$GameApplicationService, class com.almasb.fxgl.app.services.FXGLDialogService, class com.almasb.fxgl.app.services.IOTaskExecutorService, class com.almasb.fxgl.io.FileSystemService, class com.almasb.fxgl.localization.LocalizationService, class com.almasb.fxgl.app.services.SystemBundleService, class com.almasb.fxgl.profile.SaveLoadService, class com.almasb.fxgl.ui.FXGLUIFactoryServiceProvider, class com.almasb.fxgl.ui.FXGLDialogFactoryServiceProvider, class com.almasb.fxgl.audio.AudioPlayer, class com.almasb.fxgl.notification.impl.NotificationServiceProvider, class com.almasb.fxgl.achievement.AchievementService, class com.almasb.fxgl.cutscene.CutsceneService, class com.almasb.fxgl.minigames.MiniGameService, class com.almasb.fxgl.net.NetService, class com.almasb.fxgl.app.services.UpdaterService, class com.almasb.fxgl.dev.DevService]
06:51:09.459 [FXGL Background Thread 3 ] DEBUG Engine               - fontGame: Abel-Regular.ttf
06:51:09.459 [FXGL Background Thread 3 ] DEBUG Engine               - fontMono: TerminalLandMono-Regular.otf
06:51:09.459 [FXGL Background Thread 3 ] DEBUG Engine               - fontSizeScaleUI: 1.0
06:51:09.459 [FXGL Background Thread 3 ] DEBUG Engine               - fontText: Courier-Prime.ttf
06:51:09.460 [FXGL Background Thread 3 ] DEBUG Engine               - fontUI: VarelaRound-Regular.ttf
06:51:09.460 [FXGL Background Thread 3 ] DEBUG Engine               - fullScreen: BooleanProperty [value: false]
06:51:09.460 [FXGL Background Thread 3 ] DEBUG Engine               - gameDifficulty: MEDIUM
06:51:09.460 [FXGL Background Thread 3 ] DEBUG Engine               - gameDifficultyProperty: ObjectProperty [value: MEDIUM]
06:51:09.460 [FXGL Background Thread 3 ] DEBUG Engine               - globalMusicVolume: 0.5
06:51:09.460 [FXGL Background Thread 3 ] DEBUG Engine               - globalMusicVolumeProperty: DoubleProperty [value: 1.0]
06:51:09.460 [FXGL Background Thread 3 ] DEBUG Engine               - globalSoundVolume: 0.5
06:51:09.460 [FXGL Background Thread 3 ] DEBUG Engine               - globalSoundVolumeProperty: DoubleProperty [value: 1.0]
06:51:09.460 [FXGL Background Thread 3 ] DEBUG Engine               - height: 800
06:51:09.460 [FXGL Background Thread 3 ] DEBUG Engine               - is3D: false
06:51:09.460 [FXGL Background Thread 3 ] DEBUG Engine               - isAndroid: false
06:51:09.460 [FXGL Background Thread 3 ] DEBUG Engine               - isBrowser: false
06:51:09.460 [FXGL Background Thread 3 ] DEBUG Engine               - isClickFeedbackEnabled: false
06:51:09.461 [FXGL Background Thread 3 ] DEBUG Engine               - isCloseConfirmation: false
06:51:09.461 [FXGL Background Thread 3 ] DEBUG Engine               - isDesktop: true
06:51:09.461 [FXGL Background Thread 3 ] DEBUG Engine               - isDeveloperMenuEnabled: false
06:51:09.461 [FXGL Background Thread 3 ] DEBUG Engine               - isEmbedded: false
06:51:09.461 [FXGL Background Thread 3 ] DEBUG Engine               - isEntityPreloadEnabled: true
06:51:09.461 [FXGL Background Thread 3 ] DEBUG Engine               - isExperimentalTiledLargeMap: false
06:51:09.461 [FXGL Background Thread 3 ] DEBUG Engine               - isFileSystemWriteAllowed: true
06:51:09.461 [FXGL Background Thread 3 ] DEBUG Engine               - isFullScreenAllowed: false
06:51:09.461 [FXGL Background Thread 3 ] DEBUG Engine               - isFullScreenFromStart: false
06:51:09.461 [FXGL Background Thread 3 ] DEBUG Engine               - isGameMenuEnabled: true
06:51:09.461 [FXGL Background Thread 3 ] DEBUG Engine               - isIOS: false
06:51:09.461 [FXGL Background Thread 3 ] DEBUG Engine               - isIntroEnabled: false
06:51:09.461 [FXGL Background Thread 3 ] DEBUG Engine               - isLinux: false
06:51:09.462 [FXGL Background Thread 3 ] DEBUG Engine               - isMac: false
06:51:09.462 [FXGL Background Thread 3 ] DEBUG Engine               - isMainMenuEnabled: true
06:51:09.462 [FXGL Background Thread 3 ] DEBUG Engine               - isManualResizeEnabled: false
06:51:09.462 [FXGL Background Thread 3 ] DEBUG Engine               - isMobile: false
06:51:09.462 [FXGL Background Thread 3 ] DEBUG Engine               - isNative: false
06:51:09.462 [FXGL Background Thread 3 ] DEBUG Engine               - isPauseMusicWhenMinimized: true
06:51:09.462 [FXGL Background Thread 3 ] DEBUG Engine               - isPreserveResizeRatio: false
06:51:09.462 [FXGL Background Thread 3 ] DEBUG Engine               - isProfilingEnabled: false
06:51:09.462 [FXGL Background Thread 3 ] DEBUG Engine               - isScaleAffectedOnResize: true
06:51:09.462 [FXGL Background Thread 3 ] DEBUG Engine               - isSingleStep: false
06:51:09.462 [FXGL Background Thread 3 ] DEBUG Engine               - isUserProfileEnabled: false
06:51:09.462 [FXGL Background Thread 3 ] DEBUG Engine               - isWindows: true
06:51:09.462 [FXGL Background Thread 3 ] DEBUG Engine               - language: ObjectProperty [value: ENGLISH]
06:51:09.463 [FXGL Background Thread 3 ] DEBUG Engine               - menuKey: ESCAPE
06:51:09.463 [FXGL Background Thread 3 ] DEBUG Engine               - mouseSensitivity: 0.2
06:51:09.463 [FXGL Background Thread 3 ] DEBUG Engine               - notificationViewClass: class com.almasb.fxgl.notification.view.XboxNotificationView
06:51:09.463 [FXGL Background Thread 3 ] DEBUG Engine               - pixelsPerMeter: 50.0
06:51:09.463 [FXGL Background Thread 3 ] DEBUG Engine               - platform: WINDOWS
06:51:09.463 [FXGL Background Thread 3 ] DEBUG Engine               - prefHeightProperty: ReadOnlyDoubleProperty [value: 800.0]
06:51:09.463 [FXGL Background Thread 3 ] DEBUG Engine               - prefWidthProperty: ReadOnlyDoubleProperty [value: 800.0]
06:51:09.463 [FXGL Background Thread 3 ] DEBUG Engine               - profileDir: profiles/
06:51:09.463 [FXGL Background Thread 3 ] DEBUG Engine               - profileName: StringProperty [value: DEFAULT]
06:51:09.463 [FXGL Background Thread 3 ] DEBUG Engine               - randomSeed: -1
06:51:09.464 [FXGL Background Thread 3 ] DEBUG Engine               - runtimeInfo: RuntimeInfo(platform=WINDOWS, version=21.1, build=27.03.2024 07.52)
06:51:09.464 [FXGL Background Thread 3 ] DEBUG Engine               - saveFileExt: sav
06:51:09.464 [FXGL Background Thread 3 ] DEBUG Engine               - scaledHeightProp$fxgl: DoubleProperty [bound, value: 728.0]
06:51:09.464 [FXGL Background Thread 3 ] DEBUG Engine               - scaledWidthProp$fxgl: DoubleProperty [bound, value: 703.0]
06:51:09.464 [FXGL Background Thread 3 ] DEBUG Engine               - sceneFactory: com.lab.App$1@74c99948
06:51:09.464 [FXGL Background Thread 3 ] DEBUG Engine               - secondsIn24h: 60
06:51:09.464 [FXGL Background Thread 3 ] DEBUG Engine               - soundMenuBack: menu/back.wav
06:51:09.464 [FXGL Background Thread 3 ] DEBUG Engine               - soundMenuPress: menu/press.wav
06:51:09.464 [FXGL Background Thread 3 ] DEBUG Engine               - soundMenuSelect: menu/select.wav
06:51:09.464 [FXGL Background Thread 3 ] DEBUG Engine               - soundNotification: core/notification.wav
06:51:09.464 [FXGL Background Thread 3 ] DEBUG Engine               - stageStyle: DECORATED
06:51:09.464 [FXGL Background Thread 3 ] DEBUG Engine               - supportedLanguages: [ENGLISH, FRENCH, GERMAN, HUNGARIAN, RUSSIAN]
06:51:09.464 [FXGL Background Thread 3 ] DEBUG Engine               - ticksPerSecond: -1
06:51:09.464 [FXGL Background Thread 3 ] DEBUG Engine               - title: Gonvival
06:51:09.464 [FXGL Background Thread 3 ] DEBUG Engine               - urlGithub: https://github.com/AlmasB/FXGL
06:51:09.464 [FXGL Background Thread 3 ] DEBUG Engine               - urlLeaderboard: http://fxgl-top.herokuapp.com/
06:51:09.464 [FXGL Background Thread 3 ] DEBUG Engine               - urlPOM: https://raw.githubusercontent.com/AlmasB/FXGL/release/README.md
06:51:09.464 [FXGL Background Thread 3 ] DEBUG Engine               - userAppClass: class com.lab.App
06:51:09.465 [FXGL Background Thread 3 ] DEBUG Engine               - version: beta
06:51:09.465 [FXGL Background Thread 3 ] DEBUG Engine               - versionCheckDays: 7
06:51:09.465 [FXGL Background Thread 3 ] DEBUG Engine               - width: 800
06:51:09.465 [FXGL Background Thread 3 ] DEBUG Engine               - Logging services
06:51:09.465 [FXGL Background Thread 3 ] DEBUG Engine               - class com.almasb.fxgl.app.services.FXGLAssetLoaderService
06:51:09.465 [FXGL Background Thread 3 ] DEBUG Engine               - class com.almasb.fxgl.app.FXGLApplication$GameApplicationService
06:51:09.465 [FXGL Background Thread 3 ] DEBUG Engine               - class com.almasb.fxgl.app.services.FXGLDialogService
06:51:09.465 [FXGL Background Thread 3 ] DEBUG Engine               - class com.almasb.fxgl.app.services.IOTaskExecutorService
06:51:09.465 [FXGL Background Thread 3 ] DEBUG Engine               - class com.almasb.fxgl.io.FileSystemService
06:51:09.465 [FXGL Background Thread 3 ] DEBUG Engine               - class com.almasb.fxgl.localization.LocalizationService
06:51:09.465 [FXGL Background Thread 3 ] DEBUG Engine               - class com.almasb.fxgl.app.services.SystemBundleService
06:51:09.465 [FXGL Background Thread 3 ] DEBUG Engine               - class com.almasb.fxgl.profile.SaveLoadService
06:51:09.465 [FXGL Background Thread 3 ] DEBUG Engine               - class com.almasb.fxgl.ui.FXGLUIFactoryServiceProvider
06:51:09.465 [FXGL Background Thread 3 ] DEBUG Engine               - class com.almasb.fxgl.ui.FXGLDialogFactoryServiceProvider
06:51:09.465 [FXGL Background Thread 3 ] DEBUG Engine               - class com.almasb.fxgl.audio.AudioPlayer
06:51:09.465 [FXGL Background Thread 3 ] DEBUG Engine               - class com.almasb.fxgl.notification.impl.NotificationServiceProvider
06:51:09.465 [FXGL Background Thread 3 ] DEBUG Engine               - class com.almasb.fxgl.achievement.AchievementService
06:51:09.465 [FXGL Background Thread 3 ] DEBUG Engine               - class com.almasb.fxgl.cutscene.CutsceneService
06:51:09.465 [FXGL Background Thread 3 ] DEBUG Engine               - class com.almasb.fxgl.minigames.MiniGameService
06:51:09.466 [FXGL Background Thread 3 ] DEBUG Engine               - class com.almasb.fxgl.net.NetService
06:51:09.466 [FXGL Background Thread 3 ] DEBUG Engine               - class com.almasb.fxgl.app.services.UpdaterService
06:51:09.466 [FXGL Background Thread 3 ] DEBUG Engine               - class com.almasb.fxgl.dev.DevService
06:51:10.338 [JavaFX Application Thread] DEBUG Menu                 - fireNewGame()
06:51:10.339 [JavaFX Application Thread] DEBUG GameApplicationServi - Starting new game
06:51:10.339 [JavaFX Application Thread] DEBUG PrimaryStageWindow   - Pop state: StartScreen
06:51:10.339 [JavaFX Application Thread] DEBUG Input                - Clearing active input actions
06:51:10.340 [JavaFX Application Thread] DEBUG GameApplicationServi - Removing overlay from StartScreen and adding to FXGLMainMenuDummyScene
06:51:10.341 [JavaFX Application Thread] DEBUG PrimaryStageWindow   - FXGLMainMenuDummyScene <- StartScreen
06:51:10.341 [JavaFX Application Thread] DEBUG Input                - Clearing active input actions
06:51:10.349 [JavaFX Application Thread] DEBUG GameApplicationServi - Removing overlay from FXGLMainMenuDummyScene and adding to FXGLLoadingScene
06:51:10.350 [JavaFX Application Thread] DEBUG PrimaryStageWindow   - FXGLMainMenuDummyScene -> FXGLLoadingScene
06:51:10.350 [JavaFX Application Thread] DEBUG GameApplicationServi - Clearing previous game
06:51:10.350 [JavaFX Application Thread] DEBUG GameScene            - Clearing game scene
06:51:10.350 [JavaFX Application Thread] DEBUG GameWorld            - Clearing game world
06:51:10.350 [JavaFX Application Thread] DEBUG PhysicsWorld         - Clearing physics world
06:51:10.351 [FXGL Background Thread 4 ] DEBUG FXGLApplication      - Initializing game
06:51:10.393 [FXGL Background Thread 4 ] DEBUG FXGLAssetLoaderServi - Loading from file system: file:/E:/Labs/Gonvival/game/target/classes/assets/textures/newmap2.png
06:51:10.713 [FXGL Background Thread 4 ] DEBUG FXGLAssetLoaderServi - Loading from file system: file:/E:/Labs/Gonvival/game/target/classes/assets/textures/Level.png
06:51:11.020 [FXGL Background Thread 4 ] DEBUG FXGLAssetLoaderServi - Loading from file system: file:/E:/Labs/Gonvival/game/target/classes/assets/textures/idle_down.png
06:51:11.469 [FXGL Background Thread 4 ] DEBUG FXGLAssetLoaderServi - Loading from file system: file:/E:/Labs/Gonvival/game/target/classes/assets/textures/idle_up.png
06:51:11.472 [FXGL Background Thread 4 ] DEBUG FXGLAssetLoaderServi - Loading from file system: file:/E:/Labs/Gonvival/game/target/classes/assets/textures/idle_left_down.png
06:51:11.476 [FXGL Background Thread 4 ] DEBUG FXGLAssetLoaderServi - Loading from file system: file:/E:/Labs/Gonvival/game/target/classes/assets/textures/idle_left_up.png
06:51:11.482 [FXGL Background Thread 4 ] DEBUG FXGLAssetLoaderServi - Loading from file system: file:/E:/Labs/Gonvival/game/target/classes/assets/textures/idle_right_down.png
06:51:11.484 [FXGL Background Thread 4 ] DEBUG FXGLAssetLoaderServi - Loading from file system: file:/E:/Labs/Gonvival/game/target/classes/assets/textures/idle_right_up.png
06:51:11.489 [FXGL Background Thread 4 ] DEBUG FXGLAssetLoaderServi - Loading from file system: file:/E:/Labs/Gonvival/game/target/classes/assets/textures/walk_left_down.png
06:51:11.492 [FXGL Background Thread 4 ] DEBUG FXGLAssetLoaderServi - Loading from file system: file:/E:/Labs/Gonvival/game/target/classes/assets/textures/walk_right_down.png
06:51:11.493 [FXGL Background Thread 4 ] DEBUG FXGLAssetLoaderServi - Loading from file system: file:/E:/Labs/Gonvival/game/target/classes/assets/textures/walk_up.png
06:51:11.499 [FXGL Background Thread 4 ] DEBUG FXGLAssetLoaderServi - Loading from file system: file:/E:/Labs/Gonvival/game/target/classes/assets/textures/walk_down.png
06:51:11.501 [FXGL Background Thread 4 ] DEBUG FXGLAssetLoaderServi - Loading from file system: file:/E:/Labs/Gonvival/game/target/classes/assets/textures/walk_left_up.png
06:51:11.502 [FXGL Background Thread 4 ] DEBUG FXGLAssetLoaderServi - Loading from file system: file:/E:/Labs/Gonvival/game/target/classes/assets/textures/walk_right_up.png
06:51:12.058 [FXGL Background Thread 4 ] INFO  FXGLApplication      - Game initialization took: 1.706 sec
06:51:12.063 [JavaFX Application Thread] DEBUG Input                - Clearing active input actions
06:51:12.082 [JavaFX Application Thread] DEBUG GameApplicationServi - Removing overlay from FXGLLoadingScene and adding to GameScene
06:51:12.083 [JavaFX Application Thread] DEBUG PrimaryStageWindow   - FXGLLoadingScene -> GameScene
06:51:12.633 [JavaFX Application Thread] DEBUG Input                - Registered new binding: SHOOT - LMB
06:51:12.633 [JavaFX Application Thread] DEBUG Input                - Registered new binding: MOVE LEFT - A
06:51:12.634 [JavaFX Application Thread] DEBUG Input                - Registered new binding: MOVE RIGHT - D
06:51:12.634 [JavaFX Application Thread] DEBUG Input                - Registered new binding: MOVE UP - W
06:51:12.634 [JavaFX Application Thread] DEBUG Input                - Registered new binding: MOVE DOWN - S
06:51:12.954 [JavaFX Application Thread] DEBUG FXGLAssetLoaderServi - Loading from file system: file:/E:/Labs/Gonvival/game/target/classes/assets/textures/GraveRevenant.png
06:51:14.380 [JavaFX Application Thread] DEBUG GameApplicationServi - Starting new game
06:51:14.380 [JavaFX Application Thread] DEBUG Input                - Clearing active input actions
06:51:14.388 [JavaFX Application Thread] DEBUG GameApplicationServi - Removing overlay from GameScene and adding to FXGLLoadingScene
06:51:14.388 [JavaFX Application Thread] DEBUG PrimaryStageWindow   - GameScene -> FXGLLoadingScene
06:51:14.388 [JavaFX Application Thread] DEBUG GameApplicationServi - Clearing previous game
06:51:14.389 [JavaFX Application Thread] DEBUG GameScene            - Clearing game scene
06:51:14.389 [JavaFX Application Thread] DEBUG GameWorld            - Clearing game world
06:51:14.395 [JavaFX Application Thread] DEBUG PhysicsWorld         - Clearing physics world
06:51:14.397 [FXGL Background Thread 4 ] DEBUG FXGLApplication      - Initializing game
06:51:14.419 [FXGL Background Thread 4 ] INFO  FXGLApplication      - Game initialization took: 0.022 sec
06:51:14.419 [JavaFX Application Thread] DEBUG Input                - Clearing active input actions
06:51:14.428 [JavaFX Application Thread] DEBUG GameApplicationServi - Removing overlay from FXGLLoadingScene and adding to GameScene
06:51:14.429 [JavaFX Application Thread] DEBUG PrimaryStageWindow   - FXGLLoadingScene -> GameScene
06:51:14.813 [JavaFX Application Thread] DEBUG FXGLAssetLoaderServi - Loading from file system: file:/E:/Labs/Gonvival/game/target/classes/assets/textures/arrow.png
06:51:21.323 [JavaFX Application Thread] DEBUG FXGLApplication      - Exiting FXGL
06:51:21.323 [JavaFX Application Thread] DEBUG LoopRunner           - Stopping loop
06:51:21.323 [JavaFX Application Thread] DEBUG SystemBundleService  - Saving FXGL system data
06:51:21.516 [JavaFX Application Thread] DEBUG FileSystemAccess     - Writing to: E:\Labs\Gonvival\system\fxgl.bundle
06:51:21.708 [JavaFX Application Thread] DEBUG Async                - Shutting down background threads
06:51:21.708 [JavaFX Application Thread] DEBUG PrimaryStageWindow   - Closing main window
06:51:21.770 [JavaFX Application Thread] DEBUG Logger               - Closing Logger
