05:52:53.640 [main                     ] DEBUG Logger               - Configured Logger
05:52:53.661 [main                     ] DEBUG GameApplication      - Logging settings
Title: Gonvival
Version: beta
Width: 800
Height: 800
Fullscreen: false
Intro: false
Profiling: false
Single step:false
App Mode: DEVELOPER
Menu Key: ESCAPE
Stage Style: DECORATED
Scene Factory: class com.lab.App$1

05:52:54.669 [JavaFX Application Thread] DEBUG FXGLApplication      - Initializing FXGL
05:52:54.675 [JavaFX Application Thread] INFO  Engine               - FXGL-21.1 (27.03.2024 07.52) on WINDOWS (J:21.0.5 FX:21.0.1)
05:52:54.676 [JavaFX Application Thread] DEBUG Engine               - JRE Vendor Name: Eclipse Adoptium
05:52:54.676 [JavaFX Application Thread] DEBUG Engine               - Running on OS: Windows 11 version 10.0
05:52:54.676 [JavaFX Application Thread] DEBUG Engine               - Architecture: amd64
05:52:54.676 [JavaFX Application Thread] INFO  Engine               - Source code and latest versions at: https://github.com/AlmasB/FXGL
05:52:54.677 [JavaFX Application Thread] INFO  Engine               -       Ask questions and discuss at: https://github.com/AlmasB/FXGL/discussions
05:52:54.677 [JavaFX Application Thread] INFO  Engine               -              Join the FXGL chat at: https://gitter.im/AlmasB/FXGL
05:52:54.812 [JavaFX Application Thread] DEBUG PrimaryStageWindow   - Creating a JavaFX scene
05:52:54.858 [JavaFX Application Thread] DEBUG PrimaryStageWindow   - Target settings size: 800.0 x 800.0
05:52:54.858 [JavaFX Application Thread] DEBUG PrimaryStageWindow   - Scaled scene size:    800.0 x 800.0
05:52:54.858 [JavaFX Application Thread] DEBUG PrimaryStageWindow   - Scaled ratio: (1.0, 1.0)
05:52:54.859 [JavaFX Application Thread] DEBUG PrimaryStageWindow   - Set initial scene to FXGLStartupScene
05:52:54.863 [JavaFX Application Thread] DEBUG PrimaryStageWindow   - Opening main window
05:52:55.055 [JavaFX Application Thread] DEBUG PrimaryStageWindow   - Window border size: (14.4000244140625, 37.5999755859375)
05:52:55.055 [JavaFX Application Thread] DEBUG PrimaryStageWindow   - Scaled size: 800.0 x 800.0
05:52:55.056 [JavaFX Application Thread] DEBUG PrimaryStageWindow   - Scaled ratio: (1.0, 1.0)
05:52:55.057 [JavaFX Application Thread] DEBUG PrimaryStageWindow   - Scene size: 800.0 x 800.0
05:52:55.057 [JavaFX Application Thread] DEBUG PrimaryStageWindow   - Stage size: 814.4000244140625 x 837.5999755859375
05:52:55.073 [FXGL Background Thread 1 ] DEBUG Engine               - Initializing environment variables
05:52:55.210 [FXGL Background Thread 1 ] DEBUG FXGLAssetLoaderServi - User app class for loading assets: class com.lab.App
05:52:55.210 [FXGL Background Thread 1 ] DEBUG GameApplicationServi - Applying CSS: fxgl_dark.css
05:52:55.211 [FXGL Background Thread 1 ] DEBUG FXGLAssetLoaderServi - Loading from file system: jar:file:/C:/Users/HP/.m2/repository/com/github/almasb/fxgl/21.1/fxgl-21.1.jar!/fxglassets/ui/css/fxgl_dark.css
05:52:55.275 [FXGL Background Thread 1 ] DEBUG GameApplicationServi - Initializing application scenes
05:52:55.354 [FXGL Background Thread 1 ] DEBUG GameWorld            - Game world initialized
05:52:55.448 [FXGL Background Thread 1 ] DEBUG PhysicsWorld         - Physics world initialized: appHeight=800, physics.ppm=50.0
05:52:55.448 [FXGL Background Thread 1 ] DEBUG PhysicsWorld         - Using strategy: BRUTE_FORCE
05:52:55.452 [FXGL Background Thread 1 ] DEBUG GameScene            - Game scene initialized: 800x800
05:52:55.498 [FXGL Background Thread 1 ] DEBUG FXGL.DefaultMenu     - createMenuBodyGameMenu()
05:52:55.518 [FXGL Background Thread 1 ] DEBUG FXGL.DefaultMenu     - createOptionsMenu()
05:52:55.535 [FXGL Background Thread 1 ] DEBUG FXGLAssetLoaderServi - Loading from file system: jar:file:/C:/Users/HP/.m2/repository/com/github/almasb/fxgl/21.1/fxgl-21.1.jar!/fxglassets/textures/particles/smoke.png
05:52:55.674 [FXGL Background Thread 1 ] DEBUG FXGLAssetLoaderServi - Loading from file system: jar:file:/C:/Users/HP/.m2/repository/com/github/almasb/fxgl/21.1/fxgl-21.1.jar!/fxglassets/textures/particles/trace_horizontal.png
05:52:55.701 [FXGL Background Thread 1 ] DEBUG GameApplicationServi - Application scenes initialized
05:52:55.714 [FXGL Background Thread 1 ] DEBUG SystemBundleService  - Loading FXGL system data
05:52:55.721 [FXGL Background Thread 1 ] DEBUG FileSystemAccess     - Reading from: D:\Gonvival\system\fxgl.bundle
05:52:55.732 [FXGL Background Thread 1 ] DEBUG SystemBundleService  - Bundle FXGL: {}
05:52:55.732 [FXGL Background Thread 1 ] DEBUG UpdaterService       - Checking for updates
05:52:55.738 [FXGL Background Thread 4 ] DEBUG FXGLApplication      - Loading fonts
05:52:55.738 [FXGL Background Thread 4 ] DEBUG FXGLAssetLoaderServi - Loading from file system: jar:file:/C:/Users/HP/.m2/repository/com/github/almasb/fxgl/21.1/fxgl-21.1.jar!/fxglassets/ui/fonts/VarelaRound-Regular.ttf
05:52:55.740 [FXGL Background Thread 1 ] DEBUG FXGLApplication      - Loading default localization
05:52:55.742 [FXGL Background Thread 1 ] DEBUG FXGLAssetLoaderServi - Loading from file system: jar:file:/C:/Users/HP/.m2/repository/com/github/almasb/fxgl/21.1/fxgl-21.1.jar!/fxglassets/languages/english.lang
05:52:55.798 [FXGL Background Thread 1 ] INFO  FXGLApplication      - FXGL initialization took: 0.724 sec
05:52:55.800 [JavaFX Application Thread] DEBUG FXGLAssetLoaderServi - Loading from file system: jar:file:/C:/Users/HP/.m2/repository/com/github/almasb/fxgl/21.1/fxgl-21.1.jar!/fxglassets/textures/fxgl_icon.png
05:52:55.804 [FXGL Background Thread 4 ] DEBUG FXGLAssetLoaderServi - Loading from file system: jar:file:/C:/Users/HP/.m2/repository/com/github/almasb/fxgl/21.1/fxgl-21.1.jar!/fxglassets/ui/fonts/Abel-Regular.ttf
05:52:55.808 [FXGL Background Thread 4 ] DEBUG FXGLAssetLoaderServi - Loading from file system: jar:file:/C:/Users/HP/.m2/repository/com/github/almasb/fxgl/21.1/fxgl-21.1.jar!/fxglassets/ui/fonts/TerminalLandMono-Regular.otf
05:52:55.815 [FXGL Background Thread 4 ] DEBUG FXGLAssetLoaderServi - Loading from file system: jar:file:/C:/Users/HP/.m2/repository/com/github/almasb/fxgl/21.1/fxgl-21.1.jar!/fxglassets/ui/fonts/Courier-Prime.ttf
05:52:55.833 [JavaFX Application Thread] DEBUG FXGLAssetLoaderServi - Loading from file system: jar:file:/C:/Users/HP/.m2/repository/com/github/almasb/fxgl/21.1/fxgl-21.1.jar!/fxglassets/textures/fxgl_default_cursor.png
05:52:55.844 [JavaFX Application Thread] DEBUG Input                - Registered new binding: Screenshot - CTRL+8
05:52:55.845 [JavaFX Application Thread] DEBUG Input                - Registered new binding: System info dump - CTRL+9
05:52:55.846 [JavaFX Application Thread] DEBUG Input                - Registered new binding: Restart - CTRL+R
05:52:55.847 [JavaFX Application Thread] DEBUG Input                - Registered new binding: Toggle Debug Camera - CTRL+7
05:52:55.853 [JavaFX Application Thread] DEBUG LoopRunner           - Starting loop
05:52:55.855 [JavaFX Application Thread] DEBUG LoopRunner           - Initializing JavaFX AnimationTimerLoop
05:52:55.859 [JavaFX Application Thread] DEBUG Input                - Clearing active input actions
05:52:55.865 [JavaFX Application Thread] DEBUG GameApplicationServi - Removing overlay from FXGLStartupScene and adding to FXGLMainMenuDummyScene
05:52:55.865 [JavaFX Application Thread] DEBUG PrimaryStageWindow   - FXGLStartupScene -> FXGLMainMenuDummyScene
05:52:55.865 [JavaFX Application Thread] DEBUG PrimaryStageWindow   - Push state: StartScreen
05:52:55.866 [JavaFX Application Thread] DEBUG Input                - Clearing active input actions
05:52:55.880 [JavaFX Application Thread] DEBUG GameApplicationServi - Removing overlay from FXGLMainMenuDummyScene and adding to StartScreen
05:52:55.881 [JavaFX Application Thread] DEBUG PrimaryStageWindow   - FXGLMainMenuDummyScene -> StartScreen
05:52:55.881 [JavaFX Application Thread] DEBUG FXGLApplication      - Registering font factories with UI factory
05:52:56.464 [JavaFX Application Thread] DEBUG Menu                 - fireNewGame()
05:52:56.465 [JavaFX Application Thread] DEBUG GameApplicationServi - Starting new game
05:52:56.465 [JavaFX Application Thread] DEBUG PrimaryStageWindow   - Pop state: StartScreen
05:52:56.465 [JavaFX Application Thread] DEBUG Input                - Clearing active input actions
05:52:56.466 [JavaFX Application Thread] DEBUG GameApplicationServi - Removing overlay from StartScreen and adding to FXGLMainMenuDummyScene
05:52:56.467 [JavaFX Application Thread] DEBUG PrimaryStageWindow   - FXGLMainMenuDummyScene <- StartScreen
05:52:56.468 [JavaFX Application Thread] DEBUG Input                - Clearing active input actions
05:52:56.481 [JavaFX Application Thread] DEBUG GameApplicationServi - Removing overlay from FXGLMainMenuDummyScene and adding to FXGLLoadingScene
05:52:56.482 [JavaFX Application Thread] DEBUG PrimaryStageWindow   - FXGLMainMenuDummyScene -> FXGLLoadingScene
05:52:56.482 [JavaFX Application Thread] DEBUG GameApplicationServi - Clearing previous game
05:52:56.482 [JavaFX Application Thread] DEBUG GameScene            - Clearing game scene
05:52:56.482 [JavaFX Application Thread] DEBUG GameWorld            - Clearing game world
05:52:56.482 [JavaFX Application Thread] DEBUG PhysicsWorld         - Clearing physics world
05:52:56.484 [FXGL Background Thread 2 ] DEBUG FXGLApplication      - Initializing game
05:52:56.501 [FXGL Background Thread 2 ] DEBUG FXGLAssetLoaderServi - Loading from file system: file:/D:/Gonvival/game/target/classes/assets/textures/newmap2.png
05:52:56.569 [FXGL Background Thread 2 ] DEBUG FXGLAssetLoaderServi - Loading from file system: file:/D:/Gonvival/game/target/classes/assets/textures/Level.png
05:52:56.609 [FXGL Background Thread 2 ] DEBUG FXGLAssetLoaderServi - Loading from file system: file:/D:/Gonvival/game/target/classes/assets/textures/idle_down.png
05:52:56.612 [FXGL Background Thread 2 ] DEBUG FXGLAssetLoaderServi - Loading from file system: file:/D:/Gonvival/game/target/classes/assets/textures/idle_up.png
05:52:56.614 [FXGL Background Thread 2 ] DEBUG FXGLAssetLoaderServi - Loading from file system: file:/D:/Gonvival/game/target/classes/assets/textures/idle_left_down.png
05:52:56.616 [FXGL Background Thread 2 ] DEBUG FXGLAssetLoaderServi - Loading from file system: file:/D:/Gonvival/game/target/classes/assets/textures/idle_left_up.png
05:52:56.618 [FXGL Background Thread 2 ] DEBUG FXGLAssetLoaderServi - Loading from file system: file:/D:/Gonvival/game/target/classes/assets/textures/idle_right_down.png
05:52:56.620 [FXGL Background Thread 2 ] DEBUG FXGLAssetLoaderServi - Loading from file system: file:/D:/Gonvival/game/target/classes/assets/textures/idle_right_up.png
05:52:56.622 [FXGL Background Thread 2 ] DEBUG FXGLAssetLoaderServi - Loading from file system: file:/D:/Gonvival/game/target/classes/assets/textures/walk_left_down.png
05:52:56.623 [FXGL Background Thread 2 ] DEBUG FXGLAssetLoaderServi - Loading from file system: file:/D:/Gonvival/game/target/classes/assets/textures/walk_right_down.png
05:52:56.625 [FXGL Background Thread 2 ] DEBUG FXGLAssetLoaderServi - Loading from file system: file:/D:/Gonvival/game/target/classes/assets/textures/walk_up.png
05:52:56.627 [FXGL Background Thread 2 ] DEBUG FXGLAssetLoaderServi - Loading from file system: file:/D:/Gonvival/game/target/classes/assets/textures/walk_down.png
05:52:56.629 [FXGL Background Thread 2 ] DEBUG FXGLAssetLoaderServi - Loading from file system: file:/D:/Gonvival/game/target/classes/assets/textures/walk_left_up.png
05:52:56.631 [FXGL Background Thread 2 ] DEBUG FXGLAssetLoaderServi - Loading from file system: file:/D:/Gonvival/game/target/classes/assets/textures/walk_right_up.png
05:52:56.642 [FXGL Background Thread 2 ] INFO  FXGLApplication      - Game initialization took: 0.157 sec
05:52:56.643 [JavaFX Application Thread] DEBUG Input                - Clearing active input actions
05:52:56.649 [JavaFX Application Thread] DEBUG GameApplicationServi - Removing overlay from FXGLLoadingScene and adding to GameScene
05:52:56.649 [JavaFX Application Thread] DEBUG PrimaryStageWindow   - FXGLLoadingScene -> GameScene
05:52:56.740 [JavaFX Application Thread] DEBUG Input                - Registered new binding: SHOOT - LMB
05:52:56.740 [JavaFX Application Thread] DEBUG Input                - Registered new binding: MOVE LEFT - A
05:52:56.740 [JavaFX Application Thread] DEBUG Input                - Registered new binding: MOVE RIGHT - D
05:52:56.741 [JavaFX Application Thread] DEBUG Input                - Registered new binding: MOVE UP - W
05:52:56.741 [JavaFX Application Thread] DEBUG Input                - Registered new binding: MOVE DOWN - S
05:52:57.299 [JavaFX Application Thread] DEBUG FXGLAssetLoaderServi - Loading from file system: file:/D:/Gonvival/game/target/classes/assets/textures/GraveRevenant.png
05:52:57.722 [JavaFX Application Thread] DEBUG FXGLAssetLoaderServi - Loading from file system: file:/D:/Gonvival/game/target/classes/assets/textures/arrow.png
05:52:58.758 [FXGL Background Thread 3 ] DEBUG Engine               - Logging environment variables
05:52:58.760 [FXGL Background Thread 3 ] DEBUG Engine               - achievements: []
05:52:58.760 [FXGL Background Thread 3 ] DEBUG Engine               - actualHeight: 800.0
05:52:58.760 [FXGL Background Thread 3 ] DEBUG Engine               - actualHeightProperty: ReadOnlyDoubleProperty [value: 800.0]
05:52:58.760 [FXGL Background Thread 3 ] DEBUG Engine               - actualWidth: 800.0
05:52:58.761 [FXGL Background Thread 3 ] DEBUG Engine               - actualWidthProperty: ReadOnlyDoubleProperty [value: 800.0]
05:52:58.761 [FXGL Background Thread 3 ] DEBUG Engine               - appIcon: fxgl_icon.png
05:52:58.761 [FXGL Background Thread 3 ] DEBUG Engine               - applicationMode: DEVELOPER
05:52:58.761 [FXGL Background Thread 3 ] DEBUG Engine               - cSSList: [fxgl_dark.css]
05:52:58.761 [FXGL Background Thread 3 ] DEBUG Engine               - collisionDetectionStrategy: BRUTE_FORCE
05:52:58.761 [FXGL Background Thread 3 ] DEBUG Engine               - configClass: Optional.empty
05:52:58.761 [FXGL Background Thread 3 ] DEBUG Engine               - credits: []
05:52:58.762 [FXGL Background Thread 3 ] DEBUG Engine               - defaultCursor: CursorInfo(imageName=fxgl_default_cursor.png, hotspotX=7.0, hotspotY=6.0)
05:52:58.763 [FXGL Background Thread 3 ] DEBUG Engine               - devBBoxColorProperty: ObjectProperty [value: 0xff0000ff]
05:52:58.763 [FXGL Background Thread 3 ] DEBUG Engine               - devEnableDebugCameraProperty: BooleanProperty [value: false]
05:52:58.763 [FXGL Background Thread 3 ] DEBUG Engine               - devSensorColorProperty: ObjectProperty [value: 0xffff00ff]
05:52:58.763 [FXGL Background Thread 3 ] DEBUG Engine               - devShowBBoxProperty: BooleanProperty [value: false]
05:52:58.763 [FXGL Background Thread 3 ] DEBUG Engine               - devShowPositionProperty: BooleanProperty [value: false]
05:52:58.763 [FXGL Background Thread 3 ] DEBUG Engine               - enabledMenuItems: []
05:52:58.763 [FXGL Background Thread 3 ] DEBUG Engine               - engineServices: [class com.almasb.fxgl.app.services.FXGLAssetLoaderService, class com.almasb.fxgl.app.FXGLApplication$GameApplicationService, class com.almasb.fxgl.app.services.FXGLDialogService, class com.almasb.fxgl.app.services.IOTaskExecutorService, class com.almasb.fxgl.io.FileSystemService, class com.almasb.fxgl.localization.LocalizationService, class com.almasb.fxgl.app.services.SystemBundleService, class com.almasb.fxgl.profile.SaveLoadService, class com.almasb.fxgl.ui.FXGLUIFactoryServiceProvider, class com.almasb.fxgl.ui.FXGLDialogFactoryServiceProvider, class com.almasb.fxgl.audio.AudioPlayer, class com.almasb.fxgl.notification.impl.NotificationServiceProvider, class com.almasb.fxgl.achievement.AchievementService, class com.almasb.fxgl.cutscene.CutsceneService, class com.almasb.fxgl.minigames.MiniGameService, class com.almasb.fxgl.net.NetService, class com.almasb.fxgl.app.services.UpdaterService, class com.almasb.fxgl.dev.DevService]
05:52:58.763 [FXGL Background Thread 3 ] DEBUG Engine               - fontGame: Abel-Regular.ttf
05:52:58.763 [FXGL Background Thread 3 ] DEBUG Engine               - fontMono: TerminalLandMono-Regular.otf
05:52:58.765 [FXGL Background Thread 3 ] DEBUG Engine               - fontSizeScaleUI: 1.0
05:52:58.765 [FXGL Background Thread 3 ] DEBUG Engine               - fontText: Courier-Prime.ttf
05:52:58.765 [FXGL Background Thread 3 ] DEBUG Engine               - fontUI: VarelaRound-Regular.ttf
05:52:58.765 [FXGL Background Thread 3 ] DEBUG Engine               - fullScreen: BooleanProperty [value: false]
05:52:58.765 [FXGL Background Thread 3 ] DEBUG Engine               - gameDifficulty: MEDIUM
05:52:58.765 [FXGL Background Thread 3 ] DEBUG Engine               - gameDifficultyProperty: ObjectProperty [value: MEDIUM]
05:52:58.765 [FXGL Background Thread 3 ] DEBUG Engine               - globalMusicVolume: 0.5
05:52:58.765 [FXGL Background Thread 3 ] DEBUG Engine               - globalMusicVolumeProperty: DoubleProperty [value: 1.0]
05:52:58.766 [FXGL Background Thread 3 ] DEBUG Engine               - globalSoundVolume: 0.5
05:52:58.766 [FXGL Background Thread 3 ] DEBUG Engine               - globalSoundVolumeProperty: DoubleProperty [value: 1.0]
05:52:58.767 [FXGL Background Thread 3 ] DEBUG Engine               - height: 800
05:52:58.767 [FXGL Background Thread 3 ] DEBUG Engine               - is3D: false
05:52:58.767 [FXGL Background Thread 3 ] DEBUG Engine               - isAndroid: false
05:52:58.767 [FXGL Background Thread 3 ] DEBUG Engine               - isBrowser: false
05:52:58.767 [FXGL Background Thread 3 ] DEBUG Engine               - isClickFeedbackEnabled: false
05:52:58.767 [FXGL Background Thread 3 ] DEBUG Engine               - isCloseConfirmation: false
05:52:58.767 [FXGL Background Thread 3 ] DEBUG Engine               - isDesktop: true
05:52:58.768 [FXGL Background Thread 3 ] DEBUG Engine               - isDeveloperMenuEnabled: false
05:52:58.768 [FXGL Background Thread 3 ] DEBUG Engine               - isEmbedded: false
05:52:58.768 [FXGL Background Thread 3 ] DEBUG Engine               - isEntityPreloadEnabled: true
05:52:58.768 [FXGL Background Thread 3 ] DEBUG Engine               - isExperimentalTiledLargeMap: false
05:52:58.768 [FXGL Background Thread 3 ] DEBUG Engine               - isFileSystemWriteAllowed: true
05:52:58.768 [FXGL Background Thread 3 ] DEBUG Engine               - isFullScreenAllowed: false
05:52:58.768 [FXGL Background Thread 3 ] DEBUG Engine               - isFullScreenFromStart: false
05:52:58.768 [FXGL Background Thread 3 ] DEBUG Engine               - isGameMenuEnabled: true
05:52:58.769 [FXGL Background Thread 3 ] DEBUG Engine               - isIOS: false
05:52:58.769 [FXGL Background Thread 3 ] DEBUG Engine               - isIntroEnabled: false
05:52:58.769 [FXGL Background Thread 3 ] DEBUG Engine               - isLinux: false
05:52:58.769 [FXGL Background Thread 3 ] DEBUG Engine               - isMac: false
05:52:58.769 [FXGL Background Thread 3 ] DEBUG Engine               - isMainMenuEnabled: true
05:52:58.769 [FXGL Background Thread 3 ] DEBUG Engine               - isManualResizeEnabled: false
05:52:58.769 [FXGL Background Thread 3 ] DEBUG Engine               - isMobile: false
05:52:58.769 [FXGL Background Thread 3 ] DEBUG Engine               - isNative: false
05:52:58.770 [FXGL Background Thread 3 ] DEBUG Engine               - isPauseMusicWhenMinimized: true
05:52:58.770 [FXGL Background Thread 3 ] DEBUG Engine               - isPreserveResizeRatio: false
05:52:58.770 [FXGL Background Thread 3 ] DEBUG Engine               - isProfilingEnabled: false
05:52:58.770 [FXGL Background Thread 3 ] DEBUG Engine               - isScaleAffectedOnResize: true
05:52:58.770 [FXGL Background Thread 3 ] DEBUG Engine               - isSingleStep: false
05:52:58.770 [FXGL Background Thread 3 ] DEBUG Engine               - isUserProfileEnabled: false
05:52:58.770 [FXGL Background Thread 3 ] DEBUG Engine               - isWindows: true
05:52:58.771 [FXGL Background Thread 3 ] DEBUG Engine               - language: ObjectProperty [value: ENGLISH]
05:52:58.771 [FXGL Background Thread 3 ] DEBUG Engine               - menuKey: ESCAPE
05:52:58.771 [FXGL Background Thread 3 ] DEBUG Engine               - mouseSensitivity: 0.2
05:52:58.771 [FXGL Background Thread 3 ] DEBUG Engine               - notificationViewClass: class com.almasb.fxgl.notification.view.XboxNotificationView
05:52:58.771 [FXGL Background Thread 3 ] DEBUG Engine               - pixelsPerMeter: 50.0
05:52:58.772 [FXGL Background Thread 3 ] DEBUG Engine               - platform: WINDOWS
05:52:58.772 [FXGL Background Thread 3 ] DEBUG Engine               - prefHeightProperty: ReadOnlyDoubleProperty [value: 800.0]
05:52:58.772 [FXGL Background Thread 3 ] DEBUG Engine               - prefWidthProperty: ReadOnlyDoubleProperty [value: 800.0]
05:52:58.772 [FXGL Background Thread 3 ] DEBUG Engine               - profileDir: profiles/
05:52:58.772 [FXGL Background Thread 3 ] DEBUG Engine               - profileName: StringProperty [value: DEFAULT]
05:52:58.772 [FXGL Background Thread 3 ] DEBUG Engine               - randomSeed: -1
05:52:58.772 [FXGL Background Thread 3 ] DEBUG Engine               - runtimeInfo: RuntimeInfo(platform=WINDOWS, version=21.1, build=27.03.2024 07.52)
05:52:58.773 [FXGL Background Thread 3 ] DEBUG Engine               - saveFileExt: sav
05:52:58.773 [FXGL Background Thread 3 ] DEBUG Engine               - scaledHeightProp$fxgl: DoubleProperty [bound, value: 800.0]
05:52:58.773 [FXGL Background Thread 3 ] DEBUG Engine               - scaledWidthProp$fxgl: DoubleProperty [bound, value: 800.0]
05:52:58.773 [FXGL Background Thread 3 ] DEBUG Engine               - sceneFactory: com.lab.App$1@df3072c
05:52:58.773 [FXGL Background Thread 3 ] DEBUG Engine               - secondsIn24h: 60
05:52:58.773 [FXGL Background Thread 3 ] DEBUG Engine               - soundMenuBack: menu/back.wav
05:52:58.773 [FXGL Background Thread 3 ] DEBUG Engine               - soundMenuPress: menu/press.wav
05:52:58.773 [FXGL Background Thread 3 ] DEBUG Engine               - soundMenuSelect: menu/select.wav
05:52:58.773 [FXGL Background Thread 3 ] DEBUG Engine               - soundNotification: core/notification.wav
05:52:58.773 [FXGL Background Thread 3 ] DEBUG Engine               - stageStyle: DECORATED
05:52:58.773 [FXGL Background Thread 3 ] DEBUG Engine               - supportedLanguages: [ENGLISH, FRENCH, GERMAN, HUNGARIAN, RUSSIAN]
05:52:58.773 [FXGL Background Thread 3 ] DEBUG Engine               - ticksPerSecond: -1
05:52:58.773 [FXGL Background Thread 3 ] DEBUG Engine               - title: Gonvival
05:52:58.773 [FXGL Background Thread 3 ] DEBUG Engine               - urlGithub: https://github.com/AlmasB/FXGL
05:52:58.774 [FXGL Background Thread 3 ] DEBUG Engine               - urlLeaderboard: http://fxgl-top.herokuapp.com/
05:52:58.774 [FXGL Background Thread 3 ] DEBUG Engine               - urlPOM: https://raw.githubusercontent.com/AlmasB/FXGL/release/README.md
05:52:58.774 [FXGL Background Thread 3 ] DEBUG Engine               - userAppClass: class com.lab.App
05:52:58.774 [FXGL Background Thread 3 ] DEBUG Engine               - version: beta
05:52:58.774 [FXGL Background Thread 3 ] DEBUG Engine               - versionCheckDays: 7
05:52:58.774 [FXGL Background Thread 3 ] DEBUG Engine               - width: 800
05:52:58.774 [FXGL Background Thread 3 ] DEBUG Engine               - Logging services
05:52:58.774 [FXGL Background Thread 3 ] DEBUG Engine               - class com.almasb.fxgl.app.services.FXGLAssetLoaderService
05:52:58.774 [FXGL Background Thread 3 ] DEBUG Engine               - class com.almasb.fxgl.app.FXGLApplication$GameApplicationService
05:52:58.774 [FXGL Background Thread 3 ] DEBUG Engine               - class com.almasb.fxgl.app.services.FXGLDialogService
05:52:58.774 [FXGL Background Thread 3 ] DEBUG Engine               - class com.almasb.fxgl.app.services.IOTaskExecutorService
05:52:58.774 [FXGL Background Thread 3 ] DEBUG Engine               - class com.almasb.fxgl.io.FileSystemService
05:52:58.774 [FXGL Background Thread 3 ] DEBUG Engine               - class com.almasb.fxgl.localization.LocalizationService
05:52:58.774 [FXGL Background Thread 3 ] DEBUG Engine               - class com.almasb.fxgl.app.services.SystemBundleService
05:52:58.774 [FXGL Background Thread 3 ] DEBUG Engine               - class com.almasb.fxgl.profile.SaveLoadService
05:52:58.774 [FXGL Background Thread 3 ] DEBUG Engine               - class com.almasb.fxgl.ui.FXGLUIFactoryServiceProvider
05:52:58.774 [FXGL Background Thread 3 ] DEBUG Engine               - class com.almasb.fxgl.ui.FXGLDialogFactoryServiceProvider
05:52:58.775 [FXGL Background Thread 3 ] DEBUG Engine               - class com.almasb.fxgl.audio.AudioPlayer
05:52:58.775 [FXGL Background Thread 3 ] DEBUG Engine               - class com.almasb.fxgl.notification.impl.NotificationServiceProvider
05:52:58.775 [FXGL Background Thread 3 ] DEBUG Engine               - class com.almasb.fxgl.achievement.AchievementService
05:52:58.775 [FXGL Background Thread 3 ] DEBUG Engine               - class com.almasb.fxgl.cutscene.CutsceneService
05:52:58.775 [FXGL Background Thread 3 ] DEBUG Engine               - class com.almasb.fxgl.minigames.MiniGameService
05:52:58.775 [FXGL Background Thread 3 ] DEBUG Engine               - class com.almasb.fxgl.net.NetService
05:52:58.775 [FXGL Background Thread 3 ] DEBUG Engine               - class com.almasb.fxgl.app.services.UpdaterService
05:52:58.775 [FXGL Background Thread 3 ] DEBUG Engine               - class com.almasb.fxgl.dev.DevService
05:53:06.036 [JavaFX Application Thread] DEBUG PrimaryStageWindow   - Push state: DialogSubScene
05:53:06.037 [JavaFX Application Thread] DEBUG Input                - Clearing active input actions
05:53:06.039 [JavaFX Application Thread] DEBUG GameApplicationServi - Removing overlay from GameScene and adding to DialogSubScene
05:53:06.039 [JavaFX Application Thread] DEBUG PrimaryStageWindow   - GameScene -> DialogSubScene
05:53:08.560 [JavaFX Application Thread] DEBUG PrimaryStageWindow   - Pop state: DialogSubScene
05:53:08.560 [JavaFX Application Thread] DEBUG Input                - Clearing active input actions
05:53:08.560 [JavaFX Application Thread] DEBUG GameApplicationServi - Removing overlay from DialogSubScene and adding to GameScene
05:53:08.560 [JavaFX Application Thread] DEBUG PrimaryStageWindow   - GameScene <- DialogSubScene
05:53:08.560 [JavaFX Application Thread] DEBUG GameWorld            - Clearing game world
05:53:08.561 [JavaFX Application Thread] DEBUG Input                - Clearing active input actions
05:53:08.564 [JavaFX Application Thread] DEBUG GameApplicationServi - Removing overlay from GameScene and adding to FXGLMainMenuDummyScene
05:53:08.565 [JavaFX Application Thread] DEBUG PrimaryStageWindow   - GameScene -> FXGLMainMenuDummyScene
05:53:08.565 [JavaFX Application Thread] DEBUG PrimaryStageWindow   - Push state: StartScreen
05:53:08.565 [JavaFX Application Thread] DEBUG Input                - Clearing active input actions
05:53:08.566 [JavaFX Application Thread] DEBUG GameApplicationServi - Removing overlay from FXGLMainMenuDummyScene and adding to StartScreen
05:53:08.567 [JavaFX Application Thread] DEBUG PrimaryStageWindow   - FXGLMainMenuDummyScene -> StartScreen
05:53:09.650 [JavaFX Application Thread] DEBUG FXGLApplication      - Exiting FXGL
05:53:09.650 [JavaFX Application Thread] DEBUG LoopRunner           - Stopping loop
05:53:09.650 [JavaFX Application Thread] DEBUG SystemBundleService  - Saving FXGL system data
05:53:09.653 [JavaFX Application Thread] DEBUG FileSystemAccess     - Writing to: D:\Gonvival\system\fxgl.bundle
05:53:09.656 [JavaFX Application Thread] DEBUG Async                - Shutting down background threads
05:53:09.656 [JavaFX Application Thread] DEBUG PrimaryStageWindow   - Closing main window
05:53:09.697 [JavaFX Application Thread] DEBUG Logger               - Closing Logger
