07:21:05.288 [main                     ] DEBUG Logger               - Configured Logger
07:21:05.340 [main                     ] DEBUG GameApplication      - Logging settings
Title: Gonvival
Version: beta
Width: 800
Height: 800
Fullscreen: false
Intro: false
Profiling: false
Single step:false
App Mode: DEVELOPER
Menu Key: ESCAPE
Stage Style: DECORATED
Scene Factory: class com.lab.App$1

07:21:06.566 [JavaFX Application Thread] DEBUG FXGLApplication      - Initializing FXGL
07:21:06.581 [JavaFX Application Thread] INFO  Engine               - FXGL-21.1 (27.03.2024 07.52) on WINDOWS (J:21.0.5 FX:21.0.1)
07:21:06.583 [JavaFX Application Thread] DEBUG Engine               - JRE Vendor Name: Eclipse Adoptium
07:21:06.584 [JavaFX Application Thread] DEBUG Engine               - Running on OS: Windows 10 version 10.0
07:21:06.584 [JavaFX Application Thread] DEBUG Engine               - Architecture: amd64
07:21:06.584 [JavaFX Application Thread] INFO  Engine               - Source code and latest versions at: https://github.com/AlmasB/FXGL
07:21:06.585 [JavaFX Application Thread] INFO  Engine               -       Ask questions and discuss at: https://github.com/AlmasB/FXGL/discussions
07:21:06.745 [JavaFX Application Thread] INFO  Engine               -              Join the FXGL chat at: https://gitter.im/AlmasB/FXGL
07:21:14.505 [JavaFX Application Thread] DEBUG PrimaryStageWindow   - Creating a JavaFX scene
07:21:14.505 [JavaFX Application Thread] DEBUG PrimaryStageWindow   - Target size > screen size
07:21:15.597 [JavaFX Application Thread] DEBUG PrimaryStageWindow   - Target settings size: 800.0 x 800.0
07:21:15.597 [JavaFX Application Thread] DEBUG PrimaryStageWindow   - Scaled scene size:    703.0 x 728.0
07:21:15.598 [JavaFX Application Thread] DEBUG PrimaryStageWindow   - Scaled ratio: (0.87875, 0.91)
07:21:15.600 [JavaFX Application Thread] DEBUG PrimaryStageWindow   - Set initial scene to FXGLStartupScene
07:21:15.702 [JavaFX Application Thread] DEBUG PrimaryStageWindow   - Opening main window
07:21:22.012 [JavaFX Application Thread] DEBUG PrimaryStageWindow   - Window border size: (16.0, 39.0)
07:21:22.012 [JavaFX Application Thread] DEBUG PrimaryStageWindow   - Scaled size: 703.0 x 728.0
07:21:22.013 [JavaFX Application Thread] DEBUG PrimaryStageWindow   - Scaled ratio: (0.87875, 0.91)
07:21:22.013 [JavaFX Application Thread] DEBUG PrimaryStageWindow   - Scene size: 703.0 x 728.0
07:21:22.013 [JavaFX Application Thread] DEBUG PrimaryStageWindow   - Stage size: 719.0 x 767.0
07:21:22.600 [FXGL Background Thread 1 ] DEBUG Engine               - Initializing environment variables
07:21:25.703 [FXGL Background Thread 1 ] DEBUG FXGLAssetLoaderServi - User app class for loading assets: class com.lab.App
07:21:25.703 [FXGL Background Thread 1 ] DEBUG GameApplicationServi - Applying CSS: fxgl_dark.css
07:21:25.704 [FXGL Background Thread 1 ] DEBUG FXGLAssetLoaderServi - Loading from file system: jar:file:/C:/Users/Khana/.m2/repository/com/github/almasb/fxgl/21.1/fxgl-21.1.jar!/fxglassets/ui/css/fxgl_dark.css
07:21:26.093 [FXGL Background Thread 1 ] DEBUG GameApplicationServi - Initializing application scenes
07:21:27.593 [FXGL Background Thread 1 ] DEBUG GameWorld            - Game world initialized
07:21:29.327 [FXGL Background Thread 1 ] DEBUG PhysicsWorld         - Physics world initialized: appHeight=800, physics.ppm=50.0
07:21:29.327 [FXGL Background Thread 1 ] DEBUG PhysicsWorld         - Using strategy: BRUTE_FORCE
07:21:29.348 [FXGL Background Thread 1 ] DEBUG GameScene            - Game scene initialized: 800x800
07:21:30.696 [FXGL Background Thread 1 ] DEBUG FXGL.DefaultMenu     - createMenuBodyGameMenu()
07:21:30.864 [FXGL Background Thread 1 ] DEBUG FXGL.DefaultMenu     - createOptionsMenu()
07:21:30.912 [FXGL Background Thread 1 ] DEBUG FXGLAssetLoaderServi - Loading from file system: jar:file:/C:/Users/Khana/.m2/repository/com/github/almasb/fxgl/21.1/fxgl-21.1.jar!/fxglassets/textures/particles/smoke.png
07:21:32.385 [FXGL Background Thread 1 ] DEBUG FXGLAssetLoaderServi - Loading from file system: jar:file:/C:/Users/Khana/.m2/repository/com/github/almasb/fxgl/21.1/fxgl-21.1.jar!/fxglassets/textures/particles/trace_horizontal.png
07:21:32.439 [FXGL Background Thread 1 ] DEBUG GameApplicationServi - Application scenes initialized
07:21:32.495 [FXGL Background Thread 1 ] DEBUG SystemBundleService  - Loading FXGL system data
07:21:32.940 [FXGL Background Thread 1 ] DEBUG FileSystemAccess     - Reading from: E:\Labs\Gonvival\system\fxgl.bundle
07:21:33.831 [FXGL Background Thread 1 ] DEBUG SystemBundleService  - Bundle FXGL: {}
07:21:33.832 [FXGL Background Thread 1 ] DEBUG UpdaterService       - Checking for updates
07:21:33.836 [FXGL Background Thread 4 ] DEBUG FXGLApplication      - Loading fonts
07:21:33.837 [FXGL Background Thread 4 ] DEBUG FXGLAssetLoaderServi - Loading from file system: jar:file:/C:/Users/Khana/.m2/repository/com/github/almasb/fxgl/21.1/fxgl-21.1.jar!/fxglassets/ui/fonts/VarelaRound-Regular.ttf
07:21:33.837 [FXGL Background Thread 1 ] DEBUG FXGLApplication      - Loading default localization
07:21:33.838 [FXGL Background Thread 1 ] DEBUG FXGLAssetLoaderServi - Loading from file system: jar:file:/C:/Users/Khana/.m2/repository/com/github/almasb/fxgl/21.1/fxgl-21.1.jar!/fxglassets/languages/english.lang
07:21:34.050 [FXGL Background Thread 1 ] INFO  FXGLApplication      - FXGL initialization took: 11.449 sec
07:21:34.079 [JavaFX Application Thread] DEBUG FXGLAssetLoaderServi - Loading from file system: jar:file:/C:/Users/Khana/.m2/repository/com/github/almasb/fxgl/21.1/fxgl-21.1.jar!/fxglassets/textures/fxgl_icon.png
07:21:34.328 [JavaFX Application Thread] DEBUG FXGLAssetLoaderServi - Loading from file system: jar:file:/C:/Users/Khana/.m2/repository/com/github/almasb/fxgl/21.1/fxgl-21.1.jar!/fxglassets/textures/fxgl_default_cursor.png
07:21:34.341 [JavaFX Application Thread] DEBUG Input                - Registered new binding: Screenshot - CTRL+8
07:21:34.342 [JavaFX Application Thread] DEBUG Input                - Registered new binding: System info dump - CTRL+9
07:21:34.343 [JavaFX Application Thread] DEBUG Input                - Registered new binding: Restart - CTRL+R
07:21:34.343 [JavaFX Application Thread] DEBUG Input                - Registered new binding: Toggle Debug Camera - CTRL+7
07:21:34.346 [JavaFX Application Thread] DEBUG LoopRunner           - Starting loop
07:21:34.347 [JavaFX Application Thread] DEBUG LoopRunner           - Initializing JavaFX AnimationTimerLoop
07:21:34.373 [JavaFX Application Thread] DEBUG Input                - Clearing active input actions
07:21:34.382 [JavaFX Application Thread] DEBUG GameApplicationServi - Removing overlay from FXGLStartupScene and adding to FXGLMainMenuDummyScene
07:21:34.382 [JavaFX Application Thread] DEBUG PrimaryStageWindow   - FXGLStartupScene -> FXGLMainMenuDummyScene
07:21:34.383 [JavaFX Application Thread] DEBUG PrimaryStageWindow   - Push state: StartScreen
07:21:34.535 [JavaFX Application Thread] DEBUG Input                - Clearing active input actions
07:21:34.681 [JavaFX Application Thread] DEBUG GameApplicationServi - Removing overlay from FXGLMainMenuDummyScene and adding to StartScreen
07:21:34.681 [JavaFX Application Thread] DEBUG PrimaryStageWindow   - FXGLMainMenuDummyScene -> StartScreen
07:21:36.986 [FXGL Background Thread 3 ] DEBUG Engine               - Logging environment variables
07:21:36.990 [FXGL Background Thread 3 ] DEBUG Engine               - achievements: []
07:21:36.991 [FXGL Background Thread 3 ] DEBUG Engine               - actualHeight: 728.0
07:21:36.991 [FXGL Background Thread 3 ] DEBUG Engine               - actualHeightProperty: ReadOnlyDoubleProperty [value: 728.0]
07:21:36.991 [FXGL Background Thread 3 ] DEBUG Engine               - actualWidth: 703.0
07:21:36.991 [FXGL Background Thread 3 ] DEBUG Engine               - actualWidthProperty: ReadOnlyDoubleProperty [value: 703.0]
07:21:36.991 [FXGL Background Thread 3 ] DEBUG Engine               - appIcon: fxgl_icon.png
07:21:36.991 [FXGL Background Thread 3 ] DEBUG Engine               - applicationMode: DEVELOPER
07:21:36.992 [FXGL Background Thread 3 ] DEBUG Engine               - cSSList: [fxgl_dark.css]
07:21:36.992 [FXGL Background Thread 3 ] DEBUG Engine               - collisionDetectionStrategy: BRUTE_FORCE
07:21:36.992 [FXGL Background Thread 3 ] DEBUG Engine               - configClass: Optional.empty
07:21:36.992 [FXGL Background Thread 3 ] DEBUG Engine               - credits: []
07:21:36.992 [FXGL Background Thread 3 ] DEBUG Engine               - defaultCursor: CursorInfo(imageName=fxgl_default_cursor.png, hotspotX=7.0, hotspotY=6.0)
07:21:36.993 [FXGL Background Thread 3 ] DEBUG Engine               - devBBoxColorProperty: ObjectProperty [value: 0xff0000ff]
07:21:36.993 [FXGL Background Thread 3 ] DEBUG Engine               - devEnableDebugCameraProperty: BooleanProperty [value: false]
07:21:36.993 [FXGL Background Thread 3 ] DEBUG Engine               - devSensorColorProperty: ObjectProperty [value: 0xffff00ff]
07:21:36.993 [FXGL Background Thread 3 ] DEBUG Engine               - devShowBBoxProperty: BooleanProperty [value: false]
07:21:36.993 [FXGL Background Thread 3 ] DEBUG Engine               - devShowPositionProperty: BooleanProperty [value: false]
07:21:37.066 [FXGL Background Thread 3 ] DEBUG Engine               - enabledMenuItems: []
07:21:37.067 [FXGL Background Thread 3 ] DEBUG Engine               - engineServices: [class com.almasb.fxgl.app.services.FXGLAssetLoaderService, class com.almasb.fxgl.app.FXGLApplication$GameApplicationService, class com.almasb.fxgl.app.services.FXGLDialogService, class com.almasb.fxgl.app.services.IOTaskExecutorService, class com.almasb.fxgl.io.FileSystemService, class com.almasb.fxgl.localization.LocalizationService, class com.almasb.fxgl.app.services.SystemBundleService, class com.almasb.fxgl.profile.SaveLoadService, class com.almasb.fxgl.ui.FXGLUIFactoryServiceProvider, class com.almasb.fxgl.ui.FXGLDialogFactoryServiceProvider, class com.almasb.fxgl.audio.AudioPlayer, class com.almasb.fxgl.notification.impl.NotificationServiceProvider, class com.almasb.fxgl.achievement.AchievementService, class com.almasb.fxgl.cutscene.CutsceneService, class com.almasb.fxgl.minigames.MiniGameService, class com.almasb.fxgl.net.NetService, class com.almasb.fxgl.app.services.UpdaterService, class com.almasb.fxgl.dev.DevService]
07:21:37.067 [FXGL Background Thread 3 ] DEBUG Engine               - fontGame: Abel-Regular.ttf
07:21:37.067 [FXGL Background Thread 3 ] DEBUG Engine               - fontMono: TerminalLandMono-Regular.otf
07:21:37.067 [FXGL Background Thread 3 ] DEBUG Engine               - fontSizeScaleUI: 1.0
07:21:37.068 [FXGL Background Thread 3 ] DEBUG Engine               - fontText: Courier-Prime.ttf
07:21:37.068 [FXGL Background Thread 3 ] DEBUG Engine               - fontUI: VarelaRound-Regular.ttf
07:21:37.068 [FXGL Background Thread 3 ] DEBUG Engine               - fullScreen: BooleanProperty [value: false]
07:21:37.068 [FXGL Background Thread 3 ] DEBUG Engine               - gameDifficulty: MEDIUM
07:21:37.068 [FXGL Background Thread 3 ] DEBUG Engine               - gameDifficultyProperty: ObjectProperty [value: MEDIUM]
07:21:37.068 [FXGL Background Thread 3 ] DEBUG Engine               - globalMusicVolume: 0.5
07:21:37.068 [FXGL Background Thread 3 ] DEBUG Engine               - globalMusicVolumeProperty: DoubleProperty [value: 1.0]
07:21:37.068 [FXGL Background Thread 3 ] DEBUG Engine               - globalSoundVolume: 0.5
07:21:37.068 [FXGL Background Thread 3 ] DEBUG Engine               - globalSoundVolumeProperty: DoubleProperty [value: 1.0]
07:21:37.069 [FXGL Background Thread 3 ] DEBUG Engine               - height: 800
07:21:37.069 [FXGL Background Thread 3 ] DEBUG Engine               - is3D: false
07:21:37.069 [FXGL Background Thread 3 ] DEBUG Engine               - isAndroid: false
07:21:37.069 [FXGL Background Thread 3 ] DEBUG Engine               - isBrowser: false
07:21:37.069 [FXGL Background Thread 3 ] DEBUG Engine               - isClickFeedbackEnabled: false
07:21:37.069 [FXGL Background Thread 3 ] DEBUG Engine               - isCloseConfirmation: false
07:21:37.069 [FXGL Background Thread 3 ] DEBUG Engine               - isDesktop: true
07:21:37.069 [FXGL Background Thread 3 ] DEBUG Engine               - isDeveloperMenuEnabled: false
07:21:37.069 [FXGL Background Thread 3 ] DEBUG Engine               - isEmbedded: false
07:21:37.069 [FXGL Background Thread 3 ] DEBUG Engine               - isEntityPreloadEnabled: true
07:21:37.069 [FXGL Background Thread 3 ] DEBUG Engine               - isExperimentalTiledLargeMap: false
07:21:37.072 [FXGL Background Thread 3 ] DEBUG Engine               - isFileSystemWriteAllowed: true
07:21:37.072 [FXGL Background Thread 3 ] DEBUG Engine               - isFullScreenAllowed: false
07:21:37.072 [FXGL Background Thread 3 ] DEBUG Engine               - isFullScreenFromStart: false
07:21:37.072 [FXGL Background Thread 3 ] DEBUG Engine               - isGameMenuEnabled: true
07:21:37.073 [FXGL Background Thread 3 ] DEBUG Engine               - isIOS: false
07:21:37.073 [FXGL Background Thread 3 ] DEBUG Engine               - isIntroEnabled: false
07:21:37.073 [FXGL Background Thread 3 ] DEBUG Engine               - isLinux: false
07:21:37.073 [FXGL Background Thread 3 ] DEBUG Engine               - isMac: false
07:21:37.074 [FXGL Background Thread 3 ] DEBUG Engine               - isMainMenuEnabled: true
07:21:37.074 [FXGL Background Thread 3 ] DEBUG Engine               - isManualResizeEnabled: false
07:21:37.074 [FXGL Background Thread 3 ] DEBUG Engine               - isMobile: false
07:21:37.074 [FXGL Background Thread 3 ] DEBUG Engine               - isNative: false
07:21:37.074 [FXGL Background Thread 3 ] DEBUG Engine               - isPauseMusicWhenMinimized: true
07:21:37.074 [FXGL Background Thread 3 ] DEBUG Engine               - isPreserveResizeRatio: false
07:21:37.074 [FXGL Background Thread 3 ] DEBUG Engine               - isProfilingEnabled: false
07:21:37.074 [FXGL Background Thread 3 ] DEBUG Engine               - isScaleAffectedOnResize: true
07:21:37.075 [FXGL Background Thread 3 ] DEBUG Engine               - isSingleStep: false
07:21:37.075 [FXGL Background Thread 3 ] DEBUG Engine               - isUserProfileEnabled: false
07:21:37.075 [FXGL Background Thread 3 ] DEBUG Engine               - isWindows: true
07:21:37.075 [FXGL Background Thread 3 ] DEBUG Engine               - language: ObjectProperty [value: ENGLISH]
07:21:37.075 [FXGL Background Thread 3 ] DEBUG Engine               - menuKey: ESCAPE
07:21:37.075 [FXGL Background Thread 3 ] DEBUG Engine               - mouseSensitivity: 0.2
07:21:37.075 [FXGL Background Thread 3 ] DEBUG Engine               - notificationViewClass: class com.almasb.fxgl.notification.view.XboxNotificationView
07:21:37.075 [FXGL Background Thread 3 ] DEBUG Engine               - pixelsPerMeter: 50.0
07:21:37.075 [FXGL Background Thread 3 ] DEBUG Engine               - platform: WINDOWS
07:21:37.075 [FXGL Background Thread 3 ] DEBUG Engine               - prefHeightProperty: ReadOnlyDoubleProperty [value: 800.0]
07:21:37.075 [FXGL Background Thread 3 ] DEBUG Engine               - prefWidthProperty: ReadOnlyDoubleProperty [value: 800.0]
07:21:37.075 [FXGL Background Thread 3 ] DEBUG Engine               - profileDir: profiles/
07:21:37.076 [FXGL Background Thread 3 ] DEBUG Engine               - profileName: StringProperty [value: DEFAULT]
07:21:37.076 [FXGL Background Thread 3 ] DEBUG Engine               - randomSeed: -1
07:21:37.076 [FXGL Background Thread 3 ] DEBUG Engine               - runtimeInfo: RuntimeInfo(platform=WINDOWS, version=21.1, build=27.03.2024 07.52)
07:21:37.076 [FXGL Background Thread 3 ] DEBUG Engine               - saveFileExt: sav
07:21:37.076 [FXGL Background Thread 3 ] DEBUG Engine               - scaledHeightProp$fxgl: DoubleProperty [bound, value: 728.0]
07:21:37.076 [FXGL Background Thread 3 ] DEBUG Engine               - scaledWidthProp$fxgl: DoubleProperty [bound, value: 703.0]
07:21:37.076 [FXGL Background Thread 3 ] DEBUG Engine               - sceneFactory: com.lab.App$1@15e4278
07:21:37.076 [FXGL Background Thread 3 ] DEBUG Engine               - secondsIn24h: 60
07:21:37.076 [FXGL Background Thread 3 ] DEBUG Engine               - soundMenuBack: menu/back.wav
07:21:37.076 [FXGL Background Thread 3 ] DEBUG Engine               - soundMenuPress: menu/press.wav
07:21:37.076 [FXGL Background Thread 3 ] DEBUG Engine               - soundMenuSelect: menu/select.wav
07:21:37.076 [FXGL Background Thread 3 ] DEBUG Engine               - soundNotification: core/notification.wav
07:21:37.077 [FXGL Background Thread 3 ] DEBUG Engine               - stageStyle: DECORATED
07:21:37.077 [FXGL Background Thread 3 ] DEBUG Engine               - supportedLanguages: [ENGLISH, FRENCH, GERMAN, HUNGARIAN, RUSSIAN]
07:21:37.077 [FXGL Background Thread 3 ] DEBUG Engine               - ticksPerSecond: -1
07:21:37.077 [FXGL Background Thread 3 ] DEBUG Engine               - title: Gonvival
07:21:37.077 [FXGL Background Thread 3 ] DEBUG Engine               - urlGithub: https://github.com/AlmasB/FXGL
07:21:37.078 [FXGL Background Thread 3 ] DEBUG Engine               - urlLeaderboard: http://fxgl-top.herokuapp.com/
07:21:37.078 [FXGL Background Thread 3 ] DEBUG Engine               - urlPOM: https://raw.githubusercontent.com/AlmasB/FXGL/release/README.md
07:21:37.078 [FXGL Background Thread 3 ] DEBUG Engine               - userAppClass: class com.lab.App
07:21:37.078 [FXGL Background Thread 3 ] DEBUG Engine               - version: beta
07:21:37.078 [FXGL Background Thread 3 ] DEBUG Engine               - versionCheckDays: 7
07:21:37.078 [FXGL Background Thread 3 ] DEBUG Engine               - width: 800
07:21:37.078 [FXGL Background Thread 3 ] DEBUG Engine               - Logging services
07:21:37.078 [FXGL Background Thread 3 ] DEBUG Engine               - class com.almasb.fxgl.app.services.FXGLAssetLoaderService
07:21:37.078 [FXGL Background Thread 3 ] DEBUG Engine               - class com.almasb.fxgl.app.FXGLApplication$GameApplicationService
07:21:37.078 [FXGL Background Thread 3 ] DEBUG Engine               - class com.almasb.fxgl.app.services.FXGLDialogService
07:21:37.078 [FXGL Background Thread 3 ] DEBUG Engine               - class com.almasb.fxgl.app.services.IOTaskExecutorService
07:21:37.078 [FXGL Background Thread 3 ] DEBUG Engine               - class com.almasb.fxgl.io.FileSystemService
07:21:37.078 [FXGL Background Thread 3 ] DEBUG Engine               - class com.almasb.fxgl.localization.LocalizationService
07:21:37.079 [FXGL Background Thread 3 ] DEBUG Engine               - class com.almasb.fxgl.app.services.SystemBundleService
07:21:37.079 [FXGL Background Thread 3 ] DEBUG Engine               - class com.almasb.fxgl.profile.SaveLoadService
07:21:37.079 [FXGL Background Thread 3 ] DEBUG Engine               - class com.almasb.fxgl.ui.FXGLUIFactoryServiceProvider
07:21:37.079 [FXGL Background Thread 3 ] DEBUG Engine               - class com.almasb.fxgl.ui.FXGLDialogFactoryServiceProvider
07:21:37.079 [FXGL Background Thread 3 ] DEBUG Engine               - class com.almasb.fxgl.audio.AudioPlayer
07:21:37.079 [FXGL Background Thread 3 ] DEBUG Engine               - class com.almasb.fxgl.notification.impl.NotificationServiceProvider
07:21:37.079 [FXGL Background Thread 3 ] DEBUG Engine               - class com.almasb.fxgl.achievement.AchievementService
07:21:37.079 [FXGL Background Thread 3 ] DEBUG Engine               - class com.almasb.fxgl.cutscene.CutsceneService
07:21:37.079 [FXGL Background Thread 3 ] DEBUG Engine               - class com.almasb.fxgl.minigames.MiniGameService
07:21:37.079 [FXGL Background Thread 3 ] DEBUG Engine               - class com.almasb.fxgl.net.NetService
07:21:37.079 [FXGL Background Thread 3 ] DEBUG Engine               - class com.almasb.fxgl.app.services.UpdaterService
07:21:37.079 [FXGL Background Thread 3 ] DEBUG Engine               - class com.almasb.fxgl.dev.DevService
07:21:37.302 [FXGL Background Thread 4 ] DEBUG FXGLAssetLoaderServi - Loading from file system: jar:file:/C:/Users/Khana/.m2/repository/com/github/almasb/fxgl/21.1/fxgl-21.1.jar!/fxglassets/ui/fonts/Abel-Regular.ttf
07:21:37.347 [FXGL Background Thread 4 ] DEBUG FXGLAssetLoaderServi - Loading from file system: jar:file:/C:/Users/Khana/.m2/repository/com/github/almasb/fxgl/21.1/fxgl-21.1.jar!/fxglassets/ui/fonts/TerminalLandMono-Regular.otf
07:21:37.925 [FXGL Background Thread 4 ] DEBUG FXGLAssetLoaderServi - Loading from file system: jar:file:/C:/Users/Khana/.m2/repository/com/github/almasb/fxgl/21.1/fxgl-21.1.jar!/fxglassets/ui/fonts/Courier-Prime.ttf
07:21:38.362 [JavaFX Application Thread] DEBUG FXGLApplication      - Registering font factories with UI factory
07:22:46.719 [JavaFX Application Thread] DEBUG LoopRunner           - Pausing loop
07:22:46.719 [JavaFX Application Thread] DEBUG Menu                 - fireNewGame()
07:22:46.719 [JavaFX Application Thread] DEBUG GameApplicationServi - Starting new game
07:22:46.720 [JavaFX Application Thread] DEBUG PrimaryStageWindow   - Pop state: StartScreen
07:22:46.720 [JavaFX Application Thread] DEBUG Input                - Clearing active input actions
07:22:46.721 [JavaFX Application Thread] DEBUG GameApplicationServi - Removing overlay from StartScreen and adding to FXGLMainMenuDummyScene
07:22:46.721 [JavaFX Application Thread] DEBUG PrimaryStageWindow   - FXGLMainMenuDummyScene <- StartScreen
07:22:46.721 [JavaFX Application Thread] DEBUG Input                - Clearing active input actions
07:22:46.735 [JavaFX Application Thread] DEBUG GameApplicationServi - Removing overlay from FXGLMainMenuDummyScene and adding to FXGLLoadingScene
07:22:46.736 [JavaFX Application Thread] DEBUG PrimaryStageWindow   - FXGLMainMenuDummyScene -> FXGLLoadingScene
07:22:46.736 [JavaFX Application Thread] DEBUG GameApplicationServi - Clearing previous game
07:22:46.736 [JavaFX Application Thread] DEBUG GameScene            - Clearing game scene
07:22:46.736 [JavaFX Application Thread] DEBUG GameWorld            - Clearing game world
07:22:46.736 [JavaFX Application Thread] DEBUG PhysicsWorld         - Clearing physics world
07:22:46.739 [FXGL Background Thread 2 ] DEBUG FXGLApplication      - Initializing game
07:22:46.752 [FXGL Background Thread 2 ] DEBUG FXGLAssetLoaderServi - Loading from file system: file:/E:/Labs/Gonvival/game/target/classes/assets/textures/newmap2.png
07:22:47.823 [FXGL Background Thread 2 ] DEBUG FXGLAssetLoaderServi - Loading from file system: file:/E:/Labs/Gonvival/game/target/classes/assets/textures/idle_down.png
07:22:47.894 [FXGL Background Thread 2 ] DEBUG FXGLAssetLoaderServi - Loading from file system: file:/E:/Labs/Gonvival/game/target/classes/assets/textures/idle_up.png
07:22:47.904 [FXGL Background Thread 2 ] DEBUG FXGLAssetLoaderServi - Loading from file system: file:/E:/Labs/Gonvival/game/target/classes/assets/textures/idle_left_down.png
07:22:47.908 [FXGL Background Thread 2 ] DEBUG FXGLAssetLoaderServi - Loading from file system: file:/E:/Labs/Gonvival/game/target/classes/assets/textures/idle_left_up.png
07:22:47.911 [FXGL Background Thread 2 ] DEBUG FXGLAssetLoaderServi - Loading from file system: file:/E:/Labs/Gonvival/game/target/classes/assets/textures/idle_right_down.png
07:22:47.913 [FXGL Background Thread 2 ] DEBUG FXGLAssetLoaderServi - Loading from file system: file:/E:/Labs/Gonvival/game/target/classes/assets/textures/idle_right_up.png
07:22:47.920 [FXGL Background Thread 2 ] DEBUG FXGLAssetLoaderServi - Loading from file system: file:/E:/Labs/Gonvival/game/target/classes/assets/textures/walk_left_down.png
07:22:47.922 [FXGL Background Thread 2 ] DEBUG FXGLAssetLoaderServi - Loading from file system: file:/E:/Labs/Gonvival/game/target/classes/assets/textures/walk_right_down.png
07:22:47.924 [FXGL Background Thread 2 ] DEBUG FXGLAssetLoaderServi - Loading from file system: file:/E:/Labs/Gonvival/game/target/classes/assets/textures/walk_up.png
07:22:47.927 [FXGL Background Thread 2 ] DEBUG FXGLAssetLoaderServi - Loading from file system: file:/E:/Labs/Gonvival/game/target/classes/assets/textures/walk_down.png
07:22:47.929 [FXGL Background Thread 2 ] DEBUG FXGLAssetLoaderServi - Loading from file system: file:/E:/Labs/Gonvival/game/target/classes/assets/textures/walk_left_up.png
07:22:47.931 [FXGL Background Thread 2 ] DEBUG FXGLAssetLoaderServi - Loading from file system: file:/E:/Labs/Gonvival/game/target/classes/assets/textures/walk_right_up.png
07:22:48.486 [FXGL Background Thread 2 ] DEBUG FXGLAssetLoaderServi - Loading from file system: file:/E:/Labs/Gonvival/game/target/classes/assets/textures/Level.png
07:22:48.497 [FXGL Background Thread 2 ] INFO  FXGLApplication      - Game initialization took: 1.758 sec
07:22:48.727 [JavaFX Application Thread] DEBUG Input                - Clearing active input actions
07:22:48.741 [JavaFX Application Thread] DEBUG GameApplicationServi - Removing overlay from FXGLLoadingScene and adding to GameScene
07:22:48.742 [JavaFX Application Thread] DEBUG PrimaryStageWindow   - FXGLLoadingScene -> GameScene
07:22:50.254 [JavaFX Application Thread] DEBUG LoopRunner           - Resuming loop
07:22:50.359 [JavaFX Application Thread] DEBUG Input                - Registered new binding: SHOOT - LMB
07:22:50.360 [JavaFX Application Thread] DEBUG Input                - Registered new binding: MOVE LEFT - A
07:22:50.360 [JavaFX Application Thread] DEBUG Input                - Registered new binding: MOVE RIGHT - D
07:22:50.361 [JavaFX Application Thread] DEBUG Input                - Registered new binding: MOVE UP - W
07:22:50.361 [JavaFX Application Thread] DEBUG Input                - Registered new binding: MOVE DOWN - S
07:22:51.160 [JavaFX Application Thread] DEBUG FXGLAssetLoaderServi - Loading from file system: file:/E:/Labs/Gonvival/game/target/classes/assets/textures/GraveRevenant.png
07:22:51.945 [JavaFX Application Thread] DEBUG FXGLAssetLoaderServi - Loading from file system: file:/E:/Labs/Gonvival/game/target/classes/assets/textures/arrow.png
07:22:58.246 [JavaFX Application Thread] DEBUG LoopRunner           - Stopping loop
07:22:58.278 [JavaFX Application Thread] FATAL FXGLApplication      - Uncaught Exception:
java.lang.Error: Unresolved compilation problem: 
	The method getHighLevel() is undefined for the type LevelUI

	at com.lab.App.getGameOverMessage(App.java:184)
	at com.lab.App$3.onCollisionBegin(App.java:214)
	at com.almasb.fxgl.physics.CollisionPair.collisionBegin(CollisionPair.java:37)
	at com.almasb.fxgl.physics.PhysicsWorld.collisionBeginFor(PhysicsWorld.java:453)
	at com.almasb.fxgl.physics.PhysicsWorld.checkCollisionsInGroup(PhysicsWorld.java:405)
	at com.almasb.fxgl.physics.PhysicsWorld.checkCollisions(PhysicsWorld.java:373)
	at com.almasb.fxgl.physics.PhysicsWorld.onUpdate(PhysicsWorld.java:179)
	at com.almasb.fxgl.app.scene.GameScene.step(GameScene.kt:229)
	at com.almasb.fxgl.app.scene.GameScene.onUpdate(GameScene.kt:224)
	at com.almasb.fxgl.scene.Scene.update(Scene.kt:105)
	at com.almasb.fxgl.app.MainWindow$update$1.invoke(MainWindow.kt:121)
	at com.almasb.fxgl.app.MainWindow$update$1.invoke(MainWindow.kt:121)
	at com.almasb.fxgl.core.fsm.StateMachine.runOnActiveStates(StateMachine.kt:69)
	at com.almasb.fxgl.app.MainWindow.update(MainWindow.kt:121)
	at com.almasb.fxgl.app.FXGLApplication$GameApplicationService.onUpdate(FXGLApplication.kt:445)
	at com.almasb.fxgl.app.Engine.loop(Engine.kt:134)
	at com.almasb.fxgl.app.Engine.access$loop(Engine.kt:24)
	at com.almasb.fxgl.app.Engine$loop$1.invoke(Engine.kt:28)
	at com.almasb.fxgl.app.Engine$loop$1.invoke(Engine.kt:28)
	at com.almasb.fxgl.app.LoopRunner.frame(LoopRunner.kt:103)
	at com.almasb.fxgl.app.LoopRunner.access$frame(LoopRunner.kt:23)
	at com.almasb.fxgl.app.LoopRunner$impl$2$1.onTick(LoopRunner.kt:57)
	at com.almasb.fxgl.app.AnimationTimerLoop$timer$1.handle(LoopRunner.kt:137)
	at javafx.animation.AnimationTimer$AnimationTimerReceiver.lambda$handle$0(AnimationTimer.java:58)
	at java.base/java.security.AccessController.doPrivileged(AccessController.java:400)
	at javafx.animation.AnimationTimer$AnimationTimerReceiver.handle(AnimationTimer.java:57)
	at com.sun.scenario.animation.AbstractPrimaryTimer.timePulseImpl(AbstractPrimaryTimer.java:356)
	at com.sun.scenario.animation.AbstractPrimaryTimer$MainLoop.run(AbstractPrimaryTimer.java:266)
	at com.sun.javafx.tk.quantum.QuantumToolkit.pulse(QuantumToolkit.java:588)
	at com.sun.javafx.tk.quantum.QuantumToolkit.pulse(QuantumToolkit.java:572)
	at com.sun.javafx.tk.quantum.QuantumToolkit.pulseFromQueue(QuantumToolkit.java:565)
	at com.sun.javafx.tk.quantum.QuantumToolkit.lambda$runToolkit$11(QuantumToolkit.java:352)
	at com.sun.glass.ui.InvokeLaterDispatcher$Future.run(InvokeLaterDispatcher.java:95)
	at com.sun.glass.ui.win.WinApplication._runLoop(Native Method)
	at com.sun.glass.ui.win.WinApplication.lambda$runLoop$3(WinApplication.java:185)
	at java.base/java.lang.Thread.run(Thread.java:1583)

07:22:58.319 [JavaFX Application Thread] FATAL FXGLApplication      - Application will now exit
07:22:58.402 [JavaFX Application Thread] DEBUG PrimaryStageWindow   - Push state: ErrorSubScene
07:22:58.402 [JavaFX Application Thread] DEBUG Input                - Clearing active input actions
07:22:58.407 [JavaFX Application Thread] DEBUG GameApplicationServi - Removing overlay from GameScene and adding to ErrorSubScene
07:22:58.407 [JavaFX Application Thread] DEBUG PrimaryStageWindow   - GameScene -> ErrorSubScene
07:23:01.134 [JavaFX Application Thread] DEBUG FXGLApplication      - Exiting FXGL
07:23:01.134 [JavaFX Application Thread] DEBUG Async                - Shutting down background threads
07:23:01.134 [JavaFX Application Thread] DEBUG PrimaryStageWindow   - Closing main window
07:23:05.249 [JavaFX Application Thread] DEBUG Logger               - Closing Logger
