01:06:23.918 [main                     ] DEBUG Logger               - Configured Logger
01:06:23.973 [main                     ] DEBUG GameApplication      - Logging settings
Title: Gonvival
Version: beta
Width: 800
Height: 800
Fullscreen: false
Intro: false
Profiling: false
Single step:false
App Mode: DEVELOPER
Menu Key: ESCAPE
Stage Style: DECORATED
Scene Factory: class com.almasb.fxgl.app.scene.SceneFactory

01:06:25.355 [JavaFX Application Thread] DEBUG FXGLApplication      - Initializing FXGL
01:06:25.365 [JavaFX Application Thread] INFO  Engine               - FXGL-21.1 (27.03.2024 07.52) on WINDOWS (J:21.0.5 FX:21.0.1)
01:06:25.366 [JavaFX Application Thread] DEBUG Engine               - JRE Vendor Name: Eclipse Adoptium
01:06:25.366 [JavaFX Application Thread] DEBUG Engine               - Running on OS: Windows 10 version 10.0
01:06:25.367 [JavaFX Application Thread] DEBUG Engine               - Architecture: amd64
01:06:25.367 [JavaFX Application Thread] INFO  Engine               - Source code and latest versions at: https://github.com/AlmasB/FXGL
01:06:25.368 [JavaFX Application Thread] INFO  Engine               -       Ask questions and discuss at: https://github.com/AlmasB/FXGL/discussions
01:06:25.369 [JavaFX Application Thread] INFO  Engine               -              Join the FXGL chat at: https://gitter.im/AlmasB/FXGL
01:06:25.612 [JavaFX Application Thread] DEBUG PrimaryStageWindow   - Creating a JavaFX scene
01:06:25.613 [JavaFX Application Thread] DEBUG PrimaryStageWindow   - Target size > screen size
01:06:25.719 [JavaFX Application Thread] DEBUG PrimaryStageWindow   - Target settings size: 800.0 x 800.0
01:06:25.720 [JavaFX Application Thread] DEBUG PrimaryStageWindow   - Scaled scene size:    703.0 x 728.0
01:06:25.721 [JavaFX Application Thread] DEBUG PrimaryStageWindow   - Scaled ratio: (0.87875, 0.91)
01:06:25.725 [JavaFX Application Thread] DEBUG PrimaryStageWindow   - Set initial scene to FXGLStartupScene
01:06:25.733 [JavaFX Application Thread] DEBUG PrimaryStageWindow   - Opening main window
01:06:25.978 [JavaFX Application Thread] DEBUG PrimaryStageWindow   - Window border size: (16.0, 39.0)
01:06:25.980 [JavaFX Application Thread] DEBUG PrimaryStageWindow   - Scaled size: 703.0 x 728.0
01:06:25.980 [JavaFX Application Thread] DEBUG PrimaryStageWindow   - Scaled ratio: (0.87875, 0.91)
01:06:25.981 [JavaFX Application Thread] DEBUG PrimaryStageWindow   - Scene size: 703.0 x 728.0
01:06:25.982 [JavaFX Application Thread] DEBUG PrimaryStageWindow   - Stage size: 719.0 x 767.0
01:06:26.000 [FXGL Background Thread 1 ] DEBUG Engine               - Initializing environment variables
01:06:26.348 [FXGL Background Thread 1 ] DEBUG FXGLAssetLoaderServi - User app class for loading assets: class com.lab.App
01:06:26.349 [FXGL Background Thread 1 ] DEBUG GameApplicationServi - Applying CSS: fxgl_dark.css
01:06:26.350 [FXGL Background Thread 1 ] DEBUG FXGLAssetLoaderServi - Loading from file system: jar:file:/C:/Users/Khana/.m2/repository/com/github/almasb/fxgl/21.1/fxgl-21.1.jar!/fxglassets/ui/css/fxgl_dark.css
01:06:26.552 [FXGL Background Thread 1 ] DEBUG GameApplicationServi - Initializing application scenes
01:06:26.932 [FXGL Background Thread 1 ] DEBUG GameWorld            - Game world initialized
01:06:27.145 [FXGL Background Thread 1 ] DEBUG PhysicsWorld         - Physics world initialized: appHeight=800, physics.ppm=50.0
01:06:27.145 [FXGL Background Thread 1 ] DEBUG PhysicsWorld         - Using strategy: BRUTE_FORCE
01:06:27.172 [FXGL Background Thread 1 ] DEBUG GameScene            - Game scene initialized: 800x800
01:06:27.255 [FXGL Background Thread 1 ] DEBUG FXGL.DefaultMenu     - createMenuBodyMainMenu()
01:06:27.330 [FXGL Background Thread 1 ] DEBUG FXGL.DefaultMenu     - createOptionsMenu()
01:06:27.365 [FXGL Background Thread 1 ] DEBUG FXGLAssetLoaderServi - Loading from file system: jar:file:/C:/Users/Khana/.m2/repository/com/github/almasb/fxgl/21.1/fxgl-21.1.jar!/fxglassets/textures/particles/smoke.png
01:06:28.148 [FXGL Background Thread 1 ] DEBUG FXGLAssetLoaderServi - Loading from file system: jar:file:/C:/Users/Khana/.m2/repository/com/github/almasb/fxgl/21.1/fxgl-21.1.jar!/fxglassets/textures/particles/trace_horizontal.png
01:06:28.328 [FXGL Background Thread 1 ] DEBUG FXGL.DefaultMenu     - createMenuBodyGameMenu()
01:06:28.340 [FXGL Background Thread 1 ] DEBUG FXGL.DefaultMenu     - createOptionsMenu()
01:06:28.420 [FXGL Background Thread 1 ] DEBUG GameApplicationServi - Application scenes initialized
01:06:28.452 [FXGL Background Thread 1 ] DEBUG SystemBundleService  - Loading FXGL system data
01:06:28.669 [FXGL Background Thread 1 ] DEBUG FileSystemAccess     - Reading from: E:\Labs\Gonvival\system\fxgl.bundle
01:06:28.684 [FXGL Background Thread 1 ] DEBUG SystemBundleService  - Bundle FXGL: {}
01:06:28.684 [FXGL Background Thread 1 ] DEBUG UpdaterService       - Checking for updates
01:06:28.692 [FXGL Background Thread 4 ] DEBUG FXGLApplication      - Loading fonts
01:06:28.694 [FXGL Background Thread 1 ] DEBUG FXGLApplication      - Loading default localization
01:06:28.695 [FXGL Background Thread 1 ] DEBUG FXGLAssetLoaderServi - Loading from file system: jar:file:/C:/Users/Khana/.m2/repository/com/github/almasb/fxgl/21.1/fxgl-21.1.jar!/fxglassets/languages/english.lang
01:06:28.694 [FXGL Background Thread 4 ] DEBUG FXGLAssetLoaderServi - Loading from file system: jar:file:/C:/Users/Khana/.m2/repository/com/github/almasb/fxgl/21.1/fxgl-21.1.jar!/fxglassets/ui/fonts/VarelaRound-Regular.ttf
01:06:28.768 [FXGL Background Thread 1 ] INFO  FXGLApplication      - FXGL initialization took: 2.769 sec
01:06:28.775 [JavaFX Application Thread] DEBUG FXGLAssetLoaderServi - Loading from file system: jar:file:/C:/Users/Khana/.m2/repository/com/github/almasb/fxgl/21.1/fxgl-21.1.jar!/fxglassets/textures/fxgl_icon.png
01:06:28.840 [JavaFX Application Thread] DEBUG FXGLAssetLoaderServi - Loading from file system: jar:file:/C:/Users/Khana/.m2/repository/com/github/almasb/fxgl/21.1/fxgl-21.1.jar!/fxglassets/textures/fxgl_default_cursor.png
01:06:28.885 [FXGL Background Thread 4 ] DEBUG FXGLAssetLoaderServi - Loading from file system: jar:file:/C:/Users/Khana/.m2/repository/com/github/almasb/fxgl/21.1/fxgl-21.1.jar!/fxglassets/ui/fonts/Abel-Regular.ttf
01:06:28.893 [FXGL Background Thread 4 ] DEBUG FXGLAssetLoaderServi - Loading from file system: jar:file:/C:/Users/Khana/.m2/repository/com/github/almasb/fxgl/21.1/fxgl-21.1.jar!/fxglassets/ui/fonts/TerminalLandMono-Regular.otf
01:06:28.903 [FXGL Background Thread 4 ] DEBUG FXGLAssetLoaderServi - Loading from file system: jar:file:/C:/Users/Khana/.m2/repository/com/github/almasb/fxgl/21.1/fxgl-21.1.jar!/fxglassets/ui/fonts/Courier-Prime.ttf
01:06:28.913 [JavaFX Application Thread] DEBUG Input                - Registered new binding: Screenshot - CTRL+8
01:06:28.915 [JavaFX Application Thread] DEBUG Input                - Registered new binding: System info dump - CTRL+9
01:06:28.917 [JavaFX Application Thread] DEBUG Input                - Registered new binding: Restart - CTRL+R
01:06:28.918 [JavaFX Application Thread] DEBUG Input                - Registered new binding: Toggle Debug Camera - CTRL+7
01:06:28.926 [JavaFX Application Thread] DEBUG LoopRunner           - Starting loop
01:06:28.926 [JavaFX Application Thread] DEBUG LoopRunner           - Initializing JavaFX AnimationTimerLoop
01:06:28.932 [JavaFX Application Thread] DEBUG Input                - Clearing active input actions
01:06:28.950 [JavaFX Application Thread] DEBUG GameApplicationServi - Removing overlay from FXGLStartupScene and adding to FXGLMainMenuDummyScene
01:06:28.951 [JavaFX Application Thread] DEBUG PrimaryStageWindow   - FXGLStartupScene -> FXGLMainMenuDummyScene
01:06:28.951 [JavaFX Application Thread] DEBUG PrimaryStageWindow   - Push state: FXGLDefaultMenu
01:06:29.145 [JavaFX Application Thread] DEBUG Input                - Clearing active input actions
01:06:29.182 [JavaFX Application Thread] DEBUG GameApplicationServi - Removing overlay from FXGLMainMenuDummyScene and adding to FXGLDefaultMenu
01:06:29.183 [JavaFX Application Thread] DEBUG PrimaryStageWindow   - FXGLMainMenuDummyScene -> FXGLDefaultMenu
01:06:29.183 [JavaFX Application Thread] DEBUG FXGLApplication      - Registering font factories with UI factory
01:06:31.689 [FXGL Background Thread 3 ] DEBUG Engine               - Logging environment variables
01:06:31.690 [FXGL Background Thread 3 ] DEBUG Engine               - achievements: []
01:06:31.690 [FXGL Background Thread 3 ] DEBUG Engine               - actualHeight: 728.0
01:06:31.690 [FXGL Background Thread 3 ] DEBUG Engine               - actualHeightProperty: ReadOnlyDoubleProperty [value: 728.0]
01:06:31.691 [FXGL Background Thread 3 ] DEBUG Engine               - actualWidth: 703.0
01:06:31.691 [FXGL Background Thread 3 ] DEBUG Engine               - actualWidthProperty: ReadOnlyDoubleProperty [value: 703.0]
01:06:31.691 [FXGL Background Thread 3 ] DEBUG Engine               - appIcon: fxgl_icon.png
01:06:31.691 [FXGL Background Thread 3 ] DEBUG Engine               - applicationMode: DEVELOPER
01:06:31.691 [FXGL Background Thread 3 ] DEBUG Engine               - cSSList: [fxgl_dark.css]
01:06:31.691 [FXGL Background Thread 3 ] DEBUG Engine               - collisionDetectionStrategy: BRUTE_FORCE
01:06:31.691 [FXGL Background Thread 3 ] DEBUG Engine               - configClass: Optional.empty
01:06:31.691 [FXGL Background Thread 3 ] DEBUG Engine               - credits: []
01:06:31.692 [FXGL Background Thread 3 ] DEBUG Engine               - defaultCursor: CursorInfo(imageName=fxgl_default_cursor.png, hotspotX=7.0, hotspotY=6.0)
01:06:31.693 [FXGL Background Thread 3 ] DEBUG Engine               - devBBoxColorProperty: ObjectProperty [value: 0xff0000ff]
01:06:31.693 [FXGL Background Thread 3 ] DEBUG Engine               - devEnableDebugCameraProperty: BooleanProperty [value: false]
01:06:31.693 [FXGL Background Thread 3 ] DEBUG Engine               - devSensorColorProperty: ObjectProperty [value: 0xffff00ff]
01:06:31.693 [FXGL Background Thread 3 ] DEBUG Engine               - devShowBBoxProperty: BooleanProperty [value: false]
01:06:31.693 [FXGL Background Thread 3 ] DEBUG Engine               - devShowPositionProperty: BooleanProperty [value: false]
01:06:31.694 [FXGL Background Thread 3 ] DEBUG Engine               - enabledMenuItems: []
01:06:31.694 [FXGL Background Thread 3 ] DEBUG Engine               - engineServices: [class com.almasb.fxgl.app.services.FXGLAssetLoaderService, class com.almasb.fxgl.app.FXGLApplication$GameApplicationService, class com.almasb.fxgl.app.services.FXGLDialogService, class com.almasb.fxgl.app.services.IOTaskExecutorService, class com.almasb.fxgl.io.FileSystemService, class com.almasb.fxgl.localization.LocalizationService, class com.almasb.fxgl.app.services.SystemBundleService, class com.almasb.fxgl.profile.SaveLoadService, class com.almasb.fxgl.ui.FXGLUIFactoryServiceProvider, class com.almasb.fxgl.ui.FXGLDialogFactoryServiceProvider, class com.almasb.fxgl.audio.AudioPlayer, class com.almasb.fxgl.notification.impl.NotificationServiceProvider, class com.almasb.fxgl.achievement.AchievementService, class com.almasb.fxgl.cutscene.CutsceneService, class com.almasb.fxgl.minigames.MiniGameService, class com.almasb.fxgl.net.NetService, class com.almasb.fxgl.app.services.UpdaterService, class com.almasb.fxgl.dev.DevService]
01:06:31.694 [FXGL Background Thread 3 ] DEBUG Engine               - fontGame: Abel-Regular.ttf
01:06:31.694 [FXGL Background Thread 3 ] DEBUG Engine               - fontMono: TerminalLandMono-Regular.otf
01:06:31.694 [FXGL Background Thread 3 ] DEBUG Engine               - fontSizeScaleUI: 1.0
01:06:31.694 [FXGL Background Thread 3 ] DEBUG Engine               - fontText: Courier-Prime.ttf
01:06:31.694 [FXGL Background Thread 3 ] DEBUG Engine               - fontUI: VarelaRound-Regular.ttf
01:06:31.694 [FXGL Background Thread 3 ] DEBUG Engine               - fullScreen: BooleanProperty [value: false]
01:06:31.694 [FXGL Background Thread 3 ] DEBUG Engine               - gameDifficulty: MEDIUM
01:06:31.694 [FXGL Background Thread 3 ] DEBUG Engine               - gameDifficultyProperty: ObjectProperty [value: MEDIUM]
01:06:31.694 [FXGL Background Thread 3 ] DEBUG Engine               - globalMusicVolume: 0.5
01:06:31.695 [FXGL Background Thread 3 ] DEBUG Engine               - globalMusicVolumeProperty: DoubleProperty [value: 0.5]
01:06:31.695 [FXGL Background Thread 3 ] DEBUG Engine               - globalSoundVolume: 0.5
01:06:31.695 [FXGL Background Thread 3 ] DEBUG Engine               - globalSoundVolumeProperty: DoubleProperty [value: 0.5]
01:06:31.695 [FXGL Background Thread 3 ] DEBUG Engine               - height: 800
01:06:31.695 [FXGL Background Thread 3 ] DEBUG Engine               - is3D: false
01:06:31.695 [FXGL Background Thread 3 ] DEBUG Engine               - isAndroid: false
01:06:31.695 [FXGL Background Thread 3 ] DEBUG Engine               - isBrowser: false
01:06:31.695 [FXGL Background Thread 3 ] DEBUG Engine               - isClickFeedbackEnabled: false
01:06:31.696 [FXGL Background Thread 3 ] DEBUG Engine               - isCloseConfirmation: false
01:06:31.696 [FXGL Background Thread 3 ] DEBUG Engine               - isDesktop: true
01:06:31.696 [FXGL Background Thread 3 ] DEBUG Engine               - isDeveloperMenuEnabled: false
01:06:31.696 [FXGL Background Thread 3 ] DEBUG Engine               - isEmbedded: false
01:06:31.696 [FXGL Background Thread 3 ] DEBUG Engine               - isEntityPreloadEnabled: true
01:06:31.696 [FXGL Background Thread 3 ] DEBUG Engine               - isExperimentalTiledLargeMap: false
01:06:31.696 [FXGL Background Thread 3 ] DEBUG Engine               - isFileSystemWriteAllowed: true
01:06:31.696 [FXGL Background Thread 3 ] DEBUG Engine               - isFullScreenAllowed: false
01:06:31.696 [FXGL Background Thread 3 ] DEBUG Engine               - isFullScreenFromStart: false
01:06:31.697 [FXGL Background Thread 3 ] DEBUG Engine               - isGameMenuEnabled: true
01:06:31.697 [FXGL Background Thread 3 ] DEBUG Engine               - isIOS: false
01:06:31.697 [FXGL Background Thread 3 ] DEBUG Engine               - isIntroEnabled: false
01:06:31.697 [FXGL Background Thread 3 ] DEBUG Engine               - isLinux: false
01:06:31.697 [FXGL Background Thread 3 ] DEBUG Engine               - isMac: false
01:06:31.697 [FXGL Background Thread 3 ] DEBUG Engine               - isMainMenuEnabled: true
01:06:31.697 [FXGL Background Thread 3 ] DEBUG Engine               - isManualResizeEnabled: false
01:06:31.697 [FXGL Background Thread 3 ] DEBUG Engine               - isMobile: false
01:06:31.697 [FXGL Background Thread 3 ] DEBUG Engine               - isNative: false
01:06:31.697 [FXGL Background Thread 3 ] DEBUG Engine               - isPauseMusicWhenMinimized: true
01:06:31.698 [FXGL Background Thread 3 ] DEBUG Engine               - isPreserveResizeRatio: false
01:06:31.698 [FXGL Background Thread 3 ] DEBUG Engine               - isProfilingEnabled: false
01:06:31.698 [FXGL Background Thread 3 ] DEBUG Engine               - isScaleAffectedOnResize: true
01:06:31.698 [FXGL Background Thread 3 ] DEBUG Engine               - isSingleStep: false
01:06:31.698 [FXGL Background Thread 3 ] DEBUG Engine               - isUserProfileEnabled: false
01:06:31.698 [FXGL Background Thread 3 ] DEBUG Engine               - isWindows: true
01:06:31.698 [FXGL Background Thread 3 ] DEBUG Engine               - language: ObjectProperty [value: ENGLISH]
01:06:31.698 [FXGL Background Thread 3 ] DEBUG Engine               - menuKey: ESCAPE
01:06:31.698 [FXGL Background Thread 3 ] DEBUG Engine               - mouseSensitivity: 0.2
01:06:31.698 [FXGL Background Thread 3 ] DEBUG Engine               - notificationViewClass: class com.almasb.fxgl.notification.view.XboxNotificationView
01:06:31.699 [FXGL Background Thread 3 ] DEBUG Engine               - pixelsPerMeter: 50.0
01:06:31.699 [FXGL Background Thread 3 ] DEBUG Engine               - platform: WINDOWS
01:06:31.699 [FXGL Background Thread 3 ] DEBUG Engine               - prefHeightProperty: ReadOnlyDoubleProperty [value: 800.0]
01:06:31.699 [FXGL Background Thread 3 ] DEBUG Engine               - prefWidthProperty: ReadOnlyDoubleProperty [value: 800.0]
01:06:31.699 [FXGL Background Thread 3 ] DEBUG Engine               - profileDir: profiles/
01:06:31.699 [FXGL Background Thread 3 ] DEBUG Engine               - profileName: StringProperty [value: DEFAULT]
01:06:31.699 [FXGL Background Thread 3 ] DEBUG Engine               - randomSeed: -1
01:06:31.700 [FXGL Background Thread 3 ] DEBUG Engine               - runtimeInfo: RuntimeInfo(platform=WINDOWS, version=21.1, build=27.03.2024 07.52)
01:06:31.700 [FXGL Background Thread 3 ] DEBUG Engine               - saveFileExt: sav
01:06:31.700 [FXGL Background Thread 3 ] DEBUG Engine               - scaledHeightProp$fxgl: DoubleProperty [bound, value: 728.0]
01:06:31.700 [FXGL Background Thread 3 ] DEBUG Engine               - scaledWidthProp$fxgl: DoubleProperty [bound, value: 703.0]
01:06:31.700 [FXGL Background Thread 3 ] DEBUG Engine               - sceneFactory: com.almasb.fxgl.app.scene.SceneFactory@b371655
01:06:31.700 [FXGL Background Thread 3 ] DEBUG Engine               - secondsIn24h: 60
01:06:31.700 [FXGL Background Thread 3 ] DEBUG Engine               - soundMenuBack: menu/back.wav
01:06:31.700 [FXGL Background Thread 3 ] DEBUG Engine               - soundMenuPress: menu/press.wav
01:06:31.700 [FXGL Background Thread 3 ] DEBUG Engine               - soundMenuSelect: menu/select.wav
01:06:31.700 [FXGL Background Thread 3 ] DEBUG Engine               - soundNotification: core/notification.wav
01:06:31.701 [FXGL Background Thread 3 ] DEBUG Engine               - stageStyle: DECORATED
01:06:31.701 [FXGL Background Thread 3 ] DEBUG Engine               - supportedLanguages: [ENGLISH, FRENCH, GERMAN, HUNGARIAN, RUSSIAN]
01:06:31.701 [FXGL Background Thread 3 ] DEBUG Engine               - ticksPerSecond: -1
01:06:31.701 [FXGL Background Thread 3 ] DEBUG Engine               - title: Gonvival
01:06:31.701 [FXGL Background Thread 3 ] DEBUG Engine               - urlGithub: https://github.com/AlmasB/FXGL
01:06:31.701 [FXGL Background Thread 3 ] DEBUG Engine               - urlLeaderboard: http://fxgl-top.herokuapp.com/
01:06:31.701 [FXGL Background Thread 3 ] DEBUG Engine               - urlPOM: https://raw.githubusercontent.com/AlmasB/FXGL/release/README.md
01:06:31.701 [FXGL Background Thread 3 ] DEBUG Engine               - userAppClass: class com.lab.App
01:06:31.701 [FXGL Background Thread 3 ] DEBUG Engine               - version: beta
01:06:31.701 [FXGL Background Thread 3 ] DEBUG Engine               - versionCheckDays: 7
01:06:31.701 [FXGL Background Thread 3 ] DEBUG Engine               - width: 800
01:06:31.701 [FXGL Background Thread 3 ] DEBUG Engine               - Logging services
01:06:31.702 [FXGL Background Thread 3 ] DEBUG Engine               - class com.almasb.fxgl.app.services.FXGLAssetLoaderService
01:06:31.702 [FXGL Background Thread 3 ] DEBUG Engine               - class com.almasb.fxgl.app.FXGLApplication$GameApplicationService
01:06:31.702 [FXGL Background Thread 3 ] DEBUG Engine               - class com.almasb.fxgl.app.services.FXGLDialogService
01:06:31.702 [FXGL Background Thread 3 ] DEBUG Engine               - class com.almasb.fxgl.app.services.IOTaskExecutorService
01:06:31.702 [FXGL Background Thread 3 ] DEBUG Engine               - class com.almasb.fxgl.io.FileSystemService
01:06:31.702 [FXGL Background Thread 3 ] DEBUG Engine               - class com.almasb.fxgl.localization.LocalizationService
01:06:31.702 [FXGL Background Thread 3 ] DEBUG Engine               - class com.almasb.fxgl.app.services.SystemBundleService
01:06:31.702 [FXGL Background Thread 3 ] DEBUG Engine               - class com.almasb.fxgl.profile.SaveLoadService
01:06:31.702 [FXGL Background Thread 3 ] DEBUG Engine               - class com.almasb.fxgl.ui.FXGLUIFactoryServiceProvider
01:06:31.702 [FXGL Background Thread 3 ] DEBUG Engine               - class com.almasb.fxgl.ui.FXGLDialogFactoryServiceProvider
01:06:31.703 [FXGL Background Thread 3 ] DEBUG Engine               - class com.almasb.fxgl.audio.AudioPlayer
01:06:31.703 [FXGL Background Thread 3 ] DEBUG Engine               - class com.almasb.fxgl.notification.impl.NotificationServiceProvider
01:06:31.703 [FXGL Background Thread 3 ] DEBUG Engine               - class com.almasb.fxgl.achievement.AchievementService
01:06:31.703 [FXGL Background Thread 3 ] DEBUG Engine               - class com.almasb.fxgl.cutscene.CutsceneService
01:06:31.703 [FXGL Background Thread 3 ] DEBUG Engine               - class com.almasb.fxgl.minigames.MiniGameService
01:06:31.703 [FXGL Background Thread 3 ] DEBUG Engine               - class com.almasb.fxgl.net.NetService
01:06:31.703 [FXGL Background Thread 3 ] DEBUG Engine               - class com.almasb.fxgl.app.services.UpdaterService
01:06:31.703 [FXGL Background Thread 3 ] DEBUG Engine               - class com.almasb.fxgl.dev.DevService
01:06:31.850 [JavaFX Application Thread] DEBUG Menu                 - fireNewGame()
01:06:31.851 [JavaFX Application Thread] DEBUG GameApplicationServi - Starting new game
01:06:31.854 [JavaFX Application Thread] DEBUG PrimaryStageWindow   - Pop state: FXGLDefaultMenu
01:06:31.855 [JavaFX Application Thread] DEBUG Input                - Clearing active input actions
01:06:31.857 [JavaFX Application Thread] DEBUG GameApplicationServi - Removing overlay from FXGLDefaultMenu and adding to FXGLMainMenuDummyScene
01:06:31.858 [JavaFX Application Thread] DEBUG PrimaryStageWindow   - FXGLMainMenuDummyScene <- FXGLDefaultMenu
01:06:31.858 [JavaFX Application Thread] DEBUG Input                - Clearing active input actions
01:06:31.880 [JavaFX Application Thread] DEBUG GameApplicationServi - Removing overlay from FXGLMainMenuDummyScene and adding to FXGLLoadingScene
01:06:31.880 [JavaFX Application Thread] DEBUG PrimaryStageWindow   - FXGLMainMenuDummyScene -> FXGLLoadingScene
01:06:31.880 [JavaFX Application Thread] DEBUG GameApplicationServi - Clearing previous game
01:06:31.881 [JavaFX Application Thread] DEBUG GameScene            - Clearing game scene
01:06:31.881 [JavaFX Application Thread] DEBUG GameWorld            - Clearing game world
01:06:31.881 [JavaFX Application Thread] DEBUG PhysicsWorld         - Clearing physics world
01:06:31.884 [FXGL Background Thread 2 ] DEBUG FXGLApplication      - Initializing game
01:06:31.902 [FXGL Background Thread 2 ] DEBUG FXGLAssetLoaderServi - Loading from file system: file:/E:/Labs/Gonvival/game/target/classes/assets/textures/map.png
01:06:32.345 [FXGL Background Thread 2 ] DEBUG FXGLAssetLoaderServi - Loading from file system: file:/E:/Labs/Gonvival/game/target/classes/assets/textures/idle_down.png
01:06:32.441 [FXGL Background Thread 2 ] DEBUG FXGLAssetLoaderServi - Loading from file system: file:/E:/Labs/Gonvival/game/target/classes/assets/textures/idle_up.png
01:06:32.444 [FXGL Background Thread 2 ] DEBUG FXGLAssetLoaderServi - Loading from file system: file:/E:/Labs/Gonvival/game/target/classes/assets/textures/idle_left_down.png
01:06:32.451 [FXGL Background Thread 2 ] DEBUG FXGLAssetLoaderServi - Loading from file system: file:/E:/Labs/Gonvival/game/target/classes/assets/textures/idle_left_up.png
01:06:32.454 [FXGL Background Thread 2 ] DEBUG FXGLAssetLoaderServi - Loading from file system: file:/E:/Labs/Gonvival/game/target/classes/assets/textures/idle_right_down.png
01:06:32.458 [FXGL Background Thread 2 ] DEBUG FXGLAssetLoaderServi - Loading from file system: file:/E:/Labs/Gonvival/game/target/classes/assets/textures/idle_right_up.png
01:06:32.466 [FXGL Background Thread 2 ] DEBUG FXGLAssetLoaderServi - Loading from file system: file:/E:/Labs/Gonvival/game/target/classes/assets/textures/walk_left_down.png
01:06:32.469 [FXGL Background Thread 2 ] DEBUG FXGLAssetLoaderServi - Loading from file system: file:/E:/Labs/Gonvival/game/target/classes/assets/textures/walk_right_down.png
01:06:32.471 [FXGL Background Thread 2 ] DEBUG FXGLAssetLoaderServi - Loading from file system: file:/E:/Labs/Gonvival/game/target/classes/assets/textures/walk_up.png
01:06:32.477 [FXGL Background Thread 2 ] DEBUG FXGLAssetLoaderServi - Loading from file system: file:/E:/Labs/Gonvival/game/target/classes/assets/textures/walk_down.png
01:06:32.479 [FXGL Background Thread 2 ] DEBUG FXGLAssetLoaderServi - Loading from file system: file:/E:/Labs/Gonvival/game/target/classes/assets/textures/walk_left_up.png
01:06:32.482 [FXGL Background Thread 2 ] DEBUG FXGLAssetLoaderServi - Loading from file system: file:/E:/Labs/Gonvival/game/target/classes/assets/textures/walk_right_up.png
01:06:32.697 [FXGL Background Thread 2 ] INFO  FXGLApplication      - Game initialization took: 0.814 sec
01:06:32.709 [JavaFX Application Thread] DEBUG Input                - Clearing active input actions
01:06:32.721 [JavaFX Application Thread] DEBUG GameApplicationServi - Removing overlay from FXGLLoadingScene and adding to GameScene
01:06:32.721 [JavaFX Application Thread] DEBUG PrimaryStageWindow   - FXGLLoadingScene -> GameScene
01:06:32.844 [JavaFX Application Thread] DEBUG Input                - Registered new binding: SHOOT - LMB
01:06:32.845 [JavaFX Application Thread] DEBUG Input                - Registered new binding: MOVE LEFT - A
01:06:32.845 [JavaFX Application Thread] DEBUG Input                - Registered new binding: MOVE RIGHT - D
01:06:32.845 [JavaFX Application Thread] DEBUG Input                - Registered new binding: MOVE UP - W
01:06:32.845 [JavaFX Application Thread] DEBUG Input                - Registered new binding: MOVE DOWN - S
01:06:33.181 [JavaFX Application Thread] DEBUG FXGLAssetLoaderServi - Loading from file system: file:/E:/Labs/Gonvival/game/target/classes/assets/textures/evil.png
01:06:33.762 [JavaFX Application Thread] DEBUG FXGLAssetLoaderServi - Loading from file system: file:/E:/Labs/Gonvival/game/target/classes/assets/textures/arrow.png
01:06:37.721 [JavaFX Application Thread] DEBUG PrimaryStageWindow   - Push state: FXGLDefaultMenu
01:06:37.722 [JavaFX Application Thread] DEBUG Input                - Clearing active input actions
01:06:37.724 [JavaFX Application Thread] DEBUG GameApplicationServi - Removing overlay from GameScene and adding to FXGLDefaultMenu
01:06:37.724 [JavaFX Application Thread] DEBUG PrimaryStageWindow   - GameScene -> FXGLDefaultMenu
01:06:38.843 [JavaFX Application Thread] DEBUG PrimaryStageWindow   - Pop state: FXGLDefaultMenu
01:06:38.843 [JavaFX Application Thread] DEBUG Input                - Clearing active input actions
01:06:38.844 [JavaFX Application Thread] DEBUG GameApplicationServi - Removing overlay from FXGLDefaultMenu and adding to GameScene
01:06:38.844 [JavaFX Application Thread] DEBUG PrimaryStageWindow   - GameScene <- FXGLDefaultMenu
01:07:07.933 [JavaFX Application Thread] DEBUG PrimaryStageWindow   - Push state: DialogSubScene
01:07:07.934 [JavaFX Application Thread] DEBUG Input                - Clearing active input actions
01:07:07.935 [JavaFX Application Thread] DEBUG GameApplicationServi - Removing overlay from GameScene and adding to DialogSubScene
01:07:07.935 [JavaFX Application Thread] DEBUG PrimaryStageWindow   - GameScene -> DialogSubScene
01:07:08.928 [JavaFX Application Thread] DEBUG PrimaryStageWindow   - Pop state: DialogSubScene
01:07:08.928 [JavaFX Application Thread] DEBUG Input                - Clearing active input actions
01:07:08.929 [JavaFX Application Thread] DEBUG GameApplicationServi - Removing overlay from DialogSubScene and adding to GameScene
01:07:08.929 [JavaFX Application Thread] DEBUG PrimaryStageWindow   - GameScene <- DialogSubScene
01:07:08.929 [JavaFX Application Thread] DEBUG Input                - Clearing active input actions
01:07:08.937 [JavaFX Application Thread] DEBUG GameApplicationServi - Removing overlay from GameScene and adding to FXGLMainMenuDummyScene
01:07:08.937 [JavaFX Application Thread] DEBUG PrimaryStageWindow   - GameScene -> FXGLMainMenuDummyScene
01:07:08.937 [JavaFX Application Thread] DEBUG PrimaryStageWindow   - Push state: FXGLDefaultMenu
01:07:08.937 [JavaFX Application Thread] DEBUG Input                - Clearing active input actions
01:07:08.941 [JavaFX Application Thread] DEBUG GameApplicationServi - Removing overlay from FXGLMainMenuDummyScene and adding to FXGLDefaultMenu
01:07:08.941 [JavaFX Application Thread] DEBUG PrimaryStageWindow   - FXGLMainMenuDummyScene -> FXGLDefaultMenu
01:07:10.853 [JavaFX Application Thread] DEBUG Menu                 - fireNewGame()
01:07:10.854 [JavaFX Application Thread] DEBUG GameApplicationServi - Starting new game
01:07:10.854 [JavaFX Application Thread] DEBUG PrimaryStageWindow   - Pop state: FXGLDefaultMenu
01:07:10.854 [JavaFX Application Thread] DEBUG Input                - Clearing active input actions
01:07:10.856 [JavaFX Application Thread] DEBUG GameApplicationServi - Removing overlay from FXGLDefaultMenu and adding to FXGLMainMenuDummyScene
01:07:10.856 [JavaFX Application Thread] DEBUG PrimaryStageWindow   - FXGLMainMenuDummyScene <- FXGLDefaultMenu
01:07:10.856 [JavaFX Application Thread] DEBUG Input                - Clearing active input actions
01:07:10.870 [JavaFX Application Thread] DEBUG GameApplicationServi - Removing overlay from FXGLMainMenuDummyScene and adding to FXGLLoadingScene
01:07:10.870 [JavaFX Application Thread] DEBUG PrimaryStageWindow   - FXGLMainMenuDummyScene -> FXGLLoadingScene
01:07:10.870 [JavaFX Application Thread] DEBUG GameApplicationServi - Clearing previous game
01:07:10.870 [JavaFX Application Thread] DEBUG GameScene            - Clearing game scene
01:07:10.870 [JavaFX Application Thread] DEBUG GameWorld            - Clearing game world
01:07:10.878 [JavaFX Application Thread] DEBUG PhysicsWorld         - Clearing physics world
01:07:10.879 [FXGL Background Thread 2 ] DEBUG FXGLApplication      - Initializing game
01:07:10.883 [FXGL Background Thread 2 ] INFO  FXGLApplication      - Game initialization took: 0.004 sec
01:07:10.920 [JavaFX Application Thread] DEBUG Input                - Clearing active input actions
01:07:10.928 [JavaFX Application Thread] DEBUG GameApplicationServi - Removing overlay from FXGLLoadingScene and adding to GameScene
01:07:10.928 [JavaFX Application Thread] DEBUG PrimaryStageWindow   - FXGLLoadingScene -> GameScene
01:07:11.003 [JavaFX Application Thread] DEBUG LoopRunner           - Stopping loop
01:07:11.081 [JavaFX Application Thread] FATAL FXGLApplication      - Uncaught Exception:
java.lang.IllegalArgumentException: Action already exists: SHOOT
	at com.almasb.fxgl.input.Input.addBinding(Input.kt:504)
	at com.almasb.fxgl.input.Input.addAction(Input.kt:487)
	at com.almasb.fxgl.input.Input.addAction$default(Input.kt:486)
	at com.almasb.fxgl.input.Input.addAction(Input.kt)
	at com.lab.App.initInput(App.java:122)
	at com.lab.App.lambda$1(App.java:78)
	at com.almasb.fxgl.time.TimerAction.update(TimerAction.kt:69)
	at com.almasb.fxgl.time.Timer.update(Timer.kt:38)
	at com.almasb.fxgl.scene.Scene.update(Scene.kt:104)
	at com.almasb.fxgl.app.MainWindow$update$1.invoke(MainWindow.kt:121)
	at com.almasb.fxgl.app.MainWindow$update$1.invoke(MainWindow.kt:121)
	at com.almasb.fxgl.core.fsm.StateMachine.runOnActiveStates(StateMachine.kt:69)
	at com.almasb.fxgl.app.MainWindow.update(MainWindow.kt:121)
	at com.almasb.fxgl.app.FXGLApplication$GameApplicationService.onUpdate(FXGLApplication.kt:445)
	at com.almasb.fxgl.app.Engine.loop(Engine.kt:134)
	at com.almasb.fxgl.app.Engine.access$loop(Engine.kt:24)
	at com.almasb.fxgl.app.Engine$loop$1.invoke(Engine.kt:28)
	at com.almasb.fxgl.app.Engine$loop$1.invoke(Engine.kt:28)
	at com.almasb.fxgl.app.LoopRunner.frame(LoopRunner.kt:103)
	at com.almasb.fxgl.app.LoopRunner.access$frame(LoopRunner.kt:23)
	at com.almasb.fxgl.app.LoopRunner$impl$2$1.onTick(LoopRunner.kt:57)
	at com.almasb.fxgl.app.AnimationTimerLoop$timer$1.handle(LoopRunner.kt:137)
	at javafx.animation.AnimationTimer$AnimationTimerReceiver.lambda$handle$0(AnimationTimer.java:58)
	at java.base/java.security.AccessController.doPrivileged(AccessController.java:400)
	at javafx.animation.AnimationTimer$AnimationTimerReceiver.handle(AnimationTimer.java:57)
	at com.sun.scenario.animation.AbstractPrimaryTimer.timePulseImpl(AbstractPrimaryTimer.java:356)
	at com.sun.scenario.animation.AbstractPrimaryTimer$MainLoop.run(AbstractPrimaryTimer.java:266)
	at com.sun.javafx.tk.quantum.QuantumToolkit.pulse(QuantumToolkit.java:588)
	at com.sun.javafx.tk.quantum.QuantumToolkit.pulse(QuantumToolkit.java:572)
	at com.sun.javafx.tk.quantum.QuantumToolkit.pulseFromQueue(QuantumToolkit.java:565)
	at com.sun.javafx.tk.quantum.QuantumToolkit.lambda$runToolkit$11(QuantumToolkit.java:352)
	at com.sun.glass.ui.InvokeLaterDispatcher$Future.run(InvokeLaterDispatcher.java:95)
	at com.sun.glass.ui.win.WinApplication._runLoop(Native Method)
	at com.sun.glass.ui.win.WinApplication.lambda$runLoop$3(WinApplication.java:185)
	at java.base/java.lang.Thread.run(Thread.java:1583)

01:07:11.087 [JavaFX Application Thread] FATAL FXGLApplication      - Application will now exit
01:07:11.414 [JavaFX Application Thread] DEBUG PrimaryStageWindow   - Push state: ErrorSubScene
01:07:11.415 [JavaFX Application Thread] DEBUG Input                - Clearing active input actions
01:07:11.418 [JavaFX Application Thread] DEBUG GameApplicationServi - Removing overlay from GameScene and adding to ErrorSubScene
01:07:11.419 [JavaFX Application Thread] DEBUG PrimaryStageWindow   - GameScene -> ErrorSubScene
01:07:18.175 [JavaFX Application Thread] DEBUG FXGLApplication      - Exiting FXGL
01:07:18.176 [JavaFX Application Thread] DEBUG Async                - Shutting down background threads
01:07:18.176 [JavaFX Application Thread] DEBUG PrimaryStageWindow   - Closing main window
01:07:18.245 [JavaFX Application Thread] DEBUG Logger               - Closing Logger
