07:27:59.598 [main                     ] DEBUG Logger               - Configured Logger
07:27:59.624 [main                     ] DEBUG GameApplication      - Logging settings
Title: Gonvival
Version: beta
Width: 800
Height: 800
Fullscreen: false
Intro: false
Profiling: false
Single step:false
App Mode: DEVELOPER
Menu Key: ESCAPE
Stage Style: DECORATED
Scene Factory: class com.almasb.fxgl.app.scene.SceneFactory

07:28:00.775 [JavaFX Application Thread] DEBUG FXGLApplication      - Initializing FXGL
07:28:00.781 [JavaFX Application Thread] INFO  Engine               - FXGL-21.1 (27.03.2024 07.52) on WINDOWS (J:21.0.5 FX:21.0.1)
07:28:00.782 [JavaFX Application Thread] DEBUG Engine               - JRE Vendor Name: Eclipse Adoptium
07:28:00.782 [JavaFX Application Thread] DEBUG Engine               - Running on OS: Windows 11 version 10.0
07:28:00.782 [JavaFX Application Thread] DEBUG Engine               - Architecture: amd64
07:28:00.783 [JavaFX Application Thread] INFO  Engine               - Source code and latest versions at: https://github.com/AlmasB/FXGL
07:28:00.783 [JavaFX Application Thread] INFO  Engine               -       Ask questions and discuss at: https://github.com/AlmasB/FXGL/discussions
07:28:00.784 [JavaFX Application Thread] INFO  Engine               -              Join the FXGL chat at: https://gitter.im/AlmasB/FXGL
07:28:00.914 [JavaFX Application Thread] DEBUG PrimaryStageWindow   - Creating a JavaFX scene
07:28:00.958 [JavaFX Application Thread] DEBUG PrimaryStageWindow   - Target settings size: 800.0 x 800.0
07:28:00.958 [JavaFX Application Thread] DEBUG PrimaryStageWindow   - Scaled scene size:    800.0 x 800.0
07:28:00.958 [JavaFX Application Thread] DEBUG PrimaryStageWindow   - Scaled ratio: (1.0, 1.0)
07:28:00.960 [JavaFX Application Thread] DEBUG PrimaryStageWindow   - Set initial scene to FXGLStartupScene
07:28:00.962 [JavaFX Application Thread] DEBUG PrimaryStageWindow   - Opening main window
07:28:01.087 [JavaFX Application Thread] DEBUG PrimaryStageWindow   - Window border size: (14.4000244140625, 37.5999755859375)
07:28:01.087 [JavaFX Application Thread] DEBUG PrimaryStageWindow   - Scaled size: 800.0 x 800.0
07:28:01.087 [JavaFX Application Thread] DEBUG PrimaryStageWindow   - Scaled ratio: (1.0, 1.0)
07:28:01.087 [JavaFX Application Thread] DEBUG PrimaryStageWindow   - Scene size: 800.0 x 800.0
07:28:01.088 [JavaFX Application Thread] DEBUG PrimaryStageWindow   - Stage size: 814.4000244140625 x 837.5999755859375
07:28:01.097 [FXGL Background Thread 1 ] DEBUG Engine               - Initializing environment variables
07:28:01.160 [FXGL Background Thread 1 ] DEBUG FXGLAssetLoaderServi - User app class for loading assets: class com.lab.App
07:28:01.161 [FXGL Background Thread 1 ] DEBUG GameApplicationServi - Applying CSS: fxgl_dark.css
07:28:01.161 [FXGL Background Thread 1 ] DEBUG FXGLAssetLoaderServi - Loading from file system: jar:file:/C:/Users/HP/.m2/repository/com/github/almasb/fxgl/21.1/fxgl-21.1.jar!/fxglassets/ui/css/fxgl_dark.css
07:28:01.206 [FXGL Background Thread 1 ] DEBUG GameApplicationServi - Initializing application scenes
07:28:01.269 [FXGL Background Thread 1 ] DEBUG GameWorld            - Game world initialized
07:28:01.348 [FXGL Background Thread 1 ] DEBUG PhysicsWorld         - Physics world initialized: appHeight=800, physics.ppm=50.0
07:28:01.348 [FXGL Background Thread 1 ] DEBUG PhysicsWorld         - Using strategy: BRUTE_FORCE
07:28:01.351 [FXGL Background Thread 1 ] DEBUG GameScene            - Game scene initialized: 800x800
07:28:01.367 [FXGL Background Thread 1 ] DEBUG FXGL.DefaultMenu     - createMenuBodyMainMenu()
07:28:01.382 [FXGL Background Thread 1 ] DEBUG FXGL.DefaultMenu     - createOptionsMenu()
07:28:01.394 [FXGL Background Thread 1 ] DEBUG FXGLAssetLoaderServi - Loading from file system: jar:file:/C:/Users/HP/.m2/repository/com/github/almasb/fxgl/21.1/fxgl-21.1.jar!/fxglassets/textures/particles/smoke.png
07:28:01.569 [FXGL Background Thread 1 ] DEBUG FXGLAssetLoaderServi - Loading from file system: jar:file:/C:/Users/HP/.m2/repository/com/github/almasb/fxgl/21.1/fxgl-21.1.jar!/fxglassets/textures/particles/trace_horizontal.png
07:28:01.598 [FXGL Background Thread 1 ] DEBUG FXGL.DefaultMenu     - createMenuBodyGameMenu()
07:28:01.600 [FXGL Background Thread 1 ] DEBUG FXGL.DefaultMenu     - createOptionsMenu()
07:28:01.614 [FXGL Background Thread 1 ] DEBUG GameApplicationServi - Application scenes initialized
07:28:01.633 [FXGL Background Thread 1 ] DEBUG SystemBundleService  - Loading FXGL system data
07:28:01.644 [FXGL Background Thread 1 ] DEBUG FileSystemAccess     - Reading from: D:\Gonvival\system\fxgl.bundle
07:28:01.659 [FXGL Background Thread 1 ] DEBUG SystemBundleService  - Bundle FXGL: {}
07:28:01.659 [FXGL Background Thread 1 ] DEBUG UpdaterService       - Checking for updates
07:28:01.667 [FXGL Background Thread 4 ] DEBUG FXGLApplication      - Loading fonts
07:28:01.669 [FXGL Background Thread 4 ] DEBUG FXGLAssetLoaderServi - Loading from file system: jar:file:/C:/Users/HP/.m2/repository/com/github/almasb/fxgl/21.1/fxgl-21.1.jar!/fxglassets/ui/fonts/VarelaRound-Regular.ttf
07:28:01.671 [FXGL Background Thread 1 ] DEBUG FXGLApplication      - Loading default localization
07:28:01.674 [FXGL Background Thread 1 ] DEBUG FXGLAssetLoaderServi - Loading from file system: jar:file:/C:/Users/HP/.m2/repository/com/github/almasb/fxgl/21.1/fxgl-21.1.jar!/fxglassets/languages/english.lang
07:28:01.761 [FXGL Background Thread 1 ] INFO  FXGLApplication      - FXGL initialization took: 0.665 sec
07:28:01.764 [JavaFX Application Thread] DEBUG FXGLAssetLoaderServi - Loading from file system: jar:file:/C:/Users/HP/.m2/repository/com/github/almasb/fxgl/21.1/fxgl-21.1.jar!/fxglassets/textures/fxgl_icon.png
07:28:01.770 [FXGL Background Thread 4 ] DEBUG FXGLAssetLoaderServi - Loading from file system: jar:file:/C:/Users/HP/.m2/repository/com/github/almasb/fxgl/21.1/fxgl-21.1.jar!/fxglassets/ui/fonts/Abel-Regular.ttf
07:28:01.776 [FXGL Background Thread 4 ] DEBUG FXGLAssetLoaderServi - Loading from file system: jar:file:/C:/Users/HP/.m2/repository/com/github/almasb/fxgl/21.1/fxgl-21.1.jar!/fxglassets/ui/fonts/TerminalLandMono-Regular.otf
07:28:01.782 [FXGL Background Thread 4 ] DEBUG FXGLAssetLoaderServi - Loading from file system: jar:file:/C:/Users/HP/.m2/repository/com/github/almasb/fxgl/21.1/fxgl-21.1.jar!/fxglassets/ui/fonts/Courier-Prime.ttf
07:28:01.804 [JavaFX Application Thread] DEBUG FXGLAssetLoaderServi - Loading from file system: jar:file:/C:/Users/HP/.m2/repository/com/github/almasb/fxgl/21.1/fxgl-21.1.jar!/fxglassets/textures/fxgl_default_cursor.png
07:28:01.826 [JavaFX Application Thread] DEBUG Input                - Registered new binding: Screenshot - CTRL+8
07:28:01.827 [JavaFX Application Thread] DEBUG Input                - Registered new binding: System info dump - CTRL+9
07:28:01.827 [JavaFX Application Thread] DEBUG Input                - Registered new binding: Restart - CTRL+R
07:28:01.829 [JavaFX Application Thread] DEBUG Input                - Registered new binding: Toggle Debug Camera - CTRL+7
07:28:01.834 [JavaFX Application Thread] DEBUG LoopRunner           - Starting loop
07:28:01.834 [JavaFX Application Thread] DEBUG LoopRunner           - Initializing JavaFX AnimationTimerLoop
07:28:01.839 [JavaFX Application Thread] DEBUG Input                - Clearing active input actions
07:28:01.848 [JavaFX Application Thread] DEBUG GameApplicationServi - Removing overlay from FXGLStartupScene and adding to FXGLMainMenuDummyScene
07:28:01.849 [JavaFX Application Thread] DEBUG PrimaryStageWindow   - FXGLStartupScene -> FXGLMainMenuDummyScene
07:28:01.849 [JavaFX Application Thread] DEBUG PrimaryStageWindow   - Push state: FXGLDefaultMenu
07:28:01.862 [JavaFX Application Thread] DEBUG Input                - Clearing active input actions
07:28:01.876 [JavaFX Application Thread] DEBUG GameApplicationServi - Removing overlay from FXGLMainMenuDummyScene and adding to FXGLDefaultMenu
07:28:01.877 [JavaFX Application Thread] DEBUG PrimaryStageWindow   - FXGLMainMenuDummyScene -> FXGLDefaultMenu
07:28:01.877 [JavaFX Application Thread] DEBUG FXGLApplication      - Registering font factories with UI factory
07:28:04.413 [JavaFX Application Thread] DEBUG Menu                 - fireNewGame()
07:28:04.413 [JavaFX Application Thread] DEBUG GameApplicationServi - Starting new game
07:28:04.417 [JavaFX Application Thread] DEBUG PrimaryStageWindow   - Pop state: FXGLDefaultMenu
07:28:04.417 [JavaFX Application Thread] DEBUG Input                - Clearing active input actions
07:28:04.418 [JavaFX Application Thread] DEBUG GameApplicationServi - Removing overlay from FXGLDefaultMenu and adding to FXGLMainMenuDummyScene
07:28:04.419 [JavaFX Application Thread] DEBUG PrimaryStageWindow   - FXGLMainMenuDummyScene <- FXGLDefaultMenu
07:28:04.421 [JavaFX Application Thread] DEBUG Input                - Clearing active input actions
07:28:04.432 [JavaFX Application Thread] DEBUG GameApplicationServi - Removing overlay from FXGLMainMenuDummyScene and adding to FXGLLoadingScene
07:28:04.432 [JavaFX Application Thread] DEBUG PrimaryStageWindow   - FXGLMainMenuDummyScene -> FXGLLoadingScene
07:28:04.433 [JavaFX Application Thread] DEBUG GameApplicationServi - Clearing previous game
07:28:04.433 [JavaFX Application Thread] DEBUG GameScene            - Clearing game scene
07:28:04.433 [JavaFX Application Thread] DEBUG GameWorld            - Clearing game world
07:28:04.433 [JavaFX Application Thread] DEBUG PhysicsWorld         - Clearing physics world
07:28:04.436 [FXGL Background Thread 2 ] DEBUG FXGLApplication      - Initializing game
07:28:04.449 [FXGL Background Thread 2 ] DEBUG FXGLAssetLoaderServi - Loading from file system: file:/D:/Gonvival/game/target/classes/assets/textures/map.png
07:28:04.512 [FXGL Background Thread 2 ] DEBUG FXGLAssetLoaderServi - Loading from file system: file:/D:/Gonvival/game/target/classes/assets/textures/idle_down.png
07:28:04.518 [FXGL Background Thread 2 ] DEBUG FXGLAssetLoaderServi - Loading from file system: file:/D:/Gonvival/game/target/classes/assets/textures/idle_up.png
07:28:04.522 [FXGL Background Thread 2 ] DEBUG FXGLAssetLoaderServi - Loading from file system: file:/D:/Gonvival/game/target/classes/assets/textures/idle_left_down.png
07:28:04.525 [FXGL Background Thread 2 ] DEBUG FXGLAssetLoaderServi - Loading from file system: file:/D:/Gonvival/game/target/classes/assets/textures/idle_left_up.png
07:28:04.528 [FXGL Background Thread 2 ] DEBUG FXGLAssetLoaderServi - Loading from file system: file:/D:/Gonvival/game/target/classes/assets/textures/idle_right_down.png
07:28:04.531 [FXGL Background Thread 2 ] DEBUG FXGLAssetLoaderServi - Loading from file system: file:/D:/Gonvival/game/target/classes/assets/textures/idle_right_up.png
07:28:04.533 [FXGL Background Thread 2 ] DEBUG FXGLAssetLoaderServi - Loading from file system: file:/D:/Gonvival/game/target/classes/assets/textures/walk_left_down.png
07:28:04.536 [FXGL Background Thread 2 ] DEBUG FXGLAssetLoaderServi - Loading from file system: file:/D:/Gonvival/game/target/classes/assets/textures/walk_right_down.png
07:28:04.538 [FXGL Background Thread 2 ] DEBUG FXGLAssetLoaderServi - Loading from file system: file:/D:/Gonvival/game/target/classes/assets/textures/walk_up.png
07:28:04.541 [FXGL Background Thread 2 ] DEBUG FXGLAssetLoaderServi - Loading from file system: file:/D:/Gonvival/game/target/classes/assets/textures/walk_down.png
07:28:04.545 [FXGL Background Thread 2 ] DEBUG FXGLAssetLoaderServi - Loading from file system: file:/D:/Gonvival/game/target/classes/assets/textures/walk_left_up.png
07:28:04.548 [FXGL Background Thread 2 ] DEBUG FXGLAssetLoaderServi - Loading from file system: file:/D:/Gonvival/game/target/classes/assets/textures/walk_right_up.png
07:28:04.562 [FXGL Background Thread 2 ] INFO  FXGLApplication      - Game initialization took: 0.126 sec
07:28:04.563 [JavaFX Application Thread] DEBUG Input                - Clearing active input actions
07:28:04.570 [JavaFX Application Thread] DEBUG GameApplicationServi - Removing overlay from FXGLLoadingScene and adding to GameScene
07:28:04.570 [JavaFX Application Thread] DEBUG PrimaryStageWindow   - FXGLLoadingScene -> GameScene
07:28:04.664 [FXGL Background Thread 3 ] DEBUG Engine               - Logging environment variables
07:28:04.665 [FXGL Background Thread 3 ] DEBUG Engine               - achievements: []
07:28:04.666 [FXGL Background Thread 3 ] DEBUG Engine               - actualHeight: 800.0
07:28:04.666 [FXGL Background Thread 3 ] DEBUG Engine               - actualHeightProperty: ReadOnlyDoubleProperty [value: 800.0]
07:28:04.666 [FXGL Background Thread 3 ] DEBUG Engine               - actualWidth: 800.0
07:28:04.666 [FXGL Background Thread 3 ] DEBUG Engine               - actualWidthProperty: ReadOnlyDoubleProperty [value: 800.0]
07:28:04.666 [FXGL Background Thread 3 ] DEBUG Engine               - appIcon: fxgl_icon.png
07:28:04.666 [FXGL Background Thread 3 ] DEBUG Engine               - applicationMode: DEVELOPER
07:28:04.666 [FXGL Background Thread 3 ] DEBUG Engine               - cSSList: [fxgl_dark.css]
07:28:04.666 [FXGL Background Thread 3 ] DEBUG Engine               - collisionDetectionStrategy: BRUTE_FORCE
07:28:04.667 [FXGL Background Thread 3 ] DEBUG Engine               - configClass: Optional.empty
07:28:04.667 [FXGL Background Thread 3 ] DEBUG Engine               - credits: []
07:28:04.667 [FXGL Background Thread 3 ] DEBUG Engine               - defaultCursor: CursorInfo(imageName=fxgl_default_cursor.png, hotspotX=7.0, hotspotY=6.0)
07:28:04.668 [FXGL Background Thread 3 ] DEBUG Engine               - devBBoxColorProperty: ObjectProperty [value: 0xff0000ff]
07:28:04.668 [FXGL Background Thread 3 ] DEBUG Engine               - devEnableDebugCameraProperty: BooleanProperty [value: false]
07:28:04.669 [FXGL Background Thread 3 ] DEBUG Engine               - devSensorColorProperty: ObjectProperty [value: 0xffff00ff]
07:28:04.669 [FXGL Background Thread 3 ] DEBUG Engine               - devShowBBoxProperty: BooleanProperty [value: false]
07:28:04.669 [FXGL Background Thread 3 ] DEBUG Engine               - devShowPositionProperty: BooleanProperty [value: false]
07:28:04.669 [FXGL Background Thread 3 ] DEBUG Engine               - enabledMenuItems: []
07:28:04.669 [FXGL Background Thread 3 ] DEBUG Engine               - engineServices: [class com.almasb.fxgl.app.services.FXGLAssetLoaderService, class com.almasb.fxgl.app.FXGLApplication$GameApplicationService, class com.almasb.fxgl.app.services.FXGLDialogService, class com.almasb.fxgl.app.services.IOTaskExecutorService, class com.almasb.fxgl.io.FileSystemService, class com.almasb.fxgl.localization.LocalizationService, class com.almasb.fxgl.app.services.SystemBundleService, class com.almasb.fxgl.profile.SaveLoadService, class com.almasb.fxgl.ui.FXGLUIFactoryServiceProvider, class com.almasb.fxgl.ui.FXGLDialogFactoryServiceProvider, class com.almasb.fxgl.audio.AudioPlayer, class com.almasb.fxgl.notification.impl.NotificationServiceProvider, class com.almasb.fxgl.achievement.AchievementService, class com.almasb.fxgl.cutscene.CutsceneService, class com.almasb.fxgl.minigames.MiniGameService, class com.almasb.fxgl.net.NetService, class com.almasb.fxgl.app.services.UpdaterService, class com.almasb.fxgl.dev.DevService]
07:28:04.669 [FXGL Background Thread 3 ] DEBUG Engine               - fontGame: Abel-Regular.ttf
07:28:04.669 [FXGL Background Thread 3 ] DEBUG Engine               - fontMono: TerminalLandMono-Regular.otf
07:28:04.669 [FXGL Background Thread 3 ] DEBUG Engine               - fontSizeScaleUI: 1.0
07:28:04.669 [FXGL Background Thread 3 ] DEBUG Engine               - fontText: Courier-Prime.ttf
07:28:04.670 [FXGL Background Thread 3 ] DEBUG Engine               - fontUI: VarelaRound-Regular.ttf
07:28:04.670 [FXGL Background Thread 3 ] DEBUG Engine               - fullScreen: BooleanProperty [value: false]
07:28:04.670 [FXGL Background Thread 3 ] DEBUG Engine               - gameDifficulty: MEDIUM
07:28:04.670 [FXGL Background Thread 3 ] DEBUG Engine               - gameDifficultyProperty: ObjectProperty [value: MEDIUM]
07:28:04.670 [FXGL Background Thread 3 ] DEBUG Engine               - globalMusicVolume: 0.5
07:28:04.670 [FXGL Background Thread 3 ] DEBUG Engine               - globalMusicVolumeProperty: DoubleProperty [value: 0.5]
07:28:04.670 [FXGL Background Thread 3 ] DEBUG Engine               - globalSoundVolume: 0.5
07:28:04.671 [FXGL Background Thread 3 ] DEBUG Engine               - globalSoundVolumeProperty: DoubleProperty [value: 0.5]
07:28:04.671 [FXGL Background Thread 3 ] DEBUG Engine               - height: 800
07:28:04.671 [FXGL Background Thread 3 ] DEBUG Engine               - is3D: false
07:28:04.671 [FXGL Background Thread 3 ] DEBUG Engine               - isAndroid: false
07:28:04.671 [FXGL Background Thread 3 ] DEBUG Engine               - isBrowser: false
07:28:04.671 [FXGL Background Thread 3 ] DEBUG Engine               - isClickFeedbackEnabled: false
07:28:04.671 [FXGL Background Thread 3 ] DEBUG Engine               - isCloseConfirmation: false
07:28:04.672 [FXGL Background Thread 3 ] DEBUG Engine               - isDesktop: true
07:28:04.672 [FXGL Background Thread 3 ] DEBUG Engine               - isDeveloperMenuEnabled: false
07:28:04.672 [FXGL Background Thread 3 ] DEBUG Engine               - isEmbedded: false
07:28:04.672 [FXGL Background Thread 3 ] DEBUG Engine               - isEntityPreloadEnabled: true
07:28:04.672 [FXGL Background Thread 3 ] DEBUG Engine               - isExperimentalTiledLargeMap: false
07:28:04.672 [FXGL Background Thread 3 ] DEBUG Engine               - isFileSystemWriteAllowed: true
07:28:04.672 [FXGL Background Thread 3 ] DEBUG Engine               - isFullScreenAllowed: false
07:28:04.672 [FXGL Background Thread 3 ] DEBUG Engine               - isFullScreenFromStart: false
07:28:04.672 [FXGL Background Thread 3 ] DEBUG Engine               - isGameMenuEnabled: true
07:28:04.672 [FXGL Background Thread 3 ] DEBUG Engine               - isIOS: false
07:28:04.672 [FXGL Background Thread 3 ] DEBUG Engine               - isIntroEnabled: false
07:28:04.672 [FXGL Background Thread 3 ] DEBUG Engine               - isLinux: false
07:28:04.673 [FXGL Background Thread 3 ] DEBUG Engine               - isMac: false
07:28:04.673 [FXGL Background Thread 3 ] DEBUG Engine               - isMainMenuEnabled: true
07:28:04.673 [FXGL Background Thread 3 ] DEBUG Engine               - isManualResizeEnabled: false
07:28:04.673 [FXGL Background Thread 3 ] DEBUG Engine               - isMobile: false
07:28:04.673 [FXGL Background Thread 3 ] DEBUG Engine               - isNative: false
07:28:04.673 [FXGL Background Thread 3 ] DEBUG Engine               - isPauseMusicWhenMinimized: true
07:28:04.673 [FXGL Background Thread 3 ] DEBUG Engine               - isPreserveResizeRatio: false
07:28:04.673 [FXGL Background Thread 3 ] DEBUG Engine               - isProfilingEnabled: false
07:28:04.673 [FXGL Background Thread 3 ] DEBUG Engine               - isScaleAffectedOnResize: true
07:28:04.673 [FXGL Background Thread 3 ] DEBUG Engine               - isSingleStep: false
07:28:04.673 [FXGL Background Thread 3 ] DEBUG Engine               - isUserProfileEnabled: false
07:28:04.674 [FXGL Background Thread 3 ] DEBUG Engine               - isWindows: true
07:28:04.674 [FXGL Background Thread 3 ] DEBUG Engine               - language: ObjectProperty [value: ENGLISH]
07:28:04.674 [FXGL Background Thread 3 ] DEBUG Engine               - menuKey: ESCAPE
07:28:04.674 [FXGL Background Thread 3 ] DEBUG Engine               - mouseSensitivity: 0.2
07:28:04.674 [FXGL Background Thread 3 ] DEBUG Engine               - notificationViewClass: class com.almasb.fxgl.notification.view.XboxNotificationView
07:28:04.674 [FXGL Background Thread 3 ] DEBUG Engine               - pixelsPerMeter: 50.0
07:28:04.674 [FXGL Background Thread 3 ] DEBUG Engine               - platform: WINDOWS
07:28:04.674 [FXGL Background Thread 3 ] DEBUG Engine               - prefHeightProperty: ReadOnlyDoubleProperty [value: 800.0]
07:28:04.674 [FXGL Background Thread 3 ] DEBUG Engine               - prefWidthProperty: ReadOnlyDoubleProperty [value: 800.0]
07:28:04.674 [FXGL Background Thread 3 ] DEBUG Engine               - profileDir: profiles/
07:28:04.674 [FXGL Background Thread 3 ] DEBUG Engine               - profileName: StringProperty [value: DEFAULT]
07:28:04.674 [FXGL Background Thread 3 ] DEBUG Engine               - randomSeed: -1
07:28:04.675 [FXGL Background Thread 3 ] DEBUG Engine               - runtimeInfo: RuntimeInfo(platform=WINDOWS, version=21.1, build=27.03.2024 07.52)
07:28:04.675 [FXGL Background Thread 3 ] DEBUG Engine               - saveFileExt: sav
07:28:04.675 [FXGL Background Thread 3 ] DEBUG Engine               - scaledHeightProp$fxgl: DoubleProperty [bound, value: 800.0]
07:28:04.676 [FXGL Background Thread 3 ] DEBUG Engine               - scaledWidthProp$fxgl: DoubleProperty [bound, value: 800.0]
07:28:04.676 [FXGL Background Thread 3 ] DEBUG Engine               - sceneFactory: com.almasb.fxgl.app.scene.SceneFactory@7a9936ad
07:28:04.676 [FXGL Background Thread 3 ] DEBUG Engine               - secondsIn24h: 60
07:28:04.676 [FXGL Background Thread 3 ] DEBUG Engine               - soundMenuBack: menu/back.wav
07:28:04.676 [FXGL Background Thread 3 ] DEBUG Engine               - soundMenuPress: menu/press.wav
07:28:04.676 [FXGL Background Thread 3 ] DEBUG Engine               - soundMenuSelect: menu/select.wav
07:28:04.676 [FXGL Background Thread 3 ] DEBUG Engine               - soundNotification: core/notification.wav
07:28:04.676 [FXGL Background Thread 3 ] DEBUG Engine               - stageStyle: DECORATED
07:28:04.676 [FXGL Background Thread 3 ] DEBUG Engine               - supportedLanguages: [ENGLISH, FRENCH, GERMAN, HUNGARIAN, RUSSIAN]
07:28:04.676 [FXGL Background Thread 3 ] DEBUG Engine               - ticksPerSecond: -1
07:28:04.676 [FXGL Background Thread 3 ] DEBUG Engine               - title: Gonvival
07:28:04.676 [FXGL Background Thread 3 ] DEBUG Engine               - urlGithub: https://github.com/AlmasB/FXGL
07:28:04.676 [FXGL Background Thread 3 ] DEBUG Engine               - urlLeaderboard: http://fxgl-top.herokuapp.com/
07:28:04.676 [FXGL Background Thread 3 ] DEBUG Engine               - urlPOM: https://raw.githubusercontent.com/AlmasB/FXGL/release/README.md
07:28:04.677 [FXGL Background Thread 3 ] DEBUG Engine               - userAppClass: class com.lab.App
07:28:04.677 [FXGL Background Thread 3 ] DEBUG Engine               - version: beta
07:28:04.677 [FXGL Background Thread 3 ] DEBUG Engine               - versionCheckDays: 7
07:28:04.677 [FXGL Background Thread 3 ] DEBUG Engine               - width: 800
07:28:04.677 [FXGL Background Thread 3 ] DEBUG Engine               - Logging services
07:28:04.677 [FXGL Background Thread 3 ] DEBUG Engine               - class com.almasb.fxgl.app.services.FXGLAssetLoaderService
07:28:04.677 [FXGL Background Thread 3 ] DEBUG Engine               - class com.almasb.fxgl.app.FXGLApplication$GameApplicationService
07:28:04.677 [FXGL Background Thread 3 ] DEBUG Engine               - class com.almasb.fxgl.app.services.FXGLDialogService
07:28:04.677 [FXGL Background Thread 3 ] DEBUG Engine               - class com.almasb.fxgl.app.services.IOTaskExecutorService
07:28:04.677 [FXGL Background Thread 3 ] DEBUG Engine               - class com.almasb.fxgl.io.FileSystemService
07:28:04.677 [FXGL Background Thread 3 ] DEBUG Engine               - class com.almasb.fxgl.localization.LocalizationService
07:28:04.677 [FXGL Background Thread 3 ] DEBUG Engine               - class com.almasb.fxgl.app.services.SystemBundleService
07:28:04.678 [FXGL Background Thread 3 ] DEBUG Engine               - class com.almasb.fxgl.profile.SaveLoadService
07:28:04.678 [FXGL Background Thread 3 ] DEBUG Engine               - class com.almasb.fxgl.ui.FXGLUIFactoryServiceProvider
07:28:04.678 [FXGL Background Thread 3 ] DEBUG Engine               - class com.almasb.fxgl.ui.FXGLDialogFactoryServiceProvider
07:28:04.678 [FXGL Background Thread 3 ] DEBUG Engine               - class com.almasb.fxgl.audio.AudioPlayer
07:28:04.678 [FXGL Background Thread 3 ] DEBUG Engine               - class com.almasb.fxgl.notification.impl.NotificationServiceProvider
07:28:04.678 [FXGL Background Thread 3 ] DEBUG Engine               - class com.almasb.fxgl.achievement.AchievementService
07:28:04.678 [FXGL Background Thread 3 ] DEBUG Engine               - class com.almasb.fxgl.cutscene.CutsceneService
07:28:04.678 [FXGL Background Thread 3 ] DEBUG Engine               - class com.almasb.fxgl.minigames.MiniGameService
07:28:04.678 [FXGL Background Thread 3 ] DEBUG Engine               - class com.almasb.fxgl.net.NetService
07:28:04.678 [FXGL Background Thread 3 ] DEBUG Engine               - class com.almasb.fxgl.app.services.UpdaterService
07:28:04.678 [FXGL Background Thread 3 ] DEBUG Engine               - class com.almasb.fxgl.dev.DevService
07:28:04.727 [JavaFX Application Thread] DEBUG Input                - Registered new binding: SHOOT - LMB
07:28:04.729 [JavaFX Application Thread] DEBUG Input                - Registered new binding: MOVE LEFT - A
07:28:04.729 [JavaFX Application Thread] DEBUG Input                - Registered new binding: MOVE RIGHT - D
07:28:04.729 [JavaFX Application Thread] DEBUG Input                - Registered new binding: MOVE UP - W
07:28:04.729 [JavaFX Application Thread] DEBUG Input                - Registered new binding: MOVE DOWN - S
07:28:05.953 [JavaFX Application Thread] DEBUG FXGLAssetLoaderServi - Loading from file system: file:/D:/Gonvival/game/target/classes/assets/textures/evil.png
07:28:15.612 [JavaFX Application Thread] DEBUG FXGLApplication      - Exiting FXGL
07:28:15.612 [JavaFX Application Thread] DEBUG LoopRunner           - Stopping loop
07:28:15.612 [JavaFX Application Thread] DEBUG SystemBundleService  - Saving FXGL system data
07:28:15.617 [JavaFX Application Thread] DEBUG FileSystemAccess     - Writing to: D:\Gonvival\system\fxgl.bundle
07:28:15.621 [JavaFX Application Thread] DEBUG Async                - Shutting down background threads
07:28:15.621 [JavaFX Application Thread] DEBUG PrimaryStageWindow   - Closing main window
07:28:15.672 [JavaFX Application Thread] DEBUG Logger               - Closing Logger
