03:27:35.813 [main                     ] DEBUG Logger               - Configured Logger
03:27:35.842 [main                     ] DEBUG GameApplication      - Logging settings
Title: Gonvival
Version: beta
Width: 800
Height: 800
Fullscreen: false
Intro: false
Profiling: false
Single step:false
App Mode: DEVELOPER
Menu Key: ESCAPE
Stage Style: DECORATED
Scene Factory: class com.almasb.fxgl.app.scene.SceneFactory

03:27:37.263 [JavaFX Application Thread] DEBUG FXGLApplication      - Initializing FXGL
03:27:37.271 [JavaFX Application Thread] INFO  Engine               - FXGL-21.1 (27.03.2024 07.52) on WINDOWS (J:21.0.5 FX:21.0.1)
03:27:37.273 [JavaFX Application Thread] DEBUG Engine               - JRE Vendor Name: Eclipse Adoptium
03:27:37.274 [JavaFX Application Thread] DEBUG Engine               - Running on OS: Windows 11 version 10.0
03:27:37.274 [JavaFX Application Thread] DEBUG Engine               - Architecture: amd64
03:27:37.275 [JavaFX Application Thread] INFO  Engine               - Source code and latest versions at: https://github.com/AlmasB/FXGL
03:27:37.276 [JavaFX Application Thread] INFO  Engine               -       Ask questions and discuss at: https://github.com/AlmasB/FXGL/discussions
03:27:37.276 [JavaFX Application Thread] INFO  Engine               -              Join the FXGL chat at: https://gitter.im/AlmasB/FXGL
03:27:37.458 [JavaFX Application Thread] DEBUG PrimaryStageWindow   - Creating a JavaFX scene
03:27:37.513 [JavaFX Application Thread] DEBUG PrimaryStageWindow   - Target settings size: 800.0 x 800.0
03:27:37.513 [JavaFX Application Thread] DEBUG PrimaryStageWindow   - Scaled scene size:    800.0 x 800.0
03:27:37.513 [JavaFX Application Thread] DEBUG PrimaryStageWindow   - Scaled ratio: (1.0, 1.0)
03:27:37.515 [JavaFX Application Thread] DEBUG PrimaryStageWindow   - Set initial scene to FXGLStartupScene
03:27:37.518 [JavaFX Application Thread] DEBUG PrimaryStageWindow   - Opening main window
03:27:37.729 [JavaFX Application Thread] DEBUG PrimaryStageWindow   - Window border size: (14.4000244140625, 37.5999755859375)
03:27:37.730 [JavaFX Application Thread] DEBUG PrimaryStageWindow   - Scaled size: 800.0 x 800.0
03:27:37.730 [JavaFX Application Thread] DEBUG PrimaryStageWindow   - Scaled ratio: (1.0, 1.0)
03:27:37.730 [JavaFX Application Thread] DEBUG PrimaryStageWindow   - Scene size: 800.0 x 800.0
03:27:37.730 [JavaFX Application Thread] DEBUG PrimaryStageWindow   - Stage size: 814.4000244140625 x 837.5999755859375
03:27:37.744 [FXGL Background Thread 1 ] DEBUG Engine               - Initializing environment variables
03:27:37.891 [FXGL Background Thread 1 ] DEBUG FXGLAssetLoaderServi - User app class for loading assets: class com.lab.App
03:27:37.892 [FXGL Background Thread 1 ] DEBUG GameApplicationServi - Applying CSS: fxgl_dark.css
03:27:37.893 [FXGL Background Thread 1 ] DEBUG FXGLAssetLoaderServi - Loading from file system: jar:file:/C:/Users/HP/.m2/repository/com/github/almasb/fxgl/21.1/fxgl-21.1.jar!/fxglassets/ui/css/fxgl_dark.css
03:27:37.965 [FXGL Background Thread 1 ] DEBUG GameApplicationServi - Initializing application scenes
03:27:38.051 [FXGL Background Thread 1 ] DEBUG GameWorld            - Game world initialized
03:27:38.176 [FXGL Background Thread 1 ] DEBUG PhysicsWorld         - Physics world initialized: appHeight=800, physics.ppm=50.0
03:27:38.176 [FXGL Background Thread 1 ] DEBUG PhysicsWorld         - Using strategy: BRUTE_FORCE
03:27:38.184 [FXGL Background Thread 1 ] DEBUG GameScene            - Game scene initialized: 800x800
03:27:38.213 [FXGL Background Thread 1 ] DEBUG FXGL.DefaultMenu     - createMenuBodyMainMenu()
03:27:38.238 [FXGL Background Thread 1 ] DEBUG FXGL.DefaultMenu     - createOptionsMenu()
03:27:38.266 [FXGL Background Thread 1 ] DEBUG FXGLAssetLoaderServi - Loading from file system: jar:file:/C:/Users/HP/.m2/repository/com/github/almasb/fxgl/21.1/fxgl-21.1.jar!/fxglassets/textures/particles/smoke.png
03:27:38.505 [FXGL Background Thread 1 ] DEBUG FXGLAssetLoaderServi - Loading from file system: jar:file:/C:/Users/HP/.m2/repository/com/github/almasb/fxgl/21.1/fxgl-21.1.jar!/fxglassets/textures/particles/trace_horizontal.png
03:27:38.538 [FXGL Background Thread 1 ] DEBUG FXGL.DefaultMenu     - createMenuBodyGameMenu()
03:27:38.540 [FXGL Background Thread 1 ] DEBUG FXGL.DefaultMenu     - createOptionsMenu()
03:27:38.554 [FXGL Background Thread 1 ] DEBUG GameApplicationServi - Application scenes initialized
03:27:38.572 [FXGL Background Thread 1 ] DEBUG SystemBundleService  - Loading FXGL system data
03:27:38.578 [FXGL Background Thread 1 ] DEBUG FileSystemAccess     - Reading from: D:\Gonvival\system\fxgl.bundle
03:27:38.591 [FXGL Background Thread 1 ] DEBUG SystemBundleService  - Bundle FXGL: {}
03:27:38.592 [FXGL Background Thread 1 ] DEBUG UpdaterService       - Checking for updates
03:27:38.599 [FXGL Background Thread 4 ] DEBUG FXGLApplication      - Loading fonts
03:27:38.600 [FXGL Background Thread 4 ] DEBUG FXGLAssetLoaderServi - Loading from file system: jar:file:/C:/Users/HP/.m2/repository/com/github/almasb/fxgl/21.1/fxgl-21.1.jar!/fxglassets/ui/fonts/VarelaRound-Regular.ttf
03:27:38.602 [FXGL Background Thread 1 ] DEBUG FXGLApplication      - Loading default localization
03:27:38.604 [FXGL Background Thread 1 ] DEBUG FXGLAssetLoaderServi - Loading from file system: jar:file:/C:/Users/HP/.m2/repository/com/github/almasb/fxgl/21.1/fxgl-21.1.jar!/fxglassets/languages/english.lang
03:27:38.666 [FXGL Background Thread 1 ] INFO  FXGLApplication      - FXGL initialization took: 0.921 sec
03:27:38.668 [JavaFX Application Thread] DEBUG FXGLAssetLoaderServi - Loading from file system: jar:file:/C:/Users/HP/.m2/repository/com/github/almasb/fxgl/21.1/fxgl-21.1.jar!/fxglassets/textures/fxgl_icon.png
03:27:38.682 [FXGL Background Thread 4 ] DEBUG FXGLAssetLoaderServi - Loading from file system: jar:file:/C:/Users/HP/.m2/repository/com/github/almasb/fxgl/21.1/fxgl-21.1.jar!/fxglassets/ui/fonts/Abel-Regular.ttf
03:27:38.688 [FXGL Background Thread 4 ] DEBUG FXGLAssetLoaderServi - Loading from file system: jar:file:/C:/Users/HP/.m2/repository/com/github/almasb/fxgl/21.1/fxgl-21.1.jar!/fxglassets/ui/fonts/TerminalLandMono-Regular.otf
03:27:38.694 [FXGL Background Thread 4 ] DEBUG FXGLAssetLoaderServi - Loading from file system: jar:file:/C:/Users/HP/.m2/repository/com/github/almasb/fxgl/21.1/fxgl-21.1.jar!/fxglassets/ui/fonts/Courier-Prime.ttf
03:27:38.699 [JavaFX Application Thread] DEBUG FXGLAssetLoaderServi - Loading from file system: jar:file:/C:/Users/HP/.m2/repository/com/github/almasb/fxgl/21.1/fxgl-21.1.jar!/fxglassets/textures/fxgl_default_cursor.png
03:27:38.716 [JavaFX Application Thread] DEBUG Input                - Registered new binding: Screenshot - CTRL+8
03:27:38.717 [JavaFX Application Thread] DEBUG Input                - Registered new binding: System info dump - CTRL+9
03:27:38.718 [JavaFX Application Thread] DEBUG Input                - Registered new binding: Restart - CTRL+R
03:27:38.720 [JavaFX Application Thread] DEBUG Input                - Registered new binding: Toggle Debug Camera - CTRL+7
03:27:38.730 [JavaFX Application Thread] DEBUG LoopRunner           - Starting loop
03:27:38.730 [JavaFX Application Thread] DEBUG LoopRunner           - Initializing JavaFX AnimationTimerLoop
03:27:38.735 [JavaFX Application Thread] DEBUG Input                - Clearing active input actions
03:27:38.743 [JavaFX Application Thread] DEBUG GameApplicationServi - Removing overlay from FXGLStartupScene and adding to FXGLMainMenuDummyScene
03:27:38.744 [JavaFX Application Thread] DEBUG PrimaryStageWindow   - FXGLStartupScene -> FXGLMainMenuDummyScene
03:27:38.744 [JavaFX Application Thread] DEBUG PrimaryStageWindow   - Push state: FXGLDefaultMenu
03:27:38.764 [JavaFX Application Thread] DEBUG Input                - Clearing active input actions
03:27:38.792 [JavaFX Application Thread] DEBUG GameApplicationServi - Removing overlay from FXGLMainMenuDummyScene and adding to FXGLDefaultMenu
03:27:38.794 [JavaFX Application Thread] DEBUG PrimaryStageWindow   - FXGLMainMenuDummyScene -> FXGLDefaultMenu
03:27:38.794 [JavaFX Application Thread] DEBUG FXGLApplication      - Registering font factories with UI factory
03:27:39.973 [JavaFX Application Thread] DEBUG Menu                 - fireNewGame()
03:27:39.974 [JavaFX Application Thread] DEBUG GameApplicationServi - Starting new game
03:27:39.981 [JavaFX Application Thread] DEBUG PrimaryStageWindow   - Pop state: FXGLDefaultMenu
03:27:39.981 [JavaFX Application Thread] DEBUG Input                - Clearing active input actions
03:27:39.984 [JavaFX Application Thread] DEBUG GameApplicationServi - Removing overlay from FXGLDefaultMenu and adding to FXGLMainMenuDummyScene
03:27:39.985 [JavaFX Application Thread] DEBUG PrimaryStageWindow   - FXGLMainMenuDummyScene <- FXGLDefaultMenu
03:27:39.986 [JavaFX Application Thread] DEBUG Input                - Clearing active input actions
03:27:40.013 [JavaFX Application Thread] DEBUG GameApplicationServi - Removing overlay from FXGLMainMenuDummyScene and adding to FXGLLoadingScene
03:27:40.014 [JavaFX Application Thread] DEBUG PrimaryStageWindow   - FXGLMainMenuDummyScene -> FXGLLoadingScene
03:27:40.014 [JavaFX Application Thread] DEBUG GameApplicationServi - Clearing previous game
03:27:40.014 [JavaFX Application Thread] DEBUG GameScene            - Clearing game scene
03:27:40.014 [JavaFX Application Thread] DEBUG GameWorld            - Clearing game world
03:27:40.014 [JavaFX Application Thread] DEBUG PhysicsWorld         - Clearing physics world
03:27:40.019 [FXGL Background Thread 2 ] DEBUG FXGLApplication      - Initializing game
03:27:40.045 [FXGL Background Thread 2 ] DEBUG FXGLAssetLoaderServi - Loading from file system: file:/D:/Gonvival/game/target/classes/assets/textures/map.png
03:27:40.123 [FXGL Background Thread 2 ] DEBUG FXGLAssetLoaderServi - Loading from file system: file:/D:/Gonvival/game/target/classes/assets/textures/idle.png
03:27:40.132 [FXGL Background Thread 2 ] DEBUG FXGLAssetLoaderServi - Loading from file system: file:/D:/Gonvival/game/target/classes/assets/textures/walk_left_down.png
03:27:40.135 [FXGL Background Thread 2 ] DEBUG FXGLAssetLoaderServi - Loading from file system: file:/D:/Gonvival/game/target/classes/assets/textures/walk_right_down.png
03:27:40.138 [FXGL Background Thread 2 ] DEBUG FXGLAssetLoaderServi - Loading from file system: file:/D:/Gonvival/game/target/classes/assets/textures/walk_up.png
03:27:40.141 [FXGL Background Thread 2 ] DEBUG FXGLAssetLoaderServi - Loading from file system: file:/D:/Gonvival/game/target/classes/assets/textures/walk_down.png
03:27:40.145 [FXGL Background Thread 2 ] DEBUG FXGLAssetLoaderServi - Loading from file system: file:/D:/Gonvival/game/target/classes/assets/textures/walk_left_up.png
03:27:40.148 [FXGL Background Thread 2 ] DEBUG FXGLAssetLoaderServi - Loading from file system: file:/D:/Gonvival/game/target/classes/assets/textures/walk_right_up.png
03:27:40.158 [FXGL Background Thread 2 ] INFO  FXGLApplication      - Game initialization took: 0.139 sec
03:27:40.159 [JavaFX Application Thread] DEBUG Input                - Clearing active input actions
03:27:40.166 [JavaFX Application Thread] DEBUG GameApplicationServi - Removing overlay from FXGLLoadingScene and adding to GameScene
03:27:40.166 [JavaFX Application Thread] DEBUG PrimaryStageWindow   - FXGLLoadingScene -> GameScene
03:27:40.244 [JavaFX Application Thread] DEBUG Input                - Registered new binding: SHOOT - LMB
03:27:40.245 [JavaFX Application Thread] DEBUG Input                - Registered new binding: MOVE LEFT - A
03:27:40.248 [JavaFX Application Thread] DEBUG Input                - Registered new binding: MOVE RIGHT - D
03:27:40.250 [JavaFX Application Thread] DEBUG Input                - Registered new binding: MOVE UP - W
03:27:40.251 [JavaFX Application Thread] DEBUG Input                - Registered new binding: MOVE DOWN - S
03:27:40.985 [JavaFX Application Thread] DEBUG FXGLAssetLoaderServi - Loading from file system: file:/D:/Gonvival/game/target/classes/assets/textures/evil.png
03:27:41.596 [FXGL Background Thread 3 ] DEBUG Engine               - Logging environment variables
03:27:41.598 [FXGL Background Thread 3 ] DEBUG Engine               - achievements: []
03:27:41.598 [FXGL Background Thread 3 ] DEBUG Engine               - actualHeight: 800.0
03:27:41.599 [FXGL Background Thread 3 ] DEBUG Engine               - actualHeightProperty: ReadOnlyDoubleProperty [value: 800.0]
03:27:41.599 [FXGL Background Thread 3 ] DEBUG Engine               - actualWidth: 800.0
03:27:41.599 [FXGL Background Thread 3 ] DEBUG Engine               - actualWidthProperty: ReadOnlyDoubleProperty [value: 800.0]
03:27:41.599 [FXGL Background Thread 3 ] DEBUG Engine               - appIcon: fxgl_icon.png
03:27:41.599 [FXGL Background Thread 3 ] DEBUG Engine               - applicationMode: DEVELOPER
03:27:41.599 [FXGL Background Thread 3 ] DEBUG Engine               - cSSList: [fxgl_dark.css]
03:27:41.599 [FXGL Background Thread 3 ] DEBUG Engine               - collisionDetectionStrategy: BRUTE_FORCE
03:27:41.599 [FXGL Background Thread 3 ] DEBUG Engine               - configClass: Optional.empty
03:27:41.599 [FXGL Background Thread 3 ] DEBUG Engine               - credits: []
03:27:41.601 [FXGL Background Thread 3 ] DEBUG Engine               - defaultCursor: CursorInfo(imageName=fxgl_default_cursor.png, hotspotX=7.0, hotspotY=6.0)
03:27:41.602 [FXGL Background Thread 3 ] DEBUG Engine               - devBBoxColorProperty: ObjectProperty [value: 0xff0000ff]
03:27:41.602 [FXGL Background Thread 3 ] DEBUG Engine               - devEnableDebugCameraProperty: BooleanProperty [value: false]
03:27:41.602 [FXGL Background Thread 3 ] DEBUG Engine               - devSensorColorProperty: ObjectProperty [value: 0xffff00ff]
03:27:41.603 [FXGL Background Thread 3 ] DEBUG Engine               - devShowBBoxProperty: BooleanProperty [value: false]
03:27:41.603 [FXGL Background Thread 3 ] DEBUG Engine               - devShowPositionProperty: BooleanProperty [value: false]
03:27:41.603 [FXGL Background Thread 3 ] DEBUG Engine               - enabledMenuItems: []
03:27:41.604 [FXGL Background Thread 3 ] DEBUG Engine               - engineServices: [class com.almasb.fxgl.app.services.FXGLAssetLoaderService, class com.almasb.fxgl.app.FXGLApplication$GameApplicationService, class com.almasb.fxgl.app.services.FXGLDialogService, class com.almasb.fxgl.app.services.IOTaskExecutorService, class com.almasb.fxgl.io.FileSystemService, class com.almasb.fxgl.localization.LocalizationService, class com.almasb.fxgl.app.services.SystemBundleService, class com.almasb.fxgl.profile.SaveLoadService, class com.almasb.fxgl.ui.FXGLUIFactoryServiceProvider, class com.almasb.fxgl.ui.FXGLDialogFactoryServiceProvider, class com.almasb.fxgl.audio.AudioPlayer, class com.almasb.fxgl.notification.impl.NotificationServiceProvider, class com.almasb.fxgl.achievement.AchievementService, class com.almasb.fxgl.cutscene.CutsceneService, class com.almasb.fxgl.minigames.MiniGameService, class com.almasb.fxgl.net.NetService, class com.almasb.fxgl.app.services.UpdaterService, class com.almasb.fxgl.dev.DevService]
03:27:41.604 [FXGL Background Thread 3 ] DEBUG Engine               - fontGame: Abel-Regular.ttf
03:27:41.604 [FXGL Background Thread 3 ] DEBUG Engine               - fontMono: TerminalLandMono-Regular.otf
03:27:41.604 [FXGL Background Thread 3 ] DEBUG Engine               - fontSizeScaleUI: 1.0
03:27:41.605 [FXGL Background Thread 3 ] DEBUG Engine               - fontText: Courier-Prime.ttf
03:27:41.605 [FXGL Background Thread 3 ] DEBUG Engine               - fontUI: VarelaRound-Regular.ttf
03:27:41.605 [FXGL Background Thread 3 ] DEBUG Engine               - fullScreen: BooleanProperty [value: false]
03:27:41.605 [FXGL Background Thread 3 ] DEBUG Engine               - gameDifficulty: MEDIUM
03:27:41.605 [FXGL Background Thread 3 ] DEBUG Engine               - gameDifficultyProperty: ObjectProperty [value: MEDIUM]
03:27:41.607 [FXGL Background Thread 3 ] DEBUG Engine               - globalMusicVolume: 0.5
03:27:41.607 [FXGL Background Thread 3 ] DEBUG Engine               - globalMusicVolumeProperty: DoubleProperty [value: 0.5]
03:27:41.607 [FXGL Background Thread 3 ] DEBUG Engine               - globalSoundVolume: 0.5
03:27:41.608 [FXGL Background Thread 3 ] DEBUG Engine               - globalSoundVolumeProperty: DoubleProperty [value: 0.5]
03:27:41.608 [FXGL Background Thread 3 ] DEBUG Engine               - height: 800
03:27:41.608 [FXGL Background Thread 3 ] DEBUG Engine               - is3D: false
03:27:41.609 [FXGL Background Thread 3 ] DEBUG Engine               - isAndroid: false
03:27:41.609 [FXGL Background Thread 3 ] DEBUG Engine               - isBrowser: false
03:27:41.609 [FXGL Background Thread 3 ] DEBUG Engine               - isClickFeedbackEnabled: false
03:27:41.610 [FXGL Background Thread 3 ] DEBUG Engine               - isCloseConfirmation: false
03:27:41.610 [FXGL Background Thread 3 ] DEBUG Engine               - isDesktop: true
03:27:41.610 [FXGL Background Thread 3 ] DEBUG Engine               - isDeveloperMenuEnabled: false
03:27:41.610 [FXGL Background Thread 3 ] DEBUG Engine               - isEmbedded: false
03:27:41.610 [FXGL Background Thread 3 ] DEBUG Engine               - isEntityPreloadEnabled: true
03:27:41.611 [FXGL Background Thread 3 ] DEBUG Engine               - isExperimentalTiledLargeMap: false
03:27:41.611 [FXGL Background Thread 3 ] DEBUG Engine               - isFileSystemWriteAllowed: true
03:27:41.611 [FXGL Background Thread 3 ] DEBUG Engine               - isFullScreenAllowed: false
03:27:41.612 [FXGL Background Thread 3 ] DEBUG Engine               - isFullScreenFromStart: false
03:27:41.612 [FXGL Background Thread 3 ] DEBUG Engine               - isGameMenuEnabled: true
03:27:41.612 [FXGL Background Thread 3 ] DEBUG Engine               - isIOS: false
03:27:41.612 [FXGL Background Thread 3 ] DEBUG Engine               - isIntroEnabled: false
03:27:41.612 [FXGL Background Thread 3 ] DEBUG Engine               - isLinux: false
03:27:41.612 [FXGL Background Thread 3 ] DEBUG Engine               - isMac: false
03:27:41.612 [FXGL Background Thread 3 ] DEBUG Engine               - isMainMenuEnabled: true
03:27:41.613 [FXGL Background Thread 3 ] DEBUG Engine               - isManualResizeEnabled: false
03:27:41.613 [FXGL Background Thread 3 ] DEBUG Engine               - isMobile: false
03:27:41.613 [FXGL Background Thread 3 ] DEBUG Engine               - isNative: false
03:27:41.613 [FXGL Background Thread 3 ] DEBUG Engine               - isPauseMusicWhenMinimized: true
03:27:41.613 [FXGL Background Thread 3 ] DEBUG Engine               - isPreserveResizeRatio: false
03:27:41.613 [FXGL Background Thread 3 ] DEBUG Engine               - isProfilingEnabled: false
03:27:41.614 [FXGL Background Thread 3 ] DEBUG Engine               - isScaleAffectedOnResize: true
03:27:41.614 [FXGL Background Thread 3 ] DEBUG Engine               - isSingleStep: false
03:27:41.614 [FXGL Background Thread 3 ] DEBUG Engine               - isUserProfileEnabled: false
03:27:41.615 [FXGL Background Thread 3 ] DEBUG Engine               - isWindows: true
03:27:41.615 [FXGL Background Thread 3 ] DEBUG Engine               - language: ObjectProperty [value: ENGLISH]
03:27:41.615 [FXGL Background Thread 3 ] DEBUG Engine               - menuKey: ESCAPE
03:27:41.615 [FXGL Background Thread 3 ] DEBUG Engine               - mouseSensitivity: 0.2
03:27:41.615 [FXGL Background Thread 3 ] DEBUG Engine               - notificationViewClass: class com.almasb.fxgl.notification.view.XboxNotificationView
03:27:41.615 [FXGL Background Thread 3 ] DEBUG Engine               - pixelsPerMeter: 50.0
03:27:41.615 [FXGL Background Thread 3 ] DEBUG Engine               - platform: WINDOWS
03:27:41.615 [FXGL Background Thread 3 ] DEBUG Engine               - prefHeightProperty: ReadOnlyDoubleProperty [value: 800.0]
03:27:41.615 [FXGL Background Thread 3 ] DEBUG Engine               - prefWidthProperty: ReadOnlyDoubleProperty [value: 800.0]
03:27:41.616 [FXGL Background Thread 3 ] DEBUG Engine               - profileDir: profiles/
03:27:41.616 [FXGL Background Thread 3 ] DEBUG Engine               - profileName: StringProperty [value: DEFAULT]
03:27:41.616 [FXGL Background Thread 3 ] DEBUG Engine               - randomSeed: -1
03:27:41.618 [FXGL Background Thread 3 ] DEBUG Engine               - runtimeInfo: RuntimeInfo(platform=WINDOWS, version=21.1, build=27.03.2024 07.52)
03:27:41.620 [FXGL Background Thread 3 ] DEBUG Engine               - saveFileExt: sav
03:27:41.620 [FXGL Background Thread 3 ] DEBUG Engine               - scaledHeightProp$fxgl: DoubleProperty [bound, value: 800.0]
03:27:41.620 [FXGL Background Thread 3 ] DEBUG Engine               - scaledWidthProp$fxgl: DoubleProperty [bound, value: 800.0]
03:27:41.620 [FXGL Background Thread 3 ] DEBUG Engine               - sceneFactory: com.almasb.fxgl.app.scene.SceneFactory@124f247
03:27:41.620 [FXGL Background Thread 3 ] DEBUG Engine               - secondsIn24h: 60
03:27:41.621 [FXGL Background Thread 3 ] DEBUG Engine               - soundMenuBack: menu/back.wav
03:27:41.621 [FXGL Background Thread 3 ] DEBUG Engine               - soundMenuPress: menu/press.wav
03:27:41.621 [FXGL Background Thread 3 ] DEBUG Engine               - soundMenuSelect: menu/select.wav
03:27:41.621 [FXGL Background Thread 3 ] DEBUG Engine               - soundNotification: core/notification.wav
03:27:41.621 [FXGL Background Thread 3 ] DEBUG Engine               - stageStyle: DECORATED
03:27:41.621 [FXGL Background Thread 3 ] DEBUG Engine               - supportedLanguages: [ENGLISH, FRENCH, GERMAN, HUNGARIAN, RUSSIAN]
03:27:41.622 [FXGL Background Thread 3 ] DEBUG Engine               - ticksPerSecond: -1
03:27:41.622 [FXGL Background Thread 3 ] DEBUG Engine               - title: Gonvival
03:27:41.622 [FXGL Background Thread 3 ] DEBUG Engine               - urlGithub: https://github.com/AlmasB/FXGL
03:27:41.622 [FXGL Background Thread 3 ] DEBUG Engine               - urlLeaderboard: http://fxgl-top.herokuapp.com/
03:27:41.622 [FXGL Background Thread 3 ] DEBUG Engine               - urlPOM: https://raw.githubusercontent.com/AlmasB/FXGL/release/README.md
03:27:41.622 [FXGL Background Thread 3 ] DEBUG Engine               - userAppClass: class com.lab.App
03:27:41.623 [FXGL Background Thread 3 ] DEBUG Engine               - version: beta
03:27:41.623 [FXGL Background Thread 3 ] DEBUG Engine               - versionCheckDays: 7
03:27:41.623 [FXGL Background Thread 3 ] DEBUG Engine               - width: 800
03:27:41.623 [FXGL Background Thread 3 ] DEBUG Engine               - Logging services
03:27:41.623 [FXGL Background Thread 3 ] DEBUG Engine               - class com.almasb.fxgl.app.services.FXGLAssetLoaderService
03:27:41.623 [FXGL Background Thread 3 ] DEBUG Engine               - class com.almasb.fxgl.app.FXGLApplication$GameApplicationService
03:27:41.623 [FXGL Background Thread 3 ] DEBUG Engine               - class com.almasb.fxgl.app.services.FXGLDialogService
03:27:41.623 [FXGL Background Thread 3 ] DEBUG Engine               - class com.almasb.fxgl.app.services.IOTaskExecutorService
03:27:41.623 [FXGL Background Thread 3 ] DEBUG Engine               - class com.almasb.fxgl.io.FileSystemService
03:27:41.623 [FXGL Background Thread 3 ] DEBUG Engine               - class com.almasb.fxgl.localization.LocalizationService
03:27:41.623 [FXGL Background Thread 3 ] DEBUG Engine               - class com.almasb.fxgl.app.services.SystemBundleService
03:27:41.624 [FXGL Background Thread 3 ] DEBUG Engine               - class com.almasb.fxgl.profile.SaveLoadService
03:27:41.624 [FXGL Background Thread 3 ] DEBUG Engine               - class com.almasb.fxgl.ui.FXGLUIFactoryServiceProvider
03:27:41.624 [FXGL Background Thread 3 ] DEBUG Engine               - class com.almasb.fxgl.ui.FXGLDialogFactoryServiceProvider
03:27:41.624 [FXGL Background Thread 3 ] DEBUG Engine               - class com.almasb.fxgl.audio.AudioPlayer
03:27:41.624 [FXGL Background Thread 3 ] DEBUG Engine               - class com.almasb.fxgl.notification.impl.NotificationServiceProvider
03:27:41.624 [FXGL Background Thread 3 ] DEBUG Engine               - class com.almasb.fxgl.achievement.AchievementService
03:27:41.624 [FXGL Background Thread 3 ] DEBUG Engine               - class com.almasb.fxgl.cutscene.CutsceneService
03:27:41.624 [FXGL Background Thread 3 ] DEBUG Engine               - class com.almasb.fxgl.minigames.MiniGameService
03:27:41.624 [FXGL Background Thread 3 ] DEBUG Engine               - class com.almasb.fxgl.net.NetService
03:27:41.624 [FXGL Background Thread 3 ] DEBUG Engine               - class com.almasb.fxgl.app.services.UpdaterService
03:27:41.624 [FXGL Background Thread 3 ] DEBUG Engine               - class com.almasb.fxgl.dev.DevService
03:27:43.778 [JavaFX Application Thread] DEBUG FXGLAssetLoaderServi - Loading from file system: file:/D:/Gonvival/game/target/classes/assets/textures/arrow.png
03:27:49.431 [JavaFX Application Thread] DEBUG PrimaryStageWindow   - Push state: FXGLDefaultMenu
03:27:49.431 [JavaFX Application Thread] DEBUG Input                - Clearing active input actions
03:27:49.435 [JavaFX Application Thread] DEBUG GameApplicationServi - Removing overlay from GameScene and adding to FXGLDefaultMenu
03:27:49.435 [JavaFX Application Thread] DEBUG PrimaryStageWindow   - GameScene -> FXGLDefaultMenu
03:27:50.684 [JavaFX Application Thread] DEBUG Menu                 - fireExitToMainMenu()
03:27:50.698 [JavaFX Application Thread] DEBUG PrimaryStageWindow   - Push state: DialogSubScene
03:27:50.699 [JavaFX Application Thread] DEBUG Input                - Clearing active input actions
03:27:50.701 [JavaFX Application Thread] DEBUG GameApplicationServi - Removing overlay from FXGLDefaultMenu and adding to DialogSubScene
03:27:50.702 [JavaFX Application Thread] DEBUG PrimaryStageWindow   - FXGLDefaultMenu -> DialogSubScene
03:27:52.821 [JavaFX Application Thread] DEBUG FXGLApplication      - Exiting FXGL
03:27:52.823 [JavaFX Application Thread] DEBUG LoopRunner           - Stopping loop
03:27:52.823 [JavaFX Application Thread] DEBUG SystemBundleService  - Saving FXGL system data
03:27:52.827 [JavaFX Application Thread] DEBUG FileSystemAccess     - Writing to: D:\Gonvival\system\fxgl.bundle
03:27:52.835 [JavaFX Application Thread] DEBUG Async                - Shutting down background threads
03:27:52.836 [JavaFX Application Thread] DEBUG PrimaryStageWindow   - Closing main window
03:27:52.943 [JavaFX Application Thread] DEBUG Logger               - Closing Logger
