22:17:42.803 [main                     ] DEBUG Logger               - Configured Logger
22:17:42.830 [main                     ] DEBUG GameApplication      - Logging settings
Title: Gonvival
Version: beta
Width: 800
Height: 600
Fullscreen: false
Intro: false
Profiling: false
Single step:false
App Mode: DEVELOPER
Menu Key: ESCAPE
Stage Style: DECORATED
Scene Factory: class com.almasb.fxgl.app.scene.SceneFactory

22:17:43.945 [JavaFX Application Thread] DEBUG FXGLApplication      - Initializing FXGL
22:17:43.951 [JavaFX Application Thread] INFO  Engine               - FXGL-21.1 (27.03.2024 07.52) on WINDOWS (J:21.0.5 FX:21.0.1)
22:17:43.952 [JavaFX Application Thread] DEBUG Engine               - JRE Vendor Name: Eclipse Adoptium
22:17:43.952 [JavaFX Application Thread] DEBUG Engine               - Running on OS: Windows 11 version 10.0
22:17:43.952 [JavaFX Application Thread] DEBUG Engine               - Architecture: amd64
22:17:43.952 [JavaFX Application Thread] INFO  Engine               - Source code and latest versions at: https://github.com/AlmasB/FXGL
22:17:43.953 [JavaFX Application Thread] INFO  Engine               -       Ask questions and discuss at: https://github.com/AlmasB/FXGL/discussions
22:17:43.953 [JavaFX Application Thread] INFO  Engine               -              Join the FXGL chat at: https://gitter.im/AlmasB/FXGL
22:17:44.079 [JavaFX Application Thread] DEBUG PrimaryStageWindow   - Creating a JavaFX scene
22:17:44.133 [JavaFX Application Thread] DEBUG PrimaryStageWindow   - Target settings size: 800.0 x 600.0
22:17:44.133 [JavaFX Application Thread] DEBUG PrimaryStageWindow   - Scaled scene size:    800.0 x 600.0
22:17:44.133 [JavaFX Application Thread] DEBUG PrimaryStageWindow   - Scaled ratio: (1.0, 1.0)
22:17:44.134 [JavaFX Application Thread] DEBUG PrimaryStageWindow   - Set initial scene to FXGLStartupScene
22:17:44.138 [JavaFX Application Thread] DEBUG PrimaryStageWindow   - Opening main window
22:17:44.373 [JavaFX Application Thread] DEBUG PrimaryStageWindow   - Window border size: (14.4000244140625, 37.5999755859375)
22:17:44.374 [JavaFX Application Thread] DEBUG PrimaryStageWindow   - Scaled size: 800.0 x 600.0
22:17:44.376 [JavaFX Application Thread] DEBUG PrimaryStageWindow   - Scaled ratio: (1.0, 1.0)
22:17:44.377 [JavaFX Application Thread] DEBUG PrimaryStageWindow   - Scene size: 800.0 x 600.0
22:17:44.378 [JavaFX Application Thread] DEBUG PrimaryStageWindow   - Stage size: 814.4000244140625 x 637.5999755859375
22:17:44.409 [FXGL Background Thread 1 ] DEBUG Engine               - Initializing environment variables
22:17:44.538 [FXGL Background Thread 1 ] DEBUG FXGLAssetLoaderServi - User app class for loading assets: class com.lab.App
22:17:44.539 [FXGL Background Thread 1 ] DEBUG GameApplicationServi - Applying CSS: fxgl_dark.css
22:17:44.540 [FXGL Background Thread 1 ] DEBUG FXGLAssetLoaderServi - Loading from file system: jar:file:/C:/Users/HP/.m2/repository/com/github/almasb/fxgl/21.1/fxgl-21.1.jar!/fxglassets/ui/css/fxgl_dark.css
22:17:44.620 [FXGL Background Thread 1 ] DEBUG GameApplicationServi - Initializing application scenes
22:17:44.689 [FXGL Background Thread 1 ] DEBUG GameWorld            - Game world initialized
22:17:44.828 [FXGL Background Thread 1 ] DEBUG PhysicsWorld         - Physics world initialized: appHeight=600, physics.ppm=50.0
22:17:44.828 [FXGL Background Thread 1 ] DEBUG PhysicsWorld         - Using strategy: BRUTE_FORCE
22:17:44.834 [FXGL Background Thread 1 ] DEBUG GameScene            - Game scene initialized: 800x600
22:17:44.879 [FXGL Background Thread 1 ] DEBUG FXGL.DefaultMenu     - createMenuBodyGameMenu()
22:17:44.941 [FXGL Background Thread 1 ] DEBUG FXGL.DefaultMenu     - createOptionsMenu()
22:17:44.973 [FXGL Background Thread 1 ] DEBUG FXGLAssetLoaderServi - Loading from file system: jar:file:/C:/Users/HP/.m2/repository/com/github/almasb/fxgl/21.1/fxgl-21.1.jar!/fxglassets/textures/particles/smoke.png
22:17:45.206 [FXGL Background Thread 1 ] DEBUG FXGLAssetLoaderServi - Loading from file system: jar:file:/C:/Users/HP/.m2/repository/com/github/almasb/fxgl/21.1/fxgl-21.1.jar!/fxglassets/textures/particles/trace_horizontal.png
22:17:45.239 [FXGL Background Thread 1 ] DEBUG GameApplicationServi - Application scenes initialized
22:17:45.260 [FXGL Background Thread 1 ] DEBUG SystemBundleService  - Loading FXGL system data
22:17:45.270 [FXGL Background Thread 1 ] DEBUG FileSystemAccess     - Reading from: D:\Gonvival\system\fxgl.bundle
22:17:45.283 [FXGL Background Thread 1 ] DEBUG SystemBundleService  - Bundle FXGL: {}
22:17:45.285 [FXGL Background Thread 1 ] DEBUG UpdaterService       - Checking for updates
22:17:45.291 [FXGL Background Thread 4 ] DEBUG FXGLApplication      - Loading fonts
22:17:45.292 [FXGL Background Thread 4 ] DEBUG FXGLAssetLoaderServi - Loading from file system: jar:file:/C:/Users/HP/.m2/repository/com/github/almasb/fxgl/21.1/fxgl-21.1.jar!/fxglassets/ui/fonts/VarelaRound-Regular.ttf
22:17:45.293 [FXGL Background Thread 1 ] DEBUG FXGLApplication      - Loading default localization
22:17:45.295 [FXGL Background Thread 1 ] DEBUG FXGLAssetLoaderServi - Loading from file system: jar:file:/C:/Users/HP/.m2/repository/com/github/almasb/fxgl/21.1/fxgl-21.1.jar!/fxglassets/languages/english.lang
22:17:45.408 [FXGL Background Thread 1 ] INFO  FXGLApplication      - FXGL initialization took: 0.998 sec
22:17:45.418 [FXGL Background Thread 4 ] DEBUG FXGLAssetLoaderServi - Loading from file system: jar:file:/C:/Users/HP/.m2/repository/com/github/almasb/fxgl/21.1/fxgl-21.1.jar!/fxglassets/ui/fonts/Abel-Regular.ttf
22:17:45.426 [JavaFX Application Thread] DEBUG Input                - Registered new binding: Shoot - LMB
22:17:45.429 [FXGL Background Thread 4 ] DEBUG FXGLAssetLoaderServi - Loading from file system: jar:file:/C:/Users/HP/.m2/repository/com/github/almasb/fxgl/21.1/fxgl-21.1.jar!/fxglassets/ui/fonts/TerminalLandMono-Regular.otf
22:17:45.438 [FXGL Background Thread 4 ] DEBUG FXGLAssetLoaderServi - Loading from file system: jar:file:/C:/Users/HP/.m2/repository/com/github/almasb/fxgl/21.1/fxgl-21.1.jar!/fxglassets/ui/fonts/Courier-Prime.ttf
22:17:45.452 [JavaFX Application Thread] DEBUG Input                - Registered new binding: action0 - A
22:17:45.453 [JavaFX Application Thread] DEBUG Input                - Registered new binding: action1 - D
22:17:45.455 [JavaFX Application Thread] DEBUG Input                - Registered new binding: action2 - W
22:17:45.456 [JavaFX Application Thread] DEBUG Input                - Registered new binding: action3 - S
22:17:45.458 [JavaFX Application Thread] DEBUG FXGLAssetLoaderServi - Loading from file system: jar:file:/C:/Users/HP/.m2/repository/com/github/almasb/fxgl/21.1/fxgl-21.1.jar!/fxglassets/textures/fxgl_icon.png
22:17:45.496 [JavaFX Application Thread] DEBUG FXGLAssetLoaderServi - Loading from file system: jar:file:/C:/Users/HP/.m2/repository/com/github/almasb/fxgl/21.1/fxgl-21.1.jar!/fxglassets/textures/fxgl_default_cursor.png
22:17:45.500 [JavaFX Application Thread] DEBUG Input                - Registered new binding: Screenshot - CTRL+8
22:17:45.500 [JavaFX Application Thread] DEBUG Input                - Registered new binding: System info dump - CTRL+9
22:17:45.501 [JavaFX Application Thread] DEBUG Input                - Registered new binding: Restart - CTRL+R
22:17:45.503 [JavaFX Application Thread] DEBUG Input                - Registered new binding: Toggle Debug Camera - CTRL+7
22:17:45.511 [JavaFX Application Thread] DEBUG LoopRunner           - Starting loop
22:17:45.511 [JavaFX Application Thread] DEBUG LoopRunner           - Initializing JavaFX AnimationTimerLoop
22:17:45.515 [JavaFX Application Thread] DEBUG GameApplicationServi - Starting new game
22:17:45.516 [JavaFX Application Thread] DEBUG Input                - Clearing active input actions
22:17:45.530 [JavaFX Application Thread] DEBUG GameApplicationServi - Removing overlay from FXGLStartupScene and adding to FXGLLoadingScene
22:17:45.531 [JavaFX Application Thread] DEBUG PrimaryStageWindow   - FXGLStartupScene -> FXGLLoadingScene
22:17:45.531 [JavaFX Application Thread] DEBUG GameApplicationServi - Clearing previous game
22:17:45.531 [JavaFX Application Thread] DEBUG GameScene            - Clearing game scene
22:17:45.531 [JavaFX Application Thread] DEBUG GameWorld            - Clearing game world
22:17:45.531 [JavaFX Application Thread] DEBUG PhysicsWorld         - Clearing physics world
22:17:45.534 [FXGL Background Thread 4 ] DEBUG FXGLApplication      - Initializing game
22:17:45.537 [JavaFX Application Thread] DEBUG FXGLApplication      - Registering font factories with UI factory
22:17:45.553 [FXGL Background Thread 4 ] DEBUG FXGLAssetLoaderServi - Loading from file system: file:/D:/Gonvival/game/target/classes/assets/textures/g.png
22:17:45.563 [FXGL Background Thread 4 ] INFO  FXGLApplication      - Game initialization took: 0.028 sec
22:17:45.602 [JavaFX Application Thread] DEBUG Input                - Clearing active input actions
22:17:45.613 [JavaFX Application Thread] DEBUG GameApplicationServi - Removing overlay from FXGLLoadingScene and adding to GameScene
22:17:45.613 [JavaFX Application Thread] DEBUG PrimaryStageWindow   - FXGLLoadingScene -> GameScene
22:17:46.626 [JavaFX Application Thread] DEBUG FXGLAssetLoaderServi - Loading from file system: file:/D:/Gonvival/game/target/classes/assets/textures/evil.png
22:17:46.680 [JavaFX Application Thread] DEBUG LoopRunner           - Stopping loop
22:17:46.689 [JavaFX Application Thread] FATAL FXGLApplication      - Uncaught Exception:
java.lang.IllegalArgumentException: Property boss does not exist
	at com.almasb.fxgl.core.collection.PropertyMap.get(PropertyMap.kt:298)
	at com.almasb.fxgl.core.collection.PropertyMap.intProperty(PropertyMap.kt:191)
	at com.almasb.fxgl.core.collection.PropertyMap.getInt(PropertyMap.kt:181)
	at com.lab.App.lambda$0(App.java:58)
	at com.almasb.fxgl.time.TimerAction.update(TimerAction.kt:69)
	at com.almasb.fxgl.time.Timer.update(Timer.kt:38)
	at com.almasb.fxgl.scene.Scene.update(Scene.kt:104)
	at com.almasb.fxgl.app.MainWindow$update$1.invoke(MainWindow.kt:121)
	at com.almasb.fxgl.app.MainWindow$update$1.invoke(MainWindow.kt:121)
	at com.almasb.fxgl.core.fsm.StateMachine.runOnActiveStates(StateMachine.kt:69)
	at com.almasb.fxgl.app.MainWindow.update(MainWindow.kt:121)
	at com.almasb.fxgl.app.FXGLApplication$GameApplicationService.onUpdate(FXGLApplication.kt:445)
	at com.almasb.fxgl.app.Engine.loop(Engine.kt:134)
	at com.almasb.fxgl.app.Engine.access$loop(Engine.kt:24)
	at com.almasb.fxgl.app.Engine$loop$1.invoke(Engine.kt:28)
	at com.almasb.fxgl.app.Engine$loop$1.invoke(Engine.kt:28)
	at com.almasb.fxgl.app.LoopRunner.frame(LoopRunner.kt:103)
	at com.almasb.fxgl.app.LoopRunner.access$frame(LoopRunner.kt:23)
	at com.almasb.fxgl.app.LoopRunner$impl$2$1.onTick(LoopRunner.kt:57)
	at com.almasb.fxgl.app.AnimationTimerLoop$timer$1.handle(LoopRunner.kt:137)
	at javafx.animation.AnimationTimer$AnimationTimerReceiver.lambda$handle$0(AnimationTimer.java:58)
	at java.base/java.security.AccessController.doPrivileged(AccessController.java:400)
	at javafx.animation.AnimationTimer$AnimationTimerReceiver.handle(AnimationTimer.java:57)
	at com.sun.scenario.animation.AbstractPrimaryTimer.timePulseImpl(AbstractPrimaryTimer.java:356)
	at com.sun.scenario.animation.AbstractPrimaryTimer$MainLoop.run(AbstractPrimaryTimer.java:266)
	at com.sun.javafx.tk.quantum.QuantumToolkit.pulse(QuantumToolkit.java:588)
	at com.sun.javafx.tk.quantum.QuantumToolkit.pulse(QuantumToolkit.java:572)
	at com.sun.javafx.tk.quantum.QuantumToolkit.pulseFromQueue(QuantumToolkit.java:565)
	at com.sun.javafx.tk.quantum.QuantumToolkit.lambda$runToolkit$11(QuantumToolkit.java:352)
	at com.sun.glass.ui.InvokeLaterDispatcher$Future.run(InvokeLaterDispatcher.java:95)
	at com.sun.glass.ui.win.WinApplication._runLoop(Native Method)
	at com.sun.glass.ui.win.WinApplication.lambda$runLoop$3(WinApplication.java:185)
	at java.base/java.lang.Thread.run(Thread.java:1583)

22:17:46.693 [JavaFX Application Thread] FATAL FXGLApplication      - Application will now exit
22:17:46.754 [JavaFX Application Thread] DEBUG PrimaryStageWindow   - Push state: ErrorSubScene
22:17:46.756 [JavaFX Application Thread] DEBUG Input                - Clearing active input actions
22:17:46.773 [JavaFX Application Thread] DEBUG GameApplicationServi - Removing overlay from GameScene and adding to ErrorSubScene
22:17:46.776 [JavaFX Application Thread] DEBUG PrimaryStageWindow   - GameScene -> ErrorSubScene
22:17:48.265 [JavaFX Application Thread] DEBUG FXGLApplication      - Exiting FXGL
22:17:48.265 [JavaFX Application Thread] DEBUG Async                - Shutting down background threads
22:17:48.265 [JavaFX Application Thread] DEBUG PrimaryStageWindow   - Closing main window
22:17:48.308 [JavaFX Application Thread] DEBUG Logger               - Closing Logger
