05:48:04.657 [main                     ] DEBUG Logger               - Configured Logger
05:48:04.702 [main                     ] DEBUG GameApplication      - Logging settings
Title: Gonvival
Version: beta
Width: 800
Height: 800
Fullscreen: false
Intro: false
Profiling: false
Single step:false
App Mode: DEVELOPER
Menu Key: ESCAPE
Stage Style: DECORATED
Scene Factory: class com.lab.App$1

05:48:06.070 [JavaFX Application Thread] DEBUG FXGLApplication      - Initializing FXGL
05:48:06.076 [JavaFX Application Thread] INFO  Engine               - FXGL-21.1 (27.03.2024 07.52) on WINDOWS (J:21.0.5 FX:21.0.1)
05:48:06.077 [JavaFX Application Thread] DEBUG Engine               - JRE Vendor Name: Eclipse Adoptium
05:48:06.077 [JavaFX Application Thread] DEBUG Engine               - Running on OS: Windows 11 version 10.0
05:48:06.077 [JavaFX Application Thread] DEBUG Engine               - Architecture: amd64
05:48:06.077 [JavaFX Application Thread] INFO  Engine               - Source code and latest versions at: https://github.com/AlmasB/FXGL
05:48:06.077 [JavaFX Application Thread] INFO  Engine               -       Ask questions and discuss at: https://github.com/AlmasB/FXGL/discussions
05:48:06.077 [JavaFX Application Thread] INFO  Engine               -              Join the FXGL chat at: https://gitter.im/AlmasB/FXGL
05:48:06.206 [JavaFX Application Thread] DEBUG PrimaryStageWindow   - Creating a JavaFX scene
05:48:06.252 [JavaFX Application Thread] DEBUG PrimaryStageWindow   - Target settings size: 800.0 x 800.0
05:48:06.252 [JavaFX Application Thread] DEBUG PrimaryStageWindow   - Scaled scene size:    800.0 x 800.0
05:48:06.252 [JavaFX Application Thread] DEBUG PrimaryStageWindow   - Scaled ratio: (1.0, 1.0)
05:48:06.254 [JavaFX Application Thread] DEBUG PrimaryStageWindow   - Set initial scene to FXGLStartupScene
05:48:06.257 [JavaFX Application Thread] DEBUG PrimaryStageWindow   - Opening main window
05:48:06.413 [JavaFX Application Thread] DEBUG PrimaryStageWindow   - Window border size: (14.4000244140625, 37.5999755859375)
05:48:06.416 [JavaFX Application Thread] DEBUG PrimaryStageWindow   - Scaled size: 800.0 x 800.0
05:48:06.418 [JavaFX Application Thread] DEBUG PrimaryStageWindow   - Scaled ratio: (1.0, 1.0)
05:48:06.420 [JavaFX Application Thread] DEBUG PrimaryStageWindow   - Scene size: 800.0 x 800.0
05:48:06.421 [JavaFX Application Thread] DEBUG PrimaryStageWindow   - Stage size: 814.4000244140625 x 837.5999755859375
05:48:06.454 [FXGL Background Thread 1 ] DEBUG Engine               - Initializing environment variables
05:48:06.602 [FXGL Background Thread 1 ] DEBUG FXGLAssetLoaderServi - User app class for loading assets: class com.lab.App
05:48:06.603 [FXGL Background Thread 1 ] DEBUG GameApplicationServi - Applying CSS: fxgl_dark.css
05:48:06.604 [FXGL Background Thread 1 ] DEBUG FXGLAssetLoaderServi - Loading from file system: jar:file:/C:/Users/HP/.m2/repository/com/github/almasb/fxgl/21.1/fxgl-21.1.jar!/fxglassets/ui/css/fxgl_dark.css
05:48:06.655 [FXGL Background Thread 1 ] DEBUG GameApplicationServi - Initializing application scenes
05:48:06.743 [FXGL Background Thread 1 ] DEBUG GameWorld            - Game world initialized
05:48:06.846 [FXGL Background Thread 1 ] DEBUG PhysicsWorld         - Physics world initialized: appHeight=800, physics.ppm=50.0
05:48:06.846 [FXGL Background Thread 1 ] DEBUG PhysicsWorld         - Using strategy: BRUTE_FORCE
05:48:06.849 [FXGL Background Thread 1 ] DEBUG GameScene            - Game scene initialized: 800x800
05:48:06.905 [FXGL Background Thread 1 ] DEBUG FXGL.DefaultMenu     - createMenuBodyGameMenu()
05:48:06.937 [FXGL Background Thread 1 ] DEBUG FXGL.DefaultMenu     - createOptionsMenu()
05:48:06.947 [FXGL Background Thread 1 ] DEBUG FXGLAssetLoaderServi - Loading from file system: jar:file:/C:/Users/HP/.m2/repository/com/github/almasb/fxgl/21.1/fxgl-21.1.jar!/fxglassets/textures/particles/smoke.png
05:48:07.093 [FXGL Background Thread 1 ] DEBUG FXGLAssetLoaderServi - Loading from file system: jar:file:/C:/Users/HP/.m2/repository/com/github/almasb/fxgl/21.1/fxgl-21.1.jar!/fxglassets/textures/particles/trace_horizontal.png
05:48:07.118 [FXGL Background Thread 1 ] DEBUG GameApplicationServi - Application scenes initialized
05:48:07.132 [FXGL Background Thread 1 ] DEBUG SystemBundleService  - Loading FXGL system data
05:48:07.140 [FXGL Background Thread 1 ] DEBUG FileSystemAccess     - Reading from: D:\Gonvival\system\fxgl.bundle
05:48:07.150 [FXGL Background Thread 1 ] DEBUG SystemBundleService  - Bundle FXGL: {}
05:48:07.151 [FXGL Background Thread 1 ] DEBUG UpdaterService       - Checking for updates
05:48:07.157 [FXGL Background Thread 4 ] DEBUG FXGLApplication      - Loading fonts
05:48:07.158 [FXGL Background Thread 4 ] DEBUG FXGLAssetLoaderServi - Loading from file system: jar:file:/C:/Users/HP/.m2/repository/com/github/almasb/fxgl/21.1/fxgl-21.1.jar!/fxglassets/ui/fonts/VarelaRound-Regular.ttf
05:48:07.158 [FXGL Background Thread 1 ] DEBUG FXGLApplication      - Loading default localization
05:48:07.159 [FXGL Background Thread 1 ] DEBUG FXGLAssetLoaderServi - Loading from file system: jar:file:/C:/Users/HP/.m2/repository/com/github/almasb/fxgl/21.1/fxgl-21.1.jar!/fxglassets/languages/english.lang
05:48:07.207 [FXGL Background Thread 1 ] INFO  FXGLApplication      - FXGL initialization took: 0.753 sec
05:48:07.209 [JavaFX Application Thread] DEBUG FXGLAssetLoaderServi - Loading from file system: jar:file:/C:/Users/HP/.m2/repository/com/github/almasb/fxgl/21.1/fxgl-21.1.jar!/fxglassets/textures/fxgl_icon.png
05:48:07.217 [FXGL Background Thread 4 ] DEBUG FXGLAssetLoaderServi - Loading from file system: jar:file:/C:/Users/HP/.m2/repository/com/github/almasb/fxgl/21.1/fxgl-21.1.jar!/fxglassets/ui/fonts/Abel-Regular.ttf
05:48:07.222 [FXGL Background Thread 4 ] DEBUG FXGLAssetLoaderServi - Loading from file system: jar:file:/C:/Users/HP/.m2/repository/com/github/almasb/fxgl/21.1/fxgl-21.1.jar!/fxglassets/ui/fonts/TerminalLandMono-Regular.otf
05:48:07.228 [FXGL Background Thread 4 ] DEBUG FXGLAssetLoaderServi - Loading from file system: jar:file:/C:/Users/HP/.m2/repository/com/github/almasb/fxgl/21.1/fxgl-21.1.jar!/fxglassets/ui/fonts/Courier-Prime.ttf
05:48:07.243 [JavaFX Application Thread] DEBUG FXGLAssetLoaderServi - Loading from file system: jar:file:/C:/Users/HP/.m2/repository/com/github/almasb/fxgl/21.1/fxgl-21.1.jar!/fxglassets/textures/fxgl_default_cursor.png
05:48:07.257 [JavaFX Application Thread] DEBUG Input                - Registered new binding: Screenshot - CTRL+8
05:48:07.258 [JavaFX Application Thread] DEBUG Input                - Registered new binding: System info dump - CTRL+9
05:48:07.259 [JavaFX Application Thread] DEBUG Input                - Registered new binding: Restart - CTRL+R
05:48:07.259 [JavaFX Application Thread] DEBUG Input                - Registered new binding: Toggle Debug Camera - CTRL+7
05:48:07.266 [JavaFX Application Thread] DEBUG LoopRunner           - Starting loop
05:48:07.266 [JavaFX Application Thread] DEBUG LoopRunner           - Initializing JavaFX AnimationTimerLoop
05:48:07.271 [JavaFX Application Thread] DEBUG Input                - Clearing active input actions
05:48:07.279 [JavaFX Application Thread] DEBUG GameApplicationServi - Removing overlay from FXGLStartupScene and adding to FXGLMainMenuDummyScene
05:48:07.279 [JavaFX Application Thread] DEBUG PrimaryStageWindow   - FXGLStartupScene -> FXGLMainMenuDummyScene
05:48:07.279 [JavaFX Application Thread] DEBUG PrimaryStageWindow   - Push state: StartScreen
05:48:07.280 [JavaFX Application Thread] DEBUG Input                - Clearing active input actions
05:48:07.299 [JavaFX Application Thread] DEBUG GameApplicationServi - Removing overlay from FXGLMainMenuDummyScene and adding to StartScreen
05:48:07.300 [JavaFX Application Thread] DEBUG PrimaryStageWindow   - FXGLMainMenuDummyScene -> StartScreen
05:48:07.304 [JavaFX Application Thread] DEBUG FXGLApplication      - Registering font factories with UI factory
05:48:07.949 [JavaFX Application Thread] DEBUG Menu                 - fireNewGame()
05:48:07.949 [JavaFX Application Thread] DEBUG GameApplicationServi - Starting new game
05:48:07.950 [JavaFX Application Thread] DEBUG PrimaryStageWindow   - Pop state: StartScreen
05:48:07.950 [JavaFX Application Thread] DEBUG Input                - Clearing active input actions
05:48:07.951 [JavaFX Application Thread] DEBUG GameApplicationServi - Removing overlay from StartScreen and adding to FXGLMainMenuDummyScene
05:48:07.952 [JavaFX Application Thread] DEBUG PrimaryStageWindow   - FXGLMainMenuDummyScene <- StartScreen
05:48:07.952 [JavaFX Application Thread] DEBUG Input                - Clearing active input actions
05:48:07.971 [JavaFX Application Thread] DEBUG GameApplicationServi - Removing overlay from FXGLMainMenuDummyScene and adding to FXGLLoadingScene
05:48:07.972 [JavaFX Application Thread] DEBUG PrimaryStageWindow   - FXGLMainMenuDummyScene -> FXGLLoadingScene
05:48:07.972 [JavaFX Application Thread] DEBUG GameApplicationServi - Clearing previous game
05:48:07.972 [JavaFX Application Thread] DEBUG GameScene            - Clearing game scene
05:48:07.972 [JavaFX Application Thread] DEBUG GameWorld            - Clearing game world
05:48:07.972 [JavaFX Application Thread] DEBUG PhysicsWorld         - Clearing physics world
05:48:07.978 [FXGL Background Thread 2 ] DEBUG FXGLApplication      - Initializing game
05:48:08.002 [FXGL Background Thread 2 ] DEBUG FXGLAssetLoaderServi - Loading from file system: file:/D:/Gonvival/game/target/classes/assets/textures/newmap2.png
05:48:08.085 [FXGL Background Thread 2 ] DEBUG FXGLAssetLoaderServi - Loading from file system: file:/D:/Gonvival/game/target/classes/assets/textures/Level.png
05:48:08.144 [FXGL Background Thread 2 ] DEBUG FXGLAssetLoaderServi - Loading from file system: file:/D:/Gonvival/game/target/classes/assets/textures/idle_down.png
05:48:08.148 [FXGL Background Thread 2 ] DEBUG FXGLAssetLoaderServi - Loading from file system: file:/D:/Gonvival/game/target/classes/assets/textures/idle_up.png
05:48:08.150 [FXGL Background Thread 2 ] DEBUG FXGLAssetLoaderServi - Loading from file system: file:/D:/Gonvival/game/target/classes/assets/textures/idle_left_down.png
05:48:08.152 [FXGL Background Thread 2 ] DEBUG FXGLAssetLoaderServi - Loading from file system: file:/D:/Gonvival/game/target/classes/assets/textures/idle_left_up.png
05:48:08.154 [FXGL Background Thread 2 ] DEBUG FXGLAssetLoaderServi - Loading from file system: file:/D:/Gonvival/game/target/classes/assets/textures/idle_right_down.png
05:48:08.156 [FXGL Background Thread 2 ] DEBUG FXGLAssetLoaderServi - Loading from file system: file:/D:/Gonvival/game/target/classes/assets/textures/idle_right_up.png
05:48:08.158 [FXGL Background Thread 2 ] DEBUG FXGLAssetLoaderServi - Loading from file system: file:/D:/Gonvival/game/target/classes/assets/textures/walk_left_down.png
05:48:08.160 [FXGL Background Thread 2 ] DEBUG FXGLAssetLoaderServi - Loading from file system: file:/D:/Gonvival/game/target/classes/assets/textures/walk_right_down.png
05:48:08.162 [FXGL Background Thread 2 ] DEBUG FXGLAssetLoaderServi - Loading from file system: file:/D:/Gonvival/game/target/classes/assets/textures/walk_up.png
05:48:08.165 [FXGL Background Thread 2 ] DEBUG FXGLAssetLoaderServi - Loading from file system: file:/D:/Gonvival/game/target/classes/assets/textures/walk_down.png
05:48:08.167 [FXGL Background Thread 2 ] DEBUG FXGLAssetLoaderServi - Loading from file system: file:/D:/Gonvival/game/target/classes/assets/textures/walk_left_up.png
05:48:08.168 [FXGL Background Thread 2 ] DEBUG FXGLAssetLoaderServi - Loading from file system: file:/D:/Gonvival/game/target/classes/assets/textures/walk_right_up.png
05:48:08.178 [FXGL Background Thread 2 ] INFO  FXGLApplication      - Game initialization took: 0.200 sec
05:48:08.179 [JavaFX Application Thread] DEBUG Input                - Clearing active input actions
05:48:08.188 [JavaFX Application Thread] DEBUG GameApplicationServi - Removing overlay from FXGLLoadingScene and adding to GameScene
05:48:08.188 [JavaFX Application Thread] DEBUG PrimaryStageWindow   - FXGLLoadingScene -> GameScene
05:48:08.286 [JavaFX Application Thread] DEBUG Input                - Registered new binding: SHOOT - LMB
05:48:08.287 [JavaFX Application Thread] DEBUG Input                - Registered new binding: MOVE LEFT - A
05:48:08.288 [JavaFX Application Thread] DEBUG Input                - Registered new binding: MOVE RIGHT - D
05:48:08.288 [JavaFX Application Thread] DEBUG Input                - Registered new binding: MOVE UP - W
05:48:08.288 [JavaFX Application Thread] DEBUG Input                - Registered new binding: MOVE DOWN - S
05:48:09.022 [JavaFX Application Thread] DEBUG FXGLAssetLoaderServi - Loading from file system: file:/D:/Gonvival/game/target/classes/assets/textures/GraveRevenant.png
05:48:09.573 [JavaFX Application Thread] DEBUG FXGLAssetLoaderServi - Loading from file system: file:/D:/Gonvival/game/target/classes/assets/textures/arrow.png
05:48:10.155 [FXGL Background Thread 3 ] DEBUG Engine               - Logging environment variables
05:48:10.158 [FXGL Background Thread 3 ] DEBUG Engine               - achievements: []
05:48:10.158 [FXGL Background Thread 3 ] DEBUG Engine               - actualHeight: 800.0
05:48:10.159 [FXGL Background Thread 3 ] DEBUG Engine               - actualHeightProperty: ReadOnlyDoubleProperty [value: 800.0]
05:48:10.159 [FXGL Background Thread 3 ] DEBUG Engine               - actualWidth: 800.0
05:48:10.159 [FXGL Background Thread 3 ] DEBUG Engine               - actualWidthProperty: ReadOnlyDoubleProperty [value: 800.0]
05:48:10.159 [FXGL Background Thread 3 ] DEBUG Engine               - appIcon: fxgl_icon.png
05:48:10.159 [FXGL Background Thread 3 ] DEBUG Engine               - applicationMode: DEVELOPER
05:48:10.159 [FXGL Background Thread 3 ] DEBUG Engine               - cSSList: [fxgl_dark.css]
05:48:10.159 [FXGL Background Thread 3 ] DEBUG Engine               - collisionDetectionStrategy: BRUTE_FORCE
05:48:10.160 [FXGL Background Thread 3 ] DEBUG Engine               - configClass: Optional.empty
05:48:10.160 [FXGL Background Thread 3 ] DEBUG Engine               - credits: []
05:48:10.161 [FXGL Background Thread 3 ] DEBUG Engine               - defaultCursor: CursorInfo(imageName=fxgl_default_cursor.png, hotspotX=7.0, hotspotY=6.0)
05:48:10.161 [FXGL Background Thread 3 ] DEBUG Engine               - devBBoxColorProperty: ObjectProperty [value: 0xff0000ff]
05:48:10.161 [FXGL Background Thread 3 ] DEBUG Engine               - devEnableDebugCameraProperty: BooleanProperty [value: false]
05:48:10.161 [FXGL Background Thread 3 ] DEBUG Engine               - devSensorColorProperty: ObjectProperty [value: 0xffff00ff]
05:48:10.161 [FXGL Background Thread 3 ] DEBUG Engine               - devShowBBoxProperty: BooleanProperty [value: false]
05:48:10.162 [FXGL Background Thread 3 ] DEBUG Engine               - devShowPositionProperty: BooleanProperty [value: false]
05:48:10.162 [FXGL Background Thread 3 ] DEBUG Engine               - enabledMenuItems: []
05:48:10.162 [FXGL Background Thread 3 ] DEBUG Engine               - engineServices: [class com.almasb.fxgl.app.services.FXGLAssetLoaderService, class com.almasb.fxgl.app.FXGLApplication$GameApplicationService, class com.almasb.fxgl.app.services.FXGLDialogService, class com.almasb.fxgl.app.services.IOTaskExecutorService, class com.almasb.fxgl.io.FileSystemService, class com.almasb.fxgl.localization.LocalizationService, class com.almasb.fxgl.app.services.SystemBundleService, class com.almasb.fxgl.profile.SaveLoadService, class com.almasb.fxgl.ui.FXGLUIFactoryServiceProvider, class com.almasb.fxgl.ui.FXGLDialogFactoryServiceProvider, class com.almasb.fxgl.audio.AudioPlayer, class com.almasb.fxgl.notification.impl.NotificationServiceProvider, class com.almasb.fxgl.achievement.AchievementService, class com.almasb.fxgl.cutscene.CutsceneService, class com.almasb.fxgl.minigames.MiniGameService, class com.almasb.fxgl.net.NetService, class com.almasb.fxgl.app.services.UpdaterService, class com.almasb.fxgl.dev.DevService]
05:48:10.162 [FXGL Background Thread 3 ] DEBUG Engine               - fontGame: Abel-Regular.ttf
05:48:10.162 [FXGL Background Thread 3 ] DEBUG Engine               - fontMono: TerminalLandMono-Regular.otf
05:48:10.162 [FXGL Background Thread 3 ] DEBUG Engine               - fontSizeScaleUI: 1.0
05:48:10.162 [FXGL Background Thread 3 ] DEBUG Engine               - fontText: Courier-Prime.ttf
05:48:10.162 [FXGL Background Thread 3 ] DEBUG Engine               - fontUI: VarelaRound-Regular.ttf
05:48:10.163 [FXGL Background Thread 3 ] DEBUG Engine               - fullScreen: BooleanProperty [value: false]
05:48:10.163 [FXGL Background Thread 3 ] DEBUG Engine               - gameDifficulty: MEDIUM
05:48:10.163 [FXGL Background Thread 3 ] DEBUG Engine               - gameDifficultyProperty: ObjectProperty [value: MEDIUM]
05:48:10.163 [FXGL Background Thread 3 ] DEBUG Engine               - globalMusicVolume: 0.5
05:48:10.164 [FXGL Background Thread 3 ] DEBUG Engine               - globalMusicVolumeProperty: DoubleProperty [value: 1.0]
05:48:10.164 [FXGL Background Thread 3 ] DEBUG Engine               - globalSoundVolume: 0.5
05:48:10.164 [FXGL Background Thread 3 ] DEBUG Engine               - globalSoundVolumeProperty: DoubleProperty [value: 1.0]
05:48:10.164 [FXGL Background Thread 3 ] DEBUG Engine               - height: 800
05:48:10.164 [FXGL Background Thread 3 ] DEBUG Engine               - is3D: false
05:48:10.164 [FXGL Background Thread 3 ] DEBUG Engine               - isAndroid: false
05:48:10.164 [FXGL Background Thread 3 ] DEBUG Engine               - isBrowser: false
05:48:10.164 [FXGL Background Thread 3 ] DEBUG Engine               - isClickFeedbackEnabled: false
05:48:10.164 [FXGL Background Thread 3 ] DEBUG Engine               - isCloseConfirmation: false
05:48:10.165 [FXGL Background Thread 3 ] DEBUG Engine               - isDesktop: true
05:48:10.165 [FXGL Background Thread 3 ] DEBUG Engine               - isDeveloperMenuEnabled: false
05:48:10.165 [FXGL Background Thread 3 ] DEBUG Engine               - isEmbedded: false
05:48:10.165 [FXGL Background Thread 3 ] DEBUG Engine               - isEntityPreloadEnabled: true
05:48:10.166 [FXGL Background Thread 3 ] DEBUG Engine               - isExperimentalTiledLargeMap: false
05:48:10.166 [FXGL Background Thread 3 ] DEBUG Engine               - isFileSystemWriteAllowed: true
05:48:10.166 [FXGL Background Thread 3 ] DEBUG Engine               - isFullScreenAllowed: false
05:48:10.166 [FXGL Background Thread 3 ] DEBUG Engine               - isFullScreenFromStart: false
05:48:10.166 [FXGL Background Thread 3 ] DEBUG Engine               - isGameMenuEnabled: true
05:48:10.166 [FXGL Background Thread 3 ] DEBUG Engine               - isIOS: false
05:48:10.166 [FXGL Background Thread 3 ] DEBUG Engine               - isIntroEnabled: false
05:48:10.166 [FXGL Background Thread 3 ] DEBUG Engine               - isLinux: false
05:48:10.166 [FXGL Background Thread 3 ] DEBUG Engine               - isMac: false
05:48:10.166 [FXGL Background Thread 3 ] DEBUG Engine               - isMainMenuEnabled: true
05:48:10.167 [FXGL Background Thread 3 ] DEBUG Engine               - isManualResizeEnabled: false
05:48:10.167 [FXGL Background Thread 3 ] DEBUG Engine               - isMobile: false
05:48:10.167 [FXGL Background Thread 3 ] DEBUG Engine               - isNative: false
05:48:10.167 [FXGL Background Thread 3 ] DEBUG Engine               - isPauseMusicWhenMinimized: true
05:48:10.167 [FXGL Background Thread 3 ] DEBUG Engine               - isPreserveResizeRatio: false
05:48:10.167 [FXGL Background Thread 3 ] DEBUG Engine               - isProfilingEnabled: false
05:48:10.168 [FXGL Background Thread 3 ] DEBUG Engine               - isScaleAffectedOnResize: true
05:48:10.168 [FXGL Background Thread 3 ] DEBUG Engine               - isSingleStep: false
05:48:10.168 [FXGL Background Thread 3 ] DEBUG Engine               - isUserProfileEnabled: false
05:48:10.169 [FXGL Background Thread 3 ] DEBUG Engine               - isWindows: true
05:48:10.169 [FXGL Background Thread 3 ] DEBUG Engine               - language: ObjectProperty [value: ENGLISH]
05:48:10.169 [FXGL Background Thread 3 ] DEBUG Engine               - menuKey: ESCAPE
05:48:10.169 [FXGL Background Thread 3 ] DEBUG Engine               - mouseSensitivity: 0.2
05:48:10.169 [FXGL Background Thread 3 ] DEBUG Engine               - notificationViewClass: class com.almasb.fxgl.notification.view.XboxNotificationView
05:48:10.169 [FXGL Background Thread 3 ] DEBUG Engine               - pixelsPerMeter: 50.0
05:48:10.169 [FXGL Background Thread 3 ] DEBUG Engine               - platform: WINDOWS
05:48:10.169 [FXGL Background Thread 3 ] DEBUG Engine               - prefHeightProperty: ReadOnlyDoubleProperty [value: 800.0]
05:48:10.170 [FXGL Background Thread 3 ] DEBUG Engine               - prefWidthProperty: ReadOnlyDoubleProperty [value: 800.0]
05:48:10.170 [FXGL Background Thread 3 ] DEBUG Engine               - profileDir: profiles/
05:48:10.170 [FXGL Background Thread 3 ] DEBUG Engine               - profileName: StringProperty [value: DEFAULT]
05:48:10.170 [FXGL Background Thread 3 ] DEBUG Engine               - randomSeed: -1
05:48:10.171 [FXGL Background Thread 3 ] DEBUG Engine               - runtimeInfo: RuntimeInfo(platform=WINDOWS, version=21.1, build=27.03.2024 07.52)
05:48:10.171 [FXGL Background Thread 3 ] DEBUG Engine               - saveFileExt: sav
05:48:10.171 [FXGL Background Thread 3 ] DEBUG Engine               - scaledHeightProp$fxgl: DoubleProperty [bound, value: 800.0]
05:48:10.171 [FXGL Background Thread 3 ] DEBUG Engine               - scaledWidthProp$fxgl: DoubleProperty [bound, value: 800.0]
05:48:10.171 [FXGL Background Thread 3 ] DEBUG Engine               - sceneFactory: com.lab.App$1@6e77c712
05:48:10.171 [FXGL Background Thread 3 ] DEBUG Engine               - secondsIn24h: 60
05:48:10.171 [FXGL Background Thread 3 ] DEBUG Engine               - soundMenuBack: menu/back.wav
05:48:10.171 [FXGL Background Thread 3 ] DEBUG Engine               - soundMenuPress: menu/press.wav
05:48:10.171 [FXGL Background Thread 3 ] DEBUG Engine               - soundMenuSelect: menu/select.wav
05:48:10.171 [FXGL Background Thread 3 ] DEBUG Engine               - soundNotification: core/notification.wav
05:48:10.171 [FXGL Background Thread 3 ] DEBUG Engine               - stageStyle: DECORATED
05:48:10.172 [FXGL Background Thread 3 ] DEBUG Engine               - supportedLanguages: [ENGLISH, FRENCH, GERMAN, HUNGARIAN, RUSSIAN]
05:48:10.172 [FXGL Background Thread 3 ] DEBUG Engine               - ticksPerSecond: -1
05:48:10.172 [FXGL Background Thread 3 ] DEBUG Engine               - title: Gonvival
05:48:10.172 [FXGL Background Thread 3 ] DEBUG Engine               - urlGithub: https://github.com/AlmasB/FXGL
05:48:10.172 [FXGL Background Thread 3 ] DEBUG Engine               - urlLeaderboard: http://fxgl-top.herokuapp.com/
05:48:10.172 [FXGL Background Thread 3 ] DEBUG Engine               - urlPOM: https://raw.githubusercontent.com/AlmasB/FXGL/release/README.md
05:48:10.172 [FXGL Background Thread 3 ] DEBUG Engine               - userAppClass: class com.lab.App
05:48:10.172 [FXGL Background Thread 3 ] DEBUG Engine               - version: beta
05:48:10.172 [FXGL Background Thread 3 ] DEBUG Engine               - versionCheckDays: 7
05:48:10.172 [FXGL Background Thread 3 ] DEBUG Engine               - width: 800
05:48:10.172 [FXGL Background Thread 3 ] DEBUG Engine               - Logging services
05:48:10.172 [FXGL Background Thread 3 ] DEBUG Engine               - class com.almasb.fxgl.app.services.FXGLAssetLoaderService
05:48:10.172 [FXGL Background Thread 3 ] DEBUG Engine               - class com.almasb.fxgl.app.FXGLApplication$GameApplicationService
05:48:10.172 [FXGL Background Thread 3 ] DEBUG Engine               - class com.almasb.fxgl.app.services.FXGLDialogService
05:48:10.172 [FXGL Background Thread 3 ] DEBUG Engine               - class com.almasb.fxgl.app.services.IOTaskExecutorService
05:48:10.172 [FXGL Background Thread 3 ] DEBUG Engine               - class com.almasb.fxgl.io.FileSystemService
05:48:10.172 [FXGL Background Thread 3 ] DEBUG Engine               - class com.almasb.fxgl.localization.LocalizationService
05:48:10.172 [FXGL Background Thread 3 ] DEBUG Engine               - class com.almasb.fxgl.app.services.SystemBundleService
05:48:10.172 [FXGL Background Thread 3 ] DEBUG Engine               - class com.almasb.fxgl.profile.SaveLoadService
05:48:10.172 [FXGL Background Thread 3 ] DEBUG Engine               - class com.almasb.fxgl.ui.FXGLUIFactoryServiceProvider
05:48:10.172 [FXGL Background Thread 3 ] DEBUG Engine               - class com.almasb.fxgl.ui.FXGLDialogFactoryServiceProvider
05:48:10.172 [FXGL Background Thread 3 ] DEBUG Engine               - class com.almasb.fxgl.audio.AudioPlayer
05:48:10.174 [FXGL Background Thread 3 ] DEBUG Engine               - class com.almasb.fxgl.notification.impl.NotificationServiceProvider
05:48:10.175 [FXGL Background Thread 3 ] DEBUG Engine               - class com.almasb.fxgl.achievement.AchievementService
05:48:10.175 [FXGL Background Thread 3 ] DEBUG Engine               - class com.almasb.fxgl.cutscene.CutsceneService
05:48:10.175 [FXGL Background Thread 3 ] DEBUG Engine               - class com.almasb.fxgl.minigames.MiniGameService
05:48:10.175 [FXGL Background Thread 3 ] DEBUG Engine               - class com.almasb.fxgl.net.NetService
05:48:10.175 [FXGL Background Thread 3 ] DEBUG Engine               - class com.almasb.fxgl.app.services.UpdaterService
05:48:10.175 [FXGL Background Thread 3 ] DEBUG Engine               - class com.almasb.fxgl.dev.DevService
05:48:38.202 [JavaFX Application Thread] DEBUG PrimaryStageWindow   - Push state: FXGLDefaultMenu
05:48:38.209 [JavaFX Application Thread] DEBUG Input                - Clearing active input actions
05:48:38.212 [JavaFX Application Thread] DEBUG GameApplicationServi - Removing overlay from GameScene and adding to FXGLDefaultMenu
05:48:38.213 [JavaFX Application Thread] DEBUG PrimaryStageWindow   - GameScene -> FXGLDefaultMenu
05:48:38.969 [JavaFX Application Thread] DEBUG FXGLApplication      - Exiting FXGL
05:48:38.970 [JavaFX Application Thread] DEBUG LoopRunner           - Stopping loop
05:48:38.970 [JavaFX Application Thread] DEBUG SystemBundleService  - Saving FXGL system data
05:48:38.972 [JavaFX Application Thread] DEBUG FileSystemAccess     - Writing to: D:\Gonvival\system\fxgl.bundle
05:48:38.975 [JavaFX Application Thread] DEBUG Async                - Shutting down background threads
05:48:38.976 [JavaFX Application Thread] DEBUG PrimaryStageWindow   - Closing main window
05:48:39.012 [JavaFX Application Thread] DEBUG Logger               - Closing Logger
