07:37:18.560 [main                     ] DEBUG Logger               - Configured Logger
07:37:18.580 [main                     ] DEBUG GameApplication      - Logging settings
Title: Gonvival
Version: beta
Width: 800
Height: 800
Fullscreen: false
Intro: false
Profiling: false
Single step:false
App Mode: DEVELOPER
Menu Key: ESCAPE
Stage Style: DECORATED
Scene Factory: class com.lab.App$1

07:37:19.455 [JavaFX Application Thread] DEBUG FXGLApplication      - Initializing FXGL
07:37:19.460 [JavaFX Application Thread] INFO  Engine               - FXGL-21.1 (27.03.2024 07.52) on WINDOWS (J:21.0.5 FX:21.0.1)
07:37:19.460 [JavaFX Application Thread] DEBUG Engine               - JRE Vendor Name: Eclipse Adoptium
07:37:19.460 [JavaFX Application Thread] DEBUG Engine               - Running on OS: Windows 11 version 10.0
07:37:19.460 [JavaFX Application Thread] DEBUG Engine               - Architecture: amd64
07:37:19.460 [JavaFX Application Thread] INFO  Engine               - Source code and latest versions at: https://github.com/AlmasB/FXGL
07:37:19.461 [JavaFX Application Thread] INFO  Engine               -       Ask questions and discuss at: https://github.com/AlmasB/FXGL/discussions
07:37:19.461 [JavaFX Application Thread] INFO  Engine               -              Join the FXGL chat at: https://gitter.im/AlmasB/FXGL
07:37:19.604 [JavaFX Application Thread] DEBUG PrimaryStageWindow   - Creating a JavaFX scene
07:37:19.649 [JavaFX Application Thread] DEBUG PrimaryStageWindow   - Target settings size: 800.0 x 800.0
07:37:19.650 [JavaFX Application Thread] DEBUG PrimaryStageWindow   - Scaled scene size:    800.0 x 800.0
07:37:19.650 [JavaFX Application Thread] DEBUG PrimaryStageWindow   - Scaled ratio: (1.0, 1.0)
07:37:19.651 [JavaFX Application Thread] DEBUG PrimaryStageWindow   - Set initial scene to FXGLStartupScene
07:37:19.655 [JavaFX Application Thread] DEBUG PrimaryStageWindow   - Opening main window
07:37:19.869 [JavaFX Application Thread] DEBUG PrimaryStageWindow   - Window border size: (14.4000244140625, 37.5999755859375)
07:37:19.870 [JavaFX Application Thread] DEBUG PrimaryStageWindow   - Scaled size: 800.0 x 800.0
07:37:19.870 [JavaFX Application Thread] DEBUG PrimaryStageWindow   - Scaled ratio: (1.0, 1.0)
07:37:19.870 [JavaFX Application Thread] DEBUG PrimaryStageWindow   - Scene size: 800.0 x 800.0
07:37:19.871 [JavaFX Application Thread] DEBUG PrimaryStageWindow   - Stage size: 814.4000244140625 x 837.5999755859375
07:37:19.887 [FXGL Background Thread 1 ] DEBUG Engine               - Initializing environment variables
07:37:20.014 [FXGL Background Thread 1 ] DEBUG FXGLAssetLoaderServi - User app class for loading assets: class com.lab.App
07:37:20.014 [FXGL Background Thread 1 ] DEBUG GameApplicationServi - Applying CSS: fxgl_dark.css
07:37:20.015 [FXGL Background Thread 1 ] DEBUG FXGLAssetLoaderServi - Loading from file system: jar:file:/C:/Users/HP/.m2/repository/com/github/almasb/fxgl/21.1/fxgl-21.1.jar!/fxglassets/ui/css/fxgl_dark.css
07:37:20.083 [FXGL Background Thread 1 ] DEBUG GameApplicationServi - Initializing application scenes
07:37:20.133 [FXGL Background Thread 1 ] DEBUG GameWorld            - Game world initialized
07:37:20.210 [FXGL Background Thread 1 ] DEBUG PhysicsWorld         - Physics world initialized: appHeight=800, physics.ppm=50.0
07:37:20.211 [FXGL Background Thread 1 ] DEBUG PhysicsWorld         - Using strategy: BRUTE_FORCE
07:37:20.214 [FXGL Background Thread 1 ] DEBUG GameScene            - Game scene initialized: 800x800
07:37:20.271 [FXGL Background Thread 1 ] DEBUG FXGL.DefaultMenu     - createMenuBodyGameMenu()
07:37:20.288 [FXGL Background Thread 1 ] DEBUG FXGL.DefaultMenu     - createOptionsMenu()
07:37:20.323 [FXGL Background Thread 1 ] DEBUG FXGLAssetLoaderServi - Loading from file system: jar:file:/C:/Users/HP/.m2/repository/com/github/almasb/fxgl/21.1/fxgl-21.1.jar!/fxglassets/textures/particles/smoke.png
07:37:20.525 [FXGL Background Thread 1 ] DEBUG FXGLAssetLoaderServi - Loading from file system: jar:file:/C:/Users/HP/.m2/repository/com/github/almasb/fxgl/21.1/fxgl-21.1.jar!/fxglassets/textures/particles/trace_horizontal.png
07:37:20.556 [FXGL Background Thread 1 ] DEBUG GameApplicationServi - Application scenes initialized
07:37:20.571 [FXGL Background Thread 1 ] DEBUG SystemBundleService  - Loading FXGL system data
07:37:20.579 [FXGL Background Thread 1 ] DEBUG FileSystemAccess     - Reading from: D:\Gonvival\system\fxgl.bundle
07:37:20.591 [FXGL Background Thread 1 ] DEBUG SystemBundleService  - Bundle FXGL: {}
07:37:20.592 [FXGL Background Thread 1 ] DEBUG UpdaterService       - Checking for updates
07:37:20.598 [FXGL Background Thread 4 ] DEBUG FXGLApplication      - Loading fonts
07:37:20.598 [FXGL Background Thread 4 ] DEBUG FXGLAssetLoaderServi - Loading from file system: jar:file:/C:/Users/HP/.m2/repository/com/github/almasb/fxgl/21.1/fxgl-21.1.jar!/fxglassets/ui/fonts/VarelaRound-Regular.ttf
07:37:20.599 [FXGL Background Thread 1 ] DEBUG FXGLApplication      - Loading default localization
07:37:20.600 [FXGL Background Thread 1 ] DEBUG FXGLAssetLoaderServi - Loading from file system: jar:file:/C:/Users/HP/.m2/repository/com/github/almasb/fxgl/21.1/fxgl-21.1.jar!/fxglassets/languages/english.lang
07:37:20.687 [FXGL Background Thread 4 ] DEBUG FXGLAssetLoaderServi - Loading from file system: jar:file:/C:/Users/HP/.m2/repository/com/github/almasb/fxgl/21.1/fxgl-21.1.jar!/fxglassets/ui/fonts/Abel-Regular.ttf
07:37:20.693 [FXGL Background Thread 4 ] DEBUG FXGLAssetLoaderServi - Loading from file system: jar:file:/C:/Users/HP/.m2/repository/com/github/almasb/fxgl/21.1/fxgl-21.1.jar!/fxglassets/ui/fonts/TerminalLandMono-Regular.otf
07:37:20.700 [FXGL Background Thread 4 ] DEBUG FXGLAssetLoaderServi - Loading from file system: jar:file:/C:/Users/HP/.m2/repository/com/github/almasb/fxgl/21.1/fxgl-21.1.jar!/fxglassets/ui/fonts/Courier-Prime.ttf
07:37:20.702 [FXGL Background Thread 1 ] INFO  FXGLApplication      - FXGL initialization took: 0.814 sec
07:37:20.704 [JavaFX Application Thread] DEBUG FXGLAssetLoaderServi - Loading from file system: jar:file:/C:/Users/HP/.m2/repository/com/github/almasb/fxgl/21.1/fxgl-21.1.jar!/fxglassets/textures/fxgl_icon.png
07:37:20.738 [JavaFX Application Thread] DEBUG FXGLAssetLoaderServi - Loading from file system: jar:file:/C:/Users/HP/.m2/repository/com/github/almasb/fxgl/21.1/fxgl-21.1.jar!/fxglassets/textures/fxgl_default_cursor.png
07:37:20.758 [JavaFX Application Thread] DEBUG Input                - Registered new binding: Screenshot - CTRL+8
07:37:20.759 [JavaFX Application Thread] DEBUG Input                - Registered new binding: System info dump - CTRL+9
07:37:20.760 [JavaFX Application Thread] DEBUG Input                - Registered new binding: Restart - CTRL+R
07:37:20.762 [JavaFX Application Thread] DEBUG Input                - Registered new binding: Toggle Debug Camera - CTRL+7
07:37:20.766 [JavaFX Application Thread] DEBUG LoopRunner           - Starting loop
07:37:20.766 [JavaFX Application Thread] DEBUG LoopRunner           - Initializing JavaFX AnimationTimerLoop
07:37:20.772 [JavaFX Application Thread] DEBUG Input                - Clearing active input actions
07:37:20.781 [JavaFX Application Thread] DEBUG GameApplicationServi - Removing overlay from FXGLStartupScene and adding to FXGLMainMenuDummyScene
07:37:20.782 [JavaFX Application Thread] DEBUG PrimaryStageWindow   - FXGLStartupScene -> FXGLMainMenuDummyScene
07:37:20.782 [JavaFX Application Thread] DEBUG PrimaryStageWindow   - Push state: StartScreen
07:37:20.783 [JavaFX Application Thread] DEBUG Input                - Clearing active input actions
07:37:20.798 [JavaFX Application Thread] DEBUG GameApplicationServi - Removing overlay from FXGLMainMenuDummyScene and adding to StartScreen
07:37:20.798 [JavaFX Application Thread] DEBUG PrimaryStageWindow   - FXGLMainMenuDummyScene -> StartScreen
07:37:20.801 [JavaFX Application Thread] DEBUG FXGLApplication      - Registering font factories with UI factory
07:37:21.986 [JavaFX Application Thread] DEBUG LoopRunner           - Pausing loop
07:37:21.986 [JavaFX Application Thread] DEBUG Menu                 - fireNewGame()
07:37:21.986 [JavaFX Application Thread] DEBUG GameApplicationServi - Starting new game
07:37:21.986 [JavaFX Application Thread] DEBUG PrimaryStageWindow   - Pop state: StartScreen
07:37:21.987 [JavaFX Application Thread] DEBUG Input                - Clearing active input actions
07:37:21.987 [JavaFX Application Thread] DEBUG GameApplicationServi - Removing overlay from StartScreen and adding to FXGLMainMenuDummyScene
07:37:21.988 [JavaFX Application Thread] DEBUG PrimaryStageWindow   - FXGLMainMenuDummyScene <- StartScreen
07:37:21.988 [JavaFX Application Thread] DEBUG Input                - Clearing active input actions
07:37:22.001 [JavaFX Application Thread] DEBUG GameApplicationServi - Removing overlay from FXGLMainMenuDummyScene and adding to FXGLLoadingScene
07:37:22.001 [JavaFX Application Thread] DEBUG PrimaryStageWindow   - FXGLMainMenuDummyScene -> FXGLLoadingScene
07:37:22.002 [JavaFX Application Thread] DEBUG GameApplicationServi - Clearing previous game
07:37:22.002 [JavaFX Application Thread] DEBUG GameScene            - Clearing game scene
07:37:22.002 [JavaFX Application Thread] DEBUG GameWorld            - Clearing game world
07:37:22.002 [JavaFX Application Thread] DEBUG PhysicsWorld         - Clearing physics world
07:37:22.006 [FXGL Background Thread 2 ] DEBUG FXGLApplication      - Initializing game
07:37:22.025 [FXGL Background Thread 2 ] DEBUG FXGLAssetLoaderServi - Loading from file system: file:/D:/Gonvival/game/target/classes/assets/textures/newmap2.png
07:37:22.134 [FXGL Background Thread 2 ] DEBUG FXGLAssetLoaderServi - Loading from file system: file:/D:/Gonvival/game/target/classes/assets/textures/idle_down.png
07:37:22.140 [FXGL Background Thread 2 ] DEBUG FXGLAssetLoaderServi - Loading from file system: file:/D:/Gonvival/game/target/classes/assets/textures/idle_up.png
07:37:22.145 [FXGL Background Thread 2 ] DEBUG FXGLAssetLoaderServi - Loading from file system: file:/D:/Gonvival/game/target/classes/assets/textures/idle_left_down.png
07:37:22.147 [FXGL Background Thread 2 ] DEBUG FXGLAssetLoaderServi - Loading from file system: file:/D:/Gonvival/game/target/classes/assets/textures/idle_left_up.png
07:37:22.150 [FXGL Background Thread 2 ] DEBUG FXGLAssetLoaderServi - Loading from file system: file:/D:/Gonvival/game/target/classes/assets/textures/idle_right_down.png
07:37:22.152 [FXGL Background Thread 2 ] DEBUG FXGLAssetLoaderServi - Loading from file system: file:/D:/Gonvival/game/target/classes/assets/textures/idle_right_up.png
07:37:22.154 [FXGL Background Thread 2 ] DEBUG FXGLAssetLoaderServi - Loading from file system: file:/D:/Gonvival/game/target/classes/assets/textures/walk_left_down.png
07:37:22.156 [FXGL Background Thread 2 ] DEBUG FXGLAssetLoaderServi - Loading from file system: file:/D:/Gonvival/game/target/classes/assets/textures/walk_right_down.png
07:37:22.158 [FXGL Background Thread 2 ] DEBUG FXGLAssetLoaderServi - Loading from file system: file:/D:/Gonvival/game/target/classes/assets/textures/walk_up.png
07:37:22.160 [FXGL Background Thread 2 ] DEBUG FXGLAssetLoaderServi - Loading from file system: file:/D:/Gonvival/game/target/classes/assets/textures/walk_down.png
07:37:22.162 [FXGL Background Thread 2 ] DEBUG FXGLAssetLoaderServi - Loading from file system: file:/D:/Gonvival/game/target/classes/assets/textures/walk_left_up.png
07:37:22.164 [FXGL Background Thread 2 ] DEBUG FXGLAssetLoaderServi - Loading from file system: file:/D:/Gonvival/game/target/classes/assets/textures/walk_right_up.png
07:37:22.181 [FXGL Background Thread 2 ] DEBUG FXGLAssetLoaderServi - Loading from file system: file:/D:/Gonvival/game/target/classes/assets/textures/Level.png
07:37:22.185 [FXGL Background Thread 2 ] INFO  FXGLApplication      - Game initialization took: 0.180 sec
07:37:22.187 [JavaFX Application Thread] DEBUG Input                - Clearing active input actions
07:37:22.195 [JavaFX Application Thread] DEBUG GameApplicationServi - Removing overlay from FXGLLoadingScene and adding to GameScene
07:37:22.196 [JavaFX Application Thread] DEBUG PrimaryStageWindow   - FXGLLoadingScene -> GameScene
07:37:23.595 [FXGL Background Thread 3 ] DEBUG Engine               - Logging environment variables
07:37:23.597 [FXGL Background Thread 3 ] DEBUG Engine               - achievements: []
07:37:23.597 [FXGL Background Thread 3 ] DEBUG Engine               - actualHeight: 800.0
07:37:23.598 [FXGL Background Thread 3 ] DEBUG Engine               - actualHeightProperty: ReadOnlyDoubleProperty [value: 800.4000244140625]
07:37:23.598 [FXGL Background Thread 3 ] DEBUG Engine               - actualWidth: 800.0
07:37:23.598 [FXGL Background Thread 3 ] DEBUG Engine               - actualWidthProperty: ReadOnlyDoubleProperty [value: 799.5999755859375]
07:37:23.598 [FXGL Background Thread 3 ] DEBUG Engine               - appIcon: fxgl_icon.png
07:37:23.598 [FXGL Background Thread 3 ] DEBUG Engine               - applicationMode: DEVELOPER
07:37:23.598 [FXGL Background Thread 3 ] DEBUG Engine               - cSSList: [fxgl_dark.css]
07:37:23.598 [FXGL Background Thread 3 ] DEBUG Engine               - collisionDetectionStrategy: BRUTE_FORCE
07:37:23.599 [FXGL Background Thread 3 ] DEBUG Engine               - configClass: Optional.empty
07:37:23.599 [FXGL Background Thread 3 ] DEBUG Engine               - credits: []
07:37:23.599 [FXGL Background Thread 3 ] DEBUG Engine               - defaultCursor: CursorInfo(imageName=fxgl_default_cursor.png, hotspotX=7.0, hotspotY=6.0)
07:37:23.600 [FXGL Background Thread 3 ] DEBUG Engine               - devBBoxColorProperty: ObjectProperty [value: 0xff0000ff]
07:37:23.600 [FXGL Background Thread 3 ] DEBUG Engine               - devEnableDebugCameraProperty: BooleanProperty [value: false]
07:37:23.600 [FXGL Background Thread 3 ] DEBUG Engine               - devSensorColorProperty: ObjectProperty [value: 0xffff00ff]
07:37:23.600 [FXGL Background Thread 3 ] DEBUG Engine               - devShowBBoxProperty: BooleanProperty [value: false]
07:37:23.600 [FXGL Background Thread 3 ] DEBUG Engine               - devShowPositionProperty: BooleanProperty [value: false]
07:37:23.600 [FXGL Background Thread 3 ] DEBUG Engine               - enabledMenuItems: []
07:37:23.600 [FXGL Background Thread 3 ] DEBUG Engine               - engineServices: [class com.almasb.fxgl.app.services.FXGLAssetLoaderService, class com.almasb.fxgl.app.FXGLApplication$GameApplicationService, class com.almasb.fxgl.app.services.FXGLDialogService, class com.almasb.fxgl.app.services.IOTaskExecutorService, class com.almasb.fxgl.io.FileSystemService, class com.almasb.fxgl.localization.LocalizationService, class com.almasb.fxgl.app.services.SystemBundleService, class com.almasb.fxgl.profile.SaveLoadService, class com.almasb.fxgl.ui.FXGLUIFactoryServiceProvider, class com.almasb.fxgl.ui.FXGLDialogFactoryServiceProvider, class com.almasb.fxgl.audio.AudioPlayer, class com.almasb.fxgl.notification.impl.NotificationServiceProvider, class com.almasb.fxgl.achievement.AchievementService, class com.almasb.fxgl.cutscene.CutsceneService, class com.almasb.fxgl.minigames.MiniGameService, class com.almasb.fxgl.net.NetService, class com.almasb.fxgl.app.services.UpdaterService, class com.almasb.fxgl.dev.DevService]
07:37:23.600 [FXGL Background Thread 3 ] DEBUG Engine               - fontGame: Abel-Regular.ttf
07:37:23.602 [FXGL Background Thread 3 ] DEBUG Engine               - fontMono: TerminalLandMono-Regular.otf
07:37:23.602 [FXGL Background Thread 3 ] DEBUG Engine               - fontSizeScaleUI: 1.0
07:37:23.602 [FXGL Background Thread 3 ] DEBUG Engine               - fontText: Courier-Prime.ttf
07:37:23.602 [FXGL Background Thread 3 ] DEBUG Engine               - fontUI: VarelaRound-Regular.ttf
07:37:23.602 [FXGL Background Thread 3 ] DEBUG Engine               - fullScreen: BooleanProperty [value: false]
07:37:23.602 [FXGL Background Thread 3 ] DEBUG Engine               - gameDifficulty: MEDIUM
07:37:23.602 [FXGL Background Thread 3 ] DEBUG Engine               - gameDifficultyProperty: ObjectProperty [value: MEDIUM]
07:37:23.602 [FXGL Background Thread 3 ] DEBUG Engine               - globalMusicVolume: 0.5
07:37:23.602 [FXGL Background Thread 3 ] DEBUG Engine               - globalMusicVolumeProperty: DoubleProperty [value: 1.0]
07:37:23.602 [FXGL Background Thread 3 ] DEBUG Engine               - globalSoundVolume: 0.5
07:37:23.602 [FXGL Background Thread 3 ] DEBUG Engine               - globalSoundVolumeProperty: DoubleProperty [value: 1.0]
07:37:23.602 [FXGL Background Thread 3 ] DEBUG Engine               - height: 800
07:37:23.602 [FXGL Background Thread 3 ] DEBUG Engine               - is3D: false
07:37:23.602 [FXGL Background Thread 3 ] DEBUG Engine               - isAndroid: false
07:37:23.602 [FXGL Background Thread 3 ] DEBUG Engine               - isBrowser: false
07:37:23.602 [FXGL Background Thread 3 ] DEBUG Engine               - isClickFeedbackEnabled: false
07:37:23.602 [FXGL Background Thread 3 ] DEBUG Engine               - isCloseConfirmation: false
07:37:23.602 [FXGL Background Thread 3 ] DEBUG Engine               - isDesktop: true
07:37:23.602 [FXGL Background Thread 3 ] DEBUG Engine               - isDeveloperMenuEnabled: false
07:37:23.602 [FXGL Background Thread 3 ] DEBUG Engine               - isEmbedded: false
07:37:23.602 [FXGL Background Thread 3 ] DEBUG Engine               - isEntityPreloadEnabled: true
07:37:23.602 [FXGL Background Thread 3 ] DEBUG Engine               - isExperimentalTiledLargeMap: false
07:37:23.602 [FXGL Background Thread 3 ] DEBUG Engine               - isFileSystemWriteAllowed: true
07:37:23.602 [FXGL Background Thread 3 ] DEBUG Engine               - isFullScreenAllowed: false
07:37:23.602 [FXGL Background Thread 3 ] DEBUG Engine               - isFullScreenFromStart: false
07:37:23.602 [FXGL Background Thread 3 ] DEBUG Engine               - isGameMenuEnabled: true
07:37:23.602 [FXGL Background Thread 3 ] DEBUG Engine               - isIOS: false
07:37:23.604 [FXGL Background Thread 3 ] DEBUG Engine               - isIntroEnabled: false
07:37:23.604 [FXGL Background Thread 3 ] DEBUG Engine               - isLinux: false
07:37:23.604 [FXGL Background Thread 3 ] DEBUG Engine               - isMac: false
07:37:23.604 [FXGL Background Thread 3 ] DEBUG Engine               - isMainMenuEnabled: true
07:37:23.604 [FXGL Background Thread 3 ] DEBUG Engine               - isManualResizeEnabled: false
07:37:23.604 [FXGL Background Thread 3 ] DEBUG Engine               - isMobile: false
07:37:23.604 [FXGL Background Thread 3 ] DEBUG Engine               - isNative: false
07:37:23.604 [FXGL Background Thread 3 ] DEBUG Engine               - isPauseMusicWhenMinimized: true
07:37:23.604 [FXGL Background Thread 3 ] DEBUG Engine               - isPreserveResizeRatio: false
07:37:23.604 [FXGL Background Thread 3 ] DEBUG Engine               - isProfilingEnabled: false
07:37:23.604 [FXGL Background Thread 3 ] DEBUG Engine               - isScaleAffectedOnResize: true
07:37:23.605 [FXGL Background Thread 3 ] DEBUG Engine               - isSingleStep: false
07:37:23.605 [FXGL Background Thread 3 ] DEBUG Engine               - isUserProfileEnabled: false
07:37:23.605 [FXGL Background Thread 3 ] DEBUG Engine               - isWindows: true
07:37:23.605 [FXGL Background Thread 3 ] DEBUG Engine               - language: ObjectProperty [value: ENGLISH]
07:37:23.605 [FXGL Background Thread 3 ] DEBUG Engine               - menuKey: ESCAPE
07:37:23.605 [FXGL Background Thread 3 ] DEBUG Engine               - mouseSensitivity: 0.2
07:37:23.605 [FXGL Background Thread 3 ] DEBUG Engine               - notificationViewClass: class com.almasb.fxgl.notification.view.XboxNotificationView
07:37:23.605 [FXGL Background Thread 3 ] DEBUG Engine               - pixelsPerMeter: 50.0
07:37:23.605 [FXGL Background Thread 3 ] DEBUG Engine               - platform: WINDOWS
07:37:23.605 [FXGL Background Thread 3 ] DEBUG Engine               - prefHeightProperty: ReadOnlyDoubleProperty [value: 800.0]
07:37:23.605 [FXGL Background Thread 3 ] DEBUG Engine               - prefWidthProperty: ReadOnlyDoubleProperty [value: 800.0]
07:37:23.606 [FXGL Background Thread 3 ] DEBUG Engine               - profileDir: profiles/
07:37:23.606 [FXGL Background Thread 3 ] DEBUG Engine               - profileName: StringProperty [value: DEFAULT]
07:37:23.606 [FXGL Background Thread 3 ] DEBUG Engine               - randomSeed: -1
07:37:23.606 [FXGL Background Thread 3 ] DEBUG Engine               - runtimeInfo: RuntimeInfo(platform=WINDOWS, version=21.1, build=27.03.2024 07.52)
07:37:23.606 [FXGL Background Thread 3 ] DEBUG Engine               - saveFileExt: sav
07:37:23.607 [FXGL Background Thread 3 ] DEBUG Engine               - scaledHeightProp$fxgl: DoubleProperty [bound, value: 800.4000244140625]
07:37:23.607 [FXGL Background Thread 3 ] DEBUG Engine               - scaledWidthProp$fxgl: DoubleProperty [bound, value: 799.5999755859375]
07:37:23.607 [FXGL Background Thread 3 ] DEBUG Engine               - sceneFactory: com.lab.App$1@3447df33
07:37:23.607 [FXGL Background Thread 3 ] DEBUG Engine               - secondsIn24h: 60
07:37:23.607 [FXGL Background Thread 3 ] DEBUG Engine               - soundMenuBack: menu/back.wav
07:37:23.607 [FXGL Background Thread 3 ] DEBUG Engine               - soundMenuPress: menu/press.wav
07:37:23.607 [FXGL Background Thread 3 ] DEBUG Engine               - soundMenuSelect: menu/select.wav
07:37:23.607 [FXGL Background Thread 3 ] DEBUG Engine               - soundNotification: core/notification.wav
07:37:23.607 [FXGL Background Thread 3 ] DEBUG Engine               - stageStyle: DECORATED
07:37:23.607 [FXGL Background Thread 3 ] DEBUG Engine               - supportedLanguages: [ENGLISH, FRENCH, GERMAN, HUNGARIAN, RUSSIAN]
07:37:23.608 [FXGL Background Thread 3 ] DEBUG Engine               - ticksPerSecond: -1
07:37:23.608 [FXGL Background Thread 3 ] DEBUG Engine               - title: Gonvival
07:37:23.608 [FXGL Background Thread 3 ] DEBUG Engine               - urlGithub: https://github.com/AlmasB/FXGL
07:37:23.608 [FXGL Background Thread 3 ] DEBUG Engine               - urlLeaderboard: http://fxgl-top.herokuapp.com/
07:37:23.608 [FXGL Background Thread 3 ] DEBUG Engine               - urlPOM: https://raw.githubusercontent.com/AlmasB/FXGL/release/README.md
07:37:23.608 [FXGL Background Thread 3 ] DEBUG Engine               - userAppClass: class com.lab.App
07:37:23.608 [FXGL Background Thread 3 ] DEBUG Engine               - version: beta
07:37:23.608 [FXGL Background Thread 3 ] DEBUG Engine               - versionCheckDays: 7
07:37:23.608 [FXGL Background Thread 3 ] DEBUG Engine               - width: 800
07:37:23.608 [FXGL Background Thread 3 ] DEBUG Engine               - Logging services
07:37:23.608 [FXGL Background Thread 3 ] DEBUG Engine               - class com.almasb.fxgl.app.services.FXGLAssetLoaderService
07:37:23.608 [FXGL Background Thread 3 ] DEBUG Engine               - class com.almasb.fxgl.app.FXGLApplication$GameApplicationService
07:37:23.608 [FXGL Background Thread 3 ] DEBUG Engine               - class com.almasb.fxgl.app.services.FXGLDialogService
07:37:23.609 [FXGL Background Thread 3 ] DEBUG Engine               - class com.almasb.fxgl.app.services.IOTaskExecutorService
07:37:23.609 [FXGL Background Thread 3 ] DEBUG Engine               - class com.almasb.fxgl.io.FileSystemService
07:37:23.609 [FXGL Background Thread 3 ] DEBUG Engine               - class com.almasb.fxgl.localization.LocalizationService
07:37:23.609 [FXGL Background Thread 3 ] DEBUG Engine               - class com.almasb.fxgl.app.services.SystemBundleService
07:37:23.609 [FXGL Background Thread 3 ] DEBUG Engine               - class com.almasb.fxgl.profile.SaveLoadService
07:37:23.609 [FXGL Background Thread 3 ] DEBUG Engine               - class com.almasb.fxgl.ui.FXGLUIFactoryServiceProvider
07:37:23.609 [FXGL Background Thread 3 ] DEBUG Engine               - class com.almasb.fxgl.ui.FXGLDialogFactoryServiceProvider
07:37:23.609 [FXGL Background Thread 3 ] DEBUG Engine               - class com.almasb.fxgl.audio.AudioPlayer
07:37:23.609 [FXGL Background Thread 3 ] DEBUG Engine               - class com.almasb.fxgl.notification.impl.NotificationServiceProvider
07:37:23.609 [FXGL Background Thread 3 ] DEBUG Engine               - class com.almasb.fxgl.achievement.AchievementService
07:37:23.609 [FXGL Background Thread 3 ] DEBUG Engine               - class com.almasb.fxgl.cutscene.CutsceneService
07:37:23.609 [FXGL Background Thread 3 ] DEBUG Engine               - class com.almasb.fxgl.minigames.MiniGameService
07:37:23.609 [FXGL Background Thread 3 ] DEBUG Engine               - class com.almasb.fxgl.net.NetService
07:37:23.609 [FXGL Background Thread 3 ] DEBUG Engine               - class com.almasb.fxgl.app.services.UpdaterService
07:37:23.609 [FXGL Background Thread 3 ] DEBUG Engine               - class com.almasb.fxgl.dev.DevService
07:37:25.809 [JavaFX Application Thread] DEBUG LoopRunner           - Resuming loop
07:37:25.917 [JavaFX Application Thread] DEBUG Input                - Registered new binding: SHOOT - LMB
07:37:25.918 [JavaFX Application Thread] DEBUG Input                - Registered new binding: MOVE LEFT - A
07:37:25.918 [JavaFX Application Thread] DEBUG Input                - Registered new binding: MOVE RIGHT - D
07:37:25.918 [JavaFX Application Thread] DEBUG Input                - Registered new binding: MOVE UP - W
07:37:25.918 [JavaFX Application Thread] DEBUG Input                - Registered new binding: MOVE DOWN - S
07:37:26.651 [JavaFX Application Thread] DEBUG FXGLAssetLoaderServi - Loading from file system: file:/D:/Gonvival/game/target/classes/assets/textures/GraveRevenant.png
07:37:27.223 [JavaFX Application Thread] DEBUG FXGLAssetLoaderServi - Loading from file system: file:/D:/Gonvival/game/target/classes/assets/textures/arrow.png
07:38:12.274 [JavaFX Application Thread] DEBUG PrimaryStageWindow   - Push state: DialogSubScene
07:38:12.275 [JavaFX Application Thread] DEBUG Input                - Clearing active input actions
07:38:12.277 [JavaFX Application Thread] DEBUG GameApplicationServi - Removing overlay from GameScene and adding to DialogSubScene
07:38:12.278 [JavaFX Application Thread] DEBUG PrimaryStageWindow   - GameScene -> DialogSubScene
07:38:22.527 [JavaFX Application Thread] DEBUG PrimaryStageWindow   - Pop state: DialogSubScene
07:38:22.527 [JavaFX Application Thread] DEBUG Input                - Clearing active input actions
07:38:22.528 [JavaFX Application Thread] DEBUG GameApplicationServi - Removing overlay from DialogSubScene and adding to GameScene
07:38:22.528 [JavaFX Application Thread] DEBUG PrimaryStageWindow   - GameScene <- DialogSubScene
07:38:22.528 [JavaFX Application Thread] DEBUG Input                - Clearing active input actions
07:38:22.534 [JavaFX Application Thread] DEBUG GameApplicationServi - Removing overlay from GameScene and adding to FXGLMainMenuDummyScene
07:38:22.535 [JavaFX Application Thread] DEBUG PrimaryStageWindow   - GameScene -> FXGLMainMenuDummyScene
07:38:22.535 [JavaFX Application Thread] DEBUG PrimaryStageWindow   - Push state: StartScreen
07:38:22.535 [JavaFX Application Thread] DEBUG Input                - Clearing active input actions
07:38:22.538 [JavaFX Application Thread] DEBUG GameApplicationServi - Removing overlay from FXGLMainMenuDummyScene and adding to StartScreen
07:38:22.538 [JavaFX Application Thread] DEBUG PrimaryStageWindow   - FXGLMainMenuDummyScene -> StartScreen
07:38:25.039 [JavaFX Application Thread] DEBUG LoopRunner           - Pausing loop
07:38:25.039 [JavaFX Application Thread] DEBUG Menu                 - fireNewGame()
07:38:25.039 [JavaFX Application Thread] DEBUG GameApplicationServi - Starting new game
07:38:25.039 [JavaFX Application Thread] DEBUG PrimaryStageWindow   - Pop state: StartScreen
07:38:25.039 [JavaFX Application Thread] DEBUG Input                - Clearing active input actions
07:38:25.040 [JavaFX Application Thread] DEBUG GameApplicationServi - Removing overlay from StartScreen and adding to FXGLMainMenuDummyScene
07:38:25.040 [JavaFX Application Thread] DEBUG PrimaryStageWindow   - FXGLMainMenuDummyScene <- StartScreen
07:38:25.040 [JavaFX Application Thread] DEBUG Input                - Clearing active input actions
07:38:25.044 [JavaFX Application Thread] DEBUG GameApplicationServi - Removing overlay from FXGLMainMenuDummyScene and adding to FXGLLoadingScene
07:38:25.044 [JavaFX Application Thread] DEBUG PrimaryStageWindow   - FXGLMainMenuDummyScene -> FXGLLoadingScene
07:38:25.044 [JavaFX Application Thread] DEBUG GameApplicationServi - Clearing previous game
07:38:25.044 [JavaFX Application Thread] DEBUG GameScene            - Clearing game scene
07:38:25.044 [JavaFX Application Thread] DEBUG GameWorld            - Clearing game world
07:38:25.045 [JavaFX Application Thread] DEBUG PhysicsWorld         - Clearing physics world
07:38:25.047 [FXGL Background Thread 5 ] DEBUG FXGLApplication      - Initializing game
07:38:25.056 [FXGL Background Thread 5 ] INFO  FXGLApplication      - Game initialization took: 0.009 sec
07:38:25.058 [JavaFX Application Thread] DEBUG Input                - Clearing active input actions
07:38:25.064 [JavaFX Application Thread] DEBUG GameApplicationServi - Removing overlay from FXGLLoadingScene and adding to GameScene
07:38:25.064 [JavaFX Application Thread] DEBUG PrimaryStageWindow   - FXGLLoadingScene -> GameScene
07:48:44.063 [JavaFX Application Thread] DEBUG FXGLApplication      - Exiting FXGL
07:48:44.063 [JavaFX Application Thread] DEBUG LoopRunner           - Stopping loop
07:48:44.063 [JavaFX Application Thread] DEBUG SystemBundleService  - Saving FXGL system data
07:48:44.067 [JavaFX Application Thread] DEBUG FileSystemAccess     - Writing to: D:\Gonvival\system\fxgl.bundle
07:48:44.070 [JavaFX Application Thread] DEBUG Async                - Shutting down background threads
07:48:44.071 [JavaFX Application Thread] DEBUG PrimaryStageWindow   - Closing main window
07:48:44.102 [JavaFX Application Thread] DEBUG Logger               - Closing Logger
