09:02:06.451 [main                     ] DEBUG Logger               - Configured Logger
09:02:06.475 [main                     ] DEBUG GameApplication      - Logging settings
Title: Gonvival
Version: beta
Width: 800
Height: 800
Fullscreen: false
Intro: false
Profiling: false
Single step:false
App Mode: DEVELOPER
Menu Key: ESCAPE
Stage Style: DECORATED
Scene Factory: class com.almasb.fxgl.app.scene.SceneFactory

09:02:07.386 [JavaFX Application Thread] DEBUG FXGLApplication      - Initializing FXGL
09:02:07.390 [JavaFX Application Thread] INFO  Engine               - FXGL-21.1 (27.03.2024 07.52) on WINDOWS (J:21.0.5 FX:21.0.1)
09:02:07.390 [JavaFX Application Thread] DEBUG Engine               - JRE Vendor Name: Eclipse Adoptium
09:02:07.391 [JavaFX Application Thread] DEBUG Engine               - Running on OS: Windows 11 version 10.0
09:02:07.391 [JavaFX Application Thread] DEBUG Engine               - Architecture: amd64
09:02:07.391 [JavaFX Application Thread] INFO  Engine               - Source code and latest versions at: https://github.com/AlmasB/FXGL
09:02:07.391 [JavaFX Application Thread] INFO  Engine               -       Ask questions and discuss at: https://github.com/AlmasB/FXGL/discussions
09:02:07.392 [JavaFX Application Thread] INFO  Engine               -              Join the FXGL chat at: https://gitter.im/AlmasB/FXGL
09:02:07.484 [JavaFX Application Thread] DEBUG PrimaryStageWindow   - Creating a JavaFX scene
09:02:07.527 [JavaFX Application Thread] DEBUG PrimaryStageWindow   - Target settings size: 800.0 x 800.0
09:02:07.527 [JavaFX Application Thread] DEBUG PrimaryStageWindow   - Scaled scene size:    800.0 x 800.0
09:02:07.528 [JavaFX Application Thread] DEBUG PrimaryStageWindow   - Scaled ratio: (1.0, 1.0)
09:02:07.529 [JavaFX Application Thread] DEBUG PrimaryStageWindow   - Set initial scene to FXGLStartupScene
09:02:07.532 [JavaFX Application Thread] DEBUG PrimaryStageWindow   - Opening main window
09:02:07.750 [JavaFX Application Thread] DEBUG PrimaryStageWindow   - Window border size: (14.4000244140625, 37.5999755859375)
09:02:07.750 [JavaFX Application Thread] DEBUG PrimaryStageWindow   - Scaled size: 800.0 x 800.0
09:02:07.750 [JavaFX Application Thread] DEBUG PrimaryStageWindow   - Scaled ratio: (1.0, 1.0)
09:02:07.752 [JavaFX Application Thread] DEBUG PrimaryStageWindow   - Scene size: 800.0 x 800.0
09:02:07.752 [JavaFX Application Thread] DEBUG PrimaryStageWindow   - Stage size: 814.4000244140625 x 837.5999755859375
09:02:07.772 [FXGL Background Thread 1 ] DEBUG Engine               - Initializing environment variables
09:02:07.896 [FXGL Background Thread 1 ] DEBUG FXGLAssetLoaderServi - User app class for loading assets: class com.lab.App
09:02:07.897 [FXGL Background Thread 1 ] DEBUG GameApplicationServi - Applying CSS: fxgl_dark.css
09:02:07.897 [FXGL Background Thread 1 ] DEBUG FXGLAssetLoaderServi - Loading from file system: jar:file:/C:/Users/HP/.m2/repository/com/github/almasb/fxgl/21.1/fxgl-21.1.jar!/fxglassets/ui/css/fxgl_dark.css
09:02:07.946 [FXGL Background Thread 1 ] DEBUG GameApplicationServi - Initializing application scenes
09:02:08.023 [FXGL Background Thread 1 ] DEBUG GameWorld            - Game world initialized
09:02:08.110 [FXGL Background Thread 1 ] DEBUG PhysicsWorld         - Physics world initialized: appHeight=800, physics.ppm=50.0
09:02:08.110 [FXGL Background Thread 1 ] DEBUG PhysicsWorld         - Using strategy: BRUTE_FORCE
09:02:08.115 [FXGL Background Thread 1 ] DEBUG GameScene            - Game scene initialized: 800x800
09:02:08.128 [FXGL Background Thread 1 ] DEBUG FXGL.DefaultMenu     - createMenuBodyMainMenu()
09:02:08.144 [FXGL Background Thread 1 ] DEBUG FXGL.DefaultMenu     - createOptionsMenu()
09:02:08.153 [FXGL Background Thread 1 ] DEBUG FXGLAssetLoaderServi - Loading from file system: jar:file:/C:/Users/HP/.m2/repository/com/github/almasb/fxgl/21.1/fxgl-21.1.jar!/fxglassets/textures/particles/smoke.png
09:02:08.317 [FXGL Background Thread 1 ] DEBUG FXGLAssetLoaderServi - Loading from file system: jar:file:/C:/Users/HP/.m2/repository/com/github/almasb/fxgl/21.1/fxgl-21.1.jar!/fxglassets/textures/particles/trace_horizontal.png
09:02:08.342 [FXGL Background Thread 1 ] DEBUG FXGL.DefaultMenu     - createMenuBodyGameMenu()
09:02:08.344 [FXGL Background Thread 1 ] DEBUG FXGL.DefaultMenu     - createOptionsMenu()
09:02:08.357 [FXGL Background Thread 1 ] DEBUG GameApplicationServi - Application scenes initialized
09:02:08.370 [FXGL Background Thread 1 ] DEBUG SystemBundleService  - Loading FXGL system data
09:02:08.376 [FXGL Background Thread 1 ] DEBUG FileSystemAccess     - Reading from: D:\Gonvival\system\fxgl.bundle
09:02:08.386 [FXGL Background Thread 1 ] DEBUG SystemBundleService  - Bundle FXGL: {}
09:02:08.386 [FXGL Background Thread 1 ] DEBUG UpdaterService       - Checking for updates
09:02:08.390 [FXGL Background Thread 4 ] DEBUG FXGLApplication      - Loading fonts
09:02:08.390 [FXGL Background Thread 4 ] DEBUG FXGLAssetLoaderServi - Loading from file system: jar:file:/C:/Users/HP/.m2/repository/com/github/almasb/fxgl/21.1/fxgl-21.1.jar!/fxglassets/ui/fonts/VarelaRound-Regular.ttf
09:02:08.392 [FXGL Background Thread 1 ] DEBUG FXGLApplication      - Loading default localization
09:02:08.393 [FXGL Background Thread 1 ] DEBUG FXGLAssetLoaderServi - Loading from file system: jar:file:/C:/Users/HP/.m2/repository/com/github/almasb/fxgl/21.1/fxgl-21.1.jar!/fxglassets/languages/english.lang
09:02:08.431 [FXGL Background Thread 1 ] INFO  FXGLApplication      - FXGL initialization took: 0.659 sec
09:02:08.435 [JavaFX Application Thread] DEBUG FXGLAssetLoaderServi - Loading from file system: jar:file:/C:/Users/HP/.m2/repository/com/github/almasb/fxgl/21.1/fxgl-21.1.jar!/fxglassets/textures/fxgl_icon.png
09:02:08.439 [FXGL Background Thread 4 ] DEBUG FXGLAssetLoaderServi - Loading from file system: jar:file:/C:/Users/HP/.m2/repository/com/github/almasb/fxgl/21.1/fxgl-21.1.jar!/fxglassets/ui/fonts/Abel-Regular.ttf
09:02:08.444 [FXGL Background Thread 4 ] DEBUG FXGLAssetLoaderServi - Loading from file system: jar:file:/C:/Users/HP/.m2/repository/com/github/almasb/fxgl/21.1/fxgl-21.1.jar!/fxglassets/ui/fonts/TerminalLandMono-Regular.otf
09:02:08.448 [FXGL Background Thread 4 ] DEBUG FXGLAssetLoaderServi - Loading from file system: jar:file:/C:/Users/HP/.m2/repository/com/github/almasb/fxgl/21.1/fxgl-21.1.jar!/fxglassets/ui/fonts/Courier-Prime.ttf
09:02:08.460 [JavaFX Application Thread] DEBUG FXGLAssetLoaderServi - Loading from file system: jar:file:/C:/Users/HP/.m2/repository/com/github/almasb/fxgl/21.1/fxgl-21.1.jar!/fxglassets/textures/fxgl_default_cursor.png
09:02:08.473 [JavaFX Application Thread] DEBUG Input                - Registered new binding: Screenshot - CTRL+8
09:02:08.474 [JavaFX Application Thread] DEBUG Input                - Registered new binding: System info dump - CTRL+9
09:02:08.475 [JavaFX Application Thread] DEBUG Input                - Registered new binding: Restart - CTRL+R
09:02:08.477 [JavaFX Application Thread] DEBUG Input                - Registered new binding: Toggle Debug Camera - CTRL+7
09:02:08.480 [JavaFX Application Thread] DEBUG LoopRunner           - Starting loop
09:02:08.480 [JavaFX Application Thread] DEBUG LoopRunner           - Initializing JavaFX AnimationTimerLoop
09:02:08.485 [JavaFX Application Thread] DEBUG Input                - Clearing active input actions
09:02:08.490 [JavaFX Application Thread] DEBUG GameApplicationServi - Removing overlay from FXGLStartupScene and adding to FXGLMainMenuDummyScene
09:02:08.492 [JavaFX Application Thread] DEBUG PrimaryStageWindow   - FXGLStartupScene -> FXGLMainMenuDummyScene
09:02:08.492 [JavaFX Application Thread] DEBUG PrimaryStageWindow   - Push state: FXGLDefaultMenu
09:02:08.509 [JavaFX Application Thread] DEBUG Input                - Clearing active input actions
09:02:08.525 [JavaFX Application Thread] DEBUG GameApplicationServi - Removing overlay from FXGLMainMenuDummyScene and adding to FXGLDefaultMenu
09:02:08.525 [JavaFX Application Thread] DEBUG PrimaryStageWindow   - FXGLMainMenuDummyScene -> FXGLDefaultMenu
09:02:08.526 [JavaFX Application Thread] DEBUG FXGLApplication      - Registering font factories with UI factory
09:02:10.009 [JavaFX Application Thread] DEBUG Menu                 - fireNewGame()
09:02:10.009 [JavaFX Application Thread] DEBUG GameApplicationServi - Starting new game
09:02:10.013 [JavaFX Application Thread] DEBUG PrimaryStageWindow   - Pop state: FXGLDefaultMenu
09:02:10.013 [JavaFX Application Thread] DEBUG Input                - Clearing active input actions
09:02:10.014 [JavaFX Application Thread] DEBUG GameApplicationServi - Removing overlay from FXGLDefaultMenu and adding to FXGLMainMenuDummyScene
09:02:10.015 [JavaFX Application Thread] DEBUG PrimaryStageWindow   - FXGLMainMenuDummyScene <- FXGLDefaultMenu
09:02:10.015 [JavaFX Application Thread] DEBUG Input                - Clearing active input actions
09:02:10.024 [JavaFX Application Thread] DEBUG GameApplicationServi - Removing overlay from FXGLMainMenuDummyScene and adding to FXGLLoadingScene
09:02:10.025 [JavaFX Application Thread] DEBUG PrimaryStageWindow   - FXGLMainMenuDummyScene -> FXGLLoadingScene
09:02:10.025 [JavaFX Application Thread] DEBUG GameApplicationServi - Clearing previous game
09:02:10.025 [JavaFX Application Thread] DEBUG GameScene            - Clearing game scene
09:02:10.025 [JavaFX Application Thread] DEBUG GameWorld            - Clearing game world
09:02:10.025 [JavaFX Application Thread] DEBUG PhysicsWorld         - Clearing physics world
09:02:10.028 [FXGL Background Thread 2 ] DEBUG FXGLApplication      - Initializing game
09:02:10.036 [FXGL Background Thread 2 ] DEBUG FXGLAssetLoaderServi - Loading from file system: file:/D:/Gonvival/game/target/classes/assets/textures/map.png
09:02:10.097 [FXGL Background Thread 2 ] DEBUG FXGLAssetLoaderServi - Loading from file system: file:/D:/Gonvival/game/target/classes/assets/textures/idle_down.png
09:02:10.103 [FXGL Background Thread 2 ] DEBUG FXGLAssetLoaderServi - Loading from file system: file:/D:/Gonvival/game/target/classes/assets/textures/idle_up.png
09:02:10.105 [FXGL Background Thread 2 ] DEBUG FXGLAssetLoaderServi - Loading from file system: file:/D:/Gonvival/game/target/classes/assets/textures/idle_left_down.png
09:02:10.108 [FXGL Background Thread 2 ] DEBUG FXGLAssetLoaderServi - Loading from file system: file:/D:/Gonvival/game/target/classes/assets/textures/idle_left_up.png
09:02:10.113 [FXGL Background Thread 2 ] DEBUG FXGLAssetLoaderServi - Loading from file system: file:/D:/Gonvival/game/target/classes/assets/textures/idle_right_down.png
09:02:10.115 [FXGL Background Thread 2 ] DEBUG FXGLAssetLoaderServi - Loading from file system: file:/D:/Gonvival/game/target/classes/assets/textures/idle_right_up.png
09:02:10.118 [FXGL Background Thread 2 ] DEBUG FXGLAssetLoaderServi - Loading from file system: file:/D:/Gonvival/game/target/classes/assets/textures/walk_left_down.png
09:02:10.121 [FXGL Background Thread 2 ] DEBUG FXGLAssetLoaderServi - Loading from file system: file:/D:/Gonvival/game/target/classes/assets/textures/walk_right_down.png
09:02:10.122 [FXGL Background Thread 2 ] DEBUG FXGLAssetLoaderServi - Loading from file system: file:/D:/Gonvival/game/target/classes/assets/textures/walk_up.png
09:02:10.125 [FXGL Background Thread 2 ] DEBUG FXGLAssetLoaderServi - Loading from file system: file:/D:/Gonvival/game/target/classes/assets/textures/walk_down.png
09:02:10.127 [FXGL Background Thread 2 ] DEBUG FXGLAssetLoaderServi - Loading from file system: file:/D:/Gonvival/game/target/classes/assets/textures/walk_left_up.png
09:02:10.130 [FXGL Background Thread 2 ] DEBUG FXGLAssetLoaderServi - Loading from file system: file:/D:/Gonvival/game/target/classes/assets/textures/walk_right_up.png
09:02:10.136 [FXGL Background Thread 2 ] WARN  Entity               - Entity already has component: com.almasb.fxgl.entity.components.CollidableComponent
09:02:10.142 [FXGL Background Thread 2 ] INFO  FXGLApplication      - Game initialization took: 0.114 sec
09:02:10.143 [JavaFX Application Thread] DEBUG Input                - Clearing active input actions
09:02:10.150 [JavaFX Application Thread] DEBUG GameApplicationServi - Removing overlay from FXGLLoadingScene and adding to GameScene
09:02:10.150 [JavaFX Application Thread] DEBUG PrimaryStageWindow   - FXGLLoadingScene -> GameScene
09:02:10.229 [JavaFX Application Thread] DEBUG Input                - Registered new binding: SHOOT - LMB
09:02:10.230 [JavaFX Application Thread] DEBUG Input                - Registered new binding: MOVE LEFT - A
09:02:10.230 [JavaFX Application Thread] DEBUG Input                - Registered new binding: MOVE RIGHT - D
09:02:10.231 [JavaFX Application Thread] DEBUG Input                - Registered new binding: MOVE UP - W
09:02:10.231 [JavaFX Application Thread] DEBUG Input                - Registered new binding: MOVE DOWN - S
09:02:11.223 [JavaFX Application Thread] DEBUG FXGLAssetLoaderServi - Loading from file system: file:/D:/Gonvival/game/target/classes/assets/textures/evil.png
09:02:11.390 [FXGL Background Thread 3 ] DEBUG Engine               - Logging environment variables
09:02:11.390 [FXGL Background Thread 3 ] DEBUG Engine               - achievements: []
09:02:11.392 [FXGL Background Thread 3 ] DEBUG Engine               - actualHeight: 800.0
09:02:11.392 [FXGL Background Thread 3 ] DEBUG Engine               - actualHeightProperty: ReadOnlyDoubleProperty [value: 800.0]
09:02:11.392 [FXGL Background Thread 3 ] DEBUG Engine               - actualWidth: 800.0
09:02:11.392 [FXGL Background Thread 3 ] DEBUG Engine               - actualWidthProperty: ReadOnlyDoubleProperty [value: 800.0]
09:02:11.392 [FXGL Background Thread 3 ] DEBUG Engine               - appIcon: fxgl_icon.png
09:02:11.392 [FXGL Background Thread 3 ] DEBUG Engine               - applicationMode: DEVELOPER
09:02:11.393 [FXGL Background Thread 3 ] DEBUG Engine               - cSSList: [fxgl_dark.css]
09:02:11.393 [FXGL Background Thread 3 ] DEBUG Engine               - collisionDetectionStrategy: BRUTE_FORCE
09:02:11.393 [FXGL Background Thread 3 ] DEBUG Engine               - configClass: Optional.empty
09:02:11.394 [FXGL Background Thread 3 ] DEBUG Engine               - credits: []
09:02:11.395 [FXGL Background Thread 3 ] DEBUG Engine               - defaultCursor: CursorInfo(imageName=fxgl_default_cursor.png, hotspotX=7.0, hotspotY=6.0)
09:02:11.395 [FXGL Background Thread 3 ] DEBUG Engine               - devBBoxColorProperty: ObjectProperty [value: 0xff0000ff]
09:02:11.395 [FXGL Background Thread 3 ] DEBUG Engine               - devEnableDebugCameraProperty: BooleanProperty [value: false]
09:02:11.396 [FXGL Background Thread 3 ] DEBUG Engine               - devSensorColorProperty: ObjectProperty [value: 0xffff00ff]
09:02:11.396 [FXGL Background Thread 3 ] DEBUG Engine               - devShowBBoxProperty: BooleanProperty [value: false]
09:02:11.396 [FXGL Background Thread 3 ] DEBUG Engine               - devShowPositionProperty: BooleanProperty [value: false]
09:02:11.396 [FXGL Background Thread 3 ] DEBUG Engine               - enabledMenuItems: []
09:02:11.396 [FXGL Background Thread 3 ] DEBUG Engine               - engineServices: [class com.almasb.fxgl.app.services.FXGLAssetLoaderService, class com.almasb.fxgl.app.FXGLApplication$GameApplicationService, class com.almasb.fxgl.app.services.FXGLDialogService, class com.almasb.fxgl.app.services.IOTaskExecutorService, class com.almasb.fxgl.io.FileSystemService, class com.almasb.fxgl.localization.LocalizationService, class com.almasb.fxgl.app.services.SystemBundleService, class com.almasb.fxgl.profile.SaveLoadService, class com.almasb.fxgl.ui.FXGLUIFactoryServiceProvider, class com.almasb.fxgl.ui.FXGLDialogFactoryServiceProvider, class com.almasb.fxgl.audio.AudioPlayer, class com.almasb.fxgl.notification.impl.NotificationServiceProvider, class com.almasb.fxgl.achievement.AchievementService, class com.almasb.fxgl.cutscene.CutsceneService, class com.almasb.fxgl.minigames.MiniGameService, class com.almasb.fxgl.net.NetService, class com.almasb.fxgl.app.services.UpdaterService, class com.almasb.fxgl.dev.DevService]
09:02:11.396 [FXGL Background Thread 3 ] DEBUG Engine               - fontGame: Abel-Regular.ttf
09:02:11.396 [FXGL Background Thread 3 ] DEBUG Engine               - fontMono: TerminalLandMono-Regular.otf
09:02:11.396 [FXGL Background Thread 3 ] DEBUG Engine               - fontSizeScaleUI: 1.0
09:02:11.397 [FXGL Background Thread 3 ] DEBUG Engine               - fontText: Courier-Prime.ttf
09:02:11.397 [FXGL Background Thread 3 ] DEBUG Engine               - fontUI: VarelaRound-Regular.ttf
09:02:11.397 [FXGL Background Thread 3 ] DEBUG Engine               - fullScreen: BooleanProperty [value: false]
09:02:11.397 [FXGL Background Thread 3 ] DEBUG Engine               - gameDifficulty: MEDIUM
09:02:11.397 [FXGL Background Thread 3 ] DEBUG Engine               - gameDifficultyProperty: ObjectProperty [value: MEDIUM]
09:02:11.397 [FXGL Background Thread 3 ] DEBUG Engine               - globalMusicVolume: 0.5
09:02:11.397 [FXGL Background Thread 3 ] DEBUG Engine               - globalMusicVolumeProperty: DoubleProperty [value: 0.5]
09:02:11.397 [FXGL Background Thread 3 ] DEBUG Engine               - globalSoundVolume: 0.5
09:02:11.397 [FXGL Background Thread 3 ] DEBUG Engine               - globalSoundVolumeProperty: DoubleProperty [value: 0.5]
09:02:11.397 [FXGL Background Thread 3 ] DEBUG Engine               - height: 800
09:02:11.397 [FXGL Background Thread 3 ] DEBUG Engine               - is3D: false
09:02:11.397 [FXGL Background Thread 3 ] DEBUG Engine               - isAndroid: false
09:02:11.397 [FXGL Background Thread 3 ] DEBUG Engine               - isBrowser: false
09:02:11.397 [FXGL Background Thread 3 ] DEBUG Engine               - isClickFeedbackEnabled: false
09:02:11.397 [FXGL Background Thread 3 ] DEBUG Engine               - isCloseConfirmation: false
09:02:11.397 [FXGL Background Thread 3 ] DEBUG Engine               - isDesktop: true
09:02:11.398 [FXGL Background Thread 3 ] DEBUG Engine               - isDeveloperMenuEnabled: false
09:02:11.398 [FXGL Background Thread 3 ] DEBUG Engine               - isEmbedded: false
09:02:11.398 [FXGL Background Thread 3 ] DEBUG Engine               - isEntityPreloadEnabled: true
09:02:11.398 [FXGL Background Thread 3 ] DEBUG Engine               - isExperimentalTiledLargeMap: false
09:02:11.398 [FXGL Background Thread 3 ] DEBUG Engine               - isFileSystemWriteAllowed: true
09:02:11.398 [FXGL Background Thread 3 ] DEBUG Engine               - isFullScreenAllowed: false
09:02:11.398 [FXGL Background Thread 3 ] DEBUG Engine               - isFullScreenFromStart: false
09:02:11.398 [FXGL Background Thread 3 ] DEBUG Engine               - isGameMenuEnabled: true
09:02:11.398 [FXGL Background Thread 3 ] DEBUG Engine               - isIOS: false
09:02:11.398 [FXGL Background Thread 3 ] DEBUG Engine               - isIntroEnabled: false
09:02:11.398 [FXGL Background Thread 3 ] DEBUG Engine               - isLinux: false
09:02:11.398 [FXGL Background Thread 3 ] DEBUG Engine               - isMac: false
09:02:11.398 [FXGL Background Thread 3 ] DEBUG Engine               - isMainMenuEnabled: true
09:02:11.399 [FXGL Background Thread 3 ] DEBUG Engine               - isManualResizeEnabled: false
09:02:11.399 [FXGL Background Thread 3 ] DEBUG Engine               - isMobile: false
09:02:11.399 [FXGL Background Thread 3 ] DEBUG Engine               - isNative: false
09:02:11.399 [FXGL Background Thread 3 ] DEBUG Engine               - isPauseMusicWhenMinimized: true
09:02:11.399 [FXGL Background Thread 3 ] DEBUG Engine               - isPreserveResizeRatio: false
09:02:11.399 [FXGL Background Thread 3 ] DEBUG Engine               - isProfilingEnabled: false
09:02:11.399 [FXGL Background Thread 3 ] DEBUG Engine               - isScaleAffectedOnResize: true
09:02:11.400 [FXGL Background Thread 3 ] DEBUG Engine               - isSingleStep: false
09:02:11.400 [FXGL Background Thread 3 ] DEBUG Engine               - isUserProfileEnabled: false
09:02:11.400 [FXGL Background Thread 3 ] DEBUG Engine               - isWindows: true
09:02:11.401 [FXGL Background Thread 3 ] DEBUG Engine               - language: ObjectProperty [value: ENGLISH]
09:02:11.401 [FXGL Background Thread 3 ] DEBUG Engine               - menuKey: ESCAPE
09:02:11.402 [FXGL Background Thread 3 ] DEBUG Engine               - mouseSensitivity: 0.2
09:02:11.402 [FXGL Background Thread 3 ] DEBUG Engine               - notificationViewClass: class com.almasb.fxgl.notification.view.XboxNotificationView
09:02:11.402 [FXGL Background Thread 3 ] DEBUG Engine               - pixelsPerMeter: 50.0
09:02:11.402 [FXGL Background Thread 3 ] DEBUG Engine               - platform: WINDOWS
09:02:11.402 [FXGL Background Thread 3 ] DEBUG Engine               - prefHeightProperty: ReadOnlyDoubleProperty [value: 800.0]
09:02:11.403 [FXGL Background Thread 3 ] DEBUG Engine               - prefWidthProperty: ReadOnlyDoubleProperty [value: 800.0]
09:02:11.403 [FXGL Background Thread 3 ] DEBUG Engine               - profileDir: profiles/
09:02:11.403 [FXGL Background Thread 3 ] DEBUG Engine               - profileName: StringProperty [value: DEFAULT]
09:02:11.404 [FXGL Background Thread 3 ] DEBUG Engine               - randomSeed: -1
09:02:11.404 [FXGL Background Thread 3 ] DEBUG Engine               - runtimeInfo: RuntimeInfo(platform=WINDOWS, version=21.1, build=27.03.2024 07.52)
09:02:11.404 [FXGL Background Thread 3 ] DEBUG Engine               - saveFileExt: sav
09:02:11.405 [FXGL Background Thread 3 ] DEBUG Engine               - scaledHeightProp$fxgl: DoubleProperty [bound, value: 800.0]
09:02:11.405 [FXGL Background Thread 3 ] DEBUG Engine               - scaledWidthProp$fxgl: DoubleProperty [bound, value: 800.0]
09:02:11.405 [FXGL Background Thread 3 ] DEBUG Engine               - sceneFactory: com.almasb.fxgl.app.scene.SceneFactory@7117e6fe
09:02:11.405 [FXGL Background Thread 3 ] DEBUG Engine               - secondsIn24h: 60
09:02:11.405 [FXGL Background Thread 3 ] DEBUG Engine               - soundMenuBack: menu/back.wav
09:02:11.405 [FXGL Background Thread 3 ] DEBUG Engine               - soundMenuPress: menu/press.wav
09:02:11.405 [FXGL Background Thread 3 ] DEBUG Engine               - soundMenuSelect: menu/select.wav
09:02:11.405 [FXGL Background Thread 3 ] DEBUG Engine               - soundNotification: core/notification.wav
09:02:11.405 [FXGL Background Thread 3 ] DEBUG Engine               - stageStyle: DECORATED
09:02:11.405 [FXGL Background Thread 3 ] DEBUG Engine               - supportedLanguages: [ENGLISH, FRENCH, GERMAN, HUNGARIAN, RUSSIAN]
09:02:11.405 [FXGL Background Thread 3 ] DEBUG Engine               - ticksPerSecond: -1
09:02:11.405 [FXGL Background Thread 3 ] DEBUG Engine               - title: Gonvival
09:02:11.405 [FXGL Background Thread 3 ] DEBUG Engine               - urlGithub: https://github.com/AlmasB/FXGL
09:02:11.405 [FXGL Background Thread 3 ] DEBUG Engine               - urlLeaderboard: http://fxgl-top.herokuapp.com/
09:02:11.405 [FXGL Background Thread 3 ] DEBUG Engine               - urlPOM: https://raw.githubusercontent.com/AlmasB/FXGL/release/README.md
09:02:11.406 [FXGL Background Thread 3 ] DEBUG Engine               - userAppClass: class com.lab.App
09:02:11.406 [FXGL Background Thread 3 ] DEBUG Engine               - version: beta
09:02:11.406 [FXGL Background Thread 3 ] DEBUG Engine               - versionCheckDays: 7
09:02:11.406 [FXGL Background Thread 3 ] DEBUG Engine               - width: 800
09:02:11.406 [FXGL Background Thread 3 ] DEBUG Engine               - Logging services
09:02:11.406 [FXGL Background Thread 3 ] DEBUG Engine               - class com.almasb.fxgl.app.services.FXGLAssetLoaderService
09:02:11.406 [FXGL Background Thread 3 ] DEBUG Engine               - class com.almasb.fxgl.app.FXGLApplication$GameApplicationService
09:02:11.406 [FXGL Background Thread 3 ] DEBUG Engine               - class com.almasb.fxgl.app.services.FXGLDialogService
09:02:11.406 [FXGL Background Thread 3 ] DEBUG Engine               - class com.almasb.fxgl.app.services.IOTaskExecutorService
09:02:11.406 [FXGL Background Thread 3 ] DEBUG Engine               - class com.almasb.fxgl.io.FileSystemService
09:02:11.406 [FXGL Background Thread 3 ] DEBUG Engine               - class com.almasb.fxgl.localization.LocalizationService
09:02:11.407 [FXGL Background Thread 3 ] DEBUG Engine               - class com.almasb.fxgl.app.services.SystemBundleService
09:02:11.407 [FXGL Background Thread 3 ] DEBUG Engine               - class com.almasb.fxgl.profile.SaveLoadService
09:02:11.407 [FXGL Background Thread 3 ] DEBUG Engine               - class com.almasb.fxgl.ui.FXGLUIFactoryServiceProvider
09:02:11.407 [FXGL Background Thread 3 ] DEBUG Engine               - class com.almasb.fxgl.ui.FXGLDialogFactoryServiceProvider
09:02:11.407 [FXGL Background Thread 3 ] DEBUG Engine               - class com.almasb.fxgl.audio.AudioPlayer
09:02:11.407 [FXGL Background Thread 3 ] DEBUG Engine               - class com.almasb.fxgl.notification.impl.NotificationServiceProvider
09:02:11.407 [FXGL Background Thread 3 ] DEBUG Engine               - class com.almasb.fxgl.achievement.AchievementService
09:02:11.408 [FXGL Background Thread 3 ] DEBUG Engine               - class com.almasb.fxgl.cutscene.CutsceneService
09:02:11.408 [FXGL Background Thread 3 ] DEBUG Engine               - class com.almasb.fxgl.minigames.MiniGameService
09:02:11.408 [FXGL Background Thread 3 ] DEBUG Engine               - class com.almasb.fxgl.net.NetService
09:02:11.408 [FXGL Background Thread 3 ] DEBUG Engine               - class com.almasb.fxgl.app.services.UpdaterService
09:02:11.408 [FXGL Background Thread 3 ] DEBUG Engine               - class com.almasb.fxgl.dev.DevService
09:02:17.628 [JavaFX Application Thread] DEBUG FXGLAssetLoaderServi - Loading from file system: file:/D:/Gonvival/game/target/classes/assets/textures/arrow.png
09:02:25.031 [JavaFX Application Thread] DEBUG PrimaryStageWindow   - Push state: FXGLDefaultMenu
09:02:25.032 [JavaFX Application Thread] DEBUG Input                - Clearing active input actions
09:02:25.035 [JavaFX Application Thread] DEBUG GameApplicationServi - Removing overlay from GameScene and adding to FXGLDefaultMenu
09:02:25.036 [JavaFX Application Thread] DEBUG PrimaryStageWindow   - GameScene -> FXGLDefaultMenu
09:02:26.373 [JavaFX Application Thread] DEBUG FXGLApplication      - Exiting FXGL
09:02:26.373 [JavaFX Application Thread] DEBUG LoopRunner           - Stopping loop
09:02:26.373 [JavaFX Application Thread] DEBUG SystemBundleService  - Saving FXGL system data
09:02:26.378 [JavaFX Application Thread] DEBUG FileSystemAccess     - Writing to: D:\Gonvival\system\fxgl.bundle
09:02:26.383 [JavaFX Application Thread] DEBUG Async                - Shutting down background threads
09:02:26.383 [JavaFX Application Thread] DEBUG PrimaryStageWindow   - Closing main window
09:02:26.454 [JavaFX Application Thread] DEBUG Logger               - Closing Logger
