06:33:07.313 [main                     ] DEBUG Logger               - Configured Logger
06:33:07.376 [main                     ] DEBUG GameApplication      - Logging settings
Title: Gonvival
Version: beta
Width: 800
Height: 800
Fullscreen: false
Intro: false
Profiling: false
Single step:false
App Mode: DEVELOPER
Menu Key: ESCAPE
Stage Style: DECORATED
Scene Factory: class com.lab.App$1

06:33:08.198 [JavaFX Application Thread] DEBUG FXGLApplication      - Initializing FXGL
06:33:08.206 [JavaFX Application Thread] INFO  Engine               - FXGL-21.1 (27.03.2024 07.52) on WINDOWS (J:21.0.5 FX:21.0.1)
06:33:08.207 [JavaFX Application Thread] DEBUG Engine               - JRE Vendor Name: Eclipse Adoptium
06:33:08.207 [JavaFX Application Thread] DEBUG Engine               - Running on OS: Windows 10 version 10.0
06:33:08.208 [JavaFX Application Thread] DEBUG Engine               - Architecture: amd64
06:33:08.208 [JavaFX Application Thread] INFO  Engine               - Source code and latest versions at: https://github.com/AlmasB/FXGL
06:33:08.208 [JavaFX Application Thread] INFO  Engine               -       Ask questions and discuss at: https://github.com/AlmasB/FXGL/discussions
06:33:08.209 [JavaFX Application Thread] INFO  Engine               -              Join the FXGL chat at: https://gitter.im/AlmasB/FXGL
06:33:08.379 [JavaFX Application Thread] DEBUG PrimaryStageWindow   - Creating a JavaFX scene
06:33:08.380 [JavaFX Application Thread] DEBUG PrimaryStageWindow   - Target size > screen size
06:33:08.508 [JavaFX Application Thread] DEBUG PrimaryStageWindow   - Target settings size: 800.0 x 800.0
06:33:08.508 [JavaFX Application Thread] DEBUG PrimaryStageWindow   - Scaled scene size:    743.0 x 768.0
06:33:08.511 [JavaFX Application Thread] DEBUG PrimaryStageWindow   - Scaled ratio: (0.92875, 0.96)
06:33:08.513 [JavaFX Application Thread] DEBUG PrimaryStageWindow   - Set initial scene to FXGLStartupScene
06:33:08.522 [JavaFX Application Thread] DEBUG PrimaryStageWindow   - Opening main window
06:33:08.711 [JavaFX Application Thread] DEBUG PrimaryStageWindow   - Window border size: (16.0, 39.0)
06:33:08.711 [JavaFX Application Thread] DEBUG PrimaryStageWindow   - Scaled size: 743.0 x 768.0
06:33:08.711 [JavaFX Application Thread] DEBUG PrimaryStageWindow   - Scaled ratio: (0.92875, 0.96)
06:33:08.711 [JavaFX Application Thread] DEBUG PrimaryStageWindow   - Scene size: 743.0 x 768.0
06:33:08.711 [JavaFX Application Thread] DEBUG PrimaryStageWindow   - Stage size: 759.0 x 807.0
06:33:08.819 [FXGL Background Thread 1 ] DEBUG Engine               - Initializing environment variables
06:33:08.959 [FXGL Background Thread 1 ] DEBUG FXGLAssetLoaderServi - User app class for loading assets: class com.lab.App
06:33:08.959 [FXGL Background Thread 1 ] DEBUG GameApplicationServi - Applying CSS: fxgl_dark.css
06:33:08.961 [FXGL Background Thread 1 ] DEBUG FXGLAssetLoaderServi - Loading from file system: jar:file:/C:/Users/Khana/.m2/repository/com/github/almasb/fxgl/21.1/fxgl-21.1.jar!/fxglassets/ui/css/fxgl_dark.css
06:33:09.077 [FXGL Background Thread 1 ] DEBUG GameApplicationServi - Initializing application scenes
06:33:09.311 [FXGL Background Thread 1 ] DEBUG GameWorld            - Game world initialized
06:33:09.442 [FXGL Background Thread 1 ] DEBUG PhysicsWorld         - Physics world initialized: appHeight=800, physics.ppm=50.0
06:33:09.442 [FXGL Background Thread 1 ] DEBUG PhysicsWorld         - Using strategy: BRUTE_FORCE
06:33:09.451 [FXGL Background Thread 1 ] DEBUG GameScene            - Game scene initialized: 800x800
06:33:09.455 [FXGL Background Thread 1 ] WARN  FXGLAssetLoaderServi - Asset "/assets/music/menu_music.mp3" was not found!
06:33:09.455 [FXGL Background Thread 1 ] WARN  FXGLAssetLoaderServi - Failed to load MUSIC
06:33:09.458 [FXGL Background Thread 1 ] DEBUG AudioPlayer          - Playing music com.almasb.fxgl.audio.Music@364e4e71
06:33:09.524 [FXGL Background Thread 1 ] DEBUG FXGL.DefaultMenu     - createMenuBodyGameMenu()
06:33:09.542 [FXGL Background Thread 1 ] DEBUG FXGL.DefaultMenu     - createOptionsMenu()
06:33:09.559 [FXGL Background Thread 1 ] DEBUG FXGLAssetLoaderServi - Loading from file system: jar:file:/C:/Users/Khana/.m2/repository/com/github/almasb/fxgl/21.1/fxgl-21.1.jar!/fxglassets/textures/particles/smoke.png
06:33:09.769 [FXGL Background Thread 1 ] DEBUG FXGLAssetLoaderServi - Loading from file system: jar:file:/C:/Users/Khana/.m2/repository/com/github/almasb/fxgl/21.1/fxgl-21.1.jar!/fxglassets/textures/particles/trace_horizontal.png
06:33:09.835 [FXGL Background Thread 1 ] DEBUG GameApplicationServi - Application scenes initialized
06:33:09.856 [FXGL Background Thread 1 ] DEBUG SystemBundleService  - Loading FXGL system data
06:33:09.866 [FXGL Background Thread 1 ] DEBUG FileSystemAccess     - Reading from: E:\Labs\Gonvival\system\fxgl.bundle
06:33:09.885 [FXGL Background Thread 1 ] DEBUG SystemBundleService  - Bundle FXGL: {}
06:33:09.885 [FXGL Background Thread 1 ] DEBUG UpdaterService       - Checking for updates
06:33:09.893 [FXGL Background Thread 1 ] DEBUG FXGLApplication      - Loading default localization
06:33:09.895 [FXGL Background Thread 1 ] DEBUG FXGLAssetLoaderServi - Loading from file system: jar:file:/C:/Users/Khana/.m2/repository/com/github/almasb/fxgl/21.1/fxgl-21.1.jar!/fxglassets/languages/english.lang
06:33:09.903 [FXGL Background Thread 4 ] DEBUG FXGLApplication      - Loading fonts
06:33:09.904 [FXGL Background Thread 4 ] DEBUG FXGLAssetLoaderServi - Loading from file system: jar:file:/C:/Users/Khana/.m2/repository/com/github/almasb/fxgl/21.1/fxgl-21.1.jar!/fxglassets/ui/fonts/VarelaRound-Regular.ttf
06:33:09.952 [FXGL Background Thread 1 ] INFO  FXGLApplication      - FXGL initialization took: 1.132 sec
06:33:09.975 [JavaFX Application Thread] DEBUG FXGLAssetLoaderServi - Loading from file system: jar:file:/C:/Users/Khana/.m2/repository/com/github/almasb/fxgl/21.1/fxgl-21.1.jar!/fxglassets/textures/fxgl_icon.png
06:33:10.002 [FXGL Background Thread 4 ] DEBUG FXGLAssetLoaderServi - Loading from file system: jar:file:/C:/Users/Khana/.m2/repository/com/github/almasb/fxgl/21.1/fxgl-21.1.jar!/fxglassets/ui/fonts/Abel-Regular.ttf
06:33:10.009 [FXGL Background Thread 4 ] DEBUG FXGLAssetLoaderServi - Loading from file system: jar:file:/C:/Users/Khana/.m2/repository/com/github/almasb/fxgl/21.1/fxgl-21.1.jar!/fxglassets/ui/fonts/TerminalLandMono-Regular.otf
06:33:10.018 [FXGL Background Thread 4 ] DEBUG FXGLAssetLoaderServi - Loading from file system: jar:file:/C:/Users/Khana/.m2/repository/com/github/almasb/fxgl/21.1/fxgl-21.1.jar!/fxglassets/ui/fonts/Courier-Prime.ttf
06:33:10.060 [JavaFX Application Thread] DEBUG FXGLAssetLoaderServi - Loading from file system: jar:file:/C:/Users/Khana/.m2/repository/com/github/almasb/fxgl/21.1/fxgl-21.1.jar!/fxglassets/textures/fxgl_default_cursor.png
06:33:10.085 [JavaFX Application Thread] DEBUG Input                - Registered new binding: Screenshot - CTRL+8
06:33:10.086 [JavaFX Application Thread] DEBUG Input                - Registered new binding: System info dump - CTRL+9
06:33:10.087 [JavaFX Application Thread] DEBUG Input                - Registered new binding: Restart - CTRL+R
06:33:10.088 [JavaFX Application Thread] DEBUG Input                - Registered new binding: Toggle Debug Camera - CTRL+7
06:33:10.096 [JavaFX Application Thread] DEBUG LoopRunner           - Starting loop
06:33:10.096 [JavaFX Application Thread] DEBUG LoopRunner           - Initializing JavaFX AnimationTimerLoop
06:33:10.103 [JavaFX Application Thread] DEBUG Input                - Clearing active input actions
06:33:10.125 [JavaFX Application Thread] DEBUG GameApplicationServi - Removing overlay from FXGLStartupScene and adding to FXGLMainMenuDummyScene
06:33:10.126 [JavaFX Application Thread] DEBUG PrimaryStageWindow   - FXGLStartupScene -> FXGLMainMenuDummyScene
06:33:10.126 [JavaFX Application Thread] DEBUG PrimaryStageWindow   - Push state: StartScreen
06:33:10.129 [JavaFX Application Thread] DEBUG Input                - Clearing active input actions
06:33:10.151 [JavaFX Application Thread] DEBUG GameApplicationServi - Removing overlay from FXGLMainMenuDummyScene and adding to StartScreen
06:33:10.152 [JavaFX Application Thread] DEBUG PrimaryStageWindow   - FXGLMainMenuDummyScene -> StartScreen
06:33:10.153 [JavaFX Application Thread] DEBUG FXGLApplication      - Registering font factories with UI factory
06:33:11.997 [JavaFX Application Thread] DEBUG FXGLApplication      - Exiting FXGL
06:33:11.997 [JavaFX Application Thread] DEBUG LoopRunner           - Stopping loop
06:33:11.997 [JavaFX Application Thread] DEBUG SystemBundleService  - Saving FXGL system data
06:33:12.000 [JavaFX Application Thread] DEBUG FileSystemAccess     - Writing to: E:\Labs\Gonvival\system\fxgl.bundle
06:33:12.004 [JavaFX Application Thread] DEBUG Async                - Shutting down background threads
06:33:12.004 [JavaFX Application Thread] DEBUG PrimaryStageWindow   - Closing main window
06:33:12.026 [JavaFX Application Thread] DEBUG Logger               - Closing Logger
