07:56:27.907 [main                     ] DEBUG Logger               - Configured Logger
07:56:27.936 [main                     ] DEBUG GameApplication      - Logging settings
Title: Gonvival
Version: beta
Width: 800
Height: 800
Fullscreen: false
Intro: false
Profiling: false
Single step:false
App Mode: DEVELOPER
Menu Key: ESCAPE
Stage Style: DECORATED
Scene Factory: class com.lab.App$1

07:56:29.284 [JavaFX Application Thread] DEBUG FXGLApplication      - Initializing FXGL
07:56:29.299 [JavaFX Application Thread] INFO  Engine               - FXGL-21.1 (27.03.2024 07.52) on WINDOWS (J:21.0.5 FX:21.0.1)
07:56:29.301 [JavaFX Application Thread] DEBUG Engine               - JRE Vendor Name: Eclipse Adoptium
07:56:29.302 [JavaFX Application Thread] DEBUG Engine               - Running on OS: Windows 11 version 10.0
07:56:29.302 [JavaFX Application Thread] DEBUG Engine               - Architecture: amd64
07:56:29.303 [JavaFX Application Thread] INFO  Engine               - Source code and latest versions at: https://github.com/AlmasB/FXGL
07:56:29.304 [JavaFX Application Thread] INFO  Engine               -       Ask questions and discuss at: https://github.com/AlmasB/FXGL/discussions
07:56:29.304 [JavaFX Application Thread] INFO  Engine               -              Join the FXGL chat at: https://gitter.im/AlmasB/FXGL
07:56:29.515 [JavaFX Application Thread] DEBUG PrimaryStageWindow   - Creating a JavaFX scene
07:56:29.618 [JavaFX Application Thread] DEBUG PrimaryStageWindow   - Target settings size: 800.0 x 800.0
07:56:29.619 [JavaFX Application Thread] DEBUG PrimaryStageWindow   - Scaled scene size:    800.0 x 800.0
07:56:29.619 [JavaFX Application Thread] DEBUG PrimaryStageWindow   - Scaled ratio: (1.0, 1.0)
07:56:29.622 [JavaFX Application Thread] DEBUG PrimaryStageWindow   - Set initial scene to FXGLStartupScene
07:56:29.631 [JavaFX Application Thread] DEBUG PrimaryStageWindow   - Opening main window
07:56:29.988 [JavaFX Application Thread] DEBUG PrimaryStageWindow   - Window border size: (14.4000244140625, 37.5999755859375)
07:56:29.989 [JavaFX Application Thread] DEBUG PrimaryStageWindow   - Scaled size: 800.0 x 800.0
07:56:29.990 [JavaFX Application Thread] DEBUG PrimaryStageWindow   - Scaled ratio: (1.0, 1.0)
07:56:29.991 [JavaFX Application Thread] DEBUG PrimaryStageWindow   - Scene size: 800.0 x 800.0
07:56:29.992 [JavaFX Application Thread] DEBUG PrimaryStageWindow   - Stage size: 814.4000244140625 x 837.5999755859375
07:56:30.022 [FXGL Background Thread 1 ] DEBUG Engine               - Initializing environment variables
07:56:30.162 [FXGL Background Thread 1 ] DEBUG FXGLAssetLoaderServi - User app class for loading assets: class com.lab.App
07:56:30.162 [FXGL Background Thread 1 ] DEBUG GameApplicationServi - Applying CSS: fxgl_dark.css
07:56:30.164 [FXGL Background Thread 1 ] DEBUG FXGLAssetLoaderServi - Loading from file system: jar:file:/C:/Users/HP/.m2/repository/com/github/almasb/fxgl/21.1/fxgl-21.1.jar!/fxglassets/ui/css/fxgl_dark.css
07:56:30.234 [FXGL Background Thread 1 ] DEBUG GameApplicationServi - Initializing application scenes
07:56:30.314 [FXGL Background Thread 1 ] DEBUG GameWorld            - Game world initialized
07:56:30.426 [FXGL Background Thread 1 ] DEBUG PhysicsWorld         - Physics world initialized: appHeight=800, physics.ppm=50.0
07:56:30.426 [FXGL Background Thread 1 ] DEBUG PhysicsWorld         - Using strategy: BRUTE_FORCE
07:56:30.434 [FXGL Background Thread 1 ] DEBUG GameScene            - Game scene initialized: 800x800
07:56:30.511 [FXGL Background Thread 1 ] DEBUG FXGL.DefaultMenu     - createMenuBodyGameMenu()
07:56:30.540 [FXGL Background Thread 1 ] DEBUG FXGL.DefaultMenu     - createOptionsMenu()
07:56:30.559 [FXGL Background Thread 1 ] DEBUG FXGLAssetLoaderServi - Loading from file system: jar:file:/C:/Users/HP/.m2/repository/com/github/almasb/fxgl/21.1/fxgl-21.1.jar!/fxglassets/textures/particles/smoke.png
07:56:30.712 [FXGL Background Thread 1 ] DEBUG FXGLAssetLoaderServi - Loading from file system: jar:file:/C:/Users/HP/.m2/repository/com/github/almasb/fxgl/21.1/fxgl-21.1.jar!/fxglassets/textures/particles/trace_horizontal.png
07:56:30.743 [FXGL Background Thread 1 ] DEBUG GameApplicationServi - Application scenes initialized
07:56:30.759 [FXGL Background Thread 1 ] DEBUG SystemBundleService  - Loading FXGL system data
07:56:30.765 [FXGL Background Thread 1 ] DEBUG FileSystemAccess     - Reading from: D:\Gonvival\system\fxgl.bundle
07:56:30.776 [FXGL Background Thread 1 ] DEBUG SystemBundleService  - Bundle FXGL: {}
07:56:30.776 [FXGL Background Thread 1 ] DEBUG UpdaterService       - Checking for updates
07:56:30.782 [FXGL Background Thread 4 ] DEBUG FXGLApplication      - Loading fonts
07:56:30.783 [FXGL Background Thread 4 ] DEBUG FXGLAssetLoaderServi - Loading from file system: jar:file:/C:/Users/HP/.m2/repository/com/github/almasb/fxgl/21.1/fxgl-21.1.jar!/fxglassets/ui/fonts/VarelaRound-Regular.ttf
07:56:30.786 [FXGL Background Thread 1 ] DEBUG FXGLApplication      - Loading default localization
07:56:30.787 [FXGL Background Thread 1 ] DEBUG FXGLAssetLoaderServi - Loading from file system: jar:file:/C:/Users/HP/.m2/repository/com/github/almasb/fxgl/21.1/fxgl-21.1.jar!/fxglassets/languages/english.lang
07:56:30.855 [FXGL Background Thread 4 ] DEBUG FXGLAssetLoaderServi - Loading from file system: jar:file:/C:/Users/HP/.m2/repository/com/github/almasb/fxgl/21.1/fxgl-21.1.jar!/fxglassets/ui/fonts/Abel-Regular.ttf
07:56:30.861 [FXGL Background Thread 1 ] INFO  FXGLApplication      - FXGL initialization took: 0.839 sec
07:56:30.861 [FXGL Background Thread 4 ] DEBUG FXGLAssetLoaderServi - Loading from file system: jar:file:/C:/Users/HP/.m2/repository/com/github/almasb/fxgl/21.1/fxgl-21.1.jar!/fxglassets/ui/fonts/TerminalLandMono-Regular.otf
07:56:30.863 [JavaFX Application Thread] DEBUG FXGLAssetLoaderServi - Loading from file system: jar:file:/C:/Users/HP/.m2/repository/com/github/almasb/fxgl/21.1/fxgl-21.1.jar!/fxglassets/textures/fxgl_icon.png
07:56:30.868 [FXGL Background Thread 4 ] DEBUG FXGLAssetLoaderServi - Loading from file system: jar:file:/C:/Users/HP/.m2/repository/com/github/almasb/fxgl/21.1/fxgl-21.1.jar!/fxglassets/ui/fonts/Courier-Prime.ttf
07:56:30.888 [JavaFX Application Thread] DEBUG FXGLAssetLoaderServi - Loading from file system: jar:file:/C:/Users/HP/.m2/repository/com/github/almasb/fxgl/21.1/fxgl-21.1.jar!/fxglassets/textures/fxgl_default_cursor.png
07:56:30.908 [JavaFX Application Thread] DEBUG Input                - Registered new binding: Screenshot - CTRL+8
07:56:30.909 [JavaFX Application Thread] DEBUG Input                - Registered new binding: System info dump - CTRL+9
07:56:30.910 [JavaFX Application Thread] DEBUG Input                - Registered new binding: Restart - CTRL+R
07:56:30.912 [JavaFX Application Thread] DEBUG Input                - Registered new binding: Toggle Debug Camera - CTRL+7
07:56:30.916 [JavaFX Application Thread] DEBUG LoopRunner           - Starting loop
07:56:30.916 [JavaFX Application Thread] DEBUG LoopRunner           - Initializing JavaFX AnimationTimerLoop
07:56:30.919 [JavaFX Application Thread] DEBUG Input                - Clearing active input actions
07:56:30.927 [JavaFX Application Thread] DEBUG GameApplicationServi - Removing overlay from FXGLStartupScene and adding to FXGLMainMenuDummyScene
07:56:30.928 [JavaFX Application Thread] DEBUG PrimaryStageWindow   - FXGLStartupScene -> FXGLMainMenuDummyScene
07:56:30.928 [JavaFX Application Thread] DEBUG PrimaryStageWindow   - Push state: StartScreen
07:56:30.929 [JavaFX Application Thread] DEBUG Input                - Clearing active input actions
07:56:30.948 [JavaFX Application Thread] DEBUG GameApplicationServi - Removing overlay from FXGLMainMenuDummyScene and adding to StartScreen
07:56:30.949 [JavaFX Application Thread] DEBUG PrimaryStageWindow   - FXGLMainMenuDummyScene -> StartScreen
07:56:30.955 [JavaFX Application Thread] DEBUG FXGLApplication      - Registering font factories with UI factory
07:56:31.571 [JavaFX Application Thread] DEBUG LoopRunner           - Pausing loop
07:56:31.571 [JavaFX Application Thread] DEBUG Menu                 - fireNewGame()
07:56:31.571 [JavaFX Application Thread] DEBUG GameApplicationServi - Starting new game
07:56:31.571 [JavaFX Application Thread] DEBUG PrimaryStageWindow   - Pop state: StartScreen
07:56:31.572 [JavaFX Application Thread] DEBUG Input                - Clearing active input actions
07:56:31.572 [JavaFX Application Thread] DEBUG GameApplicationServi - Removing overlay from StartScreen and adding to FXGLMainMenuDummyScene
07:56:31.573 [JavaFX Application Thread] DEBUG PrimaryStageWindow   - FXGLMainMenuDummyScene <- StartScreen
07:56:31.573 [JavaFX Application Thread] DEBUG Input                - Clearing active input actions
07:56:31.583 [JavaFX Application Thread] DEBUG GameApplicationServi - Removing overlay from FXGLMainMenuDummyScene and adding to FXGLLoadingScene
07:56:31.584 [JavaFX Application Thread] DEBUG PrimaryStageWindow   - FXGLMainMenuDummyScene -> FXGLLoadingScene
07:56:31.584 [JavaFX Application Thread] DEBUG GameApplicationServi - Clearing previous game
07:56:31.584 [JavaFX Application Thread] DEBUG GameScene            - Clearing game scene
07:56:31.584 [JavaFX Application Thread] DEBUG GameWorld            - Clearing game world
07:56:31.585 [JavaFX Application Thread] DEBUG PhysicsWorld         - Clearing physics world
07:56:31.588 [FXGL Background Thread 2 ] DEBUG FXGLApplication      - Initializing game
07:56:31.604 [FXGL Background Thread 2 ] DEBUG FXGLAssetLoaderServi - Loading from file system: file:/D:/Gonvival/game/target/classes/assets/textures/newmap2.png
07:56:31.706 [FXGL Background Thread 2 ] DEBUG FXGLAssetLoaderServi - Loading from file system: file:/D:/Gonvival/game/target/classes/assets/textures/idle_down.png
07:56:31.713 [FXGL Background Thread 2 ] DEBUG FXGLAssetLoaderServi - Loading from file system: file:/D:/Gonvival/game/target/classes/assets/textures/idle_up.png
07:56:31.716 [FXGL Background Thread 2 ] DEBUG FXGLAssetLoaderServi - Loading from file system: file:/D:/Gonvival/game/target/classes/assets/textures/idle_left_down.png
07:56:31.717 [FXGL Background Thread 2 ] DEBUG FXGLAssetLoaderServi - Loading from file system: file:/D:/Gonvival/game/target/classes/assets/textures/idle_left_up.png
07:56:31.721 [FXGL Background Thread 2 ] DEBUG FXGLAssetLoaderServi - Loading from file system: file:/D:/Gonvival/game/target/classes/assets/textures/idle_right_down.png
07:56:31.723 [FXGL Background Thread 2 ] DEBUG FXGLAssetLoaderServi - Loading from file system: file:/D:/Gonvival/game/target/classes/assets/textures/idle_right_up.png
07:56:31.725 [FXGL Background Thread 2 ] DEBUG FXGLAssetLoaderServi - Loading from file system: file:/D:/Gonvival/game/target/classes/assets/textures/walk_left_down.png
07:56:31.728 [FXGL Background Thread 2 ] DEBUG FXGLAssetLoaderServi - Loading from file system: file:/D:/Gonvival/game/target/classes/assets/textures/walk_right_down.png
07:56:31.731 [FXGL Background Thread 2 ] DEBUG FXGLAssetLoaderServi - Loading from file system: file:/D:/Gonvival/game/target/classes/assets/textures/walk_up.png
07:56:31.734 [FXGL Background Thread 2 ] DEBUG FXGLAssetLoaderServi - Loading from file system: file:/D:/Gonvival/game/target/classes/assets/textures/walk_down.png
07:56:31.737 [FXGL Background Thread 2 ] DEBUG FXGLAssetLoaderServi - Loading from file system: file:/D:/Gonvival/game/target/classes/assets/textures/walk_left_up.png
07:56:31.740 [FXGL Background Thread 2 ] DEBUG FXGLAssetLoaderServi - Loading from file system: file:/D:/Gonvival/game/target/classes/assets/textures/walk_right_up.png
07:56:31.764 [FXGL Background Thread 2 ] DEBUG FXGLAssetLoaderServi - Loading from file system: file:/D:/Gonvival/game/target/classes/assets/textures/Level.png
07:56:31.773 [FXGL Background Thread 2 ] INFO  FXGLApplication      - Game initialization took: 0.185 sec
07:56:31.776 [JavaFX Application Thread] DEBUG Input                - Clearing active input actions
07:56:31.787 [JavaFX Application Thread] DEBUG GameApplicationServi - Removing overlay from FXGLLoadingScene and adding to GameScene
07:56:31.788 [JavaFX Application Thread] DEBUG PrimaryStageWindow   - FXGLLoadingScene -> GameScene
07:56:32.823 [JavaFX Application Thread] DEBUG LoopRunner           - Resuming loop
07:56:32.925 [JavaFX Application Thread] DEBUG Input                - Registered new binding: SHOOT - LMB
07:56:32.926 [JavaFX Application Thread] DEBUG Input                - Registered new binding: MOVE LEFT - A
07:56:32.927 [JavaFX Application Thread] DEBUG Input                - Registered new binding: MOVE RIGHT - D
07:56:32.927 [JavaFX Application Thread] DEBUG Input                - Registered new binding: MOVE UP - W
07:56:32.928 [JavaFX Application Thread] DEBUG Input                - Registered new binding: MOVE DOWN - S
07:56:32.928 [JavaFX Application Thread] DEBUG Input                - Registered new binding: DASH - Q
07:56:33.511 [JavaFX Application Thread] DEBUG FXGLAssetLoaderServi - Loading from file system: file:/D:/Gonvival/game/target/classes/assets/textures/GraveRevenant.png
07:56:33.780 [FXGL Background Thread 3 ] DEBUG Engine               - Logging environment variables
07:56:33.781 [FXGL Background Thread 3 ] DEBUG Engine               - achievements: []
07:56:33.782 [FXGL Background Thread 3 ] DEBUG Engine               - actualHeight: 800.0
07:56:33.782 [FXGL Background Thread 3 ] DEBUG Engine               - actualHeightProperty: ReadOnlyDoubleProperty [value: 800.0]
07:56:33.782 [FXGL Background Thread 3 ] DEBUG Engine               - actualWidth: 800.0
07:56:33.782 [FXGL Background Thread 3 ] DEBUG Engine               - actualWidthProperty: ReadOnlyDoubleProperty [value: 800.0]
07:56:33.782 [FXGL Background Thread 3 ] DEBUG Engine               - appIcon: fxgl_icon.png
07:56:33.782 [FXGL Background Thread 3 ] DEBUG Engine               - applicationMode: DEVELOPER
07:56:33.783 [FXGL Background Thread 3 ] DEBUG Engine               - cSSList: [fxgl_dark.css]
07:56:33.783 [FXGL Background Thread 3 ] DEBUG Engine               - collisionDetectionStrategy: BRUTE_FORCE
07:56:33.783 [FXGL Background Thread 3 ] DEBUG Engine               - configClass: Optional.empty
07:56:33.783 [FXGL Background Thread 3 ] DEBUG Engine               - credits: []
07:56:33.784 [FXGL Background Thread 3 ] DEBUG Engine               - defaultCursor: CursorInfo(imageName=fxgl_default_cursor.png, hotspotX=7.0, hotspotY=6.0)
07:56:33.784 [FXGL Background Thread 3 ] DEBUG Engine               - devBBoxColorProperty: ObjectProperty [value: 0xff0000ff]
07:56:33.786 [FXGL Background Thread 3 ] DEBUG Engine               - devEnableDebugCameraProperty: BooleanProperty [value: false]
07:56:33.786 [FXGL Background Thread 3 ] DEBUG Engine               - devSensorColorProperty: ObjectProperty [value: 0xffff00ff]
07:56:33.786 [FXGL Background Thread 3 ] DEBUG Engine               - devShowBBoxProperty: BooleanProperty [value: false]
07:56:33.786 [FXGL Background Thread 3 ] DEBUG Engine               - devShowPositionProperty: BooleanProperty [value: false]
07:56:33.787 [FXGL Background Thread 3 ] DEBUG Engine               - enabledMenuItems: []
07:56:33.787 [FXGL Background Thread 3 ] DEBUG Engine               - engineServices: [class com.almasb.fxgl.app.services.FXGLAssetLoaderService, class com.almasb.fxgl.app.FXGLApplication$GameApplicationService, class com.almasb.fxgl.app.services.FXGLDialogService, class com.almasb.fxgl.app.services.IOTaskExecutorService, class com.almasb.fxgl.io.FileSystemService, class com.almasb.fxgl.localization.LocalizationService, class com.almasb.fxgl.app.services.SystemBundleService, class com.almasb.fxgl.profile.SaveLoadService, class com.almasb.fxgl.ui.FXGLUIFactoryServiceProvider, class com.almasb.fxgl.ui.FXGLDialogFactoryServiceProvider, class com.almasb.fxgl.audio.AudioPlayer, class com.almasb.fxgl.notification.impl.NotificationServiceProvider, class com.almasb.fxgl.achievement.AchievementService, class com.almasb.fxgl.cutscene.CutsceneService, class com.almasb.fxgl.minigames.MiniGameService, class com.almasb.fxgl.net.NetService, class com.almasb.fxgl.app.services.UpdaterService, class com.almasb.fxgl.dev.DevService]
07:56:33.788 [FXGL Background Thread 3 ] DEBUG Engine               - fontGame: Abel-Regular.ttf
07:56:33.788 [FXGL Background Thread 3 ] DEBUG Engine               - fontMono: TerminalLandMono-Regular.otf
07:56:33.788 [FXGL Background Thread 3 ] DEBUG Engine               - fontSizeScaleUI: 1.0
07:56:33.788 [FXGL Background Thread 3 ] DEBUG Engine               - fontText: Courier-Prime.ttf
07:56:33.789 [FXGL Background Thread 3 ] DEBUG Engine               - fontUI: VarelaRound-Regular.ttf
07:56:33.789 [FXGL Background Thread 3 ] DEBUG Engine               - fullScreen: BooleanProperty [value: false]
07:56:33.789 [FXGL Background Thread 3 ] DEBUG Engine               - gameDifficulty: MEDIUM
07:56:33.789 [FXGL Background Thread 3 ] DEBUG Engine               - gameDifficultyProperty: ObjectProperty [value: MEDIUM]
07:56:33.789 [FXGL Background Thread 3 ] DEBUG Engine               - globalMusicVolume: 0.5
07:56:33.789 [FXGL Background Thread 3 ] DEBUG Engine               - globalMusicVolumeProperty: DoubleProperty [value: 1.0]
07:56:33.789 [FXGL Background Thread 3 ] DEBUG Engine               - globalSoundVolume: 0.5
07:56:33.790 [FXGL Background Thread 3 ] DEBUG Engine               - globalSoundVolumeProperty: DoubleProperty [value: 1.0]
07:56:33.790 [FXGL Background Thread 3 ] DEBUG Engine               - height: 800
07:56:33.790 [FXGL Background Thread 3 ] DEBUG Engine               - is3D: false
07:56:33.790 [FXGL Background Thread 3 ] DEBUG Engine               - isAndroid: false
07:56:33.790 [FXGL Background Thread 3 ] DEBUG Engine               - isBrowser: false
07:56:33.790 [FXGL Background Thread 3 ] DEBUG Engine               - isClickFeedbackEnabled: false
07:56:33.790 [FXGL Background Thread 3 ] DEBUG Engine               - isCloseConfirmation: false
07:56:33.790 [FXGL Background Thread 3 ] DEBUG Engine               - isDesktop: true
07:56:33.790 [FXGL Background Thread 3 ] DEBUG Engine               - isDeveloperMenuEnabled: false
07:56:33.791 [FXGL Background Thread 3 ] DEBUG Engine               - isEmbedded: false
07:56:33.791 [FXGL Background Thread 3 ] DEBUG Engine               - isEntityPreloadEnabled: true
07:56:33.791 [FXGL Background Thread 3 ] DEBUG Engine               - isExperimentalTiledLargeMap: false
07:56:33.791 [FXGL Background Thread 3 ] DEBUG Engine               - isFileSystemWriteAllowed: true
07:56:33.792 [FXGL Background Thread 3 ] DEBUG Engine               - isFullScreenAllowed: false
07:56:33.792 [FXGL Background Thread 3 ] DEBUG Engine               - isFullScreenFromStart: false
07:56:33.792 [FXGL Background Thread 3 ] DEBUG Engine               - isGameMenuEnabled: true
07:56:33.792 [FXGL Background Thread 3 ] DEBUG Engine               - isIOS: false
07:56:33.793 [FXGL Background Thread 3 ] DEBUG Engine               - isIntroEnabled: false
07:56:33.793 [FXGL Background Thread 3 ] DEBUG Engine               - isLinux: false
07:56:33.793 [FXGL Background Thread 3 ] DEBUG Engine               - isMac: false
07:56:33.793 [FXGL Background Thread 3 ] DEBUG Engine               - isMainMenuEnabled: true
07:56:33.793 [FXGL Background Thread 3 ] DEBUG Engine               - isManualResizeEnabled: false
07:56:33.793 [FXGL Background Thread 3 ] DEBUG Engine               - isMobile: false
07:56:33.793 [FXGL Background Thread 3 ] DEBUG Engine               - isNative: false
07:56:33.794 [FXGL Background Thread 3 ] DEBUG Engine               - isPauseMusicWhenMinimized: true
07:56:33.794 [FXGL Background Thread 3 ] DEBUG Engine               - isPreserveResizeRatio: false
07:56:33.794 [FXGL Background Thread 3 ] DEBUG Engine               - isProfilingEnabled: false
07:56:33.794 [FXGL Background Thread 3 ] DEBUG Engine               - isScaleAffectedOnResize: true
07:56:33.794 [FXGL Background Thread 3 ] DEBUG Engine               - isSingleStep: false
07:56:33.794 [FXGL Background Thread 3 ] DEBUG Engine               - isUserProfileEnabled: false
07:56:33.794 [FXGL Background Thread 3 ] DEBUG Engine               - isWindows: true
07:56:33.795 [FXGL Background Thread 3 ] DEBUG Engine               - language: ObjectProperty [value: ENGLISH]
07:56:33.795 [FXGL Background Thread 3 ] DEBUG Engine               - menuKey: ESCAPE
07:56:33.795 [FXGL Background Thread 3 ] DEBUG Engine               - mouseSensitivity: 0.2
07:56:33.795 [FXGL Background Thread 3 ] DEBUG Engine               - notificationViewClass: class com.almasb.fxgl.notification.view.XboxNotificationView
07:56:33.795 [FXGL Background Thread 3 ] DEBUG Engine               - pixelsPerMeter: 50.0
07:56:33.795 [FXGL Background Thread 3 ] DEBUG Engine               - platform: WINDOWS
07:56:33.796 [FXGL Background Thread 3 ] DEBUG Engine               - prefHeightProperty: ReadOnlyDoubleProperty [value: 800.0]
07:56:33.796 [FXGL Background Thread 3 ] DEBUG Engine               - prefWidthProperty: ReadOnlyDoubleProperty [value: 800.0]
07:56:33.796 [FXGL Background Thread 3 ] DEBUG Engine               - profileDir: profiles/
07:56:33.796 [FXGL Background Thread 3 ] DEBUG Engine               - profileName: StringProperty [value: DEFAULT]
07:56:33.796 [FXGL Background Thread 3 ] DEBUG Engine               - randomSeed: -1
07:56:33.797 [FXGL Background Thread 3 ] DEBUG Engine               - runtimeInfo: RuntimeInfo(platform=WINDOWS, version=21.1, build=27.03.2024 07.52)
07:56:33.797 [FXGL Background Thread 3 ] DEBUG Engine               - saveFileExt: sav
07:56:33.797 [FXGL Background Thread 3 ] DEBUG Engine               - scaledHeightProp$fxgl: DoubleProperty [bound, value: 800.0]
07:56:33.797 [FXGL Background Thread 3 ] DEBUG Engine               - scaledWidthProp$fxgl: DoubleProperty [bound, value: 800.0]
07:56:33.798 [FXGL Background Thread 3 ] DEBUG Engine               - sceneFactory: com.lab.App$1@4d23f1ee
07:56:33.798 [FXGL Background Thread 3 ] DEBUG Engine               - secondsIn24h: 60
07:56:33.798 [FXGL Background Thread 3 ] DEBUG Engine               - soundMenuBack: menu/back.wav
07:56:33.798 [FXGL Background Thread 3 ] DEBUG Engine               - soundMenuPress: menu/press.wav
07:56:33.798 [FXGL Background Thread 3 ] DEBUG Engine               - soundMenuSelect: menu/select.wav
07:56:33.798 [FXGL Background Thread 3 ] DEBUG Engine               - soundNotification: core/notification.wav
07:56:33.798 [FXGL Background Thread 3 ] DEBUG Engine               - stageStyle: DECORATED
07:56:33.799 [FXGL Background Thread 3 ] DEBUG Engine               - supportedLanguages: [ENGLISH, FRENCH, GERMAN, HUNGARIAN, RUSSIAN]
07:56:33.799 [FXGL Background Thread 3 ] DEBUG Engine               - ticksPerSecond: -1
07:56:33.799 [FXGL Background Thread 3 ] DEBUG Engine               - title: Gonvival
07:56:33.799 [FXGL Background Thread 3 ] DEBUG Engine               - urlGithub: https://github.com/AlmasB/FXGL
07:56:33.799 [FXGL Background Thread 3 ] DEBUG Engine               - urlLeaderboard: http://fxgl-top.herokuapp.com/
07:56:33.799 [FXGL Background Thread 3 ] DEBUG Engine               - urlPOM: https://raw.githubusercontent.com/AlmasB/FXGL/release/README.md
07:56:33.799 [FXGL Background Thread 3 ] DEBUG Engine               - userAppClass: class com.lab.App
07:56:33.799 [FXGL Background Thread 3 ] DEBUG Engine               - version: beta
07:56:33.800 [FXGL Background Thread 3 ] DEBUG Engine               - versionCheckDays: 7
07:56:33.800 [FXGL Background Thread 3 ] DEBUG Engine               - width: 800
07:56:33.800 [FXGL Background Thread 3 ] DEBUG Engine               - Logging services
07:56:33.800 [FXGL Background Thread 3 ] DEBUG Engine               - class com.almasb.fxgl.app.services.FXGLAssetLoaderService
07:56:33.800 [FXGL Background Thread 3 ] DEBUG Engine               - class com.almasb.fxgl.app.FXGLApplication$GameApplicationService
07:56:33.800 [FXGL Background Thread 3 ] DEBUG Engine               - class com.almasb.fxgl.app.services.FXGLDialogService
07:56:33.800 [FXGL Background Thread 3 ] DEBUG Engine               - class com.almasb.fxgl.app.services.IOTaskExecutorService
07:56:33.800 [FXGL Background Thread 3 ] DEBUG Engine               - class com.almasb.fxgl.io.FileSystemService
07:56:33.800 [FXGL Background Thread 3 ] DEBUG Engine               - class com.almasb.fxgl.localization.LocalizationService
07:56:33.800 [FXGL Background Thread 3 ] DEBUG Engine               - class com.almasb.fxgl.app.services.SystemBundleService
07:56:33.801 [FXGL Background Thread 3 ] DEBUG Engine               - class com.almasb.fxgl.profile.SaveLoadService
07:56:33.801 [FXGL Background Thread 3 ] DEBUG Engine               - class com.almasb.fxgl.ui.FXGLUIFactoryServiceProvider
07:56:33.801 [FXGL Background Thread 3 ] DEBUG Engine               - class com.almasb.fxgl.ui.FXGLDialogFactoryServiceProvider
07:56:33.801 [FXGL Background Thread 3 ] DEBUG Engine               - class com.almasb.fxgl.audio.AudioPlayer
07:56:33.801 [FXGL Background Thread 3 ] DEBUG Engine               - class com.almasb.fxgl.notification.impl.NotificationServiceProvider
07:56:33.801 [FXGL Background Thread 3 ] DEBUG Engine               - class com.almasb.fxgl.achievement.AchievementService
07:56:33.801 [FXGL Background Thread 3 ] DEBUG Engine               - class com.almasb.fxgl.cutscene.CutsceneService
07:56:33.801 [FXGL Background Thread 3 ] DEBUG Engine               - class com.almasb.fxgl.minigames.MiniGameService
07:56:33.801 [FXGL Background Thread 3 ] DEBUG Engine               - class com.almasb.fxgl.net.NetService
07:56:33.801 [FXGL Background Thread 3 ] DEBUG Engine               - class com.almasb.fxgl.app.services.UpdaterService
07:56:33.801 [FXGL Background Thread 3 ] DEBUG Engine               - class com.almasb.fxgl.dev.DevService
07:56:34.277 [JavaFX Application Thread] DEBUG LoopRunner           - Stopping loop
07:56:34.280 [JavaFX Application Thread] FATAL FXGLApplication      - Uncaught Exception:
java.lang.IllegalArgumentException: Component PhysicsComponent not found!
	at com.almasb.fxgl.entity.Entity.getComponent(Entity.java:366)
	at com.lab.App.dash(App.java:464)
	at com.lab.App$15.onActionBegin(App.java:375)
	at com.almasb.fxgl.input.UserAction.begin$fxgl_core(UserAction.kt:37)
	at com.almasb.fxgl.input.Input.handlePressed(Input.kt:365)
	at com.almasb.fxgl.input.Input.onKeyEvent(Input.kt:308)
	at com.almasb.fxgl.app.PrimaryStageWindow$1$1.invoke(MainWindow.kt:314)
	at com.almasb.fxgl.app.PrimaryStageWindow$1$1.invoke(MainWindow.kt:314)
	at com.almasb.fxgl.core.fsm.StateMachine.runOnActiveStates(StateMachine.kt:69)
	at com.almasb.fxgl.app.PrimaryStageWindow$1.invoke(MainWindow.kt:314)
	at com.almasb.fxgl.app.PrimaryStageWindow$1.invoke(MainWindow.kt:312)
	at com.almasb.fxgl.app.MainWindow.addKeyHandler$lambda$1(MainWindow.kt:227)
	at com.sun.javafx.event.CompositeEventHandler$NormalEventHandlerRecord.handleBubblingEvent(CompositeEventHandler.java:247)
	at com.sun.javafx.event.CompositeEventHandler.dispatchBubblingEvent(CompositeEventHandler.java:80)
	at com.sun.javafx.event.EventHandlerManager.dispatchBubblingEvent(EventHandlerManager.java:232)
	at com.sun.javafx.event.EventHandlerManager.dispatchBubblingEvent(EventHandlerManager.java:189)
	at com.sun.javafx.event.CompositeEventDispatcher.dispatchBubblingEvent(CompositeEventDispatcher.java:59)
	at com.sun.javafx.event.BasicEventDispatcher.dispatchEvent(BasicEventDispatcher.java:58)
	at com.sun.javafx.event.EventDispatchChainImpl.dispatchEvent(EventDispatchChainImpl.java:114)
	at com.sun.javafx.event.BasicEventDispatcher.dispatchEvent(BasicEventDispatcher.java:56)
	at com.sun.javafx.event.EventDispatchChainImpl.dispatchEvent(EventDispatchChainImpl.java:114)
	at com.sun.javafx.event.EventUtil.fireEventImpl(EventUtil.java:74)
	at com.sun.javafx.event.EventUtil.fireEvent(EventUtil.java:54)
	at javafx.event.Event.fireEvent(Event.java:198)
	at javafx.scene.Scene.processKeyEvent(Scene.java:2194)
	at javafx.scene.Scene$ScenePeerListener.keyEvent(Scene.java:2715)
	at com.sun.javafx.tk.quantum.GlassViewEventHandler$KeyEventNotification.run(GlassViewEventHandler.java:218)
	at com.sun.javafx.tk.quantum.GlassViewEventHandler$KeyEventNotification.run(GlassViewEventHandler.java:150)
	at java.base/java.security.AccessController.doPrivileged(AccessController.java:400)
	at com.sun.javafx.tk.quantum.GlassViewEventHandler.lambda$handleKeyEvent$1(GlassViewEventHandler.java:250)
	at com.sun.javafx.tk.quantum.QuantumToolkit.runWithoutRenderLock(QuantumToolkit.java:424)
	at com.sun.javafx.tk.quantum.GlassViewEventHandler.handleKeyEvent(GlassViewEventHandler.java:249)
	at com.sun.glass.ui.View.handleKeyEvent(View.java:542)
	at com.sun.glass.ui.View.notifyKey(View.java:966)
	at com.sun.glass.ui.win.WinApplication._runLoop(Native Method)
	at com.sun.glass.ui.win.WinApplication.lambda$runLoop$3(WinApplication.java:185)
	at java.base/java.lang.Thread.run(Thread.java:1583)

07:56:34.283 [JavaFX Application Thread] FATAL FXGLApplication      - Application will now exit
07:56:34.301 [JavaFX Application Thread] DEBUG PrimaryStageWindow   - Push state: ErrorSubScene
07:56:34.301 [JavaFX Application Thread] DEBUG Input                - Clearing active input actions
07:56:34.304 [JavaFX Application Thread] DEBUG GameApplicationServi - Removing overlay from GameScene and adding to ErrorSubScene
07:56:34.304 [JavaFX Application Thread] DEBUG PrimaryStageWindow   - GameScene -> ErrorSubScene
07:56:35.512 [JavaFX Application Thread] DEBUG FXGLApplication      - Exiting FXGL
07:56:35.512 [JavaFX Application Thread] DEBUG Async                - Shutting down background threads
07:56:35.512 [JavaFX Application Thread] DEBUG PrimaryStageWindow   - Closing main window
07:56:35.598 [JavaFX Application Thread] DEBUG Logger               - Closing Logger
