07:48:55.274 [main                     ] DEBUG Logger               - Configured Logger
07:48:55.305 [main                     ] DEBUG GameApplication      - Logging settings
Title: Gonvival
Version: beta
Width: 800
Height: 800
Fullscreen: false
Intro: false
Profiling: false
Single step:false
App Mode: DEVELOPER
Menu Key: ESCAPE
Stage Style: DECORATED
Scene Factory: class com.lab.App$1

07:48:56.547 [JavaFX Application Thread] DEBUG FXGLApplication      - Initializing FXGL
07:48:56.552 [JavaFX Application Thread] INFO  Engine               - FXGL-21.1 (27.03.2024 07.52) on WINDOWS (J:21.0.5 FX:21.0.1)
07:48:56.553 [JavaFX Application Thread] DEBUG Engine               - JRE Vendor Name: Eclipse Adoptium
07:48:56.553 [JavaFX Application Thread] DEBUG Engine               - Running on OS: Windows 11 version 10.0
07:48:56.554 [JavaFX Application Thread] DEBUG Engine               - Architecture: amd64
07:48:56.554 [JavaFX Application Thread] INFO  Engine               - Source code and latest versions at: https://github.com/AlmasB/FXGL
07:48:56.554 [JavaFX Application Thread] INFO  Engine               -       Ask questions and discuss at: https://github.com/AlmasB/FXGL/discussions
07:48:56.554 [JavaFX Application Thread] INFO  Engine               -              Join the FXGL chat at: https://gitter.im/AlmasB/FXGL
07:48:56.743 [JavaFX Application Thread] DEBUG PrimaryStageWindow   - Creating a JavaFX scene
07:48:56.801 [JavaFX Application Thread] DEBUG PrimaryStageWindow   - Target settings size: 800.0 x 800.0
07:48:56.802 [JavaFX Application Thread] DEBUG PrimaryStageWindow   - Scaled scene size:    800.0 x 800.0
07:48:56.802 [JavaFX Application Thread] DEBUG PrimaryStageWindow   - Scaled ratio: (1.0, 1.0)
07:48:56.803 [JavaFX Application Thread] DEBUG PrimaryStageWindow   - Set initial scene to FXGLStartupScene
07:48:56.807 [JavaFX Application Thread] DEBUG PrimaryStageWindow   - Opening main window
07:48:56.977 [JavaFX Application Thread] DEBUG PrimaryStageWindow   - Window border size: (14.4000244140625, 37.5999755859375)
07:48:56.978 [JavaFX Application Thread] DEBUG PrimaryStageWindow   - Scaled size: 800.0 x 800.0
07:48:56.978 [JavaFX Application Thread] DEBUG PrimaryStageWindow   - Scaled ratio: (1.0, 1.0)
07:48:56.979 [JavaFX Application Thread] DEBUG PrimaryStageWindow   - Scene size: 800.0 x 800.0
07:48:56.979 [JavaFX Application Thread] DEBUG PrimaryStageWindow   - Stage size: 814.4000244140625 x 837.5999755859375
07:48:56.990 [FXGL Background Thread 1 ] DEBUG Engine               - Initializing environment variables
07:48:57.175 [FXGL Background Thread 1 ] DEBUG FXGLAssetLoaderServi - User app class for loading assets: class com.lab.App
07:48:57.177 [FXGL Background Thread 1 ] DEBUG GameApplicationServi - Applying CSS: fxgl_dark.css
07:48:57.180 [FXGL Background Thread 1 ] DEBUG FXGLAssetLoaderServi - Loading from file system: jar:file:/C:/Users/HP/.m2/repository/com/github/almasb/fxgl/21.1/fxgl-21.1.jar!/fxglassets/ui/css/fxgl_dark.css
07:48:57.357 [FXGL Background Thread 1 ] DEBUG GameApplicationServi - Initializing application scenes
07:48:57.479 [FXGL Background Thread 1 ] DEBUG GameWorld            - Game world initialized
07:48:57.591 [FXGL Background Thread 1 ] DEBUG PhysicsWorld         - Physics world initialized: appHeight=800, physics.ppm=50.0
07:48:57.592 [FXGL Background Thread 1 ] DEBUG PhysicsWorld         - Using strategy: BRUTE_FORCE
07:48:57.598 [FXGL Background Thread 1 ] DEBUG GameScene            - Game scene initialized: 800x800
07:48:57.631 [JavaFX Application Thread] DEBUG LoopRunner           - Stopping loop
07:48:57.632 [JavaFX Application Thread] DEBUG LoopRunner           - Initializing JavaFX AnimationTimerLoop
07:48:57.644 [JavaFX Application Thread] FATAL FXGLApplication      - Uncaught Exception:
java.lang.IllegalArgumentException: Invalid URL: Invalid URL or resource not found
	at javafx.scene.image.Image.validateUrl(Image.java:1133)
	at javafx.scene.image.Image.<init>(Image.java:627)
	at com.lab.StartScreen.<init>(StartScreen.java:19)
	at com.lab.App$1.newMainMenu(App.java:49)
	at com.almasb.fxgl.app.FXGLApplication$GameApplicationService.initAppScenes(FXGLApplication.kt:476)
	at com.almasb.fxgl.app.FXGLApplication$GameApplicationService.onInit(FXGLApplication.kt:436)
	at com.almasb.fxgl.app.Engine.initServices(Engine.kt:85)
	at com.almasb.fxgl.app.FXGLApplication.startImpl$lambda$2(FXGLApplication.kt:140)
	at com.almasb.fxgl.core.concurrent.IOTask.lambda$ofVoid$5(IOTask.java:184)
	at com.almasb.fxgl.core.concurrent.IOTask$2.onExecute(IOTask.java:197)
	at com.almasb.fxgl.core.concurrent.IOTask$1.call(IOTask.java:148)
	at javafx.concurrent.Task$TaskCallable.call(Task.java:1399)
	at java.base/java.util.concurrent.FutureTask.run(FutureTask.java:317)
	at java.base/java.util.concurrent.Executors$RunnableAdapter.call(Executors.java:572)
	at java.base/java.util.concurrent.FutureTask.run(FutureTask.java:317)
	at java.base/java.util.concurrent.ThreadPoolExecutor.runWorker(ThreadPoolExecutor.java:1144)
	at java.base/java.util.concurrent.ThreadPoolExecutor$Worker.run(ThreadPoolExecutor.java:642)
	at java.base/java.lang.Thread.run(Thread.java:1583)
Caused by: java.lang.IllegalArgumentException: Invalid URL or resource not found
	at javafx.scene.image.Image.validateUrl(Image.java:1122)
	... 17 more

07:48:57.646 [JavaFX Application Thread] FATAL FXGLApplication      - Application will now exit
07:48:57.734 [JavaFX Application Thread] DEBUG PrimaryStageWindow   - Push state: ErrorSubScene
07:48:57.736 [JavaFX Application Thread] DEBUG Input                - Clearing active input actions
07:48:57.744 [JavaFX Application Thread] DEBUG GameApplicationServi - Removing overlay from FXGLStartupScene and adding to ErrorSubScene
07:48:57.744 [JavaFX Application Thread] DEBUG PrimaryStageWindow   - FXGLStartupScene -> ErrorSubScene
07:49:01.993 [JavaFX Application Thread] DEBUG FXGLApplication      - Exiting FXGL
07:49:01.993 [JavaFX Application Thread] DEBUG Async                - Shutting down background threads
07:49:01.993 [JavaFX Application Thread] DEBUG PrimaryStageWindow   - Closing main window
07:49:02.051 [JavaFX Application Thread] DEBUG Logger               - Closing Logger
