18:48:31.396 [main                     ] DEBUG Logger               - Configured Logger
18:48:31.457 [main                     ] DEBUG GameApplication      - Logging settings
Title: Gonvival
Version: beta
Width: 800
Height: 800
Fullscreen: false
Intro: false
Profiling: false
Single step:false
App Mode: DEVELOPER
Menu Key: ESCAPE
Stage Style: DECORATED
Scene Factory: class com.lab.App$1

18:48:32.526 [JavaFX Application Thread] DEBUG FXGLApplication      - Initializing FXGL
18:48:32.533 [JavaFX Application Thread] INFO  Engine               - FXGL-21.1 (27.03.2024 07.52) on WINDOWS (J:21.0.5 FX:21.0.1)
18:48:32.535 [JavaFX Application Thread] DEBUG Engine               - JRE Vendor Name: Eclipse Adoptium
18:48:32.536 [JavaFX Application Thread] DEBUG Engine               - Running on OS: Windows 10 version 10.0
18:48:32.536 [JavaFX Application Thread] DEBUG Engine               - Architecture: amd64
18:48:32.536 [JavaFX Application Thread] INFO  Engine               - Source code and latest versions at: https://github.com/AlmasB/FXGL
18:48:32.537 [JavaFX Application Thread] INFO  Engine               -       Ask questions and discuss at: https://github.com/AlmasB/FXGL/discussions
18:48:32.537 [JavaFX Application Thread] INFO  Engine               -              Join the FXGL chat at: https://gitter.im/AlmasB/FXGL
18:48:32.744 [JavaFX Application Thread] DEBUG PrimaryStageWindow   - Creating a JavaFX scene
18:48:32.745 [JavaFX Application Thread] DEBUG PrimaryStageWindow   - Target size > screen size
18:48:32.838 [JavaFX Application Thread] DEBUG PrimaryStageWindow   - Target settings size: 800.0 x 800.0
18:48:32.839 [JavaFX Application Thread] DEBUG PrimaryStageWindow   - Scaled scene size:    703.0 x 728.0
18:48:32.839 [JavaFX Application Thread] DEBUG PrimaryStageWindow   - Scaled ratio: (0.87875, 0.91)
18:48:32.841 [JavaFX Application Thread] DEBUG PrimaryStageWindow   - Set initial scene to FXGLStartupScene
18:48:32.846 [JavaFX Application Thread] DEBUG PrimaryStageWindow   - Opening main window
18:48:33.565 [JavaFX Application Thread] DEBUG PrimaryStageWindow   - Window border size: (16.0, 39.0)
18:48:33.566 [JavaFX Application Thread] DEBUG PrimaryStageWindow   - Scaled size: 703.0 x 728.0
18:48:33.566 [JavaFX Application Thread] DEBUG PrimaryStageWindow   - Scaled ratio: (0.87875, 0.91)
18:48:33.567 [JavaFX Application Thread] DEBUG PrimaryStageWindow   - Scene size: 703.0 x 728.0
18:48:33.567 [JavaFX Application Thread] DEBUG PrimaryStageWindow   - Stage size: 719.0 x 767.0
18:48:33.580 [FXGL Background Thread 1 ] DEBUG Engine               - Initializing environment variables
18:48:33.701 [FXGL Background Thread 1 ] DEBUG FXGLAssetLoaderServi - User app class for loading assets: class com.lab.App
18:48:33.702 [FXGL Background Thread 1 ] DEBUG GameApplicationServi - Applying CSS: fxgl_dark.css
18:48:33.705 [FXGL Background Thread 1 ] DEBUG FXGLAssetLoaderServi - Loading from file system: jar:file:/C:/Users/Khana/.m2/repository/com/github/almasb/fxgl/21.1/fxgl-21.1.jar!/fxglassets/ui/css/fxgl_dark.css
18:48:33.795 [FXGL Background Thread 1 ] DEBUG GameApplicationServi - Initializing application scenes
18:48:33.970 [FXGL Background Thread 1 ] DEBUG GameWorld            - Game world initialized
18:48:34.102 [FXGL Background Thread 1 ] DEBUG PhysicsWorld         - Physics world initialized: appHeight=800, physics.ppm=50.0
18:48:34.103 [FXGL Background Thread 1 ] DEBUG PhysicsWorld         - Using strategy: BRUTE_FORCE
18:48:34.108 [FXGL Background Thread 1 ] DEBUG GameScene            - Game scene initialized: 800x800
18:48:35.406 [FXGL Background Thread 1 ] DEBUG FXGL.DefaultMenu     - createMenuBodyGameMenu()
18:48:35.411 [JavaFX Application Thread] DEBUG FXGLApplication      - Exiting FXGL
18:48:35.411 [JavaFX Application Thread] DEBUG LoopRunner           - Stopping loop
18:48:35.411 [JavaFX Application Thread] DEBUG LoopRunner           - Initializing JavaFX AnimationTimerLoop
18:48:35.413 [JavaFX Application Thread] DEBUG SystemBundleService  - Saving FXGL system data
18:48:35.413 [JavaFX Application Thread] DEBUG LoopRunner           - Stopping loop
18:48:35.425 [FXGL Background Thread 1 ] DEBUG FXGL.DefaultMenu     - createOptionsMenu()
18:48:35.434 [FXGL Background Thread 1 ] DEBUG FXGLAssetLoaderServi - Loading from file system: jar:file:/C:/Users/Khana/.m2/repository/com/github/almasb/fxgl/21.1/fxgl-21.1.jar!/fxglassets/textures/particles/smoke.png
18:48:35.545 [JavaFX Application Thread] FATAL FXGLApplication      - Uncaught Exception:
kotlin.UninitializedPropertyAccessException: lateinit property bundle has not been initialized
	at com.almasb.fxgl.app.services.SystemBundleService.getBundle$fxgl(SystemBundleService.kt:27)
	at com.almasb.fxgl.app.services.SystemBundleService.saveSystemData(SystemBundleService.kt:66)
	at com.almasb.fxgl.app.services.SystemBundleService.onExit(SystemBundleService.kt:49)
	at com.almasb.fxgl.app.Engine.stopLoopAndExitServices(Engine.kt:166)
	at com.almasb.fxgl.app.FXGLApplication.exitFXGL(FXGLApplication.kt:299)
	at com.almasb.fxgl.dsl.FXGL$Companion$controller$1.exit(FXGL.kt:148)
	at com.almasb.fxgl.app.FXGLApplication$GameApplicationService$onInit$2.invoke(FXGLApplication.kt:425)
	at com.almasb.fxgl.app.FXGLApplication$GameApplicationService$onInit$2.invoke(FXGLApplication.kt:419)
	at com.almasb.fxgl.app.PrimaryStageWindow.initStage$lambda$2$lambda$0(MainWindow.kt:398)
	at com.sun.javafx.event.CompositeEventHandler.dispatchBubblingEvent(CompositeEventHandler.java:86)
	at com.sun.javafx.event.EventHandlerManager.dispatchBubblingEvent(EventHandlerManager.java:232)
	at com.sun.javafx.event.EventHandlerManager.dispatchBubblingEvent(EventHandlerManager.java:189)
	at com.sun.javafx.event.CompositeEventDispatcher.dispatchBubblingEvent(CompositeEventDispatcher.java:59)
	at com.sun.javafx.event.BasicEventDispatcher.dispatchEvent(BasicEventDispatcher.java:58)
	at com.sun.javafx.event.EventDispatchChainImpl.dispatchEvent(EventDispatchChainImpl.java:114)
	at com.sun.javafx.event.EventUtil.fireEventImpl(EventUtil.java:74)
	at com.sun.javafx.event.EventUtil.fireEvent(EventUtil.java:54)
	at javafx.event.Event.fireEvent(Event.java:198)
	at com.sun.javafx.stage.WindowPeerListener.closing(WindowPeerListener.java:100)
	at com.sun.javafx.tk.quantum.GlassWindowEventHandler.run(GlassWindowEventHandler.java:147)
	at com.sun.javafx.tk.quantum.GlassWindowEventHandler.run(GlassWindowEventHandler.java:40)
	at java.base/java.security.AccessController.doPrivileged(AccessController.java:400)
	at com.sun.javafx.tk.quantum.GlassWindowEventHandler.lambda$handleWindowEvent$4(GlassWindowEventHandler.java:178)
	at com.sun.javafx.tk.quantum.QuantumToolkit.runWithoutRenderLock(QuantumToolkit.java:424)
	at com.sun.javafx.tk.quantum.GlassWindowEventHandler.handleWindowEvent(GlassWindowEventHandler.java:176)
	at com.sun.glass.ui.Window.handleWindowEvent(Window.java:1259)
	at com.sun.glass.ui.Window.notifyClose(Window.java:1164)
	at com.sun.glass.ui.win.WinApplication._runLoop(Native Method)
	at com.sun.glass.ui.win.WinApplication.lambda$runLoop$3(WinApplication.java:185)
	at java.base/java.lang.Thread.run(Thread.java:1583)

18:48:35.595 [JavaFX Application Thread] FATAL FXGLApplication      - Application will now exit
18:48:35.679 [FXGL Background Thread 1 ] DEBUG FXGLAssetLoaderServi - Loading from file system: jar:file:/C:/Users/Khana/.m2/repository/com/github/almasb/fxgl/21.1/fxgl-21.1.jar!/fxglassets/textures/particles/trace_horizontal.png
18:48:35.786 [FXGL Background Thread 1 ] DEBUG GameApplicationServi - Application scenes initialized
18:48:36.509 [FXGL Background Thread 1 ] DEBUG SystemBundleService  - Loading FXGL system data
18:48:36.518 [FXGL Background Thread 1 ] DEBUG FileSystemAccess     - Reading from: E:\Labs\Gonvival\system\fxgl.bundle
18:48:36.627 [FXGL Background Thread 1 ] DEBUG SystemBundleService  - Bundle FXGL: {}
18:48:36.627 [FXGL Background Thread 1 ] DEBUG UpdaterService       - Checking for updates
18:48:36.632 [JavaFX Application Thread] DEBUG PrimaryStageWindow   - Push state: ErrorSubScene
18:48:36.633 [JavaFX Application Thread] DEBUG Input                - Clearing active input actions
18:48:36.636 [FXGL Background Thread 1 ] DEBUG FXGLApplication      - Loading default localization
18:48:36.637 [FXGL Background Thread 1 ] DEBUG FXGLAssetLoaderServi - Loading from file system: jar:file:/C:/Users/Khana/.m2/repository/com/github/almasb/fxgl/21.1/fxgl-21.1.jar!/fxglassets/languages/english.lang
18:48:36.654 [JavaFX Application Thread] DEBUG GameApplicationServi - Removing overlay from FXGLStartupScene and adding to ErrorSubScene
18:48:36.655 [JavaFX Application Thread] DEBUG PrimaryStageWindow   - FXGLStartupScene -> ErrorSubScene
18:48:36.670 [FXGL Background Thread 1 ] INFO  FXGLApplication      - FXGL initialization took: 3.090 sec
18:48:36.682 [FXGL Background Thread 4 ] DEBUG FXGLApplication      - Loading fonts
18:48:36.683 [FXGL Background Thread 4 ] DEBUG FXGLAssetLoaderServi - Loading from file system: jar:file:/C:/Users/Khana/.m2/repository/com/github/almasb/fxgl/21.1/fxgl-21.1.jar!/fxglassets/ui/fonts/VarelaRound-Regular.ttf
18:48:36.930 [FXGL Background Thread 4 ] DEBUG FXGLAssetLoaderServi - Loading from file system: jar:file:/C:/Users/Khana/.m2/repository/com/github/almasb/fxgl/21.1/fxgl-21.1.jar!/fxglassets/ui/fonts/Abel-Regular.ttf
18:48:36.940 [FXGL Background Thread 4 ] DEBUG FXGLAssetLoaderServi - Loading from file system: jar:file:/C:/Users/Khana/.m2/repository/com/github/almasb/fxgl/21.1/fxgl-21.1.jar!/fxglassets/ui/fonts/TerminalLandMono-Regular.otf
18:48:37.085 [FXGL Background Thread 4 ] DEBUG FXGLAssetLoaderServi - Loading from file system: jar:file:/C:/Users/Khana/.m2/repository/com/github/almasb/fxgl/21.1/fxgl-21.1.jar!/fxglassets/ui/fonts/Courier-Prime.ttf
18:48:37.820 [JavaFX Application Thread] DEBUG FXGLAssetLoaderServi - Loading from file system: jar:file:/C:/Users/Khana/.m2/repository/com/github/almasb/fxgl/21.1/fxgl-21.1.jar!/fxglassets/textures/fxgl_icon.png
18:48:37.916 [JavaFX Application Thread] DEBUG FXGLAssetLoaderServi - Loading from file system: jar:file:/C:/Users/Khana/.m2/repository/com/github/almasb/fxgl/21.1/fxgl-21.1.jar!/fxglassets/textures/fxgl_default_cursor.png
18:48:37.925 [JavaFX Application Thread] DEBUG Input                - Registered new binding: Screenshot - CTRL+8
18:48:37.926 [JavaFX Application Thread] DEBUG Input                - Registered new binding: System info dump - CTRL+9
18:48:37.927 [JavaFX Application Thread] DEBUG Input                - Registered new binding: Restart - CTRL+R
18:48:37.928 [JavaFX Application Thread] DEBUG Input                - Registered new binding: Toggle Debug Camera - CTRL+7
18:48:37.933 [JavaFX Application Thread] DEBUG LoopRunner           - Starting loop
18:48:37.936 [JavaFX Application Thread] DEBUG PrimaryStageWindow   - Pop state: ErrorSubScene
18:48:37.937 [JavaFX Application Thread] DEBUG Input                - Clearing active input actions
18:48:37.939 [JavaFX Application Thread] DEBUG GameApplicationServi - Removing overlay from ErrorSubScene and adding to FXGLStartupScene
18:48:37.939 [JavaFX Application Thread] DEBUG PrimaryStageWindow   - FXGLStartupScene <- ErrorSubScene
18:48:37.940 [JavaFX Application Thread] DEBUG Input                - Clearing active input actions
18:48:37.958 [JavaFX Application Thread] DEBUG GameApplicationServi - Removing overlay from FXGLStartupScene and adding to FXGLMainMenuDummyScene
18:48:37.959 [JavaFX Application Thread] DEBUG PrimaryStageWindow   - FXGLStartupScene -> FXGLMainMenuDummyScene
18:48:37.959 [JavaFX Application Thread] DEBUG PrimaryStageWindow   - Push state: StartScreen
18:48:37.959 [JavaFX Application Thread] DEBUG Input                - Clearing active input actions
18:48:37.964 [JavaFX Application Thread] DEBUG GameApplicationServi - Removing overlay from FXGLMainMenuDummyScene and adding to StartScreen
18:48:37.964 [JavaFX Application Thread] DEBUG PrimaryStageWindow   - FXGLMainMenuDummyScene -> StartScreen
18:48:37.979 [JavaFX Application Thread] DEBUG FXGLApplication      - Registering font factories with UI factory
18:48:39.633 [FXGL Background Thread 3 ] DEBUG Engine               - Logging environment variables
18:48:39.634 [FXGL Background Thread 3 ] DEBUG Engine               - achievements: []
18:48:39.634 [FXGL Background Thread 3 ] DEBUG Engine               - actualHeight: 728.0
18:48:39.635 [FXGL Background Thread 3 ] DEBUG Engine               - actualHeightProperty: ReadOnlyDoubleProperty [value: 728.0]
18:48:39.635 [FXGL Background Thread 3 ] DEBUG Engine               - actualWidth: 703.0
18:48:39.636 [FXGL Background Thread 3 ] DEBUG Engine               - actualWidthProperty: ReadOnlyDoubleProperty [value: 703.0]
18:48:39.636 [FXGL Background Thread 3 ] DEBUG Engine               - appIcon: fxgl_icon.png
18:48:39.636 [FXGL Background Thread 3 ] DEBUG Engine               - applicationMode: DEVELOPER
18:48:39.636 [FXGL Background Thread 3 ] DEBUG Engine               - cSSList: [fxgl_dark.css]
18:48:39.636 [FXGL Background Thread 3 ] DEBUG Engine               - collisionDetectionStrategy: BRUTE_FORCE
18:48:39.636 [FXGL Background Thread 3 ] DEBUG Engine               - configClass: Optional.empty
18:48:39.636 [FXGL Background Thread 3 ] DEBUG Engine               - credits: []
18:48:39.637 [FXGL Background Thread 3 ] DEBUG Engine               - defaultCursor: CursorInfo(imageName=fxgl_default_cursor.png, hotspotX=7.0, hotspotY=6.0)
18:48:39.637 [FXGL Background Thread 3 ] DEBUG Engine               - devBBoxColorProperty: ObjectProperty [value: 0xff0000ff]
18:48:39.637 [FXGL Background Thread 3 ] DEBUG Engine               - devEnableDebugCameraProperty: BooleanProperty [value: false]
18:48:39.637 [FXGL Background Thread 3 ] DEBUG Engine               - devSensorColorProperty: ObjectProperty [value: 0xffff00ff]
18:48:39.638 [FXGL Background Thread 3 ] DEBUG Engine               - devShowBBoxProperty: BooleanProperty [value: false]
18:48:39.638 [FXGL Background Thread 3 ] DEBUG Engine               - devShowPositionProperty: BooleanProperty [value: false]
18:48:39.638 [FXGL Background Thread 3 ] DEBUG Engine               - enabledMenuItems: []
18:48:39.638 [FXGL Background Thread 3 ] DEBUG Engine               - engineServices: [class com.almasb.fxgl.app.services.FXGLAssetLoaderService, class com.almasb.fxgl.app.FXGLApplication$GameApplicationService, class com.almasb.fxgl.app.services.FXGLDialogService, class com.almasb.fxgl.app.services.IOTaskExecutorService, class com.almasb.fxgl.io.FileSystemService, class com.almasb.fxgl.localization.LocalizationService, class com.almasb.fxgl.app.services.SystemBundleService, class com.almasb.fxgl.profile.SaveLoadService, class com.almasb.fxgl.ui.FXGLUIFactoryServiceProvider, class com.almasb.fxgl.ui.FXGLDialogFactoryServiceProvider, class com.almasb.fxgl.audio.AudioPlayer, class com.almasb.fxgl.notification.impl.NotificationServiceProvider, class com.almasb.fxgl.achievement.AchievementService, class com.almasb.fxgl.cutscene.CutsceneService, class com.almasb.fxgl.minigames.MiniGameService, class com.almasb.fxgl.net.NetService, class com.almasb.fxgl.app.services.UpdaterService, class com.almasb.fxgl.dev.DevService]
18:48:39.638 [FXGL Background Thread 3 ] DEBUG Engine               - fontGame: Abel-Regular.ttf
18:48:39.638 [FXGL Background Thread 3 ] DEBUG Engine               - fontMono: TerminalLandMono-Regular.otf
18:48:39.638 [FXGL Background Thread 3 ] DEBUG Engine               - fontSizeScaleUI: 1.0
18:48:39.638 [FXGL Background Thread 3 ] DEBUG Engine               - fontText: Courier-Prime.ttf
18:48:39.638 [FXGL Background Thread 3 ] DEBUG Engine               - fontUI: VarelaRound-Regular.ttf
18:48:39.639 [FXGL Background Thread 3 ] DEBUG Engine               - fullScreen: BooleanProperty [value: false]
18:48:39.639 [FXGL Background Thread 3 ] DEBUG Engine               - gameDifficulty: MEDIUM
18:48:39.639 [FXGL Background Thread 3 ] DEBUG Engine               - gameDifficultyProperty: ObjectProperty [value: MEDIUM]
18:48:39.639 [FXGL Background Thread 3 ] DEBUG Engine               - globalMusicVolume: 0.5
18:48:39.639 [FXGL Background Thread 3 ] DEBUG Engine               - globalMusicVolumeProperty: DoubleProperty [value: 1.0]
18:48:39.639 [FXGL Background Thread 3 ] DEBUG Engine               - globalSoundVolume: 0.5
18:48:39.639 [FXGL Background Thread 3 ] DEBUG Engine               - globalSoundVolumeProperty: DoubleProperty [value: 1.0]
18:48:39.639 [FXGL Background Thread 3 ] DEBUG Engine               - height: 800
18:48:39.639 [FXGL Background Thread 3 ] DEBUG Engine               - is3D: false
18:48:39.639 [FXGL Background Thread 3 ] DEBUG Engine               - isAndroid: false
18:48:39.639 [FXGL Background Thread 3 ] DEBUG Engine               - isBrowser: false
18:48:39.640 [FXGL Background Thread 3 ] DEBUG Engine               - isClickFeedbackEnabled: false
18:48:39.640 [FXGL Background Thread 3 ] DEBUG Engine               - isCloseConfirmation: false
18:48:39.640 [FXGL Background Thread 3 ] DEBUG Engine               - isDesktop: true
18:48:39.640 [FXGL Background Thread 3 ] DEBUG Engine               - isDeveloperMenuEnabled: false
18:48:39.640 [FXGL Background Thread 3 ] DEBUG Engine               - isEmbedded: false
18:48:39.640 [FXGL Background Thread 3 ] DEBUG Engine               - isEntityPreloadEnabled: true
18:48:39.640 [FXGL Background Thread 3 ] DEBUG Engine               - isExperimentalTiledLargeMap: false
18:48:39.640 [FXGL Background Thread 3 ] DEBUG Engine               - isFileSystemWriteAllowed: true
18:48:39.640 [FXGL Background Thread 3 ] DEBUG Engine               - isFullScreenAllowed: false
18:48:39.641 [FXGL Background Thread 3 ] DEBUG Engine               - isFullScreenFromStart: false
18:48:39.641 [FXGL Background Thread 3 ] DEBUG Engine               - isGameMenuEnabled: true
18:48:39.641 [FXGL Background Thread 3 ] DEBUG Engine               - isIOS: false
18:48:39.641 [FXGL Background Thread 3 ] DEBUG Engine               - isIntroEnabled: false
18:48:39.641 [FXGL Background Thread 3 ] DEBUG Engine               - isLinux: false
18:48:39.641 [FXGL Background Thread 3 ] DEBUG Engine               - isMac: false
18:48:39.641 [FXGL Background Thread 3 ] DEBUG Engine               - isMainMenuEnabled: true
18:48:39.641 [FXGL Background Thread 3 ] DEBUG Engine               - isManualResizeEnabled: false
18:48:39.641 [FXGL Background Thread 3 ] DEBUG Engine               - isMobile: false
18:48:39.641 [FXGL Background Thread 3 ] DEBUG Engine               - isNative: false
18:48:39.641 [FXGL Background Thread 3 ] DEBUG Engine               - isPauseMusicWhenMinimized: true
18:48:39.642 [FXGL Background Thread 3 ] DEBUG Engine               - isPreserveResizeRatio: false
18:48:39.642 [FXGL Background Thread 3 ] DEBUG Engine               - isProfilingEnabled: false
18:48:39.642 [FXGL Background Thread 3 ] DEBUG Engine               - isScaleAffectedOnResize: true
18:48:39.642 [FXGL Background Thread 3 ] DEBUG Engine               - isSingleStep: false
18:48:39.642 [FXGL Background Thread 3 ] DEBUG Engine               - isUserProfileEnabled: false
18:48:39.642 [FXGL Background Thread 3 ] DEBUG Engine               - isWindows: true
18:48:39.642 [FXGL Background Thread 3 ] DEBUG Engine               - language: ObjectProperty [value: ENGLISH]
18:48:39.642 [FXGL Background Thread 3 ] DEBUG Engine               - menuKey: ESCAPE
18:48:39.642 [FXGL Background Thread 3 ] DEBUG Engine               - mouseSensitivity: 0.2
18:48:39.642 [FXGL Background Thread 3 ] DEBUG Engine               - notificationViewClass: class com.almasb.fxgl.notification.view.XboxNotificationView
18:48:39.642 [FXGL Background Thread 3 ] DEBUG Engine               - pixelsPerMeter: 50.0
18:48:39.642 [FXGL Background Thread 3 ] DEBUG Engine               - platform: WINDOWS
18:48:39.642 [FXGL Background Thread 3 ] DEBUG Engine               - prefHeightProperty: ReadOnlyDoubleProperty [value: 800.0]
18:48:39.642 [FXGL Background Thread 3 ] DEBUG Engine               - prefWidthProperty: ReadOnlyDoubleProperty [value: 800.0]
18:48:39.643 [FXGL Background Thread 3 ] DEBUG Engine               - profileDir: profiles/
18:48:39.643 [FXGL Background Thread 3 ] DEBUG Engine               - profileName: StringProperty [value: DEFAULT]
18:48:39.643 [FXGL Background Thread 3 ] DEBUG Engine               - randomSeed: -1
18:48:39.643 [FXGL Background Thread 3 ] DEBUG Engine               - runtimeInfo: RuntimeInfo(platform=WINDOWS, version=21.1, build=27.03.2024 07.52)
18:48:39.643 [FXGL Background Thread 3 ] DEBUG Engine               - saveFileExt: sav
18:48:39.643 [FXGL Background Thread 3 ] DEBUG Engine               - scaledHeightProp$fxgl: DoubleProperty [bound, value: 728.0]
18:48:39.644 [FXGL Background Thread 3 ] DEBUG Engine               - scaledWidthProp$fxgl: DoubleProperty [bound, value: 703.0]
18:48:39.644 [FXGL Background Thread 3 ] DEBUG Engine               - sceneFactory: com.lab.App$1@5c2c2603
18:48:39.644 [FXGL Background Thread 3 ] DEBUG Engine               - secondsIn24h: 60
18:48:39.644 [FXGL Background Thread 3 ] DEBUG Engine               - soundMenuBack: menu/back.wav
18:48:39.644 [FXGL Background Thread 3 ] DEBUG Engine               - soundMenuPress: menu/press.wav
18:48:39.644 [FXGL Background Thread 3 ] DEBUG Engine               - soundMenuSelect: menu/select.wav
18:48:39.644 [FXGL Background Thread 3 ] DEBUG Engine               - soundNotification: core/notification.wav
18:48:39.644 [FXGL Background Thread 3 ] DEBUG Engine               - stageStyle: DECORATED
18:48:39.644 [FXGL Background Thread 3 ] DEBUG Engine               - supportedLanguages: [ENGLISH, FRENCH, GERMAN, HUNGARIAN, RUSSIAN]
18:48:39.644 [FXGL Background Thread 3 ] DEBUG Engine               - ticksPerSecond: -1
18:48:39.644 [FXGL Background Thread 3 ] DEBUG Engine               - title: Gonvival
18:48:39.644 [FXGL Background Thread 3 ] DEBUG Engine               - urlGithub: https://github.com/AlmasB/FXGL
18:48:39.644 [FXGL Background Thread 3 ] DEBUG Engine               - urlLeaderboard: http://fxgl-top.herokuapp.com/
18:48:39.644 [FXGL Background Thread 3 ] DEBUG Engine               - urlPOM: https://raw.githubusercontent.com/AlmasB/FXGL/release/README.md
18:48:39.645 [FXGL Background Thread 3 ] DEBUG Engine               - userAppClass: class com.lab.App
18:48:39.645 [FXGL Background Thread 3 ] DEBUG Engine               - version: beta
18:48:39.645 [FXGL Background Thread 3 ] DEBUG Engine               - versionCheckDays: 7
18:48:39.645 [FXGL Background Thread 3 ] DEBUG Engine               - width: 800
18:48:39.645 [FXGL Background Thread 3 ] DEBUG Engine               - Logging services
18:48:39.645 [FXGL Background Thread 3 ] DEBUG Engine               - class com.almasb.fxgl.app.services.FXGLAssetLoaderService
18:48:39.645 [FXGL Background Thread 3 ] DEBUG Engine               - class com.almasb.fxgl.app.FXGLApplication$GameApplicationService
18:48:39.645 [FXGL Background Thread 3 ] DEBUG Engine               - class com.almasb.fxgl.app.services.FXGLDialogService
18:48:39.645 [FXGL Background Thread 3 ] DEBUG Engine               - class com.almasb.fxgl.app.services.IOTaskExecutorService
18:48:39.645 [FXGL Background Thread 3 ] DEBUG Engine               - class com.almasb.fxgl.io.FileSystemService
18:48:39.645 [FXGL Background Thread 3 ] DEBUG Engine               - class com.almasb.fxgl.localization.LocalizationService
18:48:39.645 [FXGL Background Thread 3 ] DEBUG Engine               - class com.almasb.fxgl.app.services.SystemBundleService
18:48:39.645 [FXGL Background Thread 3 ] DEBUG Engine               - class com.almasb.fxgl.profile.SaveLoadService
18:48:39.646 [FXGL Background Thread 3 ] DEBUG Engine               - class com.almasb.fxgl.ui.FXGLUIFactoryServiceProvider
18:48:39.646 [FXGL Background Thread 3 ] DEBUG Engine               - class com.almasb.fxgl.ui.FXGLDialogFactoryServiceProvider
18:48:39.646 [FXGL Background Thread 3 ] DEBUG Engine               - class com.almasb.fxgl.audio.AudioPlayer
18:48:39.646 [FXGL Background Thread 3 ] DEBUG Engine               - class com.almasb.fxgl.notification.impl.NotificationServiceProvider
18:48:39.646 [FXGL Background Thread 3 ] DEBUG Engine               - class com.almasb.fxgl.achievement.AchievementService
18:48:39.646 [FXGL Background Thread 3 ] DEBUG Engine               - class com.almasb.fxgl.cutscene.CutsceneService
18:48:39.646 [FXGL Background Thread 3 ] DEBUG Engine               - class com.almasb.fxgl.minigames.MiniGameService
18:48:39.646 [FXGL Background Thread 3 ] DEBUG Engine               - class com.almasb.fxgl.net.NetService
18:48:39.646 [FXGL Background Thread 3 ] DEBUG Engine               - class com.almasb.fxgl.app.services.UpdaterService
18:48:39.646 [FXGL Background Thread 3 ] DEBUG Engine               - class com.almasb.fxgl.dev.DevService
18:48:40.002 [JavaFX Application Thread] DEBUG FXGLApplication      - Exiting FXGL
18:48:40.003 [JavaFX Application Thread] DEBUG Async                - Shutting down background threads
18:48:40.003 [JavaFX Application Thread] DEBUG PrimaryStageWindow   - Closing main window
18:48:40.160 [JavaFX Application Thread] DEBUG Logger               - Closing Logger
