00:00:01.439 [main                     ] DEBUG Logger               - Configured Logger
00:00:01.511 [main                     ] DEBUG GameApplication      - Logging settings
Title: Gonvival
Version: beta
Width: 800
Height: 800
Fullscreen: false
Intro: false
Profiling: false
Single step:false
App Mode: DEVELOPER
Menu Key: ESCAPE
Stage Style: DECORATED
Scene Factory: class com.almasb.fxgl.app.scene.SceneFactory

00:00:16.983 [JavaFX Application Thread] DEBUG FXGLApplication      - Initializing FXGL
00:00:17.259 [JavaFX Application Thread] INFO  Engine               - FXGL-21.1 (27.03.2024 07.52) on WINDOWS (J:21.0.5 FX:21.0.1)
00:00:17.260 [JavaFX Application Thread] DEBUG Engine               - JRE Vendor Name: Eclipse Adoptium
00:00:17.261 [JavaFX Application Thread] DEBUG Engine               - Running on OS: Windows 10 version 10.0
00:00:17.262 [JavaFX Application Thread] DEBUG Engine               - Architecture: amd64
00:00:17.262 [JavaFX Application Thread] INFO  Engine               - Source code and latest versions at: https://github.com/AlmasB/FXGL
00:00:17.262 [JavaFX Application Thread] INFO  Engine               -       Ask questions and discuss at: https://github.com/AlmasB/FXGL/discussions
00:00:17.266 [JavaFX Application Thread] INFO  Engine               -              Join the FXGL chat at: https://gitter.im/AlmasB/FXGL
00:00:19.117 [JavaFX Application Thread] DEBUG PrimaryStageWindow   - Creating a JavaFX scene
00:00:19.120 [JavaFX Application Thread] DEBUG PrimaryStageWindow   - Target size > screen size
00:00:19.487 [JavaFX Application Thread] DEBUG PrimaryStageWindow   - Target settings size: 800.0 x 800.0
00:00:19.488 [JavaFX Application Thread] DEBUG PrimaryStageWindow   - Scaled scene size:    703.0 x 728.0
00:00:19.489 [JavaFX Application Thread] DEBUG PrimaryStageWindow   - Scaled ratio: (0.87875, 0.91)
00:00:19.492 [JavaFX Application Thread] DEBUG PrimaryStageWindow   - Set initial scene to FXGLStartupScene
00:00:19.660 [JavaFX Application Thread] DEBUG PrimaryStageWindow   - Opening main window
00:00:20.487 [JavaFX Application Thread] DEBUG PrimaryStageWindow   - Window border size: (16.0, 39.0)
00:00:20.488 [JavaFX Application Thread] DEBUG PrimaryStageWindow   - Scaled size: 703.0 x 728.0
00:00:20.488 [JavaFX Application Thread] DEBUG PrimaryStageWindow   - Scaled ratio: (0.87875, 0.91)
00:00:20.489 [JavaFX Application Thread] DEBUG PrimaryStageWindow   - Scene size: 703.0 x 728.0
00:00:20.489 [JavaFX Application Thread] DEBUG PrimaryStageWindow   - Stage size: 719.0 x 767.0
00:00:20.552 [FXGL Background Thread 1 ] DEBUG Engine               - Initializing environment variables
00:00:21.202 [FXGL Background Thread 1 ] DEBUG FXGLAssetLoaderServi - User app class for loading assets: class com.lab.App
00:00:21.202 [FXGL Background Thread 1 ] DEBUG GameApplicationServi - Applying CSS: fxgl_dark.css
00:00:21.204 [FXGL Background Thread 1 ] DEBUG FXGLAssetLoaderServi - Loading from file system: jar:file:/C:/Users/Khana/.m2/repository/com/github/almasb/fxgl/21.1/fxgl-21.1.jar!/fxglassets/ui/css/fxgl_dark.css
00:00:21.401 [FXGL Background Thread 1 ] DEBUG GameApplicationServi - Initializing application scenes
00:00:21.754 [FXGL Background Thread 1 ] DEBUG GameWorld            - Game world initialized
00:00:21.897 [FXGL Background Thread 1 ] DEBUG PhysicsWorld         - Physics world initialized: appHeight=800, physics.ppm=50.0
00:00:21.898 [FXGL Background Thread 1 ] DEBUG PhysicsWorld         - Using strategy: BRUTE_FORCE
00:00:21.906 [FXGL Background Thread 1 ] DEBUG GameScene            - Game scene initialized: 800x800
00:00:21.935 [FXGL Background Thread 1 ] DEBUG FXGL.DefaultMenu     - createMenuBodyMainMenu()
00:00:21.974 [FXGL Background Thread 1 ] DEBUG FXGL.DefaultMenu     - createOptionsMenu()
00:00:22.000 [FXGL Background Thread 1 ] DEBUG FXGLAssetLoaderServi - Loading from file system: jar:file:/C:/Users/Khana/.m2/repository/com/github/almasb/fxgl/21.1/fxgl-21.1.jar!/fxglassets/textures/particles/smoke.png
00:00:22.237 [FXGL Background Thread 1 ] DEBUG FXGLAssetLoaderServi - Loading from file system: jar:file:/C:/Users/Khana/.m2/repository/com/github/almasb/fxgl/21.1/fxgl-21.1.jar!/fxglassets/textures/particles/trace_horizontal.png
00:00:22.316 [FXGL Background Thread 1 ] DEBUG FXGL.DefaultMenu     - createMenuBodyGameMenu()
00:00:22.318 [FXGL Background Thread 1 ] DEBUG FXGL.DefaultMenu     - createOptionsMenu()
00:00:22.351 [FXGL Background Thread 1 ] DEBUG GameApplicationServi - Application scenes initialized
00:00:22.388 [FXGL Background Thread 1 ] DEBUG SystemBundleService  - Loading FXGL system data
00:00:22.422 [FXGL Background Thread 1 ] DEBUG FileSystemAccess     - Reading from: E:\Labs\Gonvival\system\fxgl.bundle
00:00:22.445 [FXGL Background Thread 1 ] DEBUG SystemBundleService  - Bundle FXGL: {}
00:00:22.446 [FXGL Background Thread 1 ] DEBUG UpdaterService       - Checking for updates
00:00:23.126 [FXGL Background Thread 1 ] DEBUG FXGLApplication      - Loading default localization
00:00:23.128 [FXGL Background Thread 1 ] DEBUG FXGLAssetLoaderServi - Loading from file system: jar:file:/C:/Users/Khana/.m2/repository/com/github/almasb/fxgl/21.1/fxgl-21.1.jar!/fxglassets/languages/english.lang
00:00:23.166 [FXGL Background Thread 1 ] INFO  FXGLApplication      - FXGL initialization took: 2.613 sec
00:00:23.184 [FXGL Background Thread 4 ] DEBUG FXGLApplication      - Loading fonts
00:00:23.185 [FXGL Background Thread 4 ] DEBUG FXGLAssetLoaderServi - Loading from file system: jar:file:/C:/Users/Khana/.m2/repository/com/github/almasb/fxgl/21.1/fxgl-21.1.jar!/fxglassets/ui/fonts/VarelaRound-Regular.ttf
00:00:23.228 [JavaFX Application Thread] DEBUG FXGLAssetLoaderServi - Loading from file system: jar:file:/C:/Users/Khana/.m2/repository/com/github/almasb/fxgl/21.1/fxgl-21.1.jar!/fxglassets/textures/fxgl_icon.png
00:00:23.296 [FXGL Background Thread 4 ] DEBUG FXGLAssetLoaderServi - Loading from file system: jar:file:/C:/Users/Khana/.m2/repository/com/github/almasb/fxgl/21.1/fxgl-21.1.jar!/fxglassets/ui/fonts/Abel-Regular.ttf
00:00:23.315 [JavaFX Application Thread] DEBUG FXGLAssetLoaderServi - Loading from file system: jar:file:/C:/Users/Khana/.m2/repository/com/github/almasb/fxgl/21.1/fxgl-21.1.jar!/fxglassets/textures/fxgl_default_cursor.png
00:00:23.337 [JavaFX Application Thread] DEBUG Input                - Registered new binding: Screenshot - CTRL+8
00:00:23.338 [JavaFX Application Thread] DEBUG Input                - Registered new binding: Dev Options - 1
00:00:23.339 [JavaFX Application Thread] DEBUG Input                - Registered new binding: Dev Console - 2
00:00:23.340 [JavaFX Application Thread] DEBUG Input                - Registered new binding: System info dump - CTRL+9
00:00:23.342 [JavaFX Application Thread] DEBUG Input                - Registered new binding: Restart - CTRL+R
00:00:23.344 [JavaFX Application Thread] DEBUG Input                - Registered new binding: Toggle Debug Camera - CTRL+7
00:00:23.346 [FXGL Background Thread 4 ] DEBUG FXGLAssetLoaderServi - Loading from file system: jar:file:/C:/Users/Khana/.m2/repository/com/github/almasb/fxgl/21.1/fxgl-21.1.jar!/fxglassets/ui/fonts/TerminalLandMono-Regular.otf
00:00:23.353 [JavaFX Application Thread] DEBUG LoopRunner           - Starting loop
00:00:23.355 [FXGL Background Thread 4 ] DEBUG FXGLAssetLoaderServi - Loading from file system: jar:file:/C:/Users/Khana/.m2/repository/com/github/almasb/fxgl/21.1/fxgl-21.1.jar!/fxglassets/ui/fonts/Courier-Prime.ttf
00:00:23.511 [JavaFX Application Thread] DEBUG LoopRunner           - Initializing JavaFX AnimationTimerLoop
00:00:23.522 [JavaFX Application Thread] DEBUG Input                - Clearing active input actions
00:00:23.566 [JavaFX Application Thread] DEBUG GameApplicationServi - Removing overlay from FXGLStartupScene and adding to FXGLMainMenuDummyScene
00:00:23.576 [JavaFX Application Thread] DEBUG PrimaryStageWindow   - FXGLStartupScene -> FXGLMainMenuDummyScene
00:00:23.576 [JavaFX Application Thread] DEBUG PrimaryStageWindow   - Push state: FXGLDefaultMenu
00:00:23.585 [JavaFX Application Thread] DEBUG Input                - Clearing active input actions
00:00:23.606 [JavaFX Application Thread] DEBUG GameApplicationServi - Removing overlay from FXGLMainMenuDummyScene and adding to FXGLDefaultMenu
00:00:23.607 [JavaFX Application Thread] DEBUG PrimaryStageWindow   - FXGLMainMenuDummyScene -> FXGLDefaultMenu
00:00:23.682 [JavaFX Application Thread] DEBUG FXGLApplication      - Registering font factories with UI factory
00:00:26.123 [FXGL Background Thread 3 ] DEBUG Engine               - Logging environment variables
00:00:26.124 [FXGL Background Thread 3 ] DEBUG Engine               - achievements: []
00:00:26.124 [FXGL Background Thread 3 ] DEBUG Engine               - actualHeight: 728.0
00:00:26.124 [FXGL Background Thread 3 ] DEBUG Engine               - actualHeightProperty: ReadOnlyDoubleProperty [value: 728.0]
00:00:26.124 [FXGL Background Thread 3 ] DEBUG Engine               - actualWidth: 703.0
00:00:26.124 [FXGL Background Thread 3 ] DEBUG Engine               - actualWidthProperty: ReadOnlyDoubleProperty [value: 703.0]
00:00:26.124 [FXGL Background Thread 3 ] DEBUG Engine               - appIcon: fxgl_icon.png
00:00:26.125 [FXGL Background Thread 3 ] DEBUG Engine               - applicationMode: DEVELOPER
00:00:26.125 [FXGL Background Thread 3 ] DEBUG Engine               - cSSList: [fxgl_dark.css]
00:00:26.125 [FXGL Background Thread 3 ] DEBUG Engine               - collisionDetectionStrategy: BRUTE_FORCE
00:00:26.125 [FXGL Background Thread 3 ] DEBUG Engine               - configClass: Optional.empty
00:00:26.125 [FXGL Background Thread 3 ] DEBUG Engine               - credits: []
00:00:26.126 [FXGL Background Thread 3 ] DEBUG Engine               - defaultCursor: CursorInfo(imageName=fxgl_default_cursor.png, hotspotX=7.0, hotspotY=6.0)
00:00:26.126 [FXGL Background Thread 3 ] DEBUG Engine               - devBBoxColorProperty: ObjectProperty [value: 0xff0000ff]
00:00:26.126 [FXGL Background Thread 3 ] DEBUG Engine               - devEnableDebugCameraProperty: BooleanProperty [value: false]
00:00:26.126 [FXGL Background Thread 3 ] DEBUG Engine               - devSensorColorProperty: ObjectProperty [value: 0xffff00ff]
00:00:26.126 [FXGL Background Thread 3 ] DEBUG Engine               - devShowBBoxProperty: BooleanProperty [value: false]
00:00:26.127 [FXGL Background Thread 3 ] DEBUG Engine               - devShowPositionProperty: BooleanProperty [value: false]
00:00:26.127 [FXGL Background Thread 3 ] DEBUG Engine               - enabledMenuItems: []
00:00:26.127 [FXGL Background Thread 3 ] DEBUG Engine               - engineServices: [class com.almasb.fxgl.app.services.FXGLAssetLoaderService, class com.almasb.fxgl.app.FXGLApplication$GameApplicationService, class com.almasb.fxgl.app.services.FXGLDialogService, class com.almasb.fxgl.app.services.IOTaskExecutorService, class com.almasb.fxgl.io.FileSystemService, class com.almasb.fxgl.localization.LocalizationService, class com.almasb.fxgl.app.services.SystemBundleService, class com.almasb.fxgl.profile.SaveLoadService, class com.almasb.fxgl.ui.FXGLUIFactoryServiceProvider, class com.almasb.fxgl.ui.FXGLDialogFactoryServiceProvider, class com.almasb.fxgl.audio.AudioPlayer, class com.almasb.fxgl.notification.impl.NotificationServiceProvider, class com.almasb.fxgl.achievement.AchievementService, class com.almasb.fxgl.cutscene.CutsceneService, class com.almasb.fxgl.minigames.MiniGameService, class com.almasb.fxgl.net.NetService, class com.almasb.fxgl.app.services.UpdaterService, class com.almasb.fxgl.dev.DevService]
00:00:26.127 [FXGL Background Thread 3 ] DEBUG Engine               - fontGame: Abel-Regular.ttf
00:00:26.127 [FXGL Background Thread 3 ] DEBUG Engine               - fontMono: TerminalLandMono-Regular.otf
00:00:26.127 [FXGL Background Thread 3 ] DEBUG Engine               - fontSizeScaleUI: 1.0
00:00:26.127 [FXGL Background Thread 3 ] DEBUG Engine               - fontText: Courier-Prime.ttf
00:00:26.128 [FXGL Background Thread 3 ] DEBUG Engine               - fontUI: VarelaRound-Regular.ttf
00:00:26.128 [FXGL Background Thread 3 ] DEBUG Engine               - fullScreen: BooleanProperty [value: false]
00:00:26.128 [FXGL Background Thread 3 ] DEBUG Engine               - gameDifficulty: MEDIUM
00:00:26.128 [FXGL Background Thread 3 ] DEBUG Engine               - gameDifficultyProperty: ObjectProperty [value: MEDIUM]
00:00:26.128 [FXGL Background Thread 3 ] DEBUG Engine               - globalMusicVolume: 0.5
00:00:26.128 [FXGL Background Thread 3 ] DEBUG Engine               - globalMusicVolumeProperty: DoubleProperty [value: 0.5]
00:00:26.129 [FXGL Background Thread 3 ] DEBUG Engine               - globalSoundVolume: 0.5
00:00:26.129 [FXGL Background Thread 3 ] DEBUG Engine               - globalSoundVolumeProperty: DoubleProperty [value: 0.5]
00:00:26.129 [FXGL Background Thread 3 ] DEBUG Engine               - height: 800
00:00:26.129 [FXGL Background Thread 3 ] DEBUG Engine               - is3D: false
00:00:26.129 [FXGL Background Thread 3 ] DEBUG Engine               - isAndroid: false
00:00:26.129 [FXGL Background Thread 3 ] DEBUG Engine               - isBrowser: false
00:00:26.130 [FXGL Background Thread 3 ] DEBUG Engine               - isClickFeedbackEnabled: false
00:00:26.130 [FXGL Background Thread 3 ] DEBUG Engine               - isCloseConfirmation: false
00:00:26.130 [FXGL Background Thread 3 ] DEBUG Engine               - isDesktop: true
00:00:26.130 [FXGL Background Thread 3 ] DEBUG Engine               - isDeveloperMenuEnabled: true
00:00:26.130 [FXGL Background Thread 3 ] DEBUG Engine               - isEmbedded: false
00:00:26.130 [FXGL Background Thread 3 ] DEBUG Engine               - isEntityPreloadEnabled: true
00:00:26.130 [FXGL Background Thread 3 ] DEBUG Engine               - isExperimentalTiledLargeMap: false
00:00:26.130 [FXGL Background Thread 3 ] DEBUG Engine               - isFileSystemWriteAllowed: true
00:00:26.130 [FXGL Background Thread 3 ] DEBUG Engine               - isFullScreenAllowed: false
00:00:26.130 [FXGL Background Thread 3 ] DEBUG Engine               - isFullScreenFromStart: false
00:00:26.130 [FXGL Background Thread 3 ] DEBUG Engine               - isGameMenuEnabled: true
00:00:26.130 [FXGL Background Thread 3 ] DEBUG Engine               - isIOS: false
00:00:26.131 [FXGL Background Thread 3 ] DEBUG Engine               - isIntroEnabled: false
00:00:26.131 [FXGL Background Thread 3 ] DEBUG Engine               - isLinux: false
00:00:26.131 [FXGL Background Thread 3 ] DEBUG Engine               - isMac: false
00:00:26.131 [FXGL Background Thread 3 ] DEBUG Engine               - isMainMenuEnabled: true
00:00:26.131 [FXGL Background Thread 3 ] DEBUG Engine               - isManualResizeEnabled: false
00:00:26.131 [FXGL Background Thread 3 ] DEBUG Engine               - isMobile: false
00:00:26.131 [FXGL Background Thread 3 ] DEBUG Engine               - isNative: false
00:00:26.132 [FXGL Background Thread 3 ] DEBUG Engine               - isPauseMusicWhenMinimized: true
00:00:26.132 [FXGL Background Thread 3 ] DEBUG Engine               - isPreserveResizeRatio: false
00:00:26.132 [FXGL Background Thread 3 ] DEBUG Engine               - isProfilingEnabled: false
00:00:26.132 [FXGL Background Thread 3 ] DEBUG Engine               - isScaleAffectedOnResize: true
00:00:26.132 [FXGL Background Thread 3 ] DEBUG Engine               - isSingleStep: false
00:00:26.132 [FXGL Background Thread 3 ] DEBUG Engine               - isUserProfileEnabled: false
00:00:26.133 [FXGL Background Thread 3 ] DEBUG Engine               - isWindows: true
00:00:26.133 [FXGL Background Thread 3 ] DEBUG Engine               - language: ObjectProperty [value: ENGLISH]
00:00:26.133 [FXGL Background Thread 3 ] DEBUG Engine               - menuKey: ESCAPE
00:00:26.133 [FXGL Background Thread 3 ] DEBUG Engine               - mouseSensitivity: 0.2
00:00:26.133 [FXGL Background Thread 3 ] DEBUG Engine               - notificationViewClass: class com.almasb.fxgl.notification.view.XboxNotificationView
00:00:26.133 [FXGL Background Thread 3 ] DEBUG Engine               - pixelsPerMeter: 50.0
00:00:26.133 [FXGL Background Thread 3 ] DEBUG Engine               - platform: WINDOWS
00:00:26.133 [FXGL Background Thread 3 ] DEBUG Engine               - prefHeightProperty: ReadOnlyDoubleProperty [value: 800.0]
00:00:26.134 [FXGL Background Thread 3 ] DEBUG Engine               - prefWidthProperty: ReadOnlyDoubleProperty [value: 800.0]
00:00:26.134 [FXGL Background Thread 3 ] DEBUG Engine               - profileDir: profiles/
00:00:26.134 [FXGL Background Thread 3 ] DEBUG Engine               - profileName: StringProperty [value: DEFAULT]
00:00:26.134 [FXGL Background Thread 3 ] DEBUG Engine               - randomSeed: -1
00:00:26.134 [FXGL Background Thread 3 ] DEBUG Engine               - runtimeInfo: RuntimeInfo(platform=WINDOWS, version=21.1, build=27.03.2024 07.52)
00:00:26.134 [FXGL Background Thread 3 ] DEBUG Engine               - saveFileExt: sav
00:00:26.135 [FXGL Background Thread 3 ] DEBUG Engine               - scaledHeightProp$fxgl: DoubleProperty [bound, value: 728.0]
00:00:26.135 [FXGL Background Thread 3 ] DEBUG Engine               - scaledWidthProp$fxgl: DoubleProperty [bound, value: 703.0]
00:00:26.135 [FXGL Background Thread 3 ] DEBUG Engine               - sceneFactory: com.almasb.fxgl.app.scene.SceneFactory@158174bb
00:00:26.135 [FXGL Background Thread 3 ] DEBUG Engine               - secondsIn24h: 60
00:00:26.135 [FXGL Background Thread 3 ] DEBUG Engine               - soundMenuBack: menu/back.wav
00:00:26.135 [FXGL Background Thread 3 ] DEBUG Engine               - soundMenuPress: menu/press.wav
00:00:26.135 [FXGL Background Thread 3 ] DEBUG Engine               - soundMenuSelect: menu/select.wav
00:00:26.135 [FXGL Background Thread 3 ] DEBUG Engine               - soundNotification: core/notification.wav
00:00:26.135 [FXGL Background Thread 3 ] DEBUG Engine               - stageStyle: DECORATED
00:00:26.136 [FXGL Background Thread 3 ] DEBUG Engine               - supportedLanguages: [ENGLISH, FRENCH, GERMAN, HUNGARIAN, RUSSIAN]
00:00:26.136 [FXGL Background Thread 3 ] DEBUG Engine               - ticksPerSecond: -1
00:00:26.136 [FXGL Background Thread 3 ] DEBUG Engine               - title: Gonvival
00:00:26.136 [FXGL Background Thread 3 ] DEBUG Engine               - urlGithub: https://github.com/AlmasB/FXGL
00:00:26.136 [FXGL Background Thread 3 ] DEBUG Engine               - urlLeaderboard: http://fxgl-top.herokuapp.com/
00:00:26.136 [FXGL Background Thread 3 ] DEBUG Engine               - urlPOM: https://raw.githubusercontent.com/AlmasB/FXGL/release/README.md
00:00:26.136 [FXGL Background Thread 3 ] DEBUG Engine               - userAppClass: class com.lab.App
00:00:26.136 [FXGL Background Thread 3 ] DEBUG Engine               - version: beta
00:00:26.136 [FXGL Background Thread 3 ] DEBUG Engine               - versionCheckDays: 7
00:00:26.136 [FXGL Background Thread 3 ] DEBUG Engine               - width: 800
00:00:26.136 [FXGL Background Thread 3 ] DEBUG Engine               - Logging services
00:00:26.137 [FXGL Background Thread 3 ] DEBUG Engine               - class com.almasb.fxgl.app.services.FXGLAssetLoaderService
00:00:26.137 [FXGL Background Thread 3 ] DEBUG Engine               - class com.almasb.fxgl.app.FXGLApplication$GameApplicationService
00:00:26.137 [FXGL Background Thread 3 ] DEBUG Engine               - class com.almasb.fxgl.app.services.FXGLDialogService
00:00:26.137 [FXGL Background Thread 3 ] DEBUG Engine               - class com.almasb.fxgl.app.services.IOTaskExecutorService
00:00:26.137 [FXGL Background Thread 3 ] DEBUG Engine               - class com.almasb.fxgl.io.FileSystemService
00:00:26.137 [FXGL Background Thread 3 ] DEBUG Engine               - class com.almasb.fxgl.localization.LocalizationService
00:00:26.137 [FXGL Background Thread 3 ] DEBUG Engine               - class com.almasb.fxgl.app.services.SystemBundleService
00:00:26.137 [FXGL Background Thread 3 ] DEBUG Engine               - class com.almasb.fxgl.profile.SaveLoadService
00:00:26.137 [FXGL Background Thread 3 ] DEBUG Engine               - class com.almasb.fxgl.ui.FXGLUIFactoryServiceProvider
00:00:26.137 [FXGL Background Thread 3 ] DEBUG Engine               - class com.almasb.fxgl.ui.FXGLDialogFactoryServiceProvider
00:00:26.137 [FXGL Background Thread 3 ] DEBUG Engine               - class com.almasb.fxgl.audio.AudioPlayer
00:00:26.137 [FXGL Background Thread 3 ] DEBUG Engine               - class com.almasb.fxgl.notification.impl.NotificationServiceProvider
00:00:26.137 [FXGL Background Thread 3 ] DEBUG Engine               - class com.almasb.fxgl.achievement.AchievementService
00:00:26.137 [FXGL Background Thread 3 ] DEBUG Engine               - class com.almasb.fxgl.cutscene.CutsceneService
00:00:26.137 [FXGL Background Thread 3 ] DEBUG Engine               - class com.almasb.fxgl.minigames.MiniGameService
00:00:26.138 [FXGL Background Thread 3 ] DEBUG Engine               - class com.almasb.fxgl.net.NetService
00:00:26.138 [FXGL Background Thread 3 ] DEBUG Engine               - class com.almasb.fxgl.app.services.UpdaterService
00:00:26.138 [FXGL Background Thread 3 ] DEBUG Engine               - class com.almasb.fxgl.dev.DevService
00:00:28.650 [JavaFX Application Thread] DEBUG Menu                 - fireNewGame()
00:00:28.650 [JavaFX Application Thread] DEBUG GameApplicationServi - Starting new game
00:00:28.654 [JavaFX Application Thread] DEBUG PrimaryStageWindow   - Pop state: FXGLDefaultMenu
00:00:28.655 [JavaFX Application Thread] DEBUG Input                - Clearing active input actions
00:00:28.657 [JavaFX Application Thread] DEBUG GameApplicationServi - Removing overlay from FXGLDefaultMenu and adding to FXGLMainMenuDummyScene
00:00:28.664 [JavaFX Application Thread] DEBUG PrimaryStageWindow   - FXGLMainMenuDummyScene <- FXGLDefaultMenu
00:00:28.665 [JavaFX Application Thread] DEBUG Input                - Clearing active input actions
00:00:28.681 [JavaFX Application Thread] DEBUG GameApplicationServi - Removing overlay from FXGLMainMenuDummyScene and adding to FXGLLoadingScene
00:00:28.683 [JavaFX Application Thread] DEBUG PrimaryStageWindow   - FXGLMainMenuDummyScene -> FXGLLoadingScene
00:00:28.683 [JavaFX Application Thread] DEBUG GameApplicationServi - Clearing previous game
00:00:28.684 [JavaFX Application Thread] DEBUG GameScene            - Clearing game scene
00:00:28.684 [JavaFX Application Thread] DEBUG GameWorld            - Clearing game world
00:00:28.684 [JavaFX Application Thread] DEBUG PhysicsWorld         - Clearing physics world
00:00:28.687 [FXGL Background Thread 2 ] DEBUG FXGLApplication      - Initializing game
00:00:28.704 [FXGL Background Thread 2 ] DEBUG FXGLAssetLoaderServi - Loading from file system: file:/E:/Labs/Gonvival/game/target/classes/assets/textures/map.png
00:00:29.017 [FXGL Background Thread 2 ] DEBUG FXGLAssetLoaderServi - Loading from file system: file:/E:/Labs/Gonvival/game/target/classes/assets/textures/idle_down.png
00:00:29.183 [FXGL Background Thread 2 ] DEBUG FXGLAssetLoaderServi - Loading from file system: file:/E:/Labs/Gonvival/game/target/classes/assets/textures/idle_up.png
00:00:29.194 [FXGL Background Thread 2 ] DEBUG FXGLAssetLoaderServi - Loading from file system: file:/E:/Labs/Gonvival/game/target/classes/assets/textures/idle_left_down.png
00:00:29.303 [FXGL Background Thread 2 ] DEBUG FXGLAssetLoaderServi - Loading from file system: file:/E:/Labs/Gonvival/game/target/classes/assets/textures/idle_left_up.png
00:00:29.309 [FXGL Background Thread 2 ] DEBUG FXGLAssetLoaderServi - Loading from file system: file:/E:/Labs/Gonvival/game/target/classes/assets/textures/idle_right_down.png
00:00:29.316 [FXGL Background Thread 2 ] DEBUG FXGLAssetLoaderServi - Loading from file system: file:/E:/Labs/Gonvival/game/target/classes/assets/textures/idle_right_up.png
00:00:29.346 [FXGL Background Thread 2 ] DEBUG FXGLAssetLoaderServi - Loading from file system: file:/E:/Labs/Gonvival/game/target/classes/assets/textures/walk_left_down.png
00:00:29.351 [FXGL Background Thread 2 ] DEBUG FXGLAssetLoaderServi - Loading from file system: file:/E:/Labs/Gonvival/game/target/classes/assets/textures/walk_right_down.png
00:00:29.354 [FXGL Background Thread 2 ] DEBUG FXGLAssetLoaderServi - Loading from file system: file:/E:/Labs/Gonvival/game/target/classes/assets/textures/walk_up.png
00:00:29.357 [FXGL Background Thread 2 ] DEBUG FXGLAssetLoaderServi - Loading from file system: file:/E:/Labs/Gonvival/game/target/classes/assets/textures/walk_down.png
00:00:29.359 [FXGL Background Thread 2 ] DEBUG FXGLAssetLoaderServi - Loading from file system: file:/E:/Labs/Gonvival/game/target/classes/assets/textures/walk_left_up.png
00:00:29.365 [FXGL Background Thread 2 ] DEBUG FXGLAssetLoaderServi - Loading from file system: file:/E:/Labs/Gonvival/game/target/classes/assets/textures/walk_right_up.png
00:00:29.383 [FXGL Background Thread 2 ] INFO  FXGLApplication      - Game initialization took: 0.695 sec
00:00:29.439 [JavaFX Application Thread] DEBUG Input                - Clearing active input actions
00:00:29.451 [JavaFX Application Thread] DEBUG GameApplicationServi - Removing overlay from FXGLLoadingScene and adding to GameScene
00:00:29.461 [JavaFX Application Thread] DEBUG PrimaryStageWindow   - FXGLLoadingScene -> GameScene
00:00:29.728 [JavaFX Application Thread] DEBUG Input                - Registered new binding: SHOOT - LMB
00:00:29.729 [JavaFX Application Thread] DEBUG Input                - Registered new binding: MOVE LEFT - A
00:00:29.729 [JavaFX Application Thread] DEBUG Input                - Registered new binding: MOVE RIGHT - D
00:00:29.729 [JavaFX Application Thread] DEBUG Input                - Registered new binding: MOVE UP - W
00:00:29.730 [JavaFX Application Thread] DEBUG Input                - Registered new binding: MOVE DOWN - S
00:00:30.303 [JavaFX Application Thread] DEBUG FXGLAssetLoaderServi - Loading from file system: file:/E:/Labs/Gonvival/game/target/classes/assets/textures/evil.png
00:00:30.427 [JavaFX Application Thread] DEBUG FXGLAssetLoaderServi - Loading from file system: file:/E:/Labs/Gonvival/game/target/classes/assets/textures/arrow.png
00:00:32.386 [JavaFX Application Thread] DEBUG PrimaryStageWindow   - Push state: DialogSubScene
00:00:32.387 [JavaFX Application Thread] DEBUG Input                - Clearing active input actions
00:00:32.388 [JavaFX Application Thread] DEBUG GameApplicationServi - Removing overlay from GameScene and adding to DialogSubScene
00:00:32.394 [JavaFX Application Thread] DEBUG PrimaryStageWindow   - GameScene -> DialogSubScene
00:00:34.089 [JavaFX Application Thread] DEBUG PrimaryStageWindow   - Pop state: DialogSubScene
00:00:34.089 [JavaFX Application Thread] DEBUG Input                - Clearing active input actions
00:00:34.092 [JavaFX Application Thread] DEBUG GameApplicationServi - Removing overlay from DialogSubScene and adding to GameScene
00:00:34.094 [JavaFX Application Thread] DEBUG PrimaryStageWindow   - GameScene <- DialogSubScene
00:00:41.186 [JavaFX Application Thread] DEBUG PrimaryStageWindow   - Push state: DialogSubScene
00:00:41.186 [JavaFX Application Thread] DEBUG Input                - Clearing active input actions
00:00:41.187 [JavaFX Application Thread] DEBUG GameApplicationServi - Removing overlay from GameScene and adding to DialogSubScene
00:00:41.188 [JavaFX Application Thread] DEBUG PrimaryStageWindow   - GameScene -> DialogSubScene
00:00:42.013 [JavaFX Application Thread] DEBUG PrimaryStageWindow   - Pop state: DialogSubScene
00:00:42.013 [JavaFX Application Thread] DEBUG Input                - Clearing active input actions
00:00:42.015 [JavaFX Application Thread] DEBUG GameApplicationServi - Removing overlay from DialogSubScene and adding to GameScene
00:00:42.017 [JavaFX Application Thread] DEBUG PrimaryStageWindow   - GameScene <- DialogSubScene
00:00:55.264 [JavaFX Application Thread] DEBUG PrimaryStageWindow   - Push state: DialogSubScene
00:00:55.264 [JavaFX Application Thread] DEBUG Input                - Clearing active input actions
00:00:55.264 [JavaFX Application Thread] DEBUG GameApplicationServi - Removing overlay from GameScene and adding to DialogSubScene
00:00:55.266 [JavaFX Application Thread] DEBUG PrimaryStageWindow   - GameScene -> DialogSubScene
00:00:56.193 [JavaFX Application Thread] DEBUG PrimaryStageWindow   - Pop state: DialogSubScene
00:00:56.194 [JavaFX Application Thread] DEBUG Input                - Clearing active input actions
00:00:56.194 [JavaFX Application Thread] DEBUG GameApplicationServi - Removing overlay from DialogSubScene and adding to GameScene
00:00:56.197 [JavaFX Application Thread] DEBUG PrimaryStageWindow   - GameScene <- DialogSubScene
00:01:11.193 [JavaFX Application Thread] DEBUG FXGLApplication      - Exiting FXGL
00:01:11.193 [JavaFX Application Thread] DEBUG LoopRunner           - Stopping loop
00:01:11.193 [JavaFX Application Thread] DEBUG SystemBundleService  - Saving FXGL system data
00:01:11.276 [JavaFX Application Thread] DEBUG FileSystemAccess     - Writing to: E:\Labs\Gonvival\system\fxgl.bundle
00:01:11.345 [JavaFX Application Thread] DEBUG Async                - Shutting down background threads
00:01:11.346 [JavaFX Application Thread] DEBUG PrimaryStageWindow   - Closing main window
00:01:11.391 [JavaFX Application Thread] DEBUG Logger               - Closing Logger
