23:34:16.961 [main                     ] DEBUG Logger               - Configured Logger
23:34:16.983 [main                     ] DEBUG GameApplication      - Logging settings
Title: Gonvival
Version: beta
Width: 800
Height: 800
Fullscreen: false
Intro: false
Profiling: false
Single step:false
App Mode: DEVELOPER
Menu Key: ESCAPE
Stage Style: DECORATED
Scene Factory: class com.almasb.fxgl.app.scene.SceneFactory

23:34:17.922 [JavaFX Application Thread] DEBUG FXGLApplication      - Initializing FXGL
23:34:17.925 [JavaFX Application Thread] INFO  Engine               - FXGL-21.1 (27.03.2024 07.52) on WINDOWS (J:21.0.5 FX:21.0.1)
23:34:17.927 [JavaFX Application Thread] DEBUG Engine               - JRE Vendor Name: Eclipse Adoptium
23:34:17.927 [JavaFX Application Thread] DEBUG Engine               - Running on OS: Windows 11 version 10.0
23:34:17.927 [JavaFX Application Thread] DEBUG Engine               - Architecture: amd64
23:34:17.927 [JavaFX Application Thread] INFO  Engine               - Source code and latest versions at: https://github.com/AlmasB/FXGL
23:34:17.927 [JavaFX Application Thread] INFO  Engine               -       Ask questions and discuss at: https://github.com/AlmasB/FXGL/discussions
23:34:17.928 [JavaFX Application Thread] INFO  Engine               -              Join the FXGL chat at: https://gitter.im/AlmasB/FXGL
23:34:18.042 [JavaFX Application Thread] DEBUG PrimaryStageWindow   - Creating a JavaFX scene
23:34:18.088 [JavaFX Application Thread] DEBUG PrimaryStageWindow   - Target settings size: 800.0 x 800.0
23:34:18.088 [JavaFX Application Thread] DEBUG PrimaryStageWindow   - Scaled scene size:    800.0 x 800.0
23:34:18.089 [JavaFX Application Thread] DEBUG PrimaryStageWindow   - Scaled ratio: (1.0, 1.0)
23:34:18.090 [JavaFX Application Thread] DEBUG PrimaryStageWindow   - Set initial scene to FXGLStartupScene
23:34:18.094 [JavaFX Application Thread] DEBUG PrimaryStageWindow   - Opening main window
23:34:18.295 [JavaFX Application Thread] DEBUG PrimaryStageWindow   - Window border size: (14.4000244140625, 37.5999755859375)
23:34:18.295 [JavaFX Application Thread] DEBUG PrimaryStageWindow   - Scaled size: 800.0 x 800.0
23:34:18.296 [JavaFX Application Thread] DEBUG PrimaryStageWindow   - Scaled ratio: (1.0, 1.0)
23:34:18.296 [JavaFX Application Thread] DEBUG PrimaryStageWindow   - Scene size: 800.0 x 800.0
23:34:18.297 [JavaFX Application Thread] DEBUG PrimaryStageWindow   - Stage size: 814.4000244140625 x 837.5999755859375
23:34:18.308 [FXGL Background Thread 1 ] DEBUG Engine               - Initializing environment variables
23:34:18.459 [FXGL Background Thread 1 ] DEBUG FXGLAssetLoaderServi - User app class for loading assets: class com.lab.App
23:34:18.459 [FXGL Background Thread 1 ] DEBUG GameApplicationServi - Applying CSS: fxgl_dark.css
23:34:18.461 [FXGL Background Thread 1 ] DEBUG FXGLAssetLoaderServi - Loading from file system: jar:file:/C:/Users/HP/.m2/repository/com/github/almasb/fxgl/21.1/fxgl-21.1.jar!/fxglassets/ui/css/fxgl_dark.css
23:34:18.570 [FXGL Background Thread 1 ] DEBUG GameApplicationServi - Initializing application scenes
23:34:18.630 [FXGL Background Thread 1 ] DEBUG GameWorld            - Game world initialized
23:34:18.714 [FXGL Background Thread 1 ] DEBUG PhysicsWorld         - Physics world initialized: appHeight=800, physics.ppm=50.0
23:34:18.714 [FXGL Background Thread 1 ] DEBUG PhysicsWorld         - Using strategy: BRUTE_FORCE
23:34:18.719 [FXGL Background Thread 1 ] DEBUG GameScene            - Game scene initialized: 800x800
23:34:18.733 [FXGL Background Thread 1 ] DEBUG FXGL.DefaultMenu     - createMenuBodyMainMenu()
23:34:18.748 [FXGL Background Thread 1 ] DEBUG FXGL.DefaultMenu     - createOptionsMenu()
23:34:18.760 [FXGL Background Thread 1 ] DEBUG FXGLAssetLoaderServi - Loading from file system: jar:file:/C:/Users/HP/.m2/repository/com/github/almasb/fxgl/21.1/fxgl-21.1.jar!/fxglassets/textures/particles/smoke.png
23:34:18.901 [FXGL Background Thread 1 ] DEBUG FXGLAssetLoaderServi - Loading from file system: jar:file:/C:/Users/HP/.m2/repository/com/github/almasb/fxgl/21.1/fxgl-21.1.jar!/fxglassets/textures/particles/trace_horizontal.png
23:34:18.929 [FXGL Background Thread 1 ] DEBUG FXGL.DefaultMenu     - createMenuBodyGameMenu()
23:34:18.930 [FXGL Background Thread 1 ] DEBUG FXGL.DefaultMenu     - createOptionsMenu()
23:34:18.943 [FXGL Background Thread 1 ] DEBUG GameApplicationServi - Application scenes initialized
23:34:18.958 [FXGL Background Thread 1 ] DEBUG SystemBundleService  - Loading FXGL system data
23:34:18.964 [FXGL Background Thread 1 ] DEBUG FileSystemAccess     - Reading from: D:\Gonvival\system\fxgl.bundle
23:34:18.975 [FXGL Background Thread 1 ] DEBUG SystemBundleService  - Bundle FXGL: {}
23:34:18.975 [FXGL Background Thread 1 ] DEBUG UpdaterService       - Checking for updates
23:34:18.988 [FXGL Background Thread 4 ] DEBUG FXGLApplication      - Loading fonts
23:34:18.989 [FXGL Background Thread 4 ] DEBUG FXGLAssetLoaderServi - Loading from file system: jar:file:/C:/Users/HP/.m2/repository/com/github/almasb/fxgl/21.1/fxgl-21.1.jar!/fxglassets/ui/fonts/VarelaRound-Regular.ttf
23:34:18.991 [FXGL Background Thread 1 ] DEBUG FXGLApplication      - Loading default localization
23:34:18.992 [FXGL Background Thread 1 ] DEBUG FXGLAssetLoaderServi - Loading from file system: jar:file:/C:/Users/HP/.m2/repository/com/github/almasb/fxgl/21.1/fxgl-21.1.jar!/fxglassets/languages/english.lang
23:34:19.064 [FXGL Background Thread 1 ] INFO  FXGLApplication      - FXGL initialization took: 0.757 sec
23:34:19.068 [JavaFX Application Thread] DEBUG FXGLAssetLoaderServi - Loading from file system: jar:file:/C:/Users/HP/.m2/repository/com/github/almasb/fxgl/21.1/fxgl-21.1.jar!/fxglassets/textures/fxgl_icon.png
23:34:19.073 [FXGL Background Thread 4 ] DEBUG FXGLAssetLoaderServi - Loading from file system: jar:file:/C:/Users/HP/.m2/repository/com/github/almasb/fxgl/21.1/fxgl-21.1.jar!/fxglassets/ui/fonts/Abel-Regular.ttf
23:34:19.079 [FXGL Background Thread 4 ] DEBUG FXGLAssetLoaderServi - Loading from file system: jar:file:/C:/Users/HP/.m2/repository/com/github/almasb/fxgl/21.1/fxgl-21.1.jar!/fxglassets/ui/fonts/TerminalLandMono-Regular.otf
23:34:19.084 [FXGL Background Thread 4 ] DEBUG FXGLAssetLoaderServi - Loading from file system: jar:file:/C:/Users/HP/.m2/repository/com/github/almasb/fxgl/21.1/fxgl-21.1.jar!/fxglassets/ui/fonts/Courier-Prime.ttf
23:34:19.103 [JavaFX Application Thread] DEBUG FXGLAssetLoaderServi - Loading from file system: jar:file:/C:/Users/HP/.m2/repository/com/github/almasb/fxgl/21.1/fxgl-21.1.jar!/fxglassets/textures/fxgl_default_cursor.png
23:34:19.118 [JavaFX Application Thread] DEBUG Input                - Registered new binding: Screenshot - CTRL+8
23:34:19.118 [JavaFX Application Thread] DEBUG Input                - Registered new binding: System info dump - CTRL+9
23:34:19.119 [JavaFX Application Thread] DEBUG Input                - Registered new binding: Restart - CTRL+R
23:34:19.120 [JavaFX Application Thread] DEBUG Input                - Registered new binding: Toggle Debug Camera - CTRL+7
23:34:19.127 [JavaFX Application Thread] DEBUG LoopRunner           - Starting loop
23:34:19.127 [JavaFX Application Thread] DEBUG LoopRunner           - Initializing JavaFX AnimationTimerLoop
23:34:19.132 [JavaFX Application Thread] DEBUG Input                - Clearing active input actions
23:34:19.138 [JavaFX Application Thread] DEBUG GameApplicationServi - Removing overlay from FXGLStartupScene and adding to FXGLMainMenuDummyScene
23:34:19.138 [JavaFX Application Thread] DEBUG PrimaryStageWindow   - FXGLStartupScene -> FXGLMainMenuDummyScene
23:34:19.139 [JavaFX Application Thread] DEBUG PrimaryStageWindow   - Push state: FXGLDefaultMenu
23:34:19.151 [JavaFX Application Thread] DEBUG Input                - Clearing active input actions
23:34:19.166 [JavaFX Application Thread] DEBUG GameApplicationServi - Removing overlay from FXGLMainMenuDummyScene and adding to FXGLDefaultMenu
23:34:19.167 [JavaFX Application Thread] DEBUG PrimaryStageWindow   - FXGLMainMenuDummyScene -> FXGLDefaultMenu
23:34:19.176 [JavaFX Application Thread] DEBUG FXGLApplication      - Registering font factories with UI factory
23:34:20.180 [JavaFX Application Thread] DEBUG Menu                 - fireNewGame()
23:34:20.182 [JavaFX Application Thread] DEBUG GameApplicationServi - Starting new game
23:34:20.187 [JavaFX Application Thread] DEBUG PrimaryStageWindow   - Pop state: FXGLDefaultMenu
23:34:20.187 [JavaFX Application Thread] DEBUG Input                - Clearing active input actions
23:34:20.189 [JavaFX Application Thread] DEBUG GameApplicationServi - Removing overlay from FXGLDefaultMenu and adding to FXGLMainMenuDummyScene
23:34:20.191 [JavaFX Application Thread] DEBUG PrimaryStageWindow   - FXGLMainMenuDummyScene <- FXGLDefaultMenu
23:34:20.192 [JavaFX Application Thread] DEBUG Input                - Clearing active input actions
23:34:20.207 [JavaFX Application Thread] DEBUG GameApplicationServi - Removing overlay from FXGLMainMenuDummyScene and adding to FXGLLoadingScene
23:34:20.207 [JavaFX Application Thread] DEBUG PrimaryStageWindow   - FXGLMainMenuDummyScene -> FXGLLoadingScene
23:34:20.208 [JavaFX Application Thread] DEBUG GameApplicationServi - Clearing previous game
23:34:20.208 [JavaFX Application Thread] DEBUG GameScene            - Clearing game scene
23:34:20.208 [JavaFX Application Thread] DEBUG GameWorld            - Clearing game world
23:34:20.208 [JavaFX Application Thread] DEBUG PhysicsWorld         - Clearing physics world
23:34:20.214 [FXGL Background Thread 2 ] DEBUG FXGLApplication      - Initializing game
23:34:20.231 [FXGL Background Thread 2 ] DEBUG FXGLAssetLoaderServi - Loading from file system: file:/D:/Gonvival/game/target/classes/assets/textures/map.png
23:34:20.330 [FXGL Background Thread 2 ] DEBUG FXGLAssetLoaderServi - Loading from file system: file:/D:/Gonvival/game/target/classes/assets/textures/idle_down.png
23:34:20.335 [FXGL Background Thread 2 ] DEBUG FXGLAssetLoaderServi - Loading from file system: file:/D:/Gonvival/game/target/classes/assets/textures/idle_up.png
23:34:20.346 [FXGL Background Thread 2 ] DEBUG FXGLAssetLoaderServi - Loading from file system: file:/D:/Gonvival/game/target/classes/assets/textures/idle_left_down.png
23:34:20.348 [FXGL Background Thread 2 ] DEBUG FXGLAssetLoaderServi - Loading from file system: file:/D:/Gonvival/game/target/classes/assets/textures/idle_left_up.png
23:34:20.351 [FXGL Background Thread 2 ] DEBUG FXGLAssetLoaderServi - Loading from file system: file:/D:/Gonvival/game/target/classes/assets/textures/idle_right_down.png
23:34:20.354 [FXGL Background Thread 2 ] DEBUG FXGLAssetLoaderServi - Loading from file system: file:/D:/Gonvival/game/target/classes/assets/textures/idle_right_up.png
23:34:20.357 [FXGL Background Thread 2 ] DEBUG FXGLAssetLoaderServi - Loading from file system: file:/D:/Gonvival/game/target/classes/assets/textures/walk_left_down.png
23:34:20.360 [FXGL Background Thread 2 ] DEBUG FXGLAssetLoaderServi - Loading from file system: file:/D:/Gonvival/game/target/classes/assets/textures/walk_right_down.png
23:34:20.363 [FXGL Background Thread 2 ] DEBUG FXGLAssetLoaderServi - Loading from file system: file:/D:/Gonvival/game/target/classes/assets/textures/walk_up.png
23:34:20.365 [FXGL Background Thread 2 ] DEBUG FXGLAssetLoaderServi - Loading from file system: file:/D:/Gonvival/game/target/classes/assets/textures/walk_down.png
23:34:20.367 [FXGL Background Thread 2 ] DEBUG FXGLAssetLoaderServi - Loading from file system: file:/D:/Gonvival/game/target/classes/assets/textures/walk_left_up.png
23:34:20.370 [FXGL Background Thread 2 ] DEBUG FXGLAssetLoaderServi - Loading from file system: file:/D:/Gonvival/game/target/classes/assets/textures/walk_right_up.png
23:34:20.385 [FXGL Background Thread 2 ] INFO  FXGLApplication      - Game initialization took: 0.171 sec
23:34:20.386 [JavaFX Application Thread] DEBUG Input                - Clearing active input actions
23:34:20.394 [JavaFX Application Thread] DEBUG GameApplicationServi - Removing overlay from FXGLLoadingScene and adding to GameScene
23:34:20.395 [JavaFX Application Thread] DEBUG PrimaryStageWindow   - FXGLLoadingScene -> GameScene
23:34:20.491 [JavaFX Application Thread] DEBUG Input                - Registered new binding: SHOOT - LMB
23:34:20.491 [JavaFX Application Thread] DEBUG Input                - Registered new binding: MOVE LEFT - A
23:34:20.491 [JavaFX Application Thread] DEBUG Input                - Registered new binding: MOVE RIGHT - D
23:34:20.492 [JavaFX Application Thread] DEBUG Input                - Registered new binding: MOVE UP - W
23:34:20.493 [JavaFX Application Thread] DEBUG Input                - Registered new binding: MOVE DOWN - S
23:34:21.162 [JavaFX Application Thread] DEBUG FXGLAssetLoaderServi - Loading from file system: file:/D:/Gonvival/game/target/classes/assets/textures/evil.png
23:34:21.982 [FXGL Background Thread 3 ] DEBUG Engine               - Logging environment variables
23:34:21.984 [FXGL Background Thread 3 ] DEBUG Engine               - achievements: []
23:34:21.984 [FXGL Background Thread 3 ] DEBUG Engine               - actualHeight: 800.0
23:34:21.984 [FXGL Background Thread 3 ] DEBUG Engine               - actualHeightProperty: ReadOnlyDoubleProperty [value: 800.0]
23:34:21.984 [FXGL Background Thread 3 ] DEBUG Engine               - actualWidth: 800.0
23:34:21.984 [FXGL Background Thread 3 ] DEBUG Engine               - actualWidthProperty: ReadOnlyDoubleProperty [value: 800.0]
23:34:21.984 [FXGL Background Thread 3 ] DEBUG Engine               - appIcon: fxgl_icon.png
23:34:21.984 [FXGL Background Thread 3 ] DEBUG Engine               - applicationMode: DEVELOPER
23:34:21.985 [FXGL Background Thread 3 ] DEBUG Engine               - cSSList: [fxgl_dark.css]
23:34:21.985 [FXGL Background Thread 3 ] DEBUG Engine               - collisionDetectionStrategy: BRUTE_FORCE
23:34:21.985 [FXGL Background Thread 3 ] DEBUG Engine               - configClass: Optional.empty
23:34:21.985 [FXGL Background Thread 3 ] DEBUG Engine               - credits: []
23:34:21.985 [FXGL Background Thread 3 ] DEBUG Engine               - defaultCursor: CursorInfo(imageName=fxgl_default_cursor.png, hotspotX=7.0, hotspotY=6.0)
23:34:21.987 [FXGL Background Thread 3 ] DEBUG Engine               - devBBoxColorProperty: ObjectProperty [value: 0xff0000ff]
23:34:21.987 [FXGL Background Thread 3 ] DEBUG Engine               - devEnableDebugCameraProperty: BooleanProperty [value: false]
23:34:21.987 [FXGL Background Thread 3 ] DEBUG Engine               - devSensorColorProperty: ObjectProperty [value: 0xffff00ff]
23:34:21.987 [FXGL Background Thread 3 ] DEBUG Engine               - devShowBBoxProperty: BooleanProperty [value: false]
23:34:21.988 [FXGL Background Thread 3 ] DEBUG Engine               - devShowPositionProperty: BooleanProperty [value: false]
23:34:21.988 [FXGL Background Thread 3 ] DEBUG Engine               - enabledMenuItems: []
23:34:21.988 [FXGL Background Thread 3 ] DEBUG Engine               - engineServices: [class com.almasb.fxgl.app.services.FXGLAssetLoaderService, class com.almasb.fxgl.app.FXGLApplication$GameApplicationService, class com.almasb.fxgl.app.services.FXGLDialogService, class com.almasb.fxgl.app.services.IOTaskExecutorService, class com.almasb.fxgl.io.FileSystemService, class com.almasb.fxgl.localization.LocalizationService, class com.almasb.fxgl.app.services.SystemBundleService, class com.almasb.fxgl.profile.SaveLoadService, class com.almasb.fxgl.ui.FXGLUIFactoryServiceProvider, class com.almasb.fxgl.ui.FXGLDialogFactoryServiceProvider, class com.almasb.fxgl.audio.AudioPlayer, class com.almasb.fxgl.notification.impl.NotificationServiceProvider, class com.almasb.fxgl.achievement.AchievementService, class com.almasb.fxgl.cutscene.CutsceneService, class com.almasb.fxgl.minigames.MiniGameService, class com.almasb.fxgl.net.NetService, class com.almasb.fxgl.app.services.UpdaterService, class com.almasb.fxgl.dev.DevService]
23:34:21.988 [FXGL Background Thread 3 ] DEBUG Engine               - fontGame: Abel-Regular.ttf
23:34:21.988 [FXGL Background Thread 3 ] DEBUG Engine               - fontMono: TerminalLandMono-Regular.otf
23:34:21.988 [FXGL Background Thread 3 ] DEBUG Engine               - fontSizeScaleUI: 1.0
23:34:21.989 [FXGL Background Thread 3 ] DEBUG Engine               - fontText: Courier-Prime.ttf
23:34:21.989 [FXGL Background Thread 3 ] DEBUG Engine               - fontUI: VarelaRound-Regular.ttf
23:34:21.990 [FXGL Background Thread 3 ] DEBUG Engine               - fullScreen: BooleanProperty [value: false]
23:34:21.990 [FXGL Background Thread 3 ] DEBUG Engine               - gameDifficulty: MEDIUM
23:34:21.990 [FXGL Background Thread 3 ] DEBUG Engine               - gameDifficultyProperty: ObjectProperty [value: MEDIUM]
23:34:21.990 [FXGL Background Thread 3 ] DEBUG Engine               - globalMusicVolume: 0.5
23:34:21.990 [FXGL Background Thread 3 ] DEBUG Engine               - globalMusicVolumeProperty: DoubleProperty [value: 0.5]
23:34:21.991 [FXGL Background Thread 3 ] DEBUG Engine               - globalSoundVolume: 0.5
23:34:21.991 [FXGL Background Thread 3 ] DEBUG Engine               - globalSoundVolumeProperty: DoubleProperty [value: 0.5]
23:34:21.991 [FXGL Background Thread 3 ] DEBUG Engine               - height: 800
23:34:21.991 [FXGL Background Thread 3 ] DEBUG Engine               - is3D: false
23:34:21.991 [FXGL Background Thread 3 ] DEBUG Engine               - isAndroid: false
23:34:21.991 [FXGL Background Thread 3 ] DEBUG Engine               - isBrowser: false
23:34:21.992 [FXGL Background Thread 3 ] DEBUG Engine               - isClickFeedbackEnabled: false
23:34:21.992 [FXGL Background Thread 3 ] DEBUG Engine               - isCloseConfirmation: false
23:34:21.992 [FXGL Background Thread 3 ] DEBUG Engine               - isDesktop: true
23:34:21.992 [FXGL Background Thread 3 ] DEBUG Engine               - isDeveloperMenuEnabled: false
23:34:21.992 [FXGL Background Thread 3 ] DEBUG Engine               - isEmbedded: false
23:34:21.992 [FXGL Background Thread 3 ] DEBUG Engine               - isEntityPreloadEnabled: true
23:34:21.992 [FXGL Background Thread 3 ] DEBUG Engine               - isExperimentalTiledLargeMap: false
23:34:21.993 [FXGL Background Thread 3 ] DEBUG Engine               - isFileSystemWriteAllowed: true
23:34:21.993 [FXGL Background Thread 3 ] DEBUG Engine               - isFullScreenAllowed: false
23:34:21.993 [FXGL Background Thread 3 ] DEBUG Engine               - isFullScreenFromStart: false
23:34:21.993 [FXGL Background Thread 3 ] DEBUG Engine               - isGameMenuEnabled: true
23:34:21.994 [FXGL Background Thread 3 ] DEBUG Engine               - isIOS: false
23:34:21.994 [FXGL Background Thread 3 ] DEBUG Engine               - isIntroEnabled: false
23:34:21.994 [FXGL Background Thread 3 ] DEBUG Engine               - isLinux: false
23:34:21.994 [FXGL Background Thread 3 ] DEBUG Engine               - isMac: false
23:34:21.994 [FXGL Background Thread 3 ] DEBUG Engine               - isMainMenuEnabled: true
23:34:21.995 [FXGL Background Thread 3 ] DEBUG Engine               - isManualResizeEnabled: false
23:34:21.995 [FXGL Background Thread 3 ] DEBUG Engine               - isMobile: false
23:34:21.995 [FXGL Background Thread 3 ] DEBUG Engine               - isNative: false
23:34:21.995 [FXGL Background Thread 3 ] DEBUG Engine               - isPauseMusicWhenMinimized: true
23:34:21.995 [FXGL Background Thread 3 ] DEBUG Engine               - isPreserveResizeRatio: false
23:34:21.995 [FXGL Background Thread 3 ] DEBUG Engine               - isProfilingEnabled: false
23:34:21.995 [FXGL Background Thread 3 ] DEBUG Engine               - isScaleAffectedOnResize: true
23:34:21.995 [FXGL Background Thread 3 ] DEBUG Engine               - isSingleStep: false
23:34:21.995 [FXGL Background Thread 3 ] DEBUG Engine               - isUserProfileEnabled: false
23:34:21.996 [FXGL Background Thread 3 ] DEBUG Engine               - isWindows: true
23:34:21.996 [FXGL Background Thread 3 ] DEBUG Engine               - language: ObjectProperty [value: ENGLISH]
23:34:21.996 [FXGL Background Thread 3 ] DEBUG Engine               - menuKey: ESCAPE
23:34:21.996 [FXGL Background Thread 3 ] DEBUG Engine               - mouseSensitivity: 0.2
23:34:21.996 [FXGL Background Thread 3 ] DEBUG Engine               - notificationViewClass: class com.almasb.fxgl.notification.view.XboxNotificationView
23:34:21.997 [FXGL Background Thread 3 ] DEBUG Engine               - pixelsPerMeter: 50.0
23:34:21.997 [FXGL Background Thread 3 ] DEBUG Engine               - platform: WINDOWS
23:34:21.997 [FXGL Background Thread 3 ] DEBUG Engine               - prefHeightProperty: ReadOnlyDoubleProperty [value: 800.0]
23:34:21.997 [FXGL Background Thread 3 ] DEBUG Engine               - prefWidthProperty: ReadOnlyDoubleProperty [value: 800.0]
23:34:21.997 [FXGL Background Thread 3 ] DEBUG Engine               - profileDir: profiles/
23:34:21.997 [FXGL Background Thread 3 ] DEBUG Engine               - profileName: StringProperty [value: DEFAULT]
23:34:21.997 [FXGL Background Thread 3 ] DEBUG Engine               - randomSeed: -1
23:34:21.999 [FXGL Background Thread 3 ] DEBUG Engine               - runtimeInfo: RuntimeInfo(platform=WINDOWS, version=21.1, build=27.03.2024 07.52)
23:34:22.000 [FXGL Background Thread 3 ] DEBUG Engine               - saveFileExt: sav
23:34:22.000 [FXGL Background Thread 3 ] DEBUG Engine               - scaledHeightProp$fxgl: DoubleProperty [bound, value: 800.0]
23:34:22.000 [FXGL Background Thread 3 ] DEBUG Engine               - scaledWidthProp$fxgl: DoubleProperty [bound, value: 800.0]
23:34:22.001 [FXGL Background Thread 3 ] DEBUG Engine               - sceneFactory: com.almasb.fxgl.app.scene.SceneFactory@4133a34
23:34:22.001 [FXGL Background Thread 3 ] DEBUG Engine               - secondsIn24h: 60
23:34:22.001 [FXGL Background Thread 3 ] DEBUG Engine               - soundMenuBack: menu/back.wav
23:34:22.001 [FXGL Background Thread 3 ] DEBUG Engine               - soundMenuPress: menu/press.wav
23:34:22.001 [FXGL Background Thread 3 ] DEBUG Engine               - soundMenuSelect: menu/select.wav
23:34:22.001 [FXGL Background Thread 3 ] DEBUG Engine               - soundNotification: core/notification.wav
23:34:22.001 [FXGL Background Thread 3 ] DEBUG Engine               - stageStyle: DECORATED
23:34:22.001 [FXGL Background Thread 3 ] DEBUG Engine               - supportedLanguages: [ENGLISH, FRENCH, GERMAN, HUNGARIAN, RUSSIAN]
23:34:22.001 [FXGL Background Thread 3 ] DEBUG Engine               - ticksPerSecond: -1
23:34:22.002 [FXGL Background Thread 3 ] DEBUG Engine               - title: Gonvival
23:34:22.002 [FXGL Background Thread 3 ] DEBUG Engine               - urlGithub: https://github.com/AlmasB/FXGL
23:34:22.002 [FXGL Background Thread 3 ] DEBUG Engine               - urlLeaderboard: http://fxgl-top.herokuapp.com/
23:34:22.002 [FXGL Background Thread 3 ] DEBUG Engine               - urlPOM: https://raw.githubusercontent.com/AlmasB/FXGL/release/README.md
23:34:22.002 [FXGL Background Thread 3 ] DEBUG Engine               - userAppClass: class com.lab.App
23:34:22.002 [FXGL Background Thread 3 ] DEBUG Engine               - version: beta
23:34:22.002 [FXGL Background Thread 3 ] DEBUG Engine               - versionCheckDays: 7
23:34:22.002 [FXGL Background Thread 3 ] DEBUG Engine               - width: 800
23:34:22.002 [FXGL Background Thread 3 ] DEBUG Engine               - Logging services
23:34:22.002 [FXGL Background Thread 3 ] DEBUG Engine               - class com.almasb.fxgl.app.services.FXGLAssetLoaderService
23:34:22.002 [FXGL Background Thread 3 ] DEBUG Engine               - class com.almasb.fxgl.app.FXGLApplication$GameApplicationService
23:34:22.003 [FXGL Background Thread 3 ] DEBUG Engine               - class com.almasb.fxgl.app.services.FXGLDialogService
23:34:22.003 [FXGL Background Thread 3 ] DEBUG Engine               - class com.almasb.fxgl.app.services.IOTaskExecutorService
23:34:22.003 [FXGL Background Thread 3 ] DEBUG Engine               - class com.almasb.fxgl.io.FileSystemService
23:34:22.003 [FXGL Background Thread 3 ] DEBUG Engine               - class com.almasb.fxgl.localization.LocalizationService
23:34:22.003 [FXGL Background Thread 3 ] DEBUG Engine               - class com.almasb.fxgl.app.services.SystemBundleService
23:34:22.003 [FXGL Background Thread 3 ] DEBUG Engine               - class com.almasb.fxgl.profile.SaveLoadService
23:34:22.003 [FXGL Background Thread 3 ] DEBUG Engine               - class com.almasb.fxgl.ui.FXGLUIFactoryServiceProvider
23:34:22.003 [FXGL Background Thread 3 ] DEBUG Engine               - class com.almasb.fxgl.ui.FXGLDialogFactoryServiceProvider
23:34:22.003 [FXGL Background Thread 3 ] DEBUG Engine               - class com.almasb.fxgl.audio.AudioPlayer
23:34:22.003 [FXGL Background Thread 3 ] DEBUG Engine               - class com.almasb.fxgl.notification.impl.NotificationServiceProvider
23:34:22.003 [FXGL Background Thread 3 ] DEBUG Engine               - class com.almasb.fxgl.achievement.AchievementService
23:34:22.003 [FXGL Background Thread 3 ] DEBUG Engine               - class com.almasb.fxgl.cutscene.CutsceneService
23:34:22.004 [FXGL Background Thread 3 ] DEBUG Engine               - class com.almasb.fxgl.minigames.MiniGameService
23:34:22.004 [FXGL Background Thread 3 ] DEBUG Engine               - class com.almasb.fxgl.net.NetService
23:34:22.004 [FXGL Background Thread 3 ] DEBUG Engine               - class com.almasb.fxgl.app.services.UpdaterService
23:34:22.004 [FXGL Background Thread 3 ] DEBUG Engine               - class com.almasb.fxgl.dev.DevService
23:34:22.591 [JavaFX Application Thread] DEBUG FXGLAssetLoaderServi - Loading from file system: file:/D:/Gonvival/game/target/classes/assets/textures/arrow.png
23:34:37.114 [JavaFX Application Thread] DEBUG FXGLApplication      - Exiting FXGL
23:34:37.114 [JavaFX Application Thread] DEBUG LoopRunner           - Stopping loop
23:34:37.114 [JavaFX Application Thread] DEBUG SystemBundleService  - Saving FXGL system data
23:34:37.118 [JavaFX Application Thread] DEBUG FileSystemAccess     - Writing to: D:\Gonvival\system\fxgl.bundle
23:34:37.123 [JavaFX Application Thread] DEBUG Async                - Shutting down background threads
23:34:37.124 [JavaFX Application Thread] DEBUG PrimaryStageWindow   - Closing main window
23:34:37.190 [JavaFX Application Thread] DEBUG Logger               - Closing Logger
