02:56:51.154 [main                     ] DEBUG Logger               - Configured Logger
02:56:51.176 [main                     ] DEBUG GameApplication      - Logging settings
Title: Gonvival
Version: beta
Width: 800
Height: 800
Fullscreen: false
Intro: false
Profiling: false
Single step:false
App Mode: DEVELOPER
Menu Key: ESCAPE
Stage Style: DECORATED
Scene Factory: class com.almasb.fxgl.app.scene.SceneFactory

02:56:52.225 [JavaFX Application Thread] DEBUG FXGLApplication      - Initializing FXGL
02:56:52.230 [JavaFX Application Thread] INFO  Engine               - FXGL-21.1 (27.03.2024 07.52) on WINDOWS (J:21.0.5 FX:21.0.1)
02:56:52.230 [JavaFX Application Thread] DEBUG Engine               - JRE Vendor Name: Eclipse Adoptium
02:56:52.231 [JavaFX Application Thread] DEBUG Engine               - Running on OS: Windows 11 version 10.0
02:56:52.231 [JavaFX Application Thread] DEBUG Engine               - Architecture: amd64
02:56:52.231 [JavaFX Application Thread] INFO  Engine               - Source code and latest versions at: https://github.com/AlmasB/FXGL
02:56:52.231 [JavaFX Application Thread] INFO  Engine               -       Ask questions and discuss at: https://github.com/AlmasB/FXGL/discussions
02:56:52.232 [JavaFX Application Thread] INFO  Engine               -              Join the FXGL chat at: https://gitter.im/AlmasB/FXGL
02:56:52.345 [JavaFX Application Thread] DEBUG PrimaryStageWindow   - Creating a JavaFX scene
02:56:52.403 [JavaFX Application Thread] DEBUG PrimaryStageWindow   - Target settings size: 800.0 x 800.0
02:56:52.403 [JavaFX Application Thread] DEBUG PrimaryStageWindow   - Scaled scene size:    800.0 x 800.0
02:56:52.403 [JavaFX Application Thread] DEBUG PrimaryStageWindow   - Scaled ratio: (1.0, 1.0)
02:56:52.406 [JavaFX Application Thread] DEBUG PrimaryStageWindow   - Set initial scene to FXGLStartupScene
02:56:52.409 [JavaFX Application Thread] DEBUG PrimaryStageWindow   - Opening main window
02:56:52.573 [JavaFX Application Thread] DEBUG PrimaryStageWindow   - Window border size: (14.4000244140625, 37.5999755859375)
02:56:52.573 [JavaFX Application Thread] DEBUG PrimaryStageWindow   - Scaled size: 800.0 x 800.0
02:56:52.574 [JavaFX Application Thread] DEBUG PrimaryStageWindow   - Scaled ratio: (1.0, 1.0)
02:56:52.574 [JavaFX Application Thread] DEBUG PrimaryStageWindow   - Scene size: 800.0 x 800.0
02:56:52.575 [JavaFX Application Thread] DEBUG PrimaryStageWindow   - Stage size: 814.4000244140625 x 837.5999755859375
02:56:52.585 [FXGL Background Thread 1 ] DEBUG Engine               - Initializing environment variables
02:56:52.691 [FXGL Background Thread 1 ] DEBUG FXGLAssetLoaderServi - User app class for loading assets: class com.lab.App
02:56:52.691 [FXGL Background Thread 1 ] DEBUG GameApplicationServi - Applying CSS: fxgl_dark.css
02:56:52.692 [FXGL Background Thread 1 ] DEBUG FXGLAssetLoaderServi - Loading from file system: jar:file:/C:/Users/HP/.m2/repository/com/github/almasb/fxgl/21.1/fxgl-21.1.jar!/fxglassets/ui/css/fxgl_dark.css
02:56:52.735 [FXGL Background Thread 1 ] DEBUG GameApplicationServi - Initializing application scenes
02:56:52.791 [FXGL Background Thread 1 ] DEBUG GameWorld            - Game world initialized
02:56:52.875 [FXGL Background Thread 1 ] DEBUG PhysicsWorld         - Physics world initialized: appHeight=800, physics.ppm=50.0
02:56:52.876 [FXGL Background Thread 1 ] DEBUG PhysicsWorld         - Using strategy: BRUTE_FORCE
02:56:52.880 [FXGL Background Thread 1 ] DEBUG GameScene            - Game scene initialized: 800x800
02:56:52.896 [FXGL Background Thread 1 ] DEBUG FXGL.DefaultMenu     - createMenuBodyMainMenu()
02:56:52.924 [FXGL Background Thread 1 ] DEBUG FXGL.DefaultMenu     - createOptionsMenu()
02:56:52.940 [FXGL Background Thread 1 ] DEBUG FXGLAssetLoaderServi - Loading from file system: jar:file:/C:/Users/HP/.m2/repository/com/github/almasb/fxgl/21.1/fxgl-21.1.jar!/fxglassets/textures/particles/smoke.png
02:56:53.137 [FXGL Background Thread 1 ] DEBUG FXGLAssetLoaderServi - Loading from file system: jar:file:/C:/Users/HP/.m2/repository/com/github/almasb/fxgl/21.1/fxgl-21.1.jar!/fxglassets/textures/particles/trace_horizontal.png
02:56:53.172 [FXGL Background Thread 1 ] DEBUG FXGL.DefaultMenu     - createMenuBodyGameMenu()
02:56:53.173 [FXGL Background Thread 1 ] DEBUG FXGL.DefaultMenu     - createOptionsMenu()
02:56:53.186 [FXGL Background Thread 1 ] DEBUG GameApplicationServi - Application scenes initialized
02:56:53.200 [FXGL Background Thread 1 ] DEBUG SystemBundleService  - Loading FXGL system data
02:56:53.210 [FXGL Background Thread 1 ] DEBUG FileSystemAccess     - Reading from: D:\Gonvival\system\fxgl.bundle
02:56:53.223 [FXGL Background Thread 1 ] DEBUG SystemBundleService  - Bundle FXGL: {}
02:56:53.224 [FXGL Background Thread 1 ] DEBUG UpdaterService       - Checking for updates
02:56:53.231 [FXGL Background Thread 4 ] DEBUG FXGLApplication      - Loading fonts
02:56:53.232 [FXGL Background Thread 4 ] DEBUG FXGLAssetLoaderServi - Loading from file system: jar:file:/C:/Users/HP/.m2/repository/com/github/almasb/fxgl/21.1/fxgl-21.1.jar!/fxglassets/ui/fonts/VarelaRound-Regular.ttf
02:56:53.236 [FXGL Background Thread 1 ] DEBUG FXGLApplication      - Loading default localization
02:56:53.237 [FXGL Background Thread 1 ] DEBUG FXGLAssetLoaderServi - Loading from file system: jar:file:/C:/Users/HP/.m2/repository/com/github/almasb/fxgl/21.1/fxgl-21.1.jar!/fxglassets/languages/english.lang
02:56:53.335 [FXGL Background Thread 1 ] INFO  FXGLApplication      - FXGL initialization took: 0.750 sec
02:56:53.336 [FXGL Background Thread 4 ] DEBUG FXGLAssetLoaderServi - Loading from file system: jar:file:/C:/Users/HP/.m2/repository/com/github/almasb/fxgl/21.1/fxgl-21.1.jar!/fxglassets/ui/fonts/Abel-Regular.ttf
02:56:53.338 [JavaFX Application Thread] DEBUG FXGLAssetLoaderServi - Loading from file system: jar:file:/C:/Users/HP/.m2/repository/com/github/almasb/fxgl/21.1/fxgl-21.1.jar!/fxglassets/textures/fxgl_icon.png
02:56:53.344 [FXGL Background Thread 4 ] DEBUG FXGLAssetLoaderServi - Loading from file system: jar:file:/C:/Users/HP/.m2/repository/com/github/almasb/fxgl/21.1/fxgl-21.1.jar!/fxglassets/ui/fonts/TerminalLandMono-Regular.otf
02:56:53.352 [FXGL Background Thread 4 ] DEBUG FXGLAssetLoaderServi - Loading from file system: jar:file:/C:/Users/HP/.m2/repository/com/github/almasb/fxgl/21.1/fxgl-21.1.jar!/fxglassets/ui/fonts/Courier-Prime.ttf
02:56:53.372 [JavaFX Application Thread] DEBUG FXGLAssetLoaderServi - Loading from file system: jar:file:/C:/Users/HP/.m2/repository/com/github/almasb/fxgl/21.1/fxgl-21.1.jar!/fxglassets/textures/fxgl_default_cursor.png
02:56:53.396 [JavaFX Application Thread] DEBUG Input                - Registered new binding: Screenshot - CTRL+8
02:56:53.397 [JavaFX Application Thread] DEBUG Input                - Registered new binding: System info dump - CTRL+9
02:56:53.398 [JavaFX Application Thread] DEBUG Input                - Registered new binding: Restart - CTRL+R
02:56:53.399 [JavaFX Application Thread] DEBUG Input                - Registered new binding: Toggle Debug Camera - CTRL+7
02:56:53.405 [JavaFX Application Thread] DEBUG LoopRunner           - Starting loop
02:56:53.406 [JavaFX Application Thread] DEBUG LoopRunner           - Initializing JavaFX AnimationTimerLoop
02:56:53.414 [JavaFX Application Thread] DEBUG Input                - Clearing active input actions
02:56:53.423 [JavaFX Application Thread] DEBUG GameApplicationServi - Removing overlay from FXGLStartupScene and adding to FXGLMainMenuDummyScene
02:56:53.424 [JavaFX Application Thread] DEBUG PrimaryStageWindow   - FXGLStartupScene -> FXGLMainMenuDummyScene
02:56:53.424 [JavaFX Application Thread] DEBUG PrimaryStageWindow   - Push state: FXGLDefaultMenu
02:56:53.436 [JavaFX Application Thread] DEBUG Input                - Clearing active input actions
02:56:53.453 [JavaFX Application Thread] DEBUG GameApplicationServi - Removing overlay from FXGLMainMenuDummyScene and adding to FXGLDefaultMenu
02:56:53.453 [JavaFX Application Thread] DEBUG PrimaryStageWindow   - FXGLMainMenuDummyScene -> FXGLDefaultMenu
02:56:53.454 [JavaFX Application Thread] DEBUG FXGLApplication      - Registering font factories with UI factory
02:56:54.718 [JavaFX Application Thread] DEBUG Menu                 - fireNewGame()
02:56:54.719 [JavaFX Application Thread] DEBUG GameApplicationServi - Starting new game
02:56:54.723 [JavaFX Application Thread] DEBUG PrimaryStageWindow   - Pop state: FXGLDefaultMenu
02:56:54.724 [JavaFX Application Thread] DEBUG Input                - Clearing active input actions
02:56:54.726 [JavaFX Application Thread] DEBUG GameApplicationServi - Removing overlay from FXGLDefaultMenu and adding to FXGLMainMenuDummyScene
02:56:54.727 [JavaFX Application Thread] DEBUG PrimaryStageWindow   - FXGLMainMenuDummyScene <- FXGLDefaultMenu
02:56:54.728 [JavaFX Application Thread] DEBUG Input                - Clearing active input actions
02:56:54.743 [JavaFX Application Thread] DEBUG GameApplicationServi - Removing overlay from FXGLMainMenuDummyScene and adding to FXGLLoadingScene
02:56:54.745 [JavaFX Application Thread] DEBUG PrimaryStageWindow   - FXGLMainMenuDummyScene -> FXGLLoadingScene
02:56:54.745 [JavaFX Application Thread] DEBUG GameApplicationServi - Clearing previous game
02:56:54.745 [JavaFX Application Thread] DEBUG GameScene            - Clearing game scene
02:56:54.745 [JavaFX Application Thread] DEBUG GameWorld            - Clearing game world
02:56:54.746 [JavaFX Application Thread] DEBUG PhysicsWorld         - Clearing physics world
02:56:54.749 [FXGL Background Thread 2 ] DEBUG FXGLApplication      - Initializing game
02:56:54.770 [FXGL Background Thread 2 ] DEBUG FXGLAssetLoaderServi - Loading from file system: file:/D:/Gonvival/game/target/classes/assets/textures/map.png
02:56:54.828 [FXGL Background Thread 2 ] DEBUG FXGLAssetLoaderServi - Loading from file system: file:/D:/Gonvival/game/target/classes/assets/textures/g.png
02:56:54.851 [FXGL Background Thread 2 ] DEBUG FXGLAssetLoaderServi - Loading from file system: file:/D:/Gonvival/game/target/classes/assets/textures/character.png
02:56:54.868 [FXGL Background Thread 2 ] INFO  FXGLApplication      - Game initialization took: 0.119 sec
02:56:54.869 [JavaFX Application Thread] DEBUG Input                - Clearing active input actions
02:56:54.878 [JavaFX Application Thread] DEBUG GameApplicationServi - Removing overlay from FXGLLoadingScene and adding to GameScene
02:56:54.879 [JavaFX Application Thread] DEBUG PrimaryStageWindow   - FXGLLoadingScene -> GameScene
02:56:54.971 [JavaFX Application Thread] DEBUG Input                - Registered new binding: SHOOT - LMB
02:56:54.971 [JavaFX Application Thread] DEBUG Input                - Registered new binding: MOVE LEFT - A
02:56:54.972 [JavaFX Application Thread] DEBUG Input                - Registered new binding: MOVE RIGHT - D
02:56:54.972 [JavaFX Application Thread] DEBUG Input                - Registered new binding: MOVE UP - W
02:56:54.973 [JavaFX Application Thread] DEBUG Input                - Registered new binding: MOVE DOWN - S
02:56:55.727 [JavaFX Application Thread] DEBUG FXGLAssetLoaderServi - Loading from file system: file:/D:/Gonvival/game/target/classes/assets/textures/evil.png
02:56:56.229 [FXGL Background Thread 3 ] DEBUG Engine               - Logging environment variables
02:56:56.230 [FXGL Background Thread 3 ] DEBUG Engine               - achievements: []
02:56:56.230 [FXGL Background Thread 3 ] DEBUG Engine               - actualHeight: 800.0
02:56:56.230 [FXGL Background Thread 3 ] DEBUG Engine               - actualHeightProperty: ReadOnlyDoubleProperty [value: 800.0]
02:56:56.230 [FXGL Background Thread 3 ] DEBUG Engine               - actualWidth: 800.0
02:56:56.232 [FXGL Background Thread 3 ] DEBUG Engine               - actualWidthProperty: ReadOnlyDoubleProperty [value: 800.0]
02:56:56.232 [FXGL Background Thread 3 ] DEBUG Engine               - appIcon: fxgl_icon.png
02:56:56.232 [FXGL Background Thread 3 ] DEBUG Engine               - applicationMode: DEVELOPER
02:56:56.232 [FXGL Background Thread 3 ] DEBUG Engine               - cSSList: [fxgl_dark.css]
02:56:56.232 [FXGL Background Thread 3 ] DEBUG Engine               - collisionDetectionStrategy: BRUTE_FORCE
02:56:56.233 [FXGL Background Thread 3 ] DEBUG Engine               - configClass: Optional.empty
02:56:56.233 [FXGL Background Thread 3 ] DEBUG Engine               - credits: []
02:56:56.234 [FXGL Background Thread 3 ] DEBUG Engine               - defaultCursor: CursorInfo(imageName=fxgl_default_cursor.png, hotspotX=7.0, hotspotY=6.0)
02:56:56.234 [FXGL Background Thread 3 ] DEBUG Engine               - devBBoxColorProperty: ObjectProperty [value: 0xff0000ff]
02:56:56.234 [FXGL Background Thread 3 ] DEBUG Engine               - devEnableDebugCameraProperty: BooleanProperty [value: false]
02:56:56.234 [FXGL Background Thread 3 ] DEBUG Engine               - devSensorColorProperty: ObjectProperty [value: 0xffff00ff]
02:56:56.234 [FXGL Background Thread 3 ] DEBUG Engine               - devShowBBoxProperty: BooleanProperty [value: false]
02:56:56.234 [FXGL Background Thread 3 ] DEBUG Engine               - devShowPositionProperty: BooleanProperty [value: false]
02:56:56.234 [FXGL Background Thread 3 ] DEBUG Engine               - enabledMenuItems: []
02:56:56.235 [FXGL Background Thread 3 ] DEBUG Engine               - engineServices: [class com.almasb.fxgl.app.services.FXGLAssetLoaderService, class com.almasb.fxgl.app.FXGLApplication$GameApplicationService, class com.almasb.fxgl.app.services.FXGLDialogService, class com.almasb.fxgl.app.services.IOTaskExecutorService, class com.almasb.fxgl.io.FileSystemService, class com.almasb.fxgl.localization.LocalizationService, class com.almasb.fxgl.app.services.SystemBundleService, class com.almasb.fxgl.profile.SaveLoadService, class com.almasb.fxgl.ui.FXGLUIFactoryServiceProvider, class com.almasb.fxgl.ui.FXGLDialogFactoryServiceProvider, class com.almasb.fxgl.audio.AudioPlayer, class com.almasb.fxgl.notification.impl.NotificationServiceProvider, class com.almasb.fxgl.achievement.AchievementService, class com.almasb.fxgl.cutscene.CutsceneService, class com.almasb.fxgl.minigames.MiniGameService, class com.almasb.fxgl.net.NetService, class com.almasb.fxgl.app.services.UpdaterService, class com.almasb.fxgl.dev.DevService]
02:56:56.235 [FXGL Background Thread 3 ] DEBUG Engine               - fontGame: Abel-Regular.ttf
02:56:56.235 [FXGL Background Thread 3 ] DEBUG Engine               - fontMono: TerminalLandMono-Regular.otf
02:56:56.235 [FXGL Background Thread 3 ] DEBUG Engine               - fontSizeScaleUI: 1.0
02:56:56.235 [FXGL Background Thread 3 ] DEBUG Engine               - fontText: Courier-Prime.ttf
02:56:56.235 [FXGL Background Thread 3 ] DEBUG Engine               - fontUI: VarelaRound-Regular.ttf
02:56:56.235 [FXGL Background Thread 3 ] DEBUG Engine               - fullScreen: BooleanProperty [value: false]
02:56:56.237 [FXGL Background Thread 3 ] DEBUG Engine               - gameDifficulty: MEDIUM
02:56:56.237 [FXGL Background Thread 3 ] DEBUG Engine               - gameDifficultyProperty: ObjectProperty [value: MEDIUM]
02:56:56.237 [FXGL Background Thread 3 ] DEBUG Engine               - globalMusicVolume: 0.5
02:56:56.238 [FXGL Background Thread 3 ] DEBUG Engine               - globalMusicVolumeProperty: DoubleProperty [value: 0.5]
02:56:56.238 [FXGL Background Thread 3 ] DEBUG Engine               - globalSoundVolume: 0.5
02:56:56.239 [FXGL Background Thread 3 ] DEBUG Engine               - globalSoundVolumeProperty: DoubleProperty [value: 0.5]
02:56:56.239 [FXGL Background Thread 3 ] DEBUG Engine               - height: 800
02:56:56.239 [FXGL Background Thread 3 ] DEBUG Engine               - is3D: false
02:56:56.240 [FXGL Background Thread 3 ] DEBUG Engine               - isAndroid: false
02:56:56.240 [FXGL Background Thread 3 ] DEBUG Engine               - isBrowser: false
02:56:56.240 [FXGL Background Thread 3 ] DEBUG Engine               - isClickFeedbackEnabled: false
02:56:56.240 [FXGL Background Thread 3 ] DEBUG Engine               - isCloseConfirmation: false
02:56:56.241 [FXGL Background Thread 3 ] DEBUG Engine               - isDesktop: true
02:56:56.241 [FXGL Background Thread 3 ] DEBUG Engine               - isDeveloperMenuEnabled: false
02:56:56.241 [FXGL Background Thread 3 ] DEBUG Engine               - isEmbedded: false
02:56:56.241 [FXGL Background Thread 3 ] DEBUG Engine               - isEntityPreloadEnabled: true
02:56:56.241 [FXGL Background Thread 3 ] DEBUG Engine               - isExperimentalTiledLargeMap: false
02:56:56.241 [FXGL Background Thread 3 ] DEBUG Engine               - isFileSystemWriteAllowed: true
02:56:56.242 [FXGL Background Thread 3 ] DEBUG Engine               - isFullScreenAllowed: false
02:56:56.242 [FXGL Background Thread 3 ] DEBUG Engine               - isFullScreenFromStart: false
02:56:56.242 [FXGL Background Thread 3 ] DEBUG Engine               - isGameMenuEnabled: true
02:56:56.242 [FXGL Background Thread 3 ] DEBUG Engine               - isIOS: false
02:56:56.242 [FXGL Background Thread 3 ] DEBUG Engine               - isIntroEnabled: false
02:56:56.242 [FXGL Background Thread 3 ] DEBUG Engine               - isLinux: false
02:56:56.242 [FXGL Background Thread 3 ] DEBUG Engine               - isMac: false
02:56:56.242 [FXGL Background Thread 3 ] DEBUG Engine               - isMainMenuEnabled: true
02:56:56.243 [FXGL Background Thread 3 ] DEBUG Engine               - isManualResizeEnabled: false
02:56:56.243 [FXGL Background Thread 3 ] DEBUG Engine               - isMobile: false
02:56:56.243 [FXGL Background Thread 3 ] DEBUG Engine               - isNative: false
02:56:56.243 [FXGL Background Thread 3 ] DEBUG Engine               - isPauseMusicWhenMinimized: true
02:56:56.243 [FXGL Background Thread 3 ] DEBUG Engine               - isPreserveResizeRatio: false
02:56:56.243 [FXGL Background Thread 3 ] DEBUG Engine               - isProfilingEnabled: false
02:56:56.243 [FXGL Background Thread 3 ] DEBUG Engine               - isScaleAffectedOnResize: true
02:56:56.243 [FXGL Background Thread 3 ] DEBUG Engine               - isSingleStep: false
02:56:56.243 [FXGL Background Thread 3 ] DEBUG Engine               - isUserProfileEnabled: false
02:56:56.244 [FXGL Background Thread 3 ] DEBUG Engine               - isWindows: true
02:56:56.244 [FXGL Background Thread 3 ] DEBUG Engine               - language: ObjectProperty [value: ENGLISH]
02:56:56.244 [FXGL Background Thread 3 ] DEBUG Engine               - menuKey: ESCAPE
02:56:56.244 [FXGL Background Thread 3 ] DEBUG Engine               - mouseSensitivity: 0.2
02:56:56.244 [FXGL Background Thread 3 ] DEBUG Engine               - notificationViewClass: class com.almasb.fxgl.notification.view.XboxNotificationView
02:56:56.244 [FXGL Background Thread 3 ] DEBUG Engine               - pixelsPerMeter: 50.0
02:56:56.244 [FXGL Background Thread 3 ] DEBUG Engine               - platform: WINDOWS
02:56:56.244 [FXGL Background Thread 3 ] DEBUG Engine               - prefHeightProperty: ReadOnlyDoubleProperty [value: 800.0]
02:56:56.245 [FXGL Background Thread 3 ] DEBUG Engine               - prefWidthProperty: ReadOnlyDoubleProperty [value: 800.0]
02:56:56.245 [FXGL Background Thread 3 ] DEBUG Engine               - profileDir: profiles/
02:56:56.245 [FXGL Background Thread 3 ] DEBUG Engine               - profileName: StringProperty [value: DEFAULT]
02:56:56.245 [FXGL Background Thread 3 ] DEBUG Engine               - randomSeed: -1
02:56:56.245 [FXGL Background Thread 3 ] DEBUG Engine               - runtimeInfo: RuntimeInfo(platform=WINDOWS, version=21.1, build=27.03.2024 07.52)
02:56:56.245 [FXGL Background Thread 3 ] DEBUG Engine               - saveFileExt: sav
02:56:56.245 [FXGL Background Thread 3 ] DEBUG Engine               - scaledHeightProp$fxgl: DoubleProperty [bound, value: 800.0]
02:56:56.247 [FXGL Background Thread 3 ] DEBUG Engine               - scaledWidthProp$fxgl: DoubleProperty [bound, value: 800.0]
02:56:56.247 [FXGL Background Thread 3 ] DEBUG Engine               - sceneFactory: com.almasb.fxgl.app.scene.SceneFactory@517e02be
02:56:56.247 [FXGL Background Thread 3 ] DEBUG Engine               - secondsIn24h: 60
02:56:56.247 [FXGL Background Thread 3 ] DEBUG Engine               - soundMenuBack: menu/back.wav
02:56:56.247 [FXGL Background Thread 3 ] DEBUG Engine               - soundMenuPress: menu/press.wav
02:56:56.248 [FXGL Background Thread 3 ] DEBUG Engine               - soundMenuSelect: menu/select.wav
02:56:56.248 [FXGL Background Thread 3 ] DEBUG Engine               - soundNotification: core/notification.wav
02:56:56.248 [FXGL Background Thread 3 ] DEBUG Engine               - stageStyle: DECORATED
02:56:56.248 [FXGL Background Thread 3 ] DEBUG Engine               - supportedLanguages: [ENGLISH, FRENCH, GERMAN, HUNGARIAN, RUSSIAN]
02:56:56.248 [FXGL Background Thread 3 ] DEBUG Engine               - ticksPerSecond: -1
02:56:56.248 [FXGL Background Thread 3 ] DEBUG Engine               - title: Gonvival
02:56:56.249 [FXGL Background Thread 3 ] DEBUG Engine               - urlGithub: https://github.com/AlmasB/FXGL
02:56:56.249 [FXGL Background Thread 3 ] DEBUG Engine               - urlLeaderboard: http://fxgl-top.herokuapp.com/
02:56:56.249 [FXGL Background Thread 3 ] DEBUG Engine               - urlPOM: https://raw.githubusercontent.com/AlmasB/FXGL/release/README.md
02:56:56.250 [FXGL Background Thread 3 ] DEBUG Engine               - userAppClass: class com.lab.App
02:56:56.250 [FXGL Background Thread 3 ] DEBUG Engine               - version: beta
02:56:56.250 [FXGL Background Thread 3 ] DEBUG Engine               - versionCheckDays: 7
02:56:56.250 [FXGL Background Thread 3 ] DEBUG Engine               - width: 800
02:56:56.250 [FXGL Background Thread 3 ] DEBUG Engine               - Logging services
02:56:56.250 [FXGL Background Thread 3 ] DEBUG Engine               - class com.almasb.fxgl.app.services.FXGLAssetLoaderService
02:56:56.250 [FXGL Background Thread 3 ] DEBUG Engine               - class com.almasb.fxgl.app.FXGLApplication$GameApplicationService
02:56:56.250 [FXGL Background Thread 3 ] DEBUG Engine               - class com.almasb.fxgl.app.services.FXGLDialogService
02:56:56.250 [FXGL Background Thread 3 ] DEBUG Engine               - class com.almasb.fxgl.app.services.IOTaskExecutorService
02:56:56.250 [FXGL Background Thread 3 ] DEBUG Engine               - class com.almasb.fxgl.io.FileSystemService
02:56:56.250 [FXGL Background Thread 3 ] DEBUG Engine               - class com.almasb.fxgl.localization.LocalizationService
02:56:56.250 [FXGL Background Thread 3 ] DEBUG Engine               - class com.almasb.fxgl.app.services.SystemBundleService
02:56:56.250 [FXGL Background Thread 3 ] DEBUG Engine               - class com.almasb.fxgl.profile.SaveLoadService
02:56:56.250 [FXGL Background Thread 3 ] DEBUG Engine               - class com.almasb.fxgl.ui.FXGLUIFactoryServiceProvider
02:56:56.251 [FXGL Background Thread 3 ] DEBUG Engine               - class com.almasb.fxgl.ui.FXGLDialogFactoryServiceProvider
02:56:56.251 [FXGL Background Thread 3 ] DEBUG Engine               - class com.almasb.fxgl.audio.AudioPlayer
02:56:56.251 [FXGL Background Thread 3 ] DEBUG Engine               - class com.almasb.fxgl.notification.impl.NotificationServiceProvider
02:56:56.251 [FXGL Background Thread 3 ] DEBUG Engine               - class com.almasb.fxgl.achievement.AchievementService
02:56:56.251 [FXGL Background Thread 3 ] DEBUG Engine               - class com.almasb.fxgl.cutscene.CutsceneService
02:56:56.251 [FXGL Background Thread 3 ] DEBUG Engine               - class com.almasb.fxgl.minigames.MiniGameService
02:56:56.251 [FXGL Background Thread 3 ] DEBUG Engine               - class com.almasb.fxgl.net.NetService
02:56:56.251 [FXGL Background Thread 3 ] DEBUG Engine               - class com.almasb.fxgl.app.services.UpdaterService
02:56:56.251 [FXGL Background Thread 3 ] DEBUG Engine               - class com.almasb.fxgl.dev.DevService
02:57:10.765 [JavaFX Application Thread] DEBUG PrimaryStageWindow   - Push state: DialogSubScene
02:57:10.766 [JavaFX Application Thread] DEBUG Input                - Clearing active input actions
02:57:10.768 [JavaFX Application Thread] DEBUG GameApplicationServi - Removing overlay from GameScene and adding to DialogSubScene
02:57:10.769 [JavaFX Application Thread] DEBUG PrimaryStageWindow   - GameScene -> DialogSubScene
02:57:13.002 [JavaFX Application Thread] DEBUG PrimaryStageWindow   - Pop state: DialogSubScene
02:57:13.003 [JavaFX Application Thread] DEBUG Input                - Clearing active input actions
02:57:13.004 [JavaFX Application Thread] DEBUG GameApplicationServi - Removing overlay from DialogSubScene and adding to GameScene
02:57:13.004 [JavaFX Application Thread] DEBUG PrimaryStageWindow   - GameScene <- DialogSubScene
02:57:13.005 [JavaFX Application Thread] DEBUG Input                - Clearing active input actions
02:57:13.015 [JavaFX Application Thread] DEBUG GameApplicationServi - Removing overlay from GameScene and adding to FXGLMainMenuDummyScene
02:57:13.016 [JavaFX Application Thread] DEBUG PrimaryStageWindow   - GameScene -> FXGLMainMenuDummyScene
02:57:13.016 [JavaFX Application Thread] DEBUG PrimaryStageWindow   - Push state: FXGLDefaultMenu
02:57:13.017 [JavaFX Application Thread] DEBUG Input                - Clearing active input actions
02:57:13.025 [JavaFX Application Thread] DEBUG GameApplicationServi - Removing overlay from FXGLMainMenuDummyScene and adding to FXGLDefaultMenu
02:57:13.026 [JavaFX Application Thread] DEBUG PrimaryStageWindow   - FXGLMainMenuDummyScene -> FXGLDefaultMenu
02:57:14.339 [JavaFX Application Thread] DEBUG Menu                 - fireNewGame()
02:57:14.340 [JavaFX Application Thread] DEBUG GameApplicationServi - Starting new game
02:57:14.340 [JavaFX Application Thread] DEBUG PrimaryStageWindow   - Pop state: FXGLDefaultMenu
02:57:14.340 [JavaFX Application Thread] DEBUG Input                - Clearing active input actions
02:57:14.343 [JavaFX Application Thread] DEBUG GameApplicationServi - Removing overlay from FXGLDefaultMenu and adding to FXGLMainMenuDummyScene
02:57:14.344 [JavaFX Application Thread] DEBUG PrimaryStageWindow   - FXGLMainMenuDummyScene <- FXGLDefaultMenu
02:57:14.345 [JavaFX Application Thread] DEBUG Input                - Clearing active input actions
02:57:14.359 [JavaFX Application Thread] DEBUG GameApplicationServi - Removing overlay from FXGLMainMenuDummyScene and adding to FXGLLoadingScene
02:57:14.360 [JavaFX Application Thread] DEBUG PrimaryStageWindow   - FXGLMainMenuDummyScene -> FXGLLoadingScene
02:57:14.360 [JavaFX Application Thread] DEBUG GameApplicationServi - Clearing previous game
02:57:14.360 [JavaFX Application Thread] DEBUG GameScene            - Clearing game scene
02:57:14.360 [JavaFX Application Thread] DEBUG GameWorld            - Clearing game world
02:57:14.363 [JavaFX Application Thread] DEBUG PhysicsWorld         - Clearing physics world
02:57:14.364 [FXGL Background Thread 2 ] DEBUG FXGLApplication      - Initializing game
02:57:14.368 [FXGL Background Thread 2 ] INFO  FXGLApplication      - Game initialization took: 0.005 sec
02:57:14.379 [JavaFX Application Thread] DEBUG Input                - Clearing active input actions
02:57:14.396 [JavaFX Application Thread] DEBUG GameApplicationServi - Removing overlay from FXGLLoadingScene and adding to GameScene
02:57:14.397 [JavaFX Application Thread] DEBUG PrimaryStageWindow   - FXGLLoadingScene -> GameScene
02:57:14.489 [JavaFX Application Thread] DEBUG LoopRunner           - Stopping loop
02:57:14.495 [JavaFX Application Thread] FATAL FXGLApplication      - Uncaught Exception:
java.lang.IllegalArgumentException: Action already exists: SHOOT
	at com.almasb.fxgl.input.Input.addBinding(Input.kt:504)
	at com.almasb.fxgl.input.Input.addAction(Input.kt:487)
	at com.almasb.fxgl.input.Input.addAction$default(Input.kt:486)
	at com.almasb.fxgl.input.Input.addAction(Input.kt)
	at com.lab.App.initInput(App.java:117)
	at com.lab.App.lambda$1(App.java:73)
	at com.almasb.fxgl.time.TimerAction.update(TimerAction.kt:69)
	at com.almasb.fxgl.time.Timer.update(Timer.kt:38)
	at com.almasb.fxgl.scene.Scene.update(Scene.kt:104)
	at com.almasb.fxgl.app.MainWindow$update$1.invoke(MainWindow.kt:121)
	at com.almasb.fxgl.app.MainWindow$update$1.invoke(MainWindow.kt:121)
	at com.almasb.fxgl.core.fsm.StateMachine.runOnActiveStates(StateMachine.kt:69)
	at com.almasb.fxgl.app.MainWindow.update(MainWindow.kt:121)
	at com.almasb.fxgl.app.FXGLApplication$GameApplicationService.onUpdate(FXGLApplication.kt:445)
	at com.almasb.fxgl.app.Engine.loop(Engine.kt:134)
	at com.almasb.fxgl.app.Engine.access$loop(Engine.kt:24)
	at com.almasb.fxgl.app.Engine$loop$1.invoke(Engine.kt:28)
	at com.almasb.fxgl.app.Engine$loop$1.invoke(Engine.kt:28)
	at com.almasb.fxgl.app.LoopRunner.frame(LoopRunner.kt:103)
	at com.almasb.fxgl.app.LoopRunner.access$frame(LoopRunner.kt:23)
	at com.almasb.fxgl.app.LoopRunner$impl$2$1.onTick(LoopRunner.kt:57)
	at com.almasb.fxgl.app.AnimationTimerLoop$timer$1.handle(LoopRunner.kt:137)
	at javafx.animation.AnimationTimer$AnimationTimerReceiver.lambda$handle$0(AnimationTimer.java:58)
	at java.base/java.security.AccessController.doPrivileged(AccessController.java:400)
	at javafx.animation.AnimationTimer$AnimationTimerReceiver.handle(AnimationTimer.java:57)
	at com.sun.scenario.animation.AbstractPrimaryTimer.timePulseImpl(AbstractPrimaryTimer.java:356)
	at com.sun.scenario.animation.AbstractPrimaryTimer$MainLoop.run(AbstractPrimaryTimer.java:266)
	at com.sun.javafx.tk.quantum.QuantumToolkit.pulse(QuantumToolkit.java:588)
	at com.sun.javafx.tk.quantum.QuantumToolkit.pulse(QuantumToolkit.java:572)
	at com.sun.javafx.tk.quantum.QuantumToolkit.pulseFromQueue(QuantumToolkit.java:565)
	at com.sun.javafx.tk.quantum.QuantumToolkit.lambda$runToolkit$11(QuantumToolkit.java:352)
	at com.sun.glass.ui.InvokeLaterDispatcher$Future.run(InvokeLaterDispatcher.java:95)
	at com.sun.glass.ui.win.WinApplication._runLoop(Native Method)
	at com.sun.glass.ui.win.WinApplication.lambda$runLoop$3(WinApplication.java:185)
	at java.base/java.lang.Thread.run(Thread.java:1583)

02:57:14.498 [JavaFX Application Thread] FATAL FXGLApplication      - Application will now exit
02:57:14.565 [JavaFX Application Thread] DEBUG PrimaryStageWindow   - Push state: ErrorSubScene
02:57:14.565 [JavaFX Application Thread] DEBUG Input                - Clearing active input actions
02:57:14.571 [JavaFX Application Thread] DEBUG GameApplicationServi - Removing overlay from GameScene and adding to ErrorSubScene
02:57:14.573 [JavaFX Application Thread] DEBUG PrimaryStageWindow   - GameScene -> ErrorSubScene
02:57:17.002 [JavaFX Application Thread] DEBUG FXGLApplication      - Exiting FXGL
02:57:17.003 [JavaFX Application Thread] DEBUG Async                - Shutting down background threads
02:57:17.003 [JavaFX Application Thread] DEBUG PrimaryStageWindow   - Closing main window
02:57:17.093 [JavaFX Application Thread] DEBUG Logger               - Closing Logger
