03:48:17.260 [main                     ] DEBUG Logger               - Configured Logger
03:48:17.301 [main                     ] DEBUG GameApplication      - Logging settings
Title: Gonvival
Version: beta
Width: 800
Height: 800
Fullscreen: false
Intro: false
Profiling: false
Single step:false
App Mode: DEVELOPER
Menu Key: ESCAPE
Stage Style: DECORATED
Scene Factory: class com.lab.App$1

03:48:18.283 [JavaFX Application Thread] DEBUG FXGLApplication      - Initializing FXGL
03:48:18.292 [JavaFX Application Thread] INFO  Engine               - FXGL-21.1 (27.03.2024 07.52) on WINDOWS (J:21.0.5 FX:21.0.1)
03:48:18.293 [JavaFX Application Thread] DEBUG Engine               - JRE Vendor Name: Eclipse Adoptium
03:48:18.293 [JavaFX Application Thread] DEBUG Engine               - Running on OS: Windows 10 version 10.0
03:48:18.293 [JavaFX Application Thread] DEBUG Engine               - Architecture: amd64
03:48:18.294 [JavaFX Application Thread] INFO  Engine               - Source code and latest versions at: https://github.com/AlmasB/FXGL
03:48:18.294 [JavaFX Application Thread] INFO  Engine               -       Ask questions and discuss at: https://github.com/AlmasB/FXGL/discussions
03:48:18.296 [JavaFX Application Thread] INFO  Engine               -              Join the FXGL chat at: https://gitter.im/AlmasB/FXGL
03:48:18.558 [JavaFX Application Thread] DEBUG PrimaryStageWindow   - Creating a JavaFX scene
03:48:18.558 [JavaFX Application Thread] DEBUG PrimaryStageWindow   - Target size > screen size
03:48:18.734 [JavaFX Application Thread] DEBUG PrimaryStageWindow   - Target settings size: 800.0 x 800.0
03:48:18.735 [JavaFX Application Thread] DEBUG PrimaryStageWindow   - Scaled scene size:    703.0 x 728.0
03:48:18.735 [JavaFX Application Thread] DEBUG PrimaryStageWindow   - Scaled ratio: (0.87875, 0.91)
03:48:18.738 [JavaFX Application Thread] DEBUG PrimaryStageWindow   - Set initial scene to FXGLStartupScene
03:48:18.767 [JavaFX Application Thread] DEBUG PrimaryStageWindow   - Opening main window
03:48:19.022 [JavaFX Application Thread] DEBUG PrimaryStageWindow   - Window border size: (16.0, 39.0)
03:48:19.022 [JavaFX Application Thread] DEBUG PrimaryStageWindow   - Scaled size: 703.0 x 728.0
03:48:19.022 [JavaFX Application Thread] DEBUG PrimaryStageWindow   - Scaled ratio: (0.87875, 0.91)
03:48:19.023 [JavaFX Application Thread] DEBUG PrimaryStageWindow   - Scene size: 703.0 x 728.0
03:48:19.023 [JavaFX Application Thread] DEBUG PrimaryStageWindow   - Stage size: 719.0 x 767.0
03:48:19.161 [FXGL Background Thread 1 ] DEBUG Engine               - Initializing environment variables
03:48:19.317 [FXGL Background Thread 1 ] DEBUG FXGLAssetLoaderServi - User app class for loading assets: class com.lab.App
03:48:19.317 [FXGL Background Thread 1 ] DEBUG GameApplicationServi - Applying CSS: fxgl_dark.css
03:48:19.319 [FXGL Background Thread 1 ] DEBUG FXGLAssetLoaderServi - Loading from file system: jar:file:/C:/Users/Khana/.m2/repository/com/github/almasb/fxgl/21.1/fxgl-21.1.jar!/fxglassets/ui/css/fxgl_dark.css
03:48:19.447 [FXGL Background Thread 1 ] DEBUG GameApplicationServi - Initializing application scenes
03:48:19.627 [FXGL Background Thread 1 ] DEBUG GameWorld            - Game world initialized
03:48:19.755 [FXGL Background Thread 1 ] DEBUG PhysicsWorld         - Physics world initialized: appHeight=800, physics.ppm=50.0
03:48:19.755 [FXGL Background Thread 1 ] DEBUG PhysicsWorld         - Using strategy: BRUTE_FORCE
03:48:19.762 [FXGL Background Thread 1 ] DEBUG GameScene            - Game scene initialized: 800x800
03:48:19.839 [FXGL Background Thread 1 ] DEBUG FXGL.DefaultMenu     - createMenuBodyGameMenu()
03:48:19.877 [FXGL Background Thread 1 ] DEBUG FXGL.DefaultMenu     - createOptionsMenu()
03:48:19.896 [FXGL Background Thread 1 ] DEBUG FXGLAssetLoaderServi - Loading from file system: jar:file:/C:/Users/Khana/.m2/repository/com/github/almasb/fxgl/21.1/fxgl-21.1.jar!/fxglassets/textures/particles/smoke.png
03:48:20.092 [FXGL Background Thread 1 ] DEBUG FXGLAssetLoaderServi - Loading from file system: jar:file:/C:/Users/Khana/.m2/repository/com/github/almasb/fxgl/21.1/fxgl-21.1.jar!/fxglassets/textures/particles/trace_horizontal.png
03:48:20.173 [FXGL Background Thread 1 ] DEBUG GameApplicationServi - Application scenes initialized
03:48:20.203 [FXGL Background Thread 1 ] DEBUG SystemBundleService  - Loading FXGL system data
03:48:20.212 [FXGL Background Thread 1 ] DEBUG FileSystemAccess     - Reading from: E:\Labs\Gonvival\system\fxgl.bundle
03:48:20.235 [FXGL Background Thread 1 ] DEBUG SystemBundleService  - Bundle FXGL: {}
03:48:20.235 [FXGL Background Thread 1 ] DEBUG UpdaterService       - Checking for updates
03:48:20.244 [FXGL Background Thread 1 ] DEBUG FXGLApplication      - Loading default localization
03:48:20.244 [FXGL Background Thread 4 ] DEBUG FXGLApplication      - Loading fonts
03:48:20.247 [FXGL Background Thread 1 ] DEBUG FXGLAssetLoaderServi - Loading from file system: jar:file:/C:/Users/Khana/.m2/repository/com/github/almasb/fxgl/21.1/fxgl-21.1.jar!/fxglassets/languages/english.lang
03:48:20.251 [FXGL Background Thread 4 ] DEBUG FXGLAssetLoaderServi - Loading from file system: jar:file:/C:/Users/Khana/.m2/repository/com/github/almasb/fxgl/21.1/fxgl-21.1.jar!/fxglassets/ui/fonts/VarelaRound-Regular.ttf
03:48:20.297 [FXGL Background Thread 1 ] INFO  FXGLApplication      - FXGL initialization took: 1.137 sec
03:48:20.387 [FXGL Background Thread 4 ] DEBUG FXGLAssetLoaderServi - Loading from file system: jar:file:/C:/Users/Khana/.m2/repository/com/github/almasb/fxgl/21.1/fxgl-21.1.jar!/fxglassets/ui/fonts/Abel-Regular.ttf
03:48:20.393 [FXGL Background Thread 4 ] DEBUG FXGLAssetLoaderServi - Loading from file system: jar:file:/C:/Users/Khana/.m2/repository/com/github/almasb/fxgl/21.1/fxgl-21.1.jar!/fxglassets/ui/fonts/TerminalLandMono-Regular.otf
03:48:20.403 [FXGL Background Thread 4 ] DEBUG FXGLAssetLoaderServi - Loading from file system: jar:file:/C:/Users/Khana/.m2/repository/com/github/almasb/fxgl/21.1/fxgl-21.1.jar!/fxglassets/ui/fonts/Courier-Prime.ttf
03:48:20.420 [JavaFX Application Thread] DEBUG FXGLApplication      - Registering font factories with UI factory
03:48:20.469 [JavaFX Application Thread] DEBUG FXGLAssetLoaderServi - Loading from file system: jar:file:/C:/Users/Khana/.m2/repository/com/github/almasb/fxgl/21.1/fxgl-21.1.jar!/fxglassets/textures/fxgl_icon.png
03:48:20.522 [JavaFX Application Thread] DEBUG FXGLAssetLoaderServi - Loading from file system: jar:file:/C:/Users/Khana/.m2/repository/com/github/almasb/fxgl/21.1/fxgl-21.1.jar!/fxglassets/textures/fxgl_default_cursor.png
03:48:20.568 [JavaFX Application Thread] DEBUG Input                - Registered new binding: Screenshot - CTRL+8
03:48:20.569 [JavaFX Application Thread] DEBUG Input                - Registered new binding: System info dump - CTRL+9
03:48:20.570 [JavaFX Application Thread] DEBUG Input                - Registered new binding: Restart - CTRL+R
03:48:20.571 [JavaFX Application Thread] DEBUG Input                - Registered new binding: Toggle Debug Camera - CTRL+7
03:48:20.577 [JavaFX Application Thread] DEBUG LoopRunner           - Starting loop
03:48:20.577 [JavaFX Application Thread] DEBUG LoopRunner           - Initializing JavaFX AnimationTimerLoop
03:48:20.585 [JavaFX Application Thread] DEBUG Input                - Clearing active input actions
03:48:20.606 [JavaFX Application Thread] DEBUG GameApplicationServi - Removing overlay from FXGLStartupScene and adding to FXGLMainMenuDummyScene
03:48:20.607 [JavaFX Application Thread] DEBUG PrimaryStageWindow   - FXGLStartupScene -> FXGLMainMenuDummyScene
03:48:20.607 [JavaFX Application Thread] DEBUG PrimaryStageWindow   - Push state: StartScreen
03:48:20.614 [JavaFX Application Thread] DEBUG Input                - Clearing active input actions
03:48:20.642 [JavaFX Application Thread] DEBUG GameApplicationServi - Removing overlay from FXGLMainMenuDummyScene and adding to StartScreen
03:48:20.669 [JavaFX Application Thread] DEBUG PrimaryStageWindow   - FXGLMainMenuDummyScene -> StartScreen
03:48:21.462 [JavaFX Application Thread] DEBUG Menu                 - fireNewGame()
03:48:21.462 [JavaFX Application Thread] DEBUG GameApplicationServi - Starting new game
03:48:21.463 [JavaFX Application Thread] DEBUG PrimaryStageWindow   - Pop state: StartScreen
03:48:21.463 [JavaFX Application Thread] DEBUG Input                - Clearing active input actions
03:48:21.464 [JavaFX Application Thread] DEBUG GameApplicationServi - Removing overlay from StartScreen and adding to FXGLMainMenuDummyScene
03:48:21.464 [JavaFX Application Thread] DEBUG PrimaryStageWindow   - FXGLMainMenuDummyScene <- StartScreen
03:48:21.465 [JavaFX Application Thread] DEBUG Input                - Clearing active input actions
03:48:21.489 [JavaFX Application Thread] DEBUG GameApplicationServi - Removing overlay from FXGLMainMenuDummyScene and adding to FXGLLoadingScene
03:48:21.490 [JavaFX Application Thread] DEBUG PrimaryStageWindow   - FXGLMainMenuDummyScene -> FXGLLoadingScene
03:48:21.490 [JavaFX Application Thread] DEBUG GameApplicationServi - Clearing previous game
03:48:21.491 [JavaFX Application Thread] DEBUG GameScene            - Clearing game scene
03:48:21.491 [JavaFX Application Thread] DEBUG GameWorld            - Clearing game world
03:48:21.491 [JavaFX Application Thread] DEBUG PhysicsWorld         - Clearing physics world
03:48:21.497 [FXGL Background Thread 1 ] DEBUG FXGLApplication      - Initializing game
03:48:21.509 [FXGL Background Thread 1 ] DEBUG FXGLAssetLoaderServi - Loading from file system: file:/E:/Labs/Gonvival/game/target/classes/assets/textures/newmap2.png
03:48:21.682 [FXGL Background Thread 1 ] DEBUG FXGLAssetLoaderServi - Loading from file system: file:/E:/Labs/Gonvival/game/target/classes/assets/textures/point.jpg
03:48:21.887 [JavaFX Application Thread] DEBUG LoopRunner           - Stopping loop
03:48:21.889 [JavaFX Application Thread] FATAL FXGLApplication      - Uncaught Exception:
java.lang.RuntimeException: Initialization failed
	at com.almasb.fxgl.app.FXGLApplication$InitAppTask.failed(FXGLApplication.kt:347)
	at javafx.concurrent.Task.setState(Task.java:710)
	at javafx.concurrent.Task$TaskCallable.lambda$call$2(Task.java:1429)
	at com.sun.javafx.application.PlatformImpl.lambda$runLater$10(PlatformImpl.java:456)
	at java.base/java.security.AccessController.doPrivileged(AccessController.java:400)
	at com.sun.javafx.application.PlatformImpl.lambda$runLater$11(PlatformImpl.java:455)
	at com.sun.glass.ui.InvokeLaterDispatcher$Future.run(InvokeLaterDispatcher.java:95)
	at com.sun.glass.ui.win.WinApplication._runLoop(Native Method)
	at com.sun.glass.ui.win.WinApplication.lambda$runLoop$3(WinApplication.java:185)
	at java.base/java.lang.Thread.run(Thread.java:1583)
Caused by: java.lang.IllegalArgumentException: Property highScore does not exist
	at com.almasb.fxgl.core.collection.PropertyMap.get(PropertyMap.kt:298)
	at com.almasb.fxgl.core.collection.PropertyMap.intProperty(PropertyMap.kt:191)
	at com.lab.PointUI.<init>(PointUI.java:39)
	at com.lab.App.initGame(App.java:89)
	at com.almasb.fxgl.app.FXGLApplication$InitAppTask.initGame(FXGLApplication.kt:343)
	at com.almasb.fxgl.app.FXGLApplication$InitAppTask.call(FXGLApplication.kt:321)
	at com.almasb.fxgl.app.FXGLApplication$InitAppTask.call(FXGLApplication.kt:313)
	at javafx.concurrent.Task$TaskCallable.call(Task.java:1399)
	at java.base/java.util.concurrent.FutureTask.run(FutureTask.java:317)
	at java.base/java.util.concurrent.Executors$RunnableAdapter.call(Executors.java:572)
	at java.base/java.util.concurrent.FutureTask.run(FutureTask.java:317)
	at java.base/java.util.concurrent.ThreadPoolExecutor.runWorker(ThreadPoolExecutor.java:1144)
	at java.base/java.util.concurrent.ThreadPoolExecutor$Worker.run(ThreadPoolExecutor.java:642)
	... 1 more

03:48:21.970 [JavaFX Application Thread] FATAL FXGLApplication      - Application will now exit
03:48:22.002 [JavaFX Application Thread] DEBUG PrimaryStageWindow   - Push state: ErrorSubScene
03:48:22.002 [JavaFX Application Thread] DEBUG Input                - Clearing active input actions
03:48:22.009 [JavaFX Application Thread] DEBUG GameApplicationServi - Removing overlay from FXGLLoadingScene and adding to ErrorSubScene
03:48:22.010 [JavaFX Application Thread] DEBUG PrimaryStageWindow   - FXGLLoadingScene -> ErrorSubScene
03:48:23.241 [FXGL Background Thread 3 ] DEBUG Engine               - Logging environment variables
03:48:23.241 [FXGL Background Thread 3 ] DEBUG Engine               - achievements: []
03:48:23.241 [FXGL Background Thread 3 ] DEBUG Engine               - actualHeight: 728.0
03:48:23.241 [FXGL Background Thread 3 ] DEBUG Engine               - actualHeightProperty: ReadOnlyDoubleProperty [value: 728.0]
03:48:23.241 [FXGL Background Thread 3 ] DEBUG Engine               - actualWidth: 703.0
03:48:23.241 [FXGL Background Thread 3 ] DEBUG Engine               - actualWidthProperty: ReadOnlyDoubleProperty [value: 703.0]
03:48:23.241 [FXGL Background Thread 3 ] DEBUG Engine               - appIcon: fxgl_icon.png
03:48:23.241 [FXGL Background Thread 3 ] DEBUG Engine               - applicationMode: DEVELOPER
03:48:23.241 [FXGL Background Thread 3 ] DEBUG Engine               - cSSList: [fxgl_dark.css]
03:48:23.241 [FXGL Background Thread 3 ] DEBUG Engine               - collisionDetectionStrategy: BRUTE_FORCE
03:48:23.241 [FXGL Background Thread 3 ] DEBUG Engine               - configClass: Optional.empty
03:48:23.241 [FXGL Background Thread 3 ] DEBUG Engine               - credits: []
03:48:23.242 [FXGL Background Thread 3 ] DEBUG Engine               - defaultCursor: CursorInfo(imageName=fxgl_default_cursor.png, hotspotX=7.0, hotspotY=6.0)
03:48:23.242 [FXGL Background Thread 3 ] DEBUG Engine               - devBBoxColorProperty: ObjectProperty [value: 0xff0000ff]
03:48:23.242 [FXGL Background Thread 3 ] DEBUG Engine               - devEnableDebugCameraProperty: BooleanProperty [value: false]
03:48:23.242 [FXGL Background Thread 3 ] DEBUG Engine               - devSensorColorProperty: ObjectProperty [value: 0xffff00ff]
03:48:23.242 [FXGL Background Thread 3 ] DEBUG Engine               - devShowBBoxProperty: BooleanProperty [value: false]
03:48:23.242 [FXGL Background Thread 3 ] DEBUG Engine               - devShowPositionProperty: BooleanProperty [value: false]
03:48:23.242 [FXGL Background Thread 3 ] DEBUG Engine               - enabledMenuItems: []
03:48:23.242 [FXGL Background Thread 3 ] DEBUG Engine               - engineServices: [class com.almasb.fxgl.app.services.FXGLAssetLoaderService, class com.almasb.fxgl.app.FXGLApplication$GameApplicationService, class com.almasb.fxgl.app.services.FXGLDialogService, class com.almasb.fxgl.app.services.IOTaskExecutorService, class com.almasb.fxgl.io.FileSystemService, class com.almasb.fxgl.localization.LocalizationService, class com.almasb.fxgl.app.services.SystemBundleService, class com.almasb.fxgl.profile.SaveLoadService, class com.almasb.fxgl.ui.FXGLUIFactoryServiceProvider, class com.almasb.fxgl.ui.FXGLDialogFactoryServiceProvider, class com.almasb.fxgl.audio.AudioPlayer, class com.almasb.fxgl.notification.impl.NotificationServiceProvider, class com.almasb.fxgl.achievement.AchievementService, class com.almasb.fxgl.cutscene.CutsceneService, class com.almasb.fxgl.minigames.MiniGameService, class com.almasb.fxgl.net.NetService, class com.almasb.fxgl.app.services.UpdaterService, class com.almasb.fxgl.dev.DevService]
03:48:23.242 [FXGL Background Thread 3 ] DEBUG Engine               - fontGame: Abel-Regular.ttf
03:48:23.242 [FXGL Background Thread 3 ] DEBUG Engine               - fontMono: TerminalLandMono-Regular.otf
03:48:23.243 [FXGL Background Thread 3 ] DEBUG Engine               - fontSizeScaleUI: 1.0
03:48:23.243 [FXGL Background Thread 3 ] DEBUG Engine               - fontText: Courier-Prime.ttf
03:48:23.243 [FXGL Background Thread 3 ] DEBUG Engine               - fontUI: VarelaRound-Regular.ttf
03:48:23.243 [FXGL Background Thread 3 ] DEBUG Engine               - fullScreen: BooleanProperty [value: false]
03:48:23.243 [FXGL Background Thread 3 ] DEBUG Engine               - gameDifficulty: MEDIUM
03:48:23.243 [FXGL Background Thread 3 ] DEBUG Engine               - gameDifficultyProperty: ObjectProperty [value: MEDIUM]
03:48:23.243 [FXGL Background Thread 3 ] DEBUG Engine               - globalMusicVolume: 0.5
03:48:23.243 [FXGL Background Thread 3 ] DEBUG Engine               - globalMusicVolumeProperty: DoubleProperty [value: 1.0]
03:48:23.243 [FXGL Background Thread 3 ] DEBUG Engine               - globalSoundVolume: 0.5
03:48:23.243 [FXGL Background Thread 3 ] DEBUG Engine               - globalSoundVolumeProperty: DoubleProperty [value: 1.0]
03:48:23.243 [FXGL Background Thread 3 ] DEBUG Engine               - height: 800
03:48:23.245 [FXGL Background Thread 3 ] DEBUG Engine               - is3D: false
03:48:23.245 [FXGL Background Thread 3 ] DEBUG Engine               - isAndroid: false
03:48:23.245 [FXGL Background Thread 3 ] DEBUG Engine               - isBrowser: false
03:48:23.245 [FXGL Background Thread 3 ] DEBUG Engine               - isClickFeedbackEnabled: false
03:48:23.245 [FXGL Background Thread 3 ] DEBUG Engine               - isCloseConfirmation: false
03:48:23.246 [FXGL Background Thread 3 ] DEBUG Engine               - isDesktop: true
03:48:23.246 [FXGL Background Thread 3 ] DEBUG Engine               - isDeveloperMenuEnabled: false
03:48:23.246 [FXGL Background Thread 3 ] DEBUG Engine               - isEmbedded: false
03:48:23.246 [FXGL Background Thread 3 ] DEBUG Engine               - isEntityPreloadEnabled: true
03:48:23.246 [FXGL Background Thread 3 ] DEBUG Engine               - isExperimentalTiledLargeMap: false
03:48:23.246 [FXGL Background Thread 3 ] DEBUG Engine               - isFileSystemWriteAllowed: true
03:48:23.246 [FXGL Background Thread 3 ] DEBUG Engine               - isFullScreenAllowed: false
03:48:23.246 [FXGL Background Thread 3 ] DEBUG Engine               - isFullScreenFromStart: false
03:48:23.246 [FXGL Background Thread 3 ] DEBUG Engine               - isGameMenuEnabled: true
03:48:23.246 [FXGL Background Thread 3 ] DEBUG Engine               - isIOS: false
03:48:23.246 [FXGL Background Thread 3 ] DEBUG Engine               - isIntroEnabled: false
03:48:23.246 [FXGL Background Thread 3 ] DEBUG Engine               - isLinux: false
03:48:23.246 [FXGL Background Thread 3 ] DEBUG Engine               - isMac: false
03:48:23.246 [FXGL Background Thread 3 ] DEBUG Engine               - isMainMenuEnabled: true
03:48:23.246 [FXGL Background Thread 3 ] DEBUG Engine               - isManualResizeEnabled: false
03:48:23.247 [FXGL Background Thread 3 ] DEBUG Engine               - isMobile: false
03:48:23.247 [FXGL Background Thread 3 ] DEBUG Engine               - isNative: false
03:48:23.247 [FXGL Background Thread 3 ] DEBUG Engine               - isPauseMusicWhenMinimized: true
03:48:23.247 [FXGL Background Thread 3 ] DEBUG Engine               - isPreserveResizeRatio: false
03:48:23.247 [FXGL Background Thread 3 ] DEBUG Engine               - isProfilingEnabled: false
03:48:23.247 [FXGL Background Thread 3 ] DEBUG Engine               - isScaleAffectedOnResize: true
03:48:23.248 [FXGL Background Thread 3 ] DEBUG Engine               - isSingleStep: false
03:48:23.248 [FXGL Background Thread 3 ] DEBUG Engine               - isUserProfileEnabled: false
03:48:23.248 [FXGL Background Thread 3 ] DEBUG Engine               - isWindows: true
03:48:23.248 [FXGL Background Thread 3 ] DEBUG Engine               - language: ObjectProperty [value: ENGLISH]
03:48:23.248 [FXGL Background Thread 3 ] DEBUG Engine               - menuKey: ESCAPE
03:48:23.248 [FXGL Background Thread 3 ] DEBUG Engine               - mouseSensitivity: 0.2
03:48:23.248 [FXGL Background Thread 3 ] DEBUG Engine               - notificationViewClass: class com.almasb.fxgl.notification.view.XboxNotificationView
03:48:23.248 [FXGL Background Thread 3 ] DEBUG Engine               - pixelsPerMeter: 50.0
03:48:23.248 [FXGL Background Thread 3 ] DEBUG Engine               - platform: WINDOWS
03:48:23.248 [FXGL Background Thread 3 ] DEBUG Engine               - prefHeightProperty: ReadOnlyDoubleProperty [value: 800.0]
03:48:23.248 [FXGL Background Thread 3 ] DEBUG Engine               - prefWidthProperty: ReadOnlyDoubleProperty [value: 800.0]
03:48:23.249 [FXGL Background Thread 3 ] DEBUG Engine               - profileDir: profiles/
03:48:23.249 [FXGL Background Thread 3 ] DEBUG Engine               - profileName: StringProperty [value: DEFAULT]
03:48:23.249 [FXGL Background Thread 3 ] DEBUG Engine               - randomSeed: -1
03:48:23.249 [FXGL Background Thread 3 ] DEBUG Engine               - runtimeInfo: RuntimeInfo(platform=WINDOWS, version=21.1, build=27.03.2024 07.52)
03:48:23.249 [FXGL Background Thread 3 ] DEBUG Engine               - saveFileExt: sav
03:48:23.250 [FXGL Background Thread 3 ] DEBUG Engine               - scaledHeightProp$fxgl: DoubleProperty [bound, value: 728.0]
03:48:23.250 [FXGL Background Thread 3 ] DEBUG Engine               - scaledWidthProp$fxgl: DoubleProperty [bound, value: 703.0]
03:48:23.250 [FXGL Background Thread 3 ] DEBUG Engine               - sceneFactory: com.lab.App$1@19ae313b
03:48:23.250 [FXGL Background Thread 3 ] DEBUG Engine               - secondsIn24h: 60
03:48:23.250 [FXGL Background Thread 3 ] DEBUG Engine               - soundMenuBack: menu/back.wav
03:48:23.250 [FXGL Background Thread 3 ] DEBUG Engine               - soundMenuPress: menu/press.wav
03:48:23.250 [FXGL Background Thread 3 ] DEBUG Engine               - soundMenuSelect: menu/select.wav
03:48:23.250 [FXGL Background Thread 3 ] DEBUG Engine               - soundNotification: core/notification.wav
03:48:23.250 [FXGL Background Thread 3 ] DEBUG Engine               - stageStyle: DECORATED
03:48:23.250 [FXGL Background Thread 3 ] DEBUG Engine               - supportedLanguages: [ENGLISH, FRENCH, GERMAN, HUNGARIAN, RUSSIAN]
03:48:23.250 [FXGL Background Thread 3 ] DEBUG Engine               - ticksPerSecond: -1
03:48:23.250 [FXGL Background Thread 3 ] DEBUG Engine               - title: Gonvival
03:48:23.250 [FXGL Background Thread 3 ] DEBUG Engine               - urlGithub: https://github.com/AlmasB/FXGL
03:48:23.251 [FXGL Background Thread 3 ] DEBUG Engine               - urlLeaderboard: http://fxgl-top.herokuapp.com/
03:48:23.251 [FXGL Background Thread 3 ] DEBUG Engine               - urlPOM: https://raw.githubusercontent.com/AlmasB/FXGL/release/README.md
03:48:23.251 [FXGL Background Thread 3 ] DEBUG Engine               - userAppClass: class com.lab.App
03:48:23.251 [FXGL Background Thread 3 ] DEBUG Engine               - version: beta
03:48:23.251 [FXGL Background Thread 3 ] DEBUG Engine               - versionCheckDays: 7
03:48:23.251 [FXGL Background Thread 3 ] DEBUG Engine               - width: 800
03:48:23.251 [FXGL Background Thread 3 ] DEBUG Engine               - Logging services
03:48:23.251 [FXGL Background Thread 3 ] DEBUG Engine               - class com.almasb.fxgl.app.services.FXGLAssetLoaderService
03:48:23.251 [FXGL Background Thread 3 ] DEBUG Engine               - class com.almasb.fxgl.app.FXGLApplication$GameApplicationService
03:48:23.251 [FXGL Background Thread 3 ] DEBUG Engine               - class com.almasb.fxgl.app.services.FXGLDialogService
03:48:23.251 [FXGL Background Thread 3 ] DEBUG Engine               - class com.almasb.fxgl.app.services.IOTaskExecutorService
03:48:23.251 [FXGL Background Thread 3 ] DEBUG Engine               - class com.almasb.fxgl.io.FileSystemService
03:48:23.251 [FXGL Background Thread 3 ] DEBUG Engine               - class com.almasb.fxgl.localization.LocalizationService
03:48:23.251 [FXGL Background Thread 3 ] DEBUG Engine               - class com.almasb.fxgl.app.services.SystemBundleService
03:48:23.251 [FXGL Background Thread 3 ] DEBUG Engine               - class com.almasb.fxgl.profile.SaveLoadService
03:48:23.251 [FXGL Background Thread 3 ] DEBUG Engine               - class com.almasb.fxgl.ui.FXGLUIFactoryServiceProvider
03:48:23.251 [FXGL Background Thread 3 ] DEBUG Engine               - class com.almasb.fxgl.ui.FXGLDialogFactoryServiceProvider
03:48:23.251 [FXGL Background Thread 3 ] DEBUG Engine               - class com.almasb.fxgl.audio.AudioPlayer
03:48:23.252 [FXGL Background Thread 3 ] DEBUG Engine               - class com.almasb.fxgl.notification.impl.NotificationServiceProvider
03:48:23.252 [FXGL Background Thread 3 ] DEBUG Engine               - class com.almasb.fxgl.achievement.AchievementService
03:48:23.252 [FXGL Background Thread 3 ] DEBUG Engine               - class com.almasb.fxgl.cutscene.CutsceneService
03:48:23.252 [FXGL Background Thread 3 ] DEBUG Engine               - class com.almasb.fxgl.minigames.MiniGameService
03:48:23.252 [FXGL Background Thread 3 ] DEBUG Engine               - class com.almasb.fxgl.net.NetService
03:48:23.252 [FXGL Background Thread 3 ] DEBUG Engine               - class com.almasb.fxgl.app.services.UpdaterService
03:48:23.252 [FXGL Background Thread 3 ] DEBUG Engine               - class com.almasb.fxgl.dev.DevService
03:48:24.301 [JavaFX Application Thread] DEBUG FXGLApplication      - Exiting FXGL
03:48:24.301 [JavaFX Application Thread] DEBUG Async                - Shutting down background threads
03:48:24.301 [JavaFX Application Thread] DEBUG PrimaryStageWindow   - Closing main window
03:48:24.332 [JavaFX Application Thread] DEBUG Logger               - Closing Logger
