08:05:21.937 [main                     ] DEBUG Logger               - Configured Logger
08:05:21.958 [main                     ] DEBUG GameApplication      - Logging settings
Title: Gonvival
Version: beta
Width: 800
Height: 800
Fullscreen: false
Intro: false
Profiling: false
Single step:false
App Mode: DEVELOPER
Menu Key: ESCAPE
Stage Style: DECORATED
Scene Factory: class com.lab.App$1

08:05:22.809 [JavaFX Application Thread] DEBUG FXGLApplication      - Initializing FXGL
08:05:22.814 [JavaFX Application Thread] INFO  Engine               - FXGL-21.1 (27.03.2024 07.52) on WINDOWS (J:21.0.5 FX:21.0.1)
08:05:22.814 [JavaFX Application Thread] DEBUG Engine               - JRE Vendor Name: Eclipse Adoptium
08:05:22.816 [JavaFX Application Thread] DEBUG Engine               - Running on OS: Windows 11 version 10.0
08:05:22.816 [JavaFX Application Thread] DEBUG Engine               - Architecture: amd64
08:05:22.816 [JavaFX Application Thread] INFO  Engine               - Source code and latest versions at: https://github.com/AlmasB/FXGL
08:05:22.817 [JavaFX Application Thread] INFO  Engine               -       Ask questions and discuss at: https://github.com/AlmasB/FXGL/discussions
08:05:22.818 [JavaFX Application Thread] INFO  Engine               -              Join the FXGL chat at: https://gitter.im/AlmasB/FXGL
08:05:22.944 [JavaFX Application Thread] DEBUG PrimaryStageWindow   - Creating a JavaFX scene
08:05:22.997 [JavaFX Application Thread] DEBUG PrimaryStageWindow   - Target settings size: 800.0 x 800.0
08:05:22.997 [JavaFX Application Thread] DEBUG PrimaryStageWindow   - Scaled scene size:    800.0 x 800.0
08:05:22.997 [JavaFX Application Thread] DEBUG PrimaryStageWindow   - Scaled ratio: (1.0, 1.0)
08:05:22.999 [JavaFX Application Thread] DEBUG PrimaryStageWindow   - Set initial scene to FXGLStartupScene
08:05:23.003 [JavaFX Application Thread] DEBUG PrimaryStageWindow   - Opening main window
08:05:23.218 [JavaFX Application Thread] DEBUG PrimaryStageWindow   - Window border size: (14.4000244140625, 37.5999755859375)
08:05:23.219 [JavaFX Application Thread] DEBUG PrimaryStageWindow   - Scaled size: 800.0 x 800.0
08:05:23.219 [JavaFX Application Thread] DEBUG PrimaryStageWindow   - Scaled ratio: (1.0, 1.0)
08:05:23.220 [JavaFX Application Thread] DEBUG PrimaryStageWindow   - Scene size: 800.0 x 800.0
08:05:23.220 [JavaFX Application Thread] DEBUG PrimaryStageWindow   - Stage size: 814.4000244140625 x 837.5999755859375
08:05:23.235 [FXGL Background Thread 1 ] DEBUG Engine               - Initializing environment variables
08:05:23.373 [FXGL Background Thread 1 ] DEBUG FXGLAssetLoaderServi - User app class for loading assets: class com.lab.App
08:05:23.373 [FXGL Background Thread 1 ] DEBUG GameApplicationServi - Applying CSS: fxgl_dark.css
08:05:23.374 [FXGL Background Thread 1 ] DEBUG FXGLAssetLoaderServi - Loading from file system: jar:file:/C:/Users/HP/.m2/repository/com/github/almasb/fxgl/21.1/fxgl-21.1.jar!/fxglassets/ui/css/fxgl_dark.css
08:05:23.457 [FXGL Background Thread 1 ] DEBUG GameApplicationServi - Initializing application scenes
08:05:23.562 [FXGL Background Thread 1 ] DEBUG GameWorld            - Game world initialized
08:05:23.666 [FXGL Background Thread 1 ] DEBUG PhysicsWorld         - Physics world initialized: appHeight=800, physics.ppm=50.0
08:05:23.666 [FXGL Background Thread 1 ] DEBUG PhysicsWorld         - Using strategy: BRUTE_FORCE
08:05:23.671 [FXGL Background Thread 1 ] DEBUG GameScene            - Game scene initialized: 800x800
08:05:23.715 [FXGL Background Thread 1 ] DEBUG FXGL.DefaultMenu     - createMenuBodyGameMenu()
08:05:23.727 [FXGL Background Thread 1 ] DEBUG FXGL.DefaultMenu     - createOptionsMenu()
08:05:23.742 [FXGL Background Thread 1 ] DEBUG FXGLAssetLoaderServi - Loading from file system: jar:file:/C:/Users/HP/.m2/repository/com/github/almasb/fxgl/21.1/fxgl-21.1.jar!/fxglassets/textures/particles/smoke.png
08:05:23.893 [FXGL Background Thread 1 ] DEBUG FXGLAssetLoaderServi - Loading from file system: jar:file:/C:/Users/HP/.m2/repository/com/github/almasb/fxgl/21.1/fxgl-21.1.jar!/fxglassets/textures/particles/trace_horizontal.png
08:05:23.927 [FXGL Background Thread 1 ] DEBUG GameApplicationServi - Application scenes initialized
08:05:23.942 [FXGL Background Thread 1 ] DEBUG SystemBundleService  - Loading FXGL system data
08:05:23.950 [FXGL Background Thread 1 ] DEBUG FileSystemAccess     - Reading from: D:\Gonvival\system\fxgl.bundle
08:05:23.962 [FXGL Background Thread 1 ] DEBUG SystemBundleService  - Bundle FXGL: {}
08:05:23.962 [FXGL Background Thread 1 ] DEBUG UpdaterService       - Checking for updates
08:05:23.968 [FXGL Background Thread 4 ] DEBUG FXGLApplication      - Loading fonts
08:05:23.969 [FXGL Background Thread 4 ] DEBUG FXGLAssetLoaderServi - Loading from file system: jar:file:/C:/Users/HP/.m2/repository/com/github/almasb/fxgl/21.1/fxgl-21.1.jar!/fxglassets/ui/fonts/VarelaRound-Regular.ttf
08:05:23.972 [FXGL Background Thread 1 ] DEBUG FXGLApplication      - Loading default localization
08:05:23.974 [FXGL Background Thread 1 ] DEBUG FXGLAssetLoaderServi - Loading from file system: jar:file:/C:/Users/HP/.m2/repository/com/github/almasb/fxgl/21.1/fxgl-21.1.jar!/fxglassets/languages/english.lang
08:05:24.099 [FXGL Background Thread 4 ] DEBUG FXGLAssetLoaderServi - Loading from file system: jar:file:/C:/Users/HP/.m2/repository/com/github/almasb/fxgl/21.1/fxgl-21.1.jar!/fxglassets/ui/fonts/Abel-Regular.ttf
08:05:24.108 [FXGL Background Thread 4 ] DEBUG FXGLAssetLoaderServi - Loading from file system: jar:file:/C:/Users/HP/.m2/repository/com/github/almasb/fxgl/21.1/fxgl-21.1.jar!/fxglassets/ui/fonts/TerminalLandMono-Regular.otf
08:05:24.118 [FXGL Background Thread 4 ] DEBUG FXGLAssetLoaderServi - Loading from file system: jar:file:/C:/Users/HP/.m2/repository/com/github/almasb/fxgl/21.1/fxgl-21.1.jar!/fxglassets/ui/fonts/Courier-Prime.ttf
08:05:24.122 [FXGL Background Thread 1 ] INFO  FXGLApplication      - FXGL initialization took: 0.887 sec
08:05:24.127 [JavaFX Application Thread] DEBUG FXGLAssetLoaderServi - Loading from file system: jar:file:/C:/Users/HP/.m2/repository/com/github/almasb/fxgl/21.1/fxgl-21.1.jar!/fxglassets/textures/fxgl_icon.png
08:05:24.164 [JavaFX Application Thread] DEBUG FXGLAssetLoaderServi - Loading from file system: jar:file:/C:/Users/HP/.m2/repository/com/github/almasb/fxgl/21.1/fxgl-21.1.jar!/fxglassets/textures/fxgl_default_cursor.png
08:05:24.187 [JavaFX Application Thread] DEBUG Input                - Registered new binding: Screenshot - CTRL+8
08:05:24.187 [JavaFX Application Thread] DEBUG Input                - Registered new binding: System info dump - CTRL+9
08:05:24.188 [JavaFX Application Thread] DEBUG Input                - Registered new binding: Restart - CTRL+R
08:05:24.190 [JavaFX Application Thread] DEBUG Input                - Registered new binding: Toggle Debug Camera - CTRL+7
08:05:24.197 [JavaFX Application Thread] DEBUG LoopRunner           - Starting loop
08:05:24.197 [JavaFX Application Thread] DEBUG LoopRunner           - Initializing JavaFX AnimationTimerLoop
08:05:24.201 [JavaFX Application Thread] DEBUG Input                - Clearing active input actions
08:05:24.208 [JavaFX Application Thread] DEBUG GameApplicationServi - Removing overlay from FXGLStartupScene and adding to FXGLMainMenuDummyScene
08:05:24.209 [JavaFX Application Thread] DEBUG PrimaryStageWindow   - FXGLStartupScene -> FXGLMainMenuDummyScene
08:05:24.209 [JavaFX Application Thread] DEBUG PrimaryStageWindow   - Push state: StartScreen
08:05:24.210 [JavaFX Application Thread] DEBUG Input                - Clearing active input actions
08:05:24.226 [JavaFX Application Thread] DEBUG GameApplicationServi - Removing overlay from FXGLMainMenuDummyScene and adding to StartScreen
08:05:24.226 [JavaFX Application Thread] DEBUG PrimaryStageWindow   - FXGLMainMenuDummyScene -> StartScreen
08:05:24.227 [JavaFX Application Thread] DEBUG FXGLApplication      - Registering font factories with UI factory
08:05:25.794 [JavaFX Application Thread] DEBUG LoopRunner           - Pausing loop
08:05:25.795 [JavaFX Application Thread] DEBUG Menu                 - fireNewGame()
08:05:25.795 [JavaFX Application Thread] DEBUG GameApplicationServi - Starting new game
08:05:25.795 [JavaFX Application Thread] DEBUG PrimaryStageWindow   - Pop state: StartScreen
08:05:25.795 [JavaFX Application Thread] DEBUG Input                - Clearing active input actions
08:05:25.796 [JavaFX Application Thread] DEBUG GameApplicationServi - Removing overlay from StartScreen and adding to FXGLMainMenuDummyScene
08:05:25.796 [JavaFX Application Thread] DEBUG PrimaryStageWindow   - FXGLMainMenuDummyScene <- StartScreen
08:05:25.797 [JavaFX Application Thread] DEBUG Input                - Clearing active input actions
08:05:25.806 [JavaFX Application Thread] DEBUG GameApplicationServi - Removing overlay from FXGLMainMenuDummyScene and adding to FXGLLoadingScene
08:05:25.807 [JavaFX Application Thread] DEBUG PrimaryStageWindow   - FXGLMainMenuDummyScene -> FXGLLoadingScene
08:05:25.807 [JavaFX Application Thread] DEBUG GameApplicationServi - Clearing previous game
08:05:25.807 [JavaFX Application Thread] DEBUG GameScene            - Clearing game scene
08:05:25.807 [JavaFX Application Thread] DEBUG GameWorld            - Clearing game world
08:05:25.807 [JavaFX Application Thread] DEBUG PhysicsWorld         - Clearing physics world
08:05:25.812 [FXGL Background Thread 2 ] DEBUG FXGLApplication      - Initializing game
08:05:25.833 [FXGL Background Thread 2 ] DEBUG FXGLAssetLoaderServi - Loading from file system: file:/D:/Gonvival/game/target/classes/assets/textures/newmap2.png
08:05:25.909 [FXGL Background Thread 2 ] DEBUG FXGLAssetLoaderServi - Loading from file system: file:/D:/Gonvival/game/target/classes/assets/textures/idle_down.png
08:05:25.913 [FXGL Background Thread 2 ] DEBUG FXGLAssetLoaderServi - Loading from file system: file:/D:/Gonvival/game/target/classes/assets/textures/idle_up.png
08:05:25.916 [FXGL Background Thread 2 ] DEBUG FXGLAssetLoaderServi - Loading from file system: file:/D:/Gonvival/game/target/classes/assets/textures/idle_left_down.png
08:05:25.918 [FXGL Background Thread 2 ] DEBUG FXGLAssetLoaderServi - Loading from file system: file:/D:/Gonvival/game/target/classes/assets/textures/idle_left_up.png
08:05:25.919 [FXGL Background Thread 2 ] DEBUG FXGLAssetLoaderServi - Loading from file system: file:/D:/Gonvival/game/target/classes/assets/textures/idle_right_down.png
08:05:25.921 [FXGL Background Thread 2 ] DEBUG FXGLAssetLoaderServi - Loading from file system: file:/D:/Gonvival/game/target/classes/assets/textures/idle_right_up.png
08:05:25.922 [FXGL Background Thread 2 ] DEBUG FXGLAssetLoaderServi - Loading from file system: file:/D:/Gonvival/game/target/classes/assets/textures/walk_left_down.png
08:05:25.924 [FXGL Background Thread 2 ] DEBUG FXGLAssetLoaderServi - Loading from file system: file:/D:/Gonvival/game/target/classes/assets/textures/walk_right_down.png
08:05:25.926 [FXGL Background Thread 2 ] DEBUG FXGLAssetLoaderServi - Loading from file system: file:/D:/Gonvival/game/target/classes/assets/textures/walk_up.png
08:05:25.927 [FXGL Background Thread 2 ] DEBUG FXGLAssetLoaderServi - Loading from file system: file:/D:/Gonvival/game/target/classes/assets/textures/walk_down.png
08:05:25.928 [FXGL Background Thread 2 ] DEBUG FXGLAssetLoaderServi - Loading from file system: file:/D:/Gonvival/game/target/classes/assets/textures/walk_left_up.png
08:05:25.930 [FXGL Background Thread 2 ] DEBUG FXGLAssetLoaderServi - Loading from file system: file:/D:/Gonvival/game/target/classes/assets/textures/walk_right_up.png
08:05:25.938 [FXGL Background Thread 2 ] DEBUG FXGLAssetLoaderServi - Loading from file system: file:/D:/Gonvival/game/target/classes/assets/textures/Level.png
08:05:25.941 [FXGL Background Thread 2 ] INFO  FXGLApplication      - Game initialization took: 0.129 sec
08:05:25.942 [JavaFX Application Thread] DEBUG Input                - Clearing active input actions
08:05:25.948 [JavaFX Application Thread] DEBUG GameApplicationServi - Removing overlay from FXGLLoadingScene and adding to GameScene
08:05:25.949 [JavaFX Application Thread] DEBUG PrimaryStageWindow   - FXGLLoadingScene -> GameScene
08:05:26.965 [FXGL Background Thread 3 ] DEBUG Engine               - Logging environment variables
08:05:26.966 [FXGL Background Thread 3 ] DEBUG Engine               - achievements: []
08:05:26.967 [FXGL Background Thread 3 ] DEBUG Engine               - actualHeight: 800.0
08:05:26.967 [FXGL Background Thread 3 ] DEBUG Engine               - actualHeightProperty: ReadOnlyDoubleProperty [value: 800.4000244140625]
08:05:26.967 [FXGL Background Thread 3 ] DEBUG Engine               - actualWidth: 800.0
08:05:26.967 [FXGL Background Thread 3 ] DEBUG Engine               - actualWidthProperty: ReadOnlyDoubleProperty [value: 799.5999755859375]
08:05:26.969 [FXGL Background Thread 3 ] DEBUG Engine               - appIcon: fxgl_icon.png
08:05:26.969 [FXGL Background Thread 3 ] DEBUG Engine               - applicationMode: DEVELOPER
08:05:26.969 [FXGL Background Thread 3 ] DEBUG Engine               - cSSList: [fxgl_dark.css]
08:05:26.969 [FXGL Background Thread 3 ] DEBUG Engine               - collisionDetectionStrategy: BRUTE_FORCE
08:05:26.970 [FXGL Background Thread 3 ] DEBUG Engine               - configClass: Optional.empty
08:05:26.970 [FXGL Background Thread 3 ] DEBUG Engine               - credits: []
08:05:26.971 [FXGL Background Thread 3 ] DEBUG Engine               - defaultCursor: CursorInfo(imageName=fxgl_default_cursor.png, hotspotX=7.0, hotspotY=6.0)
08:05:26.972 [FXGL Background Thread 3 ] DEBUG Engine               - devBBoxColorProperty: ObjectProperty [value: 0xff0000ff]
08:05:26.973 [FXGL Background Thread 3 ] DEBUG Engine               - devEnableDebugCameraProperty: BooleanProperty [value: false]
08:05:26.974 [FXGL Background Thread 3 ] DEBUG Engine               - devSensorColorProperty: ObjectProperty [value: 0xffff00ff]
08:05:26.974 [FXGL Background Thread 3 ] DEBUG Engine               - devShowBBoxProperty: BooleanProperty [value: false]
08:05:26.975 [FXGL Background Thread 3 ] DEBUG Engine               - devShowPositionProperty: BooleanProperty [value: false]
08:05:26.975 [FXGL Background Thread 3 ] DEBUG Engine               - enabledMenuItems: []
08:05:26.976 [FXGL Background Thread 3 ] DEBUG Engine               - engineServices: [class com.almasb.fxgl.app.services.FXGLAssetLoaderService, class com.almasb.fxgl.app.FXGLApplication$GameApplicationService, class com.almasb.fxgl.app.services.FXGLDialogService, class com.almasb.fxgl.app.services.IOTaskExecutorService, class com.almasb.fxgl.io.FileSystemService, class com.almasb.fxgl.localization.LocalizationService, class com.almasb.fxgl.app.services.SystemBundleService, class com.almasb.fxgl.profile.SaveLoadService, class com.almasb.fxgl.ui.FXGLUIFactoryServiceProvider, class com.almasb.fxgl.ui.FXGLDialogFactoryServiceProvider, class com.almasb.fxgl.audio.AudioPlayer, class com.almasb.fxgl.notification.impl.NotificationServiceProvider, class com.almasb.fxgl.achievement.AchievementService, class com.almasb.fxgl.cutscene.CutsceneService, class com.almasb.fxgl.minigames.MiniGameService, class com.almasb.fxgl.net.NetService, class com.almasb.fxgl.app.services.UpdaterService, class com.almasb.fxgl.dev.DevService]
08:05:26.976 [FXGL Background Thread 3 ] DEBUG Engine               - fontGame: Abel-Regular.ttf
08:05:26.976 [FXGL Background Thread 3 ] DEBUG Engine               - fontMono: TerminalLandMono-Regular.otf
08:05:26.976 [FXGL Background Thread 3 ] DEBUG Engine               - fontSizeScaleUI: 1.0
08:05:26.976 [FXGL Background Thread 3 ] DEBUG Engine               - fontText: Courier-Prime.ttf
08:05:26.976 [FXGL Background Thread 3 ] DEBUG Engine               - fontUI: VarelaRound-Regular.ttf
08:05:26.976 [FXGL Background Thread 3 ] DEBUG Engine               - fullScreen: BooleanProperty [value: false]
08:05:26.977 [FXGL Background Thread 3 ] DEBUG Engine               - gameDifficulty: MEDIUM
08:05:26.977 [FXGL Background Thread 3 ] DEBUG Engine               - gameDifficultyProperty: ObjectProperty [value: MEDIUM]
08:05:26.978 [FXGL Background Thread 3 ] DEBUG Engine               - globalMusicVolume: 0.5
08:05:26.978 [FXGL Background Thread 3 ] DEBUG Engine               - globalMusicVolumeProperty: DoubleProperty [value: 1.0]
08:05:26.979 [FXGL Background Thread 3 ] DEBUG Engine               - globalSoundVolume: 0.5
08:05:26.980 [FXGL Background Thread 3 ] DEBUG Engine               - globalSoundVolumeProperty: DoubleProperty [value: 1.0]
08:05:26.980 [FXGL Background Thread 3 ] DEBUG Engine               - height: 800
08:05:26.980 [FXGL Background Thread 3 ] DEBUG Engine               - is3D: false
08:05:26.980 [FXGL Background Thread 3 ] DEBUG Engine               - isAndroid: false
08:05:26.980 [FXGL Background Thread 3 ] DEBUG Engine               - isBrowser: false
08:05:26.980 [FXGL Background Thread 3 ] DEBUG Engine               - isClickFeedbackEnabled: false
08:05:26.981 [FXGL Background Thread 3 ] DEBUG Engine               - isCloseConfirmation: false
08:05:26.981 [FXGL Background Thread 3 ] DEBUG Engine               - isDesktop: true
08:05:26.981 [FXGL Background Thread 3 ] DEBUG Engine               - isDeveloperMenuEnabled: false
08:05:26.981 [FXGL Background Thread 3 ] DEBUG Engine               - isEmbedded: false
08:05:26.981 [FXGL Background Thread 3 ] DEBUG Engine               - isEntityPreloadEnabled: true
08:05:26.981 [FXGL Background Thread 3 ] DEBUG Engine               - isExperimentalTiledLargeMap: false
08:05:26.981 [FXGL Background Thread 3 ] DEBUG Engine               - isFileSystemWriteAllowed: true
08:05:26.981 [FXGL Background Thread 3 ] DEBUG Engine               - isFullScreenAllowed: false
08:05:26.981 [FXGL Background Thread 3 ] DEBUG Engine               - isFullScreenFromStart: false
08:05:26.981 [FXGL Background Thread 3 ] DEBUG Engine               - isGameMenuEnabled: true
08:05:26.982 [FXGL Background Thread 3 ] DEBUG Engine               - isIOS: false
08:05:26.982 [FXGL Background Thread 3 ] DEBUG Engine               - isIntroEnabled: false
08:05:26.982 [FXGL Background Thread 3 ] DEBUG Engine               - isLinux: false
08:05:26.982 [FXGL Background Thread 3 ] DEBUG Engine               - isMac: false
08:05:26.982 [FXGL Background Thread 3 ] DEBUG Engine               - isMainMenuEnabled: true
08:05:26.982 [FXGL Background Thread 3 ] DEBUG Engine               - isManualResizeEnabled: false
08:05:26.982 [FXGL Background Thread 3 ] DEBUG Engine               - isMobile: false
08:05:26.982 [FXGL Background Thread 3 ] DEBUG Engine               - isNative: false
08:05:26.982 [FXGL Background Thread 3 ] DEBUG Engine               - isPauseMusicWhenMinimized: true
08:05:26.983 [FXGL Background Thread 3 ] DEBUG Engine               - isPreserveResizeRatio: false
08:05:26.983 [FXGL Background Thread 3 ] DEBUG Engine               - isProfilingEnabled: false
08:05:26.983 [FXGL Background Thread 3 ] DEBUG Engine               - isScaleAffectedOnResize: true
08:05:26.983 [FXGL Background Thread 3 ] DEBUG Engine               - isSingleStep: false
08:05:26.983 [FXGL Background Thread 3 ] DEBUG Engine               - isUserProfileEnabled: false
08:05:26.983 [FXGL Background Thread 3 ] DEBUG Engine               - isWindows: true
08:05:26.984 [FXGL Background Thread 3 ] DEBUG Engine               - language: ObjectProperty [value: ENGLISH]
08:05:26.984 [FXGL Background Thread 3 ] DEBUG Engine               - menuKey: ESCAPE
08:05:26.984 [FXGL Background Thread 3 ] DEBUG Engine               - mouseSensitivity: 0.2
08:05:26.984 [FXGL Background Thread 3 ] DEBUG Engine               - notificationViewClass: class com.almasb.fxgl.notification.view.XboxNotificationView
08:05:26.984 [FXGL Background Thread 3 ] DEBUG Engine               - pixelsPerMeter: 50.0
08:05:26.984 [FXGL Background Thread 3 ] DEBUG Engine               - platform: WINDOWS
08:05:26.984 [FXGL Background Thread 3 ] DEBUG Engine               - prefHeightProperty: ReadOnlyDoubleProperty [value: 800.0]
08:05:26.984 [FXGL Background Thread 3 ] DEBUG Engine               - prefWidthProperty: ReadOnlyDoubleProperty [value: 800.0]
08:05:26.984 [FXGL Background Thread 3 ] DEBUG Engine               - profileDir: profiles/
08:05:26.986 [FXGL Background Thread 3 ] DEBUG Engine               - profileName: StringProperty [value: DEFAULT]
08:05:26.987 [FXGL Background Thread 3 ] DEBUG Engine               - randomSeed: -1
08:05:26.988 [FXGL Background Thread 3 ] DEBUG Engine               - runtimeInfo: RuntimeInfo(platform=WINDOWS, version=21.1, build=27.03.2024 07.52)
08:05:26.988 [FXGL Background Thread 3 ] DEBUG Engine               - saveFileExt: sav
08:05:26.989 [FXGL Background Thread 3 ] DEBUG Engine               - scaledHeightProp$fxgl: DoubleProperty [bound, value: 800.4000244140625]
08:05:26.989 [FXGL Background Thread 3 ] DEBUG Engine               - scaledWidthProp$fxgl: DoubleProperty [bound, value: 799.5999755859375]
08:05:26.989 [FXGL Background Thread 3 ] DEBUG Engine               - sceneFactory: com.lab.App$1@177dc9dd
08:05:26.989 [FXGL Background Thread 3 ] DEBUG Engine               - secondsIn24h: 60
08:05:26.989 [FXGL Background Thread 3 ] DEBUG Engine               - soundMenuBack: menu/back.wav
08:05:26.989 [FXGL Background Thread 3 ] DEBUG Engine               - soundMenuPress: menu/press.wav
08:05:26.989 [FXGL Background Thread 3 ] DEBUG Engine               - soundMenuSelect: menu/select.wav
08:05:26.989 [FXGL Background Thread 3 ] DEBUG Engine               - soundNotification: core/notification.wav
08:05:26.989 [FXGL Background Thread 3 ] DEBUG Engine               - stageStyle: DECORATED
08:05:26.989 [FXGL Background Thread 3 ] DEBUG Engine               - supportedLanguages: [ENGLISH, FRENCH, GERMAN, HUNGARIAN, RUSSIAN]
08:05:26.990 [FXGL Background Thread 3 ] DEBUG Engine               - ticksPerSecond: -1
08:05:26.990 [FXGL Background Thread 3 ] DEBUG Engine               - title: Gonvival
08:05:26.990 [FXGL Background Thread 3 ] DEBUG Engine               - urlGithub: https://github.com/AlmasB/FXGL
08:05:26.990 [FXGL Background Thread 3 ] DEBUG Engine               - urlLeaderboard: http://fxgl-top.herokuapp.com/
08:05:26.990 [FXGL Background Thread 3 ] DEBUG Engine               - urlPOM: https://raw.githubusercontent.com/AlmasB/FXGL/release/README.md
08:05:26.990 [FXGL Background Thread 3 ] DEBUG Engine               - userAppClass: class com.lab.App
08:05:26.990 [FXGL Background Thread 3 ] DEBUG Engine               - version: beta
08:05:26.990 [FXGL Background Thread 3 ] DEBUG Engine               - versionCheckDays: 7
08:05:26.990 [FXGL Background Thread 3 ] DEBUG Engine               - width: 800
08:05:26.990 [FXGL Background Thread 3 ] DEBUG Engine               - Logging services
08:05:26.990 [FXGL Background Thread 3 ] DEBUG Engine               - class com.almasb.fxgl.app.services.FXGLAssetLoaderService
08:05:26.990 [FXGL Background Thread 3 ] DEBUG Engine               - class com.almasb.fxgl.app.FXGLApplication$GameApplicationService
08:05:26.991 [FXGL Background Thread 3 ] DEBUG Engine               - class com.almasb.fxgl.app.services.FXGLDialogService
08:05:26.991 [FXGL Background Thread 3 ] DEBUG Engine               - class com.almasb.fxgl.app.services.IOTaskExecutorService
08:05:26.991 [FXGL Background Thread 3 ] DEBUG Engine               - class com.almasb.fxgl.io.FileSystemService
08:05:26.991 [FXGL Background Thread 3 ] DEBUG Engine               - class com.almasb.fxgl.localization.LocalizationService
08:05:26.991 [FXGL Background Thread 3 ] DEBUG Engine               - class com.almasb.fxgl.app.services.SystemBundleService
08:05:26.991 [FXGL Background Thread 3 ] DEBUG Engine               - class com.almasb.fxgl.profile.SaveLoadService
08:05:26.991 [FXGL Background Thread 3 ] DEBUG Engine               - class com.almasb.fxgl.ui.FXGLUIFactoryServiceProvider
08:05:26.991 [FXGL Background Thread 3 ] DEBUG Engine               - class com.almasb.fxgl.ui.FXGLDialogFactoryServiceProvider
08:05:26.991 [FXGL Background Thread 3 ] DEBUG Engine               - class com.almasb.fxgl.audio.AudioPlayer
08:05:26.991 [FXGL Background Thread 3 ] DEBUG Engine               - class com.almasb.fxgl.notification.impl.NotificationServiceProvider
08:05:26.991 [FXGL Background Thread 3 ] DEBUG Engine               - class com.almasb.fxgl.achievement.AchievementService
08:05:26.991 [FXGL Background Thread 3 ] DEBUG Engine               - class com.almasb.fxgl.cutscene.CutsceneService
08:05:26.991 [FXGL Background Thread 3 ] DEBUG Engine               - class com.almasb.fxgl.minigames.MiniGameService
08:05:26.991 [FXGL Background Thread 3 ] DEBUG Engine               - class com.almasb.fxgl.net.NetService
08:05:26.992 [FXGL Background Thread 3 ] DEBUG Engine               - class com.almasb.fxgl.app.services.UpdaterService
08:05:26.992 [FXGL Background Thread 3 ] DEBUG Engine               - class com.almasb.fxgl.dev.DevService
08:05:50.728 [JavaFX Application Thread] DEBUG LoopRunner           - Resuming loop
08:05:50.835 [JavaFX Application Thread] DEBUG Input                - Registered new binding: SHOOT - LMB
08:05:50.836 [JavaFX Application Thread] DEBUG Input                - Registered new binding: MOVE LEFT - A
08:05:50.836 [JavaFX Application Thread] DEBUG Input                - Registered new binding: MOVE RIGHT - D
08:05:50.836 [JavaFX Application Thread] DEBUG Input                - Registered new binding: MOVE UP - W
08:05:50.836 [JavaFX Application Thread] DEBUG Input                - Registered new binding: MOVE DOWN - S
08:05:51.570 [JavaFX Application Thread] DEBUG FXGLAssetLoaderServi - Loading from file system: file:/D:/Gonvival/game/target/classes/assets/textures/GraveRevenant.png
08:05:52.209 [JavaFX Application Thread] DEBUG FXGLAssetLoaderServi - Loading from file system: file:/D:/Gonvival/game/target/classes/assets/textures/arrow.png
08:06:02.645 [JavaFX Application Thread] DEBUG PrimaryStageWindow   - Push state: DialogSubScene
08:06:02.645 [JavaFX Application Thread] DEBUG Input                - Clearing active input actions
08:06:02.646 [JavaFX Application Thread] DEBUG GameApplicationServi - Removing overlay from GameScene and adding to DialogSubScene
08:06:02.647 [JavaFX Application Thread] DEBUG PrimaryStageWindow   - GameScene -> DialogSubScene
08:06:09.598 [JavaFX Application Thread] DEBUG PrimaryStageWindow   - Pop state: DialogSubScene
08:06:09.598 [JavaFX Application Thread] DEBUG Input                - Clearing active input actions
08:06:09.599 [JavaFX Application Thread] DEBUG GameApplicationServi - Removing overlay from DialogSubScene and adding to GameScene
08:06:09.599 [JavaFX Application Thread] DEBUG PrimaryStageWindow   - GameScene <- DialogSubScene
08:06:09.599 [JavaFX Application Thread] DEBUG Input                - Clearing active input actions
08:06:09.604 [JavaFX Application Thread] DEBUG GameApplicationServi - Removing overlay from GameScene and adding to FXGLMainMenuDummyScene
08:06:09.604 [JavaFX Application Thread] DEBUG PrimaryStageWindow   - GameScene -> FXGLMainMenuDummyScene
08:06:09.604 [JavaFX Application Thread] DEBUG PrimaryStageWindow   - Push state: StartScreen
08:06:09.604 [JavaFX Application Thread] DEBUG Input                - Clearing active input actions
08:06:09.606 [JavaFX Application Thread] DEBUG GameApplicationServi - Removing overlay from FXGLMainMenuDummyScene and adding to StartScreen
08:06:09.607 [JavaFX Application Thread] DEBUG PrimaryStageWindow   - FXGLMainMenuDummyScene -> StartScreen
08:06:10.551 [JavaFX Application Thread] DEBUG FXGLApplication      - Exiting FXGL
08:06:10.551 [JavaFX Application Thread] DEBUG LoopRunner           - Stopping loop
08:06:10.551 [JavaFX Application Thread] DEBUG SystemBundleService  - Saving FXGL system data
08:06:10.554 [JavaFX Application Thread] DEBUG FileSystemAccess     - Writing to: D:\Gonvival\system\fxgl.bundle
08:06:10.557 [JavaFX Application Thread] DEBUG Async                - Shutting down background threads
08:06:10.557 [JavaFX Application Thread] DEBUG PrimaryStageWindow   - Closing main window
08:06:10.592 [JavaFX Application Thread] DEBUG Logger               - Closing Logger
