06:43:07.861 [main                     ] DEBUG Logger               - Configured Logger
06:43:07.912 [main                     ] DEBUG GameApplication      - Logging settings
Title: Gonvival
Version: beta
Width: 800
Height: 800
Fullscreen: false
Intro: false
Profiling: false
Single step:false
App Mode: DEVELOPER
Menu Key: ESCAPE
Stage Style: DECORATED
Scene Factory: class com.lab.App$1

06:43:08.907 [JavaFX Application Thread] DEBUG FXGLApplication      - Initializing FXGL
06:43:08.918 [JavaFX Application Thread] INFO  Engine               - FXGL-21.1 (27.03.2024 07.52) on WINDOWS (J:21.0.5 FX:21.0.1)
06:43:08.920 [JavaFX Application Thread] DEBUG Engine               - JRE Vendor Name: Eclipse Adoptium
06:43:08.920 [JavaFX Application Thread] DEBUG Engine               - Running on OS: Windows 10 version 10.0
06:43:08.921 [JavaFX Application Thread] DEBUG Engine               - Architecture: amd64
06:43:08.921 [JavaFX Application Thread] INFO  Engine               - Source code and latest versions at: https://github.com/AlmasB/FXGL
06:43:08.921 [JavaFX Application Thread] INFO  Engine               -       Ask questions and discuss at: https://github.com/AlmasB/FXGL/discussions
06:43:08.922 [JavaFX Application Thread] INFO  Engine               -              Join the FXGL chat at: https://gitter.im/AlmasB/FXGL
06:43:09.204 [JavaFX Application Thread] DEBUG PrimaryStageWindow   - Creating a JavaFX scene
06:43:09.205 [JavaFX Application Thread] DEBUG PrimaryStageWindow   - Target size > screen size
06:43:09.346 [JavaFX Application Thread] DEBUG PrimaryStageWindow   - Target settings size: 800.0 x 800.0
06:43:09.346 [JavaFX Application Thread] DEBUG PrimaryStageWindow   - Scaled scene size:    703.0 x 728.0
06:43:09.347 [JavaFX Application Thread] DEBUG PrimaryStageWindow   - Scaled ratio: (0.87875, 0.91)
06:43:09.352 [JavaFX Application Thread] DEBUG PrimaryStageWindow   - Set initial scene to FXGLStartupScene
06:43:09.361 [JavaFX Application Thread] DEBUG PrimaryStageWindow   - Opening main window
06:43:09.684 [JavaFX Application Thread] DEBUG PrimaryStageWindow   - Window border size: (16.0, 39.0)
06:43:09.685 [JavaFX Application Thread] DEBUG PrimaryStageWindow   - Scaled size: 703.0 x 728.0
06:43:09.685 [JavaFX Application Thread] DEBUG PrimaryStageWindow   - Scaled ratio: (0.87875, 0.91)
06:43:09.686 [JavaFX Application Thread] DEBUG PrimaryStageWindow   - Scene size: 703.0 x 728.0
06:43:09.686 [JavaFX Application Thread] DEBUG PrimaryStageWindow   - Stage size: 719.0 x 767.0
06:43:09.829 [FXGL Background Thread 1 ] DEBUG Engine               - Initializing environment variables
06:43:09.979 [FXGL Background Thread 1 ] DEBUG FXGLAssetLoaderServi - User app class for loading assets: class com.lab.App
06:43:09.980 [FXGL Background Thread 1 ] DEBUG GameApplicationServi - Applying CSS: fxgl_dark.css
06:43:09.981 [FXGL Background Thread 1 ] DEBUG FXGLAssetLoaderServi - Loading from file system: jar:file:/C:/Users/Khana/.m2/repository/com/github/almasb/fxgl/21.1/fxgl-21.1.jar!/fxglassets/ui/css/fxgl_dark.css
06:43:10.107 [FXGL Background Thread 1 ] DEBUG GameApplicationServi - Initializing application scenes
06:43:10.321 [FXGL Background Thread 1 ] DEBUG GameWorld            - Game world initialized
06:43:10.458 [FXGL Background Thread 1 ] DEBUG PhysicsWorld         - Physics world initialized: appHeight=800, physics.ppm=50.0
06:43:10.459 [FXGL Background Thread 1 ] DEBUG PhysicsWorld         - Using strategy: BRUTE_FORCE
06:43:10.465 [FXGL Background Thread 1 ] DEBUG GameScene            - Game scene initialized: 800x800
06:43:10.551 [FXGL Background Thread 1 ] DEBUG FXGL.DefaultMenu     - createMenuBodyGameMenu()
06:43:10.578 [FXGL Background Thread 1 ] DEBUG FXGL.DefaultMenu     - createOptionsMenu()
06:43:10.593 [FXGL Background Thread 1 ] DEBUG FXGLAssetLoaderServi - Loading from file system: jar:file:/C:/Users/Khana/.m2/repository/com/github/almasb/fxgl/21.1/fxgl-21.1.jar!/fxglassets/textures/particles/smoke.png
06:43:10.788 [FXGL Background Thread 1 ] DEBUG FXGLAssetLoaderServi - Loading from file system: jar:file:/C:/Users/Khana/.m2/repository/com/github/almasb/fxgl/21.1/fxgl-21.1.jar!/fxglassets/textures/particles/trace_horizontal.png
06:43:10.865 [FXGL Background Thread 1 ] DEBUG GameApplicationServi - Application scenes initialized
06:43:10.898 [FXGL Background Thread 1 ] DEBUG SystemBundleService  - Loading FXGL system data
06:43:10.910 [FXGL Background Thread 1 ] DEBUG FileSystemAccess     - Reading from: E:\Labs\Gonvival\system\fxgl.bundle
06:43:10.929 [FXGL Background Thread 1 ] DEBUG SystemBundleService  - Bundle FXGL: {}
06:43:10.929 [FXGL Background Thread 1 ] DEBUG UpdaterService       - Checking for updates
06:43:10.939 [FXGL Background Thread 1 ] DEBUG FXGLApplication      - Loading default localization
06:43:10.940 [FXGL Background Thread 1 ] DEBUG FXGLAssetLoaderServi - Loading from file system: jar:file:/C:/Users/Khana/.m2/repository/com/github/almasb/fxgl/21.1/fxgl-21.1.jar!/fxglassets/languages/english.lang
06:43:10.979 [FXGL Background Thread 1 ] INFO  FXGLApplication      - FXGL initialization took: 1.150 sec
06:43:10.963 [FXGL Background Thread 4 ] DEBUG FXGLApplication      - Loading fonts
06:43:10.980 [FXGL Background Thread 4 ] DEBUG FXGLAssetLoaderServi - Loading from file system: jar:file:/C:/Users/Khana/.m2/repository/com/github/almasb/fxgl/21.1/fxgl-21.1.jar!/fxglassets/ui/fonts/VarelaRound-Regular.ttf
06:43:11.015 [JavaFX Application Thread] DEBUG FXGLAssetLoaderServi - Loading from file system: jar:file:/C:/Users/Khana/.m2/repository/com/github/almasb/fxgl/21.1/fxgl-21.1.jar!/fxglassets/textures/fxgl_icon.png
06:43:11.087 [FXGL Background Thread 4 ] DEBUG FXGLAssetLoaderServi - Loading from file system: jar:file:/C:/Users/Khana/.m2/repository/com/github/almasb/fxgl/21.1/fxgl-21.1.jar!/fxglassets/ui/fonts/Abel-Regular.ttf
06:43:11.096 [JavaFX Application Thread] DEBUG FXGLAssetLoaderServi - Loading from file system: jar:file:/C:/Users/Khana/.m2/repository/com/github/almasb/fxgl/21.1/fxgl-21.1.jar!/fxglassets/textures/fxgl_default_cursor.png
06:43:11.110 [FXGL Background Thread 4 ] DEBUG FXGLAssetLoaderServi - Loading from file system: jar:file:/C:/Users/Khana/.m2/repository/com/github/almasb/fxgl/21.1/fxgl-21.1.jar!/fxglassets/ui/fonts/TerminalLandMono-Regular.otf
06:43:11.124 [JavaFX Application Thread] DEBUG Input                - Registered new binding: Screenshot - CTRL+8
06:43:11.125 [JavaFX Application Thread] DEBUG Input                - Registered new binding: System info dump - CTRL+9
06:43:11.126 [FXGL Background Thread 4 ] DEBUG FXGLAssetLoaderServi - Loading from file system: jar:file:/C:/Users/Khana/.m2/repository/com/github/almasb/fxgl/21.1/fxgl-21.1.jar!/fxglassets/ui/fonts/Courier-Prime.ttf
06:43:11.126 [JavaFX Application Thread] DEBUG Input                - Registered new binding: Restart - CTRL+R
06:43:11.128 [JavaFX Application Thread] DEBUG Input                - Registered new binding: Toggle Debug Camera - CTRL+7
06:43:11.136 [JavaFX Application Thread] DEBUG LoopRunner           - Starting loop
06:43:11.136 [JavaFX Application Thread] DEBUG LoopRunner           - Initializing JavaFX AnimationTimerLoop
06:43:11.142 [JavaFX Application Thread] DEBUG Input                - Clearing active input actions
06:43:11.160 [JavaFX Application Thread] DEBUG GameApplicationServi - Removing overlay from FXGLStartupScene and adding to FXGLMainMenuDummyScene
06:43:11.161 [JavaFX Application Thread] DEBUG PrimaryStageWindow   - FXGLStartupScene -> FXGLMainMenuDummyScene
06:43:11.161 [JavaFX Application Thread] DEBUG PrimaryStageWindow   - Push state: StartScreen
06:43:11.162 [JavaFX Application Thread] DEBUG Input                - Clearing active input actions
06:43:11.187 [JavaFX Application Thread] DEBUG GameApplicationServi - Removing overlay from FXGLMainMenuDummyScene and adding to StartScreen
06:43:11.188 [JavaFX Application Thread] DEBUG PrimaryStageWindow   - FXGLMainMenuDummyScene -> StartScreen
06:43:11.189 [JavaFX Application Thread] DEBUG FXGLApplication      - Registering font factories with UI factory
06:43:13.935 [FXGL Background Thread 3 ] DEBUG Engine               - Logging environment variables
06:43:13.935 [FXGL Background Thread 3 ] DEBUG Engine               - achievements: []
06:43:13.936 [FXGL Background Thread 3 ] DEBUG Engine               - actualHeight: 728.0
06:43:13.936 [FXGL Background Thread 3 ] DEBUG Engine               - actualHeightProperty: ReadOnlyDoubleProperty [value: 728.0]
06:43:13.936 [FXGL Background Thread 3 ] DEBUG Engine               - actualWidth: 703.0
06:43:13.936 [FXGL Background Thread 3 ] DEBUG Engine               - actualWidthProperty: ReadOnlyDoubleProperty [value: 703.0]
06:43:13.936 [FXGL Background Thread 3 ] DEBUG Engine               - appIcon: fxgl_icon.png
06:43:13.936 [FXGL Background Thread 3 ] DEBUG Engine               - applicationMode: DEVELOPER
06:43:13.936 [FXGL Background Thread 3 ] DEBUG Engine               - cSSList: [fxgl_dark.css]
06:43:13.936 [FXGL Background Thread 3 ] DEBUG Engine               - collisionDetectionStrategy: BRUTE_FORCE
06:43:13.936 [FXGL Background Thread 3 ] DEBUG Engine               - configClass: Optional.empty
06:43:13.936 [FXGL Background Thread 3 ] DEBUG Engine               - credits: []
06:43:13.937 [FXGL Background Thread 3 ] DEBUG Engine               - defaultCursor: CursorInfo(imageName=fxgl_default_cursor.png, hotspotX=7.0, hotspotY=6.0)
06:43:13.937 [FXGL Background Thread 3 ] DEBUG Engine               - devBBoxColorProperty: ObjectProperty [value: 0xff0000ff]
06:43:13.937 [FXGL Background Thread 3 ] DEBUG Engine               - devEnableDebugCameraProperty: BooleanProperty [value: false]
06:43:13.937 [FXGL Background Thread 3 ] DEBUG Engine               - devSensorColorProperty: ObjectProperty [value: 0xffff00ff]
06:43:13.937 [FXGL Background Thread 3 ] DEBUG Engine               - devShowBBoxProperty: BooleanProperty [value: false]
06:43:13.938 [FXGL Background Thread 3 ] DEBUG Engine               - devShowPositionProperty: BooleanProperty [value: false]
06:43:13.938 [FXGL Background Thread 3 ] DEBUG Engine               - enabledMenuItems: []
06:43:13.938 [FXGL Background Thread 3 ] DEBUG Engine               - engineServices: [class com.almasb.fxgl.app.services.FXGLAssetLoaderService, class com.almasb.fxgl.app.FXGLApplication$GameApplicationService, class com.almasb.fxgl.app.services.FXGLDialogService, class com.almasb.fxgl.app.services.IOTaskExecutorService, class com.almasb.fxgl.io.FileSystemService, class com.almasb.fxgl.localization.LocalizationService, class com.almasb.fxgl.app.services.SystemBundleService, class com.almasb.fxgl.profile.SaveLoadService, class com.almasb.fxgl.ui.FXGLUIFactoryServiceProvider, class com.almasb.fxgl.ui.FXGLDialogFactoryServiceProvider, class com.almasb.fxgl.audio.AudioPlayer, class com.almasb.fxgl.notification.impl.NotificationServiceProvider, class com.almasb.fxgl.achievement.AchievementService, class com.almasb.fxgl.cutscene.CutsceneService, class com.almasb.fxgl.minigames.MiniGameService, class com.almasb.fxgl.net.NetService, class com.almasb.fxgl.app.services.UpdaterService, class com.almasb.fxgl.dev.DevService]
06:43:13.938 [FXGL Background Thread 3 ] DEBUG Engine               - fontGame: Abel-Regular.ttf
06:43:13.938 [FXGL Background Thread 3 ] DEBUG Engine               - fontMono: TerminalLandMono-Regular.otf
06:43:13.938 [FXGL Background Thread 3 ] DEBUG Engine               - fontSizeScaleUI: 1.0
06:43:13.938 [FXGL Background Thread 3 ] DEBUG Engine               - fontText: Courier-Prime.ttf
06:43:13.938 [FXGL Background Thread 3 ] DEBUG Engine               - fontUI: VarelaRound-Regular.ttf
06:43:13.938 [FXGL Background Thread 3 ] DEBUG Engine               - fullScreen: BooleanProperty [value: false]
06:43:13.938 [FXGL Background Thread 3 ] DEBUG Engine               - gameDifficulty: MEDIUM
06:43:13.938 [FXGL Background Thread 3 ] DEBUG Engine               - gameDifficultyProperty: ObjectProperty [value: MEDIUM]
06:43:13.938 [FXGL Background Thread 3 ] DEBUG Engine               - globalMusicVolume: 0.5
06:43:13.939 [FXGL Background Thread 3 ] DEBUG Engine               - globalMusicVolumeProperty: DoubleProperty [value: 1.0]
06:43:13.939 [FXGL Background Thread 3 ] DEBUG Engine               - globalSoundVolume: 0.5
06:43:13.939 [FXGL Background Thread 3 ] DEBUG Engine               - globalSoundVolumeProperty: DoubleProperty [value: 1.0]
06:43:13.939 [FXGL Background Thread 3 ] DEBUG Engine               - height: 800
06:43:13.939 [FXGL Background Thread 3 ] DEBUG Engine               - is3D: false
06:43:13.939 [FXGL Background Thread 3 ] DEBUG Engine               - isAndroid: false
06:43:13.939 [FXGL Background Thread 3 ] DEBUG Engine               - isBrowser: false
06:43:13.939 [FXGL Background Thread 3 ] DEBUG Engine               - isClickFeedbackEnabled: false
06:43:13.939 [FXGL Background Thread 3 ] DEBUG Engine               - isCloseConfirmation: false
06:43:13.939 [FXGL Background Thread 3 ] DEBUG Engine               - isDesktop: true
06:43:13.939 [FXGL Background Thread 3 ] DEBUG Engine               - isDeveloperMenuEnabled: false
06:43:13.939 [FXGL Background Thread 3 ] DEBUG Engine               - isEmbedded: false
06:43:13.939 [FXGL Background Thread 3 ] DEBUG Engine               - isEntityPreloadEnabled: true
06:43:13.939 [FXGL Background Thread 3 ] DEBUG Engine               - isExperimentalTiledLargeMap: false
06:43:13.939 [FXGL Background Thread 3 ] DEBUG Engine               - isFileSystemWriteAllowed: true
06:43:13.940 [FXGL Background Thread 3 ] DEBUG Engine               - isFullScreenAllowed: false
06:43:13.940 [FXGL Background Thread 3 ] DEBUG Engine               - isFullScreenFromStart: false
06:43:13.940 [FXGL Background Thread 3 ] DEBUG Engine               - isGameMenuEnabled: true
06:43:13.940 [FXGL Background Thread 3 ] DEBUG Engine               - isIOS: false
06:43:13.940 [FXGL Background Thread 3 ] DEBUG Engine               - isIntroEnabled: false
06:43:13.940 [FXGL Background Thread 3 ] DEBUG Engine               - isLinux: false
06:43:13.940 [FXGL Background Thread 3 ] DEBUG Engine               - isMac: false
06:43:13.940 [FXGL Background Thread 3 ] DEBUG Engine               - isMainMenuEnabled: true
06:43:13.940 [FXGL Background Thread 3 ] DEBUG Engine               - isManualResizeEnabled: false
06:43:13.940 [FXGL Background Thread 3 ] DEBUG Engine               - isMobile: false
06:43:13.940 [FXGL Background Thread 3 ] DEBUG Engine               - isNative: false
06:43:13.940 [FXGL Background Thread 3 ] DEBUG Engine               - isPauseMusicWhenMinimized: true
06:43:13.940 [FXGL Background Thread 3 ] DEBUG Engine               - isPreserveResizeRatio: false
06:43:13.940 [FXGL Background Thread 3 ] DEBUG Engine               - isProfilingEnabled: false
06:43:13.940 [FXGL Background Thread 3 ] DEBUG Engine               - isScaleAffectedOnResize: true
06:43:13.941 [FXGL Background Thread 3 ] DEBUG Engine               - isSingleStep: false
06:43:13.941 [FXGL Background Thread 3 ] DEBUG Engine               - isUserProfileEnabled: false
06:43:13.941 [FXGL Background Thread 3 ] DEBUG Engine               - isWindows: true
06:43:13.941 [FXGL Background Thread 3 ] DEBUG Engine               - language: ObjectProperty [value: ENGLISH]
06:43:13.941 [FXGL Background Thread 3 ] DEBUG Engine               - menuKey: ESCAPE
06:43:13.941 [FXGL Background Thread 3 ] DEBUG Engine               - mouseSensitivity: 0.2
06:43:13.941 [FXGL Background Thread 3 ] DEBUG Engine               - notificationViewClass: class com.almasb.fxgl.notification.view.XboxNotificationView
06:43:13.941 [FXGL Background Thread 3 ] DEBUG Engine               - pixelsPerMeter: 50.0
06:43:13.941 [FXGL Background Thread 3 ] DEBUG Engine               - platform: WINDOWS
06:43:13.941 [FXGL Background Thread 3 ] DEBUG Engine               - prefHeightProperty: ReadOnlyDoubleProperty [value: 800.0]
06:43:13.941 [FXGL Background Thread 3 ] DEBUG Engine               - prefWidthProperty: ReadOnlyDoubleProperty [value: 800.0]
06:43:13.941 [FXGL Background Thread 3 ] DEBUG Engine               - profileDir: profiles/
06:43:13.942 [FXGL Background Thread 3 ] DEBUG Engine               - profileName: StringProperty [value: DEFAULT]
06:43:13.942 [FXGL Background Thread 3 ] DEBUG Engine               - randomSeed: -1
06:43:13.942 [FXGL Background Thread 3 ] DEBUG Engine               - runtimeInfo: RuntimeInfo(platform=WINDOWS, version=21.1, build=27.03.2024 07.52)
06:43:13.942 [FXGL Background Thread 3 ] DEBUG Engine               - saveFileExt: sav
06:43:13.942 [FXGL Background Thread 3 ] DEBUG Engine               - scaledHeightProp$fxgl: DoubleProperty [bound, value: 728.0]
06:43:13.942 [FXGL Background Thread 3 ] DEBUG Engine               - scaledWidthProp$fxgl: DoubleProperty [bound, value: 703.0]
06:43:13.943 [FXGL Background Thread 3 ] DEBUG Engine               - sceneFactory: com.lab.App$1@79db67ff
06:43:13.943 [FXGL Background Thread 3 ] DEBUG Engine               - secondsIn24h: 60
06:43:13.943 [FXGL Background Thread 3 ] DEBUG Engine               - soundMenuBack: menu/back.wav
06:43:13.943 [FXGL Background Thread 3 ] DEBUG Engine               - soundMenuPress: menu/press.wav
06:43:13.943 [FXGL Background Thread 3 ] DEBUG Engine               - soundMenuSelect: menu/select.wav
06:43:13.943 [FXGL Background Thread 3 ] DEBUG Engine               - soundNotification: core/notification.wav
06:43:13.943 [FXGL Background Thread 3 ] DEBUG Engine               - stageStyle: DECORATED
06:43:13.943 [FXGL Background Thread 3 ] DEBUG Engine               - supportedLanguages: [ENGLISH, FRENCH, GERMAN, HUNGARIAN, RUSSIAN]
06:43:13.943 [FXGL Background Thread 3 ] DEBUG Engine               - ticksPerSecond: -1
06:43:13.943 [FXGL Background Thread 3 ] DEBUG Engine               - title: Gonvival
06:43:13.943 [FXGL Background Thread 3 ] DEBUG Engine               - urlGithub: https://github.com/AlmasB/FXGL
06:43:13.943 [FXGL Background Thread 3 ] DEBUG Engine               - urlLeaderboard: http://fxgl-top.herokuapp.com/
06:43:13.943 [FXGL Background Thread 3 ] DEBUG Engine               - urlPOM: https://raw.githubusercontent.com/AlmasB/FXGL/release/README.md
06:43:13.943 [FXGL Background Thread 3 ] DEBUG Engine               - userAppClass: class com.lab.App
06:43:13.944 [FXGL Background Thread 3 ] DEBUG Engine               - version: beta
06:43:13.944 [FXGL Background Thread 3 ] DEBUG Engine               - versionCheckDays: 7
06:43:13.944 [FXGL Background Thread 3 ] DEBUG Engine               - width: 800
06:43:13.944 [FXGL Background Thread 3 ] DEBUG Engine               - Logging services
06:43:13.944 [FXGL Background Thread 3 ] DEBUG Engine               - class com.almasb.fxgl.app.services.FXGLAssetLoaderService
06:43:13.944 [FXGL Background Thread 3 ] DEBUG Engine               - class com.almasb.fxgl.app.FXGLApplication$GameApplicationService
06:43:13.944 [FXGL Background Thread 3 ] DEBUG Engine               - class com.almasb.fxgl.app.services.FXGLDialogService
06:43:13.944 [FXGL Background Thread 3 ] DEBUG Engine               - class com.almasb.fxgl.app.services.IOTaskExecutorService
06:43:13.944 [FXGL Background Thread 3 ] DEBUG Engine               - class com.almasb.fxgl.io.FileSystemService
06:43:13.944 [FXGL Background Thread 3 ] DEBUG Engine               - class com.almasb.fxgl.localization.LocalizationService
06:43:13.944 [FXGL Background Thread 3 ] DEBUG Engine               - class com.almasb.fxgl.app.services.SystemBundleService
06:43:13.944 [FXGL Background Thread 3 ] DEBUG Engine               - class com.almasb.fxgl.profile.SaveLoadService
06:43:13.944 [FXGL Background Thread 3 ] DEBUG Engine               - class com.almasb.fxgl.ui.FXGLUIFactoryServiceProvider
06:43:13.944 [FXGL Background Thread 3 ] DEBUG Engine               - class com.almasb.fxgl.ui.FXGLDialogFactoryServiceProvider
06:43:13.944 [FXGL Background Thread 3 ] DEBUG Engine               - class com.almasb.fxgl.audio.AudioPlayer
06:43:13.944 [FXGL Background Thread 3 ] DEBUG Engine               - class com.almasb.fxgl.notification.impl.NotificationServiceProvider
06:43:13.944 [FXGL Background Thread 3 ] DEBUG Engine               - class com.almasb.fxgl.achievement.AchievementService
06:43:13.944 [FXGL Background Thread 3 ] DEBUG Engine               - class com.almasb.fxgl.cutscene.CutsceneService
06:43:13.944 [FXGL Background Thread 3 ] DEBUG Engine               - class com.almasb.fxgl.minigames.MiniGameService
06:43:13.944 [FXGL Background Thread 3 ] DEBUG Engine               - class com.almasb.fxgl.net.NetService
06:43:13.944 [FXGL Background Thread 3 ] DEBUG Engine               - class com.almasb.fxgl.app.services.UpdaterService
06:43:13.944 [FXGL Background Thread 3 ] DEBUG Engine               - class com.almasb.fxgl.dev.DevService
06:43:15.347 [JavaFX Application Thread] DEBUG FXGLApplication      - Exiting FXGL
06:43:15.348 [JavaFX Application Thread] DEBUG LoopRunner           - Stopping loop
06:43:15.348 [JavaFX Application Thread] DEBUG SystemBundleService  - Saving FXGL system data
06:43:15.350 [JavaFX Application Thread] DEBUG FileSystemAccess     - Writing to: E:\Labs\Gonvival\system\fxgl.bundle
06:43:15.354 [JavaFX Application Thread] DEBUG Async                - Shutting down background threads
06:43:15.354 [JavaFX Application Thread] DEBUG PrimaryStageWindow   - Closing main window
06:43:15.369 [JavaFX Application Thread] DEBUG Logger               - Closing Logger
