23:58:34.313 [main                     ] DEBUG Logger               - Configured Logger
23:58:34.337 [main                     ] DEBUG GameApplication      - Logging settings
Title: Gonvival
Version: beta
Width: 800
Height: 600
Fullscreen: false
Intro: false
Profiling: false
Single step:false
App Mode: DEVELOPER
Menu Key: ESCAPE
Stage Style: DECORATED
Scene Factory: class com.almasb.fxgl.app.scene.SceneFactory

23:58:35.912 [JavaFX Application Thread] DEBUG FXGLApplication      - Initializing FXGL
23:58:35.917 [JavaFX Application Thread] INFO  Engine               - FXGL-21.1 (27.03.2024 07.52) on WINDOWS (J:21.0.5 FX:21.0.1)
23:58:35.918 [JavaFX Application Thread] DEBUG Engine               - JRE Vendor Name: Eclipse Adoptium
23:58:35.918 [JavaFX Application Thread] DEBUG Engine               - Running on OS: Windows 11 version 10.0
23:58:35.918 [JavaFX Application Thread] DEBUG Engine               - Architecture: amd64
23:58:35.918 [JavaFX Application Thread] INFO  Engine               - Source code and latest versions at: https://github.com/AlmasB/FXGL
23:58:35.918 [JavaFX Application Thread] INFO  Engine               -       Ask questions and discuss at: https://github.com/AlmasB/FXGL/discussions
23:58:35.919 [JavaFX Application Thread] INFO  Engine               -              Join the FXGL chat at: https://gitter.im/AlmasB/FXGL
23:58:36.031 [JavaFX Application Thread] DEBUG PrimaryStageWindow   - Creating a JavaFX scene
23:58:36.101 [JavaFX Application Thread] DEBUG PrimaryStageWindow   - Target settings size: 800.0 x 600.0
23:58:36.102 [JavaFX Application Thread] DEBUG PrimaryStageWindow   - Scaled scene size:    800.0 x 600.0
23:58:36.102 [JavaFX Application Thread] DEBUG PrimaryStageWindow   - Scaled ratio: (1.0, 1.0)
23:58:36.104 [JavaFX Application Thread] DEBUG PrimaryStageWindow   - Set initial scene to FXGLStartupScene
23:58:36.109 [JavaFX Application Thread] DEBUG PrimaryStageWindow   - Opening main window
23:58:36.415 [JavaFX Application Thread] DEBUG PrimaryStageWindow   - Window border size: (14.4000244140625, 37.5999755859375)
23:58:36.416 [JavaFX Application Thread] DEBUG PrimaryStageWindow   - Scaled size: 800.0 x 600.0
23:58:36.418 [JavaFX Application Thread] DEBUG PrimaryStageWindow   - Scaled ratio: (1.0, 1.0)
23:58:36.419 [JavaFX Application Thread] DEBUG PrimaryStageWindow   - Scene size: 800.0 x 600.0
23:58:36.422 [JavaFX Application Thread] DEBUG PrimaryStageWindow   - Stage size: 814.4000244140625 x 637.5999755859375
23:58:36.459 [FXGL Background Thread 1 ] DEBUG Engine               - Initializing environment variables
23:58:36.594 [FXGL Background Thread 1 ] DEBUG FXGLAssetLoaderServi - User app class for loading assets: class com.lab.App
23:58:36.594 [FXGL Background Thread 1 ] DEBUG GameApplicationServi - Applying CSS: fxgl_dark.css
23:58:36.598 [FXGL Background Thread 1 ] DEBUG FXGLAssetLoaderServi - Loading from file system: jar:file:/C:/Users/HP/.m2/repository/com/github/almasb/fxgl/21.1/fxgl-21.1.jar!/fxglassets/ui/css/fxgl_dark.css
23:58:36.690 [FXGL Background Thread 1 ] DEBUG GameApplicationServi - Initializing application scenes
23:58:36.787 [FXGL Background Thread 1 ] DEBUG GameWorld            - Game world initialized
23:58:36.917 [FXGL Background Thread 1 ] DEBUG PhysicsWorld         - Physics world initialized: appHeight=600, physics.ppm=50.0
23:58:36.917 [FXGL Background Thread 1 ] DEBUG PhysicsWorld         - Using strategy: BRUTE_FORCE
23:58:36.924 [FXGL Background Thread 1 ] DEBUG GameScene            - Game scene initialized: 800x600
23:58:36.963 [FXGL Background Thread 1 ] DEBUG FXGL.DefaultMenu     - createMenuBodyGameMenu()
23:58:37.030 [FXGL Background Thread 1 ] DEBUG FXGL.DefaultMenu     - createOptionsMenu()
23:58:37.065 [FXGL Background Thread 1 ] DEBUG FXGLAssetLoaderServi - Loading from file system: jar:file:/C:/Users/HP/.m2/repository/com/github/almasb/fxgl/21.1/fxgl-21.1.jar!/fxglassets/textures/particles/smoke.png
23:58:37.333 [FXGL Background Thread 1 ] DEBUG FXGLAssetLoaderServi - Loading from file system: jar:file:/C:/Users/HP/.m2/repository/com/github/almasb/fxgl/21.1/fxgl-21.1.jar!/fxglassets/textures/particles/trace_horizontal.png
23:58:37.368 [FXGL Background Thread 1 ] DEBUG GameApplicationServi - Application scenes initialized
23:58:37.387 [FXGL Background Thread 1 ] DEBUG SystemBundleService  - Loading FXGL system data
23:58:37.395 [FXGL Background Thread 1 ] DEBUG FileSystemAccess     - Reading from: D:\Gonvival\system\fxgl.bundle
23:58:37.409 [FXGL Background Thread 1 ] DEBUG SystemBundleService  - Bundle FXGL: {}
23:58:37.409 [FXGL Background Thread 1 ] DEBUG UpdaterService       - Checking for updates
23:58:37.417 [FXGL Background Thread 4 ] DEBUG FXGLApplication      - Loading fonts
23:58:37.417 [FXGL Background Thread 4 ] DEBUG FXGLAssetLoaderServi - Loading from file system: jar:file:/C:/Users/HP/.m2/repository/com/github/almasb/fxgl/21.1/fxgl-21.1.jar!/fxglassets/ui/fonts/VarelaRound-Regular.ttf
23:58:37.419 [FXGL Background Thread 1 ] DEBUG FXGLApplication      - Loading default localization
23:58:37.420 [FXGL Background Thread 1 ] DEBUG FXGLAssetLoaderServi - Loading from file system: jar:file:/C:/Users/HP/.m2/repository/com/github/almasb/fxgl/21.1/fxgl-21.1.jar!/fxglassets/languages/english.lang
23:58:37.491 [FXGL Background Thread 1 ] INFO  FXGLApplication      - FXGL initialization took: 1.032 sec
23:58:37.508 [JavaFX Application Thread] DEBUG Input                - Registered new binding: Shoot - LMB
23:58:37.518 [FXGL Background Thread 4 ] DEBUG FXGLAssetLoaderServi - Loading from file system: jar:file:/C:/Users/HP/.m2/repository/com/github/almasb/fxgl/21.1/fxgl-21.1.jar!/fxglassets/ui/fonts/Abel-Regular.ttf
23:58:37.525 [FXGL Background Thread 4 ] DEBUG FXGLAssetLoaderServi - Loading from file system: jar:file:/C:/Users/HP/.m2/repository/com/github/almasb/fxgl/21.1/fxgl-21.1.jar!/fxglassets/ui/fonts/TerminalLandMono-Regular.otf
23:58:37.528 [JavaFX Application Thread] DEBUG Input                - Registered new binding: action0 - A
23:58:37.528 [JavaFX Application Thread] DEBUG Input                - Registered new binding: action1 - D
23:58:37.529 [JavaFX Application Thread] DEBUG Input                - Registered new binding: action2 - W
23:58:37.529 [JavaFX Application Thread] DEBUG Input                - Registered new binding: action3 - S
23:58:37.530 [JavaFX Application Thread] DEBUG FXGLAssetLoaderServi - Loading from file system: jar:file:/C:/Users/HP/.m2/repository/com/github/almasb/fxgl/21.1/fxgl-21.1.jar!/fxglassets/textures/fxgl_icon.png
23:58:37.535 [FXGL Background Thread 4 ] DEBUG FXGLAssetLoaderServi - Loading from file system: jar:file:/C:/Users/HP/.m2/repository/com/github/almasb/fxgl/21.1/fxgl-21.1.jar!/fxglassets/ui/fonts/Courier-Prime.ttf
23:58:37.566 [JavaFX Application Thread] DEBUG FXGLAssetLoaderServi - Loading from file system: jar:file:/C:/Users/HP/.m2/repository/com/github/almasb/fxgl/21.1/fxgl-21.1.jar!/fxglassets/textures/fxgl_default_cursor.png
23:58:37.571 [JavaFX Application Thread] DEBUG Input                - Registered new binding: Screenshot - CTRL+8
23:58:37.572 [JavaFX Application Thread] DEBUG Input                - Registered new binding: System info dump - CTRL+9
23:58:37.573 [JavaFX Application Thread] DEBUG Input                - Registered new binding: Restart - CTRL+R
23:58:37.575 [JavaFX Application Thread] DEBUG Input                - Registered new binding: Toggle Debug Camera - CTRL+7
23:58:37.584 [JavaFX Application Thread] DEBUG LoopRunner           - Starting loop
23:58:37.584 [JavaFX Application Thread] DEBUG LoopRunner           - Initializing JavaFX AnimationTimerLoop
23:58:37.587 [JavaFX Application Thread] DEBUG GameApplicationServi - Starting new game
23:58:37.588 [JavaFX Application Thread] DEBUG Input                - Clearing active input actions
23:58:37.611 [JavaFX Application Thread] DEBUG GameApplicationServi - Removing overlay from FXGLStartupScene and adding to FXGLLoadingScene
23:58:37.612 [JavaFX Application Thread] DEBUG PrimaryStageWindow   - FXGLStartupScene -> FXGLLoadingScene
23:58:37.612 [JavaFX Application Thread] DEBUG GameApplicationServi - Clearing previous game
23:58:37.612 [JavaFX Application Thread] DEBUG GameScene            - Clearing game scene
23:58:37.612 [JavaFX Application Thread] DEBUG GameWorld            - Clearing game world
23:58:37.612 [JavaFX Application Thread] DEBUG PhysicsWorld         - Clearing physics world
23:58:37.614 [FXGL Background Thread 4 ] DEBUG FXGLApplication      - Initializing game
23:58:37.618 [JavaFX Application Thread] DEBUG FXGLApplication      - Registering font factories with UI factory
23:58:37.653 [FXGL Background Thread 4 ] DEBUG FXGLAssetLoaderServi - Loading from file system: file:/D:/Gonvival/game/target/classes/assets/textures/g.png
23:58:37.673 [FXGL Background Thread 4 ] INFO  FXGLApplication      - Game initialization took: 0.058 sec
23:58:37.759 [JavaFX Application Thread] DEBUG Input                - Clearing active input actions
23:58:37.775 [JavaFX Application Thread] DEBUG GameApplicationServi - Removing overlay from FXGLLoadingScene and adding to GameScene
23:58:37.776 [JavaFX Application Thread] DEBUG PrimaryStageWindow   - FXGLLoadingScene -> GameScene
23:58:38.307 [JavaFX Application Thread] DEBUG FXGLAssetLoaderServi - Loading from file system: file:/D:/Gonvival/game/target/classes/assets/textures/arrow.png
23:58:38.774 [JavaFX Application Thread] DEBUG FXGLAssetLoaderServi - Loading from file system: file:/D:/Gonvival/game/target/classes/assets/textures/evil.png
23:58:40.413 [FXGL Background Thread 3 ] DEBUG Engine               - Logging environment variables
23:58:40.416 [FXGL Background Thread 3 ] DEBUG Engine               - achievements: []
23:58:40.417 [FXGL Background Thread 3 ] DEBUG Engine               - actualHeight: 600.0
23:58:40.418 [FXGL Background Thread 3 ] DEBUG Engine               - actualHeightProperty: ReadOnlyDoubleProperty [value: 600.0]
23:58:40.418 [FXGL Background Thread 3 ] DEBUG Engine               - actualWidth: 800.0
23:58:40.418 [FXGL Background Thread 3 ] DEBUG Engine               - actualWidthProperty: ReadOnlyDoubleProperty [value: 800.0]
23:58:40.419 [FXGL Background Thread 3 ] DEBUG Engine               - appIcon: fxgl_icon.png
23:58:40.419 [FXGL Background Thread 3 ] DEBUG Engine               - applicationMode: DEVELOPER
23:58:40.419 [FXGL Background Thread 3 ] DEBUG Engine               - cSSList: [fxgl_dark.css]
23:58:40.419 [FXGL Background Thread 3 ] DEBUG Engine               - collisionDetectionStrategy: BRUTE_FORCE
23:58:40.420 [FXGL Background Thread 3 ] DEBUG Engine               - configClass: Optional.empty
23:58:40.420 [FXGL Background Thread 3 ] DEBUG Engine               - credits: []
23:58:40.421 [FXGL Background Thread 3 ] DEBUG Engine               - defaultCursor: CursorInfo(imageName=fxgl_default_cursor.png, hotspotX=7.0, hotspotY=6.0)
23:58:40.422 [FXGL Background Thread 3 ] DEBUG Engine               - devBBoxColorProperty: ObjectProperty [value: 0xff0000ff]
23:58:40.422 [FXGL Background Thread 3 ] DEBUG Engine               - devEnableDebugCameraProperty: BooleanProperty [value: false]
23:58:40.423 [FXGL Background Thread 3 ] DEBUG Engine               - devSensorColorProperty: ObjectProperty [value: 0xffff00ff]
23:58:40.424 [FXGL Background Thread 3 ] DEBUG Engine               - devShowBBoxProperty: BooleanProperty [value: false]
23:58:40.424 [FXGL Background Thread 3 ] DEBUG Engine               - devShowPositionProperty: BooleanProperty [value: false]
23:58:40.424 [FXGL Background Thread 3 ] DEBUG Engine               - enabledMenuItems: []
23:58:40.425 [FXGL Background Thread 3 ] DEBUG Engine               - engineServices: [class com.almasb.fxgl.app.services.FXGLAssetLoaderService, class com.almasb.fxgl.app.FXGLApplication$GameApplicationService, class com.almasb.fxgl.app.services.FXGLDialogService, class com.almasb.fxgl.app.services.IOTaskExecutorService, class com.almasb.fxgl.io.FileSystemService, class com.almasb.fxgl.localization.LocalizationService, class com.almasb.fxgl.app.services.SystemBundleService, class com.almasb.fxgl.profile.SaveLoadService, class com.almasb.fxgl.ui.FXGLUIFactoryServiceProvider, class com.almasb.fxgl.ui.FXGLDialogFactoryServiceProvider, class com.almasb.fxgl.audio.AudioPlayer, class com.almasb.fxgl.notification.impl.NotificationServiceProvider, class com.almasb.fxgl.achievement.AchievementService, class com.almasb.fxgl.cutscene.CutsceneService, class com.almasb.fxgl.minigames.MiniGameService, class com.almasb.fxgl.net.NetService, class com.almasb.fxgl.app.services.UpdaterService, class com.almasb.fxgl.dev.DevService]
23:58:40.425 [FXGL Background Thread 3 ] DEBUG Engine               - fontGame: Abel-Regular.ttf
23:58:40.425 [FXGL Background Thread 3 ] DEBUG Engine               - fontMono: TerminalLandMono-Regular.otf
23:58:40.426 [FXGL Background Thread 3 ] DEBUG Engine               - fontSizeScaleUI: 1.0
23:58:40.426 [FXGL Background Thread 3 ] DEBUG Engine               - fontText: Courier-Prime.ttf
23:58:40.426 [FXGL Background Thread 3 ] DEBUG Engine               - fontUI: VarelaRound-Regular.ttf
23:58:40.426 [FXGL Background Thread 3 ] DEBUG Engine               - fullScreen: BooleanProperty [value: false]
23:58:40.427 [FXGL Background Thread 3 ] DEBUG Engine               - gameDifficulty: MEDIUM
23:58:40.427 [FXGL Background Thread 3 ] DEBUG Engine               - gameDifficultyProperty: ObjectProperty [value: MEDIUM]
23:58:40.427 [FXGL Background Thread 3 ] DEBUG Engine               - globalMusicVolume: 0.5
23:58:40.427 [FXGL Background Thread 3 ] DEBUG Engine               - globalMusicVolumeProperty: DoubleProperty [value: 0.5]
23:58:40.428 [FXGL Background Thread 3 ] DEBUG Engine               - globalSoundVolume: 0.5
23:58:40.428 [FXGL Background Thread 3 ] DEBUG Engine               - globalSoundVolumeProperty: DoubleProperty [value: 0.5]
23:58:40.428 [FXGL Background Thread 3 ] DEBUG Engine               - height: 600
23:58:40.428 [FXGL Background Thread 3 ] DEBUG Engine               - is3D: false
23:58:40.429 [FXGL Background Thread 3 ] DEBUG Engine               - isAndroid: false
23:58:40.429 [FXGL Background Thread 3 ] DEBUG Engine               - isBrowser: false
23:58:40.429 [FXGL Background Thread 3 ] DEBUG Engine               - isClickFeedbackEnabled: false
23:58:40.429 [FXGL Background Thread 3 ] DEBUG Engine               - isCloseConfirmation: false
23:58:40.429 [FXGL Background Thread 3 ] DEBUG Engine               - isDesktop: true
23:58:40.429 [FXGL Background Thread 3 ] DEBUG Engine               - isDeveloperMenuEnabled: false
23:58:40.429 [FXGL Background Thread 3 ] DEBUG Engine               - isEmbedded: false
23:58:40.431 [FXGL Background Thread 3 ] DEBUG Engine               - isEntityPreloadEnabled: true
23:58:40.431 [FXGL Background Thread 3 ] DEBUG Engine               - isExperimentalTiledLargeMap: false
23:58:40.431 [FXGL Background Thread 3 ] DEBUG Engine               - isFileSystemWriteAllowed: true
23:58:40.431 [FXGL Background Thread 3 ] DEBUG Engine               - isFullScreenAllowed: false
23:58:40.431 [FXGL Background Thread 3 ] DEBUG Engine               - isFullScreenFromStart: false
23:58:40.432 [FXGL Background Thread 3 ] DEBUG Engine               - isGameMenuEnabled: true
23:58:40.432 [FXGL Background Thread 3 ] DEBUG Engine               - isIOS: false
23:58:40.432 [FXGL Background Thread 3 ] DEBUG Engine               - isIntroEnabled: false
23:58:40.433 [FXGL Background Thread 3 ] DEBUG Engine               - isLinux: false
23:58:40.434 [FXGL Background Thread 3 ] DEBUG Engine               - isMac: false
23:58:40.434 [FXGL Background Thread 3 ] DEBUG Engine               - isMainMenuEnabled: false
23:58:40.434 [FXGL Background Thread 3 ] DEBUG Engine               - isManualResizeEnabled: false
23:58:40.434 [FXGL Background Thread 3 ] DEBUG Engine               - isMobile: false
23:58:40.434 [FXGL Background Thread 3 ] DEBUG Engine               - isNative: false
23:58:40.434 [FXGL Background Thread 3 ] DEBUG Engine               - isPauseMusicWhenMinimized: true
23:58:40.435 [FXGL Background Thread 3 ] DEBUG Engine               - isPreserveResizeRatio: false
23:58:40.435 [FXGL Background Thread 3 ] DEBUG Engine               - isProfilingEnabled: false
23:58:40.435 [FXGL Background Thread 3 ] DEBUG Engine               - isScaleAffectedOnResize: true
23:58:40.435 [FXGL Background Thread 3 ] DEBUG Engine               - isSingleStep: false
23:58:40.435 [FXGL Background Thread 3 ] DEBUG Engine               - isUserProfileEnabled: false
23:58:40.435 [FXGL Background Thread 3 ] DEBUG Engine               - isWindows: true
23:58:40.436 [FXGL Background Thread 3 ] DEBUG Engine               - language: ObjectProperty [value: ENGLISH]
23:58:40.436 [FXGL Background Thread 3 ] DEBUG Engine               - menuKey: ESCAPE
23:58:40.436 [FXGL Background Thread 3 ] DEBUG Engine               - mouseSensitivity: 0.2
23:58:40.436 [FXGL Background Thread 3 ] DEBUG Engine               - notificationViewClass: class com.almasb.fxgl.notification.view.XboxNotificationView
23:58:40.437 [FXGL Background Thread 3 ] DEBUG Engine               - pixelsPerMeter: 50.0
23:58:40.437 [FXGL Background Thread 3 ] DEBUG Engine               - platform: WINDOWS
23:58:40.437 [FXGL Background Thread 3 ] DEBUG Engine               - prefHeightProperty: ReadOnlyDoubleProperty [value: 600.0]
23:58:40.437 [FXGL Background Thread 3 ] DEBUG Engine               - prefWidthProperty: ReadOnlyDoubleProperty [value: 800.0]
23:58:40.437 [FXGL Background Thread 3 ] DEBUG Engine               - profileDir: profiles/
23:58:40.438 [FXGL Background Thread 3 ] DEBUG Engine               - profileName: StringProperty [value: DEFAULT]
23:58:40.438 [FXGL Background Thread 3 ] DEBUG Engine               - randomSeed: -1
23:58:40.439 [FXGL Background Thread 3 ] DEBUG Engine               - runtimeInfo: RuntimeInfo(platform=WINDOWS, version=21.1, build=27.03.2024 07.52)
23:58:40.439 [FXGL Background Thread 3 ] DEBUG Engine               - saveFileExt: sav
23:58:40.439 [FXGL Background Thread 3 ] DEBUG Engine               - scaledHeightProp$fxgl: DoubleProperty [bound, value: 600.0]
23:58:40.439 [FXGL Background Thread 3 ] DEBUG Engine               - scaledWidthProp$fxgl: DoubleProperty [bound, value: 800.0]
23:58:40.441 [FXGL Background Thread 3 ] DEBUG Engine               - sceneFactory: com.almasb.fxgl.app.scene.SceneFactory@487cef68
23:58:40.441 [FXGL Background Thread 3 ] DEBUG Engine               - secondsIn24h: 60
23:58:40.441 [FXGL Background Thread 3 ] DEBUG Engine               - soundMenuBack: menu/back.wav
23:58:40.441 [FXGL Background Thread 3 ] DEBUG Engine               - soundMenuPress: menu/press.wav
23:58:40.441 [FXGL Background Thread 3 ] DEBUG Engine               - soundMenuSelect: menu/select.wav
23:58:40.441 [FXGL Background Thread 3 ] DEBUG Engine               - soundNotification: core/notification.wav
23:58:40.442 [FXGL Background Thread 3 ] DEBUG Engine               - stageStyle: DECORATED
23:58:40.442 [FXGL Background Thread 3 ] DEBUG Engine               - supportedLanguages: [ENGLISH, FRENCH, GERMAN, HUNGARIAN, RUSSIAN]
23:58:40.442 [FXGL Background Thread 3 ] DEBUG Engine               - ticksPerSecond: -1
23:58:40.442 [FXGL Background Thread 3 ] DEBUG Engine               - title: Gonvival
23:58:40.442 [FXGL Background Thread 3 ] DEBUG Engine               - urlGithub: https://github.com/AlmasB/FXGL
23:58:40.443 [FXGL Background Thread 3 ] DEBUG Engine               - urlLeaderboard: http://fxgl-top.herokuapp.com/
23:58:40.443 [FXGL Background Thread 3 ] DEBUG Engine               - urlPOM: https://raw.githubusercontent.com/AlmasB/FXGL/release/README.md
23:58:40.443 [FXGL Background Thread 3 ] DEBUG Engine               - userAppClass: class com.lab.App
23:58:40.443 [FXGL Background Thread 3 ] DEBUG Engine               - version: beta
23:58:40.443 [FXGL Background Thread 3 ] DEBUG Engine               - versionCheckDays: 7
23:58:40.444 [FXGL Background Thread 3 ] DEBUG Engine               - width: 800
23:58:40.444 [FXGL Background Thread 3 ] DEBUG Engine               - Logging services
23:58:40.444 [FXGL Background Thread 3 ] DEBUG Engine               - class com.almasb.fxgl.app.services.FXGLAssetLoaderService
23:58:40.444 [FXGL Background Thread 3 ] DEBUG Engine               - class com.almasb.fxgl.app.FXGLApplication$GameApplicationService
23:58:40.444 [FXGL Background Thread 3 ] DEBUG Engine               - class com.almasb.fxgl.app.services.FXGLDialogService
23:58:40.444 [FXGL Background Thread 3 ] DEBUG Engine               - class com.almasb.fxgl.app.services.IOTaskExecutorService
23:58:40.444 [FXGL Background Thread 3 ] DEBUG Engine               - class com.almasb.fxgl.io.FileSystemService
23:58:40.445 [FXGL Background Thread 3 ] DEBUG Engine               - class com.almasb.fxgl.localization.LocalizationService
23:58:40.445 [FXGL Background Thread 3 ] DEBUG Engine               - class com.almasb.fxgl.app.services.SystemBundleService
23:58:40.445 [FXGL Background Thread 3 ] DEBUG Engine               - class com.almasb.fxgl.profile.SaveLoadService
23:58:40.445 [FXGL Background Thread 3 ] DEBUG Engine               - class com.almasb.fxgl.ui.FXGLUIFactoryServiceProvider
23:58:40.445 [FXGL Background Thread 3 ] DEBUG Engine               - class com.almasb.fxgl.ui.FXGLDialogFactoryServiceProvider
23:58:40.445 [FXGL Background Thread 3 ] DEBUG Engine               - class com.almasb.fxgl.audio.AudioPlayer
23:58:40.445 [FXGL Background Thread 3 ] DEBUG Engine               - class com.almasb.fxgl.notification.impl.NotificationServiceProvider
23:58:40.445 [FXGL Background Thread 3 ] DEBUG Engine               - class com.almasb.fxgl.achievement.AchievementService
23:58:40.445 [FXGL Background Thread 3 ] DEBUG Engine               - class com.almasb.fxgl.cutscene.CutsceneService
23:58:40.445 [FXGL Background Thread 3 ] DEBUG Engine               - class com.almasb.fxgl.minigames.MiniGameService
23:58:40.446 [FXGL Background Thread 3 ] DEBUG Engine               - class com.almasb.fxgl.net.NetService
23:58:40.446 [FXGL Background Thread 3 ] DEBUG Engine               - class com.almasb.fxgl.app.services.UpdaterService
23:58:40.446 [FXGL Background Thread 3 ] DEBUG Engine               - class com.almasb.fxgl.dev.DevService
23:58:59.917 [JavaFX Application Thread] DEBUG PrimaryStageWindow   - Push state: FXGLDefaultMenu
23:58:59.931 [JavaFX Application Thread] DEBUG Input                - Clearing active input actions
23:58:59.949 [JavaFX Application Thread] DEBUG GameApplicationServi - Removing overlay from GameScene and adding to FXGLDefaultMenu
23:58:59.949 [JavaFX Application Thread] DEBUG PrimaryStageWindow   - GameScene -> FXGLDefaultMenu
23:59:33.191 [JavaFX Application Thread] DEBUG Menu                 - fireResume()
23:59:33.197 [JavaFX Application Thread] DEBUG PrimaryStageWindow   - Pop state: FXGLDefaultMenu
23:59:33.197 [JavaFX Application Thread] DEBUG Input                - Clearing active input actions
23:59:33.199 [JavaFX Application Thread] DEBUG GameApplicationServi - Removing overlay from FXGLDefaultMenu and adding to GameScene
23:59:33.201 [JavaFX Application Thread] DEBUG PrimaryStageWindow   - GameScene <- FXGLDefaultMenu
23:59:49.851 [JavaFX Application Thread] DEBUG PrimaryStageWindow   - Push state: FXGLDefaultMenu
23:59:49.852 [JavaFX Application Thread] DEBUG Input                - Clearing active input actions
23:59:49.862 [JavaFX Application Thread] DEBUG GameApplicationServi - Removing overlay from GameScene and adding to FXGLDefaultMenu
23:59:49.862 [JavaFX Application Thread] DEBUG PrimaryStageWindow   - GameScene -> FXGLDefaultMenu
23:59:52.167 [JavaFX Application Thread] DEBUG FXGLApplication      - Exiting FXGL
23:59:52.168 [JavaFX Application Thread] DEBUG LoopRunner           - Stopping loop
23:59:52.168 [JavaFX Application Thread] DEBUG SystemBundleService  - Saving FXGL system data
23:59:52.176 [JavaFX Application Thread] DEBUG FileSystemAccess     - Writing to: D:\Gonvival\system\fxgl.bundle
23:59:52.185 [JavaFX Application Thread] DEBUG Async                - Shutting down background threads
23:59:52.186 [JavaFX Application Thread] DEBUG PrimaryStageWindow   - Closing main window
23:59:52.238 [JavaFX Application Thread] DEBUG Logger               - Closing Logger
