07:36:53.594 [main                     ] DEBUG Logger               - Configured Logger
07:36:53.628 [main                     ] DEBUG GameApplication      - Logging settings
Title: Gonvival
Version: beta
Width: 800
Height: 800
Fullscreen: false
Intro: false
Profiling: false
Single step:false
App Mode: DEVELOPER
Menu Key: ESCAPE
Stage Style: DECORATED
Scene Factory: class com.almasb.fxgl.app.scene.SceneFactory

07:36:54.611 [JavaFX Application Thread] DEBUG FXGLApplication      - Initializing FXGL
07:36:54.615 [JavaFX Application Thread] INFO  Engine               - FXGL-21.1 (27.03.2024 07.52) on WINDOWS (J:21.0.5 FX:21.0.1)
07:36:54.616 [JavaFX Application Thread] DEBUG Engine               - JRE Vendor Name: Eclipse Adoptium
07:36:54.616 [JavaFX Application Thread] DEBUG Engine               - Running on OS: Windows 11 version 10.0
07:36:54.616 [JavaFX Application Thread] DEBUG Engine               - Architecture: amd64
07:36:54.616 [JavaFX Application Thread] INFO  Engine               - Source code and latest versions at: https://github.com/AlmasB/FXGL
07:36:54.617 [JavaFX Application Thread] INFO  Engine               -       Ask questions and discuss at: https://github.com/AlmasB/FXGL/discussions
07:36:54.617 [JavaFX Application Thread] INFO  Engine               -              Join the FXGL chat at: https://gitter.im/AlmasB/FXGL
07:36:54.758 [JavaFX Application Thread] DEBUG PrimaryStageWindow   - Creating a JavaFX scene
07:36:54.823 [JavaFX Application Thread] DEBUG PrimaryStageWindow   - Target settings size: 800.0 x 800.0
07:36:54.823 [JavaFX Application Thread] DEBUG PrimaryStageWindow   - Scaled scene size:    800.0 x 800.0
07:36:54.823 [JavaFX Application Thread] DEBUG PrimaryStageWindow   - Scaled ratio: (1.0, 1.0)
07:36:54.825 [JavaFX Application Thread] DEBUG PrimaryStageWindow   - Set initial scene to FXGLStartupScene
07:36:54.835 [JavaFX Application Thread] DEBUG PrimaryStageWindow   - Opening main window
07:36:55.037 [JavaFX Application Thread] DEBUG PrimaryStageWindow   - Window border size: (14.4000244140625, 37.5999755859375)
07:36:55.038 [JavaFX Application Thread] DEBUG PrimaryStageWindow   - Scaled size: 800.0 x 800.0
07:36:55.038 [JavaFX Application Thread] DEBUG PrimaryStageWindow   - Scaled ratio: (1.0, 1.0)
07:36:55.038 [JavaFX Application Thread] DEBUG PrimaryStageWindow   - Scene size: 800.0 x 800.0
07:36:55.038 [JavaFX Application Thread] DEBUG PrimaryStageWindow   - Stage size: 814.4000244140625 x 837.5999755859375
07:36:55.049 [FXGL Background Thread 1 ] DEBUG Engine               - Initializing environment variables
07:36:55.167 [FXGL Background Thread 1 ] DEBUG FXGLAssetLoaderServi - User app class for loading assets: class com.lab.App
07:36:55.167 [FXGL Background Thread 1 ] DEBUG GameApplicationServi - Applying CSS: fxgl_dark.css
07:36:55.168 [FXGL Background Thread 1 ] DEBUG FXGLAssetLoaderServi - Loading from file system: jar:file:/C:/Users/HP/.m2/repository/com/github/almasb/fxgl/21.1/fxgl-21.1.jar!/fxglassets/ui/css/fxgl_dark.css
07:36:55.211 [FXGL Background Thread 1 ] DEBUG GameApplicationServi - Initializing application scenes
07:36:55.280 [FXGL Background Thread 1 ] DEBUG GameWorld            - Game world initialized
07:36:55.375 [FXGL Background Thread 1 ] DEBUG PhysicsWorld         - Physics world initialized: appHeight=800, physics.ppm=50.0
07:36:55.375 [FXGL Background Thread 1 ] DEBUG PhysicsWorld         - Using strategy: BRUTE_FORCE
07:36:55.378 [FXGL Background Thread 1 ] DEBUG GameScene            - Game scene initialized: 800x800
07:36:55.390 [FXGL Background Thread 1 ] DEBUG FXGL.DefaultMenu     - createMenuBodyMainMenu()
07:36:55.404 [FXGL Background Thread 1 ] DEBUG FXGL.DefaultMenu     - createOptionsMenu()
07:36:55.414 [FXGL Background Thread 1 ] DEBUG FXGLAssetLoaderServi - Loading from file system: jar:file:/C:/Users/HP/.m2/repository/com/github/almasb/fxgl/21.1/fxgl-21.1.jar!/fxglassets/textures/particles/smoke.png
07:36:55.646 [FXGL Background Thread 1 ] DEBUG FXGLAssetLoaderServi - Loading from file system: jar:file:/C:/Users/HP/.m2/repository/com/github/almasb/fxgl/21.1/fxgl-21.1.jar!/fxglassets/textures/particles/trace_horizontal.png
07:36:55.674 [FXGL Background Thread 1 ] DEBUG FXGL.DefaultMenu     - createMenuBodyGameMenu()
07:36:55.676 [FXGL Background Thread 1 ] DEBUG FXGL.DefaultMenu     - createOptionsMenu()
07:36:55.689 [FXGL Background Thread 1 ] DEBUG GameApplicationServi - Application scenes initialized
07:36:55.702 [FXGL Background Thread 1 ] DEBUG SystemBundleService  - Loading FXGL system data
07:36:55.709 [FXGL Background Thread 1 ] DEBUG FileSystemAccess     - Reading from: D:\Gonvival\system\fxgl.bundle
07:36:55.718 [FXGL Background Thread 1 ] DEBUG SystemBundleService  - Bundle FXGL: {}
07:36:55.718 [FXGL Background Thread 1 ] DEBUG UpdaterService       - Checking for updates
07:36:55.723 [FXGL Background Thread 4 ] DEBUG FXGLApplication      - Loading fonts
07:36:55.723 [FXGL Background Thread 4 ] DEBUG FXGLAssetLoaderServi - Loading from file system: jar:file:/C:/Users/HP/.m2/repository/com/github/almasb/fxgl/21.1/fxgl-21.1.jar!/fxglassets/ui/fonts/VarelaRound-Regular.ttf
07:36:55.725 [FXGL Background Thread 1 ] DEBUG FXGLApplication      - Loading default localization
07:36:55.726 [FXGL Background Thread 1 ] DEBUG FXGLAssetLoaderServi - Loading from file system: jar:file:/C:/Users/HP/.m2/repository/com/github/almasb/fxgl/21.1/fxgl-21.1.jar!/fxglassets/languages/english.lang
07:36:55.796 [FXGL Background Thread 1 ] INFO  FXGLApplication      - FXGL initialization took: 0.747 sec
07:36:55.798 [FXGL Background Thread 4 ] DEBUG FXGLAssetLoaderServi - Loading from file system: jar:file:/C:/Users/HP/.m2/repository/com/github/almasb/fxgl/21.1/fxgl-21.1.jar!/fxglassets/ui/fonts/Abel-Regular.ttf
07:36:55.798 [JavaFX Application Thread] DEBUG FXGLAssetLoaderServi - Loading from file system: jar:file:/C:/Users/HP/.m2/repository/com/github/almasb/fxgl/21.1/fxgl-21.1.jar!/fxglassets/textures/fxgl_icon.png
07:36:55.803 [FXGL Background Thread 4 ] DEBUG FXGLAssetLoaderServi - Loading from file system: jar:file:/C:/Users/HP/.m2/repository/com/github/almasb/fxgl/21.1/fxgl-21.1.jar!/fxglassets/ui/fonts/TerminalLandMono-Regular.otf
07:36:55.809 [FXGL Background Thread 4 ] DEBUG FXGLAssetLoaderServi - Loading from file system: jar:file:/C:/Users/HP/.m2/repository/com/github/almasb/fxgl/21.1/fxgl-21.1.jar!/fxglassets/ui/fonts/Courier-Prime.ttf
07:36:55.827 [JavaFX Application Thread] DEBUG FXGLAssetLoaderServi - Loading from file system: jar:file:/C:/Users/HP/.m2/repository/com/github/almasb/fxgl/21.1/fxgl-21.1.jar!/fxglassets/textures/fxgl_default_cursor.png
07:36:55.850 [JavaFX Application Thread] DEBUG Input                - Registered new binding: Screenshot - CTRL+8
07:36:55.851 [JavaFX Application Thread] DEBUG Input                - Registered new binding: System info dump - CTRL+9
07:36:55.852 [JavaFX Application Thread] DEBUG Input                - Registered new binding: Restart - CTRL+R
07:36:55.852 [JavaFX Application Thread] DEBUG Input                - Registered new binding: Toggle Debug Camera - CTRL+7
07:36:55.858 [JavaFX Application Thread] DEBUG LoopRunner           - Starting loop
07:36:55.858 [JavaFX Application Thread] DEBUG LoopRunner           - Initializing JavaFX AnimationTimerLoop
07:36:55.862 [JavaFX Application Thread] DEBUG Input                - Clearing active input actions
07:36:55.869 [JavaFX Application Thread] DEBUG GameApplicationServi - Removing overlay from FXGLStartupScene and adding to FXGLMainMenuDummyScene
07:36:55.870 [JavaFX Application Thread] DEBUG PrimaryStageWindow   - FXGLStartupScene -> FXGLMainMenuDummyScene
07:36:55.870 [JavaFX Application Thread] DEBUG PrimaryStageWindow   - Push state: FXGLDefaultMenu
07:36:55.883 [JavaFX Application Thread] DEBUG Input                - Clearing active input actions
07:36:55.893 [JavaFX Application Thread] DEBUG GameApplicationServi - Removing overlay from FXGLMainMenuDummyScene and adding to FXGLDefaultMenu
07:36:55.893 [JavaFX Application Thread] DEBUG PrimaryStageWindow   - FXGLMainMenuDummyScene -> FXGLDefaultMenu
07:36:55.900 [JavaFX Application Thread] DEBUG FXGLApplication      - Registering font factories with UI factory
07:36:57.261 [JavaFX Application Thread] DEBUG Menu                 - fireNewGame()
07:36:57.261 [JavaFX Application Thread] DEBUG GameApplicationServi - Starting new game
07:36:57.265 [JavaFX Application Thread] DEBUG PrimaryStageWindow   - Pop state: FXGLDefaultMenu
07:36:57.266 [JavaFX Application Thread] DEBUG Input                - Clearing active input actions
07:36:57.268 [JavaFX Application Thread] DEBUG GameApplicationServi - Removing overlay from FXGLDefaultMenu and adding to FXGLMainMenuDummyScene
07:36:57.268 [JavaFX Application Thread] DEBUG PrimaryStageWindow   - FXGLMainMenuDummyScene <- FXGLDefaultMenu
07:36:57.269 [JavaFX Application Thread] DEBUG Input                - Clearing active input actions
07:36:57.282 [JavaFX Application Thread] DEBUG GameApplicationServi - Removing overlay from FXGLMainMenuDummyScene and adding to FXGLLoadingScene
07:36:57.282 [JavaFX Application Thread] DEBUG PrimaryStageWindow   - FXGLMainMenuDummyScene -> FXGLLoadingScene
07:36:57.282 [JavaFX Application Thread] DEBUG GameApplicationServi - Clearing previous game
07:36:57.282 [JavaFX Application Thread] DEBUG GameScene            - Clearing game scene
07:36:57.283 [JavaFX Application Thread] DEBUG GameWorld            - Clearing game world
07:36:57.283 [JavaFX Application Thread] DEBUG PhysicsWorld         - Clearing physics world
07:36:57.286 [FXGL Background Thread 2 ] DEBUG FXGLApplication      - Initializing game
07:36:57.302 [FXGL Background Thread 2 ] DEBUG FXGLAssetLoaderServi - Loading from file system: file:/D:/Gonvival/game/target/classes/assets/textures/map.png
07:36:57.366 [FXGL Background Thread 2 ] DEBUG FXGLAssetLoaderServi - Loading from file system: file:/D:/Gonvival/game/target/classes/assets/textures/idle_down.png
07:36:57.372 [FXGL Background Thread 2 ] DEBUG FXGLAssetLoaderServi - Loading from file system: file:/D:/Gonvival/game/target/classes/assets/textures/idle_up.png
07:36:57.375 [FXGL Background Thread 2 ] DEBUG FXGLAssetLoaderServi - Loading from file system: file:/D:/Gonvival/game/target/classes/assets/textures/idle_left_down.png
07:36:57.377 [FXGL Background Thread 2 ] DEBUG FXGLAssetLoaderServi - Loading from file system: file:/D:/Gonvival/game/target/classes/assets/textures/idle_left_up.png
07:36:57.380 [FXGL Background Thread 2 ] DEBUG FXGLAssetLoaderServi - Loading from file system: file:/D:/Gonvival/game/target/classes/assets/textures/idle_right_down.png
07:36:57.383 [FXGL Background Thread 2 ] DEBUG FXGLAssetLoaderServi - Loading from file system: file:/D:/Gonvival/game/target/classes/assets/textures/idle_right_up.png
07:36:57.386 [FXGL Background Thread 2 ] DEBUG FXGLAssetLoaderServi - Loading from file system: file:/D:/Gonvival/game/target/classes/assets/textures/walk_left_down.png
07:36:57.389 [FXGL Background Thread 2 ] DEBUG FXGLAssetLoaderServi - Loading from file system: file:/D:/Gonvival/game/target/classes/assets/textures/walk_right_down.png
07:36:57.391 [FXGL Background Thread 2 ] DEBUG FXGLAssetLoaderServi - Loading from file system: file:/D:/Gonvival/game/target/classes/assets/textures/walk_up.png
07:36:57.392 [FXGL Background Thread 2 ] DEBUG FXGLAssetLoaderServi - Loading from file system: file:/D:/Gonvival/game/target/classes/assets/textures/walk_down.png
07:36:57.403 [FXGL Background Thread 2 ] DEBUG FXGLAssetLoaderServi - Loading from file system: file:/D:/Gonvival/game/target/classes/assets/textures/walk_left_up.png
07:36:57.405 [FXGL Background Thread 2 ] DEBUG FXGLAssetLoaderServi - Loading from file system: file:/D:/Gonvival/game/target/classes/assets/textures/walk_right_up.png
07:36:57.416 [FXGL Background Thread 2 ] INFO  FXGLApplication      - Game initialization took: 0.131 sec
07:36:57.418 [JavaFX Application Thread] DEBUG Input                - Clearing active input actions
07:36:57.424 [JavaFX Application Thread] DEBUG GameApplicationServi - Removing overlay from FXGLLoadingScene and adding to GameScene
07:36:57.424 [JavaFX Application Thread] DEBUG PrimaryStageWindow   - FXGLLoadingScene -> GameScene
07:36:57.505 [JavaFX Application Thread] DEBUG Input                - Registered new binding: SHOOT - LMB
07:36:57.506 [JavaFX Application Thread] DEBUG Input                - Registered new binding: MOVE LEFT - A
07:36:57.507 [JavaFX Application Thread] DEBUG Input                - Registered new binding: MOVE RIGHT - D
07:36:57.507 [JavaFX Application Thread] DEBUG Input                - Registered new binding: MOVE UP - W
07:36:57.507 [JavaFX Application Thread] DEBUG Input                - Registered new binding: MOVE DOWN - S
07:36:58.436 [JavaFX Application Thread] DEBUG FXGLAssetLoaderServi - Loading from file system: file:/D:/Gonvival/game/target/classes/assets/textures/evil.png
07:36:58.722 [FXGL Background Thread 3 ] DEBUG Engine               - Logging environment variables
07:36:58.724 [FXGL Background Thread 3 ] DEBUG Engine               - achievements: []
07:36:58.725 [FXGL Background Thread 3 ] DEBUG Engine               - actualHeight: 800.0
07:36:58.725 [FXGL Background Thread 3 ] DEBUG Engine               - actualHeightProperty: ReadOnlyDoubleProperty [value: 800.0]
07:36:58.725 [FXGL Background Thread 3 ] DEBUG Engine               - actualWidth: 800.0
07:36:58.725 [FXGL Background Thread 3 ] DEBUG Engine               - actualWidthProperty: ReadOnlyDoubleProperty [value: 800.0]
07:36:58.725 [FXGL Background Thread 3 ] DEBUG Engine               - appIcon: fxgl_icon.png
07:36:58.725 [FXGL Background Thread 3 ] DEBUG Engine               - applicationMode: DEVELOPER
07:36:58.727 [FXGL Background Thread 3 ] DEBUG Engine               - cSSList: [fxgl_dark.css]
07:36:58.727 [FXGL Background Thread 3 ] DEBUG Engine               - collisionDetectionStrategy: BRUTE_FORCE
07:36:58.727 [FXGL Background Thread 3 ] DEBUG Engine               - configClass: Optional.empty
07:36:58.727 [FXGL Background Thread 3 ] DEBUG Engine               - credits: []
07:36:58.728 [FXGL Background Thread 3 ] DEBUG Engine               - defaultCursor: CursorInfo(imageName=fxgl_default_cursor.png, hotspotX=7.0, hotspotY=6.0)
07:36:58.728 [FXGL Background Thread 3 ] DEBUG Engine               - devBBoxColorProperty: ObjectProperty [value: 0xff0000ff]
07:36:58.729 [FXGL Background Thread 3 ] DEBUG Engine               - devEnableDebugCameraProperty: BooleanProperty [value: false]
07:36:58.729 [FXGL Background Thread 3 ] DEBUG Engine               - devSensorColorProperty: ObjectProperty [value: 0xffff00ff]
07:36:58.729 [FXGL Background Thread 3 ] DEBUG Engine               - devShowBBoxProperty: BooleanProperty [value: false]
07:36:58.729 [FXGL Background Thread 3 ] DEBUG Engine               - devShowPositionProperty: BooleanProperty [value: false]
07:36:58.729 [FXGL Background Thread 3 ] DEBUG Engine               - enabledMenuItems: []
07:36:58.729 [FXGL Background Thread 3 ] DEBUG Engine               - engineServices: [class com.almasb.fxgl.app.services.FXGLAssetLoaderService, class com.almasb.fxgl.app.FXGLApplication$GameApplicationService, class com.almasb.fxgl.app.services.FXGLDialogService, class com.almasb.fxgl.app.services.IOTaskExecutorService, class com.almasb.fxgl.io.FileSystemService, class com.almasb.fxgl.localization.LocalizationService, class com.almasb.fxgl.app.services.SystemBundleService, class com.almasb.fxgl.profile.SaveLoadService, class com.almasb.fxgl.ui.FXGLUIFactoryServiceProvider, class com.almasb.fxgl.ui.FXGLDialogFactoryServiceProvider, class com.almasb.fxgl.audio.AudioPlayer, class com.almasb.fxgl.notification.impl.NotificationServiceProvider, class com.almasb.fxgl.achievement.AchievementService, class com.almasb.fxgl.cutscene.CutsceneService, class com.almasb.fxgl.minigames.MiniGameService, class com.almasb.fxgl.net.NetService, class com.almasb.fxgl.app.services.UpdaterService, class com.almasb.fxgl.dev.DevService]
07:36:58.730 [FXGL Background Thread 3 ] DEBUG Engine               - fontGame: Abel-Regular.ttf
07:36:58.730 [FXGL Background Thread 3 ] DEBUG Engine               - fontMono: TerminalLandMono-Regular.otf
07:36:58.730 [FXGL Background Thread 3 ] DEBUG Engine               - fontSizeScaleUI: 1.0
07:36:58.730 [FXGL Background Thread 3 ] DEBUG Engine               - fontText: Courier-Prime.ttf
07:36:58.730 [FXGL Background Thread 3 ] DEBUG Engine               - fontUI: VarelaRound-Regular.ttf
07:36:58.731 [FXGL Background Thread 3 ] DEBUG Engine               - fullScreen: BooleanProperty [value: false]
07:36:58.731 [FXGL Background Thread 3 ] DEBUG Engine               - gameDifficulty: MEDIUM
07:36:58.731 [FXGL Background Thread 3 ] DEBUG Engine               - gameDifficultyProperty: ObjectProperty [value: MEDIUM]
07:36:58.731 [FXGL Background Thread 3 ] DEBUG Engine               - globalMusicVolume: 0.5
07:36:58.732 [FXGL Background Thread 3 ] DEBUG Engine               - globalMusicVolumeProperty: DoubleProperty [value: 0.5]
07:36:58.732 [FXGL Background Thread 3 ] DEBUG Engine               - globalSoundVolume: 0.5
07:36:58.732 [FXGL Background Thread 3 ] DEBUG Engine               - globalSoundVolumeProperty: DoubleProperty [value: 0.5]
07:36:58.732 [FXGL Background Thread 3 ] DEBUG Engine               - height: 800
07:36:58.732 [FXGL Background Thread 3 ] DEBUG Engine               - is3D: false
07:36:58.733 [FXGL Background Thread 3 ] DEBUG Engine               - isAndroid: false
07:36:58.733 [FXGL Background Thread 3 ] DEBUG Engine               - isBrowser: false
07:36:58.734 [FXGL Background Thread 3 ] DEBUG Engine               - isClickFeedbackEnabled: false
07:36:58.734 [FXGL Background Thread 3 ] DEBUG Engine               - isCloseConfirmation: false
07:36:58.734 [FXGL Background Thread 3 ] DEBUG Engine               - isDesktop: true
07:36:58.734 [FXGL Background Thread 3 ] DEBUG Engine               - isDeveloperMenuEnabled: false
07:36:58.734 [FXGL Background Thread 3 ] DEBUG Engine               - isEmbedded: false
07:36:58.734 [FXGL Background Thread 3 ] DEBUG Engine               - isEntityPreloadEnabled: true
07:36:58.734 [FXGL Background Thread 3 ] DEBUG Engine               - isExperimentalTiledLargeMap: false
07:36:58.735 [FXGL Background Thread 3 ] DEBUG Engine               - isFileSystemWriteAllowed: true
07:36:58.735 [FXGL Background Thread 3 ] DEBUG Engine               - isFullScreenAllowed: false
07:36:58.735 [FXGL Background Thread 3 ] DEBUG Engine               - isFullScreenFromStart: false
07:36:58.735 [FXGL Background Thread 3 ] DEBUG Engine               - isGameMenuEnabled: true
07:36:58.735 [FXGL Background Thread 3 ] DEBUG Engine               - isIOS: false
07:36:58.735 [FXGL Background Thread 3 ] DEBUG Engine               - isIntroEnabled: false
07:36:58.735 [FXGL Background Thread 3 ] DEBUG Engine               - isLinux: false
07:36:58.735 [FXGL Background Thread 3 ] DEBUG Engine               - isMac: false
07:36:58.736 [FXGL Background Thread 3 ] DEBUG Engine               - isMainMenuEnabled: true
07:36:58.736 [FXGL Background Thread 3 ] DEBUG Engine               - isManualResizeEnabled: false
07:36:58.736 [FXGL Background Thread 3 ] DEBUG Engine               - isMobile: false
07:36:58.737 [FXGL Background Thread 3 ] DEBUG Engine               - isNative: false
07:36:58.737 [FXGL Background Thread 3 ] DEBUG Engine               - isPauseMusicWhenMinimized: true
07:36:58.738 [FXGL Background Thread 3 ] DEBUG Engine               - isPreserveResizeRatio: false
07:36:58.738 [FXGL Background Thread 3 ] DEBUG Engine               - isProfilingEnabled: false
07:36:58.738 [FXGL Background Thread 3 ] DEBUG Engine               - isScaleAffectedOnResize: true
07:36:58.739 [FXGL Background Thread 3 ] DEBUG Engine               - isSingleStep: false
07:36:58.739 [FXGL Background Thread 3 ] DEBUG Engine               - isUserProfileEnabled: false
07:36:58.739 [FXGL Background Thread 3 ] DEBUG Engine               - isWindows: true
07:36:58.740 [FXGL Background Thread 3 ] DEBUG Engine               - language: ObjectProperty [value: ENGLISH]
07:36:58.741 [FXGL Background Thread 3 ] DEBUG Engine               - menuKey: ESCAPE
07:36:58.741 [FXGL Background Thread 3 ] DEBUG Engine               - mouseSensitivity: 0.2
07:36:58.742 [FXGL Background Thread 3 ] DEBUG Engine               - notificationViewClass: class com.almasb.fxgl.notification.view.XboxNotificationView
07:36:58.742 [FXGL Background Thread 3 ] DEBUG Engine               - pixelsPerMeter: 50.0
07:36:58.742 [FXGL Background Thread 3 ] DEBUG Engine               - platform: WINDOWS
07:36:58.742 [FXGL Background Thread 3 ] DEBUG Engine               - prefHeightProperty: ReadOnlyDoubleProperty [value: 800.0]
07:36:58.743 [FXGL Background Thread 3 ] DEBUG Engine               - prefWidthProperty: ReadOnlyDoubleProperty [value: 800.0]
07:36:58.744 [FXGL Background Thread 3 ] DEBUG Engine               - profileDir: profiles/
07:36:58.744 [FXGL Background Thread 3 ] DEBUG Engine               - profileName: StringProperty [value: DEFAULT]
07:36:58.744 [FXGL Background Thread 3 ] DEBUG Engine               - randomSeed: -1
07:36:58.746 [FXGL Background Thread 3 ] DEBUG Engine               - runtimeInfo: RuntimeInfo(platform=WINDOWS, version=21.1, build=27.03.2024 07.52)
07:36:58.746 [FXGL Background Thread 3 ] DEBUG Engine               - saveFileExt: sav
07:36:58.746 [FXGL Background Thread 3 ] DEBUG Engine               - scaledHeightProp$fxgl: DoubleProperty [bound, value: 800.0]
07:36:58.746 [FXGL Background Thread 3 ] DEBUG Engine               - scaledWidthProp$fxgl: DoubleProperty [bound, value: 800.0]
07:36:58.746 [FXGL Background Thread 3 ] DEBUG Engine               - sceneFactory: com.almasb.fxgl.app.scene.SceneFactory@7d69a1fd
07:36:58.746 [FXGL Background Thread 3 ] DEBUG Engine               - secondsIn24h: 60
07:36:58.747 [FXGL Background Thread 3 ] DEBUG Engine               - soundMenuBack: menu/back.wav
07:36:58.747 [FXGL Background Thread 3 ] DEBUG Engine               - soundMenuPress: menu/press.wav
07:36:58.747 [FXGL Background Thread 3 ] DEBUG Engine               - soundMenuSelect: menu/select.wav
07:36:58.747 [FXGL Background Thread 3 ] DEBUG Engine               - soundNotification: core/notification.wav
07:36:58.747 [FXGL Background Thread 3 ] DEBUG Engine               - stageStyle: DECORATED
07:36:58.747 [FXGL Background Thread 3 ] DEBUG Engine               - supportedLanguages: [ENGLISH, FRENCH, GERMAN, HUNGARIAN, RUSSIAN]
07:36:58.747 [FXGL Background Thread 3 ] DEBUG Engine               - ticksPerSecond: -1
07:36:58.747 [FXGL Background Thread 3 ] DEBUG Engine               - title: Gonvival
07:36:58.747 [FXGL Background Thread 3 ] DEBUG Engine               - urlGithub: https://github.com/AlmasB/FXGL
07:36:58.748 [FXGL Background Thread 3 ] DEBUG Engine               - urlLeaderboard: http://fxgl-top.herokuapp.com/
07:36:58.748 [FXGL Background Thread 3 ] DEBUG Engine               - urlPOM: https://raw.githubusercontent.com/AlmasB/FXGL/release/README.md
07:36:58.748 [FXGL Background Thread 3 ] DEBUG Engine               - userAppClass: class com.lab.App
07:36:58.748 [FXGL Background Thread 3 ] DEBUG Engine               - version: beta
07:36:58.748 [FXGL Background Thread 3 ] DEBUG Engine               - versionCheckDays: 7
07:36:58.748 [FXGL Background Thread 3 ] DEBUG Engine               - width: 800
07:36:58.748 [FXGL Background Thread 3 ] DEBUG Engine               - Logging services
07:36:58.748 [FXGL Background Thread 3 ] DEBUG Engine               - class com.almasb.fxgl.app.services.FXGLAssetLoaderService
07:36:58.748 [FXGL Background Thread 3 ] DEBUG Engine               - class com.almasb.fxgl.app.FXGLApplication$GameApplicationService
07:36:58.748 [FXGL Background Thread 3 ] DEBUG Engine               - class com.almasb.fxgl.app.services.FXGLDialogService
07:36:58.748 [FXGL Background Thread 3 ] DEBUG Engine               - class com.almasb.fxgl.app.services.IOTaskExecutorService
07:36:58.748 [FXGL Background Thread 3 ] DEBUG Engine               - class com.almasb.fxgl.io.FileSystemService
07:36:58.749 [FXGL Background Thread 3 ] DEBUG Engine               - class com.almasb.fxgl.localization.LocalizationService
07:36:58.749 [FXGL Background Thread 3 ] DEBUG Engine               - class com.almasb.fxgl.app.services.SystemBundleService
07:36:58.749 [FXGL Background Thread 3 ] DEBUG Engine               - class com.almasb.fxgl.profile.SaveLoadService
07:36:58.749 [FXGL Background Thread 3 ] DEBUG Engine               - class com.almasb.fxgl.ui.FXGLUIFactoryServiceProvider
07:36:58.749 [FXGL Background Thread 3 ] DEBUG Engine               - class com.almasb.fxgl.ui.FXGLDialogFactoryServiceProvider
07:36:58.749 [FXGL Background Thread 3 ] DEBUG Engine               - class com.almasb.fxgl.audio.AudioPlayer
07:36:58.749 [FXGL Background Thread 3 ] DEBUG Engine               - class com.almasb.fxgl.notification.impl.NotificationServiceProvider
07:36:58.749 [FXGL Background Thread 3 ] DEBUG Engine               - class com.almasb.fxgl.achievement.AchievementService
07:36:58.749 [FXGL Background Thread 3 ] DEBUG Engine               - class com.almasb.fxgl.cutscene.CutsceneService
07:36:58.749 [FXGL Background Thread 3 ] DEBUG Engine               - class com.almasb.fxgl.minigames.MiniGameService
07:36:58.749 [FXGL Background Thread 3 ] DEBUG Engine               - class com.almasb.fxgl.net.NetService
07:36:58.749 [FXGL Background Thread 3 ] DEBUG Engine               - class com.almasb.fxgl.app.services.UpdaterService
07:36:58.749 [FXGL Background Thread 3 ] DEBUG Engine               - class com.almasb.fxgl.dev.DevService
07:36:59.822 [JavaFX Application Thread] DEBUG FXGLAssetLoaderServi - Loading from file system: file:/D:/Gonvival/game/target/classes/assets/textures/arrow.png
07:37:44.259 [JavaFX Application Thread] DEBUG FXGLApplication      - Exiting FXGL
07:37:44.259 [JavaFX Application Thread] DEBUG LoopRunner           - Stopping loop
07:37:44.259 [JavaFX Application Thread] DEBUG SystemBundleService  - Saving FXGL system data
07:37:44.262 [JavaFX Application Thread] DEBUG FileSystemAccess     - Writing to: D:\Gonvival\system\fxgl.bundle
07:37:44.265 [JavaFX Application Thread] DEBUG Async                - Shutting down background threads
07:37:44.266 [JavaFX Application Thread] DEBUG PrimaryStageWindow   - Closing main window
07:37:44.296 [JavaFX Application Thread] DEBUG Logger               - Closing Logger
