03:24:02.669 [main                     ] DEBUG Logger               - Configured Logger
03:24:02.692 [main                     ] DEBUG GameApplication      - Logging settings
Title: Gonvival
Version: beta
Width: 800
Height: 800
Fullscreen: false
Intro: false
Profiling: false
Single step:false
App Mode: DEVELOPER
Menu Key: ESCAPE
Stage Style: DECORATED
Scene Factory: class com.almasb.fxgl.app.scene.SceneFactory

03:24:03.886 [JavaFX Application Thread] DEBUG FXGLApplication      - Initializing FXGL
03:24:03.895 [JavaFX Application Thread] INFO  Engine               - FXGL-21.1 (27.03.2024 07.52) on WINDOWS (J:21.0.5 FX:21.0.1)
03:24:03.896 [JavaFX Application Thread] DEBUG Engine               - JRE Vendor Name: Eclipse Adoptium
03:24:03.896 [JavaFX Application Thread] DEBUG Engine               - Running on OS: Windows 11 version 10.0
03:24:03.896 [JavaFX Application Thread] DEBUG Engine               - Architecture: amd64
03:24:03.897 [JavaFX Application Thread] INFO  Engine               - Source code and latest versions at: https://github.com/AlmasB/FXGL
03:24:03.897 [JavaFX Application Thread] INFO  Engine               -       Ask questions and discuss at: https://github.com/AlmasB/FXGL/discussions
03:24:03.897 [JavaFX Application Thread] INFO  Engine               -              Join the FXGL chat at: https://gitter.im/AlmasB/FXGL
03:24:04.023 [JavaFX Application Thread] DEBUG PrimaryStageWindow   - Creating a JavaFX scene
03:24:04.079 [JavaFX Application Thread] DEBUG PrimaryStageWindow   - Target settings size: 800.0 x 800.0
03:24:04.079 [JavaFX Application Thread] DEBUG PrimaryStageWindow   - Scaled scene size:    800.0 x 800.0
03:24:04.080 [JavaFX Application Thread] DEBUG PrimaryStageWindow   - Scaled ratio: (1.0, 1.0)
03:24:04.081 [JavaFX Application Thread] DEBUG PrimaryStageWindow   - Set initial scene to FXGLStartupScene
03:24:04.084 [JavaFX Application Thread] DEBUG PrimaryStageWindow   - Opening main window
03:24:04.272 [JavaFX Application Thread] DEBUG PrimaryStageWindow   - Window border size: (14.4000244140625, 37.5999755859375)
03:24:04.273 [JavaFX Application Thread] DEBUG PrimaryStageWindow   - Scaled size: 800.0 x 800.0
03:24:04.273 [JavaFX Application Thread] DEBUG PrimaryStageWindow   - Scaled ratio: (1.0, 1.0)
03:24:04.273 [JavaFX Application Thread] DEBUG PrimaryStageWindow   - Scene size: 800.0 x 800.0
03:24:04.274 [JavaFX Application Thread] DEBUG PrimaryStageWindow   - Stage size: 814.4000244140625 x 837.5999755859375
03:24:04.285 [FXGL Background Thread 1 ] DEBUG Engine               - Initializing environment variables
03:24:04.394 [FXGL Background Thread 1 ] DEBUG FXGLAssetLoaderServi - User app class for loading assets: class com.lab.App
03:24:04.394 [FXGL Background Thread 1 ] DEBUG GameApplicationServi - Applying CSS: fxgl_dark.css
03:24:04.395 [FXGL Background Thread 1 ] DEBUG FXGLAssetLoaderServi - Loading from file system: jar:file:/C:/Users/HP/.m2/repository/com/github/almasb/fxgl/21.1/fxgl-21.1.jar!/fxglassets/ui/css/fxgl_dark.css
03:24:04.486 [FXGL Background Thread 1 ] DEBUG GameApplicationServi - Initializing application scenes
03:24:04.543 [FXGL Background Thread 1 ] DEBUG GameWorld            - Game world initialized
03:24:04.620 [FXGL Background Thread 1 ] DEBUG PhysicsWorld         - Physics world initialized: appHeight=800, physics.ppm=50.0
03:24:04.620 [FXGL Background Thread 1 ] DEBUG PhysicsWorld         - Using strategy: BRUTE_FORCE
03:24:04.624 [FXGL Background Thread 1 ] DEBUG GameScene            - Game scene initialized: 800x800
03:24:04.639 [FXGL Background Thread 1 ] DEBUG FXGL.DefaultMenu     - createMenuBodyMainMenu()
03:24:04.658 [FXGL Background Thread 1 ] DEBUG FXGL.DefaultMenu     - createOptionsMenu()
03:24:04.670 [FXGL Background Thread 1 ] DEBUG FXGLAssetLoaderServi - Loading from file system: jar:file:/C:/Users/HP/.m2/repository/com/github/almasb/fxgl/21.1/fxgl-21.1.jar!/fxglassets/textures/particles/smoke.png
03:24:04.833 [FXGL Background Thread 1 ] DEBUG FXGLAssetLoaderServi - Loading from file system: jar:file:/C:/Users/HP/.m2/repository/com/github/almasb/fxgl/21.1/fxgl-21.1.jar!/fxglassets/textures/particles/trace_horizontal.png
03:24:04.865 [FXGL Background Thread 1 ] DEBUG FXGL.DefaultMenu     - createMenuBodyGameMenu()
03:24:04.865 [FXGL Background Thread 1 ] DEBUG FXGL.DefaultMenu     - createOptionsMenu()
03:24:04.875 [FXGL Background Thread 1 ] DEBUG GameApplicationServi - Application scenes initialized
03:24:04.889 [FXGL Background Thread 1 ] DEBUG SystemBundleService  - Loading FXGL system data
03:24:04.896 [FXGL Background Thread 1 ] DEBUG FileSystemAccess     - Reading from: D:\Gonvival\system\fxgl.bundle
03:24:04.908 [FXGL Background Thread 1 ] DEBUG SystemBundleService  - Bundle FXGL: {}
03:24:04.908 [FXGL Background Thread 1 ] DEBUG UpdaterService       - Checking for updates
03:24:04.915 [FXGL Background Thread 4 ] DEBUG FXGLApplication      - Loading fonts
03:24:04.916 [FXGL Background Thread 4 ] DEBUG FXGLAssetLoaderServi - Loading from file system: jar:file:/C:/Users/HP/.m2/repository/com/github/almasb/fxgl/21.1/fxgl-21.1.jar!/fxglassets/ui/fonts/VarelaRound-Regular.ttf
03:24:04.920 [FXGL Background Thread 1 ] DEBUG FXGLApplication      - Loading default localization
03:24:04.921 [FXGL Background Thread 1 ] DEBUG FXGLAssetLoaderServi - Loading from file system: jar:file:/C:/Users/HP/.m2/repository/com/github/almasb/fxgl/21.1/fxgl-21.1.jar!/fxglassets/languages/english.lang
03:24:05.001 [FXGL Background Thread 1 ] INFO  FXGLApplication      - FXGL initialization took: 0.716 sec
03:24:05.004 [JavaFX Application Thread] DEBUG FXGLAssetLoaderServi - Loading from file system: jar:file:/C:/Users/HP/.m2/repository/com/github/almasb/fxgl/21.1/fxgl-21.1.jar!/fxglassets/textures/fxgl_icon.png
03:24:05.015 [FXGL Background Thread 4 ] DEBUG FXGLAssetLoaderServi - Loading from file system: jar:file:/C:/Users/HP/.m2/repository/com/github/almasb/fxgl/21.1/fxgl-21.1.jar!/fxglassets/ui/fonts/Abel-Regular.ttf
03:24:05.021 [FXGL Background Thread 4 ] DEBUG FXGLAssetLoaderServi - Loading from file system: jar:file:/C:/Users/HP/.m2/repository/com/github/almasb/fxgl/21.1/fxgl-21.1.jar!/fxglassets/ui/fonts/TerminalLandMono-Regular.otf
03:24:05.028 [FXGL Background Thread 4 ] DEBUG FXGLAssetLoaderServi - Loading from file system: jar:file:/C:/Users/HP/.m2/repository/com/github/almasb/fxgl/21.1/fxgl-21.1.jar!/fxglassets/ui/fonts/Courier-Prime.ttf
03:24:05.042 [JavaFX Application Thread] DEBUG FXGLAssetLoaderServi - Loading from file system: jar:file:/C:/Users/HP/.m2/repository/com/github/almasb/fxgl/21.1/fxgl-21.1.jar!/fxglassets/textures/fxgl_default_cursor.png
03:24:05.060 [JavaFX Application Thread] DEBUG Input                - Registered new binding: Screenshot - CTRL+8
03:24:05.061 [JavaFX Application Thread] DEBUG Input                - Registered new binding: System info dump - CTRL+9
03:24:05.062 [JavaFX Application Thread] DEBUG Input                - Registered new binding: Restart - CTRL+R
03:24:05.063 [JavaFX Application Thread] DEBUG Input                - Registered new binding: Toggle Debug Camera - CTRL+7
03:24:05.069 [JavaFX Application Thread] DEBUG LoopRunner           - Starting loop
03:24:05.070 [JavaFX Application Thread] DEBUG LoopRunner           - Initializing JavaFX AnimationTimerLoop
03:24:05.075 [JavaFX Application Thread] DEBUG Input                - Clearing active input actions
03:24:05.083 [JavaFX Application Thread] DEBUG GameApplicationServi - Removing overlay from FXGLStartupScene and adding to FXGLMainMenuDummyScene
03:24:05.083 [JavaFX Application Thread] DEBUG PrimaryStageWindow   - FXGLStartupScene -> FXGLMainMenuDummyScene
03:24:05.083 [JavaFX Application Thread] DEBUG PrimaryStageWindow   - Push state: FXGLDefaultMenu
03:24:05.102 [JavaFX Application Thread] DEBUG Input                - Clearing active input actions
03:24:05.122 [JavaFX Application Thread] DEBUG GameApplicationServi - Removing overlay from FXGLMainMenuDummyScene and adding to FXGLDefaultMenu
03:24:05.122 [JavaFX Application Thread] DEBUG PrimaryStageWindow   - FXGLMainMenuDummyScene -> FXGLDefaultMenu
03:24:05.123 [JavaFX Application Thread] DEBUG FXGLApplication      - Registering font factories with UI factory
03:24:06.387 [JavaFX Application Thread] DEBUG Menu                 - fireNewGame()
03:24:06.387 [JavaFX Application Thread] DEBUG GameApplicationServi - Starting new game
03:24:06.389 [JavaFX Application Thread] DEBUG PrimaryStageWindow   - Pop state: FXGLDefaultMenu
03:24:06.390 [JavaFX Application Thread] DEBUG Input                - Clearing active input actions
03:24:06.390 [JavaFX Application Thread] DEBUG GameApplicationServi - Removing overlay from FXGLDefaultMenu and adding to FXGLMainMenuDummyScene
03:24:06.391 [JavaFX Application Thread] DEBUG PrimaryStageWindow   - FXGLMainMenuDummyScene <- FXGLDefaultMenu
03:24:06.391 [JavaFX Application Thread] DEBUG Input                - Clearing active input actions
03:24:06.403 [JavaFX Application Thread] DEBUG GameApplicationServi - Removing overlay from FXGLMainMenuDummyScene and adding to FXGLLoadingScene
03:24:06.404 [JavaFX Application Thread] DEBUG PrimaryStageWindow   - FXGLMainMenuDummyScene -> FXGLLoadingScene
03:24:06.404 [JavaFX Application Thread] DEBUG GameApplicationServi - Clearing previous game
03:24:06.404 [JavaFX Application Thread] DEBUG GameScene            - Clearing game scene
03:24:06.404 [JavaFX Application Thread] DEBUG GameWorld            - Clearing game world
03:24:06.404 [JavaFX Application Thread] DEBUG PhysicsWorld         - Clearing physics world
03:24:06.408 [FXGL Background Thread 2 ] DEBUG FXGLApplication      - Initializing game
03:24:06.421 [FXGL Background Thread 2 ] DEBUG FXGLAssetLoaderServi - Loading from file system: file:/D:/Gonvival/game/target/classes/assets/textures/map.png
03:24:06.482 [FXGL Background Thread 2 ] DEBUG FXGLAssetLoaderServi - Loading from file system: file:/D:/Gonvival/game/target/classes/assets/textures/idle.png
03:24:06.489 [FXGL Background Thread 2 ] DEBUG FXGLAssetLoaderServi - Loading from file system: file:/D:/Gonvival/game/target/classes/assets/textures/walk_left_down.png
03:24:06.493 [FXGL Background Thread 2 ] DEBUG FXGLAssetLoaderServi - Loading from file system: file:/D:/Gonvival/game/target/classes/assets/textures/walk_right_down.png
03:24:06.497 [FXGL Background Thread 2 ] DEBUG FXGLAssetLoaderServi - Loading from file system: file:/D:/Gonvival/game/target/classes/assets/textures/walk_up.png
03:24:06.499 [FXGL Background Thread 2 ] DEBUG FXGLAssetLoaderServi - Loading from file system: file:/D:/Gonvival/game/target/classes/assets/textures/walk_down.png
03:24:06.501 [FXGL Background Thread 2 ] DEBUG FXGLAssetLoaderServi - Loading from file system: file:/D:/Gonvival/game/target/classes/assets/textures/walk_left_up.png
03:24:06.503 [FXGL Background Thread 2 ] DEBUG FXGLAssetLoaderServi - Loading from file system: file:/D:/Gonvival/game/target/classes/assets/textures/walk_right_up.png
03:24:06.525 [FXGL Background Thread 2 ] INFO  FXGLApplication      - Game initialization took: 0.117 sec
03:24:06.527 [JavaFX Application Thread] DEBUG Input                - Clearing active input actions
03:24:06.535 [JavaFX Application Thread] DEBUG GameApplicationServi - Removing overlay from FXGLLoadingScene and adding to GameScene
03:24:06.536 [JavaFX Application Thread] DEBUG PrimaryStageWindow   - FXGLLoadingScene -> GameScene
03:24:06.624 [JavaFX Application Thread] DEBUG Input                - Registered new binding: SHOOT - LMB
03:24:06.626 [JavaFX Application Thread] DEBUG Input                - Registered new binding: MOVE LEFT - A
03:24:06.628 [JavaFX Application Thread] DEBUG Input                - Registered new binding: MOVE RIGHT - D
03:24:06.629 [JavaFX Application Thread] DEBUG Input                - Registered new binding: MOVE UP - W
03:24:06.630 [JavaFX Application Thread] DEBUG Input                - Registered new binding: MOVE DOWN - S
03:24:07.499 [JavaFX Application Thread] DEBUG FXGLAssetLoaderServi - Loading from file system: file:/D:/Gonvival/game/target/classes/assets/textures/evil.png
03:24:07.911 [FXGL Background Thread 3 ] DEBUG Engine               - Logging environment variables
03:24:07.912 [FXGL Background Thread 3 ] DEBUG Engine               - achievements: []
03:24:07.913 [FXGL Background Thread 3 ] DEBUG Engine               - actualHeight: 800.0
03:24:07.913 [FXGL Background Thread 3 ] DEBUG Engine               - actualHeightProperty: ReadOnlyDoubleProperty [value: 800.0]
03:24:07.913 [FXGL Background Thread 3 ] DEBUG Engine               - actualWidth: 800.0
03:24:07.913 [FXGL Background Thread 3 ] DEBUG Engine               - actualWidthProperty: ReadOnlyDoubleProperty [value: 800.0]
03:24:07.913 [FXGL Background Thread 3 ] DEBUG Engine               - appIcon: fxgl_icon.png
03:24:07.913 [FXGL Background Thread 3 ] DEBUG Engine               - applicationMode: DEVELOPER
03:24:07.914 [FXGL Background Thread 3 ] DEBUG Engine               - cSSList: [fxgl_dark.css]
03:24:07.914 [FXGL Background Thread 3 ] DEBUG Engine               - collisionDetectionStrategy: BRUTE_FORCE
03:24:07.914 [FXGL Background Thread 3 ] DEBUG Engine               - configClass: Optional.empty
03:24:07.914 [FXGL Background Thread 3 ] DEBUG Engine               - credits: []
03:24:07.915 [FXGL Background Thread 3 ] DEBUG Engine               - defaultCursor: CursorInfo(imageName=fxgl_default_cursor.png, hotspotX=7.0, hotspotY=6.0)
03:24:07.915 [FXGL Background Thread 3 ] DEBUG Engine               - devBBoxColorProperty: ObjectProperty [value: 0xff0000ff]
03:24:07.915 [FXGL Background Thread 3 ] DEBUG Engine               - devEnableDebugCameraProperty: BooleanProperty [value: false]
03:24:07.915 [FXGL Background Thread 3 ] DEBUG Engine               - devSensorColorProperty: ObjectProperty [value: 0xffff00ff]
03:24:07.915 [FXGL Background Thread 3 ] DEBUG Engine               - devShowBBoxProperty: BooleanProperty [value: false]
03:24:07.915 [FXGL Background Thread 3 ] DEBUG Engine               - devShowPositionProperty: BooleanProperty [value: false]
03:24:07.915 [FXGL Background Thread 3 ] DEBUG Engine               - enabledMenuItems: []
03:24:07.915 [FXGL Background Thread 3 ] DEBUG Engine               - engineServices: [class com.almasb.fxgl.app.services.FXGLAssetLoaderService, class com.almasb.fxgl.app.FXGLApplication$GameApplicationService, class com.almasb.fxgl.app.services.FXGLDialogService, class com.almasb.fxgl.app.services.IOTaskExecutorService, class com.almasb.fxgl.io.FileSystemService, class com.almasb.fxgl.localization.LocalizationService, class com.almasb.fxgl.app.services.SystemBundleService, class com.almasb.fxgl.profile.SaveLoadService, class com.almasb.fxgl.ui.FXGLUIFactoryServiceProvider, class com.almasb.fxgl.ui.FXGLDialogFactoryServiceProvider, class com.almasb.fxgl.audio.AudioPlayer, class com.almasb.fxgl.notification.impl.NotificationServiceProvider, class com.almasb.fxgl.achievement.AchievementService, class com.almasb.fxgl.cutscene.CutsceneService, class com.almasb.fxgl.minigames.MiniGameService, class com.almasb.fxgl.net.NetService, class com.almasb.fxgl.app.services.UpdaterService, class com.almasb.fxgl.dev.DevService]
03:24:07.915 [FXGL Background Thread 3 ] DEBUG Engine               - fontGame: Abel-Regular.ttf
03:24:07.915 [FXGL Background Thread 3 ] DEBUG Engine               - fontMono: TerminalLandMono-Regular.otf
03:24:07.916 [FXGL Background Thread 3 ] DEBUG Engine               - fontSizeScaleUI: 1.0
03:24:07.916 [FXGL Background Thread 3 ] DEBUG Engine               - fontText: Courier-Prime.ttf
03:24:07.916 [FXGL Background Thread 3 ] DEBUG Engine               - fontUI: VarelaRound-Regular.ttf
03:24:07.916 [FXGL Background Thread 3 ] DEBUG Engine               - fullScreen: BooleanProperty [value: false]
03:24:07.916 [FXGL Background Thread 3 ] DEBUG Engine               - gameDifficulty: MEDIUM
03:24:07.916 [FXGL Background Thread 3 ] DEBUG Engine               - gameDifficultyProperty: ObjectProperty [value: MEDIUM]
03:24:07.916 [FXGL Background Thread 3 ] DEBUG Engine               - globalMusicVolume: 0.5
03:24:07.917 [FXGL Background Thread 3 ] DEBUG Engine               - globalMusicVolumeProperty: DoubleProperty [value: 0.5]
03:24:07.917 [FXGL Background Thread 3 ] DEBUG Engine               - globalSoundVolume: 0.5
03:24:07.917 [FXGL Background Thread 3 ] DEBUG Engine               - globalSoundVolumeProperty: DoubleProperty [value: 0.5]
03:24:07.917 [FXGL Background Thread 3 ] DEBUG Engine               - height: 800
03:24:07.917 [FXGL Background Thread 3 ] DEBUG Engine               - is3D: false
03:24:07.917 [FXGL Background Thread 3 ] DEBUG Engine               - isAndroid: false
03:24:07.917 [FXGL Background Thread 3 ] DEBUG Engine               - isBrowser: false
03:24:07.918 [FXGL Background Thread 3 ] DEBUG Engine               - isClickFeedbackEnabled: false
03:24:07.918 [FXGL Background Thread 3 ] DEBUG Engine               - isCloseConfirmation: false
03:24:07.918 [FXGL Background Thread 3 ] DEBUG Engine               - isDesktop: true
03:24:07.918 [FXGL Background Thread 3 ] DEBUG Engine               - isDeveloperMenuEnabled: false
03:24:07.918 [FXGL Background Thread 3 ] DEBUG Engine               - isEmbedded: false
03:24:07.919 [FXGL Background Thread 3 ] DEBUG Engine               - isEntityPreloadEnabled: true
03:24:07.919 [FXGL Background Thread 3 ] DEBUG Engine               - isExperimentalTiledLargeMap: false
03:24:07.919 [FXGL Background Thread 3 ] DEBUG Engine               - isFileSystemWriteAllowed: true
03:24:07.920 [FXGL Background Thread 3 ] DEBUG Engine               - isFullScreenAllowed: false
03:24:07.920 [FXGL Background Thread 3 ] DEBUG Engine               - isFullScreenFromStart: false
03:24:07.921 [FXGL Background Thread 3 ] DEBUG Engine               - isGameMenuEnabled: true
03:24:07.921 [FXGL Background Thread 3 ] DEBUG Engine               - isIOS: false
03:24:07.921 [FXGL Background Thread 3 ] DEBUG Engine               - isIntroEnabled: false
03:24:07.921 [FXGL Background Thread 3 ] DEBUG Engine               - isLinux: false
03:24:07.921 [FXGL Background Thread 3 ] DEBUG Engine               - isMac: false
03:24:07.922 [FXGL Background Thread 3 ] DEBUG Engine               - isMainMenuEnabled: true
03:24:07.922 [FXGL Background Thread 3 ] DEBUG Engine               - isManualResizeEnabled: false
03:24:07.922 [FXGL Background Thread 3 ] DEBUG Engine               - isMobile: false
03:24:07.923 [FXGL Background Thread 3 ] DEBUG Engine               - isNative: false
03:24:07.923 [FXGL Background Thread 3 ] DEBUG Engine               - isPauseMusicWhenMinimized: true
03:24:07.923 [FXGL Background Thread 3 ] DEBUG Engine               - isPreserveResizeRatio: false
03:24:07.923 [FXGL Background Thread 3 ] DEBUG Engine               - isProfilingEnabled: false
03:24:07.923 [FXGL Background Thread 3 ] DEBUG Engine               - isScaleAffectedOnResize: true
03:24:07.923 [FXGL Background Thread 3 ] DEBUG Engine               - isSingleStep: false
03:24:07.924 [FXGL Background Thread 3 ] DEBUG Engine               - isUserProfileEnabled: false
03:24:07.924 [FXGL Background Thread 3 ] DEBUG Engine               - isWindows: true
03:24:07.924 [FXGL Background Thread 3 ] DEBUG Engine               - language: ObjectProperty [value: ENGLISH]
03:24:07.924 [FXGL Background Thread 3 ] DEBUG Engine               - menuKey: ESCAPE
03:24:07.924 [FXGL Background Thread 3 ] DEBUG Engine               - mouseSensitivity: 0.2
03:24:07.924 [FXGL Background Thread 3 ] DEBUG Engine               - notificationViewClass: class com.almasb.fxgl.notification.view.XboxNotificationView
03:24:07.924 [FXGL Background Thread 3 ] DEBUG Engine               - pixelsPerMeter: 50.0
03:24:07.924 [FXGL Background Thread 3 ] DEBUG Engine               - platform: WINDOWS
03:24:07.924 [FXGL Background Thread 3 ] DEBUG Engine               - prefHeightProperty: ReadOnlyDoubleProperty [value: 800.0]
03:24:07.926 [FXGL Background Thread 3 ] DEBUG Engine               - prefWidthProperty: ReadOnlyDoubleProperty [value: 800.0]
03:24:07.927 [FXGL Background Thread 3 ] DEBUG Engine               - profileDir: profiles/
03:24:07.929 [FXGL Background Thread 3 ] DEBUG Engine               - profileName: StringProperty [value: DEFAULT]
03:24:07.929 [FXGL Background Thread 3 ] DEBUG Engine               - randomSeed: -1
03:24:07.930 [FXGL Background Thread 3 ] DEBUG Engine               - runtimeInfo: RuntimeInfo(platform=WINDOWS, version=21.1, build=27.03.2024 07.52)
03:24:07.930 [FXGL Background Thread 3 ] DEBUG Engine               - saveFileExt: sav
03:24:07.930 [FXGL Background Thread 3 ] DEBUG Engine               - scaledHeightProp$fxgl: DoubleProperty [bound, value: 800.0]
03:24:07.930 [FXGL Background Thread 3 ] DEBUG Engine               - scaledWidthProp$fxgl: DoubleProperty [bound, value: 800.0]
03:24:07.931 [FXGL Background Thread 3 ] DEBUG Engine               - sceneFactory: com.almasb.fxgl.app.scene.SceneFactory@5541d254
03:24:07.931 [FXGL Background Thread 3 ] DEBUG Engine               - secondsIn24h: 60
03:24:07.931 [FXGL Background Thread 3 ] DEBUG Engine               - soundMenuBack: menu/back.wav
03:24:07.931 [FXGL Background Thread 3 ] DEBUG Engine               - soundMenuPress: menu/press.wav
03:24:07.931 [FXGL Background Thread 3 ] DEBUG Engine               - soundMenuSelect: menu/select.wav
03:24:07.932 [FXGL Background Thread 3 ] DEBUG Engine               - soundNotification: core/notification.wav
03:24:07.932 [FXGL Background Thread 3 ] DEBUG Engine               - stageStyle: DECORATED
03:24:07.932 [FXGL Background Thread 3 ] DEBUG Engine               - supportedLanguages: [ENGLISH, FRENCH, GERMAN, HUNGARIAN, RUSSIAN]
03:24:07.932 [FXGL Background Thread 3 ] DEBUG Engine               - ticksPerSecond: -1
03:24:07.933 [FXGL Background Thread 3 ] DEBUG Engine               - title: Gonvival
03:24:07.933 [FXGL Background Thread 3 ] DEBUG Engine               - urlGithub: https://github.com/AlmasB/FXGL
03:24:07.933 [FXGL Background Thread 3 ] DEBUG Engine               - urlLeaderboard: http://fxgl-top.herokuapp.com/
03:24:07.933 [FXGL Background Thread 3 ] DEBUG Engine               - urlPOM: https://raw.githubusercontent.com/AlmasB/FXGL/release/README.md
03:24:07.933 [FXGL Background Thread 3 ] DEBUG Engine               - userAppClass: class com.lab.App
03:24:07.933 [FXGL Background Thread 3 ] DEBUG Engine               - version: beta
03:24:07.934 [FXGL Background Thread 3 ] DEBUG Engine               - versionCheckDays: 7
03:24:07.934 [FXGL Background Thread 3 ] DEBUG Engine               - width: 800
03:24:07.934 [FXGL Background Thread 3 ] DEBUG Engine               - Logging services
03:24:07.934 [FXGL Background Thread 3 ] DEBUG Engine               - class com.almasb.fxgl.app.services.FXGLAssetLoaderService
03:24:07.934 [FXGL Background Thread 3 ] DEBUG Engine               - class com.almasb.fxgl.app.FXGLApplication$GameApplicationService
03:24:07.934 [FXGL Background Thread 3 ] DEBUG Engine               - class com.almasb.fxgl.app.services.FXGLDialogService
03:24:07.934 [FXGL Background Thread 3 ] DEBUG Engine               - class com.almasb.fxgl.app.services.IOTaskExecutorService
03:24:07.934 [FXGL Background Thread 3 ] DEBUG Engine               - class com.almasb.fxgl.io.FileSystemService
03:24:07.934 [FXGL Background Thread 3 ] DEBUG Engine               - class com.almasb.fxgl.localization.LocalizationService
03:24:07.934 [FXGL Background Thread 3 ] DEBUG Engine               - class com.almasb.fxgl.app.services.SystemBundleService
03:24:07.934 [FXGL Background Thread 3 ] DEBUG Engine               - class com.almasb.fxgl.profile.SaveLoadService
03:24:07.934 [FXGL Background Thread 3 ] DEBUG Engine               - class com.almasb.fxgl.ui.FXGLUIFactoryServiceProvider
03:24:07.934 [FXGL Background Thread 3 ] DEBUG Engine               - class com.almasb.fxgl.ui.FXGLDialogFactoryServiceProvider
03:24:07.934 [FXGL Background Thread 3 ] DEBUG Engine               - class com.almasb.fxgl.audio.AudioPlayer
03:24:07.934 [FXGL Background Thread 3 ] DEBUG Engine               - class com.almasb.fxgl.notification.impl.NotificationServiceProvider
03:24:07.935 [FXGL Background Thread 3 ] DEBUG Engine               - class com.almasb.fxgl.achievement.AchievementService
03:24:07.935 [FXGL Background Thread 3 ] DEBUG Engine               - class com.almasb.fxgl.cutscene.CutsceneService
03:24:07.935 [FXGL Background Thread 3 ] DEBUG Engine               - class com.almasb.fxgl.minigames.MiniGameService
03:24:07.935 [FXGL Background Thread 3 ] DEBUG Engine               - class com.almasb.fxgl.net.NetService
03:24:07.935 [FXGL Background Thread 3 ] DEBUG Engine               - class com.almasb.fxgl.app.services.UpdaterService
03:24:07.935 [FXGL Background Thread 3 ] DEBUG Engine               - class com.almasb.fxgl.dev.DevService
03:24:15.581 [JavaFX Application Thread] DEBUG FXGLAssetLoaderServi - Loading from file system: file:/D:/Gonvival/game/target/classes/assets/textures/arrow.png
03:24:42.591 [JavaFX Application Thread] DEBUG FXGLApplication      - Exiting FXGL
03:24:42.592 [JavaFX Application Thread] DEBUG LoopRunner           - Stopping loop
03:24:42.592 [JavaFX Application Thread] DEBUG SystemBundleService  - Saving FXGL system data
03:24:42.596 [JavaFX Application Thread] DEBUG FileSystemAccess     - Writing to: D:\Gonvival\system\fxgl.bundle
03:24:42.601 [JavaFX Application Thread] DEBUG Async                - Shutting down background threads
03:24:42.601 [JavaFX Application Thread] DEBUG PrimaryStageWindow   - Closing main window
03:24:42.703 [JavaFX Application Thread] DEBUG Logger               - Closing Logger
