07:04:43.580 [main                     ] DEBUG Logger               - Configured Logger
07:04:43.632 [main                     ] DEBUG GameApplication      - Logging settings
Title: Gonvival
Version: beta
Width: 800
Height: 800
Fullscreen: false
Intro: false
Profiling: false
Single step:false
App Mode: DEVELOPER
Menu Key: ESCAPE
Stage Style: DECORATED
Scene Factory: class com.lab.App$1

07:04:44.312 [JavaFX Application Thread] DEBUG FXGLApplication      - Initializing FXGL
07:04:44.318 [JavaFX Application Thread] INFO  Engine               - FXGL-21.1 (27.03.2024 07.52) on WINDOWS (J:21.0.5 FX:21.0.1)
07:04:44.319 [JavaFX Application Thread] DEBUG Engine               - JRE Vendor Name: Eclipse Adoptium
07:04:44.319 [JavaFX Application Thread] DEBUG Engine               - Running on OS: Windows 10 version 10.0
07:04:44.319 [JavaFX Application Thread] DEBUG Engine               - Architecture: amd64
07:04:44.319 [JavaFX Application Thread] INFO  Engine               - Source code and latest versions at: https://github.com/AlmasB/FXGL
07:04:44.320 [JavaFX Application Thread] INFO  Engine               -       Ask questions and discuss at: https://github.com/AlmasB/FXGL/discussions
07:04:44.321 [JavaFX Application Thread] INFO  Engine               -              Join the FXGL chat at: https://gitter.im/AlmasB/FXGL
07:04:44.518 [JavaFX Application Thread] DEBUG PrimaryStageWindow   - Creating a JavaFX scene
07:04:44.519 [JavaFX Application Thread] DEBUG PrimaryStageWindow   - Target size > screen size
07:04:44.647 [JavaFX Application Thread] DEBUG PrimaryStageWindow   - Target settings size: 800.0 x 800.0
07:04:44.647 [JavaFX Application Thread] DEBUG PrimaryStageWindow   - Scaled scene size:    703.0 x 728.0
07:04:44.648 [JavaFX Application Thread] DEBUG PrimaryStageWindow   - Scaled ratio: (0.87875, 0.91)
07:04:44.650 [JavaFX Application Thread] DEBUG PrimaryStageWindow   - Set initial scene to FXGLStartupScene
07:04:44.658 [JavaFX Application Thread] DEBUG PrimaryStageWindow   - Opening main window
07:04:44.801 [JavaFX Application Thread] DEBUG PrimaryStageWindow   - Window border size: (16.0, 39.0)
07:04:44.801 [JavaFX Application Thread] DEBUG PrimaryStageWindow   - Scaled size: 703.0 x 728.0
07:04:44.803 [JavaFX Application Thread] DEBUG PrimaryStageWindow   - Scaled ratio: (0.87875, 0.91)
07:04:44.804 [JavaFX Application Thread] DEBUG PrimaryStageWindow   - Scene size: 703.0 x 728.0
07:04:44.805 [JavaFX Application Thread] DEBUG PrimaryStageWindow   - Stage size: 719.0 x 767.0
07:04:44.921 [FXGL Background Thread 1 ] DEBUG Engine               - Initializing environment variables
07:04:45.060 [FXGL Background Thread 1 ] DEBUG FXGLAssetLoaderServi - User app class for loading assets: class com.lab.App
07:04:45.061 [FXGL Background Thread 1 ] DEBUG GameApplicationServi - Applying CSS: fxgl_dark.css
07:04:45.063 [FXGL Background Thread 1 ] DEBUG FXGLAssetLoaderServi - Loading from file system: jar:file:/C:/Users/Khana/.m2/repository/com/github/almasb/fxgl/21.1/fxgl-21.1.jar!/fxglassets/ui/css/fxgl_dark.css
07:04:45.179 [FXGL Background Thread 1 ] DEBUG GameApplicationServi - Initializing application scenes
07:04:45.337 [FXGL Background Thread 1 ] DEBUG GameWorld            - Game world initialized
07:04:45.486 [FXGL Background Thread 1 ] DEBUG PhysicsWorld         - Physics world initialized: appHeight=800, physics.ppm=50.0
07:04:45.487 [FXGL Background Thread 1 ] DEBUG PhysicsWorld         - Using strategy: BRUTE_FORCE
07:04:45.496 [FXGL Background Thread 1 ] DEBUG GameScene            - Game scene initialized: 800x800
07:04:45.594 [FXGL Background Thread 1 ] DEBUG FXGL.DefaultMenu     - createMenuBodyGameMenu()
07:04:45.615 [FXGL Background Thread 1 ] DEBUG FXGL.DefaultMenu     - createOptionsMenu()
07:04:45.631 [FXGL Background Thread 1 ] DEBUG FXGLAssetLoaderServi - Loading from file system: jar:file:/C:/Users/Khana/.m2/repository/com/github/almasb/fxgl/21.1/fxgl-21.1.jar!/fxglassets/textures/particles/smoke.png
07:04:45.848 [FXGL Background Thread 1 ] DEBUG FXGLAssetLoaderServi - Loading from file system: jar:file:/C:/Users/Khana/.m2/repository/com/github/almasb/fxgl/21.1/fxgl-21.1.jar!/fxglassets/textures/particles/trace_horizontal.png
07:04:45.972 [FXGL Background Thread 1 ] DEBUG GameApplicationServi - Application scenes initialized
07:04:45.998 [FXGL Background Thread 1 ] DEBUG SystemBundleService  - Loading FXGL system data
07:04:46.007 [FXGL Background Thread 1 ] DEBUG FileSystemAccess     - Reading from: E:\Labs\Gonvival\system\fxgl.bundle
07:04:46.028 [FXGL Background Thread 1 ] DEBUG SystemBundleService  - Bundle FXGL: {}
07:04:46.028 [FXGL Background Thread 1 ] DEBUG UpdaterService       - Checking for updates
07:04:46.038 [FXGL Background Thread 1 ] DEBUG FXGLApplication      - Loading default localization
07:04:46.040 [FXGL Background Thread 1 ] DEBUG FXGLAssetLoaderServi - Loading from file system: jar:file:/C:/Users/Khana/.m2/repository/com/github/almasb/fxgl/21.1/fxgl-21.1.jar!/fxglassets/languages/english.lang
07:04:46.093 [FXGL Background Thread 1 ] INFO  FXGLApplication      - FXGL initialization took: 1.172 sec
07:04:46.104 [JavaFX Application Thread] DEBUG FXGLAssetLoaderServi - Loading from file system: jar:file:/C:/Users/Khana/.m2/repository/com/github/almasb/fxgl/21.1/fxgl-21.1.jar!/fxglassets/textures/fxgl_icon.png
07:04:46.164 [FXGL Background Thread 4 ] DEBUG FXGLApplication      - Loading fonts
07:04:46.164 [FXGL Background Thread 4 ] DEBUG FXGLAssetLoaderServi - Loading from file system: jar:file:/C:/Users/Khana/.m2/repository/com/github/almasb/fxgl/21.1/fxgl-21.1.jar!/fxglassets/ui/fonts/VarelaRound-Regular.ttf
07:04:46.172 [JavaFX Application Thread] DEBUG FXGLAssetLoaderServi - Loading from file system: jar:file:/C:/Users/Khana/.m2/repository/com/github/almasb/fxgl/21.1/fxgl-21.1.jar!/fxglassets/textures/fxgl_default_cursor.png
07:04:46.192 [JavaFX Application Thread] DEBUG Input                - Registered new binding: Screenshot - CTRL+8
07:04:46.193 [JavaFX Application Thread] DEBUG Input                - Registered new binding: System info dump - CTRL+9
07:04:46.194 [JavaFX Application Thread] DEBUG Input                - Registered new binding: Restart - CTRL+R
07:04:46.195 [JavaFX Application Thread] DEBUG Input                - Registered new binding: Toggle Debug Camera - CTRL+7
07:04:46.202 [JavaFX Application Thread] DEBUG LoopRunner           - Starting loop
07:04:46.202 [JavaFX Application Thread] DEBUG LoopRunner           - Initializing JavaFX AnimationTimerLoop
07:04:46.210 [JavaFX Application Thread] DEBUG Input                - Clearing active input actions
07:04:46.226 [JavaFX Application Thread] DEBUG GameApplicationServi - Removing overlay from FXGLStartupScene and adding to FXGLMainMenuDummyScene
07:04:46.226 [JavaFX Application Thread] DEBUG PrimaryStageWindow   - FXGLStartupScene -> FXGLMainMenuDummyScene
07:04:46.227 [JavaFX Application Thread] DEBUG PrimaryStageWindow   - Push state: StartScreen
07:04:46.227 [JavaFX Application Thread] DEBUG Input                - Clearing active input actions
07:04:46.261 [FXGL Background Thread 4 ] DEBUG FXGLAssetLoaderServi - Loading from file system: jar:file:/C:/Users/Khana/.m2/repository/com/github/almasb/fxgl/21.1/fxgl-21.1.jar!/fxglassets/ui/fonts/Abel-Regular.ttf
07:04:46.261 [JavaFX Application Thread] DEBUG GameApplicationServi - Removing overlay from FXGLMainMenuDummyScene and adding to StartScreen
07:04:46.262 [JavaFX Application Thread] DEBUG PrimaryStageWindow   - FXGLMainMenuDummyScene -> StartScreen
07:04:46.270 [FXGL Background Thread 4 ] DEBUG FXGLAssetLoaderServi - Loading from file system: jar:file:/C:/Users/Khana/.m2/repository/com/github/almasb/fxgl/21.1/fxgl-21.1.jar!/fxglassets/ui/fonts/TerminalLandMono-Regular.otf
07:04:46.294 [FXGL Background Thread 4 ] DEBUG FXGLAssetLoaderServi - Loading from file system: jar:file:/C:/Users/Khana/.m2/repository/com/github/almasb/fxgl/21.1/fxgl-21.1.jar!/fxglassets/ui/fonts/Courier-Prime.ttf
07:04:46.390 [JavaFX Application Thread] DEBUG FXGLApplication      - Registering font factories with UI factory
07:04:49.033 [FXGL Background Thread 3 ] DEBUG Engine               - Logging environment variables
07:04:49.033 [FXGL Background Thread 3 ] DEBUG Engine               - achievements: []
07:04:49.034 [FXGL Background Thread 3 ] DEBUG Engine               - actualHeight: 728.0
07:04:49.034 [FXGL Background Thread 3 ] DEBUG Engine               - actualHeightProperty: ReadOnlyDoubleProperty [value: 728.0]
07:04:49.034 [FXGL Background Thread 3 ] DEBUG Engine               - actualWidth: 703.0
07:04:49.034 [FXGL Background Thread 3 ] DEBUG Engine               - actualWidthProperty: ReadOnlyDoubleProperty [value: 703.0]
07:04:49.034 [FXGL Background Thread 3 ] DEBUG Engine               - appIcon: fxgl_icon.png
07:04:49.034 [FXGL Background Thread 3 ] DEBUG Engine               - applicationMode: DEVELOPER
07:04:49.034 [FXGL Background Thread 3 ] DEBUG Engine               - cSSList: [fxgl_dark.css]
07:04:49.034 [FXGL Background Thread 3 ] DEBUG Engine               - collisionDetectionStrategy: BRUTE_FORCE
07:04:49.034 [FXGL Background Thread 3 ] DEBUG Engine               - configClass: Optional.empty
07:04:49.034 [FXGL Background Thread 3 ] DEBUG Engine               - credits: []
07:04:49.035 [FXGL Background Thread 3 ] DEBUG Engine               - defaultCursor: CursorInfo(imageName=fxgl_default_cursor.png, hotspotX=7.0, hotspotY=6.0)
07:04:49.035 [FXGL Background Thread 3 ] DEBUG Engine               - devBBoxColorProperty: ObjectProperty [value: 0xff0000ff]
07:04:49.035 [FXGL Background Thread 3 ] DEBUG Engine               - devEnableDebugCameraProperty: BooleanProperty [value: false]
07:04:49.035 [FXGL Background Thread 3 ] DEBUG Engine               - devSensorColorProperty: ObjectProperty [value: 0xffff00ff]
07:04:49.035 [FXGL Background Thread 3 ] DEBUG Engine               - devShowBBoxProperty: BooleanProperty [value: false]
07:04:49.035 [FXGL Background Thread 3 ] DEBUG Engine               - devShowPositionProperty: BooleanProperty [value: false]
07:04:49.035 [FXGL Background Thread 3 ] DEBUG Engine               - enabledMenuItems: []
07:04:49.035 [FXGL Background Thread 3 ] DEBUG Engine               - engineServices: [class com.almasb.fxgl.app.services.FXGLAssetLoaderService, class com.almasb.fxgl.app.FXGLApplication$GameApplicationService, class com.almasb.fxgl.app.services.FXGLDialogService, class com.almasb.fxgl.app.services.IOTaskExecutorService, class com.almasb.fxgl.io.FileSystemService, class com.almasb.fxgl.localization.LocalizationService, class com.almasb.fxgl.app.services.SystemBundleService, class com.almasb.fxgl.profile.SaveLoadService, class com.almasb.fxgl.ui.FXGLUIFactoryServiceProvider, class com.almasb.fxgl.ui.FXGLDialogFactoryServiceProvider, class com.almasb.fxgl.audio.AudioPlayer, class com.almasb.fxgl.notification.impl.NotificationServiceProvider, class com.almasb.fxgl.achievement.AchievementService, class com.almasb.fxgl.cutscene.CutsceneService, class com.almasb.fxgl.minigames.MiniGameService, class com.almasb.fxgl.net.NetService, class com.almasb.fxgl.app.services.UpdaterService, class com.almasb.fxgl.dev.DevService]
07:04:49.035 [FXGL Background Thread 3 ] DEBUG Engine               - fontGame: Abel-Regular.ttf
07:04:49.036 [FXGL Background Thread 3 ] DEBUG Engine               - fontMono: TerminalLandMono-Regular.otf
07:04:49.036 [FXGL Background Thread 3 ] DEBUG Engine               - fontSizeScaleUI: 1.0
07:04:49.036 [FXGL Background Thread 3 ] DEBUG Engine               - fontText: Courier-Prime.ttf
07:04:49.036 [FXGL Background Thread 3 ] DEBUG Engine               - fontUI: VarelaRound-Regular.ttf
07:04:49.036 [FXGL Background Thread 3 ] DEBUG Engine               - fullScreen: BooleanProperty [value: false]
07:04:49.036 [FXGL Background Thread 3 ] DEBUG Engine               - gameDifficulty: MEDIUM
07:04:49.036 [FXGL Background Thread 3 ] DEBUG Engine               - gameDifficultyProperty: ObjectProperty [value: MEDIUM]
07:04:49.036 [FXGL Background Thread 3 ] DEBUG Engine               - globalMusicVolume: 0.5
07:04:49.036 [FXGL Background Thread 3 ] DEBUG Engine               - globalMusicVolumeProperty: DoubleProperty [value: 1.0]
07:04:49.036 [FXGL Background Thread 3 ] DEBUG Engine               - globalSoundVolume: 0.5
07:04:49.036 [FXGL Background Thread 3 ] DEBUG Engine               - globalSoundVolumeProperty: DoubleProperty [value: 1.0]
07:04:49.036 [FXGL Background Thread 3 ] DEBUG Engine               - height: 800
07:04:49.036 [FXGL Background Thread 3 ] DEBUG Engine               - is3D: false
07:04:49.036 [FXGL Background Thread 3 ] DEBUG Engine               - isAndroid: false
07:04:49.036 [FXGL Background Thread 3 ] DEBUG Engine               - isBrowser: false
07:04:49.037 [FXGL Background Thread 3 ] DEBUG Engine               - isClickFeedbackEnabled: false
07:04:49.037 [FXGL Background Thread 3 ] DEBUG Engine               - isCloseConfirmation: false
07:04:49.037 [FXGL Background Thread 3 ] DEBUG Engine               - isDesktop: true
07:04:49.037 [FXGL Background Thread 3 ] DEBUG Engine               - isDeveloperMenuEnabled: false
07:04:49.037 [FXGL Background Thread 3 ] DEBUG Engine               - isEmbedded: false
07:04:49.037 [FXGL Background Thread 3 ] DEBUG Engine               - isEntityPreloadEnabled: true
07:04:49.037 [FXGL Background Thread 3 ] DEBUG Engine               - isExperimentalTiledLargeMap: false
07:04:49.037 [FXGL Background Thread 3 ] DEBUG Engine               - isFileSystemWriteAllowed: true
07:04:49.037 [FXGL Background Thread 3 ] DEBUG Engine               - isFullScreenAllowed: false
07:04:49.037 [FXGL Background Thread 3 ] DEBUG Engine               - isFullScreenFromStart: false
07:04:49.037 [FXGL Background Thread 3 ] DEBUG Engine               - isGameMenuEnabled: true
07:04:49.037 [FXGL Background Thread 3 ] DEBUG Engine               - isIOS: false
07:04:49.037 [FXGL Background Thread 3 ] DEBUG Engine               - isIntroEnabled: false
07:04:49.037 [FXGL Background Thread 3 ] DEBUG Engine               - isLinux: false
07:04:49.037 [FXGL Background Thread 3 ] DEBUG Engine               - isMac: false
07:04:49.037 [FXGL Background Thread 3 ] DEBUG Engine               - isMainMenuEnabled: true
07:04:49.038 [FXGL Background Thread 3 ] DEBUG Engine               - isManualResizeEnabled: false
07:04:49.038 [FXGL Background Thread 3 ] DEBUG Engine               - isMobile: false
07:04:49.038 [FXGL Background Thread 3 ] DEBUG Engine               - isNative: false
07:04:49.038 [FXGL Background Thread 3 ] DEBUG Engine               - isPauseMusicWhenMinimized: true
07:04:49.038 [FXGL Background Thread 3 ] DEBUG Engine               - isPreserveResizeRatio: false
07:04:49.038 [FXGL Background Thread 3 ] DEBUG Engine               - isProfilingEnabled: false
07:04:49.038 [FXGL Background Thread 3 ] DEBUG Engine               - isScaleAffectedOnResize: true
07:04:49.038 [FXGL Background Thread 3 ] DEBUG Engine               - isSingleStep: false
07:04:49.038 [FXGL Background Thread 3 ] DEBUG Engine               - isUserProfileEnabled: false
07:04:49.038 [FXGL Background Thread 3 ] DEBUG Engine               - isWindows: true
07:04:49.038 [FXGL Background Thread 3 ] DEBUG Engine               - language: ObjectProperty [value: ENGLISH]
07:04:49.038 [FXGL Background Thread 3 ] DEBUG Engine               - menuKey: ESCAPE
07:04:49.039 [FXGL Background Thread 3 ] DEBUG Engine               - mouseSensitivity: 0.2
07:04:49.039 [FXGL Background Thread 3 ] DEBUG Engine               - notificationViewClass: class com.almasb.fxgl.notification.view.XboxNotificationView
07:04:49.039 [FXGL Background Thread 3 ] DEBUG Engine               - pixelsPerMeter: 50.0
07:04:49.039 [FXGL Background Thread 3 ] DEBUG Engine               - platform: WINDOWS
07:04:49.039 [FXGL Background Thread 3 ] DEBUG Engine               - prefHeightProperty: ReadOnlyDoubleProperty [value: 800.0]
07:04:49.039 [FXGL Background Thread 3 ] DEBUG Engine               - prefWidthProperty: ReadOnlyDoubleProperty [value: 800.0]
07:04:49.039 [FXGL Background Thread 3 ] DEBUG Engine               - profileDir: profiles/
07:04:49.039 [FXGL Background Thread 3 ] DEBUG Engine               - profileName: StringProperty [value: DEFAULT]
07:04:49.039 [FXGL Background Thread 3 ] DEBUG Engine               - randomSeed: -1
07:04:49.040 [FXGL Background Thread 3 ] DEBUG Engine               - runtimeInfo: RuntimeInfo(platform=WINDOWS, version=21.1, build=27.03.2024 07.52)
07:04:49.040 [FXGL Background Thread 3 ] DEBUG Engine               - saveFileExt: sav
07:04:49.040 [FXGL Background Thread 3 ] DEBUG Engine               - scaledHeightProp$fxgl: DoubleProperty [bound, value: 728.0]
07:04:49.040 [FXGL Background Thread 3 ] DEBUG Engine               - scaledWidthProp$fxgl: DoubleProperty [bound, value: 703.0]
07:04:49.040 [FXGL Background Thread 3 ] DEBUG Engine               - sceneFactory: com.lab.App$1@59988770
07:04:49.040 [FXGL Background Thread 3 ] DEBUG Engine               - secondsIn24h: 60
07:04:49.040 [FXGL Background Thread 3 ] DEBUG Engine               - soundMenuBack: menu/back.wav
07:04:49.040 [FXGL Background Thread 3 ] DEBUG Engine               - soundMenuPress: menu/press.wav
07:04:49.040 [FXGL Background Thread 3 ] DEBUG Engine               - soundMenuSelect: menu/select.wav
07:04:49.040 [FXGL Background Thread 3 ] DEBUG Engine               - soundNotification: core/notification.wav
07:04:49.041 [FXGL Background Thread 3 ] DEBUG Engine               - stageStyle: DECORATED
07:04:49.041 [FXGL Background Thread 3 ] DEBUG Engine               - supportedLanguages: [ENGLISH, FRENCH, GERMAN, HUNGARIAN, RUSSIAN]
07:04:49.041 [FXGL Background Thread 3 ] DEBUG Engine               - ticksPerSecond: -1
07:04:49.041 [FXGL Background Thread 3 ] DEBUG Engine               - title: Gonvival
07:04:49.041 [FXGL Background Thread 3 ] DEBUG Engine               - urlGithub: https://github.com/AlmasB/FXGL
07:04:49.041 [FXGL Background Thread 3 ] DEBUG Engine               - urlLeaderboard: http://fxgl-top.herokuapp.com/
07:04:49.041 [FXGL Background Thread 3 ] DEBUG Engine               - urlPOM: https://raw.githubusercontent.com/AlmasB/FXGL/release/README.md
07:04:49.041 [FXGL Background Thread 3 ] DEBUG Engine               - userAppClass: class com.lab.App
07:04:49.041 [FXGL Background Thread 3 ] DEBUG Engine               - version: beta
07:04:49.041 [FXGL Background Thread 3 ] DEBUG Engine               - versionCheckDays: 7
07:04:49.041 [FXGL Background Thread 3 ] DEBUG Engine               - width: 800
07:04:49.041 [FXGL Background Thread 3 ] DEBUG Engine               - Logging services
07:04:49.042 [FXGL Background Thread 3 ] DEBUG Engine               - class com.almasb.fxgl.app.services.FXGLAssetLoaderService
07:04:49.042 [FXGL Background Thread 3 ] DEBUG Engine               - class com.almasb.fxgl.app.FXGLApplication$GameApplicationService
07:04:49.042 [FXGL Background Thread 3 ] DEBUG Engine               - class com.almasb.fxgl.app.services.FXGLDialogService
07:04:49.042 [FXGL Background Thread 3 ] DEBUG Engine               - class com.almasb.fxgl.app.services.IOTaskExecutorService
07:04:49.042 [FXGL Background Thread 3 ] DEBUG Engine               - class com.almasb.fxgl.io.FileSystemService
07:04:49.042 [FXGL Background Thread 3 ] DEBUG Engine               - class com.almasb.fxgl.localization.LocalizationService
07:04:49.042 [FXGL Background Thread 3 ] DEBUG Engine               - class com.almasb.fxgl.app.services.SystemBundleService
07:04:49.042 [FXGL Background Thread 3 ] DEBUG Engine               - class com.almasb.fxgl.profile.SaveLoadService
07:04:49.042 [FXGL Background Thread 3 ] DEBUG Engine               - class com.almasb.fxgl.ui.FXGLUIFactoryServiceProvider
07:04:49.042 [FXGL Background Thread 3 ] DEBUG Engine               - class com.almasb.fxgl.ui.FXGLDialogFactoryServiceProvider
07:04:49.042 [FXGL Background Thread 3 ] DEBUG Engine               - class com.almasb.fxgl.audio.AudioPlayer
07:04:49.042 [FXGL Background Thread 3 ] DEBUG Engine               - class com.almasb.fxgl.notification.impl.NotificationServiceProvider
07:04:49.042 [FXGL Background Thread 3 ] DEBUG Engine               - class com.almasb.fxgl.achievement.AchievementService
07:04:49.043 [FXGL Background Thread 3 ] DEBUG Engine               - class com.almasb.fxgl.cutscene.CutsceneService
07:04:49.043 [FXGL Background Thread 3 ] DEBUG Engine               - class com.almasb.fxgl.minigames.MiniGameService
07:04:49.043 [FXGL Background Thread 3 ] DEBUG Engine               - class com.almasb.fxgl.net.NetService
07:04:49.043 [FXGL Background Thread 3 ] DEBUG Engine               - class com.almasb.fxgl.app.services.UpdaterService
07:04:49.043 [FXGL Background Thread 3 ] DEBUG Engine               - class com.almasb.fxgl.dev.DevService
07:04:53.411 [JavaFX Application Thread] DEBUG LoopRunner           - Pausing loop
07:04:53.411 [JavaFX Application Thread] DEBUG Menu                 - fireNewGame()
07:04:53.411 [JavaFX Application Thread] DEBUG GameApplicationServi - Starting new game
07:04:53.411 [JavaFX Application Thread] DEBUG PrimaryStageWindow   - Pop state: StartScreen
07:04:53.412 [JavaFX Application Thread] DEBUG Input                - Clearing active input actions
07:04:53.412 [JavaFX Application Thread] DEBUG GameApplicationServi - Removing overlay from StartScreen and adding to FXGLMainMenuDummyScene
07:04:53.413 [JavaFX Application Thread] DEBUG PrimaryStageWindow   - FXGLMainMenuDummyScene <- StartScreen
07:04:53.413 [JavaFX Application Thread] DEBUG Input                - Clearing active input actions
07:04:53.425 [JavaFX Application Thread] DEBUG GameApplicationServi - Removing overlay from FXGLMainMenuDummyScene and adding to FXGLLoadingScene
07:04:53.426 [JavaFX Application Thread] DEBUG PrimaryStageWindow   - FXGLMainMenuDummyScene -> FXGLLoadingScene
07:04:53.426 [JavaFX Application Thread] DEBUG GameApplicationServi - Clearing previous game
07:04:53.426 [JavaFX Application Thread] DEBUG GameScene            - Clearing game scene
07:04:53.426 [JavaFX Application Thread] DEBUG GameWorld            - Clearing game world
07:04:53.426 [JavaFX Application Thread] DEBUG PhysicsWorld         - Clearing physics world
07:04:53.430 [FXGL Background Thread 2 ] DEBUG FXGLApplication      - Initializing game
07:04:53.447 [FXGL Background Thread 2 ] DEBUG FXGLAssetLoaderServi - Loading from file system: file:/E:/Labs/Gonvival/game/target/classes/assets/textures/newmap2.png
07:04:53.491 [FXGL Background Thread 2 ] DEBUG FXGLAssetLoaderServi - Loading from file system: file:/E:/Labs/Gonvival/game/target/classes/assets/textures/Level.png
07:04:53.555 [FXGL Background Thread 2 ] DEBUG FXGLAssetLoaderServi - Loading from file system: file:/E:/Labs/Gonvival/game/target/classes/assets/textures/idle_down.png
07:04:53.560 [FXGL Background Thread 2 ] DEBUG FXGLAssetLoaderServi - Loading from file system: file:/E:/Labs/Gonvival/game/target/classes/assets/textures/idle_up.png
07:04:53.562 [FXGL Background Thread 2 ] DEBUG FXGLAssetLoaderServi - Loading from file system: file:/E:/Labs/Gonvival/game/target/classes/assets/textures/idle_left_down.png
07:04:53.565 [FXGL Background Thread 2 ] DEBUG FXGLAssetLoaderServi - Loading from file system: file:/E:/Labs/Gonvival/game/target/classes/assets/textures/idle_left_up.png
07:04:53.568 [FXGL Background Thread 2 ] DEBUG FXGLAssetLoaderServi - Loading from file system: file:/E:/Labs/Gonvival/game/target/classes/assets/textures/idle_right_down.png
07:04:53.570 [FXGL Background Thread 2 ] DEBUG FXGLAssetLoaderServi - Loading from file system: file:/E:/Labs/Gonvival/game/target/classes/assets/textures/idle_right_up.png
07:04:53.573 [FXGL Background Thread 2 ] DEBUG FXGLAssetLoaderServi - Loading from file system: file:/E:/Labs/Gonvival/game/target/classes/assets/textures/walk_left_down.png
07:04:53.576 [FXGL Background Thread 2 ] DEBUG FXGLAssetLoaderServi - Loading from file system: file:/E:/Labs/Gonvival/game/target/classes/assets/textures/walk_right_down.png
07:04:53.578 [FXGL Background Thread 2 ] DEBUG FXGLAssetLoaderServi - Loading from file system: file:/E:/Labs/Gonvival/game/target/classes/assets/textures/walk_up.png
07:04:53.581 [FXGL Background Thread 2 ] DEBUG FXGLAssetLoaderServi - Loading from file system: file:/E:/Labs/Gonvival/game/target/classes/assets/textures/walk_down.png
07:04:53.584 [FXGL Background Thread 2 ] DEBUG FXGLAssetLoaderServi - Loading from file system: file:/E:/Labs/Gonvival/game/target/classes/assets/textures/walk_left_up.png
07:04:53.588 [FXGL Background Thread 2 ] DEBUG FXGLAssetLoaderServi - Loading from file system: file:/E:/Labs/Gonvival/game/target/classes/assets/textures/walk_right_up.png
07:04:53.610 [FXGL Background Thread 2 ] INFO  FXGLApplication      - Game initialization took: 0.179 sec
07:04:53.615 [JavaFX Application Thread] DEBUG Input                - Clearing active input actions
07:04:53.631 [JavaFX Application Thread] DEBUG GameApplicationServi - Removing overlay from FXGLLoadingScene and adding to GameScene
07:04:53.632 [JavaFX Application Thread] DEBUG PrimaryStageWindow   - FXGLLoadingScene -> GameScene
07:04:58.185 [JavaFX Application Thread] DEBUG FXGLApplication      - Exiting FXGL
07:04:58.185 [JavaFX Application Thread] DEBUG LoopRunner           - Stopping loop
07:04:58.185 [JavaFX Application Thread] DEBUG SystemBundleService  - Saving FXGL system data
07:04:58.188 [JavaFX Application Thread] DEBUG FileSystemAccess     - Writing to: E:\Labs\Gonvival\system\fxgl.bundle
07:04:58.191 [JavaFX Application Thread] DEBUG Async                - Shutting down background threads
07:04:58.192 [JavaFX Application Thread] DEBUG PrimaryStageWindow   - Closing main window
07:04:58.215 [JavaFX Application Thread] DEBUG Logger               - Closing Logger
