07:32:10.582 [main                     ] DEBUG Logger               - Configured Logger
07:32:10.632 [main                     ] DEBUG GameApplication      - Logging settings
Title: Gonvival
Version: beta
Width: 800
Height: 800
Fullscreen: false
Intro: false
Profiling: false
Single step:false
App Mode: DEVELOPER
Menu Key: ESCAPE
Stage Style: DECORATED
Scene Factory: class com.lab.App$1

07:32:11.572 [JavaFX Application Thread] DEBUG FXGLApplication      - Initializing FXGL
07:32:11.580 [JavaFX Application Thread] INFO  Engine               - FXGL-21.1 (27.03.2024 07.52) on WINDOWS (J:21.0.5 FX:21.0.1)
07:32:11.584 [JavaFX Application Thread] DEBUG Engine               - JRE Vendor Name: Eclipse Adoptium
07:32:11.585 [JavaFX Application Thread] DEBUG Engine               - Running on OS: Windows 10 version 10.0
07:32:11.585 [JavaFX Application Thread] DEBUG Engine               - Architecture: amd64
07:32:11.585 [JavaFX Application Thread] INFO  Engine               - Source code and latest versions at: https://github.com/AlmasB/FXGL
07:32:11.586 [JavaFX Application Thread] INFO  Engine               -       Ask questions and discuss at: https://github.com/AlmasB/FXGL/discussions
07:32:11.588 [JavaFX Application Thread] INFO  Engine               -              Join the FXGL chat at: https://gitter.im/AlmasB/FXGL
07:32:11.876 [JavaFX Application Thread] DEBUG PrimaryStageWindow   - Creating a JavaFX scene
07:32:11.876 [JavaFX Application Thread] DEBUG PrimaryStageWindow   - Target size > screen size
07:32:12.040 [JavaFX Application Thread] DEBUG PrimaryStageWindow   - Target settings size: 800.0 x 800.0
07:32:12.040 [JavaFX Application Thread] DEBUG PrimaryStageWindow   - Scaled scene size:    743.0 x 768.0
07:32:12.040 [JavaFX Application Thread] DEBUG PrimaryStageWindow   - Scaled ratio: (0.92875, 0.96)
07:32:12.042 [JavaFX Application Thread] DEBUG PrimaryStageWindow   - Set initial scene to FXGLStartupScene
07:32:12.057 [JavaFX Application Thread] DEBUG PrimaryStageWindow   - Opening main window
07:32:12.231 [JavaFX Application Thread] DEBUG PrimaryStageWindow   - Window border size: (16.0, 39.0)
07:32:12.234 [JavaFX Application Thread] DEBUG PrimaryStageWindow   - Scaled size: 743.0 x 768.0
07:32:12.234 [JavaFX Application Thread] DEBUG PrimaryStageWindow   - Scaled ratio: (0.92875, 0.96)
07:32:12.235 [JavaFX Application Thread] DEBUG PrimaryStageWindow   - Scene size: 743.0 x 768.0
07:32:12.236 [JavaFX Application Thread] DEBUG PrimaryStageWindow   - Stage size: 759.0 x 807.0
07:32:12.367 [FXGL Background Thread 1 ] DEBUG Engine               - Initializing environment variables
07:32:12.517 [FXGL Background Thread 1 ] DEBUG FXGLAssetLoaderServi - User app class for loading assets: class com.lab.App
07:32:12.517 [FXGL Background Thread 1 ] DEBUG GameApplicationServi - Applying CSS: fxgl_dark.css
07:32:12.520 [FXGL Background Thread 1 ] DEBUG FXGLAssetLoaderServi - Loading from file system: jar:file:/C:/Users/Khana/.m2/repository/com/github/almasb/fxgl/21.1/fxgl-21.1.jar!/fxglassets/ui/css/fxgl_dark.css
07:32:12.637 [FXGL Background Thread 1 ] DEBUG GameApplicationServi - Initializing application scenes
07:32:12.977 [FXGL Background Thread 1 ] DEBUG GameWorld            - Game world initialized
07:32:13.110 [FXGL Background Thread 1 ] DEBUG PhysicsWorld         - Physics world initialized: appHeight=800, physics.ppm=50.0
07:32:13.110 [FXGL Background Thread 1 ] DEBUG PhysicsWorld         - Using strategy: BRUTE_FORCE
07:32:13.118 [FXGL Background Thread 1 ] DEBUG GameScene            - Game scene initialized: 800x800
07:32:13.121 [FXGL Background Thread 1 ] DEBUG FXGLAssetLoaderServi - Loading from file system: file:/E:/Labs/Gonvival/game/target/classes/assets/sounds/button_click.mp3
07:32:13.382 [FXGL Background Thread 1 ] DEBUG FXGL.DefaultMenu     - createMenuBodyGameMenu()
07:32:13.403 [FXGL Background Thread 1 ] DEBUG FXGL.DefaultMenu     - createOptionsMenu()
07:32:13.417 [FXGL Background Thread 1 ] DEBUG FXGLAssetLoaderServi - Loading from file system: jar:file:/C:/Users/Khana/.m2/repository/com/github/almasb/fxgl/21.1/fxgl-21.1.jar!/fxglassets/textures/particles/smoke.png
07:32:13.614 [FXGL Background Thread 1 ] DEBUG FXGLAssetLoaderServi - Loading from file system: jar:file:/C:/Users/Khana/.m2/repository/com/github/almasb/fxgl/21.1/fxgl-21.1.jar!/fxglassets/textures/particles/trace_horizontal.png
07:32:13.691 [FXGL Background Thread 1 ] DEBUG GameApplicationServi - Application scenes initialized
07:32:13.745 [FXGL Background Thread 1 ] DEBUG SystemBundleService  - Loading FXGL system data
07:32:13.762 [FXGL Background Thread 1 ] DEBUG FileSystemAccess     - Reading from: E:\Labs\Gonvival\system\fxgl.bundle
07:32:13.802 [FXGL Background Thread 1 ] DEBUG SystemBundleService  - Bundle FXGL: {}
07:32:13.803 [FXGL Background Thread 1 ] DEBUG UpdaterService       - Checking for updates
07:32:13.810 [FXGL Background Thread 1 ] DEBUG FXGLApplication      - Loading default localization
07:32:13.811 [FXGL Background Thread 1 ] DEBUG FXGLAssetLoaderServi - Loading from file system: jar:file:/C:/Users/Khana/.m2/repository/com/github/almasb/fxgl/21.1/fxgl-21.1.jar!/fxglassets/languages/english.lang
07:32:13.856 [FXGL Background Thread 1 ] INFO  FXGLApplication      - FXGL initialization took: 1.489 sec
07:32:13.875 [JavaFX Application Thread] DEBUG FXGLAssetLoaderServi - Loading from file system: jar:file:/C:/Users/Khana/.m2/repository/com/github/almasb/fxgl/21.1/fxgl-21.1.jar!/fxglassets/textures/fxgl_icon.png
07:32:14.040 [FXGL Background Thread 4 ] DEBUG FXGLApplication      - Loading fonts
07:32:14.042 [FXGL Background Thread 4 ] DEBUG FXGLAssetLoaderServi - Loading from file system: jar:file:/C:/Users/Khana/.m2/repository/com/github/almasb/fxgl/21.1/fxgl-21.1.jar!/fxglassets/ui/fonts/VarelaRound-Regular.ttf
07:32:14.093 [JavaFX Application Thread] DEBUG FXGLAssetLoaderServi - Loading from file system: jar:file:/C:/Users/Khana/.m2/repository/com/github/almasb/fxgl/21.1/fxgl-21.1.jar!/fxglassets/textures/fxgl_default_cursor.png
07:32:14.120 [JavaFX Application Thread] DEBUG Input                - Registered new binding: Screenshot - CTRL+8
07:32:14.121 [JavaFX Application Thread] DEBUG Input                - Registered new binding: System info dump - CTRL+9
07:32:14.122 [JavaFX Application Thread] DEBUG Input                - Registered new binding: Restart - CTRL+R
07:32:14.123 [JavaFX Application Thread] DEBUG Input                - Registered new binding: Toggle Debug Camera - CTRL+7
07:32:14.128 [JavaFX Application Thread] DEBUG LoopRunner           - Starting loop
07:32:14.128 [JavaFX Application Thread] DEBUG LoopRunner           - Initializing JavaFX AnimationTimerLoop
07:32:14.137 [JavaFX Application Thread] DEBUG Input                - Clearing active input actions
07:32:14.173 [JavaFX Application Thread] DEBUG GameApplicationServi - Removing overlay from FXGLStartupScene and adding to FXGLMainMenuDummyScene
07:32:14.174 [JavaFX Application Thread] DEBUG PrimaryStageWindow   - FXGLStartupScene -> FXGLMainMenuDummyScene
07:32:14.174 [JavaFX Application Thread] DEBUG PrimaryStageWindow   - Push state: StartScreen
07:32:14.175 [JavaFX Application Thread] DEBUG Input                - Clearing active input actions
07:32:14.285 [JavaFX Application Thread] DEBUG GameApplicationServi - Removing overlay from FXGLMainMenuDummyScene and adding to StartScreen
07:32:14.286 [JavaFX Application Thread] DEBUG PrimaryStageWindow   - FXGLMainMenuDummyScene -> StartScreen
07:32:14.360 [FXGL Background Thread 4 ] DEBUG FXGLAssetLoaderServi - Loading from file system: jar:file:/C:/Users/Khana/.m2/repository/com/github/almasb/fxgl/21.1/fxgl-21.1.jar!/fxglassets/ui/fonts/Abel-Regular.ttf
07:32:14.393 [FXGL Background Thread 4 ] DEBUG FXGLAssetLoaderServi - Loading from file system: jar:file:/C:/Users/Khana/.m2/repository/com/github/almasb/fxgl/21.1/fxgl-21.1.jar!/fxglassets/ui/fonts/TerminalLandMono-Regular.otf
07:32:14.400 [FXGL Background Thread 4 ] DEBUG FXGLAssetLoaderServi - Loading from file system: jar:file:/C:/Users/Khana/.m2/repository/com/github/almasb/fxgl/21.1/fxgl-21.1.jar!/fxglassets/ui/fonts/Courier-Prime.ttf
07:32:14.489 [JavaFX Application Thread] DEBUG FXGLApplication      - Registering font factories with UI factory
07:32:15.264 [JavaFX Application Thread] DEBUG Menu                 - fireNewGame()
07:32:15.265 [JavaFX Application Thread] DEBUG GameApplicationServi - Starting new game
07:32:15.265 [JavaFX Application Thread] DEBUG PrimaryStageWindow   - Pop state: StartScreen
07:32:15.265 [JavaFX Application Thread] DEBUG Input                - Clearing active input actions
07:32:15.268 [JavaFX Application Thread] DEBUG GameApplicationServi - Removing overlay from StartScreen and adding to FXGLMainMenuDummyScene
07:32:15.268 [JavaFX Application Thread] DEBUG PrimaryStageWindow   - FXGLMainMenuDummyScene <- StartScreen
07:32:15.269 [JavaFX Application Thread] DEBUG Input                - Clearing active input actions
07:32:15.279 [JavaFX Application Thread] DEBUG GameApplicationServi - Removing overlay from FXGLMainMenuDummyScene and adding to FXGLLoadingScene
07:32:15.280 [JavaFX Application Thread] DEBUG PrimaryStageWindow   - FXGLMainMenuDummyScene -> FXGLLoadingScene
07:32:15.280 [JavaFX Application Thread] DEBUG GameApplicationServi - Clearing previous game
07:32:15.280 [JavaFX Application Thread] DEBUG GameScene            - Clearing game scene
07:32:15.281 [JavaFX Application Thread] DEBUG GameWorld            - Clearing game world
07:32:15.281 [JavaFX Application Thread] DEBUG PhysicsWorld         - Clearing physics world
07:32:15.316 [FXGL Background Thread 4 ] DEBUG FXGLApplication      - Initializing game
07:32:15.370 [FXGL Background Thread 4 ] DEBUG FXGLAssetLoaderServi - Loading from file system: file:/E:/Labs/Gonvival/game/target/classes/assets/textures/map.png
07:32:15.487 [FXGL Background Thread 4 ] DEBUG FXGLAssetLoaderServi - Loading from file system: file:/E:/Labs/Gonvival/game/target/classes/assets/textures/idle_down.png
07:32:15.492 [FXGL Background Thread 4 ] DEBUG FXGLAssetLoaderServi - Loading from file system: file:/E:/Labs/Gonvival/game/target/classes/assets/textures/idle_up.png
07:32:15.495 [FXGL Background Thread 4 ] DEBUG FXGLAssetLoaderServi - Loading from file system: file:/E:/Labs/Gonvival/game/target/classes/assets/textures/idle_left_down.png
07:32:15.498 [FXGL Background Thread 4 ] DEBUG FXGLAssetLoaderServi - Loading from file system: file:/E:/Labs/Gonvival/game/target/classes/assets/textures/idle_left_up.png
07:32:15.501 [FXGL Background Thread 4 ] DEBUG FXGLAssetLoaderServi - Loading from file system: file:/E:/Labs/Gonvival/game/target/classes/assets/textures/idle_right_down.png
07:32:15.504 [FXGL Background Thread 4 ] DEBUG FXGLAssetLoaderServi - Loading from file system: file:/E:/Labs/Gonvival/game/target/classes/assets/textures/idle_right_up.png
07:32:15.507 [FXGL Background Thread 4 ] DEBUG FXGLAssetLoaderServi - Loading from file system: file:/E:/Labs/Gonvival/game/target/classes/assets/textures/walk_left_down.png
07:32:15.510 [FXGL Background Thread 4 ] DEBUG FXGLAssetLoaderServi - Loading from file system: file:/E:/Labs/Gonvival/game/target/classes/assets/textures/walk_right_down.png
07:32:15.513 [FXGL Background Thread 4 ] DEBUG FXGLAssetLoaderServi - Loading from file system: file:/E:/Labs/Gonvival/game/target/classes/assets/textures/walk_up.png
07:32:15.516 [FXGL Background Thread 4 ] DEBUG FXGLAssetLoaderServi - Loading from file system: file:/E:/Labs/Gonvival/game/target/classes/assets/textures/walk_down.png
07:32:15.519 [FXGL Background Thread 4 ] DEBUG FXGLAssetLoaderServi - Loading from file system: file:/E:/Labs/Gonvival/game/target/classes/assets/textures/walk_left_up.png
07:32:15.522 [FXGL Background Thread 4 ] DEBUG FXGLAssetLoaderServi - Loading from file system: file:/E:/Labs/Gonvival/game/target/classes/assets/textures/walk_right_up.png
07:32:15.564 [FXGL Background Thread 4 ] INFO  FXGLApplication      - Game initialization took: 0.250 sec
07:32:15.587 [JavaFX Application Thread] DEBUG Input                - Clearing active input actions
07:32:15.600 [JavaFX Application Thread] DEBUG GameApplicationServi - Removing overlay from FXGLLoadingScene and adding to GameScene
07:32:15.601 [JavaFX Application Thread] DEBUG PrimaryStageWindow   - FXGLLoadingScene -> GameScene
07:32:15.731 [JavaFX Application Thread] DEBUG Input                - Registered new binding: SHOOT - LMB
07:32:15.731 [JavaFX Application Thread] DEBUG Input                - Registered new binding: MOVE LEFT - A
07:32:15.731 [JavaFX Application Thread] DEBUG Input                - Registered new binding: MOVE RIGHT - D
07:32:15.733 [JavaFX Application Thread] DEBUG Input                - Registered new binding: MOVE UP - W
07:32:15.733 [JavaFX Application Thread] DEBUG Input                - Registered new binding: MOVE DOWN - S
07:32:16.036 [JavaFX Application Thread] DEBUG FXGLAssetLoaderServi - Loading from file system: file:/E:/Labs/Gonvival/game/target/classes/assets/textures/arrow.png
07:32:16.499 [JavaFX Application Thread] DEBUG FXGLAssetLoaderServi - Loading from file system: file:/E:/Labs/Gonvival/game/target/classes/assets/textures/evil.png
07:32:16.807 [FXGL Background Thread 3 ] DEBUG Engine               - Logging environment variables
07:32:16.808 [FXGL Background Thread 3 ] DEBUG Engine               - achievements: []
07:32:16.808 [FXGL Background Thread 3 ] DEBUG Engine               - actualHeight: 768.0
07:32:16.808 [FXGL Background Thread 3 ] DEBUG Engine               - actualHeightProperty: ReadOnlyDoubleProperty [value: 768.0]
07:32:16.808 [FXGL Background Thread 3 ] DEBUG Engine               - actualWidth: 743.0
07:32:16.808 [FXGL Background Thread 3 ] DEBUG Engine               - actualWidthProperty: ReadOnlyDoubleProperty [value: 743.0]
07:32:16.808 [FXGL Background Thread 3 ] DEBUG Engine               - appIcon: fxgl_icon.png
07:32:16.808 [FXGL Background Thread 3 ] DEBUG Engine               - applicationMode: DEVELOPER
07:32:16.809 [FXGL Background Thread 3 ] DEBUG Engine               - cSSList: [fxgl_dark.css]
07:32:16.809 [FXGL Background Thread 3 ] DEBUG Engine               - collisionDetectionStrategy: BRUTE_FORCE
07:32:16.809 [FXGL Background Thread 3 ] DEBUG Engine               - configClass: Optional.empty
07:32:16.809 [FXGL Background Thread 3 ] DEBUG Engine               - credits: []
07:32:16.809 [FXGL Background Thread 3 ] DEBUG Engine               - defaultCursor: CursorInfo(imageName=fxgl_default_cursor.png, hotspotX=7.0, hotspotY=6.0)
07:32:16.810 [FXGL Background Thread 3 ] DEBUG Engine               - devBBoxColorProperty: ObjectProperty [value: 0xff0000ff]
07:32:16.810 [FXGL Background Thread 3 ] DEBUG Engine               - devEnableDebugCameraProperty: BooleanProperty [value: false]
07:32:16.810 [FXGL Background Thread 3 ] DEBUG Engine               - devSensorColorProperty: ObjectProperty [value: 0xffff00ff]
07:32:16.810 [FXGL Background Thread 3 ] DEBUG Engine               - devShowBBoxProperty: BooleanProperty [value: false]
07:32:16.810 [FXGL Background Thread 3 ] DEBUG Engine               - devShowPositionProperty: BooleanProperty [value: false]
07:32:16.810 [FXGL Background Thread 3 ] DEBUG Engine               - enabledMenuItems: []
07:32:16.811 [FXGL Background Thread 3 ] DEBUG Engine               - engineServices: [class com.almasb.fxgl.app.services.FXGLAssetLoaderService, class com.almasb.fxgl.app.FXGLApplication$GameApplicationService, class com.almasb.fxgl.app.services.FXGLDialogService, class com.almasb.fxgl.app.services.IOTaskExecutorService, class com.almasb.fxgl.io.FileSystemService, class com.almasb.fxgl.localization.LocalizationService, class com.almasb.fxgl.app.services.SystemBundleService, class com.almasb.fxgl.profile.SaveLoadService, class com.almasb.fxgl.ui.FXGLUIFactoryServiceProvider, class com.almasb.fxgl.ui.FXGLDialogFactoryServiceProvider, class com.almasb.fxgl.audio.AudioPlayer, class com.almasb.fxgl.notification.impl.NotificationServiceProvider, class com.almasb.fxgl.achievement.AchievementService, class com.almasb.fxgl.cutscene.CutsceneService, class com.almasb.fxgl.minigames.MiniGameService, class com.almasb.fxgl.net.NetService, class com.almasb.fxgl.app.services.UpdaterService, class com.almasb.fxgl.dev.DevService]
07:32:16.811 [FXGL Background Thread 3 ] DEBUG Engine               - fontGame: Abel-Regular.ttf
07:32:16.811 [FXGL Background Thread 3 ] DEBUG Engine               - fontMono: TerminalLandMono-Regular.otf
07:32:16.811 [FXGL Background Thread 3 ] DEBUG Engine               - fontSizeScaleUI: 1.0
07:32:16.811 [FXGL Background Thread 3 ] DEBUG Engine               - fontText: Courier-Prime.ttf
07:32:16.811 [FXGL Background Thread 3 ] DEBUG Engine               - fontUI: VarelaRound-Regular.ttf
07:32:16.811 [FXGL Background Thread 3 ] DEBUG Engine               - fullScreen: BooleanProperty [value: false]
07:32:16.811 [FXGL Background Thread 3 ] DEBUG Engine               - gameDifficulty: MEDIUM
07:32:16.811 [FXGL Background Thread 3 ] DEBUG Engine               - gameDifficultyProperty: ObjectProperty [value: MEDIUM]
07:32:16.812 [FXGL Background Thread 3 ] DEBUG Engine               - globalMusicVolume: 0.5
07:32:16.812 [FXGL Background Thread 3 ] DEBUG Engine               - globalMusicVolumeProperty: DoubleProperty [value: 1.0]
07:32:16.812 [FXGL Background Thread 3 ] DEBUG Engine               - globalSoundVolume: 0.5
07:32:16.813 [FXGL Background Thread 3 ] DEBUG Engine               - globalSoundVolumeProperty: DoubleProperty [value: 1.0]
07:32:16.814 [FXGL Background Thread 3 ] DEBUG Engine               - height: 800
07:32:16.814 [FXGL Background Thread 3 ] DEBUG Engine               - is3D: false
07:32:16.815 [FXGL Background Thread 3 ] DEBUG Engine               - isAndroid: false
07:32:16.815 [FXGL Background Thread 3 ] DEBUG Engine               - isBrowser: false
07:32:16.815 [FXGL Background Thread 3 ] DEBUG Engine               - isClickFeedbackEnabled: false
07:32:16.815 [FXGL Background Thread 3 ] DEBUG Engine               - isCloseConfirmation: false
07:32:16.815 [FXGL Background Thread 3 ] DEBUG Engine               - isDesktop: true
07:32:16.815 [FXGL Background Thread 3 ] DEBUG Engine               - isDeveloperMenuEnabled: false
07:32:16.815 [FXGL Background Thread 3 ] DEBUG Engine               - isEmbedded: false
07:32:16.815 [FXGL Background Thread 3 ] DEBUG Engine               - isEntityPreloadEnabled: true
07:32:16.816 [FXGL Background Thread 3 ] DEBUG Engine               - isExperimentalTiledLargeMap: false
07:32:16.816 [FXGL Background Thread 3 ] DEBUG Engine               - isFileSystemWriteAllowed: true
07:32:16.816 [FXGL Background Thread 3 ] DEBUG Engine               - isFullScreenAllowed: false
07:32:16.816 [FXGL Background Thread 3 ] DEBUG Engine               - isFullScreenFromStart: false
07:32:16.816 [FXGL Background Thread 3 ] DEBUG Engine               - isGameMenuEnabled: true
07:32:16.819 [FXGL Background Thread 3 ] DEBUG Engine               - isIOS: false
07:32:16.819 [FXGL Background Thread 3 ] DEBUG Engine               - isIntroEnabled: false
07:32:16.819 [FXGL Background Thread 3 ] DEBUG Engine               - isLinux: false
07:32:16.819 [FXGL Background Thread 3 ] DEBUG Engine               - isMac: false
07:32:16.819 [FXGL Background Thread 3 ] DEBUG Engine               - isMainMenuEnabled: true
07:32:16.820 [FXGL Background Thread 3 ] DEBUG Engine               - isManualResizeEnabled: false
07:32:16.820 [FXGL Background Thread 3 ] DEBUG Engine               - isMobile: false
07:32:16.820 [FXGL Background Thread 3 ] DEBUG Engine               - isNative: false
07:32:16.820 [FXGL Background Thread 3 ] DEBUG Engine               - isPauseMusicWhenMinimized: true
07:32:16.820 [FXGL Background Thread 3 ] DEBUG Engine               - isPreserveResizeRatio: false
07:32:16.820 [FXGL Background Thread 3 ] DEBUG Engine               - isProfilingEnabled: false
07:32:16.820 [FXGL Background Thread 3 ] DEBUG Engine               - isScaleAffectedOnResize: true
07:32:16.820 [FXGL Background Thread 3 ] DEBUG Engine               - isSingleStep: false
07:32:16.820 [FXGL Background Thread 3 ] DEBUG Engine               - isUserProfileEnabled: false
07:32:16.820 [FXGL Background Thread 3 ] DEBUG Engine               - isWindows: true
07:32:16.820 [FXGL Background Thread 3 ] DEBUG Engine               - language: ObjectProperty [value: ENGLISH]
07:32:16.821 [FXGL Background Thread 3 ] DEBUG Engine               - menuKey: ESCAPE
07:32:16.821 [FXGL Background Thread 3 ] DEBUG Engine               - mouseSensitivity: 0.2
07:32:16.821 [FXGL Background Thread 3 ] DEBUG Engine               - notificationViewClass: class com.almasb.fxgl.notification.view.XboxNotificationView
07:32:16.821 [FXGL Background Thread 3 ] DEBUG Engine               - pixelsPerMeter: 50.0
07:32:16.821 [FXGL Background Thread 3 ] DEBUG Engine               - platform: WINDOWS
07:32:16.821 [FXGL Background Thread 3 ] DEBUG Engine               - prefHeightProperty: ReadOnlyDoubleProperty [value: 800.0]
07:32:16.821 [FXGL Background Thread 3 ] DEBUG Engine               - prefWidthProperty: ReadOnlyDoubleProperty [value: 800.0]
07:32:16.821 [FXGL Background Thread 3 ] DEBUG Engine               - profileDir: profiles/
07:32:16.821 [FXGL Background Thread 3 ] DEBUG Engine               - profileName: StringProperty [value: DEFAULT]
07:32:16.821 [FXGL Background Thread 3 ] DEBUG Engine               - randomSeed: -1
07:32:16.822 [FXGL Background Thread 3 ] DEBUG Engine               - runtimeInfo: RuntimeInfo(platform=WINDOWS, version=21.1, build=27.03.2024 07.52)
07:32:16.822 [FXGL Background Thread 3 ] DEBUG Engine               - saveFileExt: sav
07:32:16.822 [FXGL Background Thread 3 ] DEBUG Engine               - scaledHeightProp$fxgl: DoubleProperty [bound, value: 768.0]
07:32:16.822 [FXGL Background Thread 3 ] DEBUG Engine               - scaledWidthProp$fxgl: DoubleProperty [bound, value: 743.0]
07:32:16.822 [FXGL Background Thread 3 ] DEBUG Engine               - sceneFactory: com.lab.App$1@1f432c4f
07:32:16.822 [FXGL Background Thread 3 ] DEBUG Engine               - secondsIn24h: 60
07:32:16.822 [FXGL Background Thread 3 ] DEBUG Engine               - soundMenuBack: menu/back.wav
07:32:16.822 [FXGL Background Thread 3 ] DEBUG Engine               - soundMenuPress: menu/press.wav
07:32:16.822 [FXGL Background Thread 3 ] DEBUG Engine               - soundMenuSelect: menu/select.wav
07:32:16.823 [FXGL Background Thread 3 ] DEBUG Engine               - soundNotification: core/notification.wav
07:32:16.823 [FXGL Background Thread 3 ] DEBUG Engine               - stageStyle: DECORATED
07:32:16.823 [FXGL Background Thread 3 ] DEBUG Engine               - supportedLanguages: [ENGLISH, FRENCH, GERMAN, HUNGARIAN, RUSSIAN]
07:32:16.823 [FXGL Background Thread 3 ] DEBUG Engine               - ticksPerSecond: -1
07:32:16.823 [FXGL Background Thread 3 ] DEBUG Engine               - title: Gonvival
07:32:16.823 [FXGL Background Thread 3 ] DEBUG Engine               - urlGithub: https://github.com/AlmasB/FXGL
07:32:16.823 [FXGL Background Thread 3 ] DEBUG Engine               - urlLeaderboard: http://fxgl-top.herokuapp.com/
07:32:16.823 [FXGL Background Thread 3 ] DEBUG Engine               - urlPOM: https://raw.githubusercontent.com/AlmasB/FXGL/release/README.md
07:32:16.823 [FXGL Background Thread 3 ] DEBUG Engine               - userAppClass: class com.lab.App
07:32:16.823 [FXGL Background Thread 3 ] DEBUG Engine               - version: beta
07:32:16.823 [FXGL Background Thread 3 ] DEBUG Engine               - versionCheckDays: 7
07:32:16.823 [FXGL Background Thread 3 ] DEBUG Engine               - width: 800
07:32:16.823 [FXGL Background Thread 3 ] DEBUG Engine               - Logging services
07:32:16.823 [FXGL Background Thread 3 ] DEBUG Engine               - class com.almasb.fxgl.app.services.FXGLAssetLoaderService
07:32:16.823 [FXGL Background Thread 3 ] DEBUG Engine               - class com.almasb.fxgl.app.FXGLApplication$GameApplicationService
07:32:16.824 [FXGL Background Thread 3 ] DEBUG Engine               - class com.almasb.fxgl.app.services.FXGLDialogService
07:32:16.824 [FXGL Background Thread 3 ] DEBUG Engine               - class com.almasb.fxgl.app.services.IOTaskExecutorService
07:32:16.824 [FXGL Background Thread 3 ] DEBUG Engine               - class com.almasb.fxgl.io.FileSystemService
07:32:16.824 [FXGL Background Thread 3 ] DEBUG Engine               - class com.almasb.fxgl.localization.LocalizationService
07:32:16.824 [FXGL Background Thread 3 ] DEBUG Engine               - class com.almasb.fxgl.app.services.SystemBundleService
07:32:16.824 [FXGL Background Thread 3 ] DEBUG Engine               - class com.almasb.fxgl.profile.SaveLoadService
07:32:16.824 [FXGL Background Thread 3 ] DEBUG Engine               - class com.almasb.fxgl.ui.FXGLUIFactoryServiceProvider
07:32:16.824 [FXGL Background Thread 3 ] DEBUG Engine               - class com.almasb.fxgl.ui.FXGLDialogFactoryServiceProvider
07:32:16.824 [FXGL Background Thread 3 ] DEBUG Engine               - class com.almasb.fxgl.audio.AudioPlayer
07:32:16.824 [FXGL Background Thread 3 ] DEBUG Engine               - class com.almasb.fxgl.notification.impl.NotificationServiceProvider
07:32:16.824 [FXGL Background Thread 3 ] DEBUG Engine               - class com.almasb.fxgl.achievement.AchievementService
07:32:16.824 [FXGL Background Thread 3 ] DEBUG Engine               - class com.almasb.fxgl.cutscene.CutsceneService
07:32:16.824 [FXGL Background Thread 3 ] DEBUG Engine               - class com.almasb.fxgl.minigames.MiniGameService
07:32:16.824 [FXGL Background Thread 3 ] DEBUG Engine               - class com.almasb.fxgl.net.NetService
07:32:16.824 [FXGL Background Thread 3 ] DEBUG Engine               - class com.almasb.fxgl.app.services.UpdaterService
07:32:16.824 [FXGL Background Thread 3 ] DEBUG Engine               - class com.almasb.fxgl.dev.DevService
07:32:17.319 [JavaFX Application Thread] DEBUG PrimaryStageWindow   - Push state: DialogSubScene
07:32:17.319 [JavaFX Application Thread] DEBUG Input                - Clearing active input actions
07:32:17.320 [JavaFX Application Thread] DEBUG GameApplicationServi - Removing overlay from GameScene and adding to DialogSubScene
07:32:17.321 [JavaFX Application Thread] DEBUG PrimaryStageWindow   - GameScene -> DialogSubScene
07:32:18.131 [JavaFX Application Thread] DEBUG PrimaryStageWindow   - Pop state: DialogSubScene
07:32:18.131 [JavaFX Application Thread] DEBUG Input                - Clearing active input actions
07:32:18.131 [JavaFX Application Thread] DEBUG GameApplicationServi - Removing overlay from DialogSubScene and adding to GameScene
07:32:18.132 [JavaFX Application Thread] DEBUG PrimaryStageWindow   - GameScene <- DialogSubScene
07:32:18.794 [JavaFX Application Thread] DEBUG FXGLApplication      - Exiting FXGL
07:32:18.794 [JavaFX Application Thread] DEBUG LoopRunner           - Stopping loop
07:32:18.794 [JavaFX Application Thread] DEBUG SystemBundleService  - Saving FXGL system data
07:32:18.797 [JavaFX Application Thread] DEBUG FileSystemAccess     - Writing to: E:\Labs\Gonvival\system\fxgl.bundle
07:32:18.800 [JavaFX Application Thread] DEBUG Async                - Shutting down background threads
07:32:18.800 [JavaFX Application Thread] DEBUG PrimaryStageWindow   - Closing main window
07:32:18.819 [JavaFX Application Thread] DEBUG Logger               - Closing Logger
