20:56:43.261 [main                     ] DEBUG Logger               - Configured Logger
20:56:43.287 [main                     ] DEBUG GameApplication      - Logging settings
Title: Gonvival
Version: beta
Width: 800
Height: 600
Fullscreen: false
Intro: false
Profiling: false
Single step:false
App Mode: DEVELOPER
Menu Key: ESCAPE
Stage Style: DECORATED
Scene Factory: class com.almasb.fxgl.app.scene.SceneFactory

20:56:44.725 [JavaFX Application Thread] DEBUG FXGLApplication      - Initializing FXGL
20:56:44.729 [JavaFX Application Thread] INFO  Engine               - FXGL-21.1 (27.03.2024 07.52) on WINDOWS (J:21.0.5 FX:21.0.1)
20:56:44.729 [JavaFX Application Thread] DEBUG Engine               - JRE Vendor Name: Eclipse Adoptium
20:56:44.731 [JavaFX Application Thread] DEBUG Engine               - Running on OS: Windows 11 version 10.0
20:56:44.731 [JavaFX Application Thread] DEBUG Engine               - Architecture: amd64
20:56:44.731 [JavaFX Application Thread] INFO  Engine               - Source code and latest versions at: https://github.com/AlmasB/FXGL
20:56:44.731 [JavaFX Application Thread] INFO  Engine               -       Ask questions and discuss at: https://github.com/AlmasB/FXGL/discussions
20:56:44.731 [JavaFX Application Thread] INFO  Engine               -              Join the FXGL chat at: https://gitter.im/AlmasB/FXGL
20:56:45.005 [JavaFX Application Thread] DEBUG PrimaryStageWindow   - Creating a JavaFX scene
20:56:45.088 [JavaFX Application Thread] DEBUG PrimaryStageWindow   - Target settings size: 800.0 x 600.0
20:56:45.088 [JavaFX Application Thread] DEBUG PrimaryStageWindow   - Scaled scene size:    800.0 x 600.0
20:56:45.089 [JavaFX Application Thread] DEBUG PrimaryStageWindow   - Scaled ratio: (1.0, 1.0)
20:56:45.090 [JavaFX Application Thread] DEBUG PrimaryStageWindow   - Set initial scene to FXGLStartupScene
20:56:45.094 [JavaFX Application Thread] DEBUG PrimaryStageWindow   - Opening main window
20:56:45.261 [JavaFX Application Thread] DEBUG PrimaryStageWindow   - Window border size: (14.4000244140625, 37.5999755859375)
20:56:45.261 [JavaFX Application Thread] DEBUG PrimaryStageWindow   - Scaled size: 800.0 x 600.0
20:56:45.263 [JavaFX Application Thread] DEBUG PrimaryStageWindow   - Scaled ratio: (1.0, 1.0)
20:56:45.264 [JavaFX Application Thread] DEBUG PrimaryStageWindow   - Scene size: 800.0 x 600.0
20:56:45.265 [JavaFX Application Thread] DEBUG PrimaryStageWindow   - Stage size: 814.4000244140625 x 637.5999755859375
20:56:45.308 [FXGL Background Thread 1 ] DEBUG Engine               - Initializing environment variables
20:56:45.479 [FXGL Background Thread 1 ] DEBUG FXGLAssetLoaderServi - User app class for loading assets: class com.lab.App
20:56:45.479 [FXGL Background Thread 1 ] DEBUG GameApplicationServi - Applying CSS: fxgl_dark.css
20:56:45.481 [FXGL Background Thread 1 ] DEBUG FXGLAssetLoaderServi - Loading from file system: jar:file:/C:/Users/HP/.m2/repository/com/github/almasb/fxgl/21.1/fxgl-21.1.jar!/fxglassets/ui/css/fxgl_dark.css
20:56:45.550 [FXGL Background Thread 1 ] DEBUG GameApplicationServi - Initializing application scenes
20:56:45.738 [FXGL Background Thread 1 ] DEBUG GameWorld            - Game world initialized
20:56:45.900 [FXGL Background Thread 1 ] DEBUG PhysicsWorld         - Physics world initialized: appHeight=600, physics.ppm=50.0
20:56:45.900 [FXGL Background Thread 1 ] DEBUG PhysicsWorld         - Using strategy: BRUTE_FORCE
20:56:45.913 [FXGL Background Thread 1 ] DEBUG GameScene            - Game scene initialized: 800x600
20:56:45.948 [FXGL Background Thread 1 ] DEBUG FXGL.DefaultMenu     - createMenuBodyMainMenu()
20:56:46.004 [FXGL Background Thread 1 ] DEBUG FXGL.DefaultMenu     - createOptionsMenu()
20:56:46.039 [FXGL Background Thread 1 ] DEBUG FXGLAssetLoaderServi - Loading from file system: jar:file:/C:/Users/HP/.m2/repository/com/github/almasb/fxgl/21.1/fxgl-21.1.jar!/fxglassets/textures/particles/smoke.png
20:56:46.208 [FXGL Background Thread 1 ] DEBUG FXGLAssetLoaderServi - Loading from file system: jar:file:/C:/Users/HP/.m2/repository/com/github/almasb/fxgl/21.1/fxgl-21.1.jar!/fxglassets/textures/particles/trace_horizontal.png
20:56:46.252 [FXGL Background Thread 1 ] DEBUG FXGL.DefaultMenu     - createMenuBodyGameMenu()
20:56:46.255 [FXGL Background Thread 1 ] DEBUG FXGL.DefaultMenu     - createOptionsMenu()
20:56:46.274 [FXGL Background Thread 1 ] DEBUG GameApplicationServi - Application scenes initialized
20:56:46.293 [FXGL Background Thread 1 ] DEBUG SystemBundleService  - Loading FXGL system data
20:56:46.316 [FXGL Background Thread 1 ] DEBUG FileSystemAccess     - Reading from: D:\Gonvival\system\fxgl.bundle
20:56:46.329 [FXGL Background Thread 1 ] DEBUG SystemBundleService  - Bundle FXGL: {}
20:56:46.330 [FXGL Background Thread 1 ] DEBUG UpdaterService       - Checking for updates
20:56:46.335 [FXGL Background Thread 4 ] DEBUG FXGLApplication      - Loading fonts
20:56:46.336 [FXGL Background Thread 4 ] DEBUG FXGLAssetLoaderServi - Loading from file system: jar:file:/C:/Users/HP/.m2/repository/com/github/almasb/fxgl/21.1/fxgl-21.1.jar!/fxglassets/ui/fonts/VarelaRound-Regular.ttf
20:56:46.338 [FXGL Background Thread 1 ] DEBUG FXGLApplication      - Loading default localization
20:56:46.341 [FXGL Background Thread 1 ] DEBUG FXGLAssetLoaderServi - Loading from file system: jar:file:/C:/Users/HP/.m2/repository/com/github/almasb/fxgl/21.1/fxgl-21.1.jar!/fxglassets/languages/english.lang
20:56:46.492 [FXGL Background Thread 1 ] INFO  FXGLApplication      - FXGL initialization took: 1.183 sec
20:56:46.514 [JavaFX Application Thread] DEBUG Input                - Registered new binding: SHOOT - LMB
20:56:46.525 [JavaFX Application Thread] DEBUG Input                - Registered new binding: MOVE LEFT - A
20:56:46.526 [JavaFX Application Thread] DEBUG Input                - Registered new binding: MOVE RIGHT - D
20:56:46.527 [JavaFX Application Thread] DEBUG Input                - Registered new binding: MOVE UP - W
20:56:46.528 [JavaFX Application Thread] DEBUG Input                - Registered new binding: MOVE DOWN - S
20:56:46.529 [JavaFX Application Thread] DEBUG FXGLAssetLoaderServi - Loading from file system: jar:file:/C:/Users/HP/.m2/repository/com/github/almasb/fxgl/21.1/fxgl-21.1.jar!/fxglassets/textures/fxgl_icon.png
20:56:46.543 [FXGL Background Thread 4 ] DEBUG FXGLAssetLoaderServi - Loading from file system: jar:file:/C:/Users/HP/.m2/repository/com/github/almasb/fxgl/21.1/fxgl-21.1.jar!/fxglassets/ui/fonts/Abel-Regular.ttf
20:56:46.551 [FXGL Background Thread 4 ] DEBUG FXGLAssetLoaderServi - Loading from file system: jar:file:/C:/Users/HP/.m2/repository/com/github/almasb/fxgl/21.1/fxgl-21.1.jar!/fxglassets/ui/fonts/TerminalLandMono-Regular.otf
20:56:46.555 [JavaFX Application Thread] DEBUG FXGLAssetLoaderServi - Loading from file system: jar:file:/C:/Users/HP/.m2/repository/com/github/almasb/fxgl/21.1/fxgl-21.1.jar!/fxglassets/textures/fxgl_default_cursor.png
20:56:46.560 [FXGL Background Thread 4 ] DEBUG FXGLAssetLoaderServi - Loading from file system: jar:file:/C:/Users/HP/.m2/repository/com/github/almasb/fxgl/21.1/fxgl-21.1.jar!/fxglassets/ui/fonts/Courier-Prime.ttf
20:56:46.561 [JavaFX Application Thread] DEBUG Input                - Registered new binding: Screenshot - CTRL+8
20:56:46.563 [JavaFX Application Thread] DEBUG Input                - Registered new binding: System info dump - CTRL+9
20:56:46.563 [JavaFX Application Thread] DEBUG Input                - Registered new binding: Restart - CTRL+R
20:56:46.565 [JavaFX Application Thread] DEBUG Input                - Registered new binding: Toggle Debug Camera - CTRL+7
20:56:46.570 [JavaFX Application Thread] DEBUG LoopRunner           - Starting loop
20:56:46.570 [JavaFX Application Thread] DEBUG LoopRunner           - Initializing JavaFX AnimationTimerLoop
20:56:46.574 [JavaFX Application Thread] DEBUG Input                - Clearing active input actions
20:56:46.582 [JavaFX Application Thread] DEBUG GameApplicationServi - Removing overlay from FXGLStartupScene and adding to FXGLMainMenuDummyScene
20:56:46.583 [JavaFX Application Thread] DEBUG PrimaryStageWindow   - FXGLStartupScene -> FXGLMainMenuDummyScene
20:56:46.583 [JavaFX Application Thread] DEBUG PrimaryStageWindow   - Push state: FXGLDefaultMenu
20:56:46.602 [JavaFX Application Thread] DEBUG Input                - Clearing active input actions
20:56:46.624 [JavaFX Application Thread] DEBUG GameApplicationServi - Removing overlay from FXGLMainMenuDummyScene and adding to FXGLDefaultMenu
20:56:46.625 [JavaFX Application Thread] DEBUG PrimaryStageWindow   - FXGLMainMenuDummyScene -> FXGLDefaultMenu
20:56:46.635 [JavaFX Application Thread] DEBUG FXGLApplication      - Registering font factories with UI factory
20:56:49.130 [JavaFX Application Thread] DEBUG FXGL.DefaultMenu     - createContentControls()
20:56:49.340 [FXGL Background Thread 3 ] DEBUG Engine               - Logging environment variables
20:56:49.341 [FXGL Background Thread 3 ] DEBUG Engine               - achievements: []
20:56:49.341 [FXGL Background Thread 3 ] DEBUG Engine               - actualHeight: 600.0
20:56:49.341 [FXGL Background Thread 3 ] DEBUG Engine               - actualHeightProperty: ReadOnlyDoubleProperty [value: 600.0]
20:56:49.342 [FXGL Background Thread 3 ] DEBUG Engine               - actualWidth: 800.0
20:56:49.342 [FXGL Background Thread 3 ] DEBUG Engine               - actualWidthProperty: ReadOnlyDoubleProperty [value: 800.0]
20:56:49.342 [FXGL Background Thread 3 ] DEBUG Engine               - appIcon: fxgl_icon.png
20:56:49.342 [FXGL Background Thread 3 ] DEBUG Engine               - applicationMode: DEVELOPER
20:56:49.342 [FXGL Background Thread 3 ] DEBUG Engine               - cSSList: [fxgl_dark.css]
20:56:49.342 [FXGL Background Thread 3 ] DEBUG Engine               - collisionDetectionStrategy: BRUTE_FORCE
20:56:49.342 [FXGL Background Thread 3 ] DEBUG Engine               - configClass: Optional.empty
20:56:49.342 [FXGL Background Thread 3 ] DEBUG Engine               - credits: []
20:56:49.342 [FXGL Background Thread 3 ] DEBUG Engine               - defaultCursor: CursorInfo(imageName=fxgl_default_cursor.png, hotspotX=7.0, hotspotY=6.0)
20:56:49.343 [FXGL Background Thread 3 ] DEBUG Engine               - devBBoxColorProperty: ObjectProperty [value: 0xff0000ff]
20:56:49.343 [FXGL Background Thread 3 ] DEBUG Engine               - devEnableDebugCameraProperty: BooleanProperty [value: false]
20:56:49.343 [FXGL Background Thread 3 ] DEBUG Engine               - devSensorColorProperty: ObjectProperty [value: 0xffff00ff]
20:56:49.343 [FXGL Background Thread 3 ] DEBUG Engine               - devShowBBoxProperty: BooleanProperty [value: false]
20:56:49.343 [FXGL Background Thread 3 ] DEBUG Engine               - devShowPositionProperty: BooleanProperty [value: false]
20:56:49.343 [FXGL Background Thread 3 ] DEBUG Engine               - enabledMenuItems: []
20:56:49.343 [FXGL Background Thread 3 ] DEBUG Engine               - engineServices: [class com.almasb.fxgl.app.services.FXGLAssetLoaderService, class com.almasb.fxgl.app.FXGLApplication$GameApplicationService, class com.almasb.fxgl.app.services.FXGLDialogService, class com.almasb.fxgl.app.services.IOTaskExecutorService, class com.almasb.fxgl.io.FileSystemService, class com.almasb.fxgl.localization.LocalizationService, class com.almasb.fxgl.app.services.SystemBundleService, class com.almasb.fxgl.profile.SaveLoadService, class com.almasb.fxgl.ui.FXGLUIFactoryServiceProvider, class com.almasb.fxgl.ui.FXGLDialogFactoryServiceProvider, class com.almasb.fxgl.audio.AudioPlayer, class com.almasb.fxgl.notification.impl.NotificationServiceProvider, class com.almasb.fxgl.achievement.AchievementService, class com.almasb.fxgl.cutscene.CutsceneService, class com.almasb.fxgl.minigames.MiniGameService, class com.almasb.fxgl.net.NetService, class com.almasb.fxgl.app.services.UpdaterService, class com.almasb.fxgl.dev.DevService]
20:56:49.343 [FXGL Background Thread 3 ] DEBUG Engine               - fontGame: Abel-Regular.ttf
20:56:49.343 [FXGL Background Thread 3 ] DEBUG Engine               - fontMono: TerminalLandMono-Regular.otf
20:56:49.343 [FXGL Background Thread 3 ] DEBUG Engine               - fontSizeScaleUI: 1.0
20:56:49.343 [FXGL Background Thread 3 ] DEBUG Engine               - fontText: Courier-Prime.ttf
20:56:49.343 [FXGL Background Thread 3 ] DEBUG Engine               - fontUI: VarelaRound-Regular.ttf
20:56:49.343 [FXGL Background Thread 3 ] DEBUG Engine               - fullScreen: BooleanProperty [value: false]
20:56:49.343 [FXGL Background Thread 3 ] DEBUG Engine               - gameDifficulty: MEDIUM
20:56:49.343 [FXGL Background Thread 3 ] DEBUG Engine               - gameDifficultyProperty: ObjectProperty [value: MEDIUM]
20:56:49.344 [FXGL Background Thread 3 ] DEBUG Engine               - globalMusicVolume: 0.5
20:56:49.344 [FXGL Background Thread 3 ] DEBUG Engine               - globalMusicVolumeProperty: DoubleProperty [value: 0.5]
20:56:49.344 [FXGL Background Thread 3 ] DEBUG Engine               - globalSoundVolume: 0.5
20:56:49.344 [FXGL Background Thread 3 ] DEBUG Engine               - globalSoundVolumeProperty: DoubleProperty [value: 0.5]
20:56:49.344 [FXGL Background Thread 3 ] DEBUG Engine               - height: 600
20:56:49.344 [FXGL Background Thread 3 ] DEBUG Engine               - is3D: false
20:56:49.344 [FXGL Background Thread 3 ] DEBUG Engine               - isAndroid: false
20:56:49.344 [FXGL Background Thread 3 ] DEBUG Engine               - isBrowser: false
20:56:49.344 [FXGL Background Thread 3 ] DEBUG Engine               - isClickFeedbackEnabled: false
20:56:49.344 [FXGL Background Thread 3 ] DEBUG Engine               - isCloseConfirmation: false
20:56:49.344 [FXGL Background Thread 3 ] DEBUG Engine               - isDesktop: true
20:56:49.344 [FXGL Background Thread 3 ] DEBUG Engine               - isDeveloperMenuEnabled: false
20:56:49.344 [FXGL Background Thread 3 ] DEBUG Engine               - isEmbedded: false
20:56:49.344 [FXGL Background Thread 3 ] DEBUG Engine               - isEntityPreloadEnabled: true
20:56:49.344 [FXGL Background Thread 3 ] DEBUG Engine               - isExperimentalTiledLargeMap: false
20:56:49.344 [FXGL Background Thread 3 ] DEBUG Engine               - isFileSystemWriteAllowed: true
20:56:49.344 [FXGL Background Thread 3 ] DEBUG Engine               - isFullScreenAllowed: false
20:56:49.345 [FXGL Background Thread 3 ] DEBUG Engine               - isFullScreenFromStart: false
20:56:49.345 [FXGL Background Thread 3 ] DEBUG Engine               - isGameMenuEnabled: true
20:56:49.345 [FXGL Background Thread 3 ] DEBUG Engine               - isIOS: false
20:56:49.345 [FXGL Background Thread 3 ] DEBUG Engine               - isIntroEnabled: false
20:56:49.345 [FXGL Background Thread 3 ] DEBUG Engine               - isLinux: false
20:56:49.345 [FXGL Background Thread 3 ] DEBUG Engine               - isMac: false
20:56:49.345 [FXGL Background Thread 3 ] DEBUG Engine               - isMainMenuEnabled: true
20:56:49.345 [FXGL Background Thread 3 ] DEBUG Engine               - isManualResizeEnabled: false
20:56:49.345 [FXGL Background Thread 3 ] DEBUG Engine               - isMobile: false
20:56:49.345 [FXGL Background Thread 3 ] DEBUG Engine               - isNative: false
20:56:49.345 [FXGL Background Thread 3 ] DEBUG Engine               - isPauseMusicWhenMinimized: true
20:56:49.345 [FXGL Background Thread 3 ] DEBUG Engine               - isPreserveResizeRatio: false
20:56:49.345 [FXGL Background Thread 3 ] DEBUG Engine               - isProfilingEnabled: false
20:56:49.345 [FXGL Background Thread 3 ] DEBUG Engine               - isScaleAffectedOnResize: true
20:56:49.345 [FXGL Background Thread 3 ] DEBUG Engine               - isSingleStep: false
20:56:49.345 [FXGL Background Thread 3 ] DEBUG Engine               - isUserProfileEnabled: false
20:56:49.346 [FXGL Background Thread 3 ] DEBUG Engine               - isWindows: true
20:56:49.346 [FXGL Background Thread 3 ] DEBUG Engine               - language: ObjectProperty [value: ENGLISH]
20:56:49.346 [FXGL Background Thread 3 ] DEBUG Engine               - menuKey: ESCAPE
20:56:49.346 [FXGL Background Thread 3 ] DEBUG Engine               - mouseSensitivity: 0.2
20:56:49.346 [FXGL Background Thread 3 ] DEBUG Engine               - notificationViewClass: class com.almasb.fxgl.notification.view.XboxNotificationView
20:56:49.346 [FXGL Background Thread 3 ] DEBUG Engine               - pixelsPerMeter: 50.0
20:56:49.346 [FXGL Background Thread 3 ] DEBUG Engine               - platform: WINDOWS
20:56:49.346 [FXGL Background Thread 3 ] DEBUG Engine               - prefHeightProperty: ReadOnlyDoubleProperty [value: 600.0]
20:56:49.346 [FXGL Background Thread 3 ] DEBUG Engine               - prefWidthProperty: ReadOnlyDoubleProperty [value: 800.0]
20:56:49.346 [FXGL Background Thread 3 ] DEBUG Engine               - profileDir: profiles/
20:56:49.346 [FXGL Background Thread 3 ] DEBUG Engine               - profileName: StringProperty [value: DEFAULT]
20:56:49.346 [FXGL Background Thread 3 ] DEBUG Engine               - randomSeed: -1
20:56:49.347 [FXGL Background Thread 3 ] DEBUG Engine               - runtimeInfo: RuntimeInfo(platform=WINDOWS, version=21.1, build=27.03.2024 07.52)
20:56:49.347 [FXGL Background Thread 3 ] DEBUG Engine               - saveFileExt: sav
20:56:49.347 [FXGL Background Thread 3 ] DEBUG Engine               - scaledHeightProp$fxgl: DoubleProperty [bound, value: 600.0]
20:56:49.347 [FXGL Background Thread 3 ] DEBUG Engine               - scaledWidthProp$fxgl: DoubleProperty [bound, value: 800.0]
20:56:49.347 [FXGL Background Thread 3 ] DEBUG Engine               - sceneFactory: com.almasb.fxgl.app.scene.SceneFactory@6474f586
20:56:49.347 [FXGL Background Thread 3 ] DEBUG Engine               - secondsIn24h: 60
20:56:49.347 [FXGL Background Thread 3 ] DEBUG Engine               - soundMenuBack: menu/back.wav
20:56:49.347 [FXGL Background Thread 3 ] DEBUG Engine               - soundMenuPress: menu/press.wav
20:56:49.347 [FXGL Background Thread 3 ] DEBUG Engine               - soundMenuSelect: menu/select.wav
20:56:49.347 [FXGL Background Thread 3 ] DEBUG Engine               - soundNotification: core/notification.wav
20:56:49.347 [FXGL Background Thread 3 ] DEBUG Engine               - stageStyle: DECORATED
20:56:49.347 [FXGL Background Thread 3 ] DEBUG Engine               - supportedLanguages: [ENGLISH, FRENCH, GERMAN, HUNGARIAN, RUSSIAN]
20:56:49.348 [FXGL Background Thread 3 ] DEBUG Engine               - ticksPerSecond: -1
20:56:49.348 [FXGL Background Thread 3 ] DEBUG Engine               - title: Gonvival
20:56:49.348 [FXGL Background Thread 3 ] DEBUG Engine               - urlGithub: https://github.com/AlmasB/FXGL
20:56:49.348 [FXGL Background Thread 3 ] DEBUG Engine               - urlLeaderboard: http://fxgl-top.herokuapp.com/
20:56:49.348 [FXGL Background Thread 3 ] DEBUG Engine               - urlPOM: https://raw.githubusercontent.com/AlmasB/FXGL/release/README.md
20:56:49.348 [FXGL Background Thread 3 ] DEBUG Engine               - userAppClass: class com.lab.App
20:56:49.348 [FXGL Background Thread 3 ] DEBUG Engine               - version: beta
20:56:49.348 [FXGL Background Thread 3 ] DEBUG Engine               - versionCheckDays: 7
20:56:49.349 [FXGL Background Thread 3 ] DEBUG Engine               - width: 800
20:56:49.349 [FXGL Background Thread 3 ] DEBUG Engine               - Logging services
20:56:49.349 [FXGL Background Thread 3 ] DEBUG Engine               - class com.almasb.fxgl.app.services.FXGLAssetLoaderService
20:56:49.349 [FXGL Background Thread 3 ] DEBUG Engine               - class com.almasb.fxgl.app.FXGLApplication$GameApplicationService
20:56:49.349 [FXGL Background Thread 3 ] DEBUG Engine               - class com.almasb.fxgl.app.services.FXGLDialogService
20:56:49.349 [FXGL Background Thread 3 ] DEBUG Engine               - class com.almasb.fxgl.app.services.IOTaskExecutorService
20:56:49.349 [FXGL Background Thread 3 ] DEBUG Engine               - class com.almasb.fxgl.io.FileSystemService
20:56:49.349 [FXGL Background Thread 3 ] DEBUG Engine               - class com.almasb.fxgl.localization.LocalizationService
20:56:49.349 [FXGL Background Thread 3 ] DEBUG Engine               - class com.almasb.fxgl.app.services.SystemBundleService
20:56:49.349 [FXGL Background Thread 3 ] DEBUG Engine               - class com.almasb.fxgl.profile.SaveLoadService
20:56:49.349 [FXGL Background Thread 3 ] DEBUG Engine               - class com.almasb.fxgl.ui.FXGLUIFactoryServiceProvider
20:56:49.349 [FXGL Background Thread 3 ] DEBUG Engine               - class com.almasb.fxgl.ui.FXGLDialogFactoryServiceProvider
20:56:49.349 [FXGL Background Thread 3 ] DEBUG Engine               - class com.almasb.fxgl.audio.AudioPlayer
20:56:49.349 [FXGL Background Thread 3 ] DEBUG Engine               - class com.almasb.fxgl.notification.impl.NotificationServiceProvider
20:56:49.350 [FXGL Background Thread 3 ] DEBUG Engine               - class com.almasb.fxgl.achievement.AchievementService
20:56:49.350 [FXGL Background Thread 3 ] DEBUG Engine               - class com.almasb.fxgl.cutscene.CutsceneService
20:56:49.350 [FXGL Background Thread 3 ] DEBUG Engine               - class com.almasb.fxgl.minigames.MiniGameService
20:56:49.350 [FXGL Background Thread 3 ] DEBUG Engine               - class com.almasb.fxgl.net.NetService
20:56:49.350 [FXGL Background Thread 3 ] DEBUG Engine               - class com.almasb.fxgl.app.services.UpdaterService
20:56:49.350 [FXGL Background Thread 3 ] DEBUG Engine               - class com.almasb.fxgl.dev.DevService
20:56:50.507 [JavaFX Application Thread] DEBUG FXGL.DefaultMenu     - createContentVideo()
20:56:52.462 [JavaFX Application Thread] DEBUG FXGLAssetLoaderServi - Loading from file system: jar:file:/C:/Users/HP/.m2/repository/com/github/almasb/fxgl/21.1/fxgl-21.1.jar!/fxglassets/languages/french.lang
20:56:55.654 [JavaFX Application Thread] DEBUG PrimaryStageWindow   - Push state: DialogSubScene
20:56:55.655 [JavaFX Application Thread] DEBUG Input                - Clearing active input actions
20:56:55.655 [JavaFX Application Thread] DEBUG GameApplicationServi - Removing overlay from FXGLDefaultMenu and adding to DialogSubScene
20:56:55.655 [JavaFX Application Thread] DEBUG PrimaryStageWindow   - FXGLDefaultMenu -> DialogSubScene
20:56:56.466 [JavaFX Application Thread] DEBUG PrimaryStageWindow   - Pop state: DialogSubScene
20:56:56.466 [JavaFX Application Thread] DEBUG Input                - Clearing active input actions
20:56:56.468 [JavaFX Application Thread] DEBUG GameApplicationServi - Removing overlay from DialogSubScene and adding to FXGLDefaultMenu
20:56:56.468 [JavaFX Application Thread] DEBUG PrimaryStageWindow   - FXGLDefaultMenu <- DialogSubScene
20:56:57.361 [JavaFX Application Thread] DEBUG FXGL.DefaultMenu     - createContentAudio()
20:56:59.330 [JavaFX Application Thread] DEBUG Menu                 - fireNewGame()
20:56:59.330 [JavaFX Application Thread] DEBUG GameApplicationServi - Starting new game
20:56:59.330 [JavaFX Application Thread] DEBUG PrimaryStageWindow   - Pop state: FXGLDefaultMenu
20:56:59.330 [JavaFX Application Thread] DEBUG Input                - Clearing active input actions
20:56:59.330 [JavaFX Application Thread] DEBUG GameApplicationServi - Removing overlay from FXGLDefaultMenu and adding to FXGLMainMenuDummyScene
20:56:59.330 [JavaFX Application Thread] DEBUG PrimaryStageWindow   - FXGLMainMenuDummyScene <- FXGLDefaultMenu
20:56:59.330 [JavaFX Application Thread] DEBUG Input                - Clearing active input actions
20:56:59.338 [JavaFX Application Thread] DEBUG GameApplicationServi - Removing overlay from FXGLMainMenuDummyScene and adding to FXGLLoadingScene
20:56:59.338 [JavaFX Application Thread] DEBUG PrimaryStageWindow   - FXGLMainMenuDummyScene -> FXGLLoadingScene
20:56:59.338 [JavaFX Application Thread] DEBUG GameApplicationServi - Clearing previous game
20:56:59.339 [JavaFX Application Thread] DEBUG GameScene            - Clearing game scene
20:56:59.339 [JavaFX Application Thread] DEBUG GameWorld            - Clearing game world
20:56:59.339 [JavaFX Application Thread] DEBUG PhysicsWorld         - Clearing physics world
20:56:59.343 [FXGL Background Thread 2 ] DEBUG FXGLApplication      - Initializing game
20:56:59.365 [FXGL Background Thread 2 ] DEBUG FXGLAssetLoaderServi - Loading from file system: file:/D:/Gonvival/game/target/classes/assets/textures/g.png
20:56:59.393 [FXGL Background Thread 2 ] INFO  FXGLApplication      - Game initialization took: 0.049 sec
20:56:59.394 [JavaFX Application Thread] DEBUG Input                - Clearing active input actions
20:56:59.400 [JavaFX Application Thread] DEBUG GameApplicationServi - Removing overlay from FXGLLoadingScene and adding to GameScene
20:56:59.400 [JavaFX Application Thread] DEBUG PrimaryStageWindow   - FXGLLoadingScene -> GameScene
20:57:00.872 [JavaFX Application Thread] DEBUG FXGLAssetLoaderServi - Loading from file system: file:/D:/Gonvival/game/target/classes/assets/textures/evil.png
20:57:01.294 [JavaFX Application Thread] DEBUG FXGLAssetLoaderServi - Loading from file system: file:/D:/Gonvival/game/target/classes/assets/textures/arrow.png
20:57:12.611 [JavaFX Application Thread] DEBUG FXGLApplication      - Exiting FXGL
20:57:12.612 [JavaFX Application Thread] DEBUG LoopRunner           - Stopping loop
20:57:12.612 [JavaFX Application Thread] DEBUG SystemBundleService  - Saving FXGL system data
20:57:12.614 [JavaFX Application Thread] DEBUG FileSystemAccess     - Writing to: D:\Gonvival\system\fxgl.bundle
20:57:12.618 [JavaFX Application Thread] DEBUG Async                - Shutting down background threads
20:57:12.618 [JavaFX Application Thread] DEBUG PrimaryStageWindow   - Closing main window
20:57:12.697 [JavaFX Application Thread] DEBUG Logger               - Closing Logger
