23:29:30.513 [main                     ] DEBUG Logger               - Configured Logger
23:29:30.609 [main                     ] DEBUG GameApplication      - Logging settings
Title: Gonvival
Version: beta
Width: 800
Height: 800
Fullscreen: false
Intro: false
Profiling: false
Single step:false
App Mode: DEVELOPER
Menu Key: ESCAPE
Stage Style: DECORATED
Scene Factory: class com.almasb.fxgl.app.scene.SceneFactory

23:29:32.817 [JavaFX Application Thread] DEBUG FXGLApplication      - Initializing FXGL
23:29:32.826 [JavaFX Application Thread] INFO  Engine               - FXGL-21.1 (27.03.2024 07.52) on WINDOWS (J:21.0.5 FX:21.0.1)
23:29:32.827 [JavaFX Application Thread] DEBUG Engine               - JRE Vendor Name: Eclipse Adoptium
23:29:32.827 [JavaFX Application Thread] DEBUG Engine               - Running on OS: Windows 10 version 10.0
23:29:32.828 [JavaFX Application Thread] DEBUG Engine               - Architecture: amd64
23:29:32.828 [JavaFX Application Thread] INFO  Engine               - Source code and latest versions at: https://github.com/AlmasB/FXGL
23:29:32.828 [JavaFX Application Thread] INFO  Engine               -       Ask questions and discuss at: https://github.com/AlmasB/FXGL/discussions
23:29:32.830 [JavaFX Application Thread] INFO  Engine               -              Join the FXGL chat at: https://gitter.im/AlmasB/FXGL
23:29:33.175 [JavaFX Application Thread] DEBUG PrimaryStageWindow   - Creating a JavaFX scene
23:29:33.175 [JavaFX Application Thread] DEBUG PrimaryStageWindow   - Target size > screen size
23:29:33.317 [JavaFX Application Thread] DEBUG PrimaryStageWindow   - Target settings size: 800.0 x 800.0
23:29:33.318 [JavaFX Application Thread] DEBUG PrimaryStageWindow   - Scaled scene size:    703.0 x 728.0
23:29:33.319 [JavaFX Application Thread] DEBUG PrimaryStageWindow   - Scaled ratio: (0.87875, 0.91)
23:29:33.322 [JavaFX Application Thread] DEBUG PrimaryStageWindow   - Set initial scene to FXGLStartupScene
23:29:33.330 [JavaFX Application Thread] DEBUG PrimaryStageWindow   - Opening main window
23:29:34.251 [JavaFX Application Thread] DEBUG PrimaryStageWindow   - Window border size: (16.0, 39.0)
23:29:34.252 [JavaFX Application Thread] DEBUG PrimaryStageWindow   - Scaled size: 703.0 x 728.0
23:29:34.252 [JavaFX Application Thread] DEBUG PrimaryStageWindow   - Scaled ratio: (0.87875, 0.91)
23:29:34.253 [JavaFX Application Thread] DEBUG PrimaryStageWindow   - Scene size: 703.0 x 728.0
23:29:34.253 [JavaFX Application Thread] DEBUG PrimaryStageWindow   - Stage size: 719.0 x 767.0
23:29:34.937 [FXGL Background Thread 1 ] DEBUG Engine               - Initializing environment variables
23:29:40.585 [FXGL Background Thread 1 ] DEBUG FXGLAssetLoaderServi - User app class for loading assets: class com.lab.App
23:29:40.586 [FXGL Background Thread 1 ] DEBUG GameApplicationServi - Applying CSS: fxgl_dark.css
23:29:40.588 [FXGL Background Thread 1 ] DEBUG FXGLAssetLoaderServi - Loading from file system: jar:file:/C:/Users/Khana/.m2/repository/com/github/almasb/fxgl/21.1/fxgl-21.1.jar!/fxglassets/ui/css/fxgl_dark.css
23:29:41.257 [FXGL Background Thread 1 ] DEBUG GameApplicationServi - Initializing application scenes
23:29:42.914 [FXGL Background Thread 1 ] DEBUG GameWorld            - Game world initialized
23:29:43.863 [FXGL Background Thread 1 ] DEBUG PhysicsWorld         - Physics world initialized: appHeight=800, physics.ppm=50.0
23:29:43.863 [FXGL Background Thread 1 ] DEBUG PhysicsWorld         - Using strategy: BRUTE_FORCE
23:29:43.871 [FXGL Background Thread 1 ] DEBUG GameScene            - Game scene initialized: 800x800
23:29:44.158 [FXGL Background Thread 1 ] DEBUG FXGL.DefaultMenu     - createMenuBodyMainMenu()
23:29:44.536 [FXGL Background Thread 1 ] DEBUG FXGL.DefaultMenu     - createOptionsMenu()
23:29:44.656 [FXGL Background Thread 1 ] DEBUG FXGLAssetLoaderServi - Loading from file system: jar:file:/C:/Users/Khana/.m2/repository/com/github/almasb/fxgl/21.1/fxgl-21.1.jar!/fxglassets/textures/particles/smoke.png
23:29:47.736 [FXGL Background Thread 1 ] DEBUG FXGLAssetLoaderServi - Loading from file system: jar:file:/C:/Users/Khana/.m2/repository/com/github/almasb/fxgl/21.1/fxgl-21.1.jar!/fxglassets/textures/particles/trace_horizontal.png
23:29:48.006 [FXGL Background Thread 1 ] DEBUG FXGL.DefaultMenu     - createMenuBodyGameMenu()
23:29:48.007 [FXGL Background Thread 1 ] DEBUG FXGL.DefaultMenu     - createOptionsMenu()
23:29:48.039 [FXGL Background Thread 1 ] DEBUG GameApplicationServi - Application scenes initialized
23:29:48.465 [FXGL Background Thread 1 ] DEBUG SystemBundleService  - Loading FXGL system data
23:29:48.567 [FXGL Background Thread 1 ] DEBUG FileSystemAccess     - Reading from: E:\Labs\Gonvival\system\fxgl.bundle
23:29:48.877 [FXGL Background Thread 1 ] DEBUG SystemBundleService  - Bundle FXGL: {}
23:29:48.877 [FXGL Background Thread 1 ] DEBUG UpdaterService       - Checking for updates
23:29:49.473 [FXGL Background Thread 4 ] DEBUG FXGLApplication      - Loading fonts
23:29:49.474 [FXGL Background Thread 4 ] DEBUG FXGLAssetLoaderServi - Loading from file system: jar:file:/C:/Users/Khana/.m2/repository/com/github/almasb/fxgl/21.1/fxgl-21.1.jar!/fxglassets/ui/fonts/VarelaRound-Regular.ttf
23:29:49.474 [FXGL Background Thread 1 ] DEBUG FXGLApplication      - Loading default localization
23:29:49.752 [FXGL Background Thread 1 ] DEBUG FXGLAssetLoaderServi - Loading from file system: jar:file:/C:/Users/Khana/.m2/repository/com/github/almasb/fxgl/21.1/fxgl-21.1.jar!/fxglassets/languages/english.lang
23:29:50.840 [FXGL Background Thread 1 ] INFO  FXGLApplication      - FXGL initialization took: 15.903 sec
23:29:50.869 [JavaFX Application Thread] DEBUG FXGLAssetLoaderServi - Loading from file system: jar:file:/C:/Users/Khana/.m2/repository/com/github/almasb/fxgl/21.1/fxgl-21.1.jar!/fxglassets/textures/fxgl_icon.png
23:29:51.093 [JavaFX Application Thread] DEBUG FXGLAssetLoaderServi - Loading from file system: jar:file:/C:/Users/Khana/.m2/repository/com/github/almasb/fxgl/21.1/fxgl-21.1.jar!/fxglassets/textures/fxgl_default_cursor.png
23:29:51.128 [JavaFX Application Thread] DEBUG Input                - Registered new binding: Screenshot - CTRL+8
23:29:51.129 [JavaFX Application Thread] DEBUG Input                - Registered new binding: Dev Options - 1
23:29:51.130 [JavaFX Application Thread] DEBUG Input                - Registered new binding: Dev Console - 2
23:29:51.131 [JavaFX Application Thread] DEBUG Input                - Registered new binding: System info dump - CTRL+9
23:29:51.132 [JavaFX Application Thread] DEBUG Input                - Registered new binding: Restart - CTRL+R
23:29:51.133 [JavaFX Application Thread] DEBUG Input                - Registered new binding: Toggle Debug Camera - CTRL+7
23:29:51.142 [JavaFX Application Thread] DEBUG LoopRunner           - Starting loop
23:29:51.602 [FXGL Background Thread 4 ] DEBUG FXGLAssetLoaderServi - Loading from file system: jar:file:/C:/Users/Khana/.m2/repository/com/github/almasb/fxgl/21.1/fxgl-21.1.jar!/fxglassets/ui/fonts/Abel-Regular.ttf
23:29:51.731 [JavaFX Application Thread] DEBUG LoopRunner           - Initializing JavaFX AnimationTimerLoop
23:29:51.761 [FXGL Background Thread 4 ] DEBUG FXGLAssetLoaderServi - Loading from file system: jar:file:/C:/Users/Khana/.m2/repository/com/github/almasb/fxgl/21.1/fxgl-21.1.jar!/fxglassets/ui/fonts/TerminalLandMono-Regular.otf
23:29:51.764 [JavaFX Application Thread] DEBUG Input                - Clearing active input actions
23:29:51.779 [JavaFX Application Thread] DEBUG GameApplicationServi - Removing overlay from FXGLStartupScene and adding to FXGLMainMenuDummyScene
23:29:51.792 [JavaFX Application Thread] DEBUG PrimaryStageWindow   - FXGLStartupScene -> FXGLMainMenuDummyScene
23:29:51.794 [JavaFX Application Thread] DEBUG PrimaryStageWindow   - Push state: FXGLDefaultMenu
23:29:51.838 [FXGL Background Thread 4 ] DEBUG FXGLAssetLoaderServi - Loading from file system: jar:file:/C:/Users/Khana/.m2/repository/com/github/almasb/fxgl/21.1/fxgl-21.1.jar!/fxglassets/ui/fonts/Courier-Prime.ttf
23:29:51.994 [JavaFX Application Thread] DEBUG Input                - Clearing active input actions
23:29:52.011 [JavaFX Application Thread] DEBUG GameApplicationServi - Removing overlay from FXGLMainMenuDummyScene and adding to FXGLDefaultMenu
23:29:52.013 [JavaFX Application Thread] DEBUG PrimaryStageWindow   - FXGLMainMenuDummyScene -> FXGLDefaultMenu
23:29:52.472 [FXGL Background Thread 3 ] DEBUG Engine               - Logging environment variables
23:29:52.474 [FXGL Background Thread 3 ] DEBUG Engine               - achievements: []
23:29:52.474 [FXGL Background Thread 3 ] DEBUG Engine               - actualHeight: 728.0
23:29:52.474 [FXGL Background Thread 3 ] DEBUG Engine               - actualHeightProperty: ReadOnlyDoubleProperty [value: 728.0]
23:29:52.474 [FXGL Background Thread 3 ] DEBUG Engine               - actualWidth: 703.0
23:29:52.475 [FXGL Background Thread 3 ] DEBUG Engine               - actualWidthProperty: ReadOnlyDoubleProperty [value: 703.0]
23:29:52.475 [FXGL Background Thread 3 ] DEBUG Engine               - appIcon: fxgl_icon.png
23:29:52.475 [FXGL Background Thread 3 ] DEBUG Engine               - applicationMode: DEVELOPER
23:29:52.475 [FXGL Background Thread 3 ] DEBUG Engine               - cSSList: [fxgl_dark.css]
23:29:52.475 [FXGL Background Thread 3 ] DEBUG Engine               - collisionDetectionStrategy: BRUTE_FORCE
23:29:52.475 [FXGL Background Thread 3 ] DEBUG Engine               - configClass: Optional.empty
23:29:52.476 [FXGL Background Thread 3 ] DEBUG Engine               - credits: []
23:29:52.479 [FXGL Background Thread 3 ] DEBUG Engine               - defaultCursor: CursorInfo(imageName=fxgl_default_cursor.png, hotspotX=7.0, hotspotY=6.0)
23:29:52.480 [FXGL Background Thread 3 ] DEBUG Engine               - devBBoxColorProperty: ObjectProperty [value: 0xff0000ff]
23:29:52.480 [FXGL Background Thread 3 ] DEBUG Engine               - devEnableDebugCameraProperty: BooleanProperty [value: false]
23:29:52.481 [FXGL Background Thread 3 ] DEBUG Engine               - devSensorColorProperty: ObjectProperty [value: 0xffff00ff]
23:29:52.481 [FXGL Background Thread 3 ] DEBUG Engine               - devShowBBoxProperty: BooleanProperty [value: false]
23:29:52.481 [FXGL Background Thread 3 ] DEBUG Engine               - devShowPositionProperty: BooleanProperty [value: false]
23:29:52.494 [FXGL Background Thread 3 ] DEBUG Engine               - enabledMenuItems: []
23:29:52.495 [FXGL Background Thread 3 ] DEBUG Engine               - engineServices: [class com.almasb.fxgl.app.services.FXGLAssetLoaderService, class com.almasb.fxgl.app.FXGLApplication$GameApplicationService, class com.almasb.fxgl.app.services.FXGLDialogService, class com.almasb.fxgl.app.services.IOTaskExecutorService, class com.almasb.fxgl.io.FileSystemService, class com.almasb.fxgl.localization.LocalizationService, class com.almasb.fxgl.app.services.SystemBundleService, class com.almasb.fxgl.profile.SaveLoadService, class com.almasb.fxgl.ui.FXGLUIFactoryServiceProvider, class com.almasb.fxgl.ui.FXGLDialogFactoryServiceProvider, class com.almasb.fxgl.audio.AudioPlayer, class com.almasb.fxgl.notification.impl.NotificationServiceProvider, class com.almasb.fxgl.achievement.AchievementService, class com.almasb.fxgl.cutscene.CutsceneService, class com.almasb.fxgl.minigames.MiniGameService, class com.almasb.fxgl.net.NetService, class com.almasb.fxgl.app.services.UpdaterService, class com.almasb.fxgl.dev.DevService]
23:29:52.495 [FXGL Background Thread 3 ] DEBUG Engine               - fontGame: Abel-Regular.ttf
23:29:52.495 [FXGL Background Thread 3 ] DEBUG Engine               - fontMono: TerminalLandMono-Regular.otf
23:29:52.495 [FXGL Background Thread 3 ] DEBUG Engine               - fontSizeScaleUI: 1.0
23:29:52.495 [FXGL Background Thread 3 ] DEBUG Engine               - fontText: Courier-Prime.ttf
23:29:52.496 [FXGL Background Thread 3 ] DEBUG Engine               - fontUI: VarelaRound-Regular.ttf
23:29:52.496 [FXGL Background Thread 3 ] DEBUG Engine               - fullScreen: BooleanProperty [value: false]
23:29:52.496 [FXGL Background Thread 3 ] DEBUG Engine               - gameDifficulty: MEDIUM
23:29:52.496 [FXGL Background Thread 3 ] DEBUG Engine               - gameDifficultyProperty: ObjectProperty [value: MEDIUM]
23:29:52.496 [FXGL Background Thread 3 ] DEBUG Engine               - globalMusicVolume: 0.5
23:29:52.499 [FXGL Background Thread 3 ] DEBUG Engine               - globalMusicVolumeProperty: DoubleProperty [value: 0.5]
23:29:52.499 [FXGL Background Thread 3 ] DEBUG Engine               - globalSoundVolume: 0.5
23:29:52.500 [FXGL Background Thread 3 ] DEBUG Engine               - globalSoundVolumeProperty: DoubleProperty [value: 0.5]
23:29:52.500 [FXGL Background Thread 3 ] DEBUG Engine               - height: 800
23:29:52.500 [FXGL Background Thread 3 ] DEBUG Engine               - is3D: false
23:29:52.501 [FXGL Background Thread 3 ] DEBUG Engine               - isAndroid: false
23:29:52.501 [FXGL Background Thread 3 ] DEBUG Engine               - isBrowser: false
23:29:52.501 [FXGL Background Thread 3 ] DEBUG Engine               - isClickFeedbackEnabled: false
23:29:52.501 [FXGL Background Thread 3 ] DEBUG Engine               - isCloseConfirmation: false
23:29:52.501 [FXGL Background Thread 3 ] DEBUG Engine               - isDesktop: true
23:29:52.501 [FXGL Background Thread 3 ] DEBUG Engine               - isDeveloperMenuEnabled: true
23:29:52.501 [FXGL Background Thread 3 ] DEBUG Engine               - isEmbedded: false
23:29:52.502 [FXGL Background Thread 3 ] DEBUG Engine               - isEntityPreloadEnabled: true
23:29:52.502 [FXGL Background Thread 3 ] DEBUG Engine               - isExperimentalTiledLargeMap: false
23:29:52.502 [FXGL Background Thread 3 ] DEBUG Engine               - isFileSystemWriteAllowed: true
23:29:52.502 [FXGL Background Thread 3 ] DEBUG Engine               - isFullScreenAllowed: false
23:29:52.502 [FXGL Background Thread 3 ] DEBUG Engine               - isFullScreenFromStart: false
23:29:52.502 [FXGL Background Thread 3 ] DEBUG Engine               - isGameMenuEnabled: true
23:29:52.502 [FXGL Background Thread 3 ] DEBUG Engine               - isIOS: false
23:29:52.502 [FXGL Background Thread 3 ] DEBUG Engine               - isIntroEnabled: false
23:29:52.503 [FXGL Background Thread 3 ] DEBUG Engine               - isLinux: false
23:29:52.503 [FXGL Background Thread 3 ] DEBUG Engine               - isMac: false
23:29:52.503 [FXGL Background Thread 3 ] DEBUG Engine               - isMainMenuEnabled: true
23:29:52.503 [FXGL Background Thread 3 ] DEBUG Engine               - isManualResizeEnabled: false
23:29:52.503 [FXGL Background Thread 3 ] DEBUG Engine               - isMobile: false
23:29:52.503 [FXGL Background Thread 3 ] DEBUG Engine               - isNative: false
23:29:52.503 [FXGL Background Thread 3 ] DEBUG Engine               - isPauseMusicWhenMinimized: true
23:29:52.503 [FXGL Background Thread 3 ] DEBUG Engine               - isPreserveResizeRatio: false
23:29:52.503 [FXGL Background Thread 3 ] DEBUG Engine               - isProfilingEnabled: false
23:29:52.504 [FXGL Background Thread 3 ] DEBUG Engine               - isScaleAffectedOnResize: true
23:29:52.504 [FXGL Background Thread 3 ] DEBUG Engine               - isSingleStep: false
23:29:52.504 [FXGL Background Thread 3 ] DEBUG Engine               - isUserProfileEnabled: false
23:29:52.504 [FXGL Background Thread 3 ] DEBUG Engine               - isWindows: true
23:29:52.504 [FXGL Background Thread 3 ] DEBUG Engine               - language: ObjectProperty [value: ENGLISH]
23:29:52.504 [FXGL Background Thread 3 ] DEBUG Engine               - menuKey: ESCAPE
23:29:52.504 [FXGL Background Thread 3 ] DEBUG Engine               - mouseSensitivity: 0.2
23:29:52.505 [FXGL Background Thread 3 ] DEBUG Engine               - notificationViewClass: class com.almasb.fxgl.notification.view.XboxNotificationView
23:29:52.505 [FXGL Background Thread 3 ] DEBUG Engine               - pixelsPerMeter: 50.0
23:29:52.505 [FXGL Background Thread 3 ] DEBUG Engine               - platform: WINDOWS
23:29:52.505 [FXGL Background Thread 3 ] DEBUG Engine               - prefHeightProperty: ReadOnlyDoubleProperty [value: 800.0]
23:29:52.505 [FXGL Background Thread 3 ] DEBUG Engine               - prefWidthProperty: ReadOnlyDoubleProperty [value: 800.0]
23:29:52.505 [FXGL Background Thread 3 ] DEBUG Engine               - profileDir: profiles/
23:29:52.505 [FXGL Background Thread 3 ] DEBUG Engine               - profileName: StringProperty [value: DEFAULT]
23:29:52.505 [FXGL Background Thread 3 ] DEBUG Engine               - randomSeed: -1
23:29:52.506 [FXGL Background Thread 3 ] DEBUG Engine               - runtimeInfo: RuntimeInfo(platform=WINDOWS, version=21.1, build=27.03.2024 07.52)
23:29:52.507 [FXGL Background Thread 3 ] DEBUG Engine               - saveFileExt: sav
23:29:52.507 [FXGL Background Thread 3 ] DEBUG Engine               - scaledHeightProp$fxgl: DoubleProperty [bound, value: 728.0]
23:29:52.507 [FXGL Background Thread 3 ] DEBUG Engine               - scaledWidthProp$fxgl: DoubleProperty [bound, value: 703.0]
23:29:52.508 [FXGL Background Thread 3 ] DEBUG Engine               - sceneFactory: com.almasb.fxgl.app.scene.SceneFactory@2c7e35d6
23:29:52.508 [FXGL Background Thread 3 ] DEBUG Engine               - secondsIn24h: 60
23:29:52.508 [FXGL Background Thread 3 ] DEBUG Engine               - soundMenuBack: menu/back.wav
23:29:52.508 [FXGL Background Thread 3 ] DEBUG Engine               - soundMenuPress: menu/press.wav
23:29:52.510 [FXGL Background Thread 3 ] DEBUG Engine               - soundMenuSelect: menu/select.wav
23:29:52.510 [FXGL Background Thread 3 ] DEBUG Engine               - soundNotification: core/notification.wav
23:29:52.511 [FXGL Background Thread 3 ] DEBUG Engine               - stageStyle: DECORATED
23:29:52.511 [FXGL Background Thread 3 ] DEBUG Engine               - supportedLanguages: [ENGLISH, FRENCH, GERMAN, HUNGARIAN, RUSSIAN]
23:29:52.511 [FXGL Background Thread 3 ] DEBUG Engine               - ticksPerSecond: -1
23:29:52.511 [FXGL Background Thread 3 ] DEBUG Engine               - title: Gonvival
23:29:52.511 [FXGL Background Thread 3 ] DEBUG Engine               - urlGithub: https://github.com/AlmasB/FXGL
23:29:52.511 [FXGL Background Thread 3 ] DEBUG Engine               - urlLeaderboard: http://fxgl-top.herokuapp.com/
23:29:52.511 [FXGL Background Thread 3 ] DEBUG Engine               - urlPOM: https://raw.githubusercontent.com/AlmasB/FXGL/release/README.md
23:29:52.511 [FXGL Background Thread 3 ] DEBUG Engine               - userAppClass: class com.lab.App
23:29:52.511 [FXGL Background Thread 3 ] DEBUG Engine               - version: beta
23:29:52.511 [FXGL Background Thread 3 ] DEBUG Engine               - versionCheckDays: 7
23:29:52.512 [FXGL Background Thread 3 ] DEBUG Engine               - width: 800
23:29:52.512 [FXGL Background Thread 3 ] DEBUG Engine               - Logging services
23:29:52.512 [FXGL Background Thread 3 ] DEBUG Engine               - class com.almasb.fxgl.app.services.FXGLAssetLoaderService
23:29:52.512 [FXGL Background Thread 3 ] DEBUG Engine               - class com.almasb.fxgl.app.FXGLApplication$GameApplicationService
23:29:52.512 [FXGL Background Thread 3 ] DEBUG Engine               - class com.almasb.fxgl.app.services.FXGLDialogService
23:29:52.512 [FXGL Background Thread 3 ] DEBUG Engine               - class com.almasb.fxgl.app.services.IOTaskExecutorService
23:29:52.512 [FXGL Background Thread 3 ] DEBUG Engine               - class com.almasb.fxgl.io.FileSystemService
23:29:52.512 [FXGL Background Thread 3 ] DEBUG Engine               - class com.almasb.fxgl.localization.LocalizationService
23:29:52.512 [FXGL Background Thread 3 ] DEBUG Engine               - class com.almasb.fxgl.app.services.SystemBundleService
23:29:52.512 [FXGL Background Thread 3 ] DEBUG Engine               - class com.almasb.fxgl.profile.SaveLoadService
23:29:52.512 [FXGL Background Thread 3 ] DEBUG Engine               - class com.almasb.fxgl.ui.FXGLUIFactoryServiceProvider
23:29:52.513 [FXGL Background Thread 3 ] DEBUG Engine               - class com.almasb.fxgl.ui.FXGLDialogFactoryServiceProvider
23:29:52.513 [FXGL Background Thread 3 ] DEBUG Engine               - class com.almasb.fxgl.audio.AudioPlayer
23:29:52.513 [FXGL Background Thread 3 ] DEBUG Engine               - class com.almasb.fxgl.notification.impl.NotificationServiceProvider
23:29:52.513 [FXGL Background Thread 3 ] DEBUG Engine               - class com.almasb.fxgl.achievement.AchievementService
23:29:52.513 [FXGL Background Thread 3 ] DEBUG Engine               - class com.almasb.fxgl.cutscene.CutsceneService
23:29:52.513 [FXGL Background Thread 3 ] DEBUG Engine               - class com.almasb.fxgl.minigames.MiniGameService
23:29:52.513 [FXGL Background Thread 3 ] DEBUG Engine               - class com.almasb.fxgl.net.NetService
23:29:52.513 [FXGL Background Thread 3 ] DEBUG Engine               - class com.almasb.fxgl.app.services.UpdaterService
23:29:52.513 [FXGL Background Thread 3 ] DEBUG Engine               - class com.almasb.fxgl.dev.DevService
23:29:54.116 [JavaFX Application Thread] DEBUG FXGLApplication      - Registering font factories with UI factory
23:29:55.927 [JavaFX Application Thread] DEBUG Menu                 - fireNewGame()
23:29:55.927 [JavaFX Application Thread] DEBUG GameApplicationServi - Starting new game
23:29:55.933 [JavaFX Application Thread] DEBUG PrimaryStageWindow   - Pop state: FXGLDefaultMenu
23:29:55.934 [JavaFX Application Thread] DEBUG Input                - Clearing active input actions
23:29:55.935 [JavaFX Application Thread] DEBUG GameApplicationServi - Removing overlay from FXGLDefaultMenu and adding to FXGLMainMenuDummyScene
23:29:55.940 [JavaFX Application Thread] DEBUG PrimaryStageWindow   - FXGLMainMenuDummyScene <- FXGLDefaultMenu
23:29:55.941 [JavaFX Application Thread] DEBUG Input                - Clearing active input actions
23:29:55.969 [JavaFX Application Thread] DEBUG GameApplicationServi - Removing overlay from FXGLMainMenuDummyScene and adding to FXGLLoadingScene
23:29:55.970 [JavaFX Application Thread] DEBUG PrimaryStageWindow   - FXGLMainMenuDummyScene -> FXGLLoadingScene
23:29:55.970 [JavaFX Application Thread] DEBUG GameApplicationServi - Clearing previous game
23:29:55.971 [JavaFX Application Thread] DEBUG GameScene            - Clearing game scene
23:29:55.971 [JavaFX Application Thread] DEBUG GameWorld            - Clearing game world
23:29:55.971 [JavaFX Application Thread] DEBUG PhysicsWorld         - Clearing physics world
23:29:55.974 [FXGL Background Thread 4 ] DEBUG FXGLApplication      - Initializing game
23:29:55.993 [FXGL Background Thread 4 ] DEBUG FXGLAssetLoaderServi - Loading from file system: file:/E:/Labs/Gonvival/game/target/classes/assets/textures/map.png
23:29:56.638 [FXGL Background Thread 4 ] DEBUG FXGLAssetLoaderServi - Loading from file system: file:/E:/Labs/Gonvival/game/target/classes/assets/textures/idle_down.png
23:29:56.666 [FXGL Background Thread 4 ] DEBUG FXGLAssetLoaderServi - Loading from file system: file:/E:/Labs/Gonvival/game/target/classes/assets/textures/idle_up.png
23:29:56.672 [FXGL Background Thread 4 ] DEBUG FXGLAssetLoaderServi - Loading from file system: file:/E:/Labs/Gonvival/game/target/classes/assets/textures/idle_left_down.png
23:29:56.675 [FXGL Background Thread 4 ] DEBUG FXGLAssetLoaderServi - Loading from file system: file:/E:/Labs/Gonvival/game/target/classes/assets/textures/idle_left_up.png
23:29:56.677 [FXGL Background Thread 4 ] DEBUG FXGLAssetLoaderServi - Loading from file system: file:/E:/Labs/Gonvival/game/target/classes/assets/textures/idle_right_down.png
23:29:56.681 [FXGL Background Thread 4 ] DEBUG FXGLAssetLoaderServi - Loading from file system: file:/E:/Labs/Gonvival/game/target/classes/assets/textures/idle_right_up.png
23:29:56.687 [FXGL Background Thread 4 ] DEBUG FXGLAssetLoaderServi - Loading from file system: file:/E:/Labs/Gonvival/game/target/classes/assets/textures/walk_left_down.png
23:29:56.689 [FXGL Background Thread 4 ] DEBUG FXGLAssetLoaderServi - Loading from file system: file:/E:/Labs/Gonvival/game/target/classes/assets/textures/walk_right_down.png
23:29:56.692 [FXGL Background Thread 4 ] DEBUG FXGLAssetLoaderServi - Loading from file system: file:/E:/Labs/Gonvival/game/target/classes/assets/textures/walk_up.png
23:29:56.694 [FXGL Background Thread 4 ] DEBUG FXGLAssetLoaderServi - Loading from file system: file:/E:/Labs/Gonvival/game/target/classes/assets/textures/walk_down.png
23:29:56.697 [FXGL Background Thread 4 ] DEBUG FXGLAssetLoaderServi - Loading from file system: file:/E:/Labs/Gonvival/game/target/classes/assets/textures/walk_left_up.png
23:29:56.701 [FXGL Background Thread 4 ] DEBUG FXGLAssetLoaderServi - Loading from file system: file:/E:/Labs/Gonvival/game/target/classes/assets/textures/walk_right_up.png
23:29:56.737 [FXGL Background Thread 4 ] INFO  FXGLApplication      - Game initialization took: 0.763 sec
23:29:56.758 [JavaFX Application Thread] DEBUG Input                - Clearing active input actions
23:29:56.772 [JavaFX Application Thread] DEBUG GameApplicationServi - Removing overlay from FXGLLoadingScene and adding to GameScene
23:29:56.799 [JavaFX Application Thread] DEBUG PrimaryStageWindow   - FXGLLoadingScene -> GameScene
23:29:57.015 [JavaFX Application Thread] DEBUG Input                - Registered new binding: SHOOT - LMB
23:29:57.016 [JavaFX Application Thread] DEBUG Input                - Registered new binding: MOVE LEFT - A
23:29:57.016 [JavaFX Application Thread] DEBUG Input                - Registered new binding: MOVE RIGHT - D
23:29:57.016 [JavaFX Application Thread] DEBUG Input                - Registered new binding: MOVE UP - W
23:29:57.017 [JavaFX Application Thread] DEBUG Input                - Registered new binding: MOVE DOWN - S
23:29:57.368 [JavaFX Application Thread] DEBUG FXGLAssetLoaderServi - Loading from file system: file:/E:/Labs/Gonvival/game/target/classes/assets/textures/evil.png
23:29:57.679 [JavaFX Application Thread] DEBUG FXGLAssetLoaderServi - Loading from file system: file:/E:/Labs/Gonvival/game/target/classes/assets/textures/arrow.png
23:29:58.540 [JavaFX Application Thread] DEBUG PrimaryStageWindow   - Push state: DialogSubScene
23:29:58.541 [JavaFX Application Thread] DEBUG Input                - Clearing active input actions
23:29:58.542 [JavaFX Application Thread] DEBUG GameApplicationServi - Removing overlay from GameScene and adding to DialogSubScene
23:29:58.546 [JavaFX Application Thread] DEBUG PrimaryStageWindow   - GameScene -> DialogSubScene
23:29:59.589 [JavaFX Application Thread] DEBUG PrimaryStageWindow   - Pop state: DialogSubScene
23:29:59.589 [JavaFX Application Thread] DEBUG Input                - Clearing active input actions
23:29:59.590 [JavaFX Application Thread] DEBUG GameApplicationServi - Removing overlay from DialogSubScene and adding to GameScene
23:29:59.591 [JavaFX Application Thread] DEBUG PrimaryStageWindow   - GameScene <- DialogSubScene
23:30:07.816 [JavaFX Application Thread] DEBUG PrimaryStageWindow   - Push state: DialogSubScene
23:30:07.817 [JavaFX Application Thread] DEBUG Input                - Clearing active input actions
23:30:07.818 [JavaFX Application Thread] DEBUG GameApplicationServi - Removing overlay from GameScene and adding to DialogSubScene
23:30:07.820 [JavaFX Application Thread] DEBUG PrimaryStageWindow   - GameScene -> DialogSubScene
23:30:08.911 [JavaFX Application Thread] DEBUG PrimaryStageWindow   - Pop state: DialogSubScene
23:30:08.911 [JavaFX Application Thread] DEBUG Input                - Clearing active input actions
23:30:08.912 [JavaFX Application Thread] DEBUG GameApplicationServi - Removing overlay from DialogSubScene and adding to GameScene
23:30:08.913 [JavaFX Application Thread] DEBUG PrimaryStageWindow   - GameScene <- DialogSubScene
23:30:21.560 [JavaFX Application Thread] DEBUG PrimaryStageWindow   - Push state: DialogSubScene
23:30:21.560 [JavaFX Application Thread] DEBUG Input                - Clearing active input actions
23:30:21.561 [JavaFX Application Thread] DEBUG GameApplicationServi - Removing overlay from GameScene and adding to DialogSubScene
23:30:21.564 [JavaFX Application Thread] DEBUG PrimaryStageWindow   - GameScene -> DialogSubScene
23:30:22.478 [JavaFX Application Thread] DEBUG PrimaryStageWindow   - Pop state: DialogSubScene
23:30:22.479 [JavaFX Application Thread] DEBUG Input                - Clearing active input actions
23:30:22.480 [JavaFX Application Thread] DEBUG GameApplicationServi - Removing overlay from DialogSubScene and adding to GameScene
23:30:22.481 [JavaFX Application Thread] DEBUG PrimaryStageWindow   - GameScene <- DialogSubScene
23:30:42.023 [JavaFX Application Thread] DEBUG PrimaryStageWindow   - Push state: DialogSubScene
23:30:42.023 [JavaFX Application Thread] DEBUG Input                - Clearing active input actions
23:30:42.024 [JavaFX Application Thread] DEBUG GameApplicationServi - Removing overlay from GameScene and adding to DialogSubScene
23:30:42.027 [JavaFX Application Thread] DEBUG PrimaryStageWindow   - GameScene -> DialogSubScene
23:30:43.031 [JavaFX Application Thread] DEBUG PrimaryStageWindow   - Pop state: DialogSubScene
23:30:43.031 [JavaFX Application Thread] DEBUG Input                - Clearing active input actions
23:30:43.032 [JavaFX Application Thread] DEBUG GameApplicationServi - Removing overlay from DialogSubScene and adding to GameScene
23:30:43.033 [JavaFX Application Thread] DEBUG PrimaryStageWindow   - GameScene <- DialogSubScene
23:31:01.032 [JavaFX Application Thread] DEBUG PrimaryStageWindow   - Push state: DialogSubScene
23:31:01.033 [JavaFX Application Thread] DEBUG Input                - Clearing active input actions
23:31:01.033 [JavaFX Application Thread] DEBUG GameApplicationServi - Removing overlay from GameScene and adding to DialogSubScene
23:31:01.034 [JavaFX Application Thread] DEBUG PrimaryStageWindow   - GameScene -> DialogSubScene
23:31:02.838 [JavaFX Application Thread] DEBUG PrimaryStageWindow   - Pop state: DialogSubScene
23:31:02.838 [JavaFX Application Thread] DEBUG Input                - Clearing active input actions
23:31:02.839 [JavaFX Application Thread] DEBUG GameApplicationServi - Removing overlay from DialogSubScene and adding to GameScene
23:31:02.840 [JavaFX Application Thread] DEBUG PrimaryStageWindow   - GameScene <- DialogSubScene
23:31:02.841 [JavaFX Application Thread] DEBUG Input                - Clearing active input actions
23:31:02.860 [JavaFX Application Thread] DEBUG GameApplicationServi - Removing overlay from GameScene and adding to FXGLMainMenuDummyScene
23:31:02.861 [JavaFX Application Thread] DEBUG PrimaryStageWindow   - GameScene -> FXGLMainMenuDummyScene
23:31:02.861 [JavaFX Application Thread] DEBUG PrimaryStageWindow   - Push state: FXGLDefaultMenu
23:31:02.861 [JavaFX Application Thread] DEBUG Input                - Clearing active input actions
23:31:02.863 [JavaFX Application Thread] DEBUG GameApplicationServi - Removing overlay from FXGLMainMenuDummyScene and adding to FXGLDefaultMenu
23:31:02.878 [JavaFX Application Thread] DEBUG PrimaryStageWindow   - FXGLMainMenuDummyScene -> FXGLDefaultMenu
23:31:03.998 [JavaFX Application Thread] DEBUG Menu                 - fireNewGame()
23:31:03.999 [JavaFX Application Thread] DEBUG GameApplicationServi - Starting new game
23:31:04.000 [JavaFX Application Thread] DEBUG PrimaryStageWindow   - Pop state: FXGLDefaultMenu
23:31:04.000 [JavaFX Application Thread] DEBUG Input                - Clearing active input actions
23:31:04.001 [JavaFX Application Thread] DEBUG GameApplicationServi - Removing overlay from FXGLDefaultMenu and adding to FXGLMainMenuDummyScene
23:31:04.002 [JavaFX Application Thread] DEBUG PrimaryStageWindow   - FXGLMainMenuDummyScene <- FXGLDefaultMenu
23:31:04.002 [JavaFX Application Thread] DEBUG Input                - Clearing active input actions
23:31:04.021 [JavaFX Application Thread] DEBUG GameApplicationServi - Removing overlay from FXGLMainMenuDummyScene and adding to FXGLLoadingScene
23:31:04.021 [JavaFX Application Thread] DEBUG PrimaryStageWindow   - FXGLMainMenuDummyScene -> FXGLLoadingScene
23:31:04.021 [JavaFX Application Thread] DEBUG GameApplicationServi - Clearing previous game
23:31:04.021 [JavaFX Application Thread] DEBUG GameScene            - Clearing game scene
23:31:04.021 [JavaFX Application Thread] DEBUG GameWorld            - Clearing game world
23:31:04.023 [JavaFX Application Thread] DEBUG PhysicsWorld         - Clearing physics world
23:31:04.094 [FXGL Background Thread 5 ] DEBUG FXGLApplication      - Initializing game
23:31:04.101 [FXGL Background Thread 5 ] INFO  FXGLApplication      - Game initialization took: 0.007 sec
23:31:04.116 [JavaFX Application Thread] DEBUG Input                - Clearing active input actions
23:31:04.134 [JavaFX Application Thread] DEBUG GameApplicationServi - Removing overlay from FXGLLoadingScene and adding to GameScene
23:31:04.142 [JavaFX Application Thread] DEBUG PrimaryStageWindow   - FXGLLoadingScene -> GameScene
23:31:04.245 [JavaFX Application Thread] DEBUG LoopRunner           - Stopping loop
23:31:04.273 [JavaFX Application Thread] FATAL FXGLApplication      - Uncaught Exception:
java.lang.IllegalArgumentException: Action already exists: SHOOT
	at com.almasb.fxgl.input.Input.addBinding(Input.kt:504)
	at com.almasb.fxgl.input.Input.addAction(Input.kt:487)
	at com.almasb.fxgl.input.Input.addAction$default(Input.kt:486)
	at com.almasb.fxgl.input.Input.addAction(Input.kt)
	at com.lab.App.initInput(App.java:179)
	at com.lab.App.lambda$1(App.java:98)
	at com.almasb.fxgl.time.TimerAction.update(TimerAction.kt:69)
	at com.almasb.fxgl.time.Timer.update(Timer.kt:38)
	at com.almasb.fxgl.scene.Scene.update(Scene.kt:104)
	at com.almasb.fxgl.app.MainWindow$update$1.invoke(MainWindow.kt:121)
	at com.almasb.fxgl.app.MainWindow$update$1.invoke(MainWindow.kt:121)
	at com.almasb.fxgl.core.fsm.StateMachine.runOnActiveStates(StateMachine.kt:69)
	at com.almasb.fxgl.app.MainWindow.update(MainWindow.kt:121)
	at com.almasb.fxgl.app.FXGLApplication$GameApplicationService.onUpdate(FXGLApplication.kt:445)
	at com.almasb.fxgl.app.Engine.loop(Engine.kt:134)
	at com.almasb.fxgl.app.Engine.access$loop(Engine.kt:24)
	at com.almasb.fxgl.app.Engine$loop$1.invoke(Engine.kt:28)
	at com.almasb.fxgl.app.Engine$loop$1.invoke(Engine.kt:28)
	at com.almasb.fxgl.app.LoopRunner.frame(LoopRunner.kt:103)
	at com.almasb.fxgl.app.LoopRunner.access$frame(LoopRunner.kt:23)
	at com.almasb.fxgl.app.LoopRunner$impl$2$1.onTick(LoopRunner.kt:57)
	at com.almasb.fxgl.app.AnimationTimerLoop$timer$1.handle(LoopRunner.kt:137)
	at javafx.animation.AnimationTimer$AnimationTimerReceiver.lambda$handle$0(AnimationTimer.java:58)
	at java.base/java.security.AccessController.doPrivileged(AccessController.java:400)
	at javafx.animation.AnimationTimer$AnimationTimerReceiver.handle(AnimationTimer.java:57)
	at com.sun.scenario.animation.AbstractPrimaryTimer.timePulseImpl(AbstractPrimaryTimer.java:356)
	at com.sun.scenario.animation.AbstractPrimaryTimer$MainLoop.run(AbstractPrimaryTimer.java:266)
	at com.sun.javafx.tk.quantum.QuantumToolkit.pulse(QuantumToolkit.java:588)
	at com.sun.javafx.tk.quantum.QuantumToolkit.pulse(QuantumToolkit.java:572)
	at com.sun.javafx.tk.quantum.QuantumToolkit.pulseFromQueue(QuantumToolkit.java:565)
	at com.sun.javafx.tk.quantum.QuantumToolkit.lambda$runToolkit$11(QuantumToolkit.java:352)
	at com.sun.glass.ui.InvokeLaterDispatcher$Future.run(InvokeLaterDispatcher.java:95)
	at com.sun.glass.ui.win.WinApplication._runLoop(Native Method)
	at com.sun.glass.ui.win.WinApplication.lambda$runLoop$3(WinApplication.java:185)
	at java.base/java.lang.Thread.run(Thread.java:1583)

23:31:04.336 [JavaFX Application Thread] FATAL FXGLApplication      - Application will now exit
23:31:04.345 [JavaFX Application Thread] DEBUG PrimaryStageWindow   - Push state: ErrorSubScene
23:31:04.345 [JavaFX Application Thread] DEBUG Input                - Clearing active input actions
23:31:04.347 [JavaFX Application Thread] DEBUG GameApplicationServi - Removing overlay from GameScene and adding to ErrorSubScene
23:31:04.348 [JavaFX Application Thread] DEBUG PrimaryStageWindow   - GameScene -> ErrorSubScene
23:31:05.990 [JavaFX Application Thread] DEBUG FXGLApplication      - Exiting FXGL
23:31:05.991 [JavaFX Application Thread] DEBUG Async                - Shutting down background threads
23:31:05.991 [JavaFX Application Thread] DEBUG PrimaryStageWindow   - Closing main window
23:31:06.134 [JavaFX Application Thread] DEBUG Logger               - Closing Logger
