21:04:00.147 [main                     ] DEBUG Logger               - Configured Logger
21:04:00.174 [main                     ] DEBUG GameApplication      - Logging settings
Title: Gonvival
Version: beta
Width: 800
Height: 600
Fullscreen: false
Intro: false
Profiling: false
Single step:false
App Mode: DEVELOPER
Menu Key: ESCAPE
Stage Style: DECORATED
Scene Factory: class com.almasb.fxgl.app.scene.SceneFactory

21:04:01.324 [JavaFX Application Thread] DEBUG FXGLApplication      - Initializing FXGL
21:04:01.342 [JavaFX Application Thread] INFO  Engine               - FXGL-21.1 (27.03.2024 07.52) on WINDOWS (J:21.0.5 FX:21.0.1)
21:04:01.344 [JavaFX Application Thread] DEBUG Engine               - JRE Vendor Name: Eclipse Adoptium
21:04:01.345 [JavaFX Application Thread] DEBUG Engine               - Running on OS: Windows 11 version 10.0
21:04:01.345 [JavaFX Application Thread] DEBUG Engine               - Architecture: amd64
21:04:01.346 [JavaFX Application Thread] INFO  Engine               - Source code and latest versions at: https://github.com/AlmasB/FXGL
21:04:01.347 [JavaFX Application Thread] INFO  Engine               -       Ask questions and discuss at: https://github.com/AlmasB/FXGL/discussions
21:04:01.348 [JavaFX Application Thread] INFO  Engine               -              Join the FXGL chat at: https://gitter.im/AlmasB/FXGL
21:04:01.666 [JavaFX Application Thread] DEBUG PrimaryStageWindow   - Creating a JavaFX scene
21:04:01.759 [JavaFX Application Thread] DEBUG PrimaryStageWindow   - Target settings size: 800.0 x 600.0
21:04:01.762 [JavaFX Application Thread] DEBUG PrimaryStageWindow   - Scaled scene size:    800.0 x 600.0
21:04:01.763 [JavaFX Application Thread] DEBUG PrimaryStageWindow   - Scaled ratio: (1.0, 1.0)
21:04:01.766 [JavaFX Application Thread] DEBUG PrimaryStageWindow   - Set initial scene to FXGLStartupScene
21:04:01.779 [JavaFX Application Thread] DEBUG PrimaryStageWindow   - Opening main window
21:04:02.058 [JavaFX Application Thread] DEBUG PrimaryStageWindow   - Window border size: (14.4000244140625, 37.5999755859375)
21:04:02.060 [JavaFX Application Thread] DEBUG PrimaryStageWindow   - Scaled size: 800.0 x 600.0
21:04:02.061 [JavaFX Application Thread] DEBUG PrimaryStageWindow   - Scaled ratio: (1.0, 1.0)
21:04:02.064 [JavaFX Application Thread] DEBUG PrimaryStageWindow   - Scene size: 800.0 x 600.0
21:04:02.066 [JavaFX Application Thread] DEBUG PrimaryStageWindow   - Stage size: 814.4000244140625 x 637.5999755859375
21:04:02.101 [FXGL Background Thread 1 ] DEBUG Engine               - Initializing environment variables
21:04:02.201 [FXGL Background Thread 1 ] DEBUG FXGLAssetLoaderServi - User app class for loading assets: class com.lab.App
21:04:02.202 [FXGL Background Thread 1 ] DEBUG GameApplicationServi - Applying CSS: fxgl_dark.css
21:04:02.203 [FXGL Background Thread 1 ] DEBUG FXGLAssetLoaderServi - Loading from file system: jar:file:/C:/Users/HP/.m2/repository/com/github/almasb/fxgl/21.1/fxgl-21.1.jar!/fxglassets/ui/css/fxgl_dark.css
21:04:02.266 [FXGL Background Thread 1 ] DEBUG GameApplicationServi - Initializing application scenes
21:04:02.359 [FXGL Background Thread 1 ] DEBUG GameWorld            - Game world initialized
21:04:02.458 [FXGL Background Thread 1 ] DEBUG PhysicsWorld         - Physics world initialized: appHeight=600, physics.ppm=50.0
21:04:02.458 [FXGL Background Thread 1 ] DEBUG PhysicsWorld         - Using strategy: BRUTE_FORCE
21:04:02.466 [FXGL Background Thread 1 ] DEBUG GameScene            - Game scene initialized: 800x600
21:04:02.503 [FXGL Background Thread 1 ] DEBUG FXGL.DefaultMenu     - createMenuBodyMainMenu()
21:04:02.563 [FXGL Background Thread 1 ] DEBUG FXGL.DefaultMenu     - createOptionsMenu()
21:04:02.615 [FXGL Background Thread 1 ] DEBUG FXGLAssetLoaderServi - Loading from file system: jar:file:/C:/Users/HP/.m2/repository/com/github/almasb/fxgl/21.1/fxgl-21.1.jar!/fxglassets/textures/particles/smoke.png
21:04:02.838 [FXGL Background Thread 1 ] DEBUG FXGLAssetLoaderServi - Loading from file system: jar:file:/C:/Users/HP/.m2/repository/com/github/almasb/fxgl/21.1/fxgl-21.1.jar!/fxglassets/textures/particles/trace_horizontal.png
21:04:02.881 [FXGL Background Thread 1 ] DEBUG FXGL.DefaultMenu     - createMenuBodyGameMenu()
21:04:02.883 [FXGL Background Thread 1 ] DEBUG FXGL.DefaultMenu     - createOptionsMenu()
21:04:02.903 [FXGL Background Thread 1 ] DEBUG GameApplicationServi - Application scenes initialized
21:04:02.917 [FXGL Background Thread 1 ] DEBUG SystemBundleService  - Loading FXGL system data
21:04:02.921 [FXGL Background Thread 1 ] DEBUG FileSystemAccess     - Reading from: D:\Gonvival\system\fxgl.bundle
21:04:02.935 [FXGL Background Thread 1 ] DEBUG SystemBundleService  - Bundle FXGL: {}
21:04:02.936 [FXGL Background Thread 1 ] DEBUG UpdaterService       - Checking for updates
21:04:02.941 [FXGL Background Thread 4 ] DEBUG FXGLApplication      - Loading fonts
21:04:02.941 [FXGL Background Thread 1 ] DEBUG FXGLApplication      - Loading default localization
21:04:02.942 [FXGL Background Thread 1 ] DEBUG FXGLAssetLoaderServi - Loading from file system: jar:file:/C:/Users/HP/.m2/repository/com/github/almasb/fxgl/21.1/fxgl-21.1.jar!/fxglassets/languages/english.lang
21:04:02.942 [FXGL Background Thread 4 ] DEBUG FXGLAssetLoaderServi - Loading from file system: jar:file:/C:/Users/HP/.m2/repository/com/github/almasb/fxgl/21.1/fxgl-21.1.jar!/fxglassets/ui/fonts/VarelaRound-Regular.ttf
21:04:03.002 [FXGL Background Thread 4 ] DEBUG FXGLAssetLoaderServi - Loading from file system: jar:file:/C:/Users/HP/.m2/repository/com/github/almasb/fxgl/21.1/fxgl-21.1.jar!/fxglassets/ui/fonts/Abel-Regular.ttf
21:04:03.011 [FXGL Background Thread 4 ] DEBUG FXGLAssetLoaderServi - Loading from file system: jar:file:/C:/Users/HP/.m2/repository/com/github/almasb/fxgl/21.1/fxgl-21.1.jar!/fxglassets/ui/fonts/TerminalLandMono-Regular.otf
21:04:03.012 [FXGL Background Thread 1 ] INFO  FXGLApplication      - FXGL initialization took: 0.912 sec
21:04:03.018 [FXGL Background Thread 4 ] DEBUG FXGLAssetLoaderServi - Loading from file system: jar:file:/C:/Users/HP/.m2/repository/com/github/almasb/fxgl/21.1/fxgl-21.1.jar!/fxglassets/ui/fonts/Courier-Prime.ttf
21:04:03.026 [JavaFX Application Thread] DEBUG Input                - Registered new binding: SHOOT - LMB
21:04:03.036 [JavaFX Application Thread] DEBUG Input                - Registered new binding: Shoot Up - W
21:04:03.036 [JavaFX Application Thread] DEBUG Input                - Registered new binding: Shoot Down - S
21:04:03.036 [JavaFX Application Thread] DEBUG Input                - Registered new binding: Shoot Left - A
21:04:03.038 [JavaFX Application Thread] DEBUG Input                - Registered new binding: Shoot Right - D
21:04:03.038 [JavaFX Application Thread] DEBUG FXGLAssetLoaderServi - Loading from file system: jar:file:/C:/Users/HP/.m2/repository/com/github/almasb/fxgl/21.1/fxgl-21.1.jar!/fxglassets/textures/fxgl_icon.png
21:04:03.064 [JavaFX Application Thread] DEBUG FXGLAssetLoaderServi - Loading from file system: jar:file:/C:/Users/HP/.m2/repository/com/github/almasb/fxgl/21.1/fxgl-21.1.jar!/fxglassets/textures/fxgl_default_cursor.png
21:04:03.068 [JavaFX Application Thread] DEBUG Input                - Registered new binding: Screenshot - CTRL+8
21:04:03.069 [JavaFX Application Thread] DEBUG Input                - Registered new binding: System info dump - CTRL+9
21:04:03.070 [JavaFX Application Thread] DEBUG Input                - Registered new binding: Restart - CTRL+R
21:04:03.072 [JavaFX Application Thread] DEBUG Input                - Registered new binding: Toggle Debug Camera - CTRL+7
21:04:03.077 [JavaFX Application Thread] DEBUG LoopRunner           - Starting loop
21:04:03.078 [JavaFX Application Thread] DEBUG LoopRunner           - Initializing JavaFX AnimationTimerLoop
21:04:03.083 [JavaFX Application Thread] DEBUG Input                - Clearing active input actions
21:04:03.092 [JavaFX Application Thread] DEBUG GameApplicationServi - Removing overlay from FXGLStartupScene and adding to FXGLMainMenuDummyScene
21:04:03.093 [JavaFX Application Thread] DEBUG PrimaryStageWindow   - FXGLStartupScene -> FXGLMainMenuDummyScene
21:04:03.093 [JavaFX Application Thread] DEBUG PrimaryStageWindow   - Push state: FXGLDefaultMenu
21:04:03.102 [JavaFX Application Thread] DEBUG Input                - Clearing active input actions
21:04:03.124 [JavaFX Application Thread] DEBUG GameApplicationServi - Removing overlay from FXGLMainMenuDummyScene and adding to FXGLDefaultMenu
21:04:03.125 [JavaFX Application Thread] DEBUG PrimaryStageWindow   - FXGLMainMenuDummyScene -> FXGLDefaultMenu
21:04:03.125 [JavaFX Application Thread] DEBUG FXGLApplication      - Registering font factories with UI factory
21:04:04.202 [JavaFX Application Thread] DEBUG Menu                 - fireNewGame()
21:04:04.203 [JavaFX Application Thread] DEBUG GameApplicationServi - Starting new game
21:04:04.206 [JavaFX Application Thread] DEBUG PrimaryStageWindow   - Pop state: FXGLDefaultMenu
21:04:04.207 [JavaFX Application Thread] DEBUG Input                - Clearing active input actions
21:04:04.209 [JavaFX Application Thread] DEBUG GameApplicationServi - Removing overlay from FXGLDefaultMenu and adding to FXGLMainMenuDummyScene
21:04:04.210 [JavaFX Application Thread] DEBUG PrimaryStageWindow   - FXGLMainMenuDummyScene <- FXGLDefaultMenu
21:04:04.210 [JavaFX Application Thread] DEBUG Input                - Clearing active input actions
21:04:04.227 [JavaFX Application Thread] DEBUG GameApplicationServi - Removing overlay from FXGLMainMenuDummyScene and adding to FXGLLoadingScene
21:04:04.227 [JavaFX Application Thread] DEBUG PrimaryStageWindow   - FXGLMainMenuDummyScene -> FXGLLoadingScene
21:04:04.228 [JavaFX Application Thread] DEBUG GameApplicationServi - Clearing previous game
21:04:04.228 [JavaFX Application Thread] DEBUG GameScene            - Clearing game scene
21:04:04.228 [JavaFX Application Thread] DEBUG GameWorld            - Clearing game world
21:04:04.228 [JavaFX Application Thread] DEBUG PhysicsWorld         - Clearing physics world
21:04:04.232 [FXGL Background Thread 2 ] DEBUG FXGLApplication      - Initializing game
21:04:04.250 [FXGL Background Thread 2 ] DEBUG FXGLAssetLoaderServi - Loading from file system: file:/D:/Gonvival/game/target/classes/assets/textures/g.png
21:04:04.286 [FXGL Background Thread 2 ] INFO  FXGLApplication      - Game initialization took: 0.053 sec
21:04:04.287 [JavaFX Application Thread] DEBUG Input                - Clearing active input actions
21:04:04.304 [JavaFX Application Thread] DEBUG GameApplicationServi - Removing overlay from FXGLLoadingScene and adding to GameScene
21:04:04.305 [JavaFX Application Thread] DEBUG PrimaryStageWindow   - FXGLLoadingScene -> GameScene
21:04:05.205 [JavaFX Application Thread] WARN  FXGLAssetLoaderServi - Asset "/assets/textures/bullet.png" was not found!
21:04:05.207 [JavaFX Application Thread] WARN  FXGLAssetLoaderServi - Failed to load IMAGE
21:04:05.259 [JavaFX Application Thread] DEBUG FXGLAssetLoaderServi - Loading from file system: file:/D:/Gonvival/game/target/classes/assets/textures/evil.png
21:04:05.387 [JavaFX Application Thread] WARN  FXGLAssetLoaderServi - Asset "/assets/textures/bullet.png" was not found!
21:04:05.388 [JavaFX Application Thread] WARN  FXGLAssetLoaderServi - Failed to load IMAGE
21:04:05.931 [JavaFX Application Thread] DEBUG FXGLAssetLoaderServi - Loading from file system: file:/D:/Gonvival/game/target/classes/assets/textures/arrow.png
21:04:05.940 [FXGL Background Thread 3 ] DEBUG Engine               - Logging environment variables
21:04:05.940 [FXGL Background Thread 3 ] DEBUG Engine               - achievements: []
21:04:05.940 [FXGL Background Thread 3 ] DEBUG Engine               - actualHeight: 600.0
21:04:05.941 [FXGL Background Thread 3 ] DEBUG Engine               - actualHeightProperty: ReadOnlyDoubleProperty [value: 600.0]
21:04:05.941 [FXGL Background Thread 3 ] DEBUG Engine               - actualWidth: 800.0
21:04:05.941 [FXGL Background Thread 3 ] DEBUG Engine               - actualWidthProperty: ReadOnlyDoubleProperty [value: 800.0]
21:04:05.941 [FXGL Background Thread 3 ] DEBUG Engine               - appIcon: fxgl_icon.png
21:04:05.941 [FXGL Background Thread 3 ] DEBUG Engine               - applicationMode: DEVELOPER
21:04:05.941 [FXGL Background Thread 3 ] DEBUG Engine               - cSSList: [fxgl_dark.css]
21:04:05.941 [FXGL Background Thread 3 ] DEBUG Engine               - collisionDetectionStrategy: BRUTE_FORCE
21:04:05.941 [FXGL Background Thread 3 ] DEBUG Engine               - configClass: Optional.empty
21:04:05.941 [FXGL Background Thread 3 ] DEBUG Engine               - credits: []
21:04:05.942 [FXGL Background Thread 3 ] DEBUG Engine               - defaultCursor: CursorInfo(imageName=fxgl_default_cursor.png, hotspotX=7.0, hotspotY=6.0)
21:04:05.942 [FXGL Background Thread 3 ] DEBUG Engine               - devBBoxColorProperty: ObjectProperty [value: 0xff0000ff]
21:04:05.942 [FXGL Background Thread 3 ] DEBUG Engine               - devEnableDebugCameraProperty: BooleanProperty [value: false]
21:04:05.942 [FXGL Background Thread 3 ] DEBUG Engine               - devSensorColorProperty: ObjectProperty [value: 0xffff00ff]
21:04:05.942 [FXGL Background Thread 3 ] DEBUG Engine               - devShowBBoxProperty: BooleanProperty [value: false]
21:04:05.942 [FXGL Background Thread 3 ] DEBUG Engine               - devShowPositionProperty: BooleanProperty [value: false]
21:04:05.942 [FXGL Background Thread 3 ] DEBUG Engine               - enabledMenuItems: []
21:04:05.942 [FXGL Background Thread 3 ] DEBUG Engine               - engineServices: [class com.almasb.fxgl.app.services.FXGLAssetLoaderService, class com.almasb.fxgl.app.FXGLApplication$GameApplicationService, class com.almasb.fxgl.app.services.FXGLDialogService, class com.almasb.fxgl.app.services.IOTaskExecutorService, class com.almasb.fxgl.io.FileSystemService, class com.almasb.fxgl.localization.LocalizationService, class com.almasb.fxgl.app.services.SystemBundleService, class com.almasb.fxgl.profile.SaveLoadService, class com.almasb.fxgl.ui.FXGLUIFactoryServiceProvider, class com.almasb.fxgl.ui.FXGLDialogFactoryServiceProvider, class com.almasb.fxgl.audio.AudioPlayer, class com.almasb.fxgl.notification.impl.NotificationServiceProvider, class com.almasb.fxgl.achievement.AchievementService, class com.almasb.fxgl.cutscene.CutsceneService, class com.almasb.fxgl.minigames.MiniGameService, class com.almasb.fxgl.net.NetService, class com.almasb.fxgl.app.services.UpdaterService, class com.almasb.fxgl.dev.DevService]
21:04:05.942 [FXGL Background Thread 3 ] DEBUG Engine               - fontGame: Abel-Regular.ttf
21:04:05.942 [FXGL Background Thread 3 ] DEBUG Engine               - fontMono: TerminalLandMono-Regular.otf
21:04:05.942 [FXGL Background Thread 3 ] DEBUG Engine               - fontSizeScaleUI: 1.0
21:04:05.942 [FXGL Background Thread 3 ] DEBUG Engine               - fontText: Courier-Prime.ttf
21:04:05.943 [FXGL Background Thread 3 ] DEBUG Engine               - fontUI: VarelaRound-Regular.ttf
21:04:05.943 [FXGL Background Thread 3 ] DEBUG Engine               - fullScreen: BooleanProperty [value: false]
21:04:05.943 [FXGL Background Thread 3 ] DEBUG Engine               - gameDifficulty: MEDIUM
21:04:05.943 [FXGL Background Thread 3 ] DEBUG Engine               - gameDifficultyProperty: ObjectProperty [value: MEDIUM]
21:04:05.943 [FXGL Background Thread 3 ] DEBUG Engine               - globalMusicVolume: 0.5
21:04:05.943 [FXGL Background Thread 3 ] DEBUG Engine               - globalMusicVolumeProperty: DoubleProperty [value: 0.5]
21:04:05.943 [FXGL Background Thread 3 ] DEBUG Engine               - globalSoundVolume: 0.5
21:04:05.943 [FXGL Background Thread 3 ] DEBUG Engine               - globalSoundVolumeProperty: DoubleProperty [value: 0.5]
21:04:05.943 [FXGL Background Thread 3 ] DEBUG Engine               - height: 600
21:04:05.943 [FXGL Background Thread 3 ] DEBUG Engine               - is3D: false
21:04:05.943 [FXGL Background Thread 3 ] DEBUG Engine               - isAndroid: false
21:04:05.943 [FXGL Background Thread 3 ] DEBUG Engine               - isBrowser: false
21:04:05.944 [FXGL Background Thread 3 ] DEBUG Engine               - isClickFeedbackEnabled: false
21:04:05.944 [FXGL Background Thread 3 ] DEBUG Engine               - isCloseConfirmation: false
21:04:05.944 [FXGL Background Thread 3 ] DEBUG Engine               - isDesktop: true
21:04:05.944 [FXGL Background Thread 3 ] DEBUG Engine               - isDeveloperMenuEnabled: false
21:04:05.944 [FXGL Background Thread 3 ] DEBUG Engine               - isEmbedded: false
21:04:05.944 [FXGL Background Thread 3 ] DEBUG Engine               - isEntityPreloadEnabled: true
21:04:05.944 [FXGL Background Thread 3 ] DEBUG Engine               - isExperimentalTiledLargeMap: false
21:04:05.944 [FXGL Background Thread 3 ] DEBUG Engine               - isFileSystemWriteAllowed: true
21:04:05.944 [FXGL Background Thread 3 ] DEBUG Engine               - isFullScreenAllowed: false
21:04:05.944 [FXGL Background Thread 3 ] DEBUG Engine               - isFullScreenFromStart: false
21:04:05.944 [FXGL Background Thread 3 ] DEBUG Engine               - isGameMenuEnabled: true
21:04:05.944 [FXGL Background Thread 3 ] DEBUG Engine               - isIOS: false
21:04:05.944 [FXGL Background Thread 3 ] DEBUG Engine               - isIntroEnabled: false
21:04:05.944 [FXGL Background Thread 3 ] DEBUG Engine               - isLinux: false
21:04:05.944 [FXGL Background Thread 3 ] DEBUG Engine               - isMac: false
21:04:05.944 [FXGL Background Thread 3 ] DEBUG Engine               - isMainMenuEnabled: true
21:04:05.944 [FXGL Background Thread 3 ] DEBUG Engine               - isManualResizeEnabled: false
21:04:05.945 [FXGL Background Thread 3 ] DEBUG Engine               - isMobile: false
21:04:05.945 [FXGL Background Thread 3 ] DEBUG Engine               - isNative: false
21:04:05.945 [FXGL Background Thread 3 ] DEBUG Engine               - isPauseMusicWhenMinimized: true
21:04:05.945 [FXGL Background Thread 3 ] DEBUG Engine               - isPreserveResizeRatio: false
21:04:05.945 [FXGL Background Thread 3 ] DEBUG Engine               - isProfilingEnabled: false
21:04:05.945 [FXGL Background Thread 3 ] DEBUG Engine               - isScaleAffectedOnResize: true
21:04:05.945 [FXGL Background Thread 3 ] DEBUG Engine               - isSingleStep: false
21:04:05.945 [FXGL Background Thread 3 ] DEBUG Engine               - isUserProfileEnabled: false
21:04:05.945 [FXGL Background Thread 3 ] DEBUG Engine               - isWindows: true
21:04:05.945 [FXGL Background Thread 3 ] DEBUG Engine               - language: ObjectProperty [value: ENGLISH]
21:04:05.945 [FXGL Background Thread 3 ] DEBUG Engine               - menuKey: ESCAPE
21:04:05.945 [FXGL Background Thread 3 ] DEBUG Engine               - mouseSensitivity: 0.2
21:04:05.945 [FXGL Background Thread 3 ] DEBUG Engine               - notificationViewClass: class com.almasb.fxgl.notification.view.XboxNotificationView
21:04:05.945 [FXGL Background Thread 3 ] DEBUG Engine               - pixelsPerMeter: 50.0
21:04:05.945 [FXGL Background Thread 3 ] DEBUG Engine               - platform: WINDOWS
21:04:05.945 [FXGL Background Thread 3 ] DEBUG Engine               - prefHeightProperty: ReadOnlyDoubleProperty [value: 600.0]
21:04:05.946 [FXGL Background Thread 3 ] DEBUG Engine               - prefWidthProperty: ReadOnlyDoubleProperty [value: 800.0]
21:04:05.946 [FXGL Background Thread 3 ] DEBUG Engine               - profileDir: profiles/
21:04:05.946 [FXGL Background Thread 3 ] DEBUG Engine               - profileName: StringProperty [value: DEFAULT]
21:04:05.946 [FXGL Background Thread 3 ] DEBUG Engine               - randomSeed: -1
21:04:05.946 [FXGL Background Thread 3 ] DEBUG Engine               - runtimeInfo: RuntimeInfo(platform=WINDOWS, version=21.1, build=27.03.2024 07.52)
21:04:05.946 [FXGL Background Thread 3 ] DEBUG Engine               - saveFileExt: sav
21:04:05.946 [FXGL Background Thread 3 ] DEBUG Engine               - scaledHeightProp$fxgl: DoubleProperty [bound, value: 600.0]
21:04:05.946 [FXGL Background Thread 3 ] DEBUG Engine               - scaledWidthProp$fxgl: DoubleProperty [bound, value: 800.0]
21:04:05.946 [FXGL Background Thread 3 ] DEBUG Engine               - sceneFactory: com.almasb.fxgl.app.scene.SceneFactory@572bc572
21:04:05.947 [FXGL Background Thread 3 ] DEBUG Engine               - secondsIn24h: 60
21:04:05.947 [FXGL Background Thread 3 ] DEBUG Engine               - soundMenuBack: menu/back.wav
21:04:05.947 [FXGL Background Thread 3 ] DEBUG Engine               - soundMenuPress: menu/press.wav
21:04:05.947 [FXGL Background Thread 3 ] DEBUG Engine               - soundMenuSelect: menu/select.wav
21:04:05.947 [FXGL Background Thread 3 ] DEBUG Engine               - soundNotification: core/notification.wav
21:04:05.947 [FXGL Background Thread 3 ] DEBUG Engine               - stageStyle: DECORATED
21:04:05.947 [FXGL Background Thread 3 ] DEBUG Engine               - supportedLanguages: [ENGLISH, FRENCH, GERMAN, HUNGARIAN, RUSSIAN]
21:04:05.947 [FXGL Background Thread 3 ] DEBUG Engine               - ticksPerSecond: -1
21:04:05.947 [FXGL Background Thread 3 ] DEBUG Engine               - title: Gonvival
21:04:05.947 [FXGL Background Thread 3 ] DEBUG Engine               - urlGithub: https://github.com/AlmasB/FXGL
21:04:05.947 [FXGL Background Thread 3 ] DEBUG Engine               - urlLeaderboard: http://fxgl-top.herokuapp.com/
21:04:05.947 [FXGL Background Thread 3 ] DEBUG Engine               - urlPOM: https://raw.githubusercontent.com/AlmasB/FXGL/release/README.md
21:04:05.947 [FXGL Background Thread 3 ] DEBUG Engine               - userAppClass: class com.lab.App
21:04:05.947 [FXGL Background Thread 3 ] DEBUG Engine               - version: beta
21:04:05.947 [FXGL Background Thread 3 ] DEBUG Engine               - versionCheckDays: 7
21:04:05.947 [FXGL Background Thread 3 ] DEBUG Engine               - width: 800
21:04:05.947 [FXGL Background Thread 3 ] DEBUG Engine               - Logging services
21:04:05.947 [FXGL Background Thread 3 ] DEBUG Engine               - class com.almasb.fxgl.app.services.FXGLAssetLoaderService
21:04:05.949 [FXGL Background Thread 3 ] DEBUG Engine               - class com.almasb.fxgl.app.FXGLApplication$GameApplicationService
21:04:05.949 [FXGL Background Thread 3 ] DEBUG Engine               - class com.almasb.fxgl.app.services.FXGLDialogService
21:04:05.949 [FXGL Background Thread 3 ] DEBUG Engine               - class com.almasb.fxgl.app.services.IOTaskExecutorService
21:04:05.949 [FXGL Background Thread 3 ] DEBUG Engine               - class com.almasb.fxgl.io.FileSystemService
21:04:05.949 [FXGL Background Thread 3 ] DEBUG Engine               - class com.almasb.fxgl.localization.LocalizationService
21:04:05.949 [FXGL Background Thread 3 ] DEBUG Engine               - class com.almasb.fxgl.app.services.SystemBundleService
21:04:05.949 [FXGL Background Thread 3 ] DEBUG Engine               - class com.almasb.fxgl.profile.SaveLoadService
21:04:05.949 [FXGL Background Thread 3 ] DEBUG Engine               - class com.almasb.fxgl.ui.FXGLUIFactoryServiceProvider
21:04:05.949 [FXGL Background Thread 3 ] DEBUG Engine               - class com.almasb.fxgl.ui.FXGLDialogFactoryServiceProvider
21:04:05.949 [FXGL Background Thread 3 ] DEBUG Engine               - class com.almasb.fxgl.audio.AudioPlayer
21:04:05.949 [FXGL Background Thread 3 ] DEBUG Engine               - class com.almasb.fxgl.notification.impl.NotificationServiceProvider
21:04:05.949 [FXGL Background Thread 3 ] DEBUG Engine               - class com.almasb.fxgl.achievement.AchievementService
21:04:05.949 [FXGL Background Thread 3 ] DEBUG Engine               - class com.almasb.fxgl.cutscene.CutsceneService
21:04:05.949 [FXGL Background Thread 3 ] DEBUG Engine               - class com.almasb.fxgl.minigames.MiniGameService
21:04:05.949 [FXGL Background Thread 3 ] DEBUG Engine               - class com.almasb.fxgl.net.NetService
21:04:05.949 [FXGL Background Thread 3 ] DEBUG Engine               - class com.almasb.fxgl.app.services.UpdaterService
21:04:05.949 [FXGL Background Thread 3 ] DEBUG Engine               - class com.almasb.fxgl.dev.DevService
21:04:06.385 [JavaFX Application Thread] WARN  FXGLAssetLoaderServi - Asset "/assets/textures/bullet.png" was not found!
21:04:06.386 [JavaFX Application Thread] WARN  FXGLAssetLoaderServi - Failed to load IMAGE
21:04:06.392 [JavaFX Application Thread] WARN  FXGLAssetLoaderServi - Asset "/assets/textures/bullet.png" was not found!
21:04:06.392 [JavaFX Application Thread] WARN  FXGLAssetLoaderServi - Failed to load IMAGE
21:04:06.719 [JavaFX Application Thread] WARN  FXGLAssetLoaderServi - Asset "/assets/textures/bullet.png" was not found!
21:04:06.719 [JavaFX Application Thread] WARN  FXGLAssetLoaderServi - Failed to load IMAGE
21:04:07.509 [JavaFX Application Thread] WARN  FXGLAssetLoaderServi - Asset "/assets/textures/bullet.png" was not found!
21:04:07.509 [JavaFX Application Thread] WARN  FXGLAssetLoaderServi - Failed to load IMAGE
21:04:07.979 [JavaFX Application Thread] WARN  FXGLAssetLoaderServi - Asset "/assets/textures/bullet.png" was not found!
21:04:07.979 [JavaFX Application Thread] WARN  FXGLAssetLoaderServi - Failed to load IMAGE
21:04:08.502 [JavaFX Application Thread] WARN  FXGLAssetLoaderServi - Asset "/assets/textures/bullet.png" was not found!
21:04:08.503 [JavaFX Application Thread] WARN  FXGLAssetLoaderServi - Failed to load IMAGE
21:04:08.888 [JavaFX Application Thread] WARN  FXGLAssetLoaderServi - Asset "/assets/textures/bullet.png" was not found!
21:04:08.891 [JavaFX Application Thread] WARN  FXGLAssetLoaderServi - Failed to load IMAGE
21:04:09.745 [JavaFX Application Thread] DEBUG FXGLApplication      - Exiting FXGL
21:04:09.745 [JavaFX Application Thread] DEBUG LoopRunner           - Stopping loop
21:04:09.745 [JavaFX Application Thread] DEBUG SystemBundleService  - Saving FXGL system data
21:04:09.749 [JavaFX Application Thread] DEBUG FileSystemAccess     - Writing to: D:\Gonvival\system\fxgl.bundle
21:04:09.754 [JavaFX Application Thread] DEBUG Async                - Shutting down background threads
21:04:09.754 [JavaFX Application Thread] DEBUG PrimaryStageWindow   - Closing main window
21:04:09.843 [JavaFX Application Thread] DEBUG Logger               - Closing Logger
