03:44:10.277 [main                     ] DEBUG Logger               - Configured Logger
03:44:10.313 [main                     ] DEBUG GameApplication      - Logging settings
Title: Gonvival
Version: beta
Width: 800
Height: 800
Fullscreen: false
Intro: false
Profiling: false
Single step:false
App Mode: DEVELOPER
Menu Key: ESCAPE
Stage Style: DECORATED
Scene Factory: class com.lab.App$1

03:44:11.024 [JavaFX Application Thread] DEBUG FXGLApplication      - Initializing FXGL
03:44:11.036 [JavaFX Application Thread] INFO  Engine               - FXGL-21.1 (27.03.2024 07.52) on WINDOWS (J:21.0.5 FX:21.0.1)
03:44:11.041 [JavaFX Application Thread] DEBUG Engine               - JRE Vendor Name: Eclipse Adoptium
03:44:11.042 [JavaFX Application Thread] DEBUG Engine               - Running on OS: Windows 10 version 10.0
03:44:11.042 [JavaFX Application Thread] DEBUG Engine               - Architecture: amd64
03:44:11.042 [JavaFX Application Thread] INFO  Engine               - Source code and latest versions at: https://github.com/AlmasB/FXGL
03:44:11.044 [JavaFX Application Thread] INFO  Engine               -       Ask questions and discuss at: https://github.com/AlmasB/FXGL/discussions
03:44:11.045 [JavaFX Application Thread] INFO  Engine               -              Join the FXGL chat at: https://gitter.im/AlmasB/FXGL
03:44:11.323 [JavaFX Application Thread] DEBUG PrimaryStageWindow   - Creating a JavaFX scene
03:44:11.323 [JavaFX Application Thread] DEBUG PrimaryStageWindow   - Target size > screen size
03:44:11.456 [JavaFX Application Thread] DEBUG PrimaryStageWindow   - Target settings size: 800.0 x 800.0
03:44:11.457 [JavaFX Application Thread] DEBUG PrimaryStageWindow   - Scaled scene size:    703.0 x 728.0
03:44:11.457 [JavaFX Application Thread] DEBUG PrimaryStageWindow   - Scaled ratio: (0.87875, 0.91)
03:44:11.459 [JavaFX Application Thread] DEBUG PrimaryStageWindow   - Set initial scene to FXGLStartupScene
03:44:11.465 [JavaFX Application Thread] DEBUG PrimaryStageWindow   - Opening main window
03:44:11.587 [JavaFX Application Thread] DEBUG PrimaryStageWindow   - Window border size: (16.0, 39.0)
03:44:11.588 [JavaFX Application Thread] DEBUG PrimaryStageWindow   - Scaled size: 703.0 x 728.0
03:44:11.588 [JavaFX Application Thread] DEBUG PrimaryStageWindow   - Scaled ratio: (0.87875, 0.91)
03:44:11.589 [JavaFX Application Thread] DEBUG PrimaryStageWindow   - Scene size: 703.0 x 728.0
03:44:11.589 [JavaFX Application Thread] DEBUG PrimaryStageWindow   - Stage size: 719.0 x 767.0
03:44:11.606 [FXGL Background Thread 1 ] DEBUG Engine               - Initializing environment variables
03:44:11.779 [FXGL Background Thread 1 ] DEBUG FXGLAssetLoaderServi - User app class for loading assets: class com.lab.App
03:44:11.780 [FXGL Background Thread 1 ] DEBUG GameApplicationServi - Applying CSS: fxgl_dark.css
03:44:11.782 [FXGL Background Thread 1 ] DEBUG FXGLAssetLoaderServi - Loading from file system: jar:file:/C:/Users/Khana/.m2/repository/com/github/almasb/fxgl/21.1/fxgl-21.1.jar!/fxglassets/ui/css/fxgl_dark.css
03:44:11.903 [FXGL Background Thread 1 ] DEBUG GameApplicationServi - Initializing application scenes
03:44:12.126 [FXGL Background Thread 1 ] DEBUG GameWorld            - Game world initialized
03:44:12.230 [FXGL Background Thread 1 ] DEBUG PhysicsWorld         - Physics world initialized: appHeight=800, physics.ppm=50.0
03:44:12.230 [FXGL Background Thread 1 ] DEBUG PhysicsWorld         - Using strategy: BRUTE_FORCE
03:44:12.240 [FXGL Background Thread 1 ] DEBUG GameScene            - Game scene initialized: 800x800
03:44:12.310 [FXGL Background Thread 1 ] DEBUG FXGL.DefaultMenu     - createMenuBodyGameMenu()
03:44:12.329 [FXGL Background Thread 1 ] DEBUG FXGL.DefaultMenu     - createOptionsMenu()
03:44:12.345 [FXGL Background Thread 1 ] DEBUG FXGLAssetLoaderServi - Loading from file system: jar:file:/C:/Users/Khana/.m2/repository/com/github/almasb/fxgl/21.1/fxgl-21.1.jar!/fxglassets/textures/particles/smoke.png
03:44:12.531 [FXGL Background Thread 1 ] DEBUG FXGLAssetLoaderServi - Loading from file system: jar:file:/C:/Users/Khana/.m2/repository/com/github/almasb/fxgl/21.1/fxgl-21.1.jar!/fxglassets/textures/particles/trace_horizontal.png
03:44:12.586 [FXGL Background Thread 1 ] DEBUG GameApplicationServi - Application scenes initialized
03:44:12.611 [FXGL Background Thread 1 ] DEBUG SystemBundleService  - Loading FXGL system data
03:44:12.642 [FXGL Background Thread 1 ] DEBUG FileSystemAccess     - Reading from: E:\Labs\Gonvival\system\fxgl.bundle
03:44:12.657 [FXGL Background Thread 1 ] DEBUG SystemBundleService  - Bundle FXGL: {}
03:44:12.658 [FXGL Background Thread 1 ] DEBUG UpdaterService       - Checking for updates
03:44:12.664 [FXGL Background Thread 4 ] DEBUG FXGLApplication      - Loading fonts
03:44:12.664 [FXGL Background Thread 1 ] DEBUG FXGLApplication      - Loading default localization
03:44:12.666 [FXGL Background Thread 1 ] DEBUG FXGLAssetLoaderServi - Loading from file system: jar:file:/C:/Users/Khana/.m2/repository/com/github/almasb/fxgl/21.1/fxgl-21.1.jar!/fxglassets/languages/english.lang
03:44:12.667 [FXGL Background Thread 4 ] DEBUG FXGLAssetLoaderServi - Loading from file system: jar:file:/C:/Users/Khana/.m2/repository/com/github/almasb/fxgl/21.1/fxgl-21.1.jar!/fxglassets/ui/fonts/VarelaRound-Regular.ttf
03:44:12.738 [FXGL Background Thread 1 ] INFO  FXGLApplication      - FXGL initialization took: 1.131 sec
03:44:12.768 [FXGL Background Thread 4 ] DEBUG FXGLAssetLoaderServi - Loading from file system: jar:file:/C:/Users/Khana/.m2/repository/com/github/almasb/fxgl/21.1/fxgl-21.1.jar!/fxglassets/ui/fonts/Abel-Regular.ttf
03:44:12.778 [FXGL Background Thread 4 ] DEBUG FXGLAssetLoaderServi - Loading from file system: jar:file:/C:/Users/Khana/.m2/repository/com/github/almasb/fxgl/21.1/fxgl-21.1.jar!/fxglassets/ui/fonts/TerminalLandMono-Regular.otf
03:44:12.787 [FXGL Background Thread 4 ] DEBUG FXGLAssetLoaderServi - Loading from file system: jar:file:/C:/Users/Khana/.m2/repository/com/github/almasb/fxgl/21.1/fxgl-21.1.jar!/fxglassets/ui/fonts/Courier-Prime.ttf
03:44:12.801 [JavaFX Application Thread] DEBUG FXGLApplication      - Registering font factories with UI factory
03:44:12.805 [JavaFX Application Thread] DEBUG FXGLAssetLoaderServi - Loading from file system: jar:file:/C:/Users/Khana/.m2/repository/com/github/almasb/fxgl/21.1/fxgl-21.1.jar!/fxglassets/textures/fxgl_icon.png
03:44:12.856 [JavaFX Application Thread] DEBUG FXGLAssetLoaderServi - Loading from file system: jar:file:/C:/Users/Khana/.m2/repository/com/github/almasb/fxgl/21.1/fxgl-21.1.jar!/fxglassets/textures/fxgl_default_cursor.png
03:44:12.876 [JavaFX Application Thread] DEBUG Input                - Registered new binding: Screenshot - CTRL+8
03:44:12.878 [JavaFX Application Thread] DEBUG Input                - Registered new binding: System info dump - CTRL+9
03:44:12.878 [JavaFX Application Thread] DEBUG Input                - Registered new binding: Restart - CTRL+R
03:44:12.879 [JavaFX Application Thread] DEBUG Input                - Registered new binding: Toggle Debug Camera - CTRL+7
03:44:12.886 [JavaFX Application Thread] DEBUG LoopRunner           - Starting loop
03:44:12.886 [JavaFX Application Thread] DEBUG LoopRunner           - Initializing JavaFX AnimationTimerLoop
03:44:12.894 [JavaFX Application Thread] DEBUG Input                - Clearing active input actions
03:44:12.910 [JavaFX Application Thread] DEBUG GameApplicationServi - Removing overlay from FXGLStartupScene and adding to FXGLMainMenuDummyScene
03:44:12.911 [JavaFX Application Thread] DEBUG PrimaryStageWindow   - FXGLStartupScene -> FXGLMainMenuDummyScene
03:44:12.911 [JavaFX Application Thread] DEBUG PrimaryStageWindow   - Push state: StartScreen
03:44:12.914 [JavaFX Application Thread] DEBUG Input                - Clearing active input actions
03:44:12.942 [JavaFX Application Thread] DEBUG GameApplicationServi - Removing overlay from FXGLMainMenuDummyScene and adding to StartScreen
03:44:12.943 [JavaFX Application Thread] DEBUG PrimaryStageWindow   - FXGLMainMenuDummyScene -> StartScreen
03:44:13.789 [JavaFX Application Thread] DEBUG Menu                 - fireNewGame()
03:44:13.790 [JavaFX Application Thread] DEBUG GameApplicationServi - Starting new game
03:44:13.790 [JavaFX Application Thread] DEBUG PrimaryStageWindow   - Pop state: StartScreen
03:44:13.790 [JavaFX Application Thread] DEBUG Input                - Clearing active input actions
03:44:13.791 [JavaFX Application Thread] DEBUG GameApplicationServi - Removing overlay from StartScreen and adding to FXGLMainMenuDummyScene
03:44:13.792 [JavaFX Application Thread] DEBUG PrimaryStageWindow   - FXGLMainMenuDummyScene <- StartScreen
03:44:13.793 [JavaFX Application Thread] DEBUG Input                - Clearing active input actions
03:44:13.811 [JavaFX Application Thread] DEBUG GameApplicationServi - Removing overlay from FXGLMainMenuDummyScene and adding to FXGLLoadingScene
03:44:13.812 [JavaFX Application Thread] DEBUG PrimaryStageWindow   - FXGLMainMenuDummyScene -> FXGLLoadingScene
03:44:13.812 [JavaFX Application Thread] DEBUG GameApplicationServi - Clearing previous game
03:44:13.812 [JavaFX Application Thread] DEBUG GameScene            - Clearing game scene
03:44:13.812 [JavaFX Application Thread] DEBUG GameWorld            - Clearing game world
03:44:13.812 [JavaFX Application Thread] DEBUG PhysicsWorld         - Clearing physics world
03:44:13.834 [FXGL Background Thread 1 ] DEBUG FXGLApplication      - Initializing game
03:44:13.852 [FXGL Background Thread 1 ] DEBUG FXGLAssetLoaderServi - Loading from file system: file:/E:/Labs/Gonvival/game/target/classes/assets/textures/newmap2.png
03:44:14.026 [FXGL Background Thread 1 ] DEBUG FXGLAssetLoaderServi - Loading from file system: file:/E:/Labs/Gonvival/game/target/classes/assets/textures/point.jpg
03:44:14.220 [JavaFX Application Thread] DEBUG LoopRunner           - Stopping loop
03:44:14.223 [JavaFX Application Thread] FATAL FXGLApplication      - Uncaught Exception:
java.lang.RuntimeException: Initialization failed
	at com.almasb.fxgl.app.FXGLApplication$InitAppTask.failed(FXGLApplication.kt:347)
	at javafx.concurrent.Task.setState(Task.java:710)
	at javafx.concurrent.Task$TaskCallable.lambda$call$2(Task.java:1429)
	at com.sun.javafx.application.PlatformImpl.lambda$runLater$10(PlatformImpl.java:456)
	at java.base/java.security.AccessController.doPrivileged(AccessController.java:400)
	at com.sun.javafx.application.PlatformImpl.lambda$runLater$11(PlatformImpl.java:455)
	at com.sun.glass.ui.InvokeLaterDispatcher$Future.run(InvokeLaterDispatcher.java:95)
	at com.sun.glass.ui.win.WinApplication._runLoop(Native Method)
	at com.sun.glass.ui.win.WinApplication.lambda$runLoop$3(WinApplication.java:185)
	at java.base/java.lang.Thread.run(Thread.java:1583)
Caused by: java.lang.IllegalArgumentException: Property highScore does not exist
	at com.almasb.fxgl.core.collection.PropertyMap.get(PropertyMap.kt:298)
	at com.almasb.fxgl.core.collection.PropertyMap.intProperty(PropertyMap.kt:191)
	at com.lab.PointUI.<init>(PointUI.java:42)
	at com.lab.App.initGame(App.java:89)
	at com.almasb.fxgl.app.FXGLApplication$InitAppTask.initGame(FXGLApplication.kt:343)
	at com.almasb.fxgl.app.FXGLApplication$InitAppTask.call(FXGLApplication.kt:321)
	at com.almasb.fxgl.app.FXGLApplication$InitAppTask.call(FXGLApplication.kt:313)
	at javafx.concurrent.Task$TaskCallable.call(Task.java:1399)
	at java.base/java.util.concurrent.FutureTask.run(FutureTask.java:317)
	at java.base/java.util.concurrent.Executors$RunnableAdapter.call(Executors.java:572)
	at java.base/java.util.concurrent.FutureTask.run(FutureTask.java:317)
	at java.base/java.util.concurrent.ThreadPoolExecutor.runWorker(ThreadPoolExecutor.java:1144)
	at java.base/java.util.concurrent.ThreadPoolExecutor$Worker.run(ThreadPoolExecutor.java:642)
	... 1 more

03:44:14.230 [JavaFX Application Thread] FATAL FXGLApplication      - Application will now exit
03:44:14.269 [JavaFX Application Thread] DEBUG PrimaryStageWindow   - Push state: ErrorSubScene
03:44:14.269 [JavaFX Application Thread] DEBUG Input                - Clearing active input actions
03:44:14.276 [JavaFX Application Thread] DEBUG GameApplicationServi - Removing overlay from FXGLLoadingScene and adding to ErrorSubScene
03:44:14.276 [JavaFX Application Thread] DEBUG PrimaryStageWindow   - FXGLLoadingScene -> ErrorSubScene
03:44:15.662 [FXGL Background Thread 3 ] DEBUG Engine               - Logging environment variables
03:44:15.662 [FXGL Background Thread 3 ] DEBUG Engine               - achievements: []
03:44:15.662 [FXGL Background Thread 3 ] DEBUG Engine               - actualHeight: 728.0
03:44:15.662 [FXGL Background Thread 3 ] DEBUG Engine               - actualHeightProperty: ReadOnlyDoubleProperty [value: 728.0]
03:44:15.662 [FXGL Background Thread 3 ] DEBUG Engine               - actualWidth: 703.0
03:44:15.662 [FXGL Background Thread 3 ] DEBUG Engine               - actualWidthProperty: ReadOnlyDoubleProperty [value: 703.0]
03:44:15.662 [FXGL Background Thread 3 ] DEBUG Engine               - appIcon: fxgl_icon.png
03:44:15.662 [FXGL Background Thread 3 ] DEBUG Engine               - applicationMode: DEVELOPER
03:44:15.662 [FXGL Background Thread 3 ] DEBUG Engine               - cSSList: [fxgl_dark.css]
03:44:15.662 [FXGL Background Thread 3 ] DEBUG Engine               - collisionDetectionStrategy: BRUTE_FORCE
03:44:15.662 [FXGL Background Thread 3 ] DEBUG Engine               - configClass: Optional.empty
03:44:15.662 [FXGL Background Thread 3 ] DEBUG Engine               - credits: []
03:44:15.662 [FXGL Background Thread 3 ] DEBUG Engine               - defaultCursor: CursorInfo(imageName=fxgl_default_cursor.png, hotspotX=7.0, hotspotY=6.0)
03:44:15.663 [FXGL Background Thread 3 ] DEBUG Engine               - devBBoxColorProperty: ObjectProperty [value: 0xff0000ff]
03:44:15.663 [FXGL Background Thread 3 ] DEBUG Engine               - devEnableDebugCameraProperty: BooleanProperty [value: false]
03:44:15.663 [FXGL Background Thread 3 ] DEBUG Engine               - devSensorColorProperty: ObjectProperty [value: 0xffff00ff]
03:44:15.663 [FXGL Background Thread 3 ] DEBUG Engine               - devShowBBoxProperty: BooleanProperty [value: false]
03:44:15.663 [FXGL Background Thread 3 ] DEBUG Engine               - devShowPositionProperty: BooleanProperty [value: false]
03:44:15.663 [FXGL Background Thread 3 ] DEBUG Engine               - enabledMenuItems: []
03:44:15.663 [FXGL Background Thread 3 ] DEBUG Engine               - engineServices: [class com.almasb.fxgl.app.services.FXGLAssetLoaderService, class com.almasb.fxgl.app.FXGLApplication$GameApplicationService, class com.almasb.fxgl.app.services.FXGLDialogService, class com.almasb.fxgl.app.services.IOTaskExecutorService, class com.almasb.fxgl.io.FileSystemService, class com.almasb.fxgl.localization.LocalizationService, class com.almasb.fxgl.app.services.SystemBundleService, class com.almasb.fxgl.profile.SaveLoadService, class com.almasb.fxgl.ui.FXGLUIFactoryServiceProvider, class com.almasb.fxgl.ui.FXGLDialogFactoryServiceProvider, class com.almasb.fxgl.audio.AudioPlayer, class com.almasb.fxgl.notification.impl.NotificationServiceProvider, class com.almasb.fxgl.achievement.AchievementService, class com.almasb.fxgl.cutscene.CutsceneService, class com.almasb.fxgl.minigames.MiniGameService, class com.almasb.fxgl.net.NetService, class com.almasb.fxgl.app.services.UpdaterService, class com.almasb.fxgl.dev.DevService]
03:44:15.663 [FXGL Background Thread 3 ] DEBUG Engine               - fontGame: Abel-Regular.ttf
03:44:15.663 [FXGL Background Thread 3 ] DEBUG Engine               - fontMono: TerminalLandMono-Regular.otf
03:44:15.663 [FXGL Background Thread 3 ] DEBUG Engine               - fontSizeScaleUI: 1.0
03:44:15.663 [FXGL Background Thread 3 ] DEBUG Engine               - fontText: Courier-Prime.ttf
03:44:15.663 [FXGL Background Thread 3 ] DEBUG Engine               - fontUI: VarelaRound-Regular.ttf
03:44:15.663 [FXGL Background Thread 3 ] DEBUG Engine               - fullScreen: BooleanProperty [value: false]
03:44:15.663 [FXGL Background Thread 3 ] DEBUG Engine               - gameDifficulty: MEDIUM
03:44:15.664 [FXGL Background Thread 3 ] DEBUG Engine               - gameDifficultyProperty: ObjectProperty [value: MEDIUM]
03:44:15.664 [FXGL Background Thread 3 ] DEBUG Engine               - globalMusicVolume: 0.5
03:44:15.665 [FXGL Background Thread 3 ] DEBUG Engine               - globalMusicVolumeProperty: DoubleProperty [value: 1.0]
03:44:15.666 [FXGL Background Thread 3 ] DEBUG Engine               - globalSoundVolume: 0.5
03:44:15.666 [FXGL Background Thread 3 ] DEBUG Engine               - globalSoundVolumeProperty: DoubleProperty [value: 1.0]
03:44:15.667 [FXGL Background Thread 3 ] DEBUG Engine               - height: 800
03:44:15.667 [FXGL Background Thread 3 ] DEBUG Engine               - is3D: false
03:44:15.667 [FXGL Background Thread 3 ] DEBUG Engine               - isAndroid: false
03:44:15.667 [FXGL Background Thread 3 ] DEBUG Engine               - isBrowser: false
03:44:15.667 [FXGL Background Thread 3 ] DEBUG Engine               - isClickFeedbackEnabled: false
03:44:15.667 [FXGL Background Thread 3 ] DEBUG Engine               - isCloseConfirmation: false
03:44:15.667 [FXGL Background Thread 3 ] DEBUG Engine               - isDesktop: true
03:44:15.667 [FXGL Background Thread 3 ] DEBUG Engine               - isDeveloperMenuEnabled: false
03:44:15.667 [FXGL Background Thread 3 ] DEBUG Engine               - isEmbedded: false
03:44:15.667 [FXGL Background Thread 3 ] DEBUG Engine               - isEntityPreloadEnabled: true
03:44:15.667 [FXGL Background Thread 3 ] DEBUG Engine               - isExperimentalTiledLargeMap: false
03:44:15.668 [FXGL Background Thread 3 ] DEBUG Engine               - isFileSystemWriteAllowed: true
03:44:15.668 [FXGL Background Thread 3 ] DEBUG Engine               - isFullScreenAllowed: false
03:44:15.668 [FXGL Background Thread 3 ] DEBUG Engine               - isFullScreenFromStart: false
03:44:15.668 [FXGL Background Thread 3 ] DEBUG Engine               - isGameMenuEnabled: true
03:44:15.668 [FXGL Background Thread 3 ] DEBUG Engine               - isIOS: false
03:44:15.668 [FXGL Background Thread 3 ] DEBUG Engine               - isIntroEnabled: false
03:44:15.668 [FXGL Background Thread 3 ] DEBUG Engine               - isLinux: false
03:44:15.668 [FXGL Background Thread 3 ] DEBUG Engine               - isMac: false
03:44:15.668 [FXGL Background Thread 3 ] DEBUG Engine               - isMainMenuEnabled: true
03:44:15.668 [FXGL Background Thread 3 ] DEBUG Engine               - isManualResizeEnabled: false
03:44:15.668 [FXGL Background Thread 3 ] DEBUG Engine               - isMobile: false
03:44:15.668 [FXGL Background Thread 3 ] DEBUG Engine               - isNative: false
03:44:15.668 [FXGL Background Thread 3 ] DEBUG Engine               - isPauseMusicWhenMinimized: true
03:44:15.668 [FXGL Background Thread 3 ] DEBUG Engine               - isPreserveResizeRatio: false
03:44:15.668 [FXGL Background Thread 3 ] DEBUG Engine               - isProfilingEnabled: false
03:44:15.668 [FXGL Background Thread 3 ] DEBUG Engine               - isScaleAffectedOnResize: true
03:44:15.668 [FXGL Background Thread 3 ] DEBUG Engine               - isSingleStep: false
03:44:15.668 [FXGL Background Thread 3 ] DEBUG Engine               - isUserProfileEnabled: false
03:44:15.668 [FXGL Background Thread 3 ] DEBUG Engine               - isWindows: true
03:44:15.668 [FXGL Background Thread 3 ] DEBUG Engine               - language: ObjectProperty [value: ENGLISH]
03:44:15.668 [FXGL Background Thread 3 ] DEBUG Engine               - menuKey: ESCAPE
03:44:15.668 [FXGL Background Thread 3 ] DEBUG Engine               - mouseSensitivity: 0.2
03:44:15.668 [FXGL Background Thread 3 ] DEBUG Engine               - notificationViewClass: class com.almasb.fxgl.notification.view.XboxNotificationView
03:44:15.669 [FXGL Background Thread 3 ] DEBUG Engine               - pixelsPerMeter: 50.0
03:44:15.669 [FXGL Background Thread 3 ] DEBUG Engine               - platform: WINDOWS
03:44:15.669 [FXGL Background Thread 3 ] DEBUG Engine               - prefHeightProperty: ReadOnlyDoubleProperty [value: 800.0]
03:44:15.669 [FXGL Background Thread 3 ] DEBUG Engine               - prefWidthProperty: ReadOnlyDoubleProperty [value: 800.0]
03:44:15.669 [FXGL Background Thread 3 ] DEBUG Engine               - profileDir: profiles/
03:44:15.669 [FXGL Background Thread 3 ] DEBUG Engine               - profileName: StringProperty [value: DEFAULT]
03:44:15.669 [FXGL Background Thread 3 ] DEBUG Engine               - randomSeed: -1
03:44:15.669 [FXGL Background Thread 3 ] DEBUG Engine               - runtimeInfo: RuntimeInfo(platform=WINDOWS, version=21.1, build=27.03.2024 07.52)
03:44:15.669 [FXGL Background Thread 3 ] DEBUG Engine               - saveFileExt: sav
03:44:15.669 [FXGL Background Thread 3 ] DEBUG Engine               - scaledHeightProp$fxgl: DoubleProperty [bound, value: 728.0]
03:44:15.669 [FXGL Background Thread 3 ] DEBUG Engine               - scaledWidthProp$fxgl: DoubleProperty [bound, value: 703.0]
03:44:15.669 [FXGL Background Thread 3 ] DEBUG Engine               - sceneFactory: com.lab.App$1@64df8a14
03:44:15.669 [FXGL Background Thread 3 ] DEBUG Engine               - secondsIn24h: 60
03:44:15.669 [FXGL Background Thread 3 ] DEBUG Engine               - soundMenuBack: menu/back.wav
03:44:15.669 [FXGL Background Thread 3 ] DEBUG Engine               - soundMenuPress: menu/press.wav
03:44:15.670 [FXGL Background Thread 3 ] DEBUG Engine               - soundMenuSelect: menu/select.wav
03:44:15.670 [FXGL Background Thread 3 ] DEBUG Engine               - soundNotification: core/notification.wav
03:44:15.670 [FXGL Background Thread 3 ] DEBUG Engine               - stageStyle: DECORATED
03:44:15.670 [FXGL Background Thread 3 ] DEBUG Engine               - supportedLanguages: [ENGLISH, FRENCH, GERMAN, HUNGARIAN, RUSSIAN]
03:44:15.670 [FXGL Background Thread 3 ] DEBUG Engine               - ticksPerSecond: -1
03:44:15.670 [FXGL Background Thread 3 ] DEBUG Engine               - title: Gonvival
03:44:15.670 [FXGL Background Thread 3 ] DEBUG Engine               - urlGithub: https://github.com/AlmasB/FXGL
03:44:15.670 [FXGL Background Thread 3 ] DEBUG Engine               - urlLeaderboard: http://fxgl-top.herokuapp.com/
03:44:15.670 [FXGL Background Thread 3 ] DEBUG Engine               - urlPOM: https://raw.githubusercontent.com/AlmasB/FXGL/release/README.md
03:44:15.670 [FXGL Background Thread 3 ] DEBUG Engine               - userAppClass: class com.lab.App
03:44:15.670 [FXGL Background Thread 3 ] DEBUG Engine               - version: beta
03:44:15.670 [FXGL Background Thread 3 ] DEBUG Engine               - versionCheckDays: 7
03:44:15.670 [FXGL Background Thread 3 ] DEBUG Engine               - width: 800
03:44:15.670 [FXGL Background Thread 3 ] DEBUG Engine               - Logging services
03:44:15.670 [FXGL Background Thread 3 ] DEBUG Engine               - class com.almasb.fxgl.app.services.FXGLAssetLoaderService
03:44:15.670 [FXGL Background Thread 3 ] DEBUG Engine               - class com.almasb.fxgl.app.FXGLApplication$GameApplicationService
03:44:15.670 [FXGL Background Thread 3 ] DEBUG Engine               - class com.almasb.fxgl.app.services.FXGLDialogService
03:44:15.670 [FXGL Background Thread 3 ] DEBUG Engine               - class com.almasb.fxgl.app.services.IOTaskExecutorService
03:44:15.670 [FXGL Background Thread 3 ] DEBUG Engine               - class com.almasb.fxgl.io.FileSystemService
03:44:15.670 [FXGL Background Thread 3 ] DEBUG Engine               - class com.almasb.fxgl.localization.LocalizationService
03:44:15.670 [FXGL Background Thread 3 ] DEBUG Engine               - class com.almasb.fxgl.app.services.SystemBundleService
03:44:15.670 [FXGL Background Thread 3 ] DEBUG Engine               - class com.almasb.fxgl.profile.SaveLoadService
03:44:15.670 [FXGL Background Thread 3 ] DEBUG Engine               - class com.almasb.fxgl.ui.FXGLUIFactoryServiceProvider
03:44:15.670 [FXGL Background Thread 3 ] DEBUG Engine               - class com.almasb.fxgl.ui.FXGLDialogFactoryServiceProvider
03:44:15.670 [FXGL Background Thread 3 ] DEBUG Engine               - class com.almasb.fxgl.audio.AudioPlayer
03:44:15.670 [FXGL Background Thread 3 ] DEBUG Engine               - class com.almasb.fxgl.notification.impl.NotificationServiceProvider
03:44:15.670 [FXGL Background Thread 3 ] DEBUG Engine               - class com.almasb.fxgl.achievement.AchievementService
03:44:15.670 [FXGL Background Thread 3 ] DEBUG Engine               - class com.almasb.fxgl.cutscene.CutsceneService
03:44:15.671 [FXGL Background Thread 3 ] DEBUG Engine               - class com.almasb.fxgl.minigames.MiniGameService
03:44:15.671 [FXGL Background Thread 3 ] DEBUG Engine               - class com.almasb.fxgl.net.NetService
03:44:15.671 [FXGL Background Thread 3 ] DEBUG Engine               - class com.almasb.fxgl.app.services.UpdaterService
03:44:15.671 [FXGL Background Thread 3 ] DEBUG Engine               - class com.almasb.fxgl.dev.DevService
03:46:36.157 [JavaFX Application Thread] DEBUG FXGLApplication      - Exiting FXGL
03:46:36.157 [JavaFX Application Thread] DEBUG Async                - Shutting down background threads
03:46:36.158 [JavaFX Application Thread] DEBUG PrimaryStageWindow   - Closing main window
03:46:36.170 [JavaFX Application Thread] DEBUG Logger               - Closing Logger
