06:26:24.664 [main                     ] DEBUG Logger               - Configured Logger
06:26:24.710 [main                     ] DEBUG GameApplication      - Logging settings
Title: Gonvival
Version: beta
Width: 800
Height: 800
Fullscreen: false
Intro: false
Profiling: false
Single step:false
App Mode: DEVELOPER
Menu Key: ESCAPE
Stage Style: DECORATED
Scene Factory: class com.lab.App$1

06:26:25.448 [JavaFX Application Thread] DEBUG FXGLApplication      - Initializing FXGL
06:26:25.453 [JavaFX Application Thread] INFO  Engine               - FXGL-21.1 (27.03.2024 07.52) on WINDOWS (J:21.0.5 FX:21.0.1)
06:26:25.453 [JavaFX Application Thread] DEBUG Engine               - JRE Vendor Name: Eclipse Adoptium
06:26:25.454 [JavaFX Application Thread] DEBUG Engine               - Running on OS: Windows 10 version 10.0
06:26:25.454 [JavaFX Application Thread] DEBUG Engine               - Architecture: amd64
06:26:25.454 [JavaFX Application Thread] INFO  Engine               - Source code and latest versions at: https://github.com/AlmasB/FXGL
06:26:25.455 [JavaFX Application Thread] INFO  Engine               -       Ask questions and discuss at: https://github.com/AlmasB/FXGL/discussions
06:26:25.472 [JavaFX Application Thread] INFO  Engine               -              Join the FXGL chat at: https://gitter.im/AlmasB/FXGL
06:26:25.773 [JavaFX Application Thread] DEBUG PrimaryStageWindow   - Creating a JavaFX scene
06:26:25.773 [JavaFX Application Thread] DEBUG PrimaryStageWindow   - Target size > screen size
06:26:25.886 [JavaFX Application Thread] DEBUG PrimaryStageWindow   - Target settings size: 800.0 x 800.0
06:26:25.887 [JavaFX Application Thread] DEBUG PrimaryStageWindow   - Scaled scene size:    743.0 x 768.0
06:26:25.887 [JavaFX Application Thread] DEBUG PrimaryStageWindow   - Scaled ratio: (0.92875, 0.96)
06:26:25.889 [JavaFX Application Thread] DEBUG PrimaryStageWindow   - Set initial scene to FXGLStartupScene
06:26:25.896 [JavaFX Application Thread] DEBUG PrimaryStageWindow   - Opening main window
06:26:26.071 [JavaFX Application Thread] DEBUG PrimaryStageWindow   - Window border size: (16.0, 39.0)
06:26:26.072 [JavaFX Application Thread] DEBUG PrimaryStageWindow   - Scaled size: 743.0 x 768.0
06:26:26.072 [JavaFX Application Thread] DEBUG PrimaryStageWindow   - Scaled ratio: (0.92875, 0.96)
06:26:26.073 [JavaFX Application Thread] DEBUG PrimaryStageWindow   - Scene size: 743.0 x 768.0
06:26:26.073 [JavaFX Application Thread] DEBUG PrimaryStageWindow   - Stage size: 759.0 x 807.0
06:26:26.102 [FXGL Background Thread 1 ] DEBUG Engine               - Initializing environment variables
06:26:26.305 [FXGL Background Thread 1 ] DEBUG FXGLAssetLoaderServi - User app class for loading assets: class com.lab.App
06:26:26.305 [FXGL Background Thread 1 ] DEBUG GameApplicationServi - Applying CSS: fxgl_dark.css
06:26:26.306 [FXGL Background Thread 1 ] DEBUG FXGLAssetLoaderServi - Loading from file system: jar:file:/C:/Users/Khana/.m2/repository/com/github/almasb/fxgl/21.1/fxgl-21.1.jar!/fxglassets/ui/css/fxgl_dark.css
06:26:26.431 [FXGL Background Thread 1 ] DEBUG GameApplicationServi - Initializing application scenes
06:26:26.664 [FXGL Background Thread 1 ] DEBUG GameWorld            - Game world initialized
06:26:26.821 [FXGL Background Thread 1 ] DEBUG PhysicsWorld         - Physics world initialized: appHeight=800, physics.ppm=50.0
06:26:26.821 [FXGL Background Thread 1 ] DEBUG PhysicsWorld         - Using strategy: BRUTE_FORCE
06:26:26.831 [FXGL Background Thread 1 ] DEBUG GameScene            - Game scene initialized: 800x800
06:26:26.835 [FXGL Background Thread 1 ] WARN  FXGLAssetLoaderServi - Asset "/assets/music/menu_music.mp3" was not found!
06:26:26.836 [FXGL Background Thread 1 ] WARN  FXGLAssetLoaderServi - Failed to load MUSIC
06:26:26.839 [FXGL Background Thread 1 ] DEBUG FXGLAssetLoaderServi - Loading from file system: file:/E:/Labs/Gonvival/game/target/classes/assets/sounds/button_click.mp3
06:26:27.002 [FXGL Background Thread 1 ] DEBUG AudioPlayer          - Playing music com.almasb.fxgl.audio.Music@6a452bf1
06:26:27.002 [FXGL Background Thread 1 ] DEBUG AudioPlayer          - Playing music com.almasb.fxgl.audio.Music@6a452bf1
06:26:27.101 [FXGL Background Thread 1 ] DEBUG FXGL.DefaultMenu     - createMenuBodyGameMenu()
06:26:27.126 [FXGL Background Thread 1 ] DEBUG FXGL.DefaultMenu     - createOptionsMenu()
06:26:27.142 [FXGL Background Thread 1 ] DEBUG FXGLAssetLoaderServi - Loading from file system: jar:file:/C:/Users/Khana/.m2/repository/com/github/almasb/fxgl/21.1/fxgl-21.1.jar!/fxglassets/textures/particles/smoke.png
06:26:27.334 [FXGL Background Thread 1 ] DEBUG FXGLAssetLoaderServi - Loading from file system: jar:file:/C:/Users/Khana/.m2/repository/com/github/almasb/fxgl/21.1/fxgl-21.1.jar!/fxglassets/textures/particles/trace_horizontal.png
06:26:27.400 [FXGL Background Thread 1 ] DEBUG GameApplicationServi - Application scenes initialized
06:26:27.439 [FXGL Background Thread 1 ] DEBUG SystemBundleService  - Loading FXGL system data
06:26:27.451 [FXGL Background Thread 1 ] DEBUG FileSystemAccess     - Reading from: E:\Labs\Gonvival\system\fxgl.bundle
06:26:27.473 [FXGL Background Thread 1 ] DEBUG SystemBundleService  - Bundle FXGL: {}
06:26:27.473 [FXGL Background Thread 1 ] DEBUG UpdaterService       - Checking for updates
06:26:27.487 [FXGL Background Thread 1 ] DEBUG FXGLApplication      - Loading default localization
06:26:27.488 [FXGL Background Thread 1 ] DEBUG FXGLAssetLoaderServi - Loading from file system: jar:file:/C:/Users/Khana/.m2/repository/com/github/almasb/fxgl/21.1/fxgl-21.1.jar!/fxglassets/languages/english.lang
06:26:27.538 [FXGL Background Thread 1 ] INFO  FXGLApplication      - FXGL initialization took: 1.436 sec
06:26:27.540 [FXGL Background Thread 4 ] DEBUG FXGLApplication      - Loading fonts
06:26:27.546 [FXGL Background Thread 4 ] DEBUG FXGLAssetLoaderServi - Loading from file system: jar:file:/C:/Users/Khana/.m2/repository/com/github/almasb/fxgl/21.1/fxgl-21.1.jar!/fxglassets/ui/fonts/VarelaRound-Regular.ttf
06:26:27.639 [FXGL Background Thread 4 ] DEBUG FXGLAssetLoaderServi - Loading from file system: jar:file:/C:/Users/Khana/.m2/repository/com/github/almasb/fxgl/21.1/fxgl-21.1.jar!/fxglassets/ui/fonts/Abel-Regular.ttf
06:26:27.653 [FXGL Background Thread 4 ] DEBUG FXGLAssetLoaderServi - Loading from file system: jar:file:/C:/Users/Khana/.m2/repository/com/github/almasb/fxgl/21.1/fxgl-21.1.jar!/fxglassets/ui/fonts/TerminalLandMono-Regular.otf
06:26:27.661 [FXGL Background Thread 4 ] DEBUG FXGLAssetLoaderServi - Loading from file system: jar:file:/C:/Users/Khana/.m2/repository/com/github/almasb/fxgl/21.1/fxgl-21.1.jar!/fxglassets/ui/fonts/Courier-Prime.ttf
06:26:27.672 [JavaFX Application Thread] DEBUG FXGLApplication      - Registering font factories with UI factory
06:26:27.682 [JavaFX Application Thread] DEBUG FXGLAssetLoaderServi - Loading from file system: jar:file:/C:/Users/Khana/.m2/repository/com/github/almasb/fxgl/21.1/fxgl-21.1.jar!/fxglassets/textures/fxgl_icon.png
06:26:27.730 [JavaFX Application Thread] DEBUG FXGLAssetLoaderServi - Loading from file system: jar:file:/C:/Users/Khana/.m2/repository/com/github/almasb/fxgl/21.1/fxgl-21.1.jar!/fxglassets/textures/fxgl_default_cursor.png
06:26:27.762 [JavaFX Application Thread] DEBUG Input                - Registered new binding: Screenshot - CTRL+8
06:26:27.763 [JavaFX Application Thread] DEBUG Input                - Registered new binding: System info dump - CTRL+9
06:26:27.765 [JavaFX Application Thread] DEBUG Input                - Registered new binding: Restart - CTRL+R
06:26:27.766 [JavaFX Application Thread] DEBUG Input                - Registered new binding: Toggle Debug Camera - CTRL+7
06:26:27.771 [JavaFX Application Thread] DEBUG LoopRunner           - Starting loop
06:26:27.772 [JavaFX Application Thread] DEBUG LoopRunner           - Initializing JavaFX AnimationTimerLoop
06:26:27.781 [JavaFX Application Thread] DEBUG Input                - Clearing active input actions
06:26:27.815 [JavaFX Application Thread] DEBUG GameApplicationServi - Removing overlay from FXGLStartupScene and adding to FXGLMainMenuDummyScene
06:26:27.816 [JavaFX Application Thread] DEBUG PrimaryStageWindow   - FXGLStartupScene -> FXGLMainMenuDummyScene
06:26:27.817 [JavaFX Application Thread] DEBUG PrimaryStageWindow   - Push state: StartScreen
06:26:27.817 [JavaFX Application Thread] DEBUG Input                - Clearing active input actions
06:26:27.839 [JavaFX Application Thread] DEBUG GameApplicationServi - Removing overlay from FXGLMainMenuDummyScene and adding to StartScreen
06:26:27.839 [JavaFX Application Thread] DEBUG PrimaryStageWindow   - FXGLMainMenuDummyScene -> StartScreen
06:26:30.481 [FXGL Background Thread 3 ] DEBUG Engine               - Logging environment variables
06:26:30.481 [FXGL Background Thread 3 ] DEBUG Engine               - achievements: []
06:26:30.482 [FXGL Background Thread 3 ] DEBUG Engine               - actualHeight: 768.0
06:26:30.482 [FXGL Background Thread 3 ] DEBUG Engine               - actualHeightProperty: ReadOnlyDoubleProperty [value: 768.0]
06:26:30.482 [FXGL Background Thread 3 ] DEBUG Engine               - actualWidth: 743.0
06:26:30.482 [FXGL Background Thread 3 ] DEBUG Engine               - actualWidthProperty: ReadOnlyDoubleProperty [value: 743.0]
06:26:30.482 [FXGL Background Thread 3 ] DEBUG Engine               - appIcon: fxgl_icon.png
06:26:30.482 [FXGL Background Thread 3 ] DEBUG Engine               - applicationMode: DEVELOPER
06:26:30.482 [FXGL Background Thread 3 ] DEBUG Engine               - cSSList: [fxgl_dark.css]
06:26:30.482 [FXGL Background Thread 3 ] DEBUG Engine               - collisionDetectionStrategy: BRUTE_FORCE
06:26:30.482 [FXGL Background Thread 3 ] DEBUG Engine               - configClass: Optional.empty
06:26:30.483 [FXGL Background Thread 3 ] DEBUG Engine               - credits: []
06:26:30.483 [FXGL Background Thread 3 ] DEBUG Engine               - defaultCursor: CursorInfo(imageName=fxgl_default_cursor.png, hotspotX=7.0, hotspotY=6.0)
06:26:30.483 [FXGL Background Thread 3 ] DEBUG Engine               - devBBoxColorProperty: ObjectProperty [value: 0xff0000ff]
06:26:30.483 [FXGL Background Thread 3 ] DEBUG Engine               - devEnableDebugCameraProperty: BooleanProperty [value: false]
06:26:30.484 [FXGL Background Thread 3 ] DEBUG Engine               - devSensorColorProperty: ObjectProperty [value: 0xffff00ff]
06:26:30.484 [FXGL Background Thread 3 ] DEBUG Engine               - devShowBBoxProperty: BooleanProperty [value: false]
06:26:30.484 [FXGL Background Thread 3 ] DEBUG Engine               - devShowPositionProperty: BooleanProperty [value: false]
06:26:30.484 [FXGL Background Thread 3 ] DEBUG Engine               - enabledMenuItems: []
06:26:30.484 [FXGL Background Thread 3 ] DEBUG Engine               - engineServices: [class com.almasb.fxgl.app.services.FXGLAssetLoaderService, class com.almasb.fxgl.app.FXGLApplication$GameApplicationService, class com.almasb.fxgl.app.services.FXGLDialogService, class com.almasb.fxgl.app.services.IOTaskExecutorService, class com.almasb.fxgl.io.FileSystemService, class com.almasb.fxgl.localization.LocalizationService, class com.almasb.fxgl.app.services.SystemBundleService, class com.almasb.fxgl.profile.SaveLoadService, class com.almasb.fxgl.ui.FXGLUIFactoryServiceProvider, class com.almasb.fxgl.ui.FXGLDialogFactoryServiceProvider, class com.almasb.fxgl.audio.AudioPlayer, class com.almasb.fxgl.notification.impl.NotificationServiceProvider, class com.almasb.fxgl.achievement.AchievementService, class com.almasb.fxgl.cutscene.CutsceneService, class com.almasb.fxgl.minigames.MiniGameService, class com.almasb.fxgl.net.NetService, class com.almasb.fxgl.app.services.UpdaterService, class com.almasb.fxgl.dev.DevService]
06:26:30.484 [FXGL Background Thread 3 ] DEBUG Engine               - fontGame: Abel-Regular.ttf
06:26:30.484 [FXGL Background Thread 3 ] DEBUG Engine               - fontMono: TerminalLandMono-Regular.otf
06:26:30.484 [FXGL Background Thread 3 ] DEBUG Engine               - fontSizeScaleUI: 1.0
06:26:30.484 [FXGL Background Thread 3 ] DEBUG Engine               - fontText: Courier-Prime.ttf
06:26:30.484 [FXGL Background Thread 3 ] DEBUG Engine               - fontUI: VarelaRound-Regular.ttf
06:26:30.485 [FXGL Background Thread 3 ] DEBUG Engine               - fullScreen: BooleanProperty [value: false]
06:26:30.485 [FXGL Background Thread 3 ] DEBUG Engine               - gameDifficulty: MEDIUM
06:26:30.485 [FXGL Background Thread 3 ] DEBUG Engine               - gameDifficultyProperty: ObjectProperty [value: MEDIUM]
06:26:30.485 [FXGL Background Thread 3 ] DEBUG Engine               - globalMusicVolume: 0.5
06:26:30.485 [FXGL Background Thread 3 ] DEBUG Engine               - globalMusicVolumeProperty: DoubleProperty [value: 0.7]
06:26:30.485 [FXGL Background Thread 3 ] DEBUG Engine               - globalSoundVolume: 0.5
06:26:30.485 [FXGL Background Thread 3 ] DEBUG Engine               - globalSoundVolumeProperty: DoubleProperty [value: 0.5]
06:26:30.485 [FXGL Background Thread 3 ] DEBUG Engine               - height: 800
06:26:30.486 [FXGL Background Thread 3 ] DEBUG Engine               - is3D: false
06:26:30.486 [FXGL Background Thread 3 ] DEBUG Engine               - isAndroid: false
06:26:30.486 [FXGL Background Thread 3 ] DEBUG Engine               - isBrowser: false
06:26:30.486 [FXGL Background Thread 3 ] DEBUG Engine               - isClickFeedbackEnabled: false
06:26:30.486 [FXGL Background Thread 3 ] DEBUG Engine               - isCloseConfirmation: false
06:26:30.486 [FXGL Background Thread 3 ] DEBUG Engine               - isDesktop: true
06:26:30.486 [FXGL Background Thread 3 ] DEBUG Engine               - isDeveloperMenuEnabled: false
06:26:30.486 [FXGL Background Thread 3 ] DEBUG Engine               - isEmbedded: false
06:26:30.486 [FXGL Background Thread 3 ] DEBUG Engine               - isEntityPreloadEnabled: true
06:26:30.486 [FXGL Background Thread 3 ] DEBUG Engine               - isExperimentalTiledLargeMap: false
06:26:30.486 [FXGL Background Thread 3 ] DEBUG Engine               - isFileSystemWriteAllowed: true
06:26:30.487 [FXGL Background Thread 3 ] DEBUG Engine               - isFullScreenAllowed: false
06:26:30.487 [FXGL Background Thread 3 ] DEBUG Engine               - isFullScreenFromStart: false
06:26:30.487 [FXGL Background Thread 3 ] DEBUG Engine               - isGameMenuEnabled: true
06:26:30.487 [FXGL Background Thread 3 ] DEBUG Engine               - isIOS: false
06:26:30.487 [FXGL Background Thread 3 ] DEBUG Engine               - isIntroEnabled: false
06:26:30.487 [FXGL Background Thread 3 ] DEBUG Engine               - isLinux: false
06:26:30.487 [FXGL Background Thread 3 ] DEBUG Engine               - isMac: false
06:26:30.487 [FXGL Background Thread 3 ] DEBUG Engine               - isMainMenuEnabled: true
06:26:30.487 [FXGL Background Thread 3 ] DEBUG Engine               - isManualResizeEnabled: false
06:26:30.487 [FXGL Background Thread 3 ] DEBUG Engine               - isMobile: false
06:26:30.487 [FXGL Background Thread 3 ] DEBUG Engine               - isNative: false
06:26:30.487 [FXGL Background Thread 3 ] DEBUG Engine               - isPauseMusicWhenMinimized: true
06:26:30.487 [FXGL Background Thread 3 ] DEBUG Engine               - isPreserveResizeRatio: false
06:26:30.488 [FXGL Background Thread 3 ] DEBUG Engine               - isProfilingEnabled: false
06:26:30.488 [FXGL Background Thread 3 ] DEBUG Engine               - isScaleAffectedOnResize: true
06:26:30.488 [FXGL Background Thread 3 ] DEBUG Engine               - isSingleStep: false
06:26:30.488 [FXGL Background Thread 3 ] DEBUG Engine               - isUserProfileEnabled: false
06:26:30.488 [FXGL Background Thread 3 ] DEBUG Engine               - isWindows: true
06:26:30.488 [FXGL Background Thread 3 ] DEBUG Engine               - language: ObjectProperty [value: ENGLISH]
06:26:30.488 [FXGL Background Thread 3 ] DEBUG Engine               - menuKey: ESCAPE
06:26:30.488 [FXGL Background Thread 3 ] DEBUG Engine               - mouseSensitivity: 0.2
06:26:30.488 [FXGL Background Thread 3 ] DEBUG Engine               - notificationViewClass: class com.almasb.fxgl.notification.view.XboxNotificationView
06:26:30.488 [FXGL Background Thread 3 ] DEBUG Engine               - pixelsPerMeter: 50.0
06:26:30.488 [FXGL Background Thread 3 ] DEBUG Engine               - platform: WINDOWS
06:26:30.488 [FXGL Background Thread 3 ] DEBUG Engine               - prefHeightProperty: ReadOnlyDoubleProperty [value: 800.0]
06:26:30.488 [FXGL Background Thread 3 ] DEBUG Engine               - prefWidthProperty: ReadOnlyDoubleProperty [value: 800.0]
06:26:30.489 [FXGL Background Thread 3 ] DEBUG Engine               - profileDir: profiles/
06:26:30.489 [FXGL Background Thread 3 ] DEBUG Engine               - profileName: StringProperty [value: DEFAULT]
06:26:30.489 [FXGL Background Thread 3 ] DEBUG Engine               - randomSeed: -1
06:26:30.489 [FXGL Background Thread 3 ] DEBUG Engine               - runtimeInfo: RuntimeInfo(platform=WINDOWS, version=21.1, build=27.03.2024 07.52)
06:26:30.489 [FXGL Background Thread 3 ] DEBUG Engine               - saveFileExt: sav
06:26:30.489 [FXGL Background Thread 3 ] DEBUG Engine               - scaledHeightProp$fxgl: DoubleProperty [bound, value: 768.0]
06:26:30.489 [FXGL Background Thread 3 ] DEBUG Engine               - scaledWidthProp$fxgl: DoubleProperty [bound, value: 743.0]
06:26:30.489 [FXGL Background Thread 3 ] DEBUG Engine               - sceneFactory: com.lab.App$1@45e2f4dd
06:26:30.489 [FXGL Background Thread 3 ] DEBUG Engine               - secondsIn24h: 60
06:26:30.489 [FXGL Background Thread 3 ] DEBUG Engine               - soundMenuBack: menu/back.wav
06:26:30.489 [FXGL Background Thread 3 ] DEBUG Engine               - soundMenuPress: menu/press.wav
06:26:30.489 [FXGL Background Thread 3 ] DEBUG Engine               - soundMenuSelect: menu/select.wav
06:26:30.489 [FXGL Background Thread 3 ] DEBUG Engine               - soundNotification: core/notification.wav
06:26:30.489 [FXGL Background Thread 3 ] DEBUG Engine               - stageStyle: DECORATED
06:26:30.490 [FXGL Background Thread 3 ] DEBUG Engine               - supportedLanguages: [ENGLISH, FRENCH, GERMAN, HUNGARIAN, RUSSIAN]
06:26:30.490 [FXGL Background Thread 3 ] DEBUG Engine               - ticksPerSecond: -1
06:26:30.490 [FXGL Background Thread 3 ] DEBUG Engine               - title: Gonvival
06:26:30.490 [FXGL Background Thread 3 ] DEBUG Engine               - urlGithub: https://github.com/AlmasB/FXGL
06:26:30.491 [FXGL Background Thread 3 ] DEBUG Engine               - urlLeaderboard: http://fxgl-top.herokuapp.com/
06:26:30.491 [FXGL Background Thread 3 ] DEBUG Engine               - urlPOM: https://raw.githubusercontent.com/AlmasB/FXGL/release/README.md
06:26:30.491 [FXGL Background Thread 3 ] DEBUG Engine               - userAppClass: class com.lab.App
06:26:30.491 [FXGL Background Thread 3 ] DEBUG Engine               - version: beta
06:26:30.491 [FXGL Background Thread 3 ] DEBUG Engine               - versionCheckDays: 7
06:26:30.491 [FXGL Background Thread 3 ] DEBUG Engine               - width: 800
06:26:30.491 [FXGL Background Thread 3 ] DEBUG Engine               - Logging services
06:26:30.491 [FXGL Background Thread 3 ] DEBUG Engine               - class com.almasb.fxgl.app.services.FXGLAssetLoaderService
06:26:30.491 [FXGL Background Thread 3 ] DEBUG Engine               - class com.almasb.fxgl.app.FXGLApplication$GameApplicationService
06:26:30.491 [FXGL Background Thread 3 ] DEBUG Engine               - class com.almasb.fxgl.app.services.FXGLDialogService
06:26:30.491 [FXGL Background Thread 3 ] DEBUG Engine               - class com.almasb.fxgl.app.services.IOTaskExecutorService
06:26:30.491 [FXGL Background Thread 3 ] DEBUG Engine               - class com.almasb.fxgl.io.FileSystemService
06:26:30.491 [FXGL Background Thread 3 ] DEBUG Engine               - class com.almasb.fxgl.localization.LocalizationService
06:26:30.491 [FXGL Background Thread 3 ] DEBUG Engine               - class com.almasb.fxgl.app.services.SystemBundleService
06:26:30.491 [FXGL Background Thread 3 ] DEBUG Engine               - class com.almasb.fxgl.profile.SaveLoadService
06:26:30.492 [FXGL Background Thread 3 ] DEBUG Engine               - class com.almasb.fxgl.ui.FXGLUIFactoryServiceProvider
06:26:30.492 [FXGL Background Thread 3 ] DEBUG Engine               - class com.almasb.fxgl.ui.FXGLDialogFactoryServiceProvider
06:26:30.492 [FXGL Background Thread 3 ] DEBUG Engine               - class com.almasb.fxgl.audio.AudioPlayer
06:26:30.492 [FXGL Background Thread 3 ] DEBUG Engine               - class com.almasb.fxgl.notification.impl.NotificationServiceProvider
06:26:30.492 [FXGL Background Thread 3 ] DEBUG Engine               - class com.almasb.fxgl.achievement.AchievementService
06:26:30.492 [FXGL Background Thread 3 ] DEBUG Engine               - class com.almasb.fxgl.cutscene.CutsceneService
06:26:30.492 [FXGL Background Thread 3 ] DEBUG Engine               - class com.almasb.fxgl.minigames.MiniGameService
06:26:30.492 [FXGL Background Thread 3 ] DEBUG Engine               - class com.almasb.fxgl.net.NetService
06:26:30.492 [FXGL Background Thread 3 ] DEBUG Engine               - class com.almasb.fxgl.app.services.UpdaterService
06:26:30.492 [FXGL Background Thread 3 ] DEBUG Engine               - class com.almasb.fxgl.dev.DevService
06:26:30.873 [JavaFX Application Thread] DEBUG AudioPlayer          - Stopping music com.almasb.fxgl.audio.Music@6a452bf1
06:26:30.873 [JavaFX Application Thread] DEBUG Menu                 - fireNewGame()
06:26:30.873 [JavaFX Application Thread] DEBUG GameApplicationServi - Starting new game
06:26:30.873 [JavaFX Application Thread] DEBUG PrimaryStageWindow   - Pop state: StartScreen
06:26:30.873 [JavaFX Application Thread] DEBUG Input                - Clearing active input actions
06:26:30.875 [JavaFX Application Thread] DEBUG GameApplicationServi - Removing overlay from StartScreen and adding to FXGLMainMenuDummyScene
06:26:30.875 [JavaFX Application Thread] DEBUG PrimaryStageWindow   - FXGLMainMenuDummyScene <- StartScreen
06:26:30.876 [JavaFX Application Thread] DEBUG Input                - Clearing active input actions
06:26:30.888 [JavaFX Application Thread] DEBUG GameApplicationServi - Removing overlay from FXGLMainMenuDummyScene and adding to FXGLLoadingScene
06:26:30.889 [JavaFX Application Thread] DEBUG PrimaryStageWindow   - FXGLMainMenuDummyScene -> FXGLLoadingScene
06:26:30.889 [JavaFX Application Thread] DEBUG GameApplicationServi - Clearing previous game
06:26:30.889 [JavaFX Application Thread] DEBUG GameScene            - Clearing game scene
06:26:30.889 [JavaFX Application Thread] DEBUG GameWorld            - Clearing game world
06:26:30.889 [JavaFX Application Thread] DEBUG PhysicsWorld         - Clearing physics world
06:26:30.896 [FXGL Background Thread 2 ] DEBUG FXGLApplication      - Initializing game
06:26:30.907 [FXGL Background Thread 2 ] DEBUG FXGLAssetLoaderServi - Loading from file system: file:/E:/Labs/Gonvival/game/target/classes/assets/textures/map.png
06:26:31.001 [FXGL Background Thread 2 ] WARN  FXGLAssetLoaderServi - Asset "/assets/music/menu_music.mp3" was not found!
06:26:31.021 [FXGL Background Thread 2 ] WARN  FXGLAssetLoaderServi - Failed to load MUSIC
06:26:31.068 [FXGL Background Thread 2 ] DEBUG AudioPlayer          - Playing music com.almasb.fxgl.audio.Music@1c8bde10
06:26:31.142 [FXGL Background Thread 2 ] DEBUG FXGLAssetLoaderServi - Loading from file system: file:/E:/Labs/Gonvival/game/target/classes/assets/textures/idle_down.png
06:26:31.148 [FXGL Background Thread 2 ] DEBUG FXGLAssetLoaderServi - Loading from file system: file:/E:/Labs/Gonvival/game/target/classes/assets/textures/idle_up.png
06:26:31.151 [FXGL Background Thread 2 ] DEBUG FXGLAssetLoaderServi - Loading from file system: file:/E:/Labs/Gonvival/game/target/classes/assets/textures/idle_left_down.png
06:26:31.153 [FXGL Background Thread 2 ] DEBUG FXGLAssetLoaderServi - Loading from file system: file:/E:/Labs/Gonvival/game/target/classes/assets/textures/idle_left_up.png
06:26:31.156 [FXGL Background Thread 2 ] DEBUG FXGLAssetLoaderServi - Loading from file system: file:/E:/Labs/Gonvival/game/target/classes/assets/textures/idle_right_down.png
06:26:31.161 [FXGL Background Thread 2 ] DEBUG FXGLAssetLoaderServi - Loading from file system: file:/E:/Labs/Gonvival/game/target/classes/assets/textures/idle_right_up.png
06:26:31.164 [FXGL Background Thread 2 ] DEBUG FXGLAssetLoaderServi - Loading from file system: file:/E:/Labs/Gonvival/game/target/classes/assets/textures/walk_left_down.png
06:26:31.170 [FXGL Background Thread 2 ] DEBUG FXGLAssetLoaderServi - Loading from file system: file:/E:/Labs/Gonvival/game/target/classes/assets/textures/walk_right_down.png
06:26:31.173 [FXGL Background Thread 2 ] DEBUG FXGLAssetLoaderServi - Loading from file system: file:/E:/Labs/Gonvival/game/target/classes/assets/textures/walk_up.png
06:26:31.177 [FXGL Background Thread 2 ] DEBUG FXGLAssetLoaderServi - Loading from file system: file:/E:/Labs/Gonvival/game/target/classes/assets/textures/walk_down.png
06:26:31.181 [FXGL Background Thread 2 ] DEBUG FXGLAssetLoaderServi - Loading from file system: file:/E:/Labs/Gonvival/game/target/classes/assets/textures/walk_left_up.png
06:26:31.185 [FXGL Background Thread 2 ] DEBUG FXGLAssetLoaderServi - Loading from file system: file:/E:/Labs/Gonvival/game/target/classes/assets/textures/walk_right_up.png
06:26:31.239 [FXGL Background Thread 2 ] INFO  FXGLApplication      - Game initialization took: 0.343 sec
06:26:31.261 [JavaFX Application Thread] DEBUG Input                - Clearing active input actions
06:26:31.276 [JavaFX Application Thread] DEBUG GameApplicationServi - Removing overlay from FXGLLoadingScene and adding to GameScene
06:26:31.277 [JavaFX Application Thread] DEBUG PrimaryStageWindow   - FXGLLoadingScene -> GameScene
06:26:31.376 [JavaFX Application Thread] DEBUG Input                - Registered new binding: SHOOT - LMB
06:26:31.378 [JavaFX Application Thread] DEBUG Input                - Registered new binding: MOVE LEFT - A
06:26:31.378 [JavaFX Application Thread] DEBUG Input                - Registered new binding: MOVE RIGHT - D
06:26:31.378 [JavaFX Application Thread] DEBUG Input                - Registered new binding: MOVE UP - W
06:26:31.378 [JavaFX Application Thread] DEBUG Input                - Registered new binding: MOVE DOWN - S
06:26:31.953 [JavaFX Application Thread] DEBUG FXGLAssetLoaderServi - Loading from file system: file:/E:/Labs/Gonvival/game/target/classes/assets/textures/evil.png
06:26:32.632 [JavaFX Application Thread] DEBUG FXGLAssetLoaderServi - Loading from file system: file:/E:/Labs/Gonvival/game/target/classes/assets/textures/arrow.png
06:26:33.013 [JavaFX Application Thread] DEBUG PrimaryStageWindow   - Push state: DialogSubScene
06:26:33.013 [JavaFX Application Thread] DEBUG Input                - Clearing active input actions
06:26:33.014 [JavaFX Application Thread] DEBUG GameApplicationServi - Removing overlay from GameScene and adding to DialogSubScene
06:26:33.014 [JavaFX Application Thread] DEBUG PrimaryStageWindow   - GameScene -> DialogSubScene
06:26:34.046 [JavaFX Application Thread] DEBUG PrimaryStageWindow   - Pop state: DialogSubScene
06:26:34.047 [JavaFX Application Thread] DEBUG Input                - Clearing active input actions
06:26:34.047 [JavaFX Application Thread] DEBUG GameApplicationServi - Removing overlay from DialogSubScene and adding to GameScene
06:26:34.047 [JavaFX Application Thread] DEBUG PrimaryStageWindow   - GameScene <- DialogSubScene
06:26:43.138 [JavaFX Application Thread] DEBUG PrimaryStageWindow   - Push state: DialogSubScene
06:26:43.138 [JavaFX Application Thread] DEBUG Input                - Clearing active input actions
06:26:43.140 [JavaFX Application Thread] DEBUG GameApplicationServi - Removing overlay from GameScene and adding to DialogSubScene
06:26:43.141 [JavaFX Application Thread] DEBUG PrimaryStageWindow   - GameScene -> DialogSubScene
06:26:44.078 [JavaFX Application Thread] DEBUG PrimaryStageWindow   - Pop state: DialogSubScene
06:26:44.078 [JavaFX Application Thread] DEBUG Input                - Clearing active input actions
06:26:44.079 [JavaFX Application Thread] DEBUG GameApplicationServi - Removing overlay from DialogSubScene and adding to GameScene
06:26:44.079 [JavaFX Application Thread] DEBUG PrimaryStageWindow   - GameScene <- DialogSubScene
06:26:44.079 [JavaFX Application Thread] DEBUG GameWorld            - Clearing game world
06:26:44.080 [JavaFX Application Thread] DEBUG Input                - Clearing active input actions
06:26:44.093 [JavaFX Application Thread] DEBUG GameApplicationServi - Removing overlay from GameScene and adding to FXGLMainMenuDummyScene
06:26:44.093 [JavaFX Application Thread] DEBUG PrimaryStageWindow   - GameScene -> FXGLMainMenuDummyScene
06:26:44.093 [JavaFX Application Thread] DEBUG PrimaryStageWindow   - Push state: StartScreen
06:26:44.093 [JavaFX Application Thread] DEBUG Input                - Clearing active input actions
06:26:44.097 [JavaFX Application Thread] DEBUG GameApplicationServi - Removing overlay from FXGLMainMenuDummyScene and adding to StartScreen
06:26:44.097 [JavaFX Application Thread] DEBUG PrimaryStageWindow   - FXGLMainMenuDummyScene -> StartScreen
06:26:45.286 [JavaFX Application Thread] DEBUG FXGLApplication      - Exiting FXGL
06:26:45.286 [JavaFX Application Thread] DEBUG LoopRunner           - Stopping loop
06:26:45.286 [JavaFX Application Thread] DEBUG SystemBundleService  - Saving FXGL system data
06:26:45.289 [JavaFX Application Thread] DEBUG FileSystemAccess     - Writing to: E:\Labs\Gonvival\system\fxgl.bundle
06:26:45.292 [JavaFX Application Thread] DEBUG Async                - Shutting down background threads
06:26:45.292 [JavaFX Application Thread] DEBUG PrimaryStageWindow   - Closing main window
06:26:45.317 [JavaFX Application Thread] DEBUG Logger               - Closing Logger
