23:26:02.573 [main                     ] DEBUG Logger               - Configured Logger
23:26:02.639 [main                     ] DEBUG GameApplication      - Logging settings
Title: Gonvival
Version: beta
Width: 800
Height: 800
Fullscreen: false
Intro: false
Profiling: false
Single step:false
App Mode: DEVELOPER
Menu Key: ESCAPE
Stage Style: DECORATED
Scene Factory: class com.almasb.fxgl.app.scene.SceneFactory

23:26:03.831 [JavaFX Application Thread] DEBUG FXGLApplication      - Initializing FXGL
23:26:03.842 [JavaFX Application Thread] INFO  Engine               - FXGL-21.1 (27.03.2024 07.52) on WINDOWS (J:21.0.5 FX:21.0.1)
23:26:03.845 [JavaFX Application Thread] DEBUG Engine               - JRE Vendor Name: Eclipse Adoptium
23:26:03.846 [JavaFX Application Thread] DEBUG Engine               - Running on OS: Windows 10 version 10.0
23:26:03.846 [JavaFX Application Thread] DEBUG Engine               - Architecture: amd64
23:26:03.846 [JavaFX Application Thread] INFO  Engine               - Source code and latest versions at: https://github.com/AlmasB/FXGL
23:26:03.849 [JavaFX Application Thread] INFO  Engine               -       Ask questions and discuss at: https://github.com/AlmasB/FXGL/discussions
23:26:03.851 [JavaFX Application Thread] INFO  Engine               -              Join the FXGL chat at: https://gitter.im/AlmasB/FXGL
23:26:04.200 [JavaFX Application Thread] DEBUG PrimaryStageWindow   - Creating a JavaFX scene
23:26:04.200 [JavaFX Application Thread] DEBUG PrimaryStageWindow   - Target size > screen size
23:26:04.374 [JavaFX Application Thread] DEBUG PrimaryStageWindow   - Target settings size: 800.0 x 800.0
23:26:04.374 [JavaFX Application Thread] DEBUG PrimaryStageWindow   - Scaled scene size:    703.0 x 728.0
23:26:04.375 [JavaFX Application Thread] DEBUG PrimaryStageWindow   - Scaled ratio: (0.87875, 0.91)
23:26:04.379 [JavaFX Application Thread] DEBUG PrimaryStageWindow   - Set initial scene to FXGLStartupScene
23:26:04.387 [JavaFX Application Thread] DEBUG PrimaryStageWindow   - Opening main window
23:26:04.708 [JavaFX Application Thread] DEBUG PrimaryStageWindow   - Window border size: (16.0, 39.0)
23:26:04.709 [JavaFX Application Thread] DEBUG PrimaryStageWindow   - Scaled size: 703.0 x 728.0
23:26:04.710 [JavaFX Application Thread] DEBUG PrimaryStageWindow   - Scaled ratio: (0.87875, 0.91)
23:26:04.710 [JavaFX Application Thread] DEBUG PrimaryStageWindow   - Scene size: 703.0 x 728.0
23:26:04.713 [JavaFX Application Thread] DEBUG PrimaryStageWindow   - Stage size: 719.0 x 767.0
23:26:04.994 [FXGL Background Thread 1 ] DEBUG Engine               - Initializing environment variables
23:26:06.169 [FXGL Background Thread 1 ] DEBUG FXGLAssetLoaderServi - User app class for loading assets: class com.lab.App
23:26:06.170 [FXGL Background Thread 1 ] DEBUG GameApplicationServi - Applying CSS: fxgl_dark.css
23:26:06.171 [FXGL Background Thread 1 ] DEBUG FXGLAssetLoaderServi - Loading from file system: jar:file:/C:/Users/Khana/.m2/repository/com/github/almasb/fxgl/21.1/fxgl-21.1.jar!/fxglassets/ui/css/fxgl_dark.css
23:26:06.315 [FXGL Background Thread 1 ] DEBUG GameApplicationServi - Initializing application scenes
23:26:06.504 [FXGL Background Thread 1 ] DEBUG GameWorld            - Game world initialized
23:26:06.647 [FXGL Background Thread 1 ] DEBUG PhysicsWorld         - Physics world initialized: appHeight=800, physics.ppm=50.0
23:26:06.648 [FXGL Background Thread 1 ] DEBUG PhysicsWorld         - Using strategy: BRUTE_FORCE
23:26:06.657 [FXGL Background Thread 1 ] DEBUG GameScene            - Game scene initialized: 800x800
23:26:06.704 [FXGL Background Thread 1 ] DEBUG FXGL.DefaultMenu     - createMenuBodyMainMenu()
23:26:06.767 [FXGL Background Thread 1 ] DEBUG FXGL.DefaultMenu     - createOptionsMenu()
23:26:06.817 [FXGL Background Thread 1 ] DEBUG FXGLAssetLoaderServi - Loading from file system: jar:file:/C:/Users/Khana/.m2/repository/com/github/almasb/fxgl/21.1/fxgl-21.1.jar!/fxglassets/textures/particles/smoke.png
23:26:07.334 [FXGL Background Thread 1 ] DEBUG FXGLAssetLoaderServi - Loading from file system: jar:file:/C:/Users/Khana/.m2/repository/com/github/almasb/fxgl/21.1/fxgl-21.1.jar!/fxglassets/textures/particles/trace_horizontal.png
23:26:07.402 [FXGL Background Thread 1 ] DEBUG FXGL.DefaultMenu     - createMenuBodyGameMenu()
23:26:07.404 [FXGL Background Thread 1 ] DEBUG FXGL.DefaultMenu     - createOptionsMenu()
23:26:07.437 [FXGL Background Thread 1 ] DEBUG GameApplicationServi - Application scenes initialized
23:26:07.487 [FXGL Background Thread 1 ] DEBUG SystemBundleService  - Loading FXGL system data
23:26:07.504 [FXGL Background Thread 1 ] DEBUG FileSystemAccess     - Reading from: E:\Labs\Gonvival\system\fxgl.bundle
23:26:07.570 [FXGL Background Thread 1 ] DEBUG SystemBundleService  - Bundle FXGL: {}
23:26:07.570 [FXGL Background Thread 1 ] DEBUG UpdaterService       - Checking for updates
23:26:07.644 [FXGL Background Thread 1 ] DEBUG FXGLApplication      - Loading default localization
23:26:07.647 [FXGL Background Thread 1 ] DEBUG FXGLAssetLoaderServi - Loading from file system: jar:file:/C:/Users/Khana/.m2/repository/com/github/almasb/fxgl/21.1/fxgl-21.1.jar!/fxglassets/languages/english.lang
23:26:07.674 [FXGL Background Thread 4 ] DEBUG FXGLApplication      - Loading fonts
23:26:07.676 [FXGL Background Thread 4 ] DEBUG FXGLAssetLoaderServi - Loading from file system: jar:file:/C:/Users/Khana/.m2/repository/com/github/almasb/fxgl/21.1/fxgl-21.1.jar!/fxglassets/ui/fonts/VarelaRound-Regular.ttf
23:26:07.681 [FXGL Background Thread 1 ] INFO  FXGLApplication      - FXGL initialization took: 2.688 sec
23:26:07.685 [JavaFX Application Thread] DEBUG FXGLAssetLoaderServi - Loading from file system: jar:file:/C:/Users/Khana/.m2/repository/com/github/almasb/fxgl/21.1/fxgl-21.1.jar!/fxglassets/textures/fxgl_icon.png
23:26:07.737 [JavaFX Application Thread] DEBUG FXGLAssetLoaderServi - Loading from file system: jar:file:/C:/Users/Khana/.m2/repository/com/github/almasb/fxgl/21.1/fxgl-21.1.jar!/fxglassets/textures/fxgl_default_cursor.png
23:26:07.762 [JavaFX Application Thread] DEBUG Input                - Registered new binding: Screenshot - CTRL+8
23:26:07.763 [JavaFX Application Thread] DEBUG Input                - Registered new binding: Dev Options - 1
23:26:07.764 [JavaFX Application Thread] DEBUG Input                - Registered new binding: Dev Console - 2
23:26:07.765 [JavaFX Application Thread] DEBUG Input                - Registered new binding: System info dump - CTRL+9
23:26:07.766 [JavaFX Application Thread] DEBUG Input                - Registered new binding: Restart - CTRL+R
23:26:07.768 [JavaFX Application Thread] DEBUG Input                - Registered new binding: Toggle Debug Camera - CTRL+7
23:26:07.778 [JavaFX Application Thread] DEBUG LoopRunner           - Starting loop
23:26:07.874 [JavaFX Application Thread] DEBUG LoopRunner           - Initializing JavaFX AnimationTimerLoop
23:26:07.886 [JavaFX Application Thread] DEBUG Input                - Clearing active input actions
23:26:07.925 [JavaFX Application Thread] DEBUG GameApplicationServi - Removing overlay from FXGLStartupScene and adding to FXGLMainMenuDummyScene
23:26:07.936 [JavaFX Application Thread] DEBUG PrimaryStageWindow   - FXGLStartupScene -> FXGLMainMenuDummyScene
23:26:07.937 [JavaFX Application Thread] DEBUG PrimaryStageWindow   - Push state: FXGLDefaultMenu
23:26:07.966 [JavaFX Application Thread] DEBUG Input                - Clearing active input actions
23:26:07.969 [FXGL Background Thread 4 ] DEBUG FXGLAssetLoaderServi - Loading from file system: jar:file:/C:/Users/Khana/.m2/repository/com/github/almasb/fxgl/21.1/fxgl-21.1.jar!/fxglassets/ui/fonts/Abel-Regular.ttf
23:26:07.987 [FXGL Background Thread 4 ] DEBUG FXGLAssetLoaderServi - Loading from file system: jar:file:/C:/Users/Khana/.m2/repository/com/github/almasb/fxgl/21.1/fxgl-21.1.jar!/fxglassets/ui/fonts/TerminalLandMono-Regular.otf
23:26:07.993 [JavaFX Application Thread] DEBUG GameApplicationServi - Removing overlay from FXGLMainMenuDummyScene and adding to FXGLDefaultMenu
23:26:07.995 [JavaFX Application Thread] DEBUG PrimaryStageWindow   - FXGLMainMenuDummyScene -> FXGLDefaultMenu
23:26:08.001 [FXGL Background Thread 4 ] DEBUG FXGLAssetLoaderServi - Loading from file system: jar:file:/C:/Users/Khana/.m2/repository/com/github/almasb/fxgl/21.1/fxgl-21.1.jar!/fxglassets/ui/fonts/Courier-Prime.ttf
23:26:09.175 [JavaFX Application Thread] DEBUG FXGLApplication      - Registering font factories with UI factory
23:26:10.642 [FXGL Background Thread 3 ] DEBUG Engine               - Logging environment variables
23:26:10.643 [FXGL Background Thread 3 ] DEBUG Engine               - achievements: []
23:26:10.643 [FXGL Background Thread 3 ] DEBUG Engine               - actualHeight: 728.0
23:26:10.643 [FXGL Background Thread 3 ] DEBUG Engine               - actualHeightProperty: ReadOnlyDoubleProperty [value: 728.0]
23:26:10.644 [FXGL Background Thread 3 ] DEBUG Engine               - actualWidth: 703.0
23:26:10.644 [FXGL Background Thread 3 ] DEBUG Engine               - actualWidthProperty: ReadOnlyDoubleProperty [value: 703.0]
23:26:10.644 [FXGL Background Thread 3 ] DEBUG Engine               - appIcon: fxgl_icon.png
23:26:10.644 [FXGL Background Thread 3 ] DEBUG Engine               - applicationMode: DEVELOPER
23:26:10.644 [FXGL Background Thread 3 ] DEBUG Engine               - cSSList: [fxgl_dark.css]
23:26:10.645 [FXGL Background Thread 3 ] DEBUG Engine               - collisionDetectionStrategy: BRUTE_FORCE
23:26:10.645 [FXGL Background Thread 3 ] DEBUG Engine               - configClass: Optional.empty
23:26:10.645 [FXGL Background Thread 3 ] DEBUG Engine               - credits: []
23:26:10.645 [FXGL Background Thread 3 ] DEBUG Engine               - defaultCursor: CursorInfo(imageName=fxgl_default_cursor.png, hotspotX=7.0, hotspotY=6.0)
23:26:10.646 [FXGL Background Thread 3 ] DEBUG Engine               - devBBoxColorProperty: ObjectProperty [value: 0xff0000ff]
23:26:10.646 [FXGL Background Thread 3 ] DEBUG Engine               - devEnableDebugCameraProperty: BooleanProperty [value: false]
23:26:10.646 [FXGL Background Thread 3 ] DEBUG Engine               - devSensorColorProperty: ObjectProperty [value: 0xffff00ff]
23:26:10.647 [FXGL Background Thread 3 ] DEBUG Engine               - devShowBBoxProperty: BooleanProperty [value: false]
23:26:10.647 [FXGL Background Thread 3 ] DEBUG Engine               - devShowPositionProperty: BooleanProperty [value: false]
23:26:10.668 [FXGL Background Thread 3 ] DEBUG Engine               - enabledMenuItems: []
23:26:10.670 [FXGL Background Thread 3 ] DEBUG Engine               - engineServices: [class com.almasb.fxgl.app.services.FXGLAssetLoaderService, class com.almasb.fxgl.app.FXGLApplication$GameApplicationService, class com.almasb.fxgl.app.services.FXGLDialogService, class com.almasb.fxgl.app.services.IOTaskExecutorService, class com.almasb.fxgl.io.FileSystemService, class com.almasb.fxgl.localization.LocalizationService, class com.almasb.fxgl.app.services.SystemBundleService, class com.almasb.fxgl.profile.SaveLoadService, class com.almasb.fxgl.ui.FXGLUIFactoryServiceProvider, class com.almasb.fxgl.ui.FXGLDialogFactoryServiceProvider, class com.almasb.fxgl.audio.AudioPlayer, class com.almasb.fxgl.notification.impl.NotificationServiceProvider, class com.almasb.fxgl.achievement.AchievementService, class com.almasb.fxgl.cutscene.CutsceneService, class com.almasb.fxgl.minigames.MiniGameService, class com.almasb.fxgl.net.NetService, class com.almasb.fxgl.app.services.UpdaterService, class com.almasb.fxgl.dev.DevService]
23:26:10.670 [FXGL Background Thread 3 ] DEBUG Engine               - fontGame: Abel-Regular.ttf
23:26:10.670 [FXGL Background Thread 3 ] DEBUG Engine               - fontMono: TerminalLandMono-Regular.otf
23:26:10.670 [FXGL Background Thread 3 ] DEBUG Engine               - fontSizeScaleUI: 1.0
23:26:10.671 [FXGL Background Thread 3 ] DEBUG Engine               - fontText: Courier-Prime.ttf
23:26:10.671 [FXGL Background Thread 3 ] DEBUG Engine               - fontUI: VarelaRound-Regular.ttf
23:26:10.671 [FXGL Background Thread 3 ] DEBUG Engine               - fullScreen: BooleanProperty [value: false]
23:26:10.671 [FXGL Background Thread 3 ] DEBUG Engine               - gameDifficulty: MEDIUM
23:26:10.671 [FXGL Background Thread 3 ] DEBUG Engine               - gameDifficultyProperty: ObjectProperty [value: MEDIUM]
23:26:10.672 [FXGL Background Thread 3 ] DEBUG Engine               - globalMusicVolume: 0.5
23:26:10.672 [FXGL Background Thread 3 ] DEBUG Engine               - globalMusicVolumeProperty: DoubleProperty [value: 0.5]
23:26:10.672 [FXGL Background Thread 3 ] DEBUG Engine               - globalSoundVolume: 0.5
23:26:10.673 [FXGL Background Thread 3 ] DEBUG Engine               - globalSoundVolumeProperty: DoubleProperty [value: 0.5]
23:26:10.673 [FXGL Background Thread 3 ] DEBUG Engine               - height: 800
23:26:10.673 [FXGL Background Thread 3 ] DEBUG Engine               - is3D: false
23:26:10.673 [FXGL Background Thread 3 ] DEBUG Engine               - isAndroid: false
23:26:10.673 [FXGL Background Thread 3 ] DEBUG Engine               - isBrowser: false
23:26:10.673 [FXGL Background Thread 3 ] DEBUG Engine               - isClickFeedbackEnabled: false
23:26:10.674 [FXGL Background Thread 3 ] DEBUG Engine               - isCloseConfirmation: false
23:26:10.674 [FXGL Background Thread 3 ] DEBUG Engine               - isDesktop: true
23:26:10.674 [FXGL Background Thread 3 ] DEBUG Engine               - isDeveloperMenuEnabled: true
23:26:10.674 [FXGL Background Thread 3 ] DEBUG Engine               - isEmbedded: false
23:26:10.674 [FXGL Background Thread 3 ] DEBUG Engine               - isEntityPreloadEnabled: true
23:26:10.674 [FXGL Background Thread 3 ] DEBUG Engine               - isExperimentalTiledLargeMap: false
23:26:10.674 [FXGL Background Thread 3 ] DEBUG Engine               - isFileSystemWriteAllowed: true
23:26:10.674 [FXGL Background Thread 3 ] DEBUG Engine               - isFullScreenAllowed: false
23:26:10.674 [FXGL Background Thread 3 ] DEBUG Engine               - isFullScreenFromStart: false
23:26:10.675 [FXGL Background Thread 3 ] DEBUG Engine               - isGameMenuEnabled: true
23:26:10.675 [FXGL Background Thread 3 ] DEBUG Engine               - isIOS: false
23:26:10.675 [FXGL Background Thread 3 ] DEBUG Engine               - isIntroEnabled: false
23:26:10.675 [FXGL Background Thread 3 ] DEBUG Engine               - isLinux: false
23:26:10.675 [FXGL Background Thread 3 ] DEBUG Engine               - isMac: false
23:26:10.675 [FXGL Background Thread 3 ] DEBUG Engine               - isMainMenuEnabled: true
23:26:10.675 [FXGL Background Thread 3 ] DEBUG Engine               - isManualResizeEnabled: false
23:26:10.675 [FXGL Background Thread 3 ] DEBUG Engine               - isMobile: false
23:26:10.675 [FXGL Background Thread 3 ] DEBUG Engine               - isNative: false
23:26:10.676 [FXGL Background Thread 3 ] DEBUG Engine               - isPauseMusicWhenMinimized: true
23:26:10.676 [FXGL Background Thread 3 ] DEBUG Engine               - isPreserveResizeRatio: false
23:26:10.676 [FXGL Background Thread 3 ] DEBUG Engine               - isProfilingEnabled: false
23:26:10.676 [FXGL Background Thread 3 ] DEBUG Engine               - isScaleAffectedOnResize: true
23:26:10.676 [FXGL Background Thread 3 ] DEBUG Engine               - isSingleStep: false
23:26:10.676 [FXGL Background Thread 3 ] DEBUG Engine               - isUserProfileEnabled: false
23:26:10.676 [FXGL Background Thread 3 ] DEBUG Engine               - isWindows: true
23:26:10.676 [FXGL Background Thread 3 ] DEBUG Engine               - language: ObjectProperty [value: ENGLISH]
23:26:10.677 [FXGL Background Thread 3 ] DEBUG Engine               - menuKey: ESCAPE
23:26:10.677 [FXGL Background Thread 3 ] DEBUG Engine               - mouseSensitivity: 0.2
23:26:10.677 [FXGL Background Thread 3 ] DEBUG Engine               - notificationViewClass: class com.almasb.fxgl.notification.view.XboxNotificationView
23:26:10.677 [FXGL Background Thread 3 ] DEBUG Engine               - pixelsPerMeter: 50.0
23:26:10.677 [FXGL Background Thread 3 ] DEBUG Engine               - platform: WINDOWS
23:26:10.677 [FXGL Background Thread 3 ] DEBUG Engine               - prefHeightProperty: ReadOnlyDoubleProperty [value: 800.0]
23:26:10.677 [FXGL Background Thread 3 ] DEBUG Engine               - prefWidthProperty: ReadOnlyDoubleProperty [value: 800.0]
23:26:10.677 [FXGL Background Thread 3 ] DEBUG Engine               - profileDir: profiles/
23:26:10.677 [FXGL Background Thread 3 ] DEBUG Engine               - profileName: StringProperty [value: DEFAULT]
23:26:10.678 [FXGL Background Thread 3 ] DEBUG Engine               - randomSeed: -1
23:26:10.679 [FXGL Background Thread 3 ] DEBUG Engine               - runtimeInfo: RuntimeInfo(platform=WINDOWS, version=21.1, build=27.03.2024 07.52)
23:26:10.679 [FXGL Background Thread 3 ] DEBUG Engine               - saveFileExt: sav
23:26:10.680 [FXGL Background Thread 3 ] DEBUG Engine               - scaledHeightProp$fxgl: DoubleProperty [bound, value: 728.0]
23:26:10.680 [FXGL Background Thread 3 ] DEBUG Engine               - scaledWidthProp$fxgl: DoubleProperty [bound, value: 703.0]
23:26:10.680 [FXGL Background Thread 3 ] DEBUG Engine               - sceneFactory: com.almasb.fxgl.app.scene.SceneFactory@5fb336df
23:26:10.681 [FXGL Background Thread 3 ] DEBUG Engine               - secondsIn24h: 60
23:26:10.681 [FXGL Background Thread 3 ] DEBUG Engine               - soundMenuBack: menu/back.wav
23:26:10.681 [FXGL Background Thread 3 ] DEBUG Engine               - soundMenuPress: menu/press.wav
23:26:10.681 [FXGL Background Thread 3 ] DEBUG Engine               - soundMenuSelect: menu/select.wav
23:26:10.681 [FXGL Background Thread 3 ] DEBUG Engine               - soundNotification: core/notification.wav
23:26:10.681 [FXGL Background Thread 3 ] DEBUG Engine               - stageStyle: DECORATED
23:26:10.681 [FXGL Background Thread 3 ] DEBUG Engine               - supportedLanguages: [ENGLISH, FRENCH, GERMAN, HUNGARIAN, RUSSIAN]
23:26:10.681 [FXGL Background Thread 3 ] DEBUG Engine               - ticksPerSecond: -1
23:26:10.682 [FXGL Background Thread 3 ] DEBUG Engine               - title: Gonvival
23:26:10.682 [FXGL Background Thread 3 ] DEBUG Engine               - urlGithub: https://github.com/AlmasB/FXGL
23:26:10.682 [FXGL Background Thread 3 ] DEBUG Engine               - urlLeaderboard: http://fxgl-top.herokuapp.com/
23:26:10.682 [FXGL Background Thread 3 ] DEBUG Engine               - urlPOM: https://raw.githubusercontent.com/AlmasB/FXGL/release/README.md
23:26:10.682 [FXGL Background Thread 3 ] DEBUG Engine               - userAppClass: class com.lab.App
23:26:10.682 [FXGL Background Thread 3 ] DEBUG Engine               - version: beta
23:26:10.682 [FXGL Background Thread 3 ] DEBUG Engine               - versionCheckDays: 7
23:26:10.682 [FXGL Background Thread 3 ] DEBUG Engine               - width: 800
23:26:10.682 [FXGL Background Thread 3 ] DEBUG Engine               - Logging services
23:26:10.682 [FXGL Background Thread 3 ] DEBUG Engine               - class com.almasb.fxgl.app.services.FXGLAssetLoaderService
23:26:10.683 [FXGL Background Thread 3 ] DEBUG Engine               - class com.almasb.fxgl.app.FXGLApplication$GameApplicationService
23:26:10.683 [FXGL Background Thread 3 ] DEBUG Engine               - class com.almasb.fxgl.app.services.FXGLDialogService
23:26:10.683 [FXGL Background Thread 3 ] DEBUG Engine               - class com.almasb.fxgl.app.services.IOTaskExecutorService
23:26:10.683 [FXGL Background Thread 3 ] DEBUG Engine               - class com.almasb.fxgl.io.FileSystemService
23:26:10.683 [FXGL Background Thread 3 ] DEBUG Engine               - class com.almasb.fxgl.localization.LocalizationService
23:26:10.683 [FXGL Background Thread 3 ] DEBUG Engine               - class com.almasb.fxgl.app.services.SystemBundleService
23:26:10.683 [FXGL Background Thread 3 ] DEBUG Engine               - class com.almasb.fxgl.profile.SaveLoadService
23:26:10.683 [FXGL Background Thread 3 ] DEBUG Engine               - class com.almasb.fxgl.ui.FXGLUIFactoryServiceProvider
23:26:10.683 [FXGL Background Thread 3 ] DEBUG Engine               - class com.almasb.fxgl.ui.FXGLDialogFactoryServiceProvider
23:26:10.683 [FXGL Background Thread 3 ] DEBUG Engine               - class com.almasb.fxgl.audio.AudioPlayer
23:26:10.684 [FXGL Background Thread 3 ] DEBUG Engine               - class com.almasb.fxgl.notification.impl.NotificationServiceProvider
23:26:10.684 [FXGL Background Thread 3 ] DEBUG Engine               - class com.almasb.fxgl.achievement.AchievementService
23:26:10.684 [FXGL Background Thread 3 ] DEBUG Engine               - class com.almasb.fxgl.cutscene.CutsceneService
23:26:10.684 [FXGL Background Thread 3 ] DEBUG Engine               - class com.almasb.fxgl.minigames.MiniGameService
23:26:10.684 [FXGL Background Thread 3 ] DEBUG Engine               - class com.almasb.fxgl.net.NetService
23:26:10.684 [FXGL Background Thread 3 ] DEBUG Engine               - class com.almasb.fxgl.app.services.UpdaterService
23:26:10.684 [FXGL Background Thread 3 ] DEBUG Engine               - class com.almasb.fxgl.dev.DevService
23:26:11.026 [JavaFX Application Thread] DEBUG Menu                 - fireNewGame()
23:26:11.026 [JavaFX Application Thread] DEBUG GameApplicationServi - Starting new game
23:26:11.030 [JavaFX Application Thread] DEBUG PrimaryStageWindow   - Pop state: FXGLDefaultMenu
23:26:11.030 [JavaFX Application Thread] DEBUG Input                - Clearing active input actions
23:26:11.033 [JavaFX Application Thread] DEBUG GameApplicationServi - Removing overlay from FXGLDefaultMenu and adding to FXGLMainMenuDummyScene
23:26:11.036 [JavaFX Application Thread] DEBUG PrimaryStageWindow   - FXGLMainMenuDummyScene <- FXGLDefaultMenu
23:26:11.037 [JavaFX Application Thread] DEBUG Input                - Clearing active input actions
23:26:11.053 [JavaFX Application Thread] DEBUG GameApplicationServi - Removing overlay from FXGLMainMenuDummyScene and adding to FXGLLoadingScene
23:26:11.054 [JavaFX Application Thread] DEBUG PrimaryStageWindow   - FXGLMainMenuDummyScene -> FXGLLoadingScene
23:26:11.054 [JavaFX Application Thread] DEBUG GameApplicationServi - Clearing previous game
23:26:11.054 [JavaFX Application Thread] DEBUG GameScene            - Clearing game scene
23:26:11.054 [JavaFX Application Thread] DEBUG GameWorld            - Clearing game world
23:26:11.054 [JavaFX Application Thread] DEBUG PhysicsWorld         - Clearing physics world
23:26:11.056 [FXGL Background Thread 4 ] DEBUG FXGLApplication      - Initializing game
23:26:11.179 [FXGL Background Thread 4 ] DEBUG FXGLAssetLoaderServi - Loading from file system: file:/E:/Labs/Gonvival/game/target/classes/assets/textures/map.png
23:26:11.511 [FXGL Background Thread 4 ] DEBUG FXGLAssetLoaderServi - Loading from file system: file:/E:/Labs/Gonvival/game/target/classes/assets/textures/idle_down.png
23:26:11.547 [FXGL Background Thread 4 ] DEBUG FXGLAssetLoaderServi - Loading from file system: file:/E:/Labs/Gonvival/game/target/classes/assets/textures/idle_up.png
23:26:11.555 [FXGL Background Thread 4 ] DEBUG FXGLAssetLoaderServi - Loading from file system: file:/E:/Labs/Gonvival/game/target/classes/assets/textures/idle_left_down.png
23:26:11.591 [FXGL Background Thread 4 ] DEBUG FXGLAssetLoaderServi - Loading from file system: file:/E:/Labs/Gonvival/game/target/classes/assets/textures/idle_left_up.png
23:26:11.595 [FXGL Background Thread 4 ] DEBUG FXGLAssetLoaderServi - Loading from file system: file:/E:/Labs/Gonvival/game/target/classes/assets/textures/idle_right_down.png
23:26:11.600 [FXGL Background Thread 4 ] DEBUG FXGLAssetLoaderServi - Loading from file system: file:/E:/Labs/Gonvival/game/target/classes/assets/textures/idle_right_up.png
23:26:11.603 [FXGL Background Thread 4 ] DEBUG FXGLAssetLoaderServi - Loading from file system: file:/E:/Labs/Gonvival/game/target/classes/assets/textures/walk_left_down.png
23:26:11.606 [FXGL Background Thread 4 ] DEBUG FXGLAssetLoaderServi - Loading from file system: file:/E:/Labs/Gonvival/game/target/classes/assets/textures/walk_right_down.png
23:26:11.609 [FXGL Background Thread 4 ] DEBUG FXGLAssetLoaderServi - Loading from file system: file:/E:/Labs/Gonvival/game/target/classes/assets/textures/walk_up.png
23:26:11.613 [FXGL Background Thread 4 ] DEBUG FXGLAssetLoaderServi - Loading from file system: file:/E:/Labs/Gonvival/game/target/classes/assets/textures/walk_down.png
23:26:11.617 [FXGL Background Thread 4 ] DEBUG FXGLAssetLoaderServi - Loading from file system: file:/E:/Labs/Gonvival/game/target/classes/assets/textures/walk_left_up.png
23:26:11.620 [FXGL Background Thread 4 ] DEBUG FXGLAssetLoaderServi - Loading from file system: file:/E:/Labs/Gonvival/game/target/classes/assets/textures/walk_right_up.png
23:26:11.650 [FXGL Background Thread 4 ] INFO  FXGLApplication      - Game initialization took: 0.594 sec
23:26:11.719 [JavaFX Application Thread] DEBUG Input                - Clearing active input actions
23:26:11.734 [JavaFX Application Thread] DEBUG GameApplicationServi - Removing overlay from FXGLLoadingScene and adding to GameScene
23:26:11.741 [JavaFX Application Thread] DEBUG PrimaryStageWindow   - FXGLLoadingScene -> GameScene
23:26:11.948 [JavaFX Application Thread] DEBUG Input                - Registered new binding: SHOOT - LMB
23:26:11.950 [JavaFX Application Thread] DEBUG Input                - Registered new binding: MOVE LEFT - A
23:26:11.951 [JavaFX Application Thread] DEBUG Input                - Registered new binding: MOVE RIGHT - D
23:26:11.951 [JavaFX Application Thread] DEBUG Input                - Registered new binding: MOVE UP - W
23:26:11.951 [JavaFX Application Thread] DEBUG Input                - Registered new binding: MOVE DOWN - S
23:26:12.440 [JavaFX Application Thread] DEBUG FXGLAssetLoaderServi - Loading from file system: file:/E:/Labs/Gonvival/game/target/classes/assets/textures/arrow.png
23:26:12.503 [JavaFX Application Thread] DEBUG FXGLAssetLoaderServi - Loading from file system: file:/E:/Labs/Gonvival/game/target/classes/assets/textures/evil.png
23:26:15.104 [JavaFX Application Thread] DEBUG PrimaryStageWindow   - Push state: DialogSubScene
23:26:15.104 [JavaFX Application Thread] DEBUG Input                - Clearing active input actions
23:26:15.105 [JavaFX Application Thread] DEBUG GameApplicationServi - Removing overlay from GameScene and adding to DialogSubScene
23:26:15.108 [JavaFX Application Thread] DEBUG PrimaryStageWindow   - GameScene -> DialogSubScene
23:26:16.078 [JavaFX Application Thread] DEBUG PrimaryStageWindow   - Pop state: DialogSubScene
23:26:16.079 [JavaFX Application Thread] DEBUG Input                - Clearing active input actions
23:26:16.080 [JavaFX Application Thread] DEBUG GameApplicationServi - Removing overlay from DialogSubScene and adding to GameScene
23:26:16.082 [JavaFX Application Thread] DEBUG PrimaryStageWindow   - GameScene <- DialogSubScene
23:26:21.851 [JavaFX Application Thread] DEBUG PrimaryStageWindow   - Push state: DialogSubScene
23:26:21.851 [JavaFX Application Thread] DEBUG Input                - Clearing active input actions
23:26:21.852 [JavaFX Application Thread] DEBUG GameApplicationServi - Removing overlay from GameScene and adding to DialogSubScene
23:26:21.853 [JavaFX Application Thread] DEBUG PrimaryStageWindow   - GameScene -> DialogSubScene
23:26:22.655 [JavaFX Application Thread] DEBUG PrimaryStageWindow   - Pop state: DialogSubScene
23:26:22.655 [JavaFX Application Thread] DEBUG Input                - Clearing active input actions
23:26:22.655 [JavaFX Application Thread] DEBUG GameApplicationServi - Removing overlay from DialogSubScene and adding to GameScene
23:26:22.657 [JavaFX Application Thread] DEBUG PrimaryStageWindow   - GameScene <- DialogSubScene
23:26:31.034 [JavaFX Application Thread] DEBUG PrimaryStageWindow   - Push state: DialogSubScene
23:26:31.035 [JavaFX Application Thread] DEBUG Input                - Clearing active input actions
23:26:31.035 [JavaFX Application Thread] DEBUG GameApplicationServi - Removing overlay from GameScene and adding to DialogSubScene
23:26:31.036 [JavaFX Application Thread] DEBUG PrimaryStageWindow   - GameScene -> DialogSubScene
23:26:31.895 [JavaFX Application Thread] DEBUG PrimaryStageWindow   - Pop state: DialogSubScene
23:26:31.895 [JavaFX Application Thread] DEBUG Input                - Clearing active input actions
23:26:31.896 [JavaFX Application Thread] DEBUG GameApplicationServi - Removing overlay from DialogSubScene and adding to GameScene
23:26:31.896 [JavaFX Application Thread] DEBUG PrimaryStageWindow   - GameScene <- DialogSubScene
23:26:42.585 [JavaFX Application Thread] DEBUG PrimaryStageWindow   - Push state: DialogSubScene
23:26:42.585 [JavaFX Application Thread] DEBUG Input                - Clearing active input actions
23:26:42.586 [JavaFX Application Thread] DEBUG GameApplicationServi - Removing overlay from GameScene and adding to DialogSubScene
23:26:42.587 [JavaFX Application Thread] DEBUG PrimaryStageWindow   - GameScene -> DialogSubScene
23:26:43.342 [JavaFX Application Thread] DEBUG PrimaryStageWindow   - Pop state: DialogSubScene
23:26:43.343 [JavaFX Application Thread] DEBUG Input                - Clearing active input actions
23:26:43.343 [JavaFX Application Thread] DEBUG GameApplicationServi - Removing overlay from DialogSubScene and adding to GameScene
23:26:43.345 [JavaFX Application Thread] DEBUG PrimaryStageWindow   - GameScene <- DialogSubScene
23:26:46.474 [JavaFX Application Thread] DEBUG PrimaryStageWindow   - Push state: DialogSubScene
23:26:46.474 [JavaFX Application Thread] DEBUG Input                - Clearing active input actions
23:26:46.475 [JavaFX Application Thread] DEBUG GameApplicationServi - Removing overlay from GameScene and adding to DialogSubScene
23:26:46.478 [JavaFX Application Thread] DEBUG PrimaryStageWindow   - GameScene -> DialogSubScene
23:26:47.662 [JavaFX Application Thread] DEBUG PrimaryStageWindow   - Pop state: DialogSubScene
23:26:47.663 [JavaFX Application Thread] DEBUG Input                - Clearing active input actions
23:26:47.663 [JavaFX Application Thread] DEBUG GameApplicationServi - Removing overlay from DialogSubScene and adding to GameScene
23:26:47.665 [JavaFX Application Thread] DEBUG PrimaryStageWindow   - GameScene <- DialogSubScene
23:26:47.666 [JavaFX Application Thread] DEBUG Input                - Clearing active input actions
23:26:47.676 [JavaFX Application Thread] DEBUG GameApplicationServi - Removing overlay from GameScene and adding to FXGLMainMenuDummyScene
23:26:47.677 [JavaFX Application Thread] DEBUG PrimaryStageWindow   - GameScene -> FXGLMainMenuDummyScene
23:26:47.677 [JavaFX Application Thread] DEBUG PrimaryStageWindow   - Push state: FXGLDefaultMenu
23:26:47.677 [JavaFX Application Thread] DEBUG Input                - Clearing active input actions
23:26:47.681 [JavaFX Application Thread] DEBUG GameApplicationServi - Removing overlay from FXGLMainMenuDummyScene and adding to FXGLDefaultMenu
23:26:47.698 [JavaFX Application Thread] DEBUG PrimaryStageWindow   - FXGLMainMenuDummyScene -> FXGLDefaultMenu
23:26:50.548 [JavaFX Application Thread] DEBUG Menu                 - fireNewGame()
23:26:50.548 [JavaFX Application Thread] DEBUG GameApplicationServi - Starting new game
23:26:50.548 [JavaFX Application Thread] DEBUG PrimaryStageWindow   - Pop state: FXGLDefaultMenu
23:26:50.548 [JavaFX Application Thread] DEBUG Input                - Clearing active input actions
23:26:50.550 [JavaFX Application Thread] DEBUG GameApplicationServi - Removing overlay from FXGLDefaultMenu and adding to FXGLMainMenuDummyScene
23:26:50.551 [JavaFX Application Thread] DEBUG PrimaryStageWindow   - FXGLMainMenuDummyScene <- FXGLDefaultMenu
23:26:50.551 [JavaFX Application Thread] DEBUG Input                - Clearing active input actions
23:26:50.569 [JavaFX Application Thread] DEBUG GameApplicationServi - Removing overlay from FXGLMainMenuDummyScene and adding to FXGLLoadingScene
23:26:50.570 [JavaFX Application Thread] DEBUG PrimaryStageWindow   - FXGLMainMenuDummyScene -> FXGLLoadingScene
23:26:50.570 [JavaFX Application Thread] DEBUG GameApplicationServi - Clearing previous game
23:26:50.570 [JavaFX Application Thread] DEBUG GameScene            - Clearing game scene
23:26:50.570 [JavaFX Application Thread] DEBUG GameWorld            - Clearing game world
23:26:50.571 [JavaFX Application Thread] DEBUG PhysicsWorld         - Clearing physics world
23:26:50.572 [FXGL Background Thread 4 ] DEBUG FXGLApplication      - Initializing game
23:26:50.598 [FXGL Background Thread 4 ] INFO  FXGLApplication      - Game initialization took: 0.026 sec
23:26:50.629 [JavaFX Application Thread] DEBUG Input                - Clearing active input actions
23:26:50.636 [JavaFX Application Thread] DEBUG GameApplicationServi - Removing overlay from FXGLLoadingScene and adding to GameScene
23:26:50.643 [JavaFX Application Thread] DEBUG PrimaryStageWindow   - FXGLLoadingScene -> GameScene
23:26:50.729 [JavaFX Application Thread] DEBUG LoopRunner           - Stopping loop
23:26:50.795 [JavaFX Application Thread] FATAL FXGLApplication      - Uncaught Exception:
java.lang.IllegalArgumentException: Action already exists: SHOOT
	at com.almasb.fxgl.input.Input.addBinding(Input.kt:504)
	at com.almasb.fxgl.input.Input.addAction(Input.kt:487)
	at com.almasb.fxgl.input.Input.addAction$default(Input.kt:486)
	at com.almasb.fxgl.input.Input.addAction(Input.kt)
	at com.lab.App.initInput(App.java:176)
	at com.lab.App.lambda$1(App.java:98)
	at com.almasb.fxgl.time.TimerAction.update(TimerAction.kt:69)
	at com.almasb.fxgl.time.Timer.update(Timer.kt:38)
	at com.almasb.fxgl.scene.Scene.update(Scene.kt:104)
	at com.almasb.fxgl.app.MainWindow$update$1.invoke(MainWindow.kt:121)
	at com.almasb.fxgl.app.MainWindow$update$1.invoke(MainWindow.kt:121)
	at com.almasb.fxgl.core.fsm.StateMachine.runOnActiveStates(StateMachine.kt:69)
	at com.almasb.fxgl.app.MainWindow.update(MainWindow.kt:121)
	at com.almasb.fxgl.app.FXGLApplication$GameApplicationService.onUpdate(FXGLApplication.kt:445)
	at com.almasb.fxgl.app.Engine.loop(Engine.kt:134)
	at com.almasb.fxgl.app.Engine.access$loop(Engine.kt:24)
	at com.almasb.fxgl.app.Engine$loop$1.invoke(Engine.kt:28)
	at com.almasb.fxgl.app.Engine$loop$1.invoke(Engine.kt:28)
	at com.almasb.fxgl.app.LoopRunner.frame(LoopRunner.kt:103)
	at com.almasb.fxgl.app.LoopRunner.access$frame(LoopRunner.kt:23)
	at com.almasb.fxgl.app.LoopRunner$impl$2$1.onTick(LoopRunner.kt:57)
	at com.almasb.fxgl.app.AnimationTimerLoop$timer$1.handle(LoopRunner.kt:137)
	at javafx.animation.AnimationTimer$AnimationTimerReceiver.lambda$handle$0(AnimationTimer.java:58)
	at java.base/java.security.AccessController.doPrivileged(AccessController.java:400)
	at javafx.animation.AnimationTimer$AnimationTimerReceiver.handle(AnimationTimer.java:57)
	at com.sun.scenario.animation.AbstractPrimaryTimer.timePulseImpl(AbstractPrimaryTimer.java:356)
	at com.sun.scenario.animation.AbstractPrimaryTimer$MainLoop.run(AbstractPrimaryTimer.java:266)
	at com.sun.javafx.tk.quantum.QuantumToolkit.pulse(QuantumToolkit.java:588)
	at com.sun.javafx.tk.quantum.QuantumToolkit.pulse(QuantumToolkit.java:572)
	at com.sun.javafx.tk.quantum.QuantumToolkit.pulseFromQueue(QuantumToolkit.java:565)
	at com.sun.javafx.tk.quantum.QuantumToolkit.lambda$runToolkit$11(QuantumToolkit.java:352)
	at com.sun.glass.ui.InvokeLaterDispatcher$Future.run(InvokeLaterDispatcher.java:95)
	at com.sun.glass.ui.win.WinApplication._runLoop(Native Method)
	at com.sun.glass.ui.win.WinApplication.lambda$runLoop$3(WinApplication.java:185)
	at java.base/java.lang.Thread.run(Thread.java:1583)

23:26:50.812 [JavaFX Application Thread] FATAL FXGLApplication      - Application will now exit
23:26:50.838 [JavaFX Application Thread] DEBUG PrimaryStageWindow   - Push state: ErrorSubScene
23:26:50.838 [JavaFX Application Thread] DEBUG Input                - Clearing active input actions
23:26:50.839 [JavaFX Application Thread] DEBUG GameApplicationServi - Removing overlay from GameScene and adding to ErrorSubScene
23:26:50.840 [JavaFX Application Thread] DEBUG PrimaryStageWindow   - GameScene -> ErrorSubScene
23:26:53.046 [JavaFX Application Thread] DEBUG FXGLApplication      - Exiting FXGL
23:26:53.046 [JavaFX Application Thread] DEBUG Async                - Shutting down background threads
23:26:53.047 [JavaFX Application Thread] DEBUG PrimaryStageWindow   - Closing main window
23:26:53.059 [JavaFX Application Thread] DEBUG Logger               - Closing Logger
