23:54:42.258 [main                     ] DEBUG Logger               - Configured Logger
23:54:42.292 [main                     ] DEBUG GameApplication      - Logging settings
Title: Gonvival
Version: beta
Width: 800
Height: 600
Fullscreen: false
Intro: false
Profiling: false
Single step:false
App Mode: DEVELOPER
Menu Key: ESCAPE
Stage Style: DECORATED
Scene Factory: class com.almasb.fxgl.app.scene.SceneFactory

23:54:44.257 [JavaFX Application Thread] DEBUG FXGLApplication      - Initializing FXGL
23:54:44.263 [JavaFX Application Thread] INFO  Engine               - FXGL-21.1 (27.03.2024 07.52) on WINDOWS (J:21.0.5 FX:21.0.1)
23:54:44.263 [JavaFX Application Thread] DEBUG Engine               - JRE Vendor Name: Eclipse Adoptium
23:54:44.264 [JavaFX Application Thread] DEBUG Engine               - Running on OS: Windows 11 version 10.0
23:54:44.264 [JavaFX Application Thread] DEBUG Engine               - Architecture: amd64
23:54:44.264 [JavaFX Application Thread] INFO  Engine               - Source code and latest versions at: https://github.com/AlmasB/FXGL
23:54:44.264 [JavaFX Application Thread] INFO  Engine               -       Ask questions and discuss at: https://github.com/AlmasB/FXGL/discussions
23:54:44.264 [JavaFX Application Thread] INFO  Engine               -              Join the FXGL chat at: https://gitter.im/AlmasB/FXGL
23:54:44.485 [JavaFX Application Thread] DEBUG PrimaryStageWindow   - Creating a JavaFX scene
23:54:44.556 [JavaFX Application Thread] DEBUG PrimaryStageWindow   - Target settings size: 800.0 x 600.0
23:54:44.556 [JavaFX Application Thread] DEBUG PrimaryStageWindow   - Scaled scene size:    800.0 x 600.0
23:54:44.556 [JavaFX Application Thread] DEBUG PrimaryStageWindow   - Scaled ratio: (1.0, 1.0)
23:54:44.557 [JavaFX Application Thread] DEBUG PrimaryStageWindow   - Set initial scene to FXGLStartupScene
23:54:44.560 [JavaFX Application Thread] DEBUG PrimaryStageWindow   - Opening main window
23:54:44.821 [JavaFX Application Thread] DEBUG PrimaryStageWindow   - Window border size: (14.4000244140625, 37.5999755859375)
23:54:44.823 [JavaFX Application Thread] DEBUG PrimaryStageWindow   - Scaled size: 800.0 x 600.0
23:54:44.824 [JavaFX Application Thread] DEBUG PrimaryStageWindow   - Scaled ratio: (1.0, 1.0)
23:54:44.824 [JavaFX Application Thread] DEBUG PrimaryStageWindow   - Scene size: 800.0 x 600.0
23:54:44.825 [JavaFX Application Thread] DEBUG PrimaryStageWindow   - Stage size: 814.4000244140625 x 637.5999755859375
23:54:44.857 [FXGL Background Thread 1 ] DEBUG Engine               - Initializing environment variables
23:54:44.992 [FXGL Background Thread 1 ] DEBUG FXGLAssetLoaderServi - User app class for loading assets: class com.lab.App
23:54:44.992 [FXGL Background Thread 1 ] DEBUG GameApplicationServi - Applying CSS: fxgl_dark.css
23:54:44.993 [FXGL Background Thread 1 ] DEBUG FXGLAssetLoaderServi - Loading from file system: jar:file:/C:/Users/HP/.m2/repository/com/github/almasb/fxgl/21.1/fxgl-21.1.jar!/fxglassets/ui/css/fxgl_dark.css
23:54:45.121 [FXGL Background Thread 1 ] DEBUG GameApplicationServi - Initializing application scenes
23:54:45.217 [FXGL Background Thread 1 ] DEBUG GameWorld            - Game world initialized
23:54:45.328 [FXGL Background Thread 1 ] DEBUG PhysicsWorld         - Physics world initialized: appHeight=600, physics.ppm=50.0
23:54:45.329 [FXGL Background Thread 1 ] DEBUG PhysicsWorld         - Using strategy: BRUTE_FORCE
23:54:45.338 [FXGL Background Thread 1 ] DEBUG GameScene            - Game scene initialized: 800x600
23:54:45.359 [FXGL Background Thread 1 ] DEBUG FXGL.DefaultMenu     - createMenuBodyGameMenu()
23:54:45.386 [FXGL Background Thread 1 ] DEBUG FXGL.DefaultMenu     - createOptionsMenu()
23:54:45.404 [FXGL Background Thread 1 ] DEBUG FXGLAssetLoaderServi - Loading from file system: jar:file:/C:/Users/HP/.m2/repository/com/github/almasb/fxgl/21.1/fxgl-21.1.jar!/fxglassets/textures/particles/smoke.png
23:54:45.565 [FXGL Background Thread 1 ] DEBUG FXGLAssetLoaderServi - Loading from file system: jar:file:/C:/Users/HP/.m2/repository/com/github/almasb/fxgl/21.1/fxgl-21.1.jar!/fxglassets/textures/particles/trace_horizontal.png
23:54:45.595 [FXGL Background Thread 1 ] DEBUG GameApplicationServi - Application scenes initialized
23:54:45.615 [FXGL Background Thread 1 ] DEBUG SystemBundleService  - Loading FXGL system data
23:54:45.623 [FXGL Background Thread 1 ] DEBUG FileSystemAccess     - Reading from: D:\Gonvival\system\fxgl.bundle
23:54:45.639 [FXGL Background Thread 1 ] DEBUG SystemBundleService  - Bundle FXGL: {}
23:54:45.639 [FXGL Background Thread 1 ] DEBUG UpdaterService       - Checking for updates
23:54:45.647 [FXGL Background Thread 4 ] DEBUG FXGLApplication      - Loading fonts
23:54:45.648 [FXGL Background Thread 4 ] DEBUG FXGLAssetLoaderServi - Loading from file system: jar:file:/C:/Users/HP/.m2/repository/com/github/almasb/fxgl/21.1/fxgl-21.1.jar!/fxglassets/ui/fonts/VarelaRound-Regular.ttf
23:54:45.651 [FXGL Background Thread 1 ] DEBUG FXGLApplication      - Loading default localization
23:54:45.652 [FXGL Background Thread 1 ] DEBUG FXGLAssetLoaderServi - Loading from file system: jar:file:/C:/Users/HP/.m2/repository/com/github/almasb/fxgl/21.1/fxgl-21.1.jar!/fxglassets/languages/english.lang
23:54:45.706 [FXGL Background Thread 1 ] INFO  FXGLApplication      - FXGL initialization took: 0.849 sec
23:54:45.710 [FXGL Background Thread 4 ] DEBUG FXGLAssetLoaderServi - Loading from file system: jar:file:/C:/Users/HP/.m2/repository/com/github/almasb/fxgl/21.1/fxgl-21.1.jar!/fxglassets/ui/fonts/Abel-Regular.ttf
23:54:45.713 [JavaFX Application Thread] DEBUG Input                - Registered new binding: Shoot - LMB
23:54:45.714 [FXGL Background Thread 4 ] DEBUG FXGLAssetLoaderServi - Loading from file system: jar:file:/C:/Users/HP/.m2/repository/com/github/almasb/fxgl/21.1/fxgl-21.1.jar!/fxglassets/ui/fonts/TerminalLandMono-Regular.otf
23:54:45.718 [FXGL Background Thread 4 ] DEBUG FXGLAssetLoaderServi - Loading from file system: jar:file:/C:/Users/HP/.m2/repository/com/github/almasb/fxgl/21.1/fxgl-21.1.jar!/fxglassets/ui/fonts/Courier-Prime.ttf
23:54:45.722 [JavaFX Application Thread] DEBUG Input                - Registered new binding: action0 - A
23:54:45.722 [JavaFX Application Thread] DEBUG Input                - Registered new binding: action1 - D
23:54:45.723 [JavaFX Application Thread] DEBUG Input                - Registered new binding: action2 - W
23:54:45.723 [JavaFX Application Thread] DEBUG Input                - Registered new binding: action3 - S
23:54:45.724 [JavaFX Application Thread] DEBUG FXGLAssetLoaderServi - Loading from file system: jar:file:/C:/Users/HP/.m2/repository/com/github/almasb/fxgl/21.1/fxgl-21.1.jar!/fxglassets/textures/fxgl_icon.png
23:54:45.751 [JavaFX Application Thread] DEBUG FXGLAssetLoaderServi - Loading from file system: jar:file:/C:/Users/HP/.m2/repository/com/github/almasb/fxgl/21.1/fxgl-21.1.jar!/fxglassets/textures/fxgl_default_cursor.png
23:54:45.754 [JavaFX Application Thread] DEBUG Input                - Registered new binding: Screenshot - CTRL+8
23:54:45.755 [JavaFX Application Thread] DEBUG Input                - Registered new binding: System info dump - CTRL+9
23:54:45.755 [JavaFX Application Thread] DEBUG Input                - Registered new binding: Restart - CTRL+R
23:54:45.756 [JavaFX Application Thread] DEBUG Input                - Registered new binding: Toggle Debug Camera - CTRL+7
23:54:45.761 [JavaFX Application Thread] DEBUG LoopRunner           - Starting loop
23:54:45.761 [JavaFX Application Thread] DEBUG LoopRunner           - Initializing JavaFX AnimationTimerLoop
23:54:45.764 [JavaFX Application Thread] DEBUG GameApplicationServi - Starting new game
23:54:45.765 [JavaFX Application Thread] DEBUG Input                - Clearing active input actions
23:54:45.782 [JavaFX Application Thread] DEBUG GameApplicationServi - Removing overlay from FXGLStartupScene and adding to FXGLLoadingScene
23:54:45.784 [JavaFX Application Thread] DEBUG PrimaryStageWindow   - FXGLStartupScene -> FXGLLoadingScene
23:54:45.784 [JavaFX Application Thread] DEBUG GameApplicationServi - Clearing previous game
23:54:45.784 [JavaFX Application Thread] DEBUG GameScene            - Clearing game scene
23:54:45.784 [JavaFX Application Thread] DEBUG GameWorld            - Clearing game world
23:54:45.784 [JavaFX Application Thread] DEBUG PhysicsWorld         - Clearing physics world
23:54:45.786 [FXGL Background Thread 4 ] DEBUG FXGLApplication      - Initializing game
23:54:45.786 [JavaFX Application Thread] DEBUG FXGLApplication      - Registering font factories with UI factory
23:54:45.801 [FXGL Background Thread 4 ] DEBUG FXGLAssetLoaderServi - Loading from file system: file:/D:/Gonvival/game/target/classes/assets/textures/g.png
23:54:45.813 [FXGL Background Thread 4 ] INFO  FXGLApplication      - Game initialization took: 0.026 sec
23:54:45.856 [JavaFX Application Thread] DEBUG Input                - Clearing active input actions
23:54:45.864 [JavaFX Application Thread] DEBUG GameApplicationServi - Removing overlay from FXGLLoadingScene and adding to GameScene
23:54:45.865 [JavaFX Application Thread] DEBUG PrimaryStageWindow   - FXGLLoadingScene -> GameScene
23:54:46.882 [JavaFX Application Thread] DEBUG FXGLAssetLoaderServi - Loading from file system: file:/D:/Gonvival/game/target/classes/assets/textures/evil.png
23:54:47.412 [JavaFX Application Thread] DEBUG FXGLAssetLoaderServi - Loading from file system: file:/D:/Gonvival/game/target/classes/assets/textures/arrow.png
23:54:47.418 [JavaFX Application Thread] WARN  Entity               - Entity already has component: com.almasb.fxgl.dsl.components.ProjectileComponent
23:54:47.946 [JavaFX Application Thread] WARN  Entity               - Entity already has component: com.almasb.fxgl.dsl.components.ProjectileComponent
23:54:48.222 [JavaFX Application Thread] WARN  Entity               - Entity already has component: com.almasb.fxgl.dsl.components.ProjectileComponent
23:54:48.407 [JavaFX Application Thread] WARN  Entity               - Entity already has component: com.almasb.fxgl.dsl.components.ProjectileComponent
23:54:48.579 [JavaFX Application Thread] WARN  Entity               - Entity already has component: com.almasb.fxgl.dsl.components.ProjectileComponent
23:54:48.645 [FXGL Background Thread 3 ] DEBUG Engine               - Logging environment variables
23:54:48.647 [FXGL Background Thread 3 ] DEBUG Engine               - achievements: []
23:54:48.648 [FXGL Background Thread 3 ] DEBUG Engine               - actualHeight: 600.0
23:54:48.648 [FXGL Background Thread 3 ] DEBUG Engine               - actualHeightProperty: ReadOnlyDoubleProperty [value: 600.0]
23:54:48.648 [FXGL Background Thread 3 ] DEBUG Engine               - actualWidth: 800.0
23:54:48.648 [FXGL Background Thread 3 ] DEBUG Engine               - actualWidthProperty: ReadOnlyDoubleProperty [value: 800.0]
23:54:48.648 [FXGL Background Thread 3 ] DEBUG Engine               - appIcon: fxgl_icon.png
23:54:48.648 [FXGL Background Thread 3 ] DEBUG Engine               - applicationMode: DEVELOPER
23:54:48.648 [FXGL Background Thread 3 ] DEBUG Engine               - cSSList: [fxgl_dark.css]
23:54:48.648 [FXGL Background Thread 3 ] DEBUG Engine               - collisionDetectionStrategy: BRUTE_FORCE
23:54:48.648 [FXGL Background Thread 3 ] DEBUG Engine               - configClass: Optional.empty
23:54:48.648 [FXGL Background Thread 3 ] DEBUG Engine               - credits: []
23:54:48.649 [FXGL Background Thread 3 ] DEBUG Engine               - defaultCursor: CursorInfo(imageName=fxgl_default_cursor.png, hotspotX=7.0, hotspotY=6.0)
23:54:48.649 [FXGL Background Thread 3 ] DEBUG Engine               - devBBoxColorProperty: ObjectProperty [value: 0xff0000ff]
23:54:48.649 [FXGL Background Thread 3 ] DEBUG Engine               - devEnableDebugCameraProperty: BooleanProperty [value: false]
23:54:48.650 [FXGL Background Thread 3 ] DEBUG Engine               - devSensorColorProperty: ObjectProperty [value: 0xffff00ff]
23:54:48.650 [FXGL Background Thread 3 ] DEBUG Engine               - devShowBBoxProperty: BooleanProperty [value: false]
23:54:48.650 [FXGL Background Thread 3 ] DEBUG Engine               - devShowPositionProperty: BooleanProperty [value: false]
23:54:48.650 [FXGL Background Thread 3 ] DEBUG Engine               - enabledMenuItems: []
23:54:48.650 [FXGL Background Thread 3 ] DEBUG Engine               - engineServices: [class com.almasb.fxgl.app.services.FXGLAssetLoaderService, class com.almasb.fxgl.app.FXGLApplication$GameApplicationService, class com.almasb.fxgl.app.services.FXGLDialogService, class com.almasb.fxgl.app.services.IOTaskExecutorService, class com.almasb.fxgl.io.FileSystemService, class com.almasb.fxgl.localization.LocalizationService, class com.almasb.fxgl.app.services.SystemBundleService, class com.almasb.fxgl.profile.SaveLoadService, class com.almasb.fxgl.ui.FXGLUIFactoryServiceProvider, class com.almasb.fxgl.ui.FXGLDialogFactoryServiceProvider, class com.almasb.fxgl.audio.AudioPlayer, class com.almasb.fxgl.notification.impl.NotificationServiceProvider, class com.almasb.fxgl.achievement.AchievementService, class com.almasb.fxgl.cutscene.CutsceneService, class com.almasb.fxgl.minigames.MiniGameService, class com.almasb.fxgl.net.NetService, class com.almasb.fxgl.app.services.UpdaterService, class com.almasb.fxgl.dev.DevService]
23:54:48.650 [FXGL Background Thread 3 ] DEBUG Engine               - fontGame: Abel-Regular.ttf
23:54:48.650 [FXGL Background Thread 3 ] DEBUG Engine               - fontMono: TerminalLandMono-Regular.otf
23:54:48.650 [FXGL Background Thread 3 ] DEBUG Engine               - fontSizeScaleUI: 1.0
23:54:48.650 [FXGL Background Thread 3 ] DEBUG Engine               - fontText: Courier-Prime.ttf
23:54:48.650 [FXGL Background Thread 3 ] DEBUG Engine               - fontUI: VarelaRound-Regular.ttf
23:54:48.650 [FXGL Background Thread 3 ] DEBUG Engine               - fullScreen: BooleanProperty [value: false]
23:54:48.650 [FXGL Background Thread 3 ] DEBUG Engine               - gameDifficulty: MEDIUM
23:54:48.650 [FXGL Background Thread 3 ] DEBUG Engine               - gameDifficultyProperty: ObjectProperty [value: MEDIUM]
23:54:48.650 [FXGL Background Thread 3 ] DEBUG Engine               - globalMusicVolume: 0.5
23:54:48.650 [FXGL Background Thread 3 ] DEBUG Engine               - globalMusicVolumeProperty: DoubleProperty [value: 0.5]
23:54:48.650 [FXGL Background Thread 3 ] DEBUG Engine               - globalSoundVolume: 0.5
23:54:48.651 [FXGL Background Thread 3 ] DEBUG Engine               - globalSoundVolumeProperty: DoubleProperty [value: 0.5]
23:54:48.651 [FXGL Background Thread 3 ] DEBUG Engine               - height: 600
23:54:48.651 [FXGL Background Thread 3 ] DEBUG Engine               - is3D: false
23:54:48.651 [FXGL Background Thread 3 ] DEBUG Engine               - isAndroid: false
23:54:48.651 [FXGL Background Thread 3 ] DEBUG Engine               - isBrowser: false
23:54:48.651 [FXGL Background Thread 3 ] DEBUG Engine               - isClickFeedbackEnabled: false
23:54:48.651 [FXGL Background Thread 3 ] DEBUG Engine               - isCloseConfirmation: false
23:54:48.651 [FXGL Background Thread 3 ] DEBUG Engine               - isDesktop: true
23:54:48.651 [FXGL Background Thread 3 ] DEBUG Engine               - isDeveloperMenuEnabled: false
23:54:48.651 [FXGL Background Thread 3 ] DEBUG Engine               - isEmbedded: false
23:54:48.651 [FXGL Background Thread 3 ] DEBUG Engine               - isEntityPreloadEnabled: true
23:54:48.651 [FXGL Background Thread 3 ] DEBUG Engine               - isExperimentalTiledLargeMap: false
23:54:48.651 [FXGL Background Thread 3 ] DEBUG Engine               - isFileSystemWriteAllowed: true
23:54:48.651 [FXGL Background Thread 3 ] DEBUG Engine               - isFullScreenAllowed: false
23:54:48.651 [FXGL Background Thread 3 ] DEBUG Engine               - isFullScreenFromStart: false
23:54:48.651 [FXGL Background Thread 3 ] DEBUG Engine               - isGameMenuEnabled: true
23:54:48.651 [FXGL Background Thread 3 ] DEBUG Engine               - isIOS: false
23:54:48.651 [FXGL Background Thread 3 ] DEBUG Engine               - isIntroEnabled: false
23:54:48.651 [FXGL Background Thread 3 ] DEBUG Engine               - isLinux: false
23:54:48.651 [FXGL Background Thread 3 ] DEBUG Engine               - isMac: false
23:54:48.651 [FXGL Background Thread 3 ] DEBUG Engine               - isMainMenuEnabled: false
23:54:48.651 [FXGL Background Thread 3 ] DEBUG Engine               - isManualResizeEnabled: false
23:54:48.651 [FXGL Background Thread 3 ] DEBUG Engine               - isMobile: false
23:54:48.651 [FXGL Background Thread 3 ] DEBUG Engine               - isNative: false
23:54:48.651 [FXGL Background Thread 3 ] DEBUG Engine               - isPauseMusicWhenMinimized: true
23:54:48.651 [FXGL Background Thread 3 ] DEBUG Engine               - isPreserveResizeRatio: false
23:54:48.651 [FXGL Background Thread 3 ] DEBUG Engine               - isProfilingEnabled: false
23:54:48.651 [FXGL Background Thread 3 ] DEBUG Engine               - isScaleAffectedOnResize: true
23:54:48.651 [FXGL Background Thread 3 ] DEBUG Engine               - isSingleStep: false
23:54:48.651 [FXGL Background Thread 3 ] DEBUG Engine               - isUserProfileEnabled: false
23:54:48.651 [FXGL Background Thread 3 ] DEBUG Engine               - isWindows: true
23:54:48.651 [FXGL Background Thread 3 ] DEBUG Engine               - language: ObjectProperty [value: ENGLISH]
23:54:48.651 [FXGL Background Thread 3 ] DEBUG Engine               - menuKey: ESCAPE
23:54:48.652 [FXGL Background Thread 3 ] DEBUG Engine               - mouseSensitivity: 0.2
23:54:48.652 [FXGL Background Thread 3 ] DEBUG Engine               - notificationViewClass: class com.almasb.fxgl.notification.view.XboxNotificationView
23:54:48.652 [FXGL Background Thread 3 ] DEBUG Engine               - pixelsPerMeter: 50.0
23:54:48.652 [FXGL Background Thread 3 ] DEBUG Engine               - platform: WINDOWS
23:54:48.652 [FXGL Background Thread 3 ] DEBUG Engine               - prefHeightProperty: ReadOnlyDoubleProperty [value: 600.0]
23:54:48.652 [FXGL Background Thread 3 ] DEBUG Engine               - prefWidthProperty: ReadOnlyDoubleProperty [value: 800.0]
23:54:48.652 [FXGL Background Thread 3 ] DEBUG Engine               - profileDir: profiles/
23:54:48.652 [FXGL Background Thread 3 ] DEBUG Engine               - profileName: StringProperty [value: DEFAULT]
23:54:48.653 [FXGL Background Thread 3 ] DEBUG Engine               - randomSeed: -1
23:54:48.654 [FXGL Background Thread 3 ] DEBUG Engine               - runtimeInfo: RuntimeInfo(platform=WINDOWS, version=21.1, build=27.03.2024 07.52)
23:54:48.656 [FXGL Background Thread 3 ] DEBUG Engine               - saveFileExt: sav
23:54:48.656 [FXGL Background Thread 3 ] DEBUG Engine               - scaledHeightProp$fxgl: DoubleProperty [bound, value: 600.0]
23:54:48.656 [FXGL Background Thread 3 ] DEBUG Engine               - scaledWidthProp$fxgl: DoubleProperty [bound, value: 800.0]
23:54:48.656 [FXGL Background Thread 3 ] DEBUG Engine               - sceneFactory: com.almasb.fxgl.app.scene.SceneFactory@6f86bfb8
23:54:48.656 [FXGL Background Thread 3 ] DEBUG Engine               - secondsIn24h: 60
23:54:48.656 [FXGL Background Thread 3 ] DEBUG Engine               - soundMenuBack: menu/back.wav
23:54:48.657 [FXGL Background Thread 3 ] DEBUG Engine               - soundMenuPress: menu/press.wav
23:54:48.657 [FXGL Background Thread 3 ] DEBUG Engine               - soundMenuSelect: menu/select.wav
23:54:48.657 [FXGL Background Thread 3 ] DEBUG Engine               - soundNotification: core/notification.wav
23:54:48.657 [FXGL Background Thread 3 ] DEBUG Engine               - stageStyle: DECORATED
23:54:48.658 [FXGL Background Thread 3 ] DEBUG Engine               - supportedLanguages: [ENGLISH, FRENCH, GERMAN, HUNGARIAN, RUSSIAN]
23:54:48.658 [FXGL Background Thread 3 ] DEBUG Engine               - ticksPerSecond: -1
23:54:48.658 [FXGL Background Thread 3 ] DEBUG Engine               - title: Gonvival
23:54:48.658 [FXGL Background Thread 3 ] DEBUG Engine               - urlGithub: https://github.com/AlmasB/FXGL
23:54:48.658 [FXGL Background Thread 3 ] DEBUG Engine               - urlLeaderboard: http://fxgl-top.herokuapp.com/
23:54:48.659 [FXGL Background Thread 3 ] DEBUG Engine               - urlPOM: https://raw.githubusercontent.com/AlmasB/FXGL/release/README.md
23:54:48.659 [FXGL Background Thread 3 ] DEBUG Engine               - userAppClass: class com.lab.App
23:54:48.659 [FXGL Background Thread 3 ] DEBUG Engine               - version: beta
23:54:48.659 [FXGL Background Thread 3 ] DEBUG Engine               - versionCheckDays: 7
23:54:48.659 [FXGL Background Thread 3 ] DEBUG Engine               - width: 800
23:54:48.660 [FXGL Background Thread 3 ] DEBUG Engine               - Logging services
23:54:48.660 [FXGL Background Thread 3 ] DEBUG Engine               - class com.almasb.fxgl.app.services.FXGLAssetLoaderService
23:54:48.660 [FXGL Background Thread 3 ] DEBUG Engine               - class com.almasb.fxgl.app.FXGLApplication$GameApplicationService
23:54:48.660 [FXGL Background Thread 3 ] DEBUG Engine               - class com.almasb.fxgl.app.services.FXGLDialogService
23:54:48.660 [FXGL Background Thread 3 ] DEBUG Engine               - class com.almasb.fxgl.app.services.IOTaskExecutorService
23:54:48.660 [FXGL Background Thread 3 ] DEBUG Engine               - class com.almasb.fxgl.io.FileSystemService
23:54:48.660 [FXGL Background Thread 3 ] DEBUG Engine               - class com.almasb.fxgl.localization.LocalizationService
23:54:48.660 [FXGL Background Thread 3 ] DEBUG Engine               - class com.almasb.fxgl.app.services.SystemBundleService
23:54:48.660 [FXGL Background Thread 3 ] DEBUG Engine               - class com.almasb.fxgl.profile.SaveLoadService
23:54:48.660 [FXGL Background Thread 3 ] DEBUG Engine               - class com.almasb.fxgl.ui.FXGLUIFactoryServiceProvider
23:54:48.660 [FXGL Background Thread 3 ] DEBUG Engine               - class com.almasb.fxgl.ui.FXGLDialogFactoryServiceProvider
23:54:48.660 [FXGL Background Thread 3 ] DEBUG Engine               - class com.almasb.fxgl.audio.AudioPlayer
23:54:48.660 [FXGL Background Thread 3 ] DEBUG Engine               - class com.almasb.fxgl.notification.impl.NotificationServiceProvider
23:54:48.660 [FXGL Background Thread 3 ] DEBUG Engine               - class com.almasb.fxgl.achievement.AchievementService
23:54:48.661 [FXGL Background Thread 3 ] DEBUG Engine               - class com.almasb.fxgl.cutscene.CutsceneService
23:54:48.661 [FXGL Background Thread 3 ] DEBUG Engine               - class com.almasb.fxgl.minigames.MiniGameService
23:54:48.661 [FXGL Background Thread 3 ] DEBUG Engine               - class com.almasb.fxgl.net.NetService
23:54:48.661 [FXGL Background Thread 3 ] DEBUG Engine               - class com.almasb.fxgl.app.services.UpdaterService
23:54:48.661 [FXGL Background Thread 3 ] DEBUG Engine               - class com.almasb.fxgl.dev.DevService
23:54:48.923 [JavaFX Application Thread] WARN  Entity               - Entity already has component: com.almasb.fxgl.dsl.components.ProjectileComponent
23:54:49.870 [JavaFX Application Thread] WARN  Entity               - Entity already has component: com.almasb.fxgl.dsl.components.ProjectileComponent
23:54:50.051 [JavaFX Application Thread] WARN  Entity               - Entity already has component: com.almasb.fxgl.dsl.components.ProjectileComponent
23:54:50.717 [JavaFX Application Thread] WARN  Entity               - Entity already has component: com.almasb.fxgl.dsl.components.ProjectileComponent
23:54:50.930 [JavaFX Application Thread] WARN  Entity               - Entity already has component: com.almasb.fxgl.dsl.components.ProjectileComponent
23:54:51.397 [JavaFX Application Thread] WARN  Entity               - Entity already has component: com.almasb.fxgl.dsl.components.ProjectileComponent
23:54:51.629 [JavaFX Application Thread] WARN  Entity               - Entity already has component: com.almasb.fxgl.dsl.components.ProjectileComponent
23:54:51.791 [JavaFX Application Thread] WARN  Entity               - Entity already has component: com.almasb.fxgl.dsl.components.ProjectileComponent
23:54:51.946 [JavaFX Application Thread] WARN  Entity               - Entity already has component: com.almasb.fxgl.dsl.components.ProjectileComponent
23:54:52.169 [JavaFX Application Thread] WARN  Entity               - Entity already has component: com.almasb.fxgl.dsl.components.ProjectileComponent
23:54:52.341 [JavaFX Application Thread] WARN  Entity               - Entity already has component: com.almasb.fxgl.dsl.components.ProjectileComponent
23:54:52.517 [JavaFX Application Thread] WARN  Entity               - Entity already has component: com.almasb.fxgl.dsl.components.ProjectileComponent
23:54:52.703 [JavaFX Application Thread] WARN  Entity               - Entity already has component: com.almasb.fxgl.dsl.components.ProjectileComponent
23:54:52.908 [JavaFX Application Thread] WARN  Entity               - Entity already has component: com.almasb.fxgl.dsl.components.ProjectileComponent
23:54:53.085 [JavaFX Application Thread] WARN  Entity               - Entity already has component: com.almasb.fxgl.dsl.components.ProjectileComponent
23:54:55.997 [JavaFX Application Thread] DEBUG FXGLApplication      - Exiting FXGL
23:54:55.997 [JavaFX Application Thread] DEBUG LoopRunner           - Stopping loop
23:54:55.997 [JavaFX Application Thread] DEBUG SystemBundleService  - Saving FXGL system data
23:54:56.003 [JavaFX Application Thread] DEBUG FileSystemAccess     - Writing to: D:\Gonvival\system\fxgl.bundle
23:54:56.012 [JavaFX Application Thread] DEBUG Async                - Shutting down background threads
23:54:56.013 [JavaFX Application Thread] DEBUG PrimaryStageWindow   - Closing main window
23:54:56.119 [JavaFX Application Thread] DEBUG Logger               - Closing Logger
