09:27:56.576 [main                     ] DEBUG Logger               - Configured Logger
09:27:56.619 [main                     ] DEBUG GameApplication      - Logging settings
Title: Gonvival
Version: beta
Width: 800
Height: 800
Fullscreen: false
Intro: false
Profiling: false
Single step:false
App Mode: DEVELOPER
Menu Key: ESCAPE
Stage Style: DECORATED
Scene Factory: class com.lab.App$1

09:27:57.895 [JavaFX Application Thread] DEBUG FXGLApplication      - Initializing FXGL
09:27:57.900 [JavaFX Application Thread] INFO  Engine               - FXGL-21.1 (27.03.2024 07.52) on WINDOWS (J:21.0.5 FX:21.0.1)
09:27:57.901 [JavaFX Application Thread] DEBUG Engine               - JRE Vendor Name: Eclipse Adoptium
09:27:57.901 [JavaFX Application Thread] DEBUG Engine               - Running on OS: Windows 11 version 10.0
09:27:57.901 [JavaFX Application Thread] DEBUG Engine               - Architecture: amd64
09:27:57.901 [JavaFX Application Thread] INFO  Engine               - Source code and latest versions at: https://github.com/AlmasB/FXGL
09:27:57.902 [JavaFX Application Thread] INFO  Engine               -       Ask questions and discuss at: https://github.com/AlmasB/FXGL/discussions
09:27:57.902 [JavaFX Application Thread] INFO  Engine               -              Join the FXGL chat at: https://gitter.im/AlmasB/FXGL
09:27:58.040 [JavaFX Application Thread] DEBUG PrimaryStageWindow   - Creating a JavaFX scene
09:27:58.123 [JavaFX Application Thread] DEBUG PrimaryStageWindow   - Target settings size: 800.0 x 800.0
09:27:58.123 [JavaFX Application Thread] DEBUG PrimaryStageWindow   - Scaled scene size:    800.0 x 800.0
09:27:58.124 [JavaFX Application Thread] DEBUG PrimaryStageWindow   - Scaled ratio: (1.0, 1.0)
09:27:58.127 [JavaFX Application Thread] DEBUG PrimaryStageWindow   - Set initial scene to FXGLStartupScene
09:27:58.133 [JavaFX Application Thread] DEBUG PrimaryStageWindow   - Opening main window
09:27:58.282 [JavaFX Application Thread] DEBUG PrimaryStageWindow   - Window border size: (14.4000244140625, 37.5999755859375)
09:27:58.284 [JavaFX Application Thread] DEBUG PrimaryStageWindow   - Scaled size: 800.0 x 800.0
09:27:58.285 [JavaFX Application Thread] DEBUG PrimaryStageWindow   - Scaled ratio: (1.0, 1.0)
09:27:58.286 [JavaFX Application Thread] DEBUG PrimaryStageWindow   - Scene size: 800.0 x 800.0
09:27:58.286 [JavaFX Application Thread] DEBUG PrimaryStageWindow   - Stage size: 814.4000244140625 x 837.5999755859375
09:27:58.309 [FXGL Background Thread 1 ] DEBUG Engine               - Initializing environment variables
09:27:58.401 [FXGL Background Thread 1 ] DEBUG FXGLAssetLoaderServi - User app class for loading assets: class com.lab.App
09:27:58.402 [FXGL Background Thread 1 ] DEBUG GameApplicationServi - Applying CSS: fxgl_dark.css
09:27:58.403 [FXGL Background Thread 1 ] DEBUG FXGLAssetLoaderServi - Loading from file system: jar:file:/C:/Users/HP/.m2/repository/com/github/almasb/fxgl/21.1/fxgl-21.1.jar!/fxglassets/ui/css/fxgl_dark.css
09:27:58.465 [FXGL Background Thread 1 ] DEBUG GameApplicationServi - Initializing application scenes
09:27:58.527 [FXGL Background Thread 1 ] DEBUG GameWorld            - Game world initialized
09:27:58.634 [FXGL Background Thread 1 ] DEBUG PhysicsWorld         - Physics world initialized: appHeight=800, physics.ppm=50.0
09:27:58.634 [FXGL Background Thread 1 ] DEBUG PhysicsWorld         - Using strategy: BRUTE_FORCE
09:27:58.638 [FXGL Background Thread 1 ] DEBUG GameScene            - Game scene initialized: 800x800
09:27:58.694 [FXGL Background Thread 1 ] DEBUG FXGL.DefaultMenu     - createMenuBodyGameMenu()
09:27:58.709 [FXGL Background Thread 1 ] DEBUG FXGL.DefaultMenu     - createOptionsMenu()
09:27:58.720 [FXGL Background Thread 1 ] DEBUG FXGLAssetLoaderServi - Loading from file system: jar:file:/C:/Users/HP/.m2/repository/com/github/almasb/fxgl/21.1/fxgl-21.1.jar!/fxglassets/textures/particles/smoke.png
09:27:58.874 [FXGL Background Thread 1 ] DEBUG FXGLAssetLoaderServi - Loading from file system: jar:file:/C:/Users/HP/.m2/repository/com/github/almasb/fxgl/21.1/fxgl-21.1.jar!/fxglassets/textures/particles/trace_horizontal.png
09:27:58.911 [FXGL Background Thread 1 ] DEBUG GameApplicationServi - Application scenes initialized
09:27:58.932 [FXGL Background Thread 1 ] DEBUG SystemBundleService  - Loading FXGL system data
09:27:58.950 [FXGL Background Thread 1 ] DEBUG FileSystemAccess     - Reading from: D:\Gonvival\system\fxgl.bundle
09:27:58.964 [FXGL Background Thread 1 ] DEBUG SystemBundleService  - Bundle FXGL: {}
09:27:58.964 [FXGL Background Thread 1 ] DEBUG UpdaterService       - Checking for updates
09:27:58.975 [FXGL Background Thread 4 ] DEBUG FXGLApplication      - Loading fonts
09:27:58.976 [FXGL Background Thread 4 ] DEBUG FXGLAssetLoaderServi - Loading from file system: jar:file:/C:/Users/HP/.m2/repository/com/github/almasb/fxgl/21.1/fxgl-21.1.jar!/fxglassets/ui/fonts/VarelaRound-Regular.ttf
09:27:58.976 [FXGL Background Thread 1 ] DEBUG FXGLApplication      - Loading default localization
09:27:58.977 [FXGL Background Thread 1 ] DEBUG FXGLAssetLoaderServi - Loading from file system: jar:file:/C:/Users/HP/.m2/repository/com/github/almasb/fxgl/21.1/fxgl-21.1.jar!/fxglassets/languages/english.lang
09:27:59.032 [FXGL Background Thread 1 ] INFO  FXGLApplication      - FXGL initialization took: 0.723 sec
09:27:59.034 [JavaFX Application Thread] DEBUG FXGLAssetLoaderServi - Loading from file system: jar:file:/C:/Users/HP/.m2/repository/com/github/almasb/fxgl/21.1/fxgl-21.1.jar!/fxglassets/textures/fxgl_icon.png
09:27:59.045 [FXGL Background Thread 4 ] DEBUG FXGLAssetLoaderServi - Loading from file system: jar:file:/C:/Users/HP/.m2/repository/com/github/almasb/fxgl/21.1/fxgl-21.1.jar!/fxglassets/ui/fonts/Abel-Regular.ttf
09:27:59.052 [FXGL Background Thread 4 ] DEBUG FXGLAssetLoaderServi - Loading from file system: jar:file:/C:/Users/HP/.m2/repository/com/github/almasb/fxgl/21.1/fxgl-21.1.jar!/fxglassets/ui/fonts/TerminalLandMono-Regular.otf
09:27:59.060 [FXGL Background Thread 4 ] DEBUG FXGLAssetLoaderServi - Loading from file system: jar:file:/C:/Users/HP/.m2/repository/com/github/almasb/fxgl/21.1/fxgl-21.1.jar!/fxglassets/ui/fonts/Courier-Prime.ttf
09:27:59.061 [JavaFX Application Thread] DEBUG FXGLAssetLoaderServi - Loading from file system: jar:file:/C:/Users/HP/.m2/repository/com/github/almasb/fxgl/21.1/fxgl-21.1.jar!/fxglassets/textures/fxgl_default_cursor.png
09:27:59.083 [JavaFX Application Thread] DEBUG Input                - Registered new binding: Screenshot - CTRL+8
09:27:59.083 [JavaFX Application Thread] DEBUG Input                - Registered new binding: System info dump - CTRL+9
09:27:59.084 [JavaFX Application Thread] DEBUG Input                - Registered new binding: Restart - CTRL+R
09:27:59.085 [JavaFX Application Thread] DEBUG Input                - Registered new binding: Toggle Debug Camera - CTRL+7
09:27:59.091 [JavaFX Application Thread] DEBUG LoopRunner           - Starting loop
09:27:59.091 [JavaFX Application Thread] DEBUG LoopRunner           - Initializing JavaFX AnimationTimerLoop
09:27:59.096 [JavaFX Application Thread] DEBUG Input                - Clearing active input actions
09:27:59.106 [JavaFX Application Thread] DEBUG GameApplicationServi - Removing overlay from FXGLStartupScene and adding to FXGLMainMenuDummyScene
09:27:59.106 [JavaFX Application Thread] DEBUG PrimaryStageWindow   - FXGLStartupScene -> FXGLMainMenuDummyScene
09:27:59.107 [JavaFX Application Thread] DEBUG PrimaryStageWindow   - Push state: StartScreen
09:27:59.107 [JavaFX Application Thread] DEBUG Input                - Clearing active input actions
09:27:59.126 [JavaFX Application Thread] DEBUG GameApplicationServi - Removing overlay from FXGLMainMenuDummyScene and adding to StartScreen
09:27:59.126 [JavaFX Application Thread] DEBUG PrimaryStageWindow   - FXGLMainMenuDummyScene -> StartScreen
09:27:59.132 [JavaFX Application Thread] DEBUG FXGLApplication      - Registering font factories with UI factory
09:28:01.612 [JavaFX Application Thread] DEBUG LoopRunner           - Pausing loop
09:28:01.612 [JavaFX Application Thread] DEBUG Menu                 - fireNewGame()
09:28:01.614 [JavaFX Application Thread] DEBUG GameApplicationServi - Starting new game
09:28:01.614 [JavaFX Application Thread] DEBUG PrimaryStageWindow   - Pop state: StartScreen
09:28:01.614 [JavaFX Application Thread] DEBUG Input                - Clearing active input actions
09:28:01.615 [JavaFX Application Thread] DEBUG GameApplicationServi - Removing overlay from StartScreen and adding to FXGLMainMenuDummyScene
09:28:01.616 [JavaFX Application Thread] DEBUG PrimaryStageWindow   - FXGLMainMenuDummyScene <- StartScreen
09:28:01.616 [JavaFX Application Thread] DEBUG Input                - Clearing active input actions
09:28:01.632 [JavaFX Application Thread] DEBUG GameApplicationServi - Removing overlay from FXGLMainMenuDummyScene and adding to FXGLLoadingScene
09:28:01.633 [JavaFX Application Thread] DEBUG PrimaryStageWindow   - FXGLMainMenuDummyScene -> FXGLLoadingScene
09:28:01.633 [JavaFX Application Thread] DEBUG GameApplicationServi - Clearing previous game
09:28:01.633 [JavaFX Application Thread] DEBUG GameScene            - Clearing game scene
09:28:01.633 [JavaFX Application Thread] DEBUG GameWorld            - Clearing game world
09:28:01.633 [JavaFX Application Thread] DEBUG PhysicsWorld         - Clearing physics world
09:28:01.636 [FXGL Background Thread 2 ] DEBUG FXGLApplication      - Initializing game
09:28:01.650 [FXGL Background Thread 2 ] DEBUG FXGLAssetLoaderServi - Loading from file system: file:/D:/Gonvival/game/target/classes/assets/textures/newmap2.png
09:28:01.731 [FXGL Background Thread 2 ] DEBUG FXGLAssetLoaderServi - Loading from file system: file:/D:/Gonvival/game/target/classes/assets/textures/idle_down.png
09:28:01.735 [FXGL Background Thread 2 ] DEBUG FXGLAssetLoaderServi - Loading from file system: file:/D:/Gonvival/game/target/classes/assets/textures/idle_up.png
09:28:01.739 [FXGL Background Thread 2 ] DEBUG FXGLAssetLoaderServi - Loading from file system: file:/D:/Gonvival/game/target/classes/assets/textures/idle_left_down.png
09:28:01.743 [FXGL Background Thread 2 ] DEBUG FXGLAssetLoaderServi - Loading from file system: file:/D:/Gonvival/game/target/classes/assets/textures/idle_left_up.png
09:28:01.747 [FXGL Background Thread 2 ] DEBUG FXGLAssetLoaderServi - Loading from file system: file:/D:/Gonvival/game/target/classes/assets/textures/idle_right_down.png
09:28:01.749 [FXGL Background Thread 2 ] DEBUG FXGLAssetLoaderServi - Loading from file system: file:/D:/Gonvival/game/target/classes/assets/textures/idle_right_up.png
09:28:01.751 [FXGL Background Thread 2 ] DEBUG FXGLAssetLoaderServi - Loading from file system: file:/D:/Gonvival/game/target/classes/assets/textures/walk_left_down.png
09:28:01.754 [FXGL Background Thread 2 ] DEBUG FXGLAssetLoaderServi - Loading from file system: file:/D:/Gonvival/game/target/classes/assets/textures/walk_right_down.png
09:28:01.757 [FXGL Background Thread 2 ] DEBUG FXGLAssetLoaderServi - Loading from file system: file:/D:/Gonvival/game/target/classes/assets/textures/walk_up.png
09:28:01.759 [FXGL Background Thread 2 ] DEBUG FXGLAssetLoaderServi - Loading from file system: file:/D:/Gonvival/game/target/classes/assets/textures/walk_down.png
09:28:01.760 [FXGL Background Thread 2 ] DEBUG FXGLAssetLoaderServi - Loading from file system: file:/D:/Gonvival/game/target/classes/assets/textures/walk_left_up.png
09:28:01.762 [FXGL Background Thread 2 ] DEBUG FXGLAssetLoaderServi - Loading from file system: file:/D:/Gonvival/game/target/classes/assets/textures/walk_right_up.png
09:28:01.775 [FXGL Background Thread 2 ] DEBUG FXGLAssetLoaderServi - Loading from file system: file:/D:/Gonvival/game/target/classes/assets/textures/Level.png
09:28:01.781 [FXGL Background Thread 2 ] INFO  FXGLApplication      - Game initialization took: 0.145 sec
09:28:01.782 [JavaFX Application Thread] DEBUG Input                - Clearing active input actions
09:28:01.792 [JavaFX Application Thread] DEBUG GameApplicationServi - Removing overlay from FXGLLoadingScene and adding to GameScene
09:28:01.792 [JavaFX Application Thread] DEBUG PrimaryStageWindow   - FXGLLoadingScene -> GameScene
09:28:01.970 [FXGL Background Thread 3 ] DEBUG Engine               - Logging environment variables
09:28:01.970 [FXGL Background Thread 3 ] DEBUG Engine               - achievements: []
09:28:01.970 [FXGL Background Thread 3 ] DEBUG Engine               - actualHeight: 800.0
09:28:01.970 [FXGL Background Thread 3 ] DEBUG Engine               - actualHeightProperty: ReadOnlyDoubleProperty [value: 800.0]
09:28:01.970 [FXGL Background Thread 3 ] DEBUG Engine               - actualWidth: 800.0
09:28:01.971 [FXGL Background Thread 3 ] DEBUG Engine               - actualWidthProperty: ReadOnlyDoubleProperty [value: 800.0]
09:28:01.971 [FXGL Background Thread 3 ] DEBUG Engine               - appIcon: fxgl_icon.png
09:28:01.971 [FXGL Background Thread 3 ] DEBUG Engine               - applicationMode: DEVELOPER
09:28:01.971 [FXGL Background Thread 3 ] DEBUG Engine               - cSSList: [fxgl_dark.css]
09:28:01.971 [FXGL Background Thread 3 ] DEBUG Engine               - collisionDetectionStrategy: BRUTE_FORCE
09:28:01.971 [FXGL Background Thread 3 ] DEBUG Engine               - configClass: Optional.empty
09:28:01.971 [FXGL Background Thread 3 ] DEBUG Engine               - credits: []
09:28:01.971 [FXGL Background Thread 3 ] DEBUG Engine               - defaultCursor: CursorInfo(imageName=fxgl_default_cursor.png, hotspotX=7.0, hotspotY=6.0)
09:28:01.972 [FXGL Background Thread 3 ] DEBUG Engine               - devBBoxColorProperty: ObjectProperty [value: 0xff0000ff]
09:28:01.972 [FXGL Background Thread 3 ] DEBUG Engine               - devEnableDebugCameraProperty: BooleanProperty [value: false]
09:28:01.972 [FXGL Background Thread 3 ] DEBUG Engine               - devSensorColorProperty: ObjectProperty [value: 0xffff00ff]
09:28:01.972 [FXGL Background Thread 3 ] DEBUG Engine               - devShowBBoxProperty: BooleanProperty [value: false]
09:28:01.972 [FXGL Background Thread 3 ] DEBUG Engine               - devShowPositionProperty: BooleanProperty [value: false]
09:28:01.972 [FXGL Background Thread 3 ] DEBUG Engine               - enabledMenuItems: []
09:28:01.972 [FXGL Background Thread 3 ] DEBUG Engine               - engineServices: [class com.almasb.fxgl.app.services.FXGLAssetLoaderService, class com.almasb.fxgl.app.FXGLApplication$GameApplicationService, class com.almasb.fxgl.app.services.FXGLDialogService, class com.almasb.fxgl.app.services.IOTaskExecutorService, class com.almasb.fxgl.io.FileSystemService, class com.almasb.fxgl.localization.LocalizationService, class com.almasb.fxgl.app.services.SystemBundleService, class com.almasb.fxgl.profile.SaveLoadService, class com.almasb.fxgl.ui.FXGLUIFactoryServiceProvider, class com.almasb.fxgl.ui.FXGLDialogFactoryServiceProvider, class com.almasb.fxgl.audio.AudioPlayer, class com.almasb.fxgl.notification.impl.NotificationServiceProvider, class com.almasb.fxgl.achievement.AchievementService, class com.almasb.fxgl.cutscene.CutsceneService, class com.almasb.fxgl.minigames.MiniGameService, class com.almasb.fxgl.net.NetService, class com.almasb.fxgl.app.services.UpdaterService, class com.almasb.fxgl.dev.DevService]
09:28:01.972 [FXGL Background Thread 3 ] DEBUG Engine               - fontGame: Abel-Regular.ttf
09:28:01.972 [FXGL Background Thread 3 ] DEBUG Engine               - fontMono: TerminalLandMono-Regular.otf
09:28:01.972 [FXGL Background Thread 3 ] DEBUG Engine               - fontSizeScaleUI: 1.0
09:28:01.972 [FXGL Background Thread 3 ] DEBUG Engine               - fontText: Courier-Prime.ttf
09:28:01.972 [FXGL Background Thread 3 ] DEBUG Engine               - fontUI: VarelaRound-Regular.ttf
09:28:01.973 [FXGL Background Thread 3 ] DEBUG Engine               - fullScreen: BooleanProperty [value: false]
09:28:01.973 [FXGL Background Thread 3 ] DEBUG Engine               - gameDifficulty: MEDIUM
09:28:01.973 [FXGL Background Thread 3 ] DEBUG Engine               - gameDifficultyProperty: ObjectProperty [value: MEDIUM]
09:28:01.973 [FXGL Background Thread 3 ] DEBUG Engine               - globalMusicVolume: 0.5
09:28:01.973 [FXGL Background Thread 3 ] DEBUG Engine               - globalMusicVolumeProperty: DoubleProperty [value: 1.0]
09:28:01.973 [FXGL Background Thread 3 ] DEBUG Engine               - globalSoundVolume: 0.5
09:28:01.973 [FXGL Background Thread 3 ] DEBUG Engine               - globalSoundVolumeProperty: DoubleProperty [value: 1.0]
09:28:01.973 [FXGL Background Thread 3 ] DEBUG Engine               - height: 800
09:28:01.973 [FXGL Background Thread 3 ] DEBUG Engine               - is3D: false
09:28:01.973 [FXGL Background Thread 3 ] DEBUG Engine               - isAndroid: false
09:28:01.973 [FXGL Background Thread 3 ] DEBUG Engine               - isBrowser: false
09:28:01.973 [FXGL Background Thread 3 ] DEBUG Engine               - isClickFeedbackEnabled: false
09:28:01.973 [FXGL Background Thread 3 ] DEBUG Engine               - isCloseConfirmation: false
09:28:01.974 [FXGL Background Thread 3 ] DEBUG Engine               - isDesktop: true
09:28:01.974 [FXGL Background Thread 3 ] DEBUG Engine               - isDeveloperMenuEnabled: false
09:28:01.974 [FXGL Background Thread 3 ] DEBUG Engine               - isEmbedded: false
09:28:01.974 [FXGL Background Thread 3 ] DEBUG Engine               - isEntityPreloadEnabled: true
09:28:01.974 [FXGL Background Thread 3 ] DEBUG Engine               - isExperimentalTiledLargeMap: false
09:28:01.974 [FXGL Background Thread 3 ] DEBUG Engine               - isFileSystemWriteAllowed: true
09:28:01.974 [FXGL Background Thread 3 ] DEBUG Engine               - isFullScreenAllowed: false
09:28:01.974 [FXGL Background Thread 3 ] DEBUG Engine               - isFullScreenFromStart: false
09:28:01.974 [FXGL Background Thread 3 ] DEBUG Engine               - isGameMenuEnabled: true
09:28:01.974 [FXGL Background Thread 3 ] DEBUG Engine               - isIOS: false
09:28:01.974 [FXGL Background Thread 3 ] DEBUG Engine               - isIntroEnabled: false
09:28:01.974 [FXGL Background Thread 3 ] DEBUG Engine               - isLinux: false
09:28:01.974 [FXGL Background Thread 3 ] DEBUG Engine               - isMac: false
09:28:01.974 [FXGL Background Thread 3 ] DEBUG Engine               - isMainMenuEnabled: true
09:28:01.974 [FXGL Background Thread 3 ] DEBUG Engine               - isManualResizeEnabled: false
09:28:01.974 [FXGL Background Thread 3 ] DEBUG Engine               - isMobile: false
09:28:01.974 [FXGL Background Thread 3 ] DEBUG Engine               - isNative: false
09:28:01.974 [FXGL Background Thread 3 ] DEBUG Engine               - isPauseMusicWhenMinimized: true
09:28:01.975 [FXGL Background Thread 3 ] DEBUG Engine               - isPreserveResizeRatio: false
09:28:01.975 [FXGL Background Thread 3 ] DEBUG Engine               - isProfilingEnabled: false
09:28:01.975 [FXGL Background Thread 3 ] DEBUG Engine               - isScaleAffectedOnResize: true
09:28:01.975 [FXGL Background Thread 3 ] DEBUG Engine               - isSingleStep: false
09:28:01.975 [FXGL Background Thread 3 ] DEBUG Engine               - isUserProfileEnabled: false
09:28:01.975 [FXGL Background Thread 3 ] DEBUG Engine               - isWindows: true
09:28:01.975 [FXGL Background Thread 3 ] DEBUG Engine               - language: ObjectProperty [value: ENGLISH]
09:28:01.975 [FXGL Background Thread 3 ] DEBUG Engine               - menuKey: ESCAPE
09:28:01.975 [FXGL Background Thread 3 ] DEBUG Engine               - mouseSensitivity: 0.2
09:28:01.975 [FXGL Background Thread 3 ] DEBUG Engine               - notificationViewClass: class com.almasb.fxgl.notification.view.XboxNotificationView
09:28:01.975 [FXGL Background Thread 3 ] DEBUG Engine               - pixelsPerMeter: 50.0
09:28:01.975 [FXGL Background Thread 3 ] DEBUG Engine               - platform: WINDOWS
09:28:01.975 [FXGL Background Thread 3 ] DEBUG Engine               - prefHeightProperty: ReadOnlyDoubleProperty [value: 800.0]
09:28:01.975 [FXGL Background Thread 3 ] DEBUG Engine               - prefWidthProperty: ReadOnlyDoubleProperty [value: 800.0]
09:28:01.975 [FXGL Background Thread 3 ] DEBUG Engine               - profileDir: profiles/
09:28:01.975 [FXGL Background Thread 3 ] DEBUG Engine               - profileName: StringProperty [value: DEFAULT]
09:28:01.975 [FXGL Background Thread 3 ] DEBUG Engine               - randomSeed: -1
09:28:01.976 [FXGL Background Thread 3 ] DEBUG Engine               - runtimeInfo: RuntimeInfo(platform=WINDOWS, version=21.1, build=27.03.2024 07.52)
09:28:01.976 [FXGL Background Thread 3 ] DEBUG Engine               - saveFileExt: sav
09:28:01.976 [FXGL Background Thread 3 ] DEBUG Engine               - scaledHeightProp$fxgl: DoubleProperty [bound, value: 800.0]
09:28:01.976 [FXGL Background Thread 3 ] DEBUG Engine               - scaledWidthProp$fxgl: DoubleProperty [bound, value: 800.0]
09:28:01.976 [FXGL Background Thread 3 ] DEBUG Engine               - sceneFactory: com.lab.App$1@85949e8
09:28:01.976 [FXGL Background Thread 3 ] DEBUG Engine               - secondsIn24h: 60
09:28:01.977 [FXGL Background Thread 3 ] DEBUG Engine               - soundMenuBack: menu/back.wav
09:28:01.977 [FXGL Background Thread 3 ] DEBUG Engine               - soundMenuPress: menu/press.wav
09:28:01.977 [FXGL Background Thread 3 ] DEBUG Engine               - soundMenuSelect: menu/select.wav
09:28:01.977 [FXGL Background Thread 3 ] DEBUG Engine               - soundNotification: core/notification.wav
09:28:01.977 [FXGL Background Thread 3 ] DEBUG Engine               - stageStyle: DECORATED
09:28:01.977 [FXGL Background Thread 3 ] DEBUG Engine               - supportedLanguages: [ENGLISH, FRENCH, GERMAN, HUNGARIAN, RUSSIAN]
09:28:01.977 [FXGL Background Thread 3 ] DEBUG Engine               - ticksPerSecond: -1
09:28:01.977 [FXGL Background Thread 3 ] DEBUG Engine               - title: Gonvival
09:28:01.977 [FXGL Background Thread 3 ] DEBUG Engine               - urlGithub: https://github.com/AlmasB/FXGL
09:28:01.977 [FXGL Background Thread 3 ] DEBUG Engine               - urlLeaderboard: http://fxgl-top.herokuapp.com/
09:28:01.977 [FXGL Background Thread 3 ] DEBUG Engine               - urlPOM: https://raw.githubusercontent.com/AlmasB/FXGL/release/README.md
09:28:01.977 [FXGL Background Thread 3 ] DEBUG Engine               - userAppClass: class com.lab.App
09:28:01.977 [FXGL Background Thread 3 ] DEBUG Engine               - version: beta
09:28:01.977 [FXGL Background Thread 3 ] DEBUG Engine               - versionCheckDays: 7
09:28:01.977 [FXGL Background Thread 3 ] DEBUG Engine               - width: 800
09:28:01.977 [FXGL Background Thread 3 ] DEBUG Engine               - Logging services
09:28:01.977 [FXGL Background Thread 3 ] DEBUG Engine               - class com.almasb.fxgl.app.services.FXGLAssetLoaderService
09:28:01.977 [FXGL Background Thread 3 ] DEBUG Engine               - class com.almasb.fxgl.app.FXGLApplication$GameApplicationService
09:28:01.977 [FXGL Background Thread 3 ] DEBUG Engine               - class com.almasb.fxgl.app.services.FXGLDialogService
09:28:01.977 [FXGL Background Thread 3 ] DEBUG Engine               - class com.almasb.fxgl.app.services.IOTaskExecutorService
09:28:01.977 [FXGL Background Thread 3 ] DEBUG Engine               - class com.almasb.fxgl.io.FileSystemService
09:28:01.977 [FXGL Background Thread 3 ] DEBUG Engine               - class com.almasb.fxgl.localization.LocalizationService
09:28:01.977 [FXGL Background Thread 3 ] DEBUG Engine               - class com.almasb.fxgl.app.services.SystemBundleService
09:28:01.977 [FXGL Background Thread 3 ] DEBUG Engine               - class com.almasb.fxgl.profile.SaveLoadService
09:28:01.977 [FXGL Background Thread 3 ] DEBUG Engine               - class com.almasb.fxgl.ui.FXGLUIFactoryServiceProvider
09:28:01.978 [FXGL Background Thread 3 ] DEBUG Engine               - class com.almasb.fxgl.ui.FXGLDialogFactoryServiceProvider
09:28:01.978 [FXGL Background Thread 3 ] DEBUG Engine               - class com.almasb.fxgl.audio.AudioPlayer
09:28:01.978 [FXGL Background Thread 3 ] DEBUG Engine               - class com.almasb.fxgl.notification.impl.NotificationServiceProvider
09:28:01.978 [FXGL Background Thread 3 ] DEBUG Engine               - class com.almasb.fxgl.achievement.AchievementService
09:28:01.978 [FXGL Background Thread 3 ] DEBUG Engine               - class com.almasb.fxgl.cutscene.CutsceneService
09:28:01.978 [FXGL Background Thread 3 ] DEBUG Engine               - class com.almasb.fxgl.minigames.MiniGameService
09:28:01.978 [FXGL Background Thread 3 ] DEBUG Engine               - class com.almasb.fxgl.net.NetService
09:28:01.979 [FXGL Background Thread 3 ] DEBUG Engine               - class com.almasb.fxgl.app.services.UpdaterService
09:28:01.979 [FXGL Background Thread 3 ] DEBUG Engine               - class com.almasb.fxgl.dev.DevService
09:28:04.344 [JavaFX Application Thread] DEBUG LoopRunner           - Resuming loop
09:28:04.429 [JavaFX Application Thread] DEBUG Input                - Registered new binding: SHOOT - LMB
09:28:04.430 [JavaFX Application Thread] DEBUG Input                - Registered new binding: MOVE LEFT - A
09:28:04.430 [JavaFX Application Thread] DEBUG Input                - Registered new binding: MOVE RIGHT - D
09:28:04.430 [JavaFX Application Thread] DEBUG Input                - Registered new binding: MOVE UP - W
09:28:04.431 [JavaFX Application Thread] DEBUG Input                - Registered new binding: MOVE DOWN - S
09:28:05.054 [JavaFX Application Thread] DEBUG FXGLAssetLoaderServi - Loading from file system: file:/D:/Gonvival/game/target/classes/assets/textures/GraveRevenant.png
09:28:05.953 [JavaFX Application Thread] DEBUG FXGLAssetLoaderServi - Loading from file system: file:/D:/Gonvival/game/target/classes/assets/textures/arrow.png
09:28:24.124 [JavaFX Application Thread] DEBUG PrimaryStageWindow   - Push state: DialogSubScene
09:28:24.124 [JavaFX Application Thread] DEBUG Input                - Clearing active input actions
09:28:24.125 [JavaFX Application Thread] DEBUG GameApplicationServi - Removing overlay from GameScene and adding to DialogSubScene
09:28:24.126 [JavaFX Application Thread] DEBUG PrimaryStageWindow   - GameScene -> DialogSubScene
09:28:27.944 [JavaFX Application Thread] DEBUG PrimaryStageWindow   - Pop state: DialogSubScene
09:28:27.945 [JavaFX Application Thread] DEBUG Input                - Clearing active input actions
09:28:27.945 [JavaFX Application Thread] DEBUG GameApplicationServi - Removing overlay from DialogSubScene and adding to GameScene
09:28:27.945 [JavaFX Application Thread] DEBUG PrimaryStageWindow   - GameScene <- DialogSubScene
09:28:27.945 [JavaFX Application Thread] DEBUG GameWorld            - Clearing game world
09:28:27.947 [JavaFX Application Thread] DEBUG Input                - Clearing active input actions
09:28:27.955 [JavaFX Application Thread] DEBUG GameApplicationServi - Removing overlay from GameScene and adding to FXGLMainMenuDummyScene
09:28:27.955 [JavaFX Application Thread] DEBUG PrimaryStageWindow   - GameScene -> FXGLMainMenuDummyScene
09:28:27.955 [JavaFX Application Thread] DEBUG PrimaryStageWindow   - Push state: StartScreen
09:28:27.955 [JavaFX Application Thread] DEBUG Input                - Clearing active input actions
09:28:27.958 [JavaFX Application Thread] DEBUG GameApplicationServi - Removing overlay from FXGLMainMenuDummyScene and adding to StartScreen
09:28:27.959 [JavaFX Application Thread] DEBUG PrimaryStageWindow   - FXGLMainMenuDummyScene -> StartScreen
09:28:29.034 [JavaFX Application Thread] DEBUG LoopRunner           - Pausing loop
09:28:29.034 [JavaFX Application Thread] DEBUG Menu                 - fireNewGame()
09:28:29.034 [JavaFX Application Thread] DEBUG GameApplicationServi - Starting new game
09:28:29.034 [JavaFX Application Thread] DEBUG PrimaryStageWindow   - Pop state: StartScreen
09:28:29.034 [JavaFX Application Thread] DEBUG Input                - Clearing active input actions
09:28:29.034 [JavaFX Application Thread] DEBUG GameApplicationServi - Removing overlay from StartScreen and adding to FXGLMainMenuDummyScene
09:28:29.035 [JavaFX Application Thread] DEBUG PrimaryStageWindow   - FXGLMainMenuDummyScene <- StartScreen
09:28:29.035 [JavaFX Application Thread] DEBUG Input                - Clearing active input actions
09:28:29.041 [JavaFX Application Thread] DEBUG GameApplicationServi - Removing overlay from FXGLMainMenuDummyScene and adding to FXGLLoadingScene
09:28:29.041 [JavaFX Application Thread] DEBUG PrimaryStageWindow   - FXGLMainMenuDummyScene -> FXGLLoadingScene
09:28:29.041 [JavaFX Application Thread] DEBUG GameApplicationServi - Clearing previous game
09:28:29.041 [JavaFX Application Thread] DEBUG GameScene            - Clearing game scene
09:28:29.041 [JavaFX Application Thread] DEBUG GameWorld            - Clearing game world
09:28:29.041 [JavaFX Application Thread] DEBUG PhysicsWorld         - Clearing physics world
09:28:29.043 [FXGL Background Thread 2 ] DEBUG FXGLApplication      - Initializing game
09:28:29.057 [FXGL Background Thread 2 ] INFO  FXGLApplication      - Game initialization took: 0.013 sec
09:28:29.061 [JavaFX Application Thread] DEBUG Input                - Clearing active input actions
09:28:29.070 [JavaFX Application Thread] DEBUG GameApplicationServi - Removing overlay from FXGLLoadingScene and adding to GameScene
09:28:29.070 [JavaFX Application Thread] DEBUG PrimaryStageWindow   - FXGLLoadingScene -> GameScene
09:28:33.557 [JavaFX Application Thread] DEBUG LoopRunner           - Resuming loop
09:28:43.379 [JavaFX Application Thread] DEBUG PrimaryStageWindow   - Push state: FXGLDefaultMenu
09:28:43.384 [JavaFX Application Thread] DEBUG Input                - Clearing active input actions
09:28:43.386 [JavaFX Application Thread] DEBUG GameApplicationServi - Removing overlay from GameScene and adding to FXGLDefaultMenu
09:28:43.386 [JavaFX Application Thread] DEBUG PrimaryStageWindow   - GameScene -> FXGLDefaultMenu
09:28:47.621 [JavaFX Application Thread] DEBUG Menu                 - fireResume()
09:28:47.625 [JavaFX Application Thread] DEBUG PrimaryStageWindow   - Pop state: FXGLDefaultMenu
09:28:47.625 [JavaFX Application Thread] DEBUG Input                - Clearing active input actions
09:28:47.626 [JavaFX Application Thread] DEBUG GameApplicationServi - Removing overlay from FXGLDefaultMenu and adding to GameScene
09:28:47.627 [JavaFX Application Thread] DEBUG PrimaryStageWindow   - GameScene <- FXGLDefaultMenu
09:30:00.687 [JavaFX Application Thread] DEBUG PrimaryStageWindow   - Push state: DialogSubScene
09:30:00.687 [JavaFX Application Thread] DEBUG Input                - Clearing active input actions
09:30:00.692 [JavaFX Application Thread] DEBUG GameApplicationServi - Removing overlay from GameScene and adding to DialogSubScene
09:30:00.693 [JavaFX Application Thread] DEBUG PrimaryStageWindow   - GameScene -> DialogSubScene
09:30:06.120 [JavaFX Application Thread] DEBUG PrimaryStageWindow   - Pop state: DialogSubScene
09:30:06.120 [JavaFX Application Thread] DEBUG Input                - Clearing active input actions
09:30:06.120 [JavaFX Application Thread] DEBUG GameApplicationServi - Removing overlay from DialogSubScene and adding to GameScene
09:30:06.120 [JavaFX Application Thread] DEBUG PrimaryStageWindow   - GameScene <- DialogSubScene
09:30:06.120 [JavaFX Application Thread] DEBUG GameWorld            - Clearing game world
09:30:06.121 [JavaFX Application Thread] DEBUG Input                - Clearing active input actions
09:30:06.124 [JavaFX Application Thread] DEBUG GameApplicationServi - Removing overlay from GameScene and adding to FXGLMainMenuDummyScene
09:30:06.125 [JavaFX Application Thread] DEBUG PrimaryStageWindow   - GameScene -> FXGLMainMenuDummyScene
09:30:06.125 [JavaFX Application Thread] DEBUG PrimaryStageWindow   - Push state: StartScreen
09:30:06.125 [JavaFX Application Thread] DEBUG Input                - Clearing active input actions
09:30:06.125 [JavaFX Application Thread] DEBUG GameApplicationServi - Removing overlay from FXGLMainMenuDummyScene and adding to StartScreen
09:30:06.126 [JavaFX Application Thread] DEBUG PrimaryStageWindow   - FXGLMainMenuDummyScene -> StartScreen
09:30:07.436 [JavaFX Application Thread] DEBUG FXGLApplication      - Exiting FXGL
09:30:07.436 [JavaFX Application Thread] DEBUG LoopRunner           - Stopping loop
09:30:07.436 [JavaFX Application Thread] DEBUG SystemBundleService  - Saving FXGL system data
09:30:07.439 [JavaFX Application Thread] DEBUG FileSystemAccess     - Writing to: D:\Gonvival\system\fxgl.bundle
09:30:07.446 [JavaFX Application Thread] DEBUG Async                - Shutting down background threads
09:30:07.447 [JavaFX Application Thread] DEBUG PrimaryStageWindow   - Closing main window
09:30:07.508 [JavaFX Application Thread] DEBUG Logger               - Closing Logger
