04:55:44.384 [main                     ] DEBUG Logger               - Configured Logger
04:55:44.458 [main                     ] DEBUG GameApplication      - Logging settings
Title: Gonvival
Version: beta
Width: 800
Height: 800
Fullscreen: false
Intro: false
Profiling: false
Single step:false
App Mode: DEVELOPER
Menu Key: ESCAPE
Stage Style: DECORATED
Scene Factory: class com.lab.App$1

04:55:45.324 [JavaFX Application Thread] DEBUG FXGLApplication      - Initializing FXGL
04:55:45.344 [JavaFX Application Thread] INFO  Engine               - FXGL-21.1 (27.03.2024 07.52) on WINDOWS (J:21.0.5 FX:21.0.1)
04:55:45.353 [JavaFX Application Thread] DEBUG Engine               - JRE Vendor Name: Eclipse Adoptium
04:55:45.355 [JavaFX Application Thread] DEBUG Engine               - Running on OS: Windows 10 version 10.0
04:55:45.355 [JavaFX Application Thread] DEBUG Engine               - Architecture: amd64
04:55:45.355 [JavaFX Application Thread] INFO  Engine               - Source code and latest versions at: https://github.com/AlmasB/FXGL
04:55:45.364 [JavaFX Application Thread] INFO  Engine               -       Ask questions and discuss at: https://github.com/AlmasB/FXGL/discussions
04:55:45.367 [JavaFX Application Thread] INFO  Engine               -              Join the FXGL chat at: https://gitter.im/AlmasB/FXGL
04:55:45.627 [JavaFX Application Thread] DEBUG PrimaryStageWindow   - Creating a JavaFX scene
04:55:45.628 [JavaFX Application Thread] DEBUG PrimaryStageWindow   - Target size > screen size
04:55:45.810 [JavaFX Application Thread] DEBUG PrimaryStageWindow   - Target settings size: 800.0 x 800.0
04:55:45.817 [JavaFX Application Thread] DEBUG PrimaryStageWindow   - Scaled scene size:    743.0 x 768.0
04:55:45.818 [JavaFX Application Thread] DEBUG PrimaryStageWindow   - Scaled ratio: (0.92875, 0.96)
04:55:45.821 [JavaFX Application Thread] DEBUG PrimaryStageWindow   - Set initial scene to FXGLStartupScene
04:55:45.840 [JavaFX Application Thread] DEBUG PrimaryStageWindow   - Opening main window
04:55:46.123 [JavaFX Application Thread] DEBUG PrimaryStageWindow   - Window border size: (16.0, 39.0)
04:55:46.124 [JavaFX Application Thread] DEBUG PrimaryStageWindow   - Scaled size: 743.0 x 768.0
04:55:46.124 [JavaFX Application Thread] DEBUG PrimaryStageWindow   - Scaled ratio: (0.92875, 0.96)
04:55:46.125 [JavaFX Application Thread] DEBUG PrimaryStageWindow   - Scene size: 743.0 x 768.0
04:55:46.125 [JavaFX Application Thread] DEBUG PrimaryStageWindow   - Stage size: 759.0 x 807.0
04:55:46.154 [FXGL Background Thread 1 ] DEBUG Engine               - Initializing environment variables
04:55:46.320 [FXGL Background Thread 1 ] DEBUG FXGLAssetLoaderServi - User app class for loading assets: class com.lab.App
04:55:46.320 [FXGL Background Thread 1 ] DEBUG GameApplicationServi - Applying CSS: fxgl_dark.css
04:55:46.322 [FXGL Background Thread 1 ] DEBUG FXGLAssetLoaderServi - Loading from file system: jar:file:/C:/Users/Khana/.m2/repository/com/github/almasb/fxgl/21.1/fxgl-21.1.jar!/fxglassets/ui/css/fxgl_dark.css
04:55:46.449 [FXGL Background Thread 1 ] DEBUG GameApplicationServi - Initializing application scenes
04:55:46.676 [FXGL Background Thread 1 ] DEBUG GameWorld            - Game world initialized
04:55:46.831 [FXGL Background Thread 1 ] DEBUG PhysicsWorld         - Physics world initialized: appHeight=800, physics.ppm=50.0
04:55:46.832 [FXGL Background Thread 1 ] DEBUG PhysicsWorld         - Using strategy: BRUTE_FORCE
04:55:46.839 [FXGL Background Thread 1 ] DEBUG GameScene            - Game scene initialized: 800x800
04:55:46.978 [FXGL Background Thread 1 ] DEBUG FXGL.DefaultMenu     - createMenuBodyGameMenu()
04:55:47.003 [FXGL Background Thread 1 ] DEBUG FXGL.DefaultMenu     - createOptionsMenu()
04:55:47.019 [FXGL Background Thread 1 ] DEBUG FXGLAssetLoaderServi - Loading from file system: jar:file:/C:/Users/Khana/.m2/repository/com/github/almasb/fxgl/21.1/fxgl-21.1.jar!/fxglassets/textures/particles/smoke.png
04:55:47.218 [FXGL Background Thread 1 ] DEBUG FXGLAssetLoaderServi - Loading from file system: jar:file:/C:/Users/Khana/.m2/repository/com/github/almasb/fxgl/21.1/fxgl-21.1.jar!/fxglassets/textures/particles/trace_horizontal.png
04:55:47.274 [FXGL Background Thread 1 ] DEBUG GameApplicationServi - Application scenes initialized
04:55:47.304 [FXGL Background Thread 1 ] DEBUG SystemBundleService  - Loading FXGL system data
04:55:47.316 [FXGL Background Thread 1 ] DEBUG FileSystemAccess     - Reading from: E:\Labs\Gonvival\system\fxgl.bundle
04:55:47.339 [FXGL Background Thread 1 ] DEBUG SystemBundleService  - Bundle FXGL: {}
04:55:47.339 [FXGL Background Thread 1 ] DEBUG UpdaterService       - Checking for updates
04:55:47.349 [FXGL Background Thread 1 ] DEBUG FXGLApplication      - Loading default localization
04:55:47.350 [FXGL Background Thread 1 ] DEBUG FXGLAssetLoaderServi - Loading from file system: jar:file:/C:/Users/Khana/.m2/repository/com/github/almasb/fxgl/21.1/fxgl-21.1.jar!/fxglassets/languages/english.lang
04:55:47.410 [FXGL Background Thread 1 ] INFO  FXGLApplication      - FXGL initialization took: 1.255 sec
04:55:47.437 [FXGL Background Thread 4 ] DEBUG FXGLApplication      - Loading fonts
04:55:47.437 [FXGL Background Thread 4 ] DEBUG FXGLAssetLoaderServi - Loading from file system: jar:file:/C:/Users/Khana/.m2/repository/com/github/almasb/fxgl/21.1/fxgl-21.1.jar!/fxglassets/ui/fonts/VarelaRound-Regular.ttf
04:55:47.439 [JavaFX Application Thread] DEBUG FXGLAssetLoaderServi - Loading from file system: jar:file:/C:/Users/Khana/.m2/repository/com/github/almasb/fxgl/21.1/fxgl-21.1.jar!/fxglassets/textures/fxgl_icon.png
04:55:47.486 [JavaFX Application Thread] DEBUG FXGLAssetLoaderServi - Loading from file system: jar:file:/C:/Users/Khana/.m2/repository/com/github/almasb/fxgl/21.1/fxgl-21.1.jar!/fxglassets/textures/fxgl_default_cursor.png
04:55:47.530 [JavaFX Application Thread] DEBUG Input                - Registered new binding: Screenshot - CTRL+8
04:55:47.531 [JavaFX Application Thread] DEBUG Input                - Registered new binding: System info dump - CTRL+9
04:55:47.532 [JavaFX Application Thread] DEBUG Input                - Registered new binding: Restart - CTRL+R
04:55:47.533 [JavaFX Application Thread] DEBUG Input                - Registered new binding: Toggle Debug Camera - CTRL+7
04:55:47.538 [JavaFX Application Thread] DEBUG LoopRunner           - Starting loop
04:55:47.538 [JavaFX Application Thread] DEBUG LoopRunner           - Initializing JavaFX AnimationTimerLoop
04:55:47.548 [FXGL Background Thread 4 ] DEBUG FXGLAssetLoaderServi - Loading from file system: jar:file:/C:/Users/Khana/.m2/repository/com/github/almasb/fxgl/21.1/fxgl-21.1.jar!/fxglassets/ui/fonts/Abel-Regular.ttf
04:55:47.548 [JavaFX Application Thread] DEBUG Input                - Clearing active input actions
04:55:47.565 [FXGL Background Thread 4 ] DEBUG FXGLAssetLoaderServi - Loading from file system: jar:file:/C:/Users/Khana/.m2/repository/com/github/almasb/fxgl/21.1/fxgl-21.1.jar!/fxglassets/ui/fonts/TerminalLandMono-Regular.otf
04:55:47.575 [FXGL Background Thread 4 ] DEBUG FXGLAssetLoaderServi - Loading from file system: jar:file:/C:/Users/Khana/.m2/repository/com/github/almasb/fxgl/21.1/fxgl-21.1.jar!/fxglassets/ui/fonts/Courier-Prime.ttf
04:55:47.575 [JavaFX Application Thread] DEBUG GameApplicationServi - Removing overlay from FXGLStartupScene and adding to FXGLMainMenuDummyScene
04:55:47.576 [JavaFX Application Thread] DEBUG PrimaryStageWindow   - FXGLStartupScene -> FXGLMainMenuDummyScene
04:55:47.576 [JavaFX Application Thread] DEBUG PrimaryStageWindow   - Push state: StartScreen
04:55:47.593 [JavaFX Application Thread] DEBUG Input                - Clearing active input actions
04:55:47.624 [JavaFX Application Thread] DEBUG GameApplicationServi - Removing overlay from FXGLMainMenuDummyScene and adding to StartScreen
04:55:47.625 [JavaFX Application Thread] DEBUG PrimaryStageWindow   - FXGLMainMenuDummyScene -> StartScreen
04:55:47.794 [JavaFX Application Thread] DEBUG FXGLApplication      - Registering font factories with UI factory
04:55:48.503 [JavaFX Application Thread] DEBUG Menu                 - fireNewGame()
04:55:48.503 [JavaFX Application Thread] DEBUG GameApplicationServi - Starting new game
04:55:48.503 [JavaFX Application Thread] DEBUG PrimaryStageWindow   - Pop state: StartScreen
04:55:48.503 [JavaFX Application Thread] DEBUG Input                - Clearing active input actions
04:55:48.504 [JavaFX Application Thread] DEBUG GameApplicationServi - Removing overlay from StartScreen and adding to FXGLMainMenuDummyScene
04:55:48.505 [JavaFX Application Thread] DEBUG PrimaryStageWindow   - FXGLMainMenuDummyScene <- StartScreen
04:55:48.505 [JavaFX Application Thread] DEBUG Input                - Clearing active input actions
04:55:48.521 [JavaFX Application Thread] DEBUG GameApplicationServi - Removing overlay from FXGLMainMenuDummyScene and adding to FXGLLoadingScene
04:55:48.521 [JavaFX Application Thread] DEBUG PrimaryStageWindow   - FXGLMainMenuDummyScene -> FXGLLoadingScene
04:55:48.521 [JavaFX Application Thread] DEBUG GameApplicationServi - Clearing previous game
04:55:48.521 [JavaFX Application Thread] DEBUG GameScene            - Clearing game scene
04:55:48.522 [JavaFX Application Thread] DEBUG GameWorld            - Clearing game world
04:55:48.522 [JavaFX Application Thread] DEBUG PhysicsWorld         - Clearing physics world
04:55:48.530 [FXGL Background Thread 4 ] DEBUG FXGLApplication      - Initializing game
04:55:48.549 [FXGL Background Thread 4 ] DEBUG FXGLAssetLoaderServi - Loading from file system: file:/E:/Labs/Gonvival/game/target/classes/assets/textures/map.png
04:55:48.684 [FXGL Background Thread 4 ] DEBUG FXGLAssetLoaderServi - Loading from file system: file:/E:/Labs/Gonvival/game/target/classes/assets/textures/idle_down.png
04:55:48.689 [FXGL Background Thread 4 ] DEBUG FXGLAssetLoaderServi - Loading from file system: file:/E:/Labs/Gonvival/game/target/classes/assets/textures/idle_up.png
04:55:48.692 [FXGL Background Thread 4 ] DEBUG FXGLAssetLoaderServi - Loading from file system: file:/E:/Labs/Gonvival/game/target/classes/assets/textures/idle_left_down.png
04:55:48.694 [FXGL Background Thread 4 ] DEBUG FXGLAssetLoaderServi - Loading from file system: file:/E:/Labs/Gonvival/game/target/classes/assets/textures/idle_left_up.png
04:55:48.697 [FXGL Background Thread 4 ] DEBUG FXGLAssetLoaderServi - Loading from file system: file:/E:/Labs/Gonvival/game/target/classes/assets/textures/idle_right_down.png
04:55:48.699 [FXGL Background Thread 4 ] DEBUG FXGLAssetLoaderServi - Loading from file system: file:/E:/Labs/Gonvival/game/target/classes/assets/textures/idle_right_up.png
04:55:48.703 [FXGL Background Thread 4 ] DEBUG FXGLAssetLoaderServi - Loading from file system: file:/E:/Labs/Gonvival/game/target/classes/assets/textures/walk_left_down.png
04:55:48.708 [FXGL Background Thread 4 ] DEBUG FXGLAssetLoaderServi - Loading from file system: file:/E:/Labs/Gonvival/game/target/classes/assets/textures/walk_right_down.png
04:55:48.711 [FXGL Background Thread 4 ] DEBUG FXGLAssetLoaderServi - Loading from file system: file:/E:/Labs/Gonvival/game/target/classes/assets/textures/walk_up.png
04:55:48.714 [FXGL Background Thread 4 ] DEBUG FXGLAssetLoaderServi - Loading from file system: file:/E:/Labs/Gonvival/game/target/classes/assets/textures/walk_down.png
04:55:48.716 [FXGL Background Thread 4 ] DEBUG FXGLAssetLoaderServi - Loading from file system: file:/E:/Labs/Gonvival/game/target/classes/assets/textures/walk_left_up.png
04:55:48.720 [FXGL Background Thread 4 ] DEBUG FXGLAssetLoaderServi - Loading from file system: file:/E:/Labs/Gonvival/game/target/classes/assets/textures/walk_right_up.png
04:55:48.783 [JavaFX Application Thread] DEBUG LoopRunner           - Stopping loop
04:55:48.785 [JavaFX Application Thread] FATAL FXGLApplication      - Uncaught Exception:
java.lang.RuntimeException: Initialization failed
	at com.almasb.fxgl.app.FXGLApplication$InitAppTask.failed(FXGLApplication.kt:347)
	at javafx.concurrent.Task.setState(Task.java:710)
	at javafx.concurrent.Task$TaskCallable.lambda$call$2(Task.java:1429)
	at com.sun.javafx.application.PlatformImpl.lambda$runLater$10(PlatformImpl.java:456)
	at java.base/java.security.AccessController.doPrivileged(AccessController.java:400)
	at com.sun.javafx.application.PlatformImpl.lambda$runLater$11(PlatformImpl.java:455)
	at com.sun.glass.ui.InvokeLaterDispatcher$Future.run(InvokeLaterDispatcher.java:95)
	at com.sun.glass.ui.win.WinApplication._runLoop(Native Method)
	at com.sun.glass.ui.win.WinApplication.lambda$runLoop$3(WinApplication.java:185)
	at java.base/java.lang.Thread.run(Thread.java:1583)
Caused by: java.lang.IllegalArgumentException: Property point does not exist
	at com.almasb.fxgl.core.collection.PropertyMap.get(PropertyMap.kt:298)
	at com.almasb.fxgl.core.collection.PropertyMap.intProperty(PropertyMap.kt:191)
	at com.lab.App.initUI(App.java:401)
	at com.almasb.fxgl.app.FXGLApplication$InitAppTask.call(FXGLApplication.kt:323)
	at com.almasb.fxgl.app.FXGLApplication$InitAppTask.call(FXGLApplication.kt:313)
	at javafx.concurrent.Task$TaskCallable.call(Task.java:1399)
	at java.base/java.util.concurrent.FutureTask.run(FutureTask.java:317)
	at java.base/java.util.concurrent.Executors$RunnableAdapter.call(Executors.java:572)
	at java.base/java.util.concurrent.FutureTask.run(FutureTask.java:317)
	at java.base/java.util.concurrent.ThreadPoolExecutor.runWorker(ThreadPoolExecutor.java:1144)
	at java.base/java.util.concurrent.ThreadPoolExecutor$Worker.run(ThreadPoolExecutor.java:642)
	... 1 more

04:55:48.825 [JavaFX Application Thread] FATAL FXGLApplication      - Application will now exit
04:55:48.852 [JavaFX Application Thread] DEBUG PrimaryStageWindow   - Push state: ErrorSubScene
04:55:48.852 [JavaFX Application Thread] DEBUG Input                - Clearing active input actions
04:55:48.859 [JavaFX Application Thread] DEBUG GameApplicationServi - Removing overlay from FXGLLoadingScene and adding to ErrorSubScene
04:55:48.859 [JavaFX Application Thread] DEBUG PrimaryStageWindow   - FXGLLoadingScene -> ErrorSubScene
04:55:50.344 [FXGL Background Thread 3 ] DEBUG Engine               - Logging environment variables
04:55:50.346 [FXGL Background Thread 3 ] DEBUG Engine               - achievements: []
04:55:50.346 [FXGL Background Thread 3 ] DEBUG Engine               - actualHeight: 768.0
04:55:50.347 [FXGL Background Thread 3 ] DEBUG Engine               - actualHeightProperty: ReadOnlyDoubleProperty [value: 768.0]
04:55:50.347 [FXGL Background Thread 3 ] DEBUG Engine               - actualWidth: 743.0
04:55:50.347 [FXGL Background Thread 3 ] DEBUG Engine               - actualWidthProperty: ReadOnlyDoubleProperty [value: 743.0]
04:55:50.347 [FXGL Background Thread 3 ] DEBUG Engine               - appIcon: fxgl_icon.png
04:55:50.347 [FXGL Background Thread 3 ] DEBUG Engine               - applicationMode: DEVELOPER
04:55:50.348 [FXGL Background Thread 3 ] DEBUG Engine               - cSSList: [fxgl_dark.css]
04:55:50.348 [FXGL Background Thread 3 ] DEBUG Engine               - collisionDetectionStrategy: BRUTE_FORCE
04:55:50.348 [FXGL Background Thread 3 ] DEBUG Engine               - configClass: Optional.empty
04:55:50.348 [FXGL Background Thread 3 ] DEBUG Engine               - credits: []
04:55:50.348 [FXGL Background Thread 3 ] DEBUG Engine               - defaultCursor: CursorInfo(imageName=fxgl_default_cursor.png, hotspotX=7.0, hotspotY=6.0)
04:55:50.349 [FXGL Background Thread 3 ] DEBUG Engine               - devBBoxColorProperty: ObjectProperty [value: 0xff0000ff]
04:55:50.349 [FXGL Background Thread 3 ] DEBUG Engine               - devEnableDebugCameraProperty: BooleanProperty [value: false]
04:55:50.349 [FXGL Background Thread 3 ] DEBUG Engine               - devSensorColorProperty: ObjectProperty [value: 0xffff00ff]
04:55:50.349 [FXGL Background Thread 3 ] DEBUG Engine               - devShowBBoxProperty: BooleanProperty [value: false]
04:55:50.349 [FXGL Background Thread 3 ] DEBUG Engine               - devShowPositionProperty: BooleanProperty [value: false]
04:55:50.349 [FXGL Background Thread 3 ] DEBUG Engine               - enabledMenuItems: []
04:55:50.349 [FXGL Background Thread 3 ] DEBUG Engine               - engineServices: [class com.almasb.fxgl.app.services.FXGLAssetLoaderService, class com.almasb.fxgl.app.FXGLApplication$GameApplicationService, class com.almasb.fxgl.app.services.FXGLDialogService, class com.almasb.fxgl.app.services.IOTaskExecutorService, class com.almasb.fxgl.io.FileSystemService, class com.almasb.fxgl.localization.LocalizationService, class com.almasb.fxgl.app.services.SystemBundleService, class com.almasb.fxgl.profile.SaveLoadService, class com.almasb.fxgl.ui.FXGLUIFactoryServiceProvider, class com.almasb.fxgl.ui.FXGLDialogFactoryServiceProvider, class com.almasb.fxgl.audio.AudioPlayer, class com.almasb.fxgl.notification.impl.NotificationServiceProvider, class com.almasb.fxgl.achievement.AchievementService, class com.almasb.fxgl.cutscene.CutsceneService, class com.almasb.fxgl.minigames.MiniGameService, class com.almasb.fxgl.net.NetService, class com.almasb.fxgl.app.services.UpdaterService, class com.almasb.fxgl.dev.DevService]
04:55:50.349 [FXGL Background Thread 3 ] DEBUG Engine               - fontGame: Abel-Regular.ttf
04:55:50.349 [FXGL Background Thread 3 ] DEBUG Engine               - fontMono: TerminalLandMono-Regular.otf
04:55:50.350 [FXGL Background Thread 3 ] DEBUG Engine               - fontSizeScaleUI: 1.0
04:55:50.350 [FXGL Background Thread 3 ] DEBUG Engine               - fontText: Courier-Prime.ttf
04:55:50.350 [FXGL Background Thread 3 ] DEBUG Engine               - fontUI: VarelaRound-Regular.ttf
04:55:50.350 [FXGL Background Thread 3 ] DEBUG Engine               - fullScreen: BooleanProperty [value: false]
04:55:50.350 [FXGL Background Thread 3 ] DEBUG Engine               - gameDifficulty: MEDIUM
04:55:50.350 [FXGL Background Thread 3 ] DEBUG Engine               - gameDifficultyProperty: ObjectProperty [value: MEDIUM]
04:55:50.350 [FXGL Background Thread 3 ] DEBUG Engine               - globalMusicVolume: 0.5
04:55:50.350 [FXGL Background Thread 3 ] DEBUG Engine               - globalMusicVolumeProperty: DoubleProperty [value: 0.5]
04:55:50.351 [FXGL Background Thread 3 ] DEBUG Engine               - globalSoundVolume: 0.5
04:55:50.351 [FXGL Background Thread 3 ] DEBUG Engine               - globalSoundVolumeProperty: DoubleProperty [value: 0.5]
04:55:50.351 [FXGL Background Thread 3 ] DEBUG Engine               - height: 800
04:55:50.351 [FXGL Background Thread 3 ] DEBUG Engine               - is3D: false
04:55:50.351 [FXGL Background Thread 3 ] DEBUG Engine               - isAndroid: false
04:55:50.351 [FXGL Background Thread 3 ] DEBUG Engine               - isBrowser: false
04:55:50.351 [FXGL Background Thread 3 ] DEBUG Engine               - isClickFeedbackEnabled: false
04:55:50.351 [FXGL Background Thread 3 ] DEBUG Engine               - isCloseConfirmation: false
04:55:50.351 [FXGL Background Thread 3 ] DEBUG Engine               - isDesktop: true
04:55:50.352 [FXGL Background Thread 3 ] DEBUG Engine               - isDeveloperMenuEnabled: false
04:55:50.352 [FXGL Background Thread 3 ] DEBUG Engine               - isEmbedded: false
04:55:50.352 [FXGL Background Thread 3 ] DEBUG Engine               - isEntityPreloadEnabled: true
04:55:50.352 [FXGL Background Thread 3 ] DEBUG Engine               - isExperimentalTiledLargeMap: false
04:55:50.352 [FXGL Background Thread 3 ] DEBUG Engine               - isFileSystemWriteAllowed: true
04:55:50.352 [FXGL Background Thread 3 ] DEBUG Engine               - isFullScreenAllowed: false
04:55:50.352 [FXGL Background Thread 3 ] DEBUG Engine               - isFullScreenFromStart: false
04:55:50.352 [FXGL Background Thread 3 ] DEBUG Engine               - isGameMenuEnabled: true
04:55:50.352 [FXGL Background Thread 3 ] DEBUG Engine               - isIOS: false
04:55:50.352 [FXGL Background Thread 3 ] DEBUG Engine               - isIntroEnabled: false
04:55:50.352 [FXGL Background Thread 3 ] DEBUG Engine               - isLinux: false
04:55:50.352 [FXGL Background Thread 3 ] DEBUG Engine               - isMac: false
04:55:50.352 [FXGL Background Thread 3 ] DEBUG Engine               - isMainMenuEnabled: true
04:55:50.352 [FXGL Background Thread 3 ] DEBUG Engine               - isManualResizeEnabled: false
04:55:50.353 [FXGL Background Thread 3 ] DEBUG Engine               - isMobile: false
04:55:50.353 [FXGL Background Thread 3 ] DEBUG Engine               - isNative: false
04:55:50.353 [FXGL Background Thread 3 ] DEBUG Engine               - isPauseMusicWhenMinimized: true
04:55:50.353 [FXGL Background Thread 3 ] DEBUG Engine               - isPreserveResizeRatio: false
04:55:50.353 [FXGL Background Thread 3 ] DEBUG Engine               - isProfilingEnabled: false
04:55:50.353 [FXGL Background Thread 3 ] DEBUG Engine               - isScaleAffectedOnResize: true
04:55:50.353 [FXGL Background Thread 3 ] DEBUG Engine               - isSingleStep: false
04:55:50.353 [FXGL Background Thread 3 ] DEBUG Engine               - isUserProfileEnabled: false
04:55:50.353 [FXGL Background Thread 3 ] DEBUG Engine               - isWindows: true
04:55:50.353 [FXGL Background Thread 3 ] DEBUG Engine               - language: ObjectProperty [value: ENGLISH]
04:55:50.353 [FXGL Background Thread 3 ] DEBUG Engine               - menuKey: ESCAPE
04:55:50.353 [FXGL Background Thread 3 ] DEBUG Engine               - mouseSensitivity: 0.2
04:55:50.353 [FXGL Background Thread 3 ] DEBUG Engine               - notificationViewClass: class com.almasb.fxgl.notification.view.XboxNotificationView
04:55:50.353 [FXGL Background Thread 3 ] DEBUG Engine               - pixelsPerMeter: 50.0
04:55:50.354 [FXGL Background Thread 3 ] DEBUG Engine               - platform: WINDOWS
04:55:50.354 [FXGL Background Thread 3 ] DEBUG Engine               - prefHeightProperty: ReadOnlyDoubleProperty [value: 800.0]
04:55:50.354 [FXGL Background Thread 3 ] DEBUG Engine               - prefWidthProperty: ReadOnlyDoubleProperty [value: 800.0]
04:55:50.354 [FXGL Background Thread 3 ] DEBUG Engine               - profileDir: profiles/
04:55:50.354 [FXGL Background Thread 3 ] DEBUG Engine               - profileName: StringProperty [value: DEFAULT]
04:55:50.354 [FXGL Background Thread 3 ] DEBUG Engine               - randomSeed: -1
04:55:50.354 [FXGL Background Thread 3 ] DEBUG Engine               - runtimeInfo: RuntimeInfo(platform=WINDOWS, version=21.1, build=27.03.2024 07.52)
04:55:50.355 [FXGL Background Thread 3 ] DEBUG Engine               - saveFileExt: sav
04:55:50.355 [FXGL Background Thread 3 ] DEBUG Engine               - scaledHeightProp$fxgl: DoubleProperty [bound, value: 768.0]
04:55:50.355 [FXGL Background Thread 3 ] DEBUG Engine               - scaledWidthProp$fxgl: DoubleProperty [bound, value: 743.0]
04:55:50.355 [FXGL Background Thread 3 ] DEBUG Engine               - sceneFactory: com.lab.App$1@35933fc8
04:55:50.355 [FXGL Background Thread 3 ] DEBUG Engine               - secondsIn24h: 60
04:55:50.355 [FXGL Background Thread 3 ] DEBUG Engine               - soundMenuBack: menu/back.wav
04:55:50.355 [FXGL Background Thread 3 ] DEBUG Engine               - soundMenuPress: menu/press.wav
04:55:50.355 [FXGL Background Thread 3 ] DEBUG Engine               - soundMenuSelect: menu/select.wav
04:55:50.355 [FXGL Background Thread 3 ] DEBUG Engine               - soundNotification: core/notification.wav
04:55:50.355 [FXGL Background Thread 3 ] DEBUG Engine               - stageStyle: DECORATED
04:55:50.355 [FXGL Background Thread 3 ] DEBUG Engine               - supportedLanguages: [ENGLISH, FRENCH, GERMAN, HUNGARIAN, RUSSIAN]
04:55:50.355 [FXGL Background Thread 3 ] DEBUG Engine               - ticksPerSecond: -1
04:55:50.355 [FXGL Background Thread 3 ] DEBUG Engine               - title: Gonvival
04:55:50.355 [FXGL Background Thread 3 ] DEBUG Engine               - urlGithub: https://github.com/AlmasB/FXGL
04:55:50.356 [FXGL Background Thread 3 ] DEBUG Engine               - urlLeaderboard: http://fxgl-top.herokuapp.com/
04:55:50.356 [FXGL Background Thread 3 ] DEBUG Engine               - urlPOM: https://raw.githubusercontent.com/AlmasB/FXGL/release/README.md
04:55:50.356 [FXGL Background Thread 3 ] DEBUG Engine               - userAppClass: class com.lab.App
04:55:50.356 [FXGL Background Thread 3 ] DEBUG Engine               - version: beta
04:55:50.356 [FXGL Background Thread 3 ] DEBUG Engine               - versionCheckDays: 7
04:55:50.356 [FXGL Background Thread 3 ] DEBUG Engine               - width: 800
04:55:50.356 [FXGL Background Thread 3 ] DEBUG Engine               - Logging services
04:55:50.356 [FXGL Background Thread 3 ] DEBUG Engine               - class com.almasb.fxgl.app.services.FXGLAssetLoaderService
04:55:50.356 [FXGL Background Thread 3 ] DEBUG Engine               - class com.almasb.fxgl.app.FXGLApplication$GameApplicationService
04:55:50.356 [FXGL Background Thread 3 ] DEBUG Engine               - class com.almasb.fxgl.app.services.FXGLDialogService
04:55:50.356 [FXGL Background Thread 3 ] DEBUG Engine               - class com.almasb.fxgl.app.services.IOTaskExecutorService
04:55:50.356 [FXGL Background Thread 3 ] DEBUG Engine               - class com.almasb.fxgl.io.FileSystemService
04:55:50.356 [FXGL Background Thread 3 ] DEBUG Engine               - class com.almasb.fxgl.localization.LocalizationService
04:55:50.356 [FXGL Background Thread 3 ] DEBUG Engine               - class com.almasb.fxgl.app.services.SystemBundleService
04:55:50.356 [FXGL Background Thread 3 ] DEBUG Engine               - class com.almasb.fxgl.profile.SaveLoadService
04:55:50.356 [FXGL Background Thread 3 ] DEBUG Engine               - class com.almasb.fxgl.ui.FXGLUIFactoryServiceProvider
04:55:50.357 [FXGL Background Thread 3 ] DEBUG Engine               - class com.almasb.fxgl.ui.FXGLDialogFactoryServiceProvider
04:55:50.357 [FXGL Background Thread 3 ] DEBUG Engine               - class com.almasb.fxgl.audio.AudioPlayer
04:55:50.357 [FXGL Background Thread 3 ] DEBUG Engine               - class com.almasb.fxgl.notification.impl.NotificationServiceProvider
04:55:50.357 [FXGL Background Thread 3 ] DEBUG Engine               - class com.almasb.fxgl.achievement.AchievementService
04:55:50.357 [FXGL Background Thread 3 ] DEBUG Engine               - class com.almasb.fxgl.cutscene.CutsceneService
04:55:50.357 [FXGL Background Thread 3 ] DEBUG Engine               - class com.almasb.fxgl.minigames.MiniGameService
04:55:50.357 [FXGL Background Thread 3 ] DEBUG Engine               - class com.almasb.fxgl.net.NetService
04:55:50.357 [FXGL Background Thread 3 ] DEBUG Engine               - class com.almasb.fxgl.app.services.UpdaterService
04:55:50.357 [FXGL Background Thread 3 ] DEBUG Engine               - class com.almasb.fxgl.dev.DevService
04:55:54.631 [JavaFX Application Thread] DEBUG FXGLApplication      - Exiting FXGL
04:55:54.631 [JavaFX Application Thread] DEBUG Async                - Shutting down background threads
04:55:54.631 [JavaFX Application Thread] DEBUG PrimaryStageWindow   - Closing main window
04:55:54.691 [JavaFX Application Thread] DEBUG Logger               - Closing Logger
