05:11:12.086 [main                     ] DEBUG Logger               - Configured Logger
05:11:12.175 [main                     ] DEBUG GameApplication      - Logging settings
Title: Gonvival
Version: beta
Width: 800
Height: 800
Fullscreen: false
Intro: false
Profiling: false
Single step:false
App Mode: DEVELOPER
Menu Key: ESCAPE
Stage Style: DECORATED
Scene Factory: class com.lab.App$1

05:11:13.320 [JavaFX Application Thread] DEBUG FXGLApplication      - Initializing FXGL
05:11:13.330 [JavaFX Application Thread] INFO  Engine               - FXGL-21.1 (27.03.2024 07.52) on WINDOWS (J:21.0.5 FX:21.0.1)
05:11:13.333 [JavaFX Application Thread] DEBUG Engine               - JRE Vendor Name: Eclipse Adoptium
05:11:13.334 [JavaFX Application Thread] DEBUG Engine               - Running on OS: Windows 10 version 10.0
05:11:13.334 [JavaFX Application Thread] DEBUG Engine               - Architecture: amd64
05:11:13.335 [JavaFX Application Thread] INFO  Engine               - Source code and latest versions at: https://github.com/AlmasB/FXGL
05:11:13.337 [JavaFX Application Thread] INFO  Engine               -       Ask questions and discuss at: https://github.com/AlmasB/FXGL/discussions
05:11:13.376 [JavaFX Application Thread] INFO  Engine               -              Join the FXGL chat at: https://gitter.im/AlmasB/FXGL
05:11:13.645 [JavaFX Application Thread] DEBUG PrimaryStageWindow   - Creating a JavaFX scene
05:11:13.645 [JavaFX Application Thread] DEBUG PrimaryStageWindow   - Target size > screen size
05:11:13.769 [JavaFX Application Thread] DEBUG PrimaryStageWindow   - Target settings size: 800.0 x 800.0
05:11:13.769 [JavaFX Application Thread] DEBUG PrimaryStageWindow   - Scaled scene size:    743.0 x 768.0
05:11:13.770 [JavaFX Application Thread] DEBUG PrimaryStageWindow   - Scaled ratio: (0.92875, 0.96)
05:11:13.774 [JavaFX Application Thread] DEBUG PrimaryStageWindow   - Set initial scene to FXGLStartupScene
05:11:13.782 [JavaFX Application Thread] DEBUG PrimaryStageWindow   - Opening main window
05:11:13.993 [JavaFX Application Thread] DEBUG PrimaryStageWindow   - Window border size: (16.0, 39.0)
05:11:13.993 [JavaFX Application Thread] DEBUG PrimaryStageWindow   - Scaled size: 743.0 x 768.0
05:11:13.994 [JavaFX Application Thread] DEBUG PrimaryStageWindow   - Scaled ratio: (0.92875, 0.96)
05:11:13.994 [JavaFX Application Thread] DEBUG PrimaryStageWindow   - Scene size: 743.0 x 768.0
05:11:13.995 [JavaFX Application Thread] DEBUG PrimaryStageWindow   - Stage size: 759.0 x 807.0
05:11:14.101 [FXGL Background Thread 1 ] DEBUG Engine               - Initializing environment variables
05:11:14.246 [FXGL Background Thread 1 ] DEBUG FXGLAssetLoaderServi - User app class for loading assets: class com.lab.App
05:11:14.247 [FXGL Background Thread 1 ] DEBUG GameApplicationServi - Applying CSS: fxgl_dark.css
05:11:14.249 [FXGL Background Thread 1 ] DEBUG FXGLAssetLoaderServi - Loading from file system: jar:file:/C:/Users/Khana/.m2/repository/com/github/almasb/fxgl/21.1/fxgl-21.1.jar!/fxglassets/ui/css/fxgl_dark.css
05:11:14.358 [FXGL Background Thread 1 ] DEBUG GameApplicationServi - Initializing application scenes
05:11:14.567 [FXGL Background Thread 1 ] DEBUG GameWorld            - Game world initialized
05:11:14.719 [FXGL Background Thread 1 ] DEBUG PhysicsWorld         - Physics world initialized: appHeight=800, physics.ppm=50.0
05:11:14.719 [FXGL Background Thread 1 ] DEBUG PhysicsWorld         - Using strategy: BRUTE_FORCE
05:11:14.729 [FXGL Background Thread 1 ] DEBUG GameScene            - Game scene initialized: 800x800
05:11:14.804 [FXGL Background Thread 1 ] DEBUG FXGL.DefaultMenu     - createMenuBodyGameMenu()
05:11:14.831 [FXGL Background Thread 1 ] DEBUG FXGL.DefaultMenu     - createOptionsMenu()
05:11:14.850 [FXGL Background Thread 1 ] DEBUG FXGLAssetLoaderServi - Loading from file system: jar:file:/C:/Users/Khana/.m2/repository/com/github/almasb/fxgl/21.1/fxgl-21.1.jar!/fxglassets/textures/particles/smoke.png
05:11:15.047 [FXGL Background Thread 1 ] DEBUG FXGLAssetLoaderServi - Loading from file system: jar:file:/C:/Users/Khana/.m2/repository/com/github/almasb/fxgl/21.1/fxgl-21.1.jar!/fxglassets/textures/particles/trace_horizontal.png
05:11:15.110 [FXGL Background Thread 1 ] DEBUG GameApplicationServi - Application scenes initialized
05:11:15.133 [FXGL Background Thread 1 ] DEBUG SystemBundleService  - Loading FXGL system data
05:11:15.144 [FXGL Background Thread 1 ] DEBUG FileSystemAccess     - Reading from: E:\Labs\Gonvival\system\fxgl.bundle
05:11:15.162 [FXGL Background Thread 1 ] DEBUG SystemBundleService  - Bundle FXGL: {}
05:11:15.163 [FXGL Background Thread 1 ] DEBUG UpdaterService       - Checking for updates
05:11:15.174 [FXGL Background Thread 1 ] DEBUG FXGLApplication      - Loading default localization
05:11:15.175 [FXGL Background Thread 1 ] DEBUG FXGLAssetLoaderServi - Loading from file system: jar:file:/C:/Users/Khana/.m2/repository/com/github/almasb/fxgl/21.1/fxgl-21.1.jar!/fxglassets/languages/english.lang
05:11:15.227 [FXGL Background Thread 1 ] INFO  FXGLApplication      - FXGL initialization took: 1.126 sec
05:11:15.201 [FXGL Background Thread 4 ] DEBUG FXGLApplication      - Loading fonts
05:11:15.229 [FXGL Background Thread 4 ] DEBUG FXGLAssetLoaderServi - Loading from file system: jar:file:/C:/Users/Khana/.m2/repository/com/github/almasb/fxgl/21.1/fxgl-21.1.jar!/fxglassets/ui/fonts/VarelaRound-Regular.ttf
05:11:15.237 [JavaFX Application Thread] DEBUG FXGLAssetLoaderServi - Loading from file system: jar:file:/C:/Users/Khana/.m2/repository/com/github/almasb/fxgl/21.1/fxgl-21.1.jar!/fxglassets/textures/fxgl_icon.png
05:11:15.323 [JavaFX Application Thread] DEBUG FXGLAssetLoaderServi - Loading from file system: jar:file:/C:/Users/Khana/.m2/repository/com/github/almasb/fxgl/21.1/fxgl-21.1.jar!/fxglassets/textures/fxgl_default_cursor.png
05:11:15.334 [FXGL Background Thread 4 ] DEBUG FXGLAssetLoaderServi - Loading from file system: jar:file:/C:/Users/Khana/.m2/repository/com/github/almasb/fxgl/21.1/fxgl-21.1.jar!/fxglassets/ui/fonts/Abel-Regular.ttf
05:11:15.343 [FXGL Background Thread 4 ] DEBUG FXGLAssetLoaderServi - Loading from file system: jar:file:/C:/Users/Khana/.m2/repository/com/github/almasb/fxgl/21.1/fxgl-21.1.jar!/fxglassets/ui/fonts/TerminalLandMono-Regular.otf
05:11:15.351 [FXGL Background Thread 4 ] DEBUG FXGLAssetLoaderServi - Loading from file system: jar:file:/C:/Users/Khana/.m2/repository/com/github/almasb/fxgl/21.1/fxgl-21.1.jar!/fxglassets/ui/fonts/Courier-Prime.ttf
05:11:15.359 [JavaFX Application Thread] DEBUG Input                - Registered new binding: Screenshot - CTRL+8
05:11:15.360 [JavaFX Application Thread] DEBUG Input                - Registered new binding: System info dump - CTRL+9
05:11:15.361 [JavaFX Application Thread] DEBUG Input                - Registered new binding: Restart - CTRL+R
05:11:15.362 [JavaFX Application Thread] DEBUG Input                - Registered new binding: Toggle Debug Camera - CTRL+7
05:11:15.367 [JavaFX Application Thread] DEBUG LoopRunner           - Starting loop
05:11:15.367 [JavaFX Application Thread] DEBUG LoopRunner           - Initializing JavaFX AnimationTimerLoop
05:11:15.374 [JavaFX Application Thread] DEBUG Input                - Clearing active input actions
05:11:15.397 [JavaFX Application Thread] DEBUG GameApplicationServi - Removing overlay from FXGLStartupScene and adding to FXGLMainMenuDummyScene
05:11:15.397 [JavaFX Application Thread] DEBUG PrimaryStageWindow   - FXGLStartupScene -> FXGLMainMenuDummyScene
05:11:15.398 [JavaFX Application Thread] DEBUG PrimaryStageWindow   - Push state: StartScreen
05:11:15.398 [JavaFX Application Thread] DEBUG Input                - Clearing active input actions
05:11:15.418 [JavaFX Application Thread] DEBUG GameApplicationServi - Removing overlay from FXGLMainMenuDummyScene and adding to StartScreen
05:11:15.418 [JavaFX Application Thread] DEBUG PrimaryStageWindow   - FXGLMainMenuDummyScene -> StartScreen
05:11:15.425 [JavaFX Application Thread] DEBUG FXGLApplication      - Registering font factories with UI factory
05:11:16.245 [JavaFX Application Thread] DEBUG Menu                 - fireNewGame()
05:11:16.245 [JavaFX Application Thread] DEBUG GameApplicationServi - Starting new game
05:11:16.246 [JavaFX Application Thread] DEBUG PrimaryStageWindow   - Pop state: StartScreen
05:11:16.246 [JavaFX Application Thread] DEBUG Input                - Clearing active input actions
05:11:16.247 [JavaFX Application Thread] DEBUG GameApplicationServi - Removing overlay from StartScreen and adding to FXGLMainMenuDummyScene
05:11:16.248 [JavaFX Application Thread] DEBUG PrimaryStageWindow   - FXGLMainMenuDummyScene <- StartScreen
05:11:16.248 [JavaFX Application Thread] DEBUG Input                - Clearing active input actions
05:11:16.264 [JavaFX Application Thread] DEBUG GameApplicationServi - Removing overlay from FXGLMainMenuDummyScene and adding to FXGLLoadingScene
05:11:16.265 [JavaFX Application Thread] DEBUG PrimaryStageWindow   - FXGLMainMenuDummyScene -> FXGLLoadingScene
05:11:16.265 [JavaFX Application Thread] DEBUG GameApplicationServi - Clearing previous game
05:11:16.265 [JavaFX Application Thread] DEBUG GameScene            - Clearing game scene
05:11:16.265 [JavaFX Application Thread] DEBUG GameWorld            - Clearing game world
05:11:16.265 [JavaFX Application Thread] DEBUG PhysicsWorld         - Clearing physics world
05:11:16.269 [FXGL Background Thread 4 ] DEBUG FXGLApplication      - Initializing game
05:11:16.341 [FXGL Background Thread 4 ] DEBUG FXGLAssetLoaderServi - Loading from file system: file:/E:/Labs/Gonvival/game/target/classes/assets/textures/map.png
05:11:16.490 [FXGL Background Thread 4 ] DEBUG FXGLAssetLoaderServi - Loading from file system: file:/E:/Labs/Gonvival/game/target/classes/assets/textures/idle_down.png
05:11:16.496 [FXGL Background Thread 4 ] DEBUG FXGLAssetLoaderServi - Loading from file system: file:/E:/Labs/Gonvival/game/target/classes/assets/textures/idle_up.png
05:11:16.498 [FXGL Background Thread 4 ] DEBUG FXGLAssetLoaderServi - Loading from file system: file:/E:/Labs/Gonvival/game/target/classes/assets/textures/idle_left_down.png
05:11:16.501 [FXGL Background Thread 4 ] DEBUG FXGLAssetLoaderServi - Loading from file system: file:/E:/Labs/Gonvival/game/target/classes/assets/textures/idle_left_up.png
05:11:16.505 [FXGL Background Thread 4 ] DEBUG FXGLAssetLoaderServi - Loading from file system: file:/E:/Labs/Gonvival/game/target/classes/assets/textures/idle_right_down.png
05:11:16.511 [FXGL Background Thread 4 ] DEBUG FXGLAssetLoaderServi - Loading from file system: file:/E:/Labs/Gonvival/game/target/classes/assets/textures/idle_right_up.png
05:11:16.514 [FXGL Background Thread 4 ] DEBUG FXGLAssetLoaderServi - Loading from file system: file:/E:/Labs/Gonvival/game/target/classes/assets/textures/walk_left_down.png
05:11:16.526 [FXGL Background Thread 4 ] DEBUG FXGLAssetLoaderServi - Loading from file system: file:/E:/Labs/Gonvival/game/target/classes/assets/textures/walk_right_down.png
05:11:16.529 [FXGL Background Thread 4 ] DEBUG FXGLAssetLoaderServi - Loading from file system: file:/E:/Labs/Gonvival/game/target/classes/assets/textures/walk_up.png
05:11:16.531 [FXGL Background Thread 4 ] DEBUG FXGLAssetLoaderServi - Loading from file system: file:/E:/Labs/Gonvival/game/target/classes/assets/textures/walk_down.png
05:11:16.534 [FXGL Background Thread 4 ] DEBUG FXGLAssetLoaderServi - Loading from file system: file:/E:/Labs/Gonvival/game/target/classes/assets/textures/walk_left_up.png
05:11:16.537 [FXGL Background Thread 4 ] DEBUG FXGLAssetLoaderServi - Loading from file system: file:/E:/Labs/Gonvival/game/target/classes/assets/textures/walk_right_up.png
05:11:16.568 [FXGL Background Thread 4 ] INFO  FXGLApplication      - Game initialization took: 0.298 sec
05:11:16.569 [JavaFX Application Thread] DEBUG Input                - Clearing active input actions
05:11:16.589 [JavaFX Application Thread] DEBUG GameApplicationServi - Removing overlay from FXGLLoadingScene and adding to GameScene
05:11:16.590 [JavaFX Application Thread] DEBUG PrimaryStageWindow   - FXGLLoadingScene -> GameScene
05:11:16.707 [JavaFX Application Thread] DEBUG Input                - Registered new binding: SHOOT - LMB
05:11:16.707 [JavaFX Application Thread] DEBUG Input                - Registered new binding: MOVE LEFT - A
05:11:16.708 [JavaFX Application Thread] DEBUG Input                - Registered new binding: MOVE RIGHT - D
05:11:16.709 [JavaFX Application Thread] DEBUG Input                - Registered new binding: MOVE UP - W
05:11:16.709 [JavaFX Application Thread] DEBUG Input                - Registered new binding: MOVE DOWN - S
05:11:17.014 [JavaFX Application Thread] DEBUG FXGLAssetLoaderServi - Loading from file system: file:/E:/Labs/Gonvival/game/target/classes/assets/textures/arrow.png
05:11:17.504 [JavaFX Application Thread] DEBUG FXGLAssetLoaderServi - Loading from file system: file:/E:/Labs/Gonvival/game/target/classes/assets/textures/evil.png
05:11:18.168 [FXGL Background Thread 3 ] DEBUG Engine               - Logging environment variables
05:11:18.169 [FXGL Background Thread 3 ] DEBUG Engine               - achievements: []
05:11:18.169 [FXGL Background Thread 3 ] DEBUG Engine               - actualHeight: 768.0
05:11:18.169 [FXGL Background Thread 3 ] DEBUG Engine               - actualHeightProperty: ReadOnlyDoubleProperty [value: 768.0]
05:11:18.169 [FXGL Background Thread 3 ] DEBUG Engine               - actualWidth: 743.0
05:11:18.169 [FXGL Background Thread 3 ] DEBUG Engine               - actualWidthProperty: ReadOnlyDoubleProperty [value: 743.0]
05:11:18.169 [FXGL Background Thread 3 ] DEBUG Engine               - appIcon: fxgl_icon.png
05:11:18.169 [FXGL Background Thread 3 ] DEBUG Engine               - applicationMode: DEVELOPER
05:11:18.169 [FXGL Background Thread 3 ] DEBUG Engine               - cSSList: [fxgl_dark.css]
05:11:18.170 [FXGL Background Thread 3 ] DEBUG Engine               - collisionDetectionStrategy: BRUTE_FORCE
05:11:18.170 [FXGL Background Thread 3 ] DEBUG Engine               - configClass: Optional.empty
05:11:18.170 [FXGL Background Thread 3 ] DEBUG Engine               - credits: []
05:11:18.172 [FXGL Background Thread 3 ] DEBUG Engine               - defaultCursor: CursorInfo(imageName=fxgl_default_cursor.png, hotspotX=7.0, hotspotY=6.0)
05:11:18.173 [FXGL Background Thread 3 ] DEBUG Engine               - devBBoxColorProperty: ObjectProperty [value: 0xff0000ff]
05:11:18.173 [FXGL Background Thread 3 ] DEBUG Engine               - devEnableDebugCameraProperty: BooleanProperty [value: false]
05:11:18.173 [FXGL Background Thread 3 ] DEBUG Engine               - devSensorColorProperty: ObjectProperty [value: 0xffff00ff]
05:11:18.174 [FXGL Background Thread 3 ] DEBUG Engine               - devShowBBoxProperty: BooleanProperty [value: false]
05:11:18.174 [FXGL Background Thread 3 ] DEBUG Engine               - devShowPositionProperty: BooleanProperty [value: false]
05:11:18.174 [FXGL Background Thread 3 ] DEBUG Engine               - enabledMenuItems: []
05:11:18.175 [FXGL Background Thread 3 ] DEBUG Engine               - engineServices: [class com.almasb.fxgl.app.services.FXGLAssetLoaderService, class com.almasb.fxgl.app.FXGLApplication$GameApplicationService, class com.almasb.fxgl.app.services.FXGLDialogService, class com.almasb.fxgl.app.services.IOTaskExecutorService, class com.almasb.fxgl.io.FileSystemService, class com.almasb.fxgl.localization.LocalizationService, class com.almasb.fxgl.app.services.SystemBundleService, class com.almasb.fxgl.profile.SaveLoadService, class com.almasb.fxgl.ui.FXGLUIFactoryServiceProvider, class com.almasb.fxgl.ui.FXGLDialogFactoryServiceProvider, class com.almasb.fxgl.audio.AudioPlayer, class com.almasb.fxgl.notification.impl.NotificationServiceProvider, class com.almasb.fxgl.achievement.AchievementService, class com.almasb.fxgl.cutscene.CutsceneService, class com.almasb.fxgl.minigames.MiniGameService, class com.almasb.fxgl.net.NetService, class com.almasb.fxgl.app.services.UpdaterService, class com.almasb.fxgl.dev.DevService]
05:11:18.175 [FXGL Background Thread 3 ] DEBUG Engine               - fontGame: Abel-Regular.ttf
05:11:18.175 [FXGL Background Thread 3 ] DEBUG Engine               - fontMono: TerminalLandMono-Regular.otf
05:11:18.175 [FXGL Background Thread 3 ] DEBUG Engine               - fontSizeScaleUI: 1.0
05:11:18.175 [FXGL Background Thread 3 ] DEBUG Engine               - fontText: Courier-Prime.ttf
05:11:18.175 [FXGL Background Thread 3 ] DEBUG Engine               - fontUI: VarelaRound-Regular.ttf
05:11:18.175 [FXGL Background Thread 3 ] DEBUG Engine               - fullScreen: BooleanProperty [value: false]
05:11:18.176 [FXGL Background Thread 3 ] DEBUG Engine               - gameDifficulty: MEDIUM
05:11:18.176 [FXGL Background Thread 3 ] DEBUG Engine               - gameDifficultyProperty: ObjectProperty [value: MEDIUM]
05:11:18.176 [FXGL Background Thread 3 ] DEBUG Engine               - globalMusicVolume: 0.5
05:11:18.176 [FXGL Background Thread 3 ] DEBUG Engine               - globalMusicVolumeProperty: DoubleProperty [value: 0.5]
05:11:18.176 [FXGL Background Thread 3 ] DEBUG Engine               - globalSoundVolume: 0.5
05:11:18.176 [FXGL Background Thread 3 ] DEBUG Engine               - globalSoundVolumeProperty: DoubleProperty [value: 0.5]
05:11:18.176 [FXGL Background Thread 3 ] DEBUG Engine               - height: 800
05:11:18.176 [FXGL Background Thread 3 ] DEBUG Engine               - is3D: false
05:11:18.176 [FXGL Background Thread 3 ] DEBUG Engine               - isAndroid: false
05:11:18.176 [FXGL Background Thread 3 ] DEBUG Engine               - isBrowser: false
05:11:18.176 [FXGL Background Thread 3 ] DEBUG Engine               - isClickFeedbackEnabled: false
05:11:18.177 [FXGL Background Thread 3 ] DEBUG Engine               - isCloseConfirmation: false
05:11:18.177 [FXGL Background Thread 3 ] DEBUG Engine               - isDesktop: true
05:11:18.177 [FXGL Background Thread 3 ] DEBUG Engine               - isDeveloperMenuEnabled: false
05:11:18.177 [FXGL Background Thread 3 ] DEBUG Engine               - isEmbedded: false
05:11:18.177 [FXGL Background Thread 3 ] DEBUG Engine               - isEntityPreloadEnabled: true
05:11:18.177 [FXGL Background Thread 3 ] DEBUG Engine               - isExperimentalTiledLargeMap: false
05:11:18.177 [FXGL Background Thread 3 ] DEBUG Engine               - isFileSystemWriteAllowed: true
05:11:18.177 [FXGL Background Thread 3 ] DEBUG Engine               - isFullScreenAllowed: false
05:11:18.177 [FXGL Background Thread 3 ] DEBUG Engine               - isFullScreenFromStart: false
05:11:18.177 [FXGL Background Thread 3 ] DEBUG Engine               - isGameMenuEnabled: true
05:11:18.177 [FXGL Background Thread 3 ] DEBUG Engine               - isIOS: false
05:11:18.177 [FXGL Background Thread 3 ] DEBUG Engine               - isIntroEnabled: false
05:11:18.177 [FXGL Background Thread 3 ] DEBUG Engine               - isLinux: false
05:11:18.177 [FXGL Background Thread 3 ] DEBUG Engine               - isMac: false
05:11:18.177 [FXGL Background Thread 3 ] DEBUG Engine               - isMainMenuEnabled: true
05:11:18.178 [FXGL Background Thread 3 ] DEBUG Engine               - isManualResizeEnabled: false
05:11:18.178 [FXGL Background Thread 3 ] DEBUG Engine               - isMobile: false
05:11:18.178 [FXGL Background Thread 3 ] DEBUG Engine               - isNative: false
05:11:18.178 [FXGL Background Thread 3 ] DEBUG Engine               - isPauseMusicWhenMinimized: true
05:11:18.178 [FXGL Background Thread 3 ] DEBUG Engine               - isPreserveResizeRatio: false
05:11:18.178 [FXGL Background Thread 3 ] DEBUG Engine               - isProfilingEnabled: false
05:11:18.178 [FXGL Background Thread 3 ] DEBUG Engine               - isScaleAffectedOnResize: true
05:11:18.178 [FXGL Background Thread 3 ] DEBUG Engine               - isSingleStep: false
05:11:18.178 [FXGL Background Thread 3 ] DEBUG Engine               - isUserProfileEnabled: false
05:11:18.178 [FXGL Background Thread 3 ] DEBUG Engine               - isWindows: true
05:11:18.178 [FXGL Background Thread 3 ] DEBUG Engine               - language: ObjectProperty [value: ENGLISH]
05:11:18.178 [FXGL Background Thread 3 ] DEBUG Engine               - menuKey: ESCAPE
05:11:18.179 [FXGL Background Thread 3 ] DEBUG Engine               - mouseSensitivity: 0.2
05:11:18.179 [FXGL Background Thread 3 ] DEBUG Engine               - notificationViewClass: class com.almasb.fxgl.notification.view.XboxNotificationView
05:11:18.179 [FXGL Background Thread 3 ] DEBUG Engine               - pixelsPerMeter: 50.0
05:11:18.179 [FXGL Background Thread 3 ] DEBUG Engine               - platform: WINDOWS
05:11:18.179 [FXGL Background Thread 3 ] DEBUG Engine               - prefHeightProperty: ReadOnlyDoubleProperty [value: 800.0]
05:11:18.179 [FXGL Background Thread 3 ] DEBUG Engine               - prefWidthProperty: ReadOnlyDoubleProperty [value: 800.0]
05:11:18.179 [FXGL Background Thread 3 ] DEBUG Engine               - profileDir: profiles/
05:11:18.179 [FXGL Background Thread 3 ] DEBUG Engine               - profileName: StringProperty [value: DEFAULT]
05:11:18.179 [FXGL Background Thread 3 ] DEBUG Engine               - randomSeed: -1
05:11:18.180 [FXGL Background Thread 3 ] DEBUG Engine               - runtimeInfo: RuntimeInfo(platform=WINDOWS, version=21.1, build=27.03.2024 07.52)
05:11:18.180 [FXGL Background Thread 3 ] DEBUG Engine               - saveFileExt: sav
05:11:18.180 [FXGL Background Thread 3 ] DEBUG Engine               - scaledHeightProp$fxgl: DoubleProperty [bound, value: 768.0]
05:11:18.180 [FXGL Background Thread 3 ] DEBUG Engine               - scaledWidthProp$fxgl: DoubleProperty [bound, value: 743.0]
05:11:18.180 [FXGL Background Thread 3 ] DEBUG Engine               - sceneFactory: com.lab.App$1@5d758e75
05:11:18.180 [FXGL Background Thread 3 ] DEBUG Engine               - secondsIn24h: 60
05:11:18.180 [FXGL Background Thread 3 ] DEBUG Engine               - soundMenuBack: menu/back.wav
05:11:18.180 [FXGL Background Thread 3 ] DEBUG Engine               - soundMenuPress: menu/press.wav
05:11:18.180 [FXGL Background Thread 3 ] DEBUG Engine               - soundMenuSelect: menu/select.wav
05:11:18.180 [FXGL Background Thread 3 ] DEBUG Engine               - soundNotification: core/notification.wav
05:11:18.180 [FXGL Background Thread 3 ] DEBUG Engine               - stageStyle: DECORATED
05:11:18.181 [FXGL Background Thread 3 ] DEBUG Engine               - supportedLanguages: [ENGLISH, FRENCH, GERMAN, HUNGARIAN, RUSSIAN]
05:11:18.181 [FXGL Background Thread 3 ] DEBUG Engine               - ticksPerSecond: -1
05:11:18.181 [FXGL Background Thread 3 ] DEBUG Engine               - title: Gonvival
05:11:18.181 [FXGL Background Thread 3 ] DEBUG Engine               - urlGithub: https://github.com/AlmasB/FXGL
05:11:18.181 [FXGL Background Thread 3 ] DEBUG Engine               - urlLeaderboard: http://fxgl-top.herokuapp.com/
05:11:18.181 [FXGL Background Thread 3 ] DEBUG Engine               - urlPOM: https://raw.githubusercontent.com/AlmasB/FXGL/release/README.md
05:11:18.181 [FXGL Background Thread 3 ] DEBUG Engine               - userAppClass: class com.lab.App
05:11:18.181 [FXGL Background Thread 3 ] DEBUG Engine               - version: beta
05:11:18.181 [FXGL Background Thread 3 ] DEBUG Engine               - versionCheckDays: 7
05:11:18.181 [FXGL Background Thread 3 ] DEBUG Engine               - width: 800
05:11:18.181 [FXGL Background Thread 3 ] DEBUG Engine               - Logging services
05:11:18.181 [FXGL Background Thread 3 ] DEBUG Engine               - class com.almasb.fxgl.app.services.FXGLAssetLoaderService
05:11:18.181 [FXGL Background Thread 3 ] DEBUG Engine               - class com.almasb.fxgl.app.FXGLApplication$GameApplicationService
05:11:18.181 [FXGL Background Thread 3 ] DEBUG Engine               - class com.almasb.fxgl.app.services.FXGLDialogService
05:11:18.182 [FXGL Background Thread 3 ] DEBUG Engine               - class com.almasb.fxgl.app.services.IOTaskExecutorService
05:11:18.182 [FXGL Background Thread 3 ] DEBUG Engine               - class com.almasb.fxgl.io.FileSystemService
05:11:18.182 [FXGL Background Thread 3 ] DEBUG Engine               - class com.almasb.fxgl.localization.LocalizationService
05:11:18.182 [FXGL Background Thread 3 ] DEBUG Engine               - class com.almasb.fxgl.app.services.SystemBundleService
05:11:18.182 [FXGL Background Thread 3 ] DEBUG Engine               - class com.almasb.fxgl.profile.SaveLoadService
05:11:18.182 [FXGL Background Thread 3 ] DEBUG Engine               - class com.almasb.fxgl.ui.FXGLUIFactoryServiceProvider
05:11:18.182 [FXGL Background Thread 3 ] DEBUG Engine               - class com.almasb.fxgl.ui.FXGLDialogFactoryServiceProvider
05:11:18.182 [FXGL Background Thread 3 ] DEBUG Engine               - class com.almasb.fxgl.audio.AudioPlayer
05:11:18.182 [FXGL Background Thread 3 ] DEBUG Engine               - class com.almasb.fxgl.notification.impl.NotificationServiceProvider
05:11:18.182 [FXGL Background Thread 3 ] DEBUG Engine               - class com.almasb.fxgl.achievement.AchievementService
05:11:18.182 [FXGL Background Thread 3 ] DEBUG Engine               - class com.almasb.fxgl.cutscene.CutsceneService
05:11:18.182 [FXGL Background Thread 3 ] DEBUG Engine               - class com.almasb.fxgl.minigames.MiniGameService
05:11:18.182 [FXGL Background Thread 3 ] DEBUG Engine               - class com.almasb.fxgl.net.NetService
05:11:18.182 [FXGL Background Thread 3 ] DEBUG Engine               - class com.almasb.fxgl.app.services.UpdaterService
05:11:18.183 [FXGL Background Thread 3 ] DEBUG Engine               - class com.almasb.fxgl.dev.DevService
05:11:18.326 [JavaFX Application Thread] DEBUG PrimaryStageWindow   - Push state: DialogSubScene
05:11:18.327 [JavaFX Application Thread] DEBUG Input                - Clearing active input actions
05:11:18.328 [JavaFX Application Thread] DEBUG GameApplicationServi - Removing overlay from GameScene and adding to DialogSubScene
05:11:18.329 [JavaFX Application Thread] DEBUG PrimaryStageWindow   - GameScene -> DialogSubScene
05:11:19.157 [JavaFX Application Thread] DEBUG PrimaryStageWindow   - Pop state: DialogSubScene
05:11:19.157 [JavaFX Application Thread] DEBUG Input                - Clearing active input actions
05:11:19.158 [JavaFX Application Thread] DEBUG GameApplicationServi - Removing overlay from DialogSubScene and adding to GameScene
05:11:19.158 [JavaFX Application Thread] DEBUG PrimaryStageWindow   - GameScene <- DialogSubScene
05:11:28.786 [JavaFX Application Thread] DEBUG PrimaryStageWindow   - Push state: DialogSubScene
05:11:28.786 [JavaFX Application Thread] DEBUG Input                - Clearing active input actions
05:11:28.788 [JavaFX Application Thread] DEBUG GameApplicationServi - Removing overlay from GameScene and adding to DialogSubScene
05:11:28.788 [JavaFX Application Thread] DEBUG PrimaryStageWindow   - GameScene -> DialogSubScene
05:11:29.676 [JavaFX Application Thread] DEBUG PrimaryStageWindow   - Pop state: DialogSubScene
05:11:29.676 [JavaFX Application Thread] DEBUG Input                - Clearing active input actions
05:11:29.677 [JavaFX Application Thread] DEBUG GameApplicationServi - Removing overlay from DialogSubScene and adding to GameScene
05:11:29.677 [JavaFX Application Thread] DEBUG PrimaryStageWindow   - GameScene <- DialogSubScene
05:11:29.677 [JavaFX Application Thread] DEBUG GameWorld            - Clearing game world
05:11:29.678 [JavaFX Application Thread] DEBUG Input                - Clearing active input actions
05:11:29.685 [JavaFX Application Thread] DEBUG GameApplicationServi - Removing overlay from GameScene and adding to FXGLMainMenuDummyScene
05:11:29.685 [JavaFX Application Thread] DEBUG PrimaryStageWindow   - GameScene -> FXGLMainMenuDummyScene
05:11:29.685 [JavaFX Application Thread] DEBUG PrimaryStageWindow   - Push state: StartScreen
05:11:29.685 [JavaFX Application Thread] DEBUG Input                - Clearing active input actions
05:11:29.689 [JavaFX Application Thread] DEBUG GameApplicationServi - Removing overlay from FXGLMainMenuDummyScene and adding to StartScreen
05:11:29.689 [JavaFX Application Thread] DEBUG PrimaryStageWindow   - FXGLMainMenuDummyScene -> StartScreen
05:11:31.371 [JavaFX Application Thread] DEBUG LoopRunner           - Pausing loop
05:13:47.123 [JavaFX Application Thread] DEBUG LoopRunner           - Resuming loop
05:13:48.115 [JavaFX Application Thread] DEBUG FXGLApplication      - Exiting FXGL
05:13:48.116 [JavaFX Application Thread] DEBUG LoopRunner           - Stopping loop
05:13:48.116 [JavaFX Application Thread] DEBUG SystemBundleService  - Saving FXGL system data
05:13:48.120 [JavaFX Application Thread] DEBUG FileSystemAccess     - Writing to: E:\Labs\Gonvival\system\fxgl.bundle
05:13:48.123 [JavaFX Application Thread] DEBUG Async                - Shutting down background threads
05:13:48.123 [JavaFX Application Thread] DEBUG PrimaryStageWindow   - Closing main window
05:13:48.150 [JavaFX Application Thread] DEBUG Logger               - Closing Logger
