16:09:23.018 [main                     ] DEBUG Logger               - Configured Logger
16:09:23.041 [main                     ] DEBUG GameApplication      - Logging settings
Title: Gonvival
Version: beta
Width: 800
Height: 800
Fullscreen: false
Intro: false
Profiling: false
Single step:false
App Mode: DEVELOPER
Menu Key: ESCAPE
Stage Style: DECORATED
Scene Factory: class com.almasb.fxgl.app.scene.SceneFactory

16:09:24.125 [JavaFX Application Thread] DEBUG FXGLApplication      - Initializing FXGL
16:09:24.131 [JavaFX Application Thread] INFO  Engine               - FXGL-21.1 (27.03.2024 07.52) on WINDOWS (J:21.0.5 FX:21.0.1)
16:09:24.132 [JavaFX Application Thread] DEBUG Engine               - JRE Vendor Name: Eclipse Adoptium
16:09:24.132 [JavaFX Application Thread] DEBUG Engine               - Running on OS: Windows 11 version 10.0
16:09:24.132 [JavaFX Application Thread] DEBUG Engine               - Architecture: amd64
16:09:24.132 [JavaFX Application Thread] INFO  Engine               - Source code and latest versions at: https://github.com/AlmasB/FXGL
16:09:24.133 [JavaFX Application Thread] INFO  Engine               -       Ask questions and discuss at: https://github.com/AlmasB/FXGL/discussions
16:09:24.134 [JavaFX Application Thread] INFO  Engine               -              Join the FXGL chat at: https://gitter.im/AlmasB/FXGL
16:09:24.250 [JavaFX Application Thread] DEBUG PrimaryStageWindow   - Creating a JavaFX scene
16:09:24.297 [JavaFX Application Thread] DEBUG PrimaryStageWindow   - Target settings size: 800.0 x 800.0
16:09:24.297 [JavaFX Application Thread] DEBUG PrimaryStageWindow   - Scaled scene size:    800.0 x 800.0
16:09:24.297 [JavaFX Application Thread] DEBUG PrimaryStageWindow   - Scaled ratio: (1.0, 1.0)
16:09:24.298 [JavaFX Application Thread] DEBUG PrimaryStageWindow   - Set initial scene to FXGLStartupScene
16:09:24.304 [JavaFX Application Thread] DEBUG PrimaryStageWindow   - Opening main window
16:09:24.510 [JavaFX Application Thread] DEBUG PrimaryStageWindow   - Window border size: (16.0, 39.0)
16:09:24.511 [JavaFX Application Thread] DEBUG PrimaryStageWindow   - Scaled size: 800.0 x 800.0
16:09:24.512 [JavaFX Application Thread] DEBUG PrimaryStageWindow   - Scaled ratio: (1.0, 1.0)
16:09:24.513 [JavaFX Application Thread] DEBUG PrimaryStageWindow   - Scene size: 800.0 x 800.0
16:09:24.513 [JavaFX Application Thread] DEBUG PrimaryStageWindow   - Stage size: 816.0 x 839.0
16:09:24.535 [FXGL Background Thread 1 ] DEBUG Engine               - Initializing environment variables
16:09:24.666 [FXGL Background Thread 1 ] DEBUG FXGLAssetLoaderServi - User app class for loading assets: class com.lab.App
16:09:24.666 [FXGL Background Thread 1 ] DEBUG GameApplicationServi - Applying CSS: fxgl_dark.css
16:09:24.667 [FXGL Background Thread 1 ] DEBUG FXGLAssetLoaderServi - Loading from file system: jar:file:/C:/Users/HP/.m2/repository/com/github/almasb/fxgl/21.1/fxgl-21.1.jar!/fxglassets/ui/css/fxgl_dark.css
16:09:24.755 [FXGL Background Thread 1 ] DEBUG GameApplicationServi - Initializing application scenes
16:09:24.842 [FXGL Background Thread 1 ] DEBUG GameWorld            - Game world initialized
16:09:24.943 [FXGL Background Thread 1 ] DEBUG PhysicsWorld         - Physics world initialized: appHeight=800, physics.ppm=50.0
16:09:24.944 [FXGL Background Thread 1 ] DEBUG PhysicsWorld         - Using strategy: BRUTE_FORCE
16:09:24.951 [FXGL Background Thread 1 ] DEBUG GameScene            - Game scene initialized: 800x800
16:09:24.974 [FXGL Background Thread 1 ] DEBUG FXGL.DefaultMenu     - createMenuBodyMainMenu()
16:09:25.002 [FXGL Background Thread 1 ] DEBUG FXGL.DefaultMenu     - createOptionsMenu()
16:09:25.022 [FXGL Background Thread 1 ] DEBUG FXGLAssetLoaderServi - Loading from file system: jar:file:/C:/Users/HP/.m2/repository/com/github/almasb/fxgl/21.1/fxgl-21.1.jar!/fxglassets/textures/particles/smoke.png
16:09:25.148 [FXGL Background Thread 1 ] DEBUG FXGLAssetLoaderServi - Loading from file system: jar:file:/C:/Users/HP/.m2/repository/com/github/almasb/fxgl/21.1/fxgl-21.1.jar!/fxglassets/textures/particles/trace_horizontal.png
16:09:25.174 [FXGL Background Thread 1 ] DEBUG FXGL.DefaultMenu     - createMenuBodyGameMenu()
16:09:25.175 [FXGL Background Thread 1 ] DEBUG FXGL.DefaultMenu     - createOptionsMenu()
16:09:25.190 [FXGL Background Thread 1 ] DEBUG GameApplicationServi - Application scenes initialized
16:09:25.208 [FXGL Background Thread 1 ] DEBUG SystemBundleService  - Loading FXGL system data
16:09:25.216 [FXGL Background Thread 1 ] DEBUG FileSystemAccess     - Reading from: D:\Gonvival\system\fxgl.bundle
16:09:25.228 [FXGL Background Thread 1 ] DEBUG SystemBundleService  - Bundle FXGL: {}
16:09:25.228 [FXGL Background Thread 1 ] DEBUG UpdaterService       - Checking for updates
16:09:25.283 [FXGL Background Thread 4 ] DEBUG FXGLApplication      - Loading fonts
16:09:25.283 [FXGL Background Thread 4 ] DEBUG FXGLAssetLoaderServi - Loading from file system: jar:file:/C:/Users/HP/.m2/repository/com/github/almasb/fxgl/21.1/fxgl-21.1.jar!/fxglassets/ui/fonts/VarelaRound-Regular.ttf
16:09:25.285 [FXGL Background Thread 1 ] DEBUG FXGLApplication      - Loading default localization
16:09:25.286 [FXGL Background Thread 1 ] DEBUG FXGLAssetLoaderServi - Loading from file system: jar:file:/C:/Users/HP/.m2/repository/com/github/almasb/fxgl/21.1/fxgl-21.1.jar!/fxglassets/languages/english.lang
16:09:25.352 [FXGL Background Thread 4 ] DEBUG FXGLAssetLoaderServi - Loading from file system: jar:file:/C:/Users/HP/.m2/repository/com/github/almasb/fxgl/21.1/fxgl-21.1.jar!/fxglassets/ui/fonts/Abel-Regular.ttf
16:09:25.357 [FXGL Background Thread 1 ] INFO  FXGLApplication      - FXGL initialization took: 0.822 sec
16:09:25.360 [FXGL Background Thread 4 ] DEBUG FXGLAssetLoaderServi - Loading from file system: jar:file:/C:/Users/HP/.m2/repository/com/github/almasb/fxgl/21.1/fxgl-21.1.jar!/fxglassets/ui/fonts/TerminalLandMono-Regular.otf
16:09:25.361 [JavaFX Application Thread] DEBUG FXGLAssetLoaderServi - Loading from file system: jar:file:/C:/Users/HP/.m2/repository/com/github/almasb/fxgl/21.1/fxgl-21.1.jar!/fxglassets/textures/fxgl_icon.png
16:09:25.367 [FXGL Background Thread 4 ] DEBUG FXGLAssetLoaderServi - Loading from file system: jar:file:/C:/Users/HP/.m2/repository/com/github/almasb/fxgl/21.1/fxgl-21.1.jar!/fxglassets/ui/fonts/Courier-Prime.ttf
16:09:25.394 [JavaFX Application Thread] DEBUG FXGLAssetLoaderServi - Loading from file system: jar:file:/C:/Users/HP/.m2/repository/com/github/almasb/fxgl/21.1/fxgl-21.1.jar!/fxglassets/textures/fxgl_default_cursor.png
16:09:25.414 [JavaFX Application Thread] DEBUG Input                - Registered new binding: Screenshot - CTRL+8
16:09:25.415 [JavaFX Application Thread] DEBUG Input                - Registered new binding: Dev Options - 1
16:09:25.415 [JavaFX Application Thread] DEBUG Input                - Registered new binding: Dev Console - 2
16:09:25.416 [JavaFX Application Thread] DEBUG Input                - Registered new binding: System info dump - CTRL+9
16:09:25.416 [JavaFX Application Thread] DEBUG Input                - Registered new binding: Restart - CTRL+R
16:09:25.417 [JavaFX Application Thread] DEBUG Input                - Registered new binding: Toggle Debug Camera - CTRL+7
16:09:25.421 [JavaFX Application Thread] DEBUG LoopRunner           - Starting loop
16:09:25.446 [JavaFX Application Thread] DEBUG LoopRunner           - Initializing JavaFX AnimationTimerLoop
16:09:25.450 [JavaFX Application Thread] DEBUG Input                - Clearing active input actions
16:09:25.457 [JavaFX Application Thread] DEBUG GameApplicationServi - Removing overlay from FXGLStartupScene and adding to FXGLMainMenuDummyScene
16:09:25.464 [JavaFX Application Thread] DEBUG PrimaryStageWindow   - FXGLStartupScene -> FXGLMainMenuDummyScene
16:09:25.464 [JavaFX Application Thread] DEBUG PrimaryStageWindow   - Push state: FXGLDefaultMenu
16:09:25.474 [JavaFX Application Thread] DEBUG Input                - Clearing active input actions
16:09:25.483 [JavaFX Application Thread] DEBUG GameApplicationServi - Removing overlay from FXGLMainMenuDummyScene and adding to FXGLDefaultMenu
16:09:25.483 [JavaFX Application Thread] DEBUG PrimaryStageWindow   - FXGLMainMenuDummyScene -> FXGLDefaultMenu
16:09:25.500 [JavaFX Application Thread] DEBUG FXGLApplication      - Registering font factories with UI factory
16:09:26.416 [JavaFX Application Thread] DEBUG Menu                 - fireNewGame()
16:09:26.416 [JavaFX Application Thread] DEBUG GameApplicationServi - Starting new game
16:09:26.422 [JavaFX Application Thread] DEBUG PrimaryStageWindow   - Pop state: FXGLDefaultMenu
16:09:26.423 [JavaFX Application Thread] DEBUG Input                - Clearing active input actions
16:09:26.424 [JavaFX Application Thread] DEBUG GameApplicationServi - Removing overlay from FXGLDefaultMenu and adding to FXGLMainMenuDummyScene
16:09:26.427 [JavaFX Application Thread] DEBUG PrimaryStageWindow   - FXGLMainMenuDummyScene <- FXGLDefaultMenu
16:09:26.427 [JavaFX Application Thread] DEBUG Input                - Clearing active input actions
16:09:26.438 [JavaFX Application Thread] DEBUG GameApplicationServi - Removing overlay from FXGLMainMenuDummyScene and adding to FXGLLoadingScene
16:09:26.440 [JavaFX Application Thread] DEBUG PrimaryStageWindow   - FXGLMainMenuDummyScene -> FXGLLoadingScene
16:09:26.440 [JavaFX Application Thread] DEBUG GameApplicationServi - Clearing previous game
16:09:26.440 [JavaFX Application Thread] DEBUG GameScene            - Clearing game scene
16:09:26.441 [JavaFX Application Thread] DEBUG GameWorld            - Clearing game world
16:09:26.441 [JavaFX Application Thread] DEBUG PhysicsWorld         - Clearing physics world
16:09:26.445 [FXGL Background Thread 2 ] DEBUG FXGLApplication      - Initializing game
16:09:26.461 [FXGL Background Thread 2 ] DEBUG FXGLAssetLoaderServi - Loading from file system: file:/D:/Gonvival/game/target/classes/assets/textures/map.png
16:09:26.543 [FXGL Background Thread 2 ] DEBUG FXGLAssetLoaderServi - Loading from file system: file:/D:/Gonvival/game/target/classes/assets/textures/idle_down.png
16:09:26.552 [FXGL Background Thread 2 ] DEBUG FXGLAssetLoaderServi - Loading from file system: file:/D:/Gonvival/game/target/classes/assets/textures/idle_up.png
16:09:26.557 [FXGL Background Thread 2 ] DEBUG FXGLAssetLoaderServi - Loading from file system: file:/D:/Gonvival/game/target/classes/assets/textures/idle_left_down.png
16:09:26.562 [FXGL Background Thread 2 ] DEBUG FXGLAssetLoaderServi - Loading from file system: file:/D:/Gonvival/game/target/classes/assets/textures/idle_left_up.png
16:09:26.566 [FXGL Background Thread 2 ] DEBUG FXGLAssetLoaderServi - Loading from file system: file:/D:/Gonvival/game/target/classes/assets/textures/idle_right_down.png
16:09:26.570 [FXGL Background Thread 2 ] DEBUG FXGLAssetLoaderServi - Loading from file system: file:/D:/Gonvival/game/target/classes/assets/textures/idle_right_up.png
16:09:26.573 [FXGL Background Thread 2 ] DEBUG FXGLAssetLoaderServi - Loading from file system: file:/D:/Gonvival/game/target/classes/assets/textures/walk_left_down.png
16:09:26.576 [FXGL Background Thread 2 ] DEBUG FXGLAssetLoaderServi - Loading from file system: file:/D:/Gonvival/game/target/classes/assets/textures/walk_right_down.png
16:09:26.579 [FXGL Background Thread 2 ] DEBUG FXGLAssetLoaderServi - Loading from file system: file:/D:/Gonvival/game/target/classes/assets/textures/walk_up.png
16:09:26.584 [FXGL Background Thread 2 ] DEBUG FXGLAssetLoaderServi - Loading from file system: file:/D:/Gonvival/game/target/classes/assets/textures/walk_down.png
16:09:26.587 [FXGL Background Thread 2 ] DEBUG FXGLAssetLoaderServi - Loading from file system: file:/D:/Gonvival/game/target/classes/assets/textures/walk_left_up.png
16:09:26.591 [FXGL Background Thread 2 ] DEBUG FXGLAssetLoaderServi - Loading from file system: file:/D:/Gonvival/game/target/classes/assets/textures/walk_right_up.png
16:09:26.617 [FXGL Background Thread 2 ] INFO  FXGLApplication      - Game initialization took: 0.172 sec
16:09:26.619 [JavaFX Application Thread] DEBUG Input                - Clearing active input actions
16:09:26.627 [JavaFX Application Thread] DEBUG GameApplicationServi - Removing overlay from FXGLLoadingScene and adding to GameScene
16:09:26.632 [JavaFX Application Thread] DEBUG PrimaryStageWindow   - FXGLLoadingScene -> GameScene
16:09:26.745 [JavaFX Application Thread] DEBUG Input                - Registered new binding: SHOOT - LMB
16:09:26.745 [JavaFX Application Thread] DEBUG Input                - Registered new binding: MOVE LEFT - A
16:09:26.746 [JavaFX Application Thread] DEBUG Input                - Registered new binding: MOVE RIGHT - D
16:09:26.746 [JavaFX Application Thread] DEBUG Input                - Registered new binding: MOVE UP - W
16:09:26.746 [JavaFX Application Thread] DEBUG Input                - Registered new binding: MOVE DOWN - S
16:09:27.482 [JavaFX Application Thread] DEBUG FXGLAssetLoaderServi - Loading from file system: file:/D:/Gonvival/game/target/classes/assets/textures/evil.png
16:09:28.279 [FXGL Background Thread 3 ] DEBUG Engine               - Logging environment variables
16:09:28.282 [FXGL Background Thread 3 ] DEBUG Engine               - achievements: []
16:09:28.283 [FXGL Background Thread 3 ] DEBUG Engine               - actualHeight: 800.0
16:09:28.283 [FXGL Background Thread 3 ] DEBUG Engine               - actualHeightProperty: ReadOnlyDoubleProperty [value: 800.0]
16:09:28.283 [FXGL Background Thread 3 ] DEBUG Engine               - actualWidth: 800.0
16:09:28.283 [FXGL Background Thread 3 ] DEBUG Engine               - actualWidthProperty: ReadOnlyDoubleProperty [value: 800.0]
16:09:28.283 [FXGL Background Thread 3 ] DEBUG Engine               - appIcon: fxgl_icon.png
16:09:28.283 [FXGL Background Thread 3 ] DEBUG Engine               - applicationMode: DEVELOPER
16:09:28.283 [FXGL Background Thread 3 ] DEBUG Engine               - cSSList: [fxgl_dark.css]
16:09:28.284 [FXGL Background Thread 3 ] DEBUG Engine               - collisionDetectionStrategy: BRUTE_FORCE
16:09:28.284 [FXGL Background Thread 3 ] DEBUG Engine               - configClass: Optional.empty
16:09:28.285 [FXGL Background Thread 3 ] DEBUG Engine               - credits: []
16:09:28.287 [FXGL Background Thread 3 ] DEBUG Engine               - defaultCursor: CursorInfo(imageName=fxgl_default_cursor.png, hotspotX=7.0, hotspotY=6.0)
16:09:28.287 [FXGL Background Thread 3 ] DEBUG Engine               - devBBoxColorProperty: ObjectProperty [value: 0xff0000ff]
16:09:28.288 [FXGL Background Thread 3 ] DEBUG Engine               - devEnableDebugCameraProperty: BooleanProperty [value: false]
16:09:28.289 [FXGL Background Thread 3 ] DEBUG Engine               - devSensorColorProperty: ObjectProperty [value: 0xffff00ff]
16:09:28.289 [FXGL Background Thread 3 ] DEBUG Engine               - devShowBBoxProperty: BooleanProperty [value: false]
16:09:28.289 [FXGL Background Thread 3 ] DEBUG Engine               - devShowPositionProperty: BooleanProperty [value: false]
16:09:28.290 [FXGL Background Thread 3 ] DEBUG Engine               - enabledMenuItems: []
16:09:28.290 [FXGL Background Thread 3 ] DEBUG Engine               - engineServices: [class com.almasb.fxgl.app.services.FXGLAssetLoaderService, class com.almasb.fxgl.app.FXGLApplication$GameApplicationService, class com.almasb.fxgl.app.services.FXGLDialogService, class com.almasb.fxgl.app.services.IOTaskExecutorService, class com.almasb.fxgl.io.FileSystemService, class com.almasb.fxgl.localization.LocalizationService, class com.almasb.fxgl.app.services.SystemBundleService, class com.almasb.fxgl.profile.SaveLoadService, class com.almasb.fxgl.ui.FXGLUIFactoryServiceProvider, class com.almasb.fxgl.ui.FXGLDialogFactoryServiceProvider, class com.almasb.fxgl.audio.AudioPlayer, class com.almasb.fxgl.notification.impl.NotificationServiceProvider, class com.almasb.fxgl.achievement.AchievementService, class com.almasb.fxgl.cutscene.CutsceneService, class com.almasb.fxgl.minigames.MiniGameService, class com.almasb.fxgl.net.NetService, class com.almasb.fxgl.app.services.UpdaterService, class com.almasb.fxgl.dev.DevService]
16:09:28.290 [FXGL Background Thread 3 ] DEBUG Engine               - fontGame: Abel-Regular.ttf
16:09:28.291 [FXGL Background Thread 3 ] DEBUG Engine               - fontMono: TerminalLandMono-Regular.otf
16:09:28.291 [FXGL Background Thread 3 ] DEBUG Engine               - fontSizeScaleUI: 1.0
16:09:28.292 [FXGL Background Thread 3 ] DEBUG Engine               - fontText: Courier-Prime.ttf
16:09:28.292 [FXGL Background Thread 3 ] DEBUG Engine               - fontUI: VarelaRound-Regular.ttf
16:09:28.292 [FXGL Background Thread 3 ] DEBUG Engine               - fullScreen: BooleanProperty [value: false]
16:09:28.293 [FXGL Background Thread 3 ] DEBUG Engine               - gameDifficulty: MEDIUM
16:09:28.293 [FXGL Background Thread 3 ] DEBUG Engine               - gameDifficultyProperty: ObjectProperty [value: MEDIUM]
16:09:28.293 [FXGL Background Thread 3 ] DEBUG Engine               - globalMusicVolume: 0.5
16:09:28.294 [FXGL Background Thread 3 ] DEBUG Engine               - globalMusicVolumeProperty: DoubleProperty [value: 0.5]
16:09:28.295 [FXGL Background Thread 3 ] DEBUG Engine               - globalSoundVolume: 0.5
16:09:28.295 [FXGL Background Thread 3 ] DEBUG Engine               - globalSoundVolumeProperty: DoubleProperty [value: 0.5]
16:09:28.295 [FXGL Background Thread 3 ] DEBUG Engine               - height: 800
16:09:28.295 [FXGL Background Thread 3 ] DEBUG Engine               - is3D: false
16:09:28.295 [FXGL Background Thread 3 ] DEBUG Engine               - isAndroid: false
16:09:28.295 [FXGL Background Thread 3 ] DEBUG Engine               - isBrowser: false
16:09:28.296 [FXGL Background Thread 3 ] DEBUG Engine               - isClickFeedbackEnabled: false
16:09:28.296 [FXGL Background Thread 3 ] DEBUG Engine               - isCloseConfirmation: false
16:09:28.296 [FXGL Background Thread 3 ] DEBUG Engine               - isDesktop: true
16:09:28.296 [FXGL Background Thread 3 ] DEBUG Engine               - isDeveloperMenuEnabled: true
16:09:28.296 [FXGL Background Thread 3 ] DEBUG Engine               - isEmbedded: false
16:09:28.297 [FXGL Background Thread 3 ] DEBUG Engine               - isEntityPreloadEnabled: true
16:09:28.297 [FXGL Background Thread 3 ] DEBUG Engine               - isExperimentalTiledLargeMap: false
16:09:28.297 [FXGL Background Thread 3 ] DEBUG Engine               - isFileSystemWriteAllowed: true
16:09:28.297 [FXGL Background Thread 3 ] DEBUG Engine               - isFullScreenAllowed: false
16:09:28.297 [FXGL Background Thread 3 ] DEBUG Engine               - isFullScreenFromStart: false
16:09:28.298 [FXGL Background Thread 3 ] DEBUG Engine               - isGameMenuEnabled: true
16:09:28.298 [FXGL Background Thread 3 ] DEBUG Engine               - isIOS: false
16:09:28.298 [FXGL Background Thread 3 ] DEBUG Engine               - isIntroEnabled: false
16:09:28.298 [FXGL Background Thread 3 ] DEBUG Engine               - isLinux: false
16:09:28.298 [FXGL Background Thread 3 ] DEBUG Engine               - isMac: false
16:09:28.298 [FXGL Background Thread 3 ] DEBUG Engine               - isMainMenuEnabled: true
16:09:28.300 [FXGL Background Thread 3 ] DEBUG Engine               - isManualResizeEnabled: false
16:09:28.300 [FXGL Background Thread 3 ] DEBUG Engine               - isMobile: false
16:09:28.300 [FXGL Background Thread 3 ] DEBUG Engine               - isNative: false
16:09:28.300 [FXGL Background Thread 3 ] DEBUG Engine               - isPauseMusicWhenMinimized: true
16:09:28.300 [FXGL Background Thread 3 ] DEBUG Engine               - isPreserveResizeRatio: false
16:09:28.300 [FXGL Background Thread 3 ] DEBUG Engine               - isProfilingEnabled: false
16:09:28.301 [FXGL Background Thread 3 ] DEBUG Engine               - isScaleAffectedOnResize: true
16:09:28.301 [FXGL Background Thread 3 ] DEBUG Engine               - isSingleStep: false
16:09:28.301 [FXGL Background Thread 3 ] DEBUG Engine               - isUserProfileEnabled: false
16:09:28.302 [FXGL Background Thread 3 ] DEBUG Engine               - isWindows: true
16:09:28.302 [FXGL Background Thread 3 ] DEBUG Engine               - language: ObjectProperty [value: ENGLISH]
16:09:28.302 [FXGL Background Thread 3 ] DEBUG Engine               - menuKey: ESCAPE
16:09:28.302 [FXGL Background Thread 3 ] DEBUG Engine               - mouseSensitivity: 0.2
16:09:28.303 [FXGL Background Thread 3 ] DEBUG Engine               - notificationViewClass: class com.almasb.fxgl.notification.view.XboxNotificationView
16:09:28.303 [FXGL Background Thread 3 ] DEBUG Engine               - pixelsPerMeter: 50.0
16:09:28.303 [FXGL Background Thread 3 ] DEBUG Engine               - platform: WINDOWS
16:09:28.303 [FXGL Background Thread 3 ] DEBUG Engine               - prefHeightProperty: ReadOnlyDoubleProperty [value: 800.0]
16:09:28.304 [FXGL Background Thread 3 ] DEBUG Engine               - prefWidthProperty: ReadOnlyDoubleProperty [value: 800.0]
16:09:28.304 [FXGL Background Thread 3 ] DEBUG Engine               - profileDir: profiles/
16:09:28.304 [FXGL Background Thread 3 ] DEBUG Engine               - profileName: StringProperty [value: DEFAULT]
16:09:28.304 [FXGL Background Thread 3 ] DEBUG Engine               - randomSeed: -1
16:09:28.305 [FXGL Background Thread 3 ] DEBUG Engine               - runtimeInfo: RuntimeInfo(platform=WINDOWS, version=21.1, build=27.03.2024 07.52)
16:09:28.305 [FXGL Background Thread 3 ] DEBUG Engine               - saveFileExt: sav
16:09:28.306 [FXGL Background Thread 3 ] DEBUG Engine               - scaledHeightProp$fxgl: DoubleProperty [bound, value: 800.0]
16:09:28.306 [FXGL Background Thread 3 ] DEBUG Engine               - scaledWidthProp$fxgl: DoubleProperty [bound, value: 800.0]
16:09:28.306 [FXGL Background Thread 3 ] DEBUG Engine               - sceneFactory: com.almasb.fxgl.app.scene.SceneFactory@757d9ddb
16:09:28.306 [FXGL Background Thread 3 ] DEBUG Engine               - secondsIn24h: 60
16:09:28.306 [FXGL Background Thread 3 ] DEBUG Engine               - soundMenuBack: menu/back.wav
16:09:28.306 [FXGL Background Thread 3 ] DEBUG Engine               - soundMenuPress: menu/press.wav
16:09:28.306 [FXGL Background Thread 3 ] DEBUG Engine               - soundMenuSelect: menu/select.wav
16:09:28.307 [FXGL Background Thread 3 ] DEBUG Engine               - soundNotification: core/notification.wav
16:09:28.307 [FXGL Background Thread 3 ] DEBUG Engine               - stageStyle: DECORATED
16:09:28.307 [FXGL Background Thread 3 ] DEBUG Engine               - supportedLanguages: [ENGLISH, FRENCH, GERMAN, HUNGARIAN, RUSSIAN]
16:09:28.307 [FXGL Background Thread 3 ] DEBUG Engine               - ticksPerSecond: -1
16:09:28.307 [FXGL Background Thread 3 ] DEBUG Engine               - title: Gonvival
16:09:28.307 [FXGL Background Thread 3 ] DEBUG Engine               - urlGithub: https://github.com/AlmasB/FXGL
16:09:28.307 [FXGL Background Thread 3 ] DEBUG Engine               - urlLeaderboard: http://fxgl-top.herokuapp.com/
16:09:28.307 [FXGL Background Thread 3 ] DEBUG Engine               - urlPOM: https://raw.githubusercontent.com/AlmasB/FXGL/release/README.md
16:09:28.307 [FXGL Background Thread 3 ] DEBUG Engine               - userAppClass: class com.lab.App
16:09:28.307 [FXGL Background Thread 3 ] DEBUG Engine               - version: beta
16:09:28.307 [FXGL Background Thread 3 ] DEBUG Engine               - versionCheckDays: 7
16:09:28.307 [FXGL Background Thread 3 ] DEBUG Engine               - width: 800
16:09:28.307 [FXGL Background Thread 3 ] DEBUG Engine               - Logging services
16:09:28.307 [FXGL Background Thread 3 ] DEBUG Engine               - class com.almasb.fxgl.app.services.FXGLAssetLoaderService
16:09:28.307 [FXGL Background Thread 3 ] DEBUG Engine               - class com.almasb.fxgl.app.FXGLApplication$GameApplicationService
16:09:28.307 [FXGL Background Thread 3 ] DEBUG Engine               - class com.almasb.fxgl.app.services.FXGLDialogService
16:09:28.307 [FXGL Background Thread 3 ] DEBUG Engine               - class com.almasb.fxgl.app.services.IOTaskExecutorService
16:09:28.309 [FXGL Background Thread 3 ] DEBUG Engine               - class com.almasb.fxgl.io.FileSystemService
16:09:28.309 [FXGL Background Thread 3 ] DEBUG Engine               - class com.almasb.fxgl.localization.LocalizationService
16:09:28.309 [FXGL Background Thread 3 ] DEBUG Engine               - class com.almasb.fxgl.app.services.SystemBundleService
16:09:28.309 [FXGL Background Thread 3 ] DEBUG Engine               - class com.almasb.fxgl.profile.SaveLoadService
16:09:28.309 [FXGL Background Thread 3 ] DEBUG Engine               - class com.almasb.fxgl.ui.FXGLUIFactoryServiceProvider
16:09:28.309 [FXGL Background Thread 3 ] DEBUG Engine               - class com.almasb.fxgl.ui.FXGLDialogFactoryServiceProvider
16:09:28.309 [FXGL Background Thread 3 ] DEBUG Engine               - class com.almasb.fxgl.audio.AudioPlayer
16:09:28.310 [FXGL Background Thread 3 ] DEBUG Engine               - class com.almasb.fxgl.notification.impl.NotificationServiceProvider
16:09:28.310 [FXGL Background Thread 3 ] DEBUG Engine               - class com.almasb.fxgl.achievement.AchievementService
16:09:28.310 [FXGL Background Thread 3 ] DEBUG Engine               - class com.almasb.fxgl.cutscene.CutsceneService
16:09:28.310 [FXGL Background Thread 3 ] DEBUG Engine               - class com.almasb.fxgl.minigames.MiniGameService
16:09:28.310 [FXGL Background Thread 3 ] DEBUG Engine               - class com.almasb.fxgl.net.NetService
16:09:28.310 [FXGL Background Thread 3 ] DEBUG Engine               - class com.almasb.fxgl.app.services.UpdaterService
16:09:28.310 [FXGL Background Thread 3 ] DEBUG Engine               - class com.almasb.fxgl.dev.DevService
16:09:29.057 [JavaFX Application Thread] DEBUG FXGLAssetLoaderServi - Loading from file system: file:/D:/Gonvival/game/target/classes/assets/textures/arrow.png
16:09:41.331 [JavaFX Application Thread] DEBUG PrimaryStageWindow   - Push state: DialogSubScene
16:09:41.331 [JavaFX Application Thread] DEBUG Input                - Clearing active input actions
16:09:41.332 [JavaFX Application Thread] DEBUG GameApplicationServi - Removing overlay from GameScene and adding to DialogSubScene
16:09:41.333 [JavaFX Application Thread] DEBUG PrimaryStageWindow   - GameScene -> DialogSubScene
16:09:42.509 [JavaFX Application Thread] DEBUG FXGLApplication      - Exiting FXGL
16:09:42.509 [JavaFX Application Thread] DEBUG LoopRunner           - Stopping loop
16:09:42.509 [JavaFX Application Thread] DEBUG SystemBundleService  - Saving FXGL system data
16:09:42.512 [JavaFX Application Thread] DEBUG FileSystemAccess     - Writing to: D:\Gonvival\system\fxgl.bundle
16:09:42.515 [JavaFX Application Thread] DEBUG Async                - Shutting down background threads
16:09:42.515 [JavaFX Application Thread] DEBUG PrimaryStageWindow   - Closing main window
16:09:42.560 [JavaFX Application Thread] DEBUG Logger               - Closing Logger
