03:28:03.568 [main                     ] DEBUG Logger               - Configured Logger
03:28:03.593 [main                     ] DEBUG GameApplication      - Logging settings
Title: Gonvival
Version: beta
Width: 800
Height: 800
Fullscreen: false
Intro: false
Profiling: false
Single step:false
App Mode: DEVELOPER
Menu Key: ESCAPE
Stage Style: DECORATED
Scene Factory: class com.almasb.fxgl.app.scene.SceneFactory

03:28:04.916 [JavaFX Application Thread] DEBUG FXGLApplication      - Initializing FXGL
03:28:04.922 [JavaFX Application Thread] INFO  Engine               - FXGL-21.1 (27.03.2024 07.52) on WINDOWS (J:21.0.5 FX:21.0.1)
03:28:04.923 [JavaFX Application Thread] DEBUG Engine               - JRE Vendor Name: Eclipse Adoptium
03:28:04.923 [JavaFX Application Thread] DEBUG Engine               - Running on OS: Windows 11 version 10.0
03:28:04.924 [JavaFX Application Thread] DEBUG Engine               - Architecture: amd64
03:28:04.924 [JavaFX Application Thread] INFO  Engine               - Source code and latest versions at: https://github.com/AlmasB/FXGL
03:28:04.924 [JavaFX Application Thread] INFO  Engine               -       Ask questions and discuss at: https://github.com/AlmasB/FXGL/discussions
03:28:04.924 [JavaFX Application Thread] INFO  Engine               -              Join the FXGL chat at: https://gitter.im/AlmasB/FXGL
03:28:05.062 [JavaFX Application Thread] DEBUG PrimaryStageWindow   - Creating a JavaFX scene
03:28:05.124 [JavaFX Application Thread] DEBUG PrimaryStageWindow   - Target settings size: 800.0 x 800.0
03:28:05.125 [JavaFX Application Thread] DEBUG PrimaryStageWindow   - Scaled scene size:    800.0 x 800.0
03:28:05.125 [JavaFX Application Thread] DEBUG PrimaryStageWindow   - Scaled ratio: (1.0, 1.0)
03:28:05.127 [JavaFX Application Thread] DEBUG PrimaryStageWindow   - Set initial scene to FXGLStartupScene
03:28:05.131 [JavaFX Application Thread] DEBUG PrimaryStageWindow   - Opening main window
03:28:05.320 [JavaFX Application Thread] DEBUG PrimaryStageWindow   - Window border size: (14.4000244140625, 37.5999755859375)
03:28:05.320 [JavaFX Application Thread] DEBUG PrimaryStageWindow   - Scaled size: 800.0 x 800.0
03:28:05.320 [JavaFX Application Thread] DEBUG PrimaryStageWindow   - Scaled ratio: (1.0, 1.0)
03:28:05.321 [JavaFX Application Thread] DEBUG PrimaryStageWindow   - Scene size: 800.0 x 800.0
03:28:05.321 [JavaFX Application Thread] DEBUG PrimaryStageWindow   - Stage size: 814.4000244140625 x 837.5999755859375
03:28:05.334 [FXGL Background Thread 1 ] DEBUG Engine               - Initializing environment variables
03:28:05.444 [FXGL Background Thread 1 ] DEBUG FXGLAssetLoaderServi - User app class for loading assets: class com.lab.App
03:28:05.444 [FXGL Background Thread 1 ] DEBUG GameApplicationServi - Applying CSS: fxgl_dark.css
03:28:05.445 [FXGL Background Thread 1 ] DEBUG FXGLAssetLoaderServi - Loading from file system: jar:file:/C:/Users/HP/.m2/repository/com/github/almasb/fxgl/21.1/fxgl-21.1.jar!/fxglassets/ui/css/fxgl_dark.css
03:28:05.513 [FXGL Background Thread 1 ] DEBUG GameApplicationServi - Initializing application scenes
03:28:05.611 [FXGL Background Thread 1 ] DEBUG GameWorld            - Game world initialized
03:28:05.725 [FXGL Background Thread 1 ] DEBUG PhysicsWorld         - Physics world initialized: appHeight=800, physics.ppm=50.0
03:28:05.725 [FXGL Background Thread 1 ] DEBUG PhysicsWorld         - Using strategy: BRUTE_FORCE
03:28:05.730 [FXGL Background Thread 1 ] DEBUG GameScene            - Game scene initialized: 800x800
03:28:05.749 [FXGL Background Thread 1 ] DEBUG FXGL.DefaultMenu     - createMenuBodyMainMenu()
03:28:05.795 [FXGL Background Thread 1 ] DEBUG FXGL.DefaultMenu     - createOptionsMenu()
03:28:05.843 [FXGL Background Thread 1 ] DEBUG FXGLAssetLoaderServi - Loading from file system: jar:file:/C:/Users/HP/.m2/repository/com/github/almasb/fxgl/21.1/fxgl-21.1.jar!/fxglassets/textures/particles/smoke.png
03:28:06.018 [FXGL Background Thread 1 ] DEBUG FXGLAssetLoaderServi - Loading from file system: jar:file:/C:/Users/HP/.m2/repository/com/github/almasb/fxgl/21.1/fxgl-21.1.jar!/fxglassets/textures/particles/trace_horizontal.png
03:28:06.043 [FXGL Background Thread 1 ] DEBUG FXGL.DefaultMenu     - createMenuBodyGameMenu()
03:28:06.044 [FXGL Background Thread 1 ] DEBUG FXGL.DefaultMenu     - createOptionsMenu()
03:28:06.056 [FXGL Background Thread 1 ] DEBUG GameApplicationServi - Application scenes initialized
03:28:06.075 [FXGL Background Thread 1 ] DEBUG SystemBundleService  - Loading FXGL system data
03:28:06.083 [FXGL Background Thread 1 ] DEBUG FileSystemAccess     - Reading from: D:\Gonvival\system\fxgl.bundle
03:28:06.097 [FXGL Background Thread 1 ] DEBUG SystemBundleService  - Bundle FXGL: {}
03:28:06.097 [FXGL Background Thread 1 ] DEBUG UpdaterService       - Checking for updates
03:28:06.105 [FXGL Background Thread 4 ] DEBUG FXGLApplication      - Loading fonts
03:28:06.106 [FXGL Background Thread 4 ] DEBUG FXGLAssetLoaderServi - Loading from file system: jar:file:/C:/Users/HP/.m2/repository/com/github/almasb/fxgl/21.1/fxgl-21.1.jar!/fxglassets/ui/fonts/VarelaRound-Regular.ttf
03:28:06.108 [FXGL Background Thread 1 ] DEBUG FXGLApplication      - Loading default localization
03:28:06.109 [FXGL Background Thread 1 ] DEBUG FXGLAssetLoaderServi - Loading from file system: jar:file:/C:/Users/HP/.m2/repository/com/github/almasb/fxgl/21.1/fxgl-21.1.jar!/fxglassets/languages/english.lang
03:28:06.211 [FXGL Background Thread 4 ] DEBUG FXGLAssetLoaderServi - Loading from file system: jar:file:/C:/Users/HP/.m2/repository/com/github/almasb/fxgl/21.1/fxgl-21.1.jar!/fxglassets/ui/fonts/Abel-Regular.ttf
03:28:06.216 [FXGL Background Thread 4 ] DEBUG FXGLAssetLoaderServi - Loading from file system: jar:file:/C:/Users/HP/.m2/repository/com/github/almasb/fxgl/21.1/fxgl-21.1.jar!/fxglassets/ui/fonts/TerminalLandMono-Regular.otf
03:28:06.224 [FXGL Background Thread 1 ] INFO  FXGLApplication      - FXGL initialization took: 0.890 sec
03:28:06.225 [FXGL Background Thread 4 ] DEBUG FXGLAssetLoaderServi - Loading from file system: jar:file:/C:/Users/HP/.m2/repository/com/github/almasb/fxgl/21.1/fxgl-21.1.jar!/fxglassets/ui/fonts/Courier-Prime.ttf
03:28:06.226 [JavaFX Application Thread] DEBUG FXGLAssetLoaderServi - Loading from file system: jar:file:/C:/Users/HP/.m2/repository/com/github/almasb/fxgl/21.1/fxgl-21.1.jar!/fxglassets/textures/fxgl_icon.png
03:28:06.273 [JavaFX Application Thread] DEBUG FXGLAssetLoaderServi - Loading from file system: jar:file:/C:/Users/HP/.m2/repository/com/github/almasb/fxgl/21.1/fxgl-21.1.jar!/fxglassets/textures/fxgl_default_cursor.png
03:28:06.294 [JavaFX Application Thread] DEBUG Input                - Registered new binding: Screenshot - CTRL+8
03:28:06.296 [JavaFX Application Thread] DEBUG Input                - Registered new binding: System info dump - CTRL+9
03:28:06.297 [JavaFX Application Thread] DEBUG Input                - Registered new binding: Restart - CTRL+R
03:28:06.299 [JavaFX Application Thread] DEBUG Input                - Registered new binding: Toggle Debug Camera - CTRL+7
03:28:06.308 [JavaFX Application Thread] DEBUG LoopRunner           - Starting loop
03:28:06.309 [JavaFX Application Thread] DEBUG LoopRunner           - Initializing JavaFX AnimationTimerLoop
03:28:06.313 [JavaFX Application Thread] DEBUG Input                - Clearing active input actions
03:28:06.323 [JavaFX Application Thread] DEBUG GameApplicationServi - Removing overlay from FXGLStartupScene and adding to FXGLMainMenuDummyScene
03:28:06.324 [JavaFX Application Thread] DEBUG PrimaryStageWindow   - FXGLStartupScene -> FXGLMainMenuDummyScene
03:28:06.324 [JavaFX Application Thread] DEBUG PrimaryStageWindow   - Push state: FXGLDefaultMenu
03:28:06.342 [JavaFX Application Thread] DEBUG Input                - Clearing active input actions
03:28:06.358 [JavaFX Application Thread] DEBUG GameApplicationServi - Removing overlay from FXGLMainMenuDummyScene and adding to FXGLDefaultMenu
03:28:06.359 [JavaFX Application Thread] DEBUG PrimaryStageWindow   - FXGLMainMenuDummyScene -> FXGLDefaultMenu
03:28:06.359 [JavaFX Application Thread] DEBUG FXGLApplication      - Registering font factories with UI factory
03:28:08.880 [JavaFX Application Thread] DEBUG Menu                 - fireNewGame()
03:28:08.880 [JavaFX Application Thread] DEBUG GameApplicationServi - Starting new game
03:28:08.885 [JavaFX Application Thread] DEBUG PrimaryStageWindow   - Pop state: FXGLDefaultMenu
03:28:08.885 [JavaFX Application Thread] DEBUG Input                - Clearing active input actions
03:28:08.888 [JavaFX Application Thread] DEBUG GameApplicationServi - Removing overlay from FXGLDefaultMenu and adding to FXGLMainMenuDummyScene
03:28:08.889 [JavaFX Application Thread] DEBUG PrimaryStageWindow   - FXGLMainMenuDummyScene <- FXGLDefaultMenu
03:28:08.890 [JavaFX Application Thread] DEBUG Input                - Clearing active input actions
03:28:08.904 [JavaFX Application Thread] DEBUG GameApplicationServi - Removing overlay from FXGLMainMenuDummyScene and adding to FXGLLoadingScene
03:28:08.905 [JavaFX Application Thread] DEBUG PrimaryStageWindow   - FXGLMainMenuDummyScene -> FXGLLoadingScene
03:28:08.905 [JavaFX Application Thread] DEBUG GameApplicationServi - Clearing previous game
03:28:08.905 [JavaFX Application Thread] DEBUG GameScene            - Clearing game scene
03:28:08.905 [JavaFX Application Thread] DEBUG GameWorld            - Clearing game world
03:28:08.905 [JavaFX Application Thread] DEBUG PhysicsWorld         - Clearing physics world
03:28:08.908 [FXGL Background Thread 2 ] DEBUG FXGLApplication      - Initializing game
03:28:08.917 [FXGL Background Thread 2 ] DEBUG FXGLAssetLoaderServi - Loading from file system: file:/D:/Gonvival/game/target/classes/assets/textures/map.png
03:28:08.980 [FXGL Background Thread 2 ] DEBUG FXGLAssetLoaderServi - Loading from file system: file:/D:/Gonvival/game/target/classes/assets/textures/idle.png
03:28:08.993 [FXGL Background Thread 2 ] DEBUG FXGLAssetLoaderServi - Loading from file system: file:/D:/Gonvival/game/target/classes/assets/textures/walk_left_down.png
03:28:08.996 [FXGL Background Thread 2 ] DEBUG FXGLAssetLoaderServi - Loading from file system: file:/D:/Gonvival/game/target/classes/assets/textures/walk_right_down.png
03:28:09.000 [FXGL Background Thread 2 ] DEBUG FXGLAssetLoaderServi - Loading from file system: file:/D:/Gonvival/game/target/classes/assets/textures/walk_up.png
03:28:09.002 [FXGL Background Thread 2 ] DEBUG FXGLAssetLoaderServi - Loading from file system: file:/D:/Gonvival/game/target/classes/assets/textures/walk_down.png
03:28:09.004 [FXGL Background Thread 2 ] DEBUG FXGLAssetLoaderServi - Loading from file system: file:/D:/Gonvival/game/target/classes/assets/textures/walk_left_up.png
03:28:09.008 [FXGL Background Thread 2 ] DEBUG FXGLAssetLoaderServi - Loading from file system: file:/D:/Gonvival/game/target/classes/assets/textures/walk_right_up.png
03:28:09.019 [FXGL Background Thread 2 ] INFO  FXGLApplication      - Game initialization took: 0.111 sec
03:28:09.020 [JavaFX Application Thread] DEBUG Input                - Clearing active input actions
03:28:09.026 [JavaFX Application Thread] DEBUG GameApplicationServi - Removing overlay from FXGLLoadingScene and adding to GameScene
03:28:09.027 [JavaFX Application Thread] DEBUG PrimaryStageWindow   - FXGLLoadingScene -> GameScene
03:28:09.105 [FXGL Background Thread 3 ] DEBUG Engine               - Logging environment variables
03:28:09.105 [FXGL Background Thread 3 ] DEBUG Engine               - achievements: []
03:28:09.106 [FXGL Background Thread 3 ] DEBUG Engine               - actualHeight: 800.0
03:28:09.106 [FXGL Background Thread 3 ] DEBUG Engine               - actualHeightProperty: ReadOnlyDoubleProperty [value: 800.0]
03:28:09.107 [FXGL Background Thread 3 ] DEBUG Engine               - actualWidth: 800.0
03:28:09.107 [FXGL Background Thread 3 ] DEBUG Engine               - actualWidthProperty: ReadOnlyDoubleProperty [value: 800.0]
03:28:09.108 [FXGL Background Thread 3 ] DEBUG Engine               - appIcon: fxgl_icon.png
03:28:09.108 [FXGL Background Thread 3 ] DEBUG Engine               - applicationMode: DEVELOPER
03:28:09.108 [FXGL Background Thread 3 ] DEBUG Engine               - cSSList: [fxgl_dark.css]
03:28:09.109 [FXGL Background Thread 3 ] DEBUG Engine               - collisionDetectionStrategy: BRUTE_FORCE
03:28:09.109 [FXGL Background Thread 3 ] DEBUG Engine               - configClass: Optional.empty
03:28:09.109 [FXGL Background Thread 3 ] DEBUG Engine               - credits: []
03:28:09.112 [FXGL Background Thread 3 ] DEBUG Engine               - defaultCursor: CursorInfo(imageName=fxgl_default_cursor.png, hotspotX=7.0, hotspotY=6.0)
03:28:09.113 [FXGL Background Thread 3 ] DEBUG Engine               - devBBoxColorProperty: ObjectProperty [value: 0xff0000ff]
03:28:09.113 [FXGL Background Thread 3 ] DEBUG Engine               - devEnableDebugCameraProperty: BooleanProperty [value: false]
03:28:09.114 [FXGL Background Thread 3 ] DEBUG Engine               - devSensorColorProperty: ObjectProperty [value: 0xffff00ff]
03:28:09.114 [FXGL Background Thread 3 ] DEBUG Engine               - devShowBBoxProperty: BooleanProperty [value: false]
03:28:09.114 [FXGL Background Thread 3 ] DEBUG Engine               - devShowPositionProperty: BooleanProperty [value: false]
03:28:09.114 [FXGL Background Thread 3 ] DEBUG Engine               - enabledMenuItems: []
03:28:09.114 [FXGL Background Thread 3 ] DEBUG Engine               - engineServices: [class com.almasb.fxgl.app.services.FXGLAssetLoaderService, class com.almasb.fxgl.app.FXGLApplication$GameApplicationService, class com.almasb.fxgl.app.services.FXGLDialogService, class com.almasb.fxgl.app.services.IOTaskExecutorService, class com.almasb.fxgl.io.FileSystemService, class com.almasb.fxgl.localization.LocalizationService, class com.almasb.fxgl.app.services.SystemBundleService, class com.almasb.fxgl.profile.SaveLoadService, class com.almasb.fxgl.ui.FXGLUIFactoryServiceProvider, class com.almasb.fxgl.ui.FXGLDialogFactoryServiceProvider, class com.almasb.fxgl.audio.AudioPlayer, class com.almasb.fxgl.notification.impl.NotificationServiceProvider, class com.almasb.fxgl.achievement.AchievementService, class com.almasb.fxgl.cutscene.CutsceneService, class com.almasb.fxgl.minigames.MiniGameService, class com.almasb.fxgl.net.NetService, class com.almasb.fxgl.app.services.UpdaterService, class com.almasb.fxgl.dev.DevService]
03:28:09.115 [FXGL Background Thread 3 ] DEBUG Engine               - fontGame: Abel-Regular.ttf
03:28:09.115 [FXGL Background Thread 3 ] DEBUG Engine               - fontMono: TerminalLandMono-Regular.otf
03:28:09.115 [FXGL Background Thread 3 ] DEBUG Engine               - fontSizeScaleUI: 1.0
03:28:09.115 [FXGL Background Thread 3 ] DEBUG Engine               - fontText: Courier-Prime.ttf
03:28:09.115 [FXGL Background Thread 3 ] DEBUG Engine               - fontUI: VarelaRound-Regular.ttf
03:28:09.115 [FXGL Background Thread 3 ] DEBUG Engine               - fullScreen: BooleanProperty [value: false]
03:28:09.115 [FXGL Background Thread 3 ] DEBUG Engine               - gameDifficulty: MEDIUM
03:28:09.115 [FXGL Background Thread 3 ] DEBUG Engine               - gameDifficultyProperty: ObjectProperty [value: MEDIUM]
03:28:09.116 [FXGL Background Thread 3 ] DEBUG Engine               - globalMusicVolume: 0.5
03:28:09.116 [FXGL Background Thread 3 ] DEBUG Engine               - globalMusicVolumeProperty: DoubleProperty [value: 0.5]
03:28:09.117 [FXGL Background Thread 3 ] DEBUG Engine               - globalSoundVolume: 0.5
03:28:09.117 [FXGL Background Thread 3 ] DEBUG Engine               - globalSoundVolumeProperty: DoubleProperty [value: 0.5]
03:28:09.118 [FXGL Background Thread 3 ] DEBUG Engine               - height: 800
03:28:09.118 [JavaFX Application Thread] DEBUG Input                - Registered new binding: SHOOT - LMB
03:28:09.118 [FXGL Background Thread 3 ] DEBUG Engine               - is3D: false
03:28:09.120 [FXGL Background Thread 3 ] DEBUG Engine               - isAndroid: false
03:28:09.120 [FXGL Background Thread 3 ] DEBUG Engine               - isBrowser: false
03:28:09.121 [FXGL Background Thread 3 ] DEBUG Engine               - isClickFeedbackEnabled: false
03:28:09.121 [FXGL Background Thread 3 ] DEBUG Engine               - isCloseConfirmation: false
03:28:09.122 [FXGL Background Thread 3 ] DEBUG Engine               - isDesktop: true
03:28:09.122 [JavaFX Application Thread] DEBUG Input                - Registered new binding: MOVE LEFT - A
03:28:09.123 [FXGL Background Thread 3 ] DEBUG Engine               - isDeveloperMenuEnabled: false
03:28:09.123 [FXGL Background Thread 3 ] DEBUG Engine               - isEmbedded: false
03:28:09.123 [FXGL Background Thread 3 ] DEBUG Engine               - isEntityPreloadEnabled: true
03:28:09.124 [FXGL Background Thread 3 ] DEBUG Engine               - isExperimentalTiledLargeMap: false
03:28:09.124 [FXGL Background Thread 3 ] DEBUG Engine               - isFileSystemWriteAllowed: true
03:28:09.124 [FXGL Background Thread 3 ] DEBUG Engine               - isFullScreenAllowed: false
03:28:09.124 [FXGL Background Thread 3 ] DEBUG Engine               - isFullScreenFromStart: false
03:28:09.124 [FXGL Background Thread 3 ] DEBUG Engine               - isGameMenuEnabled: true
03:28:09.124 [FXGL Background Thread 3 ] DEBUG Engine               - isIOS: false
03:28:09.124 [JavaFX Application Thread] DEBUG Input                - Registered new binding: MOVE RIGHT - D
03:28:09.126 [FXGL Background Thread 3 ] DEBUG Engine               - isIntroEnabled: false
03:28:09.126 [FXGL Background Thread 3 ] DEBUG Engine               - isLinux: false
03:28:09.126 [FXGL Background Thread 3 ] DEBUG Engine               - isMac: false
03:28:09.126 [FXGL Background Thread 3 ] DEBUG Engine               - isMainMenuEnabled: true
03:28:09.127 [FXGL Background Thread 3 ] DEBUG Engine               - isManualResizeEnabled: false
03:28:09.127 [FXGL Background Thread 3 ] DEBUG Engine               - isMobile: false
03:28:09.128 [FXGL Background Thread 3 ] DEBUG Engine               - isNative: false
03:28:09.128 [JavaFX Application Thread] DEBUG Input                - Registered new binding: MOVE UP - W
03:28:09.128 [FXGL Background Thread 3 ] DEBUG Engine               - isPauseMusicWhenMinimized: true
03:28:09.128 [FXGL Background Thread 3 ] DEBUG Engine               - isPreserveResizeRatio: false
03:28:09.128 [FXGL Background Thread 3 ] DEBUG Engine               - isProfilingEnabled: false
03:28:09.129 [FXGL Background Thread 3 ] DEBUG Engine               - isScaleAffectedOnResize: true
03:28:09.129 [FXGL Background Thread 3 ] DEBUG Engine               - isSingleStep: false
03:28:09.129 [FXGL Background Thread 3 ] DEBUG Engine               - isUserProfileEnabled: false
03:28:09.129 [FXGL Background Thread 3 ] DEBUG Engine               - isWindows: true
03:28:09.129 [FXGL Background Thread 3 ] DEBUG Engine               - language: ObjectProperty [value: ENGLISH]
03:28:09.129 [FXGL Background Thread 3 ] DEBUG Engine               - menuKey: ESCAPE
03:28:09.130 [JavaFX Application Thread] DEBUG Input                - Registered new binding: MOVE DOWN - S
03:28:09.130 [FXGL Background Thread 3 ] DEBUG Engine               - mouseSensitivity: 0.2
03:28:09.130 [FXGL Background Thread 3 ] DEBUG Engine               - notificationViewClass: class com.almasb.fxgl.notification.view.XboxNotificationView
03:28:09.130 [FXGL Background Thread 3 ] DEBUG Engine               - pixelsPerMeter: 50.0
03:28:09.131 [FXGL Background Thread 3 ] DEBUG Engine               - platform: WINDOWS
03:28:09.131 [FXGL Background Thread 3 ] DEBUG Engine               - prefHeightProperty: ReadOnlyDoubleProperty [value: 800.0]
03:28:09.131 [FXGL Background Thread 3 ] DEBUG Engine               - prefWidthProperty: ReadOnlyDoubleProperty [value: 800.0]
03:28:09.131 [FXGL Background Thread 3 ] DEBUG Engine               - profileDir: profiles/
03:28:09.132 [FXGL Background Thread 3 ] DEBUG Engine               - profileName: StringProperty [value: DEFAULT]
03:28:09.132 [FXGL Background Thread 3 ] DEBUG Engine               - randomSeed: -1
03:28:09.133 [FXGL Background Thread 3 ] DEBUG Engine               - runtimeInfo: RuntimeInfo(platform=WINDOWS, version=21.1, build=27.03.2024 07.52)
03:28:09.134 [FXGL Background Thread 3 ] DEBUG Engine               - saveFileExt: sav
03:28:09.134 [FXGL Background Thread 3 ] DEBUG Engine               - scaledHeightProp$fxgl: DoubleProperty [bound, value: 800.0]
03:28:09.134 [FXGL Background Thread 3 ] DEBUG Engine               - scaledWidthProp$fxgl: DoubleProperty [bound, value: 800.0]
03:28:09.135 [FXGL Background Thread 3 ] DEBUG Engine               - sceneFactory: com.almasb.fxgl.app.scene.SceneFactory@517e02be
03:28:09.135 [FXGL Background Thread 3 ] DEBUG Engine               - secondsIn24h: 60
03:28:09.135 [FXGL Background Thread 3 ] DEBUG Engine               - soundMenuBack: menu/back.wav
03:28:09.135 [FXGL Background Thread 3 ] DEBUG Engine               - soundMenuPress: menu/press.wav
03:28:09.135 [FXGL Background Thread 3 ] DEBUG Engine               - soundMenuSelect: menu/select.wav
03:28:09.135 [FXGL Background Thread 3 ] DEBUG Engine               - soundNotification: core/notification.wav
03:28:09.136 [FXGL Background Thread 3 ] DEBUG Engine               - stageStyle: DECORATED
03:28:09.136 [FXGL Background Thread 3 ] DEBUG Engine               - supportedLanguages: [ENGLISH, FRENCH, GERMAN, HUNGARIAN, RUSSIAN]
03:28:09.136 [FXGL Background Thread 3 ] DEBUG Engine               - ticksPerSecond: -1
03:28:09.136 [FXGL Background Thread 3 ] DEBUG Engine               - title: Gonvival
03:28:09.136 [FXGL Background Thread 3 ] DEBUG Engine               - urlGithub: https://github.com/AlmasB/FXGL
03:28:09.136 [FXGL Background Thread 3 ] DEBUG Engine               - urlLeaderboard: http://fxgl-top.herokuapp.com/
03:28:09.136 [FXGL Background Thread 3 ] DEBUG Engine               - urlPOM: https://raw.githubusercontent.com/AlmasB/FXGL/release/README.md
03:28:09.136 [FXGL Background Thread 3 ] DEBUG Engine               - userAppClass: class com.lab.App
03:28:09.136 [FXGL Background Thread 3 ] DEBUG Engine               - version: beta
03:28:09.136 [FXGL Background Thread 3 ] DEBUG Engine               - versionCheckDays: 7
03:28:09.138 [FXGL Background Thread 3 ] DEBUG Engine               - width: 800
03:28:09.138 [FXGL Background Thread 3 ] DEBUG Engine               - Logging services
03:28:09.138 [FXGL Background Thread 3 ] DEBUG Engine               - class com.almasb.fxgl.app.services.FXGLAssetLoaderService
03:28:09.139 [FXGL Background Thread 3 ] DEBUG Engine               - class com.almasb.fxgl.app.FXGLApplication$GameApplicationService
03:28:09.139 [FXGL Background Thread 3 ] DEBUG Engine               - class com.almasb.fxgl.app.services.FXGLDialogService
03:28:09.139 [FXGL Background Thread 3 ] DEBUG Engine               - class com.almasb.fxgl.app.services.IOTaskExecutorService
03:28:09.139 [FXGL Background Thread 3 ] DEBUG Engine               - class com.almasb.fxgl.io.FileSystemService
03:28:09.140 [FXGL Background Thread 3 ] DEBUG Engine               - class com.almasb.fxgl.localization.LocalizationService
03:28:09.140 [FXGL Background Thread 3 ] DEBUG Engine               - class com.almasb.fxgl.app.services.SystemBundleService
03:28:09.140 [FXGL Background Thread 3 ] DEBUG Engine               - class com.almasb.fxgl.profile.SaveLoadService
03:28:09.140 [FXGL Background Thread 3 ] DEBUG Engine               - class com.almasb.fxgl.ui.FXGLUIFactoryServiceProvider
03:28:09.140 [FXGL Background Thread 3 ] DEBUG Engine               - class com.almasb.fxgl.ui.FXGLDialogFactoryServiceProvider
03:28:09.140 [FXGL Background Thread 3 ] DEBUG Engine               - class com.almasb.fxgl.audio.AudioPlayer
03:28:09.140 [FXGL Background Thread 3 ] DEBUG Engine               - class com.almasb.fxgl.notification.impl.NotificationServiceProvider
03:28:09.140 [FXGL Background Thread 3 ] DEBUG Engine               - class com.almasb.fxgl.achievement.AchievementService
03:28:09.141 [FXGL Background Thread 3 ] DEBUG Engine               - class com.almasb.fxgl.cutscene.CutsceneService
03:28:09.141 [FXGL Background Thread 3 ] DEBUG Engine               - class com.almasb.fxgl.minigames.MiniGameService
03:28:09.141 [FXGL Background Thread 3 ] DEBUG Engine               - class com.almasb.fxgl.net.NetService
03:28:09.141 [FXGL Background Thread 3 ] DEBUG Engine               - class com.almasb.fxgl.app.services.UpdaterService
03:28:09.141 [FXGL Background Thread 3 ] DEBUG Engine               - class com.almasb.fxgl.dev.DevService
03:28:09.919 [JavaFX Application Thread] DEBUG FXGLAssetLoaderServi - Loading from file system: file:/D:/Gonvival/game/target/classes/assets/textures/evil.png
03:28:14.401 [JavaFX Application Thread] DEBUG FXGLApplication      - Exiting FXGL
03:28:14.401 [JavaFX Application Thread] DEBUG LoopRunner           - Stopping loop
03:28:14.401 [JavaFX Application Thread] DEBUG SystemBundleService  - Saving FXGL system data
03:28:14.408 [JavaFX Application Thread] DEBUG FileSystemAccess     - Writing to: D:\Gonvival\system\fxgl.bundle
03:28:14.415 [JavaFX Application Thread] DEBUG Async                - Shutting down background threads
03:28:14.415 [JavaFX Application Thread] DEBUG PrimaryStageWindow   - Closing main window
03:28:14.517 [JavaFX Application Thread] DEBUG Logger               - Closing Logger
