23:53:50.049 [main                     ] DEBUG Logger               - Configured Logger
23:53:50.106 [main                     ] DEBUG GameApplication      - Logging settings
Title: Gonvival
Version: beta
Width: 600
Height: 600
Fullscreen: false
Intro: false
Profiling: false
Single step:false
App Mode: DEVELOPER
Menu Key: ESCAPE
Stage Style: DECORATED
Scene Factory: class com.almasb.fxgl.app.scene.SceneFactory

23:53:52.230 [JavaFX Application Thread] DEBUG FXGLApplication      - Initializing FXGL
23:53:52.246 [JavaFX Application Thread] INFO  Engine               - FXGL-21.1 (27.03.2024 07.52) on WINDOWS (J:21.0.5 FX:21.0.1)
23:53:52.248 [JavaFX Application Thread] DEBUG Engine               - JRE Vendor Name: Eclipse Adoptium
23:53:52.249 [JavaFX Application Thread] DEBUG Engine               - Running on OS: Windows 11 version 10.0
23:53:52.249 [JavaFX Application Thread] DEBUG Engine               - Architecture: amd64
23:53:52.249 [JavaFX Application Thread] INFO  Engine               - Source code and latest versions at: https://github.com/AlmasB/FXGL
23:53:52.250 [JavaFX Application Thread] INFO  Engine               -       Ask questions and discuss at: https://github.com/AlmasB/FXGL/discussions
23:53:52.251 [JavaFX Application Thread] INFO  Engine               -              Join the FXGL chat at: https://gitter.im/AlmasB/FXGL
23:53:52.583 [JavaFX Application Thread] DEBUG PrimaryStageWindow   - Creating a JavaFX scene
23:53:52.736 [JavaFX Application Thread] DEBUG PrimaryStageWindow   - Target settings size: 600.0 x 600.0
23:53:52.737 [JavaFX Application Thread] DEBUG PrimaryStageWindow   - Scaled scene size:    600.0 x 600.0
23:53:52.738 [JavaFX Application Thread] DEBUG PrimaryStageWindow   - Scaled ratio: (1.0, 1.0)
23:53:52.742 [JavaFX Application Thread] DEBUG PrimaryStageWindow   - Set initial scene to FXGLStartupScene
23:53:52.754 [JavaFX Application Thread] DEBUG PrimaryStageWindow   - Opening main window
23:53:53.003 [JavaFX Application Thread] DEBUG PrimaryStageWindow   - Window border size: (14.4000244140625, 37.5999755859375)
23:53:53.004 [JavaFX Application Thread] DEBUG PrimaryStageWindow   - Scaled size: 600.0 x 600.0
23:53:53.005 [JavaFX Application Thread] DEBUG PrimaryStageWindow   - Scaled ratio: (1.0, 1.0)
23:53:53.006 [JavaFX Application Thread] DEBUG PrimaryStageWindow   - Scene size: 600.0 x 600.0
23:53:53.007 [JavaFX Application Thread] DEBUG PrimaryStageWindow   - Stage size: 614.4000244140625 x 637.5999755859375
23:53:53.110 [FXGL Background Thread 1 ] DEBUG Engine               - Initializing environment variables
23:53:53.283 [FXGL Background Thread 1 ] DEBUG FXGLAssetLoaderServi - User app class for loading assets: class com.lab.App
23:53:53.284 [FXGL Background Thread 1 ] DEBUG GameApplicationServi - Applying CSS: fxgl_dark.css
23:53:53.287 [FXGL Background Thread 1 ] DEBUG FXGLAssetLoaderServi - Loading from file system: jar:file:/C:/Users/HP/.m2/repository/com/github/almasb/fxgl/21.1/fxgl-21.1.jar!/fxglassets/ui/css/fxgl_dark.css
23:53:53.404 [FXGL Background Thread 1 ] DEBUG GameApplicationServi - Initializing application scenes
23:53:53.540 [FXGL Background Thread 1 ] DEBUG GameWorld            - Game world initialized
23:53:53.788 [FXGL Background Thread 1 ] DEBUG PhysicsWorld         - Physics world initialized: appHeight=600, physics.ppm=50.0
23:53:53.790 [FXGL Background Thread 1 ] DEBUG PhysicsWorld         - Using strategy: BRUTE_FORCE
23:53:53.799 [FXGL Background Thread 1 ] DEBUG GameScene            - Game scene initialized: 600x600
23:53:53.833 [FXGL Background Thread 1 ] WARN  FXGL.DefaultMenu     - FXGLDefaultMenu is not designed for resolutions < 800x600
23:53:53.834 [FXGL Background Thread 1 ] DEBUG FXGL.DefaultMenu     - createMenuBodyGameMenu()
23:53:53.876 [FXGL Background Thread 1 ] DEBUG FXGL.DefaultMenu     - createOptionsMenu()
23:53:53.904 [FXGL Background Thread 1 ] DEBUG FXGLAssetLoaderServi - Loading from file system: jar:file:/C:/Users/HP/.m2/repository/com/github/almasb/fxgl/21.1/fxgl-21.1.jar!/fxglassets/textures/particles/smoke.png
23:53:54.218 [FXGL Background Thread 1 ] DEBUG FXGLAssetLoaderServi - Loading from file system: jar:file:/C:/Users/HP/.m2/repository/com/github/almasb/fxgl/21.1/fxgl-21.1.jar!/fxglassets/textures/particles/trace_horizontal.png
23:53:54.289 [FXGL Background Thread 1 ] DEBUG GameApplicationServi - Application scenes initialized
23:53:54.318 [FXGL Background Thread 1 ] DEBUG SystemBundleService  - Loading FXGL system data
23:53:54.335 [FXGL Background Thread 1 ] DEBUG FileSystemAccess     - Reading from: D:\Gonvival\system\fxgl.bundle
23:53:54.360 [FXGL Background Thread 1 ] DEBUG SystemBundleService  - Bundle FXGL: {}
23:53:54.360 [FXGL Background Thread 1 ] DEBUG UpdaterService       - Checking for updates
23:53:54.375 [FXGL Background Thread 4 ] DEBUG FXGLApplication      - Loading fonts
23:53:54.376 [FXGL Background Thread 4 ] DEBUG FXGLAssetLoaderServi - Loading from file system: jar:file:/C:/Users/HP/.m2/repository/com/github/almasb/fxgl/21.1/fxgl-21.1.jar!/fxglassets/ui/fonts/VarelaRound-Regular.ttf
23:53:54.378 [FXGL Background Thread 1 ] DEBUG FXGLApplication      - Loading default localization
23:53:54.381 [FXGL Background Thread 1 ] DEBUG FXGLAssetLoaderServi - Loading from file system: jar:file:/C:/Users/HP/.m2/repository/com/github/almasb/fxgl/21.1/fxgl-21.1.jar!/fxglassets/languages/english.lang
23:53:54.490 [FXGL Background Thread 4 ] DEBUG FXGLAssetLoaderServi - Loading from file system: jar:file:/C:/Users/HP/.m2/repository/com/github/almasb/fxgl/21.1/fxgl-21.1.jar!/fxglassets/ui/fonts/Abel-Regular.ttf
23:53:54.493 [FXGL Background Thread 1 ] INFO  FXGLApplication      - FXGL initialization took: 1.383 sec
23:53:54.501 [FXGL Background Thread 4 ] DEBUG FXGLAssetLoaderServi - Loading from file system: jar:file:/C:/Users/HP/.m2/repository/com/github/almasb/fxgl/21.1/fxgl-21.1.jar!/fxglassets/ui/fonts/TerminalLandMono-Regular.otf
23:53:54.510 [FXGL Background Thread 4 ] DEBUG FXGLAssetLoaderServi - Loading from file system: jar:file:/C:/Users/HP/.m2/repository/com/github/almasb/fxgl/21.1/fxgl-21.1.jar!/fxglassets/ui/fonts/Courier-Prime.ttf
23:53:54.533 [JavaFX Application Thread] DEBUG Input                - Registered new binding: action0 - A
23:53:54.535 [JavaFX Application Thread] DEBUG Input                - Registered new binding: action1 - D
23:53:54.537 [JavaFX Application Thread] DEBUG Input                - Registered new binding: action2 - W
23:53:54.540 [JavaFX Application Thread] DEBUG Input                - Registered new binding: action3 - S
23:53:54.541 [JavaFX Application Thread] DEBUG FXGLAssetLoaderServi - Loading from file system: jar:file:/C:/Users/HP/.m2/repository/com/github/almasb/fxgl/21.1/fxgl-21.1.jar!/fxglassets/textures/fxgl_icon.png
23:53:54.587 [JavaFX Application Thread] DEBUG FXGLAssetLoaderServi - Loading from file system: jar:file:/C:/Users/HP/.m2/repository/com/github/almasb/fxgl/21.1/fxgl-21.1.jar!/fxglassets/textures/fxgl_default_cursor.png
23:53:54.593 [JavaFX Application Thread] DEBUG Input                - Registered new binding: Screenshot - CTRL+8
23:53:54.594 [JavaFX Application Thread] DEBUG Input                - Registered new binding: System info dump - CTRL+9
23:53:54.595 [JavaFX Application Thread] DEBUG Input                - Registered new binding: Restart - CTRL+R
23:53:54.597 [JavaFX Application Thread] DEBUG Input                - Registered new binding: Toggle Debug Camera - CTRL+7
23:53:54.609 [JavaFX Application Thread] DEBUG LoopRunner           - Starting loop
23:53:54.609 [JavaFX Application Thread] DEBUG LoopRunner           - Initializing JavaFX AnimationTimerLoop
23:53:54.612 [JavaFX Application Thread] DEBUG GameApplicationServi - Starting new game
23:53:54.613 [JavaFX Application Thread] DEBUG Input                - Clearing active input actions
23:53:54.643 [JavaFX Application Thread] DEBUG GameApplicationServi - Removing overlay from FXGLStartupScene and adding to FXGLLoadingScene
23:53:54.644 [JavaFX Application Thread] DEBUG PrimaryStageWindow   - FXGLStartupScene -> FXGLLoadingScene
23:53:54.645 [JavaFX Application Thread] DEBUG GameApplicationServi - Clearing previous game
23:53:54.645 [JavaFX Application Thread] DEBUG GameScene            - Clearing game scene
23:53:54.645 [JavaFX Application Thread] DEBUG GameWorld            - Clearing game world
23:53:54.645 [JavaFX Application Thread] DEBUG PhysicsWorld         - Clearing physics world
23:53:54.649 [FXGL Background Thread 4 ] DEBUG FXGLApplication      - Initializing game
23:53:54.691 [FXGL Background Thread 4 ] INFO  FXGLApplication      - Game initialization took: 0.041 sec
23:53:54.723 [JavaFX Application Thread] DEBUG FXGLApplication      - Registering font factories with UI factory
23:53:54.852 [JavaFX Application Thread] DEBUG Input                - Clearing active input actions
23:53:54.877 [JavaFX Application Thread] DEBUG GameApplicationServi - Removing overlay from FXGLLoadingScene and adding to GameScene
23:53:54.878 [JavaFX Application Thread] DEBUG PrimaryStageWindow   - FXGLLoadingScene -> GameScene
23:53:57.370 [FXGL Background Thread 3 ] DEBUG Engine               - Logging environment variables
23:53:57.374 [FXGL Background Thread 3 ] DEBUG Engine               - achievements: []
23:53:57.374 [FXGL Background Thread 3 ] DEBUG Engine               - actualHeight: 600.0
23:53:57.375 [FXGL Background Thread 3 ] DEBUG Engine               - actualHeightProperty: ReadOnlyDoubleProperty [value: 600.0]
23:53:57.375 [FXGL Background Thread 3 ] DEBUG Engine               - actualWidth: 600.0
23:53:57.375 [FXGL Background Thread 3 ] DEBUG Engine               - actualWidthProperty: ReadOnlyDoubleProperty [value: 600.0]
23:53:57.376 [FXGL Background Thread 3 ] DEBUG Engine               - appIcon: fxgl_icon.png
23:53:57.376 [FXGL Background Thread 3 ] DEBUG Engine               - applicationMode: DEVELOPER
23:53:57.376 [FXGL Background Thread 3 ] DEBUG Engine               - cSSList: [fxgl_dark.css]
23:53:57.377 [FXGL Background Thread 3 ] DEBUG Engine               - collisionDetectionStrategy: BRUTE_FORCE
23:53:57.378 [FXGL Background Thread 3 ] DEBUG Engine               - configClass: Optional.empty
23:53:57.378 [FXGL Background Thread 3 ] DEBUG Engine               - credits: []
23:53:57.380 [FXGL Background Thread 3 ] DEBUG Engine               - defaultCursor: CursorInfo(imageName=fxgl_default_cursor.png, hotspotX=7.0, hotspotY=6.0)
23:53:57.380 [FXGL Background Thread 3 ] DEBUG Engine               - devBBoxColorProperty: ObjectProperty [value: 0xff0000ff]
23:53:57.381 [FXGL Background Thread 3 ] DEBUG Engine               - devEnableDebugCameraProperty: BooleanProperty [value: false]
23:53:57.381 [FXGL Background Thread 3 ] DEBUG Engine               - devSensorColorProperty: ObjectProperty [value: 0xffff00ff]
23:53:57.381 [FXGL Background Thread 3 ] DEBUG Engine               - devShowBBoxProperty: BooleanProperty [value: false]
23:53:57.382 [FXGL Background Thread 3 ] DEBUG Engine               - devShowPositionProperty: BooleanProperty [value: false]
23:53:57.382 [FXGL Background Thread 3 ] DEBUG Engine               - enabledMenuItems: []
23:53:57.382 [FXGL Background Thread 3 ] DEBUG Engine               - engineServices: [class com.almasb.fxgl.app.services.FXGLAssetLoaderService, class com.almasb.fxgl.app.FXGLApplication$GameApplicationService, class com.almasb.fxgl.app.services.FXGLDialogService, class com.almasb.fxgl.app.services.IOTaskExecutorService, class com.almasb.fxgl.io.FileSystemService, class com.almasb.fxgl.localization.LocalizationService, class com.almasb.fxgl.app.services.SystemBundleService, class com.almasb.fxgl.profile.SaveLoadService, class com.almasb.fxgl.ui.FXGLUIFactoryServiceProvider, class com.almasb.fxgl.ui.FXGLDialogFactoryServiceProvider, class com.almasb.fxgl.audio.AudioPlayer, class com.almasb.fxgl.notification.impl.NotificationServiceProvider, class com.almasb.fxgl.achievement.AchievementService, class com.almasb.fxgl.cutscene.CutsceneService, class com.almasb.fxgl.minigames.MiniGameService, class com.almasb.fxgl.net.NetService, class com.almasb.fxgl.app.services.UpdaterService, class com.almasb.fxgl.dev.DevService]
23:53:57.383 [FXGL Background Thread 3 ] DEBUG Engine               - fontGame: Abel-Regular.ttf
23:53:57.383 [FXGL Background Thread 3 ] DEBUG Engine               - fontMono: TerminalLandMono-Regular.otf
23:53:57.383 [FXGL Background Thread 3 ] DEBUG Engine               - fontSizeScaleUI: 1.0
23:53:57.383 [FXGL Background Thread 3 ] DEBUG Engine               - fontText: Courier-Prime.ttf
23:53:57.384 [FXGL Background Thread 3 ] DEBUG Engine               - fontUI: VarelaRound-Regular.ttf
23:53:57.384 [FXGL Background Thread 3 ] DEBUG Engine               - fullScreen: BooleanProperty [value: false]
23:53:57.385 [FXGL Background Thread 3 ] DEBUG Engine               - gameDifficulty: MEDIUM
23:53:57.385 [FXGL Background Thread 3 ] DEBUG Engine               - gameDifficultyProperty: ObjectProperty [value: MEDIUM]
23:53:57.385 [FXGL Background Thread 3 ] DEBUG Engine               - globalMusicVolume: 0.5
23:53:57.386 [FXGL Background Thread 3 ] DEBUG Engine               - globalMusicVolumeProperty: DoubleProperty [value: 0.5]
23:53:57.387 [FXGL Background Thread 3 ] DEBUG Engine               - globalSoundVolume: 0.5
23:53:57.387 [FXGL Background Thread 3 ] DEBUG Engine               - globalSoundVolumeProperty: DoubleProperty [value: 0.5]
23:53:57.388 [FXGL Background Thread 3 ] DEBUG Engine               - height: 600
23:53:57.388 [FXGL Background Thread 3 ] DEBUG Engine               - is3D: false
23:53:57.388 [FXGL Background Thread 3 ] DEBUG Engine               - isAndroid: false
23:53:57.388 [FXGL Background Thread 3 ] DEBUG Engine               - isBrowser: false
23:53:57.388 [FXGL Background Thread 3 ] DEBUG Engine               - isClickFeedbackEnabled: false
23:53:57.389 [FXGL Background Thread 3 ] DEBUG Engine               - isCloseConfirmation: false
23:53:57.389 [FXGL Background Thread 3 ] DEBUG Engine               - isDesktop: true
23:53:57.389 [FXGL Background Thread 3 ] DEBUG Engine               - isDeveloperMenuEnabled: false
23:53:57.389 [FXGL Background Thread 3 ] DEBUG Engine               - isEmbedded: false
23:53:57.389 [FXGL Background Thread 3 ] DEBUG Engine               - isEntityPreloadEnabled: true
23:53:57.389 [FXGL Background Thread 3 ] DEBUG Engine               - isExperimentalTiledLargeMap: false
23:53:57.389 [FXGL Background Thread 3 ] DEBUG Engine               - isFileSystemWriteAllowed: true
23:53:57.389 [FXGL Background Thread 3 ] DEBUG Engine               - isFullScreenAllowed: false
23:53:57.390 [FXGL Background Thread 3 ] DEBUG Engine               - isFullScreenFromStart: false
23:53:57.390 [FXGL Background Thread 3 ] DEBUG Engine               - isGameMenuEnabled: true
23:53:57.390 [FXGL Background Thread 3 ] DEBUG Engine               - isIOS: false
23:53:57.390 [FXGL Background Thread 3 ] DEBUG Engine               - isIntroEnabled: false
23:53:57.390 [FXGL Background Thread 3 ] DEBUG Engine               - isLinux: false
23:53:57.390 [FXGL Background Thread 3 ] DEBUG Engine               - isMac: false
23:53:57.390 [FXGL Background Thread 3 ] DEBUG Engine               - isMainMenuEnabled: false
23:53:57.390 [FXGL Background Thread 3 ] DEBUG Engine               - isManualResizeEnabled: false
23:53:57.392 [FXGL Background Thread 3 ] DEBUG Engine               - isMobile: false
23:53:57.392 [FXGL Background Thread 3 ] DEBUG Engine               - isNative: false
23:53:57.392 [FXGL Background Thread 3 ] DEBUG Engine               - isPauseMusicWhenMinimized: true
23:53:57.393 [FXGL Background Thread 3 ] DEBUG Engine               - isPreserveResizeRatio: false
23:53:57.393 [FXGL Background Thread 3 ] DEBUG Engine               - isProfilingEnabled: false
23:53:57.393 [FXGL Background Thread 3 ] DEBUG Engine               - isScaleAffectedOnResize: true
23:53:57.394 [FXGL Background Thread 3 ] DEBUG Engine               - isSingleStep: false
23:53:57.394 [FXGL Background Thread 3 ] DEBUG Engine               - isUserProfileEnabled: false
23:53:57.394 [FXGL Background Thread 3 ] DEBUG Engine               - isWindows: true
23:53:57.394 [FXGL Background Thread 3 ] DEBUG Engine               - language: ObjectProperty [value: ENGLISH]
23:53:57.394 [FXGL Background Thread 3 ] DEBUG Engine               - menuKey: ESCAPE
23:53:57.395 [FXGL Background Thread 3 ] DEBUG Engine               - mouseSensitivity: 0.2
23:53:57.395 [FXGL Background Thread 3 ] DEBUG Engine               - notificationViewClass: class com.almasb.fxgl.notification.view.XboxNotificationView
23:53:57.395 [FXGL Background Thread 3 ] DEBUG Engine               - pixelsPerMeter: 50.0
23:53:57.395 [FXGL Background Thread 3 ] DEBUG Engine               - platform: WINDOWS
23:53:57.395 [FXGL Background Thread 3 ] DEBUG Engine               - prefHeightProperty: ReadOnlyDoubleProperty [value: 600.0]
23:53:57.396 [FXGL Background Thread 3 ] DEBUG Engine               - prefWidthProperty: ReadOnlyDoubleProperty [value: 600.0]
23:53:57.396 [FXGL Background Thread 3 ] DEBUG Engine               - profileDir: profiles/
23:53:57.396 [FXGL Background Thread 3 ] DEBUG Engine               - profileName: StringProperty [value: DEFAULT]
23:53:57.396 [FXGL Background Thread 3 ] DEBUG Engine               - randomSeed: -1
23:53:57.398 [FXGL Background Thread 3 ] DEBUG Engine               - runtimeInfo: RuntimeInfo(platform=WINDOWS, version=21.1, build=27.03.2024 07.52)
23:53:57.399 [FXGL Background Thread 3 ] DEBUG Engine               - saveFileExt: sav
23:53:57.399 [FXGL Background Thread 3 ] DEBUG Engine               - scaledHeightProp$fxgl: DoubleProperty [bound, value: 600.0]
23:53:57.400 [FXGL Background Thread 3 ] DEBUG Engine               - scaledWidthProp$fxgl: DoubleProperty [bound, value: 600.0]
23:53:57.400 [FXGL Background Thread 3 ] DEBUG Engine               - sceneFactory: com.almasb.fxgl.app.scene.SceneFactory@517e02be
23:53:57.400 [FXGL Background Thread 3 ] DEBUG Engine               - secondsIn24h: 60
23:53:57.400 [FXGL Background Thread 3 ] DEBUG Engine               - soundMenuBack: menu/back.wav
23:53:57.401 [FXGL Background Thread 3 ] DEBUG Engine               - soundMenuPress: menu/press.wav
23:53:57.401 [FXGL Background Thread 3 ] DEBUG Engine               - soundMenuSelect: menu/select.wav
23:53:57.401 [FXGL Background Thread 3 ] DEBUG Engine               - soundNotification: core/notification.wav
23:53:57.401 [FXGL Background Thread 3 ] DEBUG Engine               - stageStyle: DECORATED
23:53:57.402 [FXGL Background Thread 3 ] DEBUG Engine               - supportedLanguages: [ENGLISH, FRENCH, GERMAN, HUNGARIAN, RUSSIAN]
23:53:57.402 [FXGL Background Thread 3 ] DEBUG Engine               - ticksPerSecond: -1
23:53:57.402 [FXGL Background Thread 3 ] DEBUG Engine               - title: Gonvival
23:53:57.402 [FXGL Background Thread 3 ] DEBUG Engine               - urlGithub: https://github.com/AlmasB/FXGL
23:53:57.403 [FXGL Background Thread 3 ] DEBUG Engine               - urlLeaderboard: http://fxgl-top.herokuapp.com/
23:53:57.403 [FXGL Background Thread 3 ] DEBUG Engine               - urlPOM: https://raw.githubusercontent.com/AlmasB/FXGL/release/README.md
23:53:57.404 [FXGL Background Thread 3 ] DEBUG Engine               - userAppClass: class com.lab.App
23:53:57.404 [FXGL Background Thread 3 ] DEBUG Engine               - version: beta
23:53:57.404 [FXGL Background Thread 3 ] DEBUG Engine               - versionCheckDays: 7
23:53:57.405 [FXGL Background Thread 3 ] DEBUG Engine               - width: 600
23:53:57.405 [FXGL Background Thread 3 ] DEBUG Engine               - Logging services
23:53:57.405 [FXGL Background Thread 3 ] DEBUG Engine               - class com.almasb.fxgl.app.services.FXGLAssetLoaderService
23:53:57.405 [FXGL Background Thread 3 ] DEBUG Engine               - class com.almasb.fxgl.app.FXGLApplication$GameApplicationService
23:53:57.406 [FXGL Background Thread 3 ] DEBUG Engine               - class com.almasb.fxgl.app.services.FXGLDialogService
23:53:57.406 [FXGL Background Thread 3 ] DEBUG Engine               - class com.almasb.fxgl.app.services.IOTaskExecutorService
23:53:57.406 [FXGL Background Thread 3 ] DEBUG Engine               - class com.almasb.fxgl.io.FileSystemService
23:53:57.406 [FXGL Background Thread 3 ] DEBUG Engine               - class com.almasb.fxgl.localization.LocalizationService
23:53:57.407 [FXGL Background Thread 3 ] DEBUG Engine               - class com.almasb.fxgl.app.services.SystemBundleService
23:53:57.407 [FXGL Background Thread 3 ] DEBUG Engine               - class com.almasb.fxgl.profile.SaveLoadService
23:53:57.408 [FXGL Background Thread 3 ] DEBUG Engine               - class com.almasb.fxgl.ui.FXGLUIFactoryServiceProvider
23:53:57.408 [FXGL Background Thread 3 ] DEBUG Engine               - class com.almasb.fxgl.ui.FXGLDialogFactoryServiceProvider
23:53:57.408 [FXGL Background Thread 3 ] DEBUG Engine               - class com.almasb.fxgl.audio.AudioPlayer
23:53:57.408 [FXGL Background Thread 3 ] DEBUG Engine               - class com.almasb.fxgl.notification.impl.NotificationServiceProvider
23:53:57.408 [FXGL Background Thread 3 ] DEBUG Engine               - class com.almasb.fxgl.achievement.AchievementService
23:53:57.409 [FXGL Background Thread 3 ] DEBUG Engine               - class com.almasb.fxgl.cutscene.CutsceneService
23:53:57.409 [FXGL Background Thread 3 ] DEBUG Engine               - class com.almasb.fxgl.minigames.MiniGameService
23:53:57.409 [FXGL Background Thread 3 ] DEBUG Engine               - class com.almasb.fxgl.net.NetService
23:53:57.409 [FXGL Background Thread 3 ] DEBUG Engine               - class com.almasb.fxgl.app.services.UpdaterService
23:53:57.409 [FXGL Background Thread 3 ] DEBUG Engine               - class com.almasb.fxgl.dev.DevService
23:54:00.993 [JavaFX Application Thread] DEBUG FXGLApplication      - Exiting FXGL
23:54:00.993 [JavaFX Application Thread] DEBUG LoopRunner           - Stopping loop
23:54:00.993 [JavaFX Application Thread] DEBUG SystemBundleService  - Saving FXGL system data
23:54:00.998 [JavaFX Application Thread] DEBUG FileSystemAccess     - Writing to: D:\Gonvival\system\fxgl.bundle
23:54:01.004 [JavaFX Application Thread] DEBUG Async                - Shutting down background threads
23:54:01.005 [JavaFX Application Thread] DEBUG PrimaryStageWindow   - Closing main window
23:54:01.090 [JavaFX Application Thread] DEBUG Logger               - Closing Logger
