07:50:05.843 [main                     ] DEBUG Logger               - Configured Logger
07:50:05.897 [main                     ] DEBUG GameApplication      - Logging settings
Title: Gonvival
Version: beta
Width: 800
Height: 800
Fullscreen: false
Intro: false
Profiling: false
Single step:false
App Mode: DEVELOPER
Menu Key: ESCAPE
Stage Style: DECORATED
Scene Factory: class com.lab.App$1

07:50:06.758 [JavaFX Application Thread] DEBUG FXGLApplication      - Initializing FXGL
07:50:06.763 [JavaFX Application Thread] INFO  Engine               - FXGL-21.1 (27.03.2024 07.52) on WINDOWS (J:21.0.5 FX:21.0.1)
07:50:06.765 [JavaFX Application Thread] DEBUG Engine               - JRE Vendor Name: Eclipse Adoptium
07:50:06.766 [JavaFX Application Thread] DEBUG Engine               - Running on OS: Windows 10 version 10.0
07:50:06.766 [JavaFX Application Thread] DEBUG Engine               - Architecture: amd64
07:50:06.766 [JavaFX Application Thread] INFO  Engine               - Source code and latest versions at: https://github.com/AlmasB/FXGL
07:50:06.767 [JavaFX Application Thread] INFO  Engine               -       Ask questions and discuss at: https://github.com/AlmasB/FXGL/discussions
07:50:06.768 [JavaFX Application Thread] INFO  Engine               -              Join the FXGL chat at: https://gitter.im/AlmasB/FXGL
07:50:07.113 [JavaFX Application Thread] DEBUG PrimaryStageWindow   - Creating a JavaFX scene
07:50:07.116 [JavaFX Application Thread] DEBUG PrimaryStageWindow   - Target size > screen size
07:50:07.295 [JavaFX Application Thread] DEBUG PrimaryStageWindow   - Target settings size: 800.0 x 800.0
07:50:07.296 [JavaFX Application Thread] DEBUG PrimaryStageWindow   - Scaled scene size:    743.0 x 768.0
07:50:07.297 [JavaFX Application Thread] DEBUG PrimaryStageWindow   - Scaled ratio: (0.92875, 0.96)
07:50:07.299 [JavaFX Application Thread] DEBUG PrimaryStageWindow   - Set initial scene to FXGLStartupScene
07:50:07.309 [JavaFX Application Thread] DEBUG PrimaryStageWindow   - Opening main window
07:50:07.545 [JavaFX Application Thread] DEBUG PrimaryStageWindow   - Window border size: (16.0, 39.0)
07:50:07.546 [JavaFX Application Thread] DEBUG PrimaryStageWindow   - Scaled size: 743.0 x 768.0
07:50:07.546 [JavaFX Application Thread] DEBUG PrimaryStageWindow   - Scaled ratio: (0.92875, 0.96)
07:50:07.547 [JavaFX Application Thread] DEBUG PrimaryStageWindow   - Scene size: 743.0 x 768.0
07:50:07.547 [JavaFX Application Thread] DEBUG PrimaryStageWindow   - Stage size: 759.0 x 807.0
07:50:07.663 [FXGL Background Thread 1 ] DEBUG Engine               - Initializing environment variables
07:50:07.825 [FXGL Background Thread 1 ] DEBUG FXGLAssetLoaderServi - User app class for loading assets: class com.lab.App
07:50:07.825 [FXGL Background Thread 1 ] DEBUG GameApplicationServi - Applying CSS: fxgl_dark.css
07:50:07.827 [FXGL Background Thread 1 ] DEBUG FXGLAssetLoaderServi - Loading from file system: jar:file:/C:/Users/Khana/.m2/repository/com/github/almasb/fxgl/21.1/fxgl-21.1.jar!/fxglassets/ui/css/fxgl_dark.css
07:50:07.940 [FXGL Background Thread 1 ] DEBUG GameApplicationServi - Initializing application scenes
07:50:08.199 [FXGL Background Thread 1 ] DEBUG GameWorld            - Game world initialized
07:50:08.330 [FXGL Background Thread 1 ] DEBUG PhysicsWorld         - Physics world initialized: appHeight=800, physics.ppm=50.0
07:50:08.330 [FXGL Background Thread 1 ] DEBUG PhysicsWorld         - Using strategy: BRUTE_FORCE
07:50:08.349 [FXGL Background Thread 1 ] DEBUG GameScene            - Game scene initialized: 800x800
07:50:08.352 [FXGL Background Thread 1 ] DEBUG FXGLAssetLoaderServi - Loading from file system: file:/E:/Labs/Gonvival/game/target/classes/assets/sounds/button_click.mp3
07:50:08.575 [FXGL Background Thread 1 ] DEBUG FXGL.DefaultMenu     - createMenuBodyGameMenu()
07:50:08.596 [FXGL Background Thread 1 ] DEBUG FXGL.DefaultMenu     - createOptionsMenu()
07:50:08.612 [FXGL Background Thread 1 ] DEBUG FXGLAssetLoaderServi - Loading from file system: jar:file:/C:/Users/Khana/.m2/repository/com/github/almasb/fxgl/21.1/fxgl-21.1.jar!/fxglassets/textures/particles/smoke.png
07:50:08.828 [FXGL Background Thread 1 ] DEBUG FXGLAssetLoaderServi - Loading from file system: jar:file:/C:/Users/Khana/.m2/repository/com/github/almasb/fxgl/21.1/fxgl-21.1.jar!/fxglassets/textures/particles/trace_horizontal.png
07:50:08.894 [FXGL Background Thread 1 ] DEBUG GameApplicationServi - Application scenes initialized
07:50:08.928 [FXGL Background Thread 1 ] DEBUG SystemBundleService  - Loading FXGL system data
07:50:08.963 [FXGL Background Thread 1 ] DEBUG FileSystemAccess     - Reading from: E:\Labs\Gonvival\system\fxgl.bundle
07:50:09.043 [FXGL Background Thread 1 ] DEBUG SystemBundleService  - Bundle FXGL: {}
07:50:09.045 [FXGL Background Thread 1 ] DEBUG UpdaterService       - Checking for updates
07:50:09.139 [FXGL Background Thread 1 ] DEBUG FXGLApplication      - Loading default localization
07:50:09.141 [FXGL Background Thread 1 ] DEBUG FXGLAssetLoaderServi - Loading from file system: jar:file:/C:/Users/Khana/.m2/repository/com/github/almasb/fxgl/21.1/fxgl-21.1.jar!/fxglassets/languages/english.lang
07:50:09.150 [FXGL Background Thread 4 ] DEBUG FXGLApplication      - Loading fonts
07:50:09.154 [FXGL Background Thread 4 ] DEBUG FXGLAssetLoaderServi - Loading from file system: jar:file:/C:/Users/Khana/.m2/repository/com/github/almasb/fxgl/21.1/fxgl-21.1.jar!/fxglassets/ui/fonts/VarelaRound-Regular.ttf
07:50:09.293 [FXGL Background Thread 1 ] INFO  FXGLApplication      - FXGL initialization took: 1.629 sec
07:50:09.496 [JavaFX Application Thread] DEBUG FXGLAssetLoaderServi - Loading from file system: jar:file:/C:/Users/Khana/.m2/repository/com/github/almasb/fxgl/21.1/fxgl-21.1.jar!/fxglassets/textures/fxgl_icon.png
07:50:09.533 [FXGL Background Thread 4 ] DEBUG FXGLAssetLoaderServi - Loading from file system: jar:file:/C:/Users/Khana/.m2/repository/com/github/almasb/fxgl/21.1/fxgl-21.1.jar!/fxglassets/ui/fonts/Abel-Regular.ttf
07:50:09.604 [FXGL Background Thread 4 ] DEBUG FXGLAssetLoaderServi - Loading from file system: jar:file:/C:/Users/Khana/.m2/repository/com/github/almasb/fxgl/21.1/fxgl-21.1.jar!/fxglassets/ui/fonts/TerminalLandMono-Regular.otf
07:50:09.650 [FXGL Background Thread 4 ] DEBUG FXGLAssetLoaderServi - Loading from file system: jar:file:/C:/Users/Khana/.m2/repository/com/github/almasb/fxgl/21.1/fxgl-21.1.jar!/fxglassets/ui/fonts/Courier-Prime.ttf
07:50:09.667 [JavaFX Application Thread] DEBUG FXGLAssetLoaderServi - Loading from file system: jar:file:/C:/Users/Khana/.m2/repository/com/github/almasb/fxgl/21.1/fxgl-21.1.jar!/fxglassets/textures/fxgl_default_cursor.png
07:50:09.698 [JavaFX Application Thread] DEBUG Input                - Registered new binding: Screenshot - CTRL+8
07:50:09.699 [JavaFX Application Thread] DEBUG Input                - Registered new binding: System info dump - CTRL+9
07:50:09.700 [JavaFX Application Thread] DEBUG Input                - Registered new binding: Restart - CTRL+R
07:50:09.706 [JavaFX Application Thread] DEBUG Input                - Registered new binding: Toggle Debug Camera - CTRL+7
07:50:09.711 [JavaFX Application Thread] DEBUG LoopRunner           - Starting loop
07:50:09.711 [JavaFX Application Thread] DEBUG LoopRunner           - Initializing JavaFX AnimationTimerLoop
07:50:09.783 [JavaFX Application Thread] DEBUG Input                - Clearing active input actions
07:50:09.843 [JavaFX Application Thread] DEBUG GameApplicationServi - Removing overlay from FXGLStartupScene and adding to FXGLMainMenuDummyScene
07:50:09.844 [JavaFX Application Thread] DEBUG PrimaryStageWindow   - FXGLStartupScene -> FXGLMainMenuDummyScene
07:50:09.844 [JavaFX Application Thread] DEBUG PrimaryStageWindow   - Push state: StartScreen
07:50:09.845 [JavaFX Application Thread] DEBUG Input                - Clearing active input actions
07:50:09.944 [JavaFX Application Thread] DEBUG GameApplicationServi - Removing overlay from FXGLMainMenuDummyScene and adding to StartScreen
07:50:09.945 [JavaFX Application Thread] DEBUG PrimaryStageWindow   - FXGLMainMenuDummyScene -> StartScreen
07:50:09.946 [JavaFX Application Thread] DEBUG FXGLApplication      - Registering font factories with UI factory
07:50:12.115 [FXGL Background Thread 3 ] DEBUG Engine               - Logging environment variables
07:50:12.115 [FXGL Background Thread 3 ] DEBUG Engine               - achievements: []
07:50:12.116 [FXGL Background Thread 3 ] DEBUG Engine               - actualHeight: 768.0
07:50:12.116 [FXGL Background Thread 3 ] DEBUG Engine               - actualHeightProperty: ReadOnlyDoubleProperty [value: 768.0]
07:50:12.116 [FXGL Background Thread 3 ] DEBUG Engine               - actualWidth: 743.0
07:50:12.116 [FXGL Background Thread 3 ] DEBUG Engine               - actualWidthProperty: ReadOnlyDoubleProperty [value: 743.0]
07:50:12.116 [FXGL Background Thread 3 ] DEBUG Engine               - appIcon: fxgl_icon.png
07:50:12.116 [FXGL Background Thread 3 ] DEBUG Engine               - applicationMode: DEVELOPER
07:50:12.116 [FXGL Background Thread 3 ] DEBUG Engine               - cSSList: [fxgl_dark.css]
07:50:12.116 [FXGL Background Thread 3 ] DEBUG Engine               - collisionDetectionStrategy: BRUTE_FORCE
07:50:12.116 [FXGL Background Thread 3 ] DEBUG Engine               - configClass: Optional.empty
07:50:12.116 [FXGL Background Thread 3 ] DEBUG Engine               - credits: []
07:50:12.117 [FXGL Background Thread 3 ] DEBUG Engine               - defaultCursor: CursorInfo(imageName=fxgl_default_cursor.png, hotspotX=7.0, hotspotY=6.0)
07:50:12.117 [FXGL Background Thread 3 ] DEBUG Engine               - devBBoxColorProperty: ObjectProperty [value: 0xff0000ff]
07:50:12.117 [FXGL Background Thread 3 ] DEBUG Engine               - devEnableDebugCameraProperty: BooleanProperty [value: false]
07:50:12.120 [FXGL Background Thread 3 ] DEBUG Engine               - devSensorColorProperty: ObjectProperty [value: 0xffff00ff]
07:50:12.120 [FXGL Background Thread 3 ] DEBUG Engine               - devShowBBoxProperty: BooleanProperty [value: false]
07:50:12.120 [FXGL Background Thread 3 ] DEBUG Engine               - devShowPositionProperty: BooleanProperty [value: false]
07:50:12.120 [FXGL Background Thread 3 ] DEBUG Engine               - enabledMenuItems: []
07:50:12.120 [FXGL Background Thread 3 ] DEBUG Engine               - engineServices: [class com.almasb.fxgl.app.services.FXGLAssetLoaderService, class com.almasb.fxgl.app.FXGLApplication$GameApplicationService, class com.almasb.fxgl.app.services.FXGLDialogService, class com.almasb.fxgl.app.services.IOTaskExecutorService, class com.almasb.fxgl.io.FileSystemService, class com.almasb.fxgl.localization.LocalizationService, class com.almasb.fxgl.app.services.SystemBundleService, class com.almasb.fxgl.profile.SaveLoadService, class com.almasb.fxgl.ui.FXGLUIFactoryServiceProvider, class com.almasb.fxgl.ui.FXGLDialogFactoryServiceProvider, class com.almasb.fxgl.audio.AudioPlayer, class com.almasb.fxgl.notification.impl.NotificationServiceProvider, class com.almasb.fxgl.achievement.AchievementService, class com.almasb.fxgl.cutscene.CutsceneService, class com.almasb.fxgl.minigames.MiniGameService, class com.almasb.fxgl.net.NetService, class com.almasb.fxgl.app.services.UpdaterService, class com.almasb.fxgl.dev.DevService]
07:50:12.121 [FXGL Background Thread 3 ] DEBUG Engine               - fontGame: Abel-Regular.ttf
07:50:12.121 [FXGL Background Thread 3 ] DEBUG Engine               - fontMono: TerminalLandMono-Regular.otf
07:50:12.121 [FXGL Background Thread 3 ] DEBUG Engine               - fontSizeScaleUI: 1.0
07:50:12.121 [FXGL Background Thread 3 ] DEBUG Engine               - fontText: Courier-Prime.ttf
07:50:12.121 [FXGL Background Thread 3 ] DEBUG Engine               - fontUI: VarelaRound-Regular.ttf
07:50:12.121 [FXGL Background Thread 3 ] DEBUG Engine               - fullScreen: BooleanProperty [value: false]
07:50:12.122 [FXGL Background Thread 3 ] DEBUG Engine               - gameDifficulty: MEDIUM
07:50:12.122 [FXGL Background Thread 3 ] DEBUG Engine               - gameDifficultyProperty: ObjectProperty [value: MEDIUM]
07:50:12.122 [FXGL Background Thread 3 ] DEBUG Engine               - globalMusicVolume: 0.5
07:50:12.122 [FXGL Background Thread 3 ] DEBUG Engine               - globalMusicVolumeProperty: DoubleProperty [value: 1.0]
07:50:12.122 [FXGL Background Thread 3 ] DEBUG Engine               - globalSoundVolume: 0.5
07:50:12.122 [FXGL Background Thread 3 ] DEBUG Engine               - globalSoundVolumeProperty: DoubleProperty [value: 1.0]
07:50:12.122 [FXGL Background Thread 3 ] DEBUG Engine               - height: 800
07:50:12.122 [FXGL Background Thread 3 ] DEBUG Engine               - is3D: false
07:50:12.122 [FXGL Background Thread 3 ] DEBUG Engine               - isAndroid: false
07:50:12.122 [FXGL Background Thread 3 ] DEBUG Engine               - isBrowser: false
07:50:12.123 [FXGL Background Thread 3 ] DEBUG Engine               - isClickFeedbackEnabled: false
07:50:12.123 [FXGL Background Thread 3 ] DEBUG Engine               - isCloseConfirmation: false
07:50:12.123 [FXGL Background Thread 3 ] DEBUG Engine               - isDesktop: true
07:50:12.123 [FXGL Background Thread 3 ] DEBUG Engine               - isDeveloperMenuEnabled: false
07:50:12.123 [FXGL Background Thread 3 ] DEBUG Engine               - isEmbedded: false
07:50:12.123 [FXGL Background Thread 3 ] DEBUG Engine               - isEntityPreloadEnabled: true
07:50:12.123 [FXGL Background Thread 3 ] DEBUG Engine               - isExperimentalTiledLargeMap: false
07:50:12.123 [FXGL Background Thread 3 ] DEBUG Engine               - isFileSystemWriteAllowed: true
07:50:12.123 [FXGL Background Thread 3 ] DEBUG Engine               - isFullScreenAllowed: false
07:50:12.123 [FXGL Background Thread 3 ] DEBUG Engine               - isFullScreenFromStart: false
07:50:12.123 [FXGL Background Thread 3 ] DEBUG Engine               - isGameMenuEnabled: true
07:50:12.123 [FXGL Background Thread 3 ] DEBUG Engine               - isIOS: false
07:50:12.123 [FXGL Background Thread 3 ] DEBUG Engine               - isIntroEnabled: false
07:50:12.124 [FXGL Background Thread 3 ] DEBUG Engine               - isLinux: false
07:50:12.124 [FXGL Background Thread 3 ] DEBUG Engine               - isMac: false
07:50:12.124 [FXGL Background Thread 3 ] DEBUG Engine               - isMainMenuEnabled: true
07:50:12.124 [FXGL Background Thread 3 ] DEBUG Engine               - isManualResizeEnabled: false
07:50:12.124 [FXGL Background Thread 3 ] DEBUG Engine               - isMobile: false
07:50:12.124 [FXGL Background Thread 3 ] DEBUG Engine               - isNative: false
07:50:12.124 [FXGL Background Thread 3 ] DEBUG Engine               - isPauseMusicWhenMinimized: true
07:50:12.124 [FXGL Background Thread 3 ] DEBUG Engine               - isPreserveResizeRatio: false
07:50:12.124 [FXGL Background Thread 3 ] DEBUG Engine               - isProfilingEnabled: false
07:50:12.124 [FXGL Background Thread 3 ] DEBUG Engine               - isScaleAffectedOnResize: true
07:50:12.125 [FXGL Background Thread 3 ] DEBUG Engine               - isSingleStep: false
07:50:12.125 [FXGL Background Thread 3 ] DEBUG Engine               - isUserProfileEnabled: false
07:50:12.125 [FXGL Background Thread 3 ] DEBUG Engine               - isWindows: true
07:50:12.125 [FXGL Background Thread 3 ] DEBUG Engine               - language: ObjectProperty [value: ENGLISH]
07:50:12.125 [FXGL Background Thread 3 ] DEBUG Engine               - menuKey: ESCAPE
07:50:12.125 [FXGL Background Thread 3 ] DEBUG Engine               - mouseSensitivity: 0.2
07:50:12.125 [FXGL Background Thread 3 ] DEBUG Engine               - notificationViewClass: class com.almasb.fxgl.notification.view.XboxNotificationView
07:50:12.125 [FXGL Background Thread 3 ] DEBUG Engine               - pixelsPerMeter: 50.0
07:50:12.125 [FXGL Background Thread 3 ] DEBUG Engine               - platform: WINDOWS
07:50:12.125 [FXGL Background Thread 3 ] DEBUG Engine               - prefHeightProperty: ReadOnlyDoubleProperty [value: 800.0]
07:50:12.125 [FXGL Background Thread 3 ] DEBUG Engine               - prefWidthProperty: ReadOnlyDoubleProperty [value: 800.0]
07:50:12.126 [FXGL Background Thread 3 ] DEBUG Engine               - profileDir: profiles/
07:50:12.126 [FXGL Background Thread 3 ] DEBUG Engine               - profileName: StringProperty [value: DEFAULT]
07:50:12.126 [FXGL Background Thread 3 ] DEBUG Engine               - randomSeed: -1
07:50:12.126 [FXGL Background Thread 3 ] DEBUG Engine               - runtimeInfo: RuntimeInfo(platform=WINDOWS, version=21.1, build=27.03.2024 07.52)
07:50:12.126 [FXGL Background Thread 3 ] DEBUG Engine               - saveFileExt: sav
07:50:12.126 [FXGL Background Thread 3 ] DEBUG Engine               - scaledHeightProp$fxgl: DoubleProperty [bound, value: 768.0]
07:50:12.127 [FXGL Background Thread 3 ] DEBUG Engine               - scaledWidthProp$fxgl: DoubleProperty [bound, value: 743.0]
07:50:12.127 [FXGL Background Thread 3 ] DEBUG Engine               - sceneFactory: com.lab.App$1@290de349
07:50:12.127 [FXGL Background Thread 3 ] DEBUG Engine               - secondsIn24h: 60
07:50:12.127 [FXGL Background Thread 3 ] DEBUG Engine               - soundMenuBack: menu/back.wav
07:50:12.127 [FXGL Background Thread 3 ] DEBUG Engine               - soundMenuPress: menu/press.wav
07:50:12.127 [FXGL Background Thread 3 ] DEBUG Engine               - soundMenuSelect: menu/select.wav
07:50:12.127 [FXGL Background Thread 3 ] DEBUG Engine               - soundNotification: core/notification.wav
07:50:12.128 [FXGL Background Thread 3 ] DEBUG Engine               - stageStyle: DECORATED
07:50:12.128 [FXGL Background Thread 3 ] DEBUG Engine               - supportedLanguages: [ENGLISH, FRENCH, GERMAN, HUNGARIAN, RUSSIAN]
07:50:12.128 [FXGL Background Thread 3 ] DEBUG Engine               - ticksPerSecond: -1
07:50:12.128 [FXGL Background Thread 3 ] DEBUG Engine               - title: Gonvival
07:50:12.128 [FXGL Background Thread 3 ] DEBUG Engine               - urlGithub: https://github.com/AlmasB/FXGL
07:50:12.128 [FXGL Background Thread 3 ] DEBUG Engine               - urlLeaderboard: http://fxgl-top.herokuapp.com/
07:50:12.128 [FXGL Background Thread 3 ] DEBUG Engine               - urlPOM: https://raw.githubusercontent.com/AlmasB/FXGL/release/README.md
07:50:12.128 [FXGL Background Thread 3 ] DEBUG Engine               - userAppClass: class com.lab.App
07:50:12.128 [FXGL Background Thread 3 ] DEBUG Engine               - version: beta
07:50:12.128 [FXGL Background Thread 3 ] DEBUG Engine               - versionCheckDays: 7
07:50:12.128 [FXGL Background Thread 3 ] DEBUG Engine               - width: 800
07:50:12.129 [FXGL Background Thread 3 ] DEBUG Engine               - Logging services
07:50:12.129 [FXGL Background Thread 3 ] DEBUG Engine               - class com.almasb.fxgl.app.services.FXGLAssetLoaderService
07:50:12.129 [FXGL Background Thread 3 ] DEBUG Engine               - class com.almasb.fxgl.app.FXGLApplication$GameApplicationService
07:50:12.129 [FXGL Background Thread 3 ] DEBUG Engine               - class com.almasb.fxgl.app.services.FXGLDialogService
07:50:12.129 [FXGL Background Thread 3 ] DEBUG Engine               - class com.almasb.fxgl.app.services.IOTaskExecutorService
07:50:12.129 [FXGL Background Thread 3 ] DEBUG Engine               - class com.almasb.fxgl.io.FileSystemService
07:50:12.129 [FXGL Background Thread 3 ] DEBUG Engine               - class com.almasb.fxgl.localization.LocalizationService
07:50:12.129 [FXGL Background Thread 3 ] DEBUG Engine               - class com.almasb.fxgl.app.services.SystemBundleService
07:50:12.129 [FXGL Background Thread 3 ] DEBUG Engine               - class com.almasb.fxgl.profile.SaveLoadService
07:50:12.129 [FXGL Background Thread 3 ] DEBUG Engine               - class com.almasb.fxgl.ui.FXGLUIFactoryServiceProvider
07:50:12.129 [FXGL Background Thread 3 ] DEBUG Engine               - class com.almasb.fxgl.ui.FXGLDialogFactoryServiceProvider
07:50:12.129 [FXGL Background Thread 3 ] DEBUG Engine               - class com.almasb.fxgl.audio.AudioPlayer
07:50:12.130 [FXGL Background Thread 3 ] DEBUG Engine               - class com.almasb.fxgl.notification.impl.NotificationServiceProvider
07:50:12.130 [FXGL Background Thread 3 ] DEBUG Engine               - class com.almasb.fxgl.achievement.AchievementService
07:50:12.130 [FXGL Background Thread 3 ] DEBUG Engine               - class com.almasb.fxgl.cutscene.CutsceneService
07:50:12.130 [FXGL Background Thread 3 ] DEBUG Engine               - class com.almasb.fxgl.minigames.MiniGameService
07:50:12.130 [FXGL Background Thread 3 ] DEBUG Engine               - class com.almasb.fxgl.net.NetService
07:50:12.130 [FXGL Background Thread 3 ] DEBUG Engine               - class com.almasb.fxgl.app.services.UpdaterService
07:50:12.130 [FXGL Background Thread 3 ] DEBUG Engine               - class com.almasb.fxgl.dev.DevService
07:50:13.136 [JavaFX Application Thread] DEBUG LoopRunner           - Resuming loop
07:50:14.115 [JavaFX Application Thread] DEBUG Menu                 - fireNewGame()
07:50:14.115 [JavaFX Application Thread] DEBUG GameApplicationServi - Starting new game
07:50:14.115 [JavaFX Application Thread] DEBUG PrimaryStageWindow   - Pop state: StartScreen
07:50:14.115 [JavaFX Application Thread] DEBUG Input                - Clearing active input actions
07:50:14.117 [JavaFX Application Thread] DEBUG GameApplicationServi - Removing overlay from StartScreen and adding to FXGLMainMenuDummyScene
07:50:14.118 [JavaFX Application Thread] DEBUG PrimaryStageWindow   - FXGLMainMenuDummyScene <- StartScreen
07:50:14.118 [JavaFX Application Thread] DEBUG Input                - Clearing active input actions
07:50:14.141 [JavaFX Application Thread] DEBUG GameApplicationServi - Removing overlay from FXGLMainMenuDummyScene and adding to FXGLLoadingScene
07:50:14.141 [JavaFX Application Thread] DEBUG PrimaryStageWindow   - FXGLMainMenuDummyScene -> FXGLLoadingScene
07:50:14.143 [JavaFX Application Thread] DEBUG GameApplicationServi - Clearing previous game
07:50:14.143 [JavaFX Application Thread] DEBUG GameScene            - Clearing game scene
07:50:14.143 [JavaFX Application Thread] DEBUG GameWorld            - Clearing game world
07:50:14.143 [JavaFX Application Thread] DEBUG PhysicsWorld         - Clearing physics world
07:50:14.145 [FXGL Background Thread 2 ] DEBUG FXGLApplication      - Initializing game
07:50:14.183 [FXGL Background Thread 2 ] DEBUG FXGLAssetLoaderServi - Loading from file system: file:/E:/Labs/Gonvival/game/target/classes/assets/textures/map.png
07:50:14.308 [FXGL Background Thread 2 ] DEBUG FXGLAssetLoaderServi - Loading from file system: file:/E:/Labs/Gonvival/game/target/classes/assets/textures/idle_down.png
07:50:14.313 [FXGL Background Thread 2 ] DEBUG FXGLAssetLoaderServi - Loading from file system: file:/E:/Labs/Gonvival/game/target/classes/assets/textures/idle_up.png
07:50:14.316 [FXGL Background Thread 2 ] DEBUG FXGLAssetLoaderServi - Loading from file system: file:/E:/Labs/Gonvival/game/target/classes/assets/textures/idle_left_down.png
07:50:14.319 [FXGL Background Thread 2 ] DEBUG FXGLAssetLoaderServi - Loading from file system: file:/E:/Labs/Gonvival/game/target/classes/assets/textures/idle_left_up.png
07:50:14.322 [FXGL Background Thread 2 ] DEBUG FXGLAssetLoaderServi - Loading from file system: file:/E:/Labs/Gonvival/game/target/classes/assets/textures/idle_right_down.png
07:50:14.324 [FXGL Background Thread 2 ] DEBUG FXGLAssetLoaderServi - Loading from file system: file:/E:/Labs/Gonvival/game/target/classes/assets/textures/idle_right_up.png
07:50:14.327 [FXGL Background Thread 2 ] DEBUG FXGLAssetLoaderServi - Loading from file system: file:/E:/Labs/Gonvival/game/target/classes/assets/textures/walk_left_down.png
07:50:14.329 [FXGL Background Thread 2 ] DEBUG FXGLAssetLoaderServi - Loading from file system: file:/E:/Labs/Gonvival/game/target/classes/assets/textures/walk_right_down.png
07:50:14.332 [FXGL Background Thread 2 ] DEBUG FXGLAssetLoaderServi - Loading from file system: file:/E:/Labs/Gonvival/game/target/classes/assets/textures/walk_up.png
07:50:14.337 [FXGL Background Thread 2 ] DEBUG FXGLAssetLoaderServi - Loading from file system: file:/E:/Labs/Gonvival/game/target/classes/assets/textures/walk_down.png
07:50:14.339 [FXGL Background Thread 2 ] DEBUG FXGLAssetLoaderServi - Loading from file system: file:/E:/Labs/Gonvival/game/target/classes/assets/textures/walk_left_up.png
07:50:14.343 [FXGL Background Thread 2 ] DEBUG FXGLAssetLoaderServi - Loading from file system: file:/E:/Labs/Gonvival/game/target/classes/assets/textures/walk_right_up.png
07:50:14.367 [FXGL Background Thread 2 ] INFO  FXGLApplication      - Game initialization took: 0.221 sec
07:50:14.418 [JavaFX Application Thread] DEBUG Input                - Clearing active input actions
07:50:14.430 [JavaFX Application Thread] DEBUG GameApplicationServi - Removing overlay from FXGLLoadingScene and adding to GameScene
07:50:14.431 [JavaFX Application Thread] DEBUG PrimaryStageWindow   - FXGLLoadingScene -> GameScene
07:50:14.526 [JavaFX Application Thread] DEBUG Input                - Registered new binding: SHOOT - LMB
07:50:14.527 [JavaFX Application Thread] DEBUG Input                - Registered new binding: MOVE LEFT - A
07:50:14.527 [JavaFX Application Thread] DEBUG Input                - Registered new binding: MOVE RIGHT - D
07:50:14.527 [JavaFX Application Thread] DEBUG Input                - Registered new binding: MOVE UP - W
07:50:14.528 [JavaFX Application Thread] DEBUG Input                - Registered new binding: MOVE DOWN - S
07:50:15.001 [JavaFX Application Thread] DEBUG FXGLAssetLoaderServi - Loading from file system: file:/E:/Labs/Gonvival/game/target/classes/assets/textures/arrow.png
07:50:15.133 [JavaFX Application Thread] DEBUG FXGLAssetLoaderServi - Loading from file system: file:/E:/Labs/Gonvival/game/target/classes/assets/textures/evil.png
07:50:15.970 [JavaFX Application Thread] DEBUG PrimaryStageWindow   - Push state: DialogSubScene
07:50:15.970 [JavaFX Application Thread] DEBUG Input                - Clearing active input actions
07:50:15.971 [JavaFX Application Thread] DEBUG GameApplicationServi - Removing overlay from GameScene and adding to DialogSubScene
07:50:15.972 [JavaFX Application Thread] DEBUG PrimaryStageWindow   - GameScene -> DialogSubScene
07:50:17.015 [JavaFX Application Thread] DEBUG PrimaryStageWindow   - Pop state: DialogSubScene
07:50:17.015 [JavaFX Application Thread] DEBUG Input                - Clearing active input actions
07:50:17.016 [JavaFX Application Thread] DEBUG GameApplicationServi - Removing overlay from DialogSubScene and adding to GameScene
07:50:17.016 [JavaFX Application Thread] DEBUG PrimaryStageWindow   - GameScene <- DialogSubScene
07:50:26.990 [JavaFX Application Thread] DEBUG PrimaryStageWindow   - Push state: DialogSubScene
07:50:26.990 [JavaFX Application Thread] DEBUG Input                - Clearing active input actions
07:50:26.991 [JavaFX Application Thread] DEBUG GameApplicationServi - Removing overlay from GameScene and adding to DialogSubScene
07:50:26.992 [JavaFX Application Thread] DEBUG PrimaryStageWindow   - GameScene -> DialogSubScene
07:50:28.055 [JavaFX Application Thread] DEBUG PrimaryStageWindow   - Pop state: DialogSubScene
07:50:28.055 [JavaFX Application Thread] DEBUG Input                - Clearing active input actions
07:50:28.056 [JavaFX Application Thread] DEBUG GameApplicationServi - Removing overlay from DialogSubScene and adding to GameScene
07:50:28.056 [JavaFX Application Thread] DEBUG PrimaryStageWindow   - GameScene <- DialogSubScene
07:50:28.056 [JavaFX Application Thread] DEBUG GameWorld            - Clearing game world
07:50:28.057 [JavaFX Application Thread] DEBUG Input                - Clearing active input actions
07:50:28.065 [JavaFX Application Thread] DEBUG GameApplicationServi - Removing overlay from GameScene and adding to FXGLMainMenuDummyScene
07:50:28.065 [JavaFX Application Thread] DEBUG PrimaryStageWindow   - GameScene -> FXGLMainMenuDummyScene
07:50:28.065 [JavaFX Application Thread] DEBUG PrimaryStageWindow   - Push state: StartScreen
07:50:28.066 [JavaFX Application Thread] DEBUG Input                - Clearing active input actions
07:50:28.069 [JavaFX Application Thread] DEBUG GameApplicationServi - Removing overlay from FXGLMainMenuDummyScene and adding to StartScreen
07:50:28.070 [JavaFX Application Thread] DEBUG PrimaryStageWindow   - FXGLMainMenuDummyScene -> StartScreen
07:50:30.623 [JavaFX Application Thread] DEBUG Menu                 - fireNewGame()
07:50:30.623 [JavaFX Application Thread] DEBUG GameApplicationServi - Starting new game
07:50:30.623 [JavaFX Application Thread] DEBUG PrimaryStageWindow   - Pop state: StartScreen
07:50:30.623 [JavaFX Application Thread] DEBUG Input                - Clearing active input actions
07:50:30.624 [JavaFX Application Thread] DEBUG GameApplicationServi - Removing overlay from StartScreen and adding to FXGLMainMenuDummyScene
07:50:30.624 [JavaFX Application Thread] DEBUG PrimaryStageWindow   - FXGLMainMenuDummyScene <- StartScreen
07:50:30.624 [JavaFX Application Thread] DEBUG Input                - Clearing active input actions
07:50:30.631 [JavaFX Application Thread] DEBUG GameApplicationServi - Removing overlay from FXGLMainMenuDummyScene and adding to FXGLLoadingScene
07:50:30.631 [JavaFX Application Thread] DEBUG PrimaryStageWindow   - FXGLMainMenuDummyScene -> FXGLLoadingScene
07:50:30.631 [JavaFX Application Thread] DEBUG GameApplicationServi - Clearing previous game
07:50:30.631 [JavaFX Application Thread] DEBUG GameScene            - Clearing game scene
07:50:30.631 [JavaFX Application Thread] DEBUG GameWorld            - Clearing game world
07:50:30.631 [JavaFX Application Thread] DEBUG PhysicsWorld         - Clearing physics world
07:50:30.635 [FXGL Background Thread 2 ] DEBUG FXGLApplication      - Initializing game
07:50:30.640 [FXGL Background Thread 2 ] INFO  FXGLApplication      - Game initialization took: 0.005 sec
07:50:30.670 [JavaFX Application Thread] DEBUG Input                - Clearing active input actions
07:50:30.681 [JavaFX Application Thread] DEBUG GameApplicationServi - Removing overlay from FXGLLoadingScene and adding to GameScene
07:50:30.681 [JavaFX Application Thread] DEBUG PrimaryStageWindow   - FXGLLoadingScene -> GameScene
07:50:32.686 [JavaFX Application Thread] DEBUG PrimaryStageWindow   - Push state: DialogSubScene
07:50:32.687 [JavaFX Application Thread] DEBUG Input                - Clearing active input actions
07:50:32.689 [JavaFX Application Thread] DEBUG GameApplicationServi - Removing overlay from GameScene and adding to DialogSubScene
07:50:32.689 [JavaFX Application Thread] DEBUG PrimaryStageWindow   - GameScene -> DialogSubScene
07:50:33.631 [JavaFX Application Thread] DEBUG PrimaryStageWindow   - Pop state: DialogSubScene
07:50:33.631 [JavaFX Application Thread] DEBUG Input                - Clearing active input actions
07:50:33.632 [JavaFX Application Thread] DEBUG GameApplicationServi - Removing overlay from DialogSubScene and adding to GameScene
07:50:33.632 [JavaFX Application Thread] DEBUG PrimaryStageWindow   - GameScene <- DialogSubScene
07:50:41.261 [JavaFX Application Thread] DEBUG PrimaryStageWindow   - Push state: DialogSubScene
07:50:41.261 [JavaFX Application Thread] DEBUG Input                - Clearing active input actions
07:50:41.262 [JavaFX Application Thread] DEBUG GameApplicationServi - Removing overlay from GameScene and adding to DialogSubScene
07:50:41.262 [JavaFX Application Thread] DEBUG PrimaryStageWindow   - GameScene -> DialogSubScene
07:50:42.199 [JavaFX Application Thread] DEBUG PrimaryStageWindow   - Pop state: DialogSubScene
07:50:42.199 [JavaFX Application Thread] DEBUG Input                - Clearing active input actions
07:50:42.199 [JavaFX Application Thread] DEBUG GameApplicationServi - Removing overlay from DialogSubScene and adding to GameScene
07:50:42.199 [JavaFX Application Thread] DEBUG PrimaryStageWindow   - GameScene <- DialogSubScene
07:50:42.200 [JavaFX Application Thread] DEBUG GameWorld            - Clearing game world
07:50:42.200 [JavaFX Application Thread] DEBUG Input                - Clearing active input actions
07:50:42.204 [JavaFX Application Thread] DEBUG GameApplicationServi - Removing overlay from GameScene and adding to FXGLMainMenuDummyScene
07:50:42.205 [JavaFX Application Thread] DEBUG PrimaryStageWindow   - GameScene -> FXGLMainMenuDummyScene
07:50:42.205 [JavaFX Application Thread] DEBUG PrimaryStageWindow   - Push state: StartScreen
07:50:42.205 [JavaFX Application Thread] DEBUG Input                - Clearing active input actions
07:50:42.206 [JavaFX Application Thread] DEBUG GameApplicationServi - Removing overlay from FXGLMainMenuDummyScene and adding to StartScreen
07:50:42.206 [JavaFX Application Thread] DEBUG PrimaryStageWindow   - FXGLMainMenuDummyScene -> StartScreen
07:50:43.214 [JavaFX Application Thread] DEBUG FXGLApplication      - Exiting FXGL
07:50:43.214 [JavaFX Application Thread] DEBUG LoopRunner           - Stopping loop
07:50:43.214 [JavaFX Application Thread] DEBUG SystemBundleService  - Saving FXGL system data
07:50:43.217 [JavaFX Application Thread] DEBUG FileSystemAccess     - Writing to: E:\Labs\Gonvival\system\fxgl.bundle
07:50:43.219 [JavaFX Application Thread] DEBUG Async                - Shutting down background threads
07:50:43.220 [JavaFX Application Thread] DEBUG PrimaryStageWindow   - Closing main window
07:50:43.239 [JavaFX Application Thread] DEBUG Logger               - Closing Logger
