02:36:34.667 [main                     ] DEBUG Logger               - Configured Logger
02:36:34.696 [main                     ] DEBUG GameApplication      - Logging settings
Title: Gonvival
Version: beta
Width: 800
Height: 800
Fullscreen: false
Intro: false
Profiling: false
Single step:false
App Mode: DEVELOPER
Menu Key: ESCAPE
Stage Style: DECORATED
Scene Factory: class com.almasb.fxgl.app.scene.SceneFactory

02:36:35.748 [JavaFX Application Thread] DEBUG FXGLApplication      - Initializing FXGL
02:36:35.752 [JavaFX Application Thread] INFO  Engine               - FXGL-21.1 (27.03.2024 07.52) on WINDOWS (J:21.0.5 FX:21.0.1)
02:36:35.753 [JavaFX Application Thread] DEBUG Engine               - JRE Vendor Name: Eclipse Adoptium
02:36:35.753 [JavaFX Application Thread] DEBUG Engine               - Running on OS: Windows 11 version 10.0
02:36:35.754 [JavaFX Application Thread] DEBUG Engine               - Architecture: amd64
02:36:35.754 [JavaFX Application Thread] INFO  Engine               - Source code and latest versions at: https://github.com/AlmasB/FXGL
02:36:35.755 [JavaFX Application Thread] INFO  Engine               -       Ask questions and discuss at: https://github.com/AlmasB/FXGL/discussions
02:36:35.755 [JavaFX Application Thread] INFO  Engine               -              Join the FXGL chat at: https://gitter.im/AlmasB/FXGL
02:36:35.883 [JavaFX Application Thread] DEBUG PrimaryStageWindow   - Creating a JavaFX scene
02:36:35.933 [JavaFX Application Thread] DEBUG PrimaryStageWindow   - Target settings size: 800.0 x 800.0
02:36:35.933 [JavaFX Application Thread] DEBUG PrimaryStageWindow   - Scaled scene size:    800.0 x 800.0
02:36:35.934 [JavaFX Application Thread] DEBUG PrimaryStageWindow   - Scaled ratio: (1.0, 1.0)
02:36:35.935 [JavaFX Application Thread] DEBUG PrimaryStageWindow   - Set initial scene to FXGLStartupScene
02:36:35.939 [JavaFX Application Thread] DEBUG PrimaryStageWindow   - Opening main window
02:36:36.109 [JavaFX Application Thread] DEBUG PrimaryStageWindow   - Window border size: (14.4000244140625, 37.5999755859375)
02:36:36.111 [JavaFX Application Thread] DEBUG PrimaryStageWindow   - Scaled size: 800.0 x 800.0
02:36:36.111 [JavaFX Application Thread] DEBUG PrimaryStageWindow   - Scaled ratio: (1.0, 1.0)
02:36:36.112 [JavaFX Application Thread] DEBUG PrimaryStageWindow   - Scene size: 800.0 x 800.0
02:36:36.113 [JavaFX Application Thread] DEBUG PrimaryStageWindow   - Stage size: 814.4000244140625 x 837.5999755859375
02:36:36.126 [FXGL Background Thread 1 ] DEBUG Engine               - Initializing environment variables
02:36:36.236 [FXGL Background Thread 1 ] DEBUG FXGLAssetLoaderServi - User app class for loading assets: class com.lab.App
02:36:36.236 [FXGL Background Thread 1 ] DEBUG GameApplicationServi - Applying CSS: fxgl_dark.css
02:36:36.237 [FXGL Background Thread 1 ] DEBUG FXGLAssetLoaderServi - Loading from file system: jar:file:/C:/Users/HP/.m2/repository/com/github/almasb/fxgl/21.1/fxgl-21.1.jar!/fxglassets/ui/css/fxgl_dark.css
02:36:36.281 [FXGL Background Thread 1 ] DEBUG GameApplicationServi - Initializing application scenes
02:36:36.340 [FXGL Background Thread 1 ] DEBUG GameWorld            - Game world initialized
02:36:36.422 [FXGL Background Thread 1 ] DEBUG PhysicsWorld         - Physics world initialized: appHeight=800, physics.ppm=50.0
02:36:36.422 [FXGL Background Thread 1 ] DEBUG PhysicsWorld         - Using strategy: BRUTE_FORCE
02:36:36.425 [FXGL Background Thread 1 ] DEBUG GameScene            - Game scene initialized: 800x800
02:36:36.439 [FXGL Background Thread 1 ] DEBUG FXGL.DefaultMenu     - createMenuBodyMainMenu()
02:36:36.454 [FXGL Background Thread 1 ] DEBUG FXGL.DefaultMenu     - createOptionsMenu()
02:36:36.464 [FXGL Background Thread 1 ] DEBUG FXGLAssetLoaderServi - Loading from file system: jar:file:/C:/Users/HP/.m2/repository/com/github/almasb/fxgl/21.1/fxgl-21.1.jar!/fxglassets/textures/particles/smoke.png
02:36:36.647 [FXGL Background Thread 1 ] DEBUG FXGLAssetLoaderServi - Loading from file system: jar:file:/C:/Users/HP/.m2/repository/com/github/almasb/fxgl/21.1/fxgl-21.1.jar!/fxglassets/textures/particles/trace_horizontal.png
02:36:36.680 [FXGL Background Thread 1 ] DEBUG FXGL.DefaultMenu     - createMenuBodyGameMenu()
02:36:36.681 [FXGL Background Thread 1 ] DEBUG FXGL.DefaultMenu     - createOptionsMenu()
02:36:36.696 [FXGL Background Thread 1 ] DEBUG GameApplicationServi - Application scenes initialized
02:36:36.714 [FXGL Background Thread 1 ] DEBUG SystemBundleService  - Loading FXGL system data
02:36:36.719 [FXGL Background Thread 1 ] DEBUG FileSystemAccess     - Reading from: D:\Gonvival\system\fxgl.bundle
02:36:36.735 [FXGL Background Thread 1 ] DEBUG SystemBundleService  - Bundle FXGL: {}
02:36:36.735 [FXGL Background Thread 1 ] DEBUG UpdaterService       - Checking for updates
02:36:36.742 [FXGL Background Thread 4 ] DEBUG FXGLApplication      - Loading fonts
02:36:36.742 [FXGL Background Thread 4 ] DEBUG FXGLAssetLoaderServi - Loading from file system: jar:file:/C:/Users/HP/.m2/repository/com/github/almasb/fxgl/21.1/fxgl-21.1.jar!/fxglassets/ui/fonts/VarelaRound-Regular.ttf
02:36:36.743 [FXGL Background Thread 1 ] DEBUG FXGLApplication      - Loading default localization
02:36:36.744 [FXGL Background Thread 1 ] DEBUG FXGLAssetLoaderServi - Loading from file system: jar:file:/C:/Users/HP/.m2/repository/com/github/almasb/fxgl/21.1/fxgl-21.1.jar!/fxglassets/languages/english.lang
02:36:36.825 [FXGL Background Thread 4 ] DEBUG FXGLAssetLoaderServi - Loading from file system: jar:file:/C:/Users/HP/.m2/repository/com/github/almasb/fxgl/21.1/fxgl-21.1.jar!/fxglassets/ui/fonts/Abel-Regular.ttf
02:36:36.829 [FXGL Background Thread 1 ] INFO  FXGLApplication      - FXGL initialization took: 0.703 sec
02:36:36.831 [FXGL Background Thread 4 ] DEBUG FXGLAssetLoaderServi - Loading from file system: jar:file:/C:/Users/HP/.m2/repository/com/github/almasb/fxgl/21.1/fxgl-21.1.jar!/fxglassets/ui/fonts/TerminalLandMono-Regular.otf
02:36:36.832 [JavaFX Application Thread] DEBUG LoopRunner           - Stopping loop
02:36:36.832 [JavaFX Application Thread] DEBUG LoopRunner           - Initializing JavaFX AnimationTimerLoop
02:36:36.838 [FXGL Background Thread 4 ] DEBUG FXGLAssetLoaderServi - Loading from file system: jar:file:/C:/Users/HP/.m2/repository/com/github/almasb/fxgl/21.1/fxgl-21.1.jar!/fxglassets/ui/fonts/Courier-Prime.ttf
02:36:36.841 [JavaFX Application Thread] FATAL FXGLApplication      - Uncaught Exception:
java.lang.NullPointerException: Cannot invoke "com.almasb.fxgl.entity.Entity.getComponentOptional(java.lang.Class)" because "com.lab.App.player" is null
	at com.lab.App.initInput(App.java:109)
	at com.almasb.fxgl.app.FXGLApplication$GameApplicationService.onMainLoopStarting(FXGLApplication.kt:548)
	at com.almasb.fxgl.app.Engine.startLoop(Engine.kt:154)
	at com.almasb.fxgl.app.FXGLApplication.startImpl$lambda$3(FXGLApplication.kt:147)
	at com.almasb.fxgl.core.concurrent.IOTask.succeed(IOTask.java:164)
	at com.almasb.fxgl.core.concurrent.IOTask$1.succeeded(IOTask.java:153)
	at javafx.concurrent.Task.setState(Task.java:726)
	at javafx.concurrent.Task$TaskCallable.lambda$call$1(Task.java:1410)
	at com.sun.javafx.application.PlatformImpl.lambda$runLater$10(PlatformImpl.java:456)
	at java.base/java.security.AccessController.doPrivileged(AccessController.java:400)
	at com.sun.javafx.application.PlatformImpl.lambda$runLater$11(PlatformImpl.java:455)
	at com.sun.glass.ui.InvokeLaterDispatcher$Future.run(InvokeLaterDispatcher.java:95)
	at com.sun.glass.ui.win.WinApplication._runLoop(Native Method)
	at com.sun.glass.ui.win.WinApplication.lambda$runLoop$3(WinApplication.java:185)
	at java.base/java.lang.Thread.run(Thread.java:1583)

02:36:36.842 [JavaFX Application Thread] FATAL FXGLApplication      - Application will now exit
02:36:36.883 [JavaFX Application Thread] DEBUG PrimaryStageWindow   - Push state: ErrorSubScene
02:36:36.884 [JavaFX Application Thread] DEBUG Input                - Clearing active input actions
02:36:36.901 [JavaFX Application Thread] DEBUG GameApplicationServi - Removing overlay from FXGLStartupScene and adding to ErrorSubScene
02:36:36.902 [JavaFX Application Thread] DEBUG PrimaryStageWindow   - FXGLStartupScene -> ErrorSubScene
02:36:36.902 [JavaFX Application Thread] DEBUG FXGLApplication      - Registering font factories with UI factory
02:36:39.741 [FXGL Background Thread 3 ] DEBUG Engine               - Logging environment variables
02:36:39.742 [FXGL Background Thread 3 ] DEBUG Engine               - achievements: []
02:36:39.742 [FXGL Background Thread 3 ] DEBUG Engine               - actualHeight: 800.0
02:36:39.742 [FXGL Background Thread 3 ] DEBUG Engine               - actualHeightProperty: ReadOnlyDoubleProperty [value: 800.0]
02:36:39.742 [FXGL Background Thread 3 ] DEBUG Engine               - actualWidth: 800.0
02:36:39.743 [FXGL Background Thread 3 ] DEBUG Engine               - actualWidthProperty: ReadOnlyDoubleProperty [value: 800.0]
02:36:39.743 [FXGL Background Thread 3 ] DEBUG Engine               - appIcon: fxgl_icon.png
02:36:39.743 [FXGL Background Thread 3 ] DEBUG Engine               - applicationMode: DEVELOPER
02:36:39.743 [FXGL Background Thread 3 ] DEBUG Engine               - cSSList: [fxgl_dark.css]
02:36:39.743 [FXGL Background Thread 3 ] DEBUG Engine               - collisionDetectionStrategy: BRUTE_FORCE
02:36:39.743 [FXGL Background Thread 3 ] DEBUG Engine               - configClass: Optional.empty
02:36:39.743 [FXGL Background Thread 3 ] DEBUG Engine               - credits: []
02:36:39.744 [FXGL Background Thread 3 ] DEBUG Engine               - defaultCursor: CursorInfo(imageName=fxgl_default_cursor.png, hotspotX=7.0, hotspotY=6.0)
02:36:39.744 [FXGL Background Thread 3 ] DEBUG Engine               - devBBoxColorProperty: ObjectProperty [value: 0xff0000ff]
02:36:39.744 [FXGL Background Thread 3 ] DEBUG Engine               - devEnableDebugCameraProperty: BooleanProperty [value: false]
02:36:39.744 [FXGL Background Thread 3 ] DEBUG Engine               - devSensorColorProperty: ObjectProperty [value: 0xffff00ff]
02:36:39.745 [FXGL Background Thread 3 ] DEBUG Engine               - devShowBBoxProperty: BooleanProperty [value: false]
02:36:39.745 [FXGL Background Thread 3 ] DEBUG Engine               - devShowPositionProperty: BooleanProperty [value: false]
02:36:39.745 [FXGL Background Thread 3 ] DEBUG Engine               - enabledMenuItems: []
02:36:39.745 [FXGL Background Thread 3 ] DEBUG Engine               - engineServices: [class com.almasb.fxgl.app.services.FXGLAssetLoaderService, class com.almasb.fxgl.app.FXGLApplication$GameApplicationService, class com.almasb.fxgl.app.services.FXGLDialogService, class com.almasb.fxgl.app.services.IOTaskExecutorService, class com.almasb.fxgl.io.FileSystemService, class com.almasb.fxgl.localization.LocalizationService, class com.almasb.fxgl.app.services.SystemBundleService, class com.almasb.fxgl.profile.SaveLoadService, class com.almasb.fxgl.ui.FXGLUIFactoryServiceProvider, class com.almasb.fxgl.ui.FXGLDialogFactoryServiceProvider, class com.almasb.fxgl.audio.AudioPlayer, class com.almasb.fxgl.notification.impl.NotificationServiceProvider, class com.almasb.fxgl.achievement.AchievementService, class com.almasb.fxgl.cutscene.CutsceneService, class com.almasb.fxgl.minigames.MiniGameService, class com.almasb.fxgl.net.NetService, class com.almasb.fxgl.app.services.UpdaterService, class com.almasb.fxgl.dev.DevService]
02:36:39.745 [FXGL Background Thread 3 ] DEBUG Engine               - fontGame: Abel-Regular.ttf
02:36:39.745 [FXGL Background Thread 3 ] DEBUG Engine               - fontMono: TerminalLandMono-Regular.otf
02:36:39.745 [FXGL Background Thread 3 ] DEBUG Engine               - fontSizeScaleUI: 1.0
02:36:39.745 [FXGL Background Thread 3 ] DEBUG Engine               - fontText: Courier-Prime.ttf
02:36:39.745 [FXGL Background Thread 3 ] DEBUG Engine               - fontUI: VarelaRound-Regular.ttf
02:36:39.745 [FXGL Background Thread 3 ] DEBUG Engine               - fullScreen: BooleanProperty [value: false]
02:36:39.745 [FXGL Background Thread 3 ] DEBUG Engine               - gameDifficulty: MEDIUM
02:36:39.745 [FXGL Background Thread 3 ] DEBUG Engine               - gameDifficultyProperty: ObjectProperty [value: MEDIUM]
02:36:39.746 [FXGL Background Thread 3 ] DEBUG Engine               - globalMusicVolume: 0.5
02:36:39.746 [FXGL Background Thread 3 ] DEBUG Engine               - globalMusicVolumeProperty: DoubleProperty [value: 0.5]
02:36:39.746 [FXGL Background Thread 3 ] DEBUG Engine               - globalSoundVolume: 0.5
02:36:39.746 [FXGL Background Thread 3 ] DEBUG Engine               - globalSoundVolumeProperty: DoubleProperty [value: 0.5]
02:36:39.746 [FXGL Background Thread 3 ] DEBUG Engine               - height: 800
02:36:39.747 [FXGL Background Thread 3 ] DEBUG Engine               - is3D: false
02:36:39.747 [FXGL Background Thread 3 ] DEBUG Engine               - isAndroid: false
02:36:39.747 [FXGL Background Thread 3 ] DEBUG Engine               - isBrowser: false
02:36:39.747 [FXGL Background Thread 3 ] DEBUG Engine               - isClickFeedbackEnabled: false
02:36:39.747 [FXGL Background Thread 3 ] DEBUG Engine               - isCloseConfirmation: false
02:36:39.747 [FXGL Background Thread 3 ] DEBUG Engine               - isDesktop: true
02:36:39.747 [FXGL Background Thread 3 ] DEBUG Engine               - isDeveloperMenuEnabled: false
02:36:39.747 [FXGL Background Thread 3 ] DEBUG Engine               - isEmbedded: false
02:36:39.747 [FXGL Background Thread 3 ] DEBUG Engine               - isEntityPreloadEnabled: true
02:36:39.748 [FXGL Background Thread 3 ] DEBUG Engine               - isExperimentalTiledLargeMap: false
02:36:39.748 [FXGL Background Thread 3 ] DEBUG Engine               - isFileSystemWriteAllowed: true
02:36:39.748 [FXGL Background Thread 3 ] DEBUG Engine               - isFullScreenAllowed: false
02:36:39.748 [FXGL Background Thread 3 ] DEBUG Engine               - isFullScreenFromStart: false
02:36:39.748 [FXGL Background Thread 3 ] DEBUG Engine               - isGameMenuEnabled: true
02:36:39.748 [FXGL Background Thread 3 ] DEBUG Engine               - isIOS: false
02:36:39.748 [FXGL Background Thread 3 ] DEBUG Engine               - isIntroEnabled: false
02:36:39.748 [FXGL Background Thread 3 ] DEBUG Engine               - isLinux: false
02:36:39.748 [FXGL Background Thread 3 ] DEBUG Engine               - isMac: false
02:36:39.748 [FXGL Background Thread 3 ] DEBUG Engine               - isMainMenuEnabled: true
02:36:39.748 [FXGL Background Thread 3 ] DEBUG Engine               - isManualResizeEnabled: false
02:36:39.749 [FXGL Background Thread 3 ] DEBUG Engine               - isMobile: false
02:36:39.749 [FXGL Background Thread 3 ] DEBUG Engine               - isNative: false
02:36:39.749 [FXGL Background Thread 3 ] DEBUG Engine               - isPauseMusicWhenMinimized: true
02:36:39.749 [FXGL Background Thread 3 ] DEBUG Engine               - isPreserveResizeRatio: false
02:36:39.749 [FXGL Background Thread 3 ] DEBUG Engine               - isProfilingEnabled: false
02:36:39.749 [FXGL Background Thread 3 ] DEBUG Engine               - isScaleAffectedOnResize: true
02:36:39.749 [FXGL Background Thread 3 ] DEBUG Engine               - isSingleStep: false
02:36:39.751 [FXGL Background Thread 3 ] DEBUG Engine               - isUserProfileEnabled: false
02:36:39.751 [FXGL Background Thread 3 ] DEBUG Engine               - isWindows: true
02:36:39.751 [FXGL Background Thread 3 ] DEBUG Engine               - language: ObjectProperty [value: ENGLISH]
02:36:39.751 [FXGL Background Thread 3 ] DEBUG Engine               - menuKey: ESCAPE
02:36:39.751 [FXGL Background Thread 3 ] DEBUG Engine               - mouseSensitivity: 0.2
02:36:39.752 [FXGL Background Thread 3 ] DEBUG Engine               - notificationViewClass: class com.almasb.fxgl.notification.view.XboxNotificationView
02:36:39.752 [FXGL Background Thread 3 ] DEBUG Engine               - pixelsPerMeter: 50.0
02:36:39.752 [FXGL Background Thread 3 ] DEBUG Engine               - platform: WINDOWS
02:36:39.752 [FXGL Background Thread 3 ] DEBUG Engine               - prefHeightProperty: ReadOnlyDoubleProperty [value: 800.0]
02:36:39.752 [FXGL Background Thread 3 ] DEBUG Engine               - prefWidthProperty: ReadOnlyDoubleProperty [value: 800.0]
02:36:39.752 [FXGL Background Thread 3 ] DEBUG Engine               - profileDir: profiles/
02:36:39.753 [FXGL Background Thread 3 ] DEBUG Engine               - profileName: StringProperty [value: DEFAULT]
02:36:39.753 [FXGL Background Thread 3 ] DEBUG Engine               - randomSeed: -1
02:36:39.753 [FXGL Background Thread 3 ] DEBUG Engine               - runtimeInfo: RuntimeInfo(platform=WINDOWS, version=21.1, build=27.03.2024 07.52)
02:36:39.754 [FXGL Background Thread 3 ] DEBUG Engine               - saveFileExt: sav
02:36:39.754 [FXGL Background Thread 3 ] DEBUG Engine               - scaledHeightProp$fxgl: DoubleProperty [bound, value: 800.0]
02:36:39.754 [FXGL Background Thread 3 ] DEBUG Engine               - scaledWidthProp$fxgl: DoubleProperty [bound, value: 800.0]
02:36:39.755 [FXGL Background Thread 3 ] DEBUG Engine               - sceneFactory: com.almasb.fxgl.app.scene.SceneFactory@61fdbf22
02:36:39.755 [FXGL Background Thread 3 ] DEBUG Engine               - secondsIn24h: 60
02:36:39.755 [FXGL Background Thread 3 ] DEBUG Engine               - soundMenuBack: menu/back.wav
02:36:39.755 [FXGL Background Thread 3 ] DEBUG Engine               - soundMenuPress: menu/press.wav
02:36:39.755 [FXGL Background Thread 3 ] DEBUG Engine               - soundMenuSelect: menu/select.wav
02:36:39.755 [FXGL Background Thread 3 ] DEBUG Engine               - soundNotification: core/notification.wav
02:36:39.755 [FXGL Background Thread 3 ] DEBUG Engine               - stageStyle: DECORATED
02:36:39.755 [FXGL Background Thread 3 ] DEBUG Engine               - supportedLanguages: [ENGLISH, FRENCH, GERMAN, HUNGARIAN, RUSSIAN]
02:36:39.755 [FXGL Background Thread 3 ] DEBUG Engine               - ticksPerSecond: -1
02:36:39.756 [FXGL Background Thread 3 ] DEBUG Engine               - title: Gonvival
02:36:39.756 [FXGL Background Thread 3 ] DEBUG Engine               - urlGithub: https://github.com/AlmasB/FXGL
02:36:39.756 [FXGL Background Thread 3 ] DEBUG Engine               - urlLeaderboard: http://fxgl-top.herokuapp.com/
02:36:39.756 [FXGL Background Thread 3 ] DEBUG Engine               - urlPOM: https://raw.githubusercontent.com/AlmasB/FXGL/release/README.md
02:36:39.756 [FXGL Background Thread 3 ] DEBUG Engine               - userAppClass: class com.lab.App
02:36:39.757 [FXGL Background Thread 3 ] DEBUG Engine               - version: beta
02:36:39.757 [FXGL Background Thread 3 ] DEBUG Engine               - versionCheckDays: 7
02:36:39.757 [FXGL Background Thread 3 ] DEBUG Engine               - width: 800
02:36:39.757 [FXGL Background Thread 3 ] DEBUG Engine               - Logging services
02:36:39.757 [FXGL Background Thread 3 ] DEBUG Engine               - class com.almasb.fxgl.app.services.FXGLAssetLoaderService
02:36:39.757 [FXGL Background Thread 3 ] DEBUG Engine               - class com.almasb.fxgl.app.FXGLApplication$GameApplicationService
02:36:39.757 [FXGL Background Thread 3 ] DEBUG Engine               - class com.almasb.fxgl.app.services.FXGLDialogService
02:36:39.757 [FXGL Background Thread 3 ] DEBUG Engine               - class com.almasb.fxgl.app.services.IOTaskExecutorService
02:36:39.757 [FXGL Background Thread 3 ] DEBUG Engine               - class com.almasb.fxgl.io.FileSystemService
02:36:39.758 [FXGL Background Thread 3 ] DEBUG Engine               - class com.almasb.fxgl.localization.LocalizationService
02:36:39.758 [FXGL Background Thread 3 ] DEBUG Engine               - class com.almasb.fxgl.app.services.SystemBundleService
02:36:39.758 [FXGL Background Thread 3 ] DEBUG Engine               - class com.almasb.fxgl.profile.SaveLoadService
02:36:39.758 [FXGL Background Thread 3 ] DEBUG Engine               - class com.almasb.fxgl.ui.FXGLUIFactoryServiceProvider
02:36:39.758 [FXGL Background Thread 3 ] DEBUG Engine               - class com.almasb.fxgl.ui.FXGLDialogFactoryServiceProvider
02:36:39.758 [FXGL Background Thread 3 ] DEBUG Engine               - class com.almasb.fxgl.audio.AudioPlayer
02:36:39.758 [FXGL Background Thread 3 ] DEBUG Engine               - class com.almasb.fxgl.notification.impl.NotificationServiceProvider
02:36:39.758 [FXGL Background Thread 3 ] DEBUG Engine               - class com.almasb.fxgl.achievement.AchievementService
02:36:39.758 [FXGL Background Thread 3 ] DEBUG Engine               - class com.almasb.fxgl.cutscene.CutsceneService
02:36:39.759 [FXGL Background Thread 3 ] DEBUG Engine               - class com.almasb.fxgl.minigames.MiniGameService
02:36:39.759 [FXGL Background Thread 3 ] DEBUG Engine               - class com.almasb.fxgl.net.NetService
02:36:39.759 [FXGL Background Thread 3 ] DEBUG Engine               - class com.almasb.fxgl.app.services.UpdaterService
02:36:39.759 [FXGL Background Thread 3 ] DEBUG Engine               - class com.almasb.fxgl.dev.DevService
02:43:20.086 [JavaFX Application Thread] DEBUG FXGLApplication      - Exiting FXGL
02:43:20.087 [JavaFX Application Thread] DEBUG Async                - Shutting down background threads
02:43:20.087 [JavaFX Application Thread] DEBUG PrimaryStageWindow   - Closing main window
02:43:20.165 [JavaFX Application Thread] DEBUG Logger               - Closing Logger
