14:21:39.514 [main                     ] DEBUG Logger               - Configured Logger
14:21:39.539 [main                     ] DEBUG GameApplication      - Logging settings
Title: Gonvival
Version: beta
Width: 800
Height: 800
Fullscreen: false
Intro: false
Profiling: false
Single step:false
App Mode: DEVELOPER
Menu Key: ESCAPE
Stage Style: DECORATED
Scene Factory: class com.lab.App$1

14:21:40.566 [JavaFX Application Thread] DEBUG FXGLApplication      - Initializing FXGL
14:21:40.575 [JavaFX Application Thread] INFO  Engine               - FXGL-21.1 (27.03.2024 07.52) on WINDOWS (J:21.0.5 FX:21.0.1)
14:21:40.577 [JavaFX Application Thread] DEBUG Engine               - JRE Vendor Name: Eclipse Adoptium
14:21:40.578 [JavaFX Application Thread] DEBUG Engine               - Running on OS: Windows 11 version 10.0
14:21:40.578 [JavaFX Application Thread] DEBUG Engine               - Architecture: amd64
14:21:40.579 [JavaFX Application Thread] INFO  Engine               - Source code and latest versions at: https://github.com/AlmasB/FXGL
14:21:40.579 [JavaFX Application Thread] INFO  Engine               -       Ask questions and discuss at: https://github.com/AlmasB/FXGL/discussions
14:21:40.580 [JavaFX Application Thread] INFO  Engine               -              Join the FXGL chat at: https://gitter.im/AlmasB/FXGL
14:21:40.732 [JavaFX Application Thread] DEBUG PrimaryStageWindow   - Creating a JavaFX scene
14:21:40.793 [JavaFX Application Thread] DEBUG PrimaryStageWindow   - Target settings size: 800.0 x 800.0
14:21:40.794 [JavaFX Application Thread] DEBUG PrimaryStageWindow   - Scaled scene size:    800.0 x 800.0
14:21:40.794 [JavaFX Application Thread] DEBUG PrimaryStageWindow   - Scaled ratio: (1.0, 1.0)
14:21:40.795 [JavaFX Application Thread] DEBUG PrimaryStageWindow   - Set initial scene to FXGLStartupScene
14:21:40.798 [JavaFX Application Thread] DEBUG PrimaryStageWindow   - Opening main window
14:21:40.997 [JavaFX Application Thread] DEBUG PrimaryStageWindow   - Window border size: (16.0, 39.0)
14:21:40.998 [JavaFX Application Thread] DEBUG PrimaryStageWindow   - Scaled size: 800.0 x 800.0
14:21:40.998 [JavaFX Application Thread] DEBUG PrimaryStageWindow   - Scaled ratio: (1.0, 1.0)
14:21:40.999 [JavaFX Application Thread] DEBUG PrimaryStageWindow   - Scene size: 800.0 x 800.0
14:21:40.999 [JavaFX Application Thread] DEBUG PrimaryStageWindow   - Stage size: 816.0 x 839.0
14:21:41.020 [FXGL Background Thread 1 ] DEBUG Engine               - Initializing environment variables
14:21:41.132 [FXGL Background Thread 1 ] DEBUG FXGLAssetLoaderServi - User app class for loading assets: class com.lab.App
14:21:41.132 [FXGL Background Thread 1 ] DEBUG GameApplicationServi - Applying CSS: fxgl_dark.css
14:21:41.133 [FXGL Background Thread 1 ] DEBUG FXGLAssetLoaderServi - Loading from file system: jar:file:/C:/Users/HP/.m2/repository/com/github/almasb/fxgl/21.1/fxgl-21.1.jar!/fxglassets/ui/css/fxgl_dark.css
14:21:41.189 [FXGL Background Thread 1 ] DEBUG GameApplicationServi - Initializing application scenes
14:21:41.271 [FXGL Background Thread 1 ] DEBUG GameWorld            - Game world initialized
14:21:41.389 [FXGL Background Thread 1 ] DEBUG PhysicsWorld         - Physics world initialized: appHeight=800, physics.ppm=50.0
14:21:41.389 [FXGL Background Thread 1 ] DEBUG PhysicsWorld         - Using strategy: BRUTE_FORCE
14:21:41.395 [FXGL Background Thread 1 ] DEBUG GameScene            - Game scene initialized: 800x800
14:21:41.400 [FXGL Background Thread 1 ] DEBUG FXGLAssetLoaderServi - Loading from file system: file:/D:/Gonvival/game/target/classes/assets/sounds/button_click.mp3
14:21:41.694 [FXGL Background Thread 1 ] DEBUG FXGL.DefaultMenu     - createMenuBodyGameMenu()
14:21:41.706 [FXGL Background Thread 1 ] DEBUG FXGL.DefaultMenu     - createOptionsMenu()
14:21:41.715 [FXGL Background Thread 1 ] DEBUG FXGLAssetLoaderServi - Loading from file system: jar:file:/C:/Users/HP/.m2/repository/com/github/almasb/fxgl/21.1/fxgl-21.1.jar!/fxglassets/textures/particles/smoke.png
14:21:41.920 [FXGL Background Thread 1 ] DEBUG FXGLAssetLoaderServi - Loading from file system: jar:file:/C:/Users/HP/.m2/repository/com/github/almasb/fxgl/21.1/fxgl-21.1.jar!/fxglassets/textures/particles/trace_horizontal.png
14:21:41.954 [FXGL Background Thread 1 ] DEBUG GameApplicationServi - Application scenes initialized
14:21:41.969 [FXGL Background Thread 1 ] DEBUG SystemBundleService  - Loading FXGL system data
14:21:41.979 [FXGL Background Thread 1 ] DEBUG FileSystemAccess     - Reading from: D:\Gonvival\system\fxgl.bundle
14:21:41.999 [FXGL Background Thread 1 ] DEBUG SystemBundleService  - Bundle FXGL: {}
14:21:41.999 [FXGL Background Thread 1 ] DEBUG UpdaterService       - Checking for updates
14:21:42.008 [FXGL Background Thread 4 ] DEBUG FXGLApplication      - Loading fonts
14:21:42.009 [FXGL Background Thread 4 ] DEBUG FXGLAssetLoaderServi - Loading from file system: jar:file:/C:/Users/HP/.m2/repository/com/github/almasb/fxgl/21.1/fxgl-21.1.jar!/fxglassets/ui/fonts/VarelaRound-Regular.ttf
14:21:42.010 [FXGL Background Thread 1 ] DEBUG FXGLApplication      - Loading default localization
14:21:42.011 [FXGL Background Thread 1 ] DEBUG FXGLAssetLoaderServi - Loading from file system: jar:file:/C:/Users/HP/.m2/repository/com/github/almasb/fxgl/21.1/fxgl-21.1.jar!/fxglassets/languages/english.lang
14:21:42.093 [FXGL Background Thread 4 ] DEBUG FXGLAssetLoaderServi - Loading from file system: jar:file:/C:/Users/HP/.m2/repository/com/github/almasb/fxgl/21.1/fxgl-21.1.jar!/fxglassets/ui/fonts/Abel-Regular.ttf
14:21:42.100 [FXGL Background Thread 1 ] INFO  FXGLApplication      - FXGL initialization took: 1.081 sec
14:21:42.101 [FXGL Background Thread 4 ] DEBUG FXGLAssetLoaderServi - Loading from file system: jar:file:/C:/Users/HP/.m2/repository/com/github/almasb/fxgl/21.1/fxgl-21.1.jar!/fxglassets/ui/fonts/TerminalLandMono-Regular.otf
14:21:42.108 [FXGL Background Thread 4 ] DEBUG FXGLAssetLoaderServi - Loading from file system: jar:file:/C:/Users/HP/.m2/repository/com/github/almasb/fxgl/21.1/fxgl-21.1.jar!/fxglassets/ui/fonts/Courier-Prime.ttf
14:21:42.143 [JavaFX Application Thread] DEBUG FXGLAssetLoaderServi - Loading from file system: jar:file:/C:/Users/HP/.m2/repository/com/github/almasb/fxgl/21.1/fxgl-21.1.jar!/fxglassets/textures/fxgl_icon.png
14:21:42.172 [JavaFX Application Thread] DEBUG FXGLAssetLoaderServi - Loading from file system: jar:file:/C:/Users/HP/.m2/repository/com/github/almasb/fxgl/21.1/fxgl-21.1.jar!/fxglassets/textures/fxgl_default_cursor.png
14:21:42.193 [JavaFX Application Thread] DEBUG Input                - Registered new binding: Screenshot - CTRL+8
14:21:42.194 [JavaFX Application Thread] DEBUG Input                - Registered new binding: System info dump - CTRL+9
14:21:42.194 [JavaFX Application Thread] DEBUG Input                - Registered new binding: Restart - CTRL+R
14:21:42.197 [JavaFX Application Thread] DEBUG Input                - Registered new binding: Toggle Debug Camera - CTRL+7
14:21:42.203 [JavaFX Application Thread] DEBUG LoopRunner           - Starting loop
14:21:42.203 [JavaFX Application Thread] DEBUG LoopRunner           - Initializing JavaFX AnimationTimerLoop
14:21:42.207 [JavaFX Application Thread] DEBUG Input                - Clearing active input actions
14:21:42.219 [JavaFX Application Thread] DEBUG GameApplicationServi - Removing overlay from FXGLStartupScene and adding to FXGLMainMenuDummyScene
14:21:42.221 [JavaFX Application Thread] DEBUG PrimaryStageWindow   - FXGLStartupScene -> FXGLMainMenuDummyScene
14:21:42.221 [JavaFX Application Thread] DEBUG PrimaryStageWindow   - Push state: StartScreen
14:21:42.221 [JavaFX Application Thread] DEBUG Input                - Clearing active input actions
14:21:42.242 [JavaFX Application Thread] DEBUG GameApplicationServi - Removing overlay from FXGLMainMenuDummyScene and adding to StartScreen
14:21:42.243 [JavaFX Application Thread] DEBUG PrimaryStageWindow   - FXGLMainMenuDummyScene -> StartScreen
14:21:42.243 [JavaFX Application Thread] DEBUG FXGLApplication      - Registering font factories with UI factory
14:21:43.409 [JavaFX Application Thread] DEBUG Menu                 - fireNewGame()
14:21:43.409 [JavaFX Application Thread] DEBUG GameApplicationServi - Starting new game
14:21:43.409 [JavaFX Application Thread] DEBUG PrimaryStageWindow   - Pop state: StartScreen
14:21:43.409 [JavaFX Application Thread] DEBUG Input                - Clearing active input actions
14:21:43.411 [JavaFX Application Thread] DEBUG GameApplicationServi - Removing overlay from StartScreen and adding to FXGLMainMenuDummyScene
14:21:43.412 [JavaFX Application Thread] DEBUG PrimaryStageWindow   - FXGLMainMenuDummyScene <- StartScreen
14:21:43.413 [JavaFX Application Thread] DEBUG Input                - Clearing active input actions
14:21:43.423 [JavaFX Application Thread] DEBUG GameApplicationServi - Removing overlay from FXGLMainMenuDummyScene and adding to FXGLLoadingScene
14:21:43.423 [JavaFX Application Thread] DEBUG PrimaryStageWindow   - FXGLMainMenuDummyScene -> FXGLLoadingScene
14:21:43.423 [JavaFX Application Thread] DEBUG GameApplicationServi - Clearing previous game
14:21:43.424 [JavaFX Application Thread] DEBUG GameScene            - Clearing game scene
14:21:43.424 [JavaFX Application Thread] DEBUG GameWorld            - Clearing game world
14:21:43.424 [JavaFX Application Thread] DEBUG PhysicsWorld         - Clearing physics world
14:21:43.427 [FXGL Background Thread 2 ] DEBUG FXGLApplication      - Initializing game
14:21:43.472 [FXGL Background Thread 2 ] DEBUG FXGLAssetLoaderServi - Loading from file system: file:/D:/Gonvival/game/target/classes/assets/textures/newmap2.png
14:21:43.570 [FXGL Background Thread 2 ] DEBUG FXGLAssetLoaderServi - Loading from file system: file:/D:/Gonvival/game/target/classes/assets/textures/idle_down.png
14:21:43.573 [FXGL Background Thread 2 ] DEBUG FXGLAssetLoaderServi - Loading from file system: file:/D:/Gonvival/game/target/classes/assets/textures/idle_up.png
14:21:43.575 [FXGL Background Thread 2 ] DEBUG FXGLAssetLoaderServi - Loading from file system: file:/D:/Gonvival/game/target/classes/assets/textures/idle_left_down.png
14:21:43.578 [FXGL Background Thread 2 ] DEBUG FXGLAssetLoaderServi - Loading from file system: file:/D:/Gonvival/game/target/classes/assets/textures/idle_left_up.png
14:21:43.579 [FXGL Background Thread 2 ] DEBUG FXGLAssetLoaderServi - Loading from file system: file:/D:/Gonvival/game/target/classes/assets/textures/idle_right_down.png
14:21:43.581 [FXGL Background Thread 2 ] DEBUG FXGLAssetLoaderServi - Loading from file system: file:/D:/Gonvival/game/target/classes/assets/textures/idle_right_up.png
14:21:43.582 [FXGL Background Thread 2 ] DEBUG FXGLAssetLoaderServi - Loading from file system: file:/D:/Gonvival/game/target/classes/assets/textures/walk_left_down.png
14:21:43.584 [FXGL Background Thread 2 ] DEBUG FXGLAssetLoaderServi - Loading from file system: file:/D:/Gonvival/game/target/classes/assets/textures/walk_right_down.png
14:21:43.585 [FXGL Background Thread 2 ] DEBUG FXGLAssetLoaderServi - Loading from file system: file:/D:/Gonvival/game/target/classes/assets/textures/walk_up.png
14:21:43.587 [FXGL Background Thread 2 ] DEBUG FXGLAssetLoaderServi - Loading from file system: file:/D:/Gonvival/game/target/classes/assets/textures/walk_down.png
14:21:43.589 [FXGL Background Thread 2 ] DEBUG FXGLAssetLoaderServi - Loading from file system: file:/D:/Gonvival/game/target/classes/assets/textures/walk_left_up.png
14:21:43.592 [FXGL Background Thread 2 ] DEBUG FXGLAssetLoaderServi - Loading from file system: file:/D:/Gonvival/game/target/classes/assets/textures/walk_right_up.png
14:21:43.607 [FXGL Background Thread 2 ] INFO  FXGLApplication      - Game initialization took: 0.180 sec
14:21:43.612 [JavaFX Application Thread] DEBUG Input                - Clearing active input actions
14:21:43.618 [JavaFX Application Thread] DEBUG GameApplicationServi - Removing overlay from FXGLLoadingScene and adding to GameScene
14:21:43.618 [JavaFX Application Thread] DEBUG PrimaryStageWindow   - FXGLLoadingScene -> GameScene
14:21:43.708 [JavaFX Application Thread] DEBUG Input                - Registered new binding: SHOOT - LMB
14:21:43.709 [JavaFX Application Thread] DEBUG Input                - Registered new binding: MOVE LEFT - A
14:21:43.711 [JavaFX Application Thread] DEBUG Input                - Registered new binding: MOVE RIGHT - D
14:21:43.711 [JavaFX Application Thread] DEBUG Input                - Registered new binding: MOVE UP - W
14:21:43.712 [JavaFX Application Thread] DEBUG Input                - Registered new binding: MOVE DOWN - S
14:21:44.461 [JavaFX Application Thread] DEBUG FXGLAssetLoaderServi - Loading from file system: file:/D:/Gonvival/game/target/classes/assets/textures/GraveRevenant.png
14:21:45.005 [FXGL Background Thread 3 ] DEBUG Engine               - Logging environment variables
14:21:45.007 [FXGL Background Thread 3 ] DEBUG Engine               - achievements: []
14:21:45.007 [FXGL Background Thread 3 ] DEBUG Engine               - actualHeight: 800.0
14:21:45.007 [FXGL Background Thread 3 ] DEBUG Engine               - actualHeightProperty: ReadOnlyDoubleProperty [value: 800.0]
14:21:45.007 [FXGL Background Thread 3 ] DEBUG Engine               - actualWidth: 800.0
14:21:45.007 [FXGL Background Thread 3 ] DEBUG Engine               - actualWidthProperty: ReadOnlyDoubleProperty [value: 800.0]
14:21:45.007 [FXGL Background Thread 3 ] DEBUG Engine               - appIcon: fxgl_icon.png
14:21:45.007 [FXGL Background Thread 3 ] DEBUG Engine               - applicationMode: DEVELOPER
14:21:45.007 [FXGL Background Thread 3 ] DEBUG Engine               - cSSList: [fxgl_dark.css]
14:21:45.008 [FXGL Background Thread 3 ] DEBUG Engine               - collisionDetectionStrategy: BRUTE_FORCE
14:21:45.008 [FXGL Background Thread 3 ] DEBUG Engine               - configClass: Optional.empty
14:21:45.008 [FXGL Background Thread 3 ] DEBUG Engine               - credits: []
14:21:45.009 [FXGL Background Thread 3 ] DEBUG Engine               - defaultCursor: CursorInfo(imageName=fxgl_default_cursor.png, hotspotX=7.0, hotspotY=6.0)
14:21:45.010 [FXGL Background Thread 3 ] DEBUG Engine               - devBBoxColorProperty: ObjectProperty [value: 0xff0000ff]
14:21:45.010 [FXGL Background Thread 3 ] DEBUG Engine               - devEnableDebugCameraProperty: BooleanProperty [value: false]
14:21:45.010 [FXGL Background Thread 3 ] DEBUG Engine               - devSensorColorProperty: ObjectProperty [value: 0xffff00ff]
14:21:45.010 [FXGL Background Thread 3 ] DEBUG Engine               - devShowBBoxProperty: BooleanProperty [value: false]
14:21:45.010 [FXGL Background Thread 3 ] DEBUG Engine               - devShowPositionProperty: BooleanProperty [value: false]
14:21:45.012 [FXGL Background Thread 3 ] DEBUG Engine               - enabledMenuItems: []
14:21:45.012 [FXGL Background Thread 3 ] DEBUG Engine               - engineServices: [class com.almasb.fxgl.app.services.FXGLAssetLoaderService, class com.almasb.fxgl.app.FXGLApplication$GameApplicationService, class com.almasb.fxgl.app.services.FXGLDialogService, class com.almasb.fxgl.app.services.IOTaskExecutorService, class com.almasb.fxgl.io.FileSystemService, class com.almasb.fxgl.localization.LocalizationService, class com.almasb.fxgl.app.services.SystemBundleService, class com.almasb.fxgl.profile.SaveLoadService, class com.almasb.fxgl.ui.FXGLUIFactoryServiceProvider, class com.almasb.fxgl.ui.FXGLDialogFactoryServiceProvider, class com.almasb.fxgl.audio.AudioPlayer, class com.almasb.fxgl.notification.impl.NotificationServiceProvider, class com.almasb.fxgl.achievement.AchievementService, class com.almasb.fxgl.cutscene.CutsceneService, class com.almasb.fxgl.minigames.MiniGameService, class com.almasb.fxgl.net.NetService, class com.almasb.fxgl.app.services.UpdaterService, class com.almasb.fxgl.dev.DevService]
14:21:45.012 [FXGL Background Thread 3 ] DEBUG Engine               - fontGame: Abel-Regular.ttf
14:21:45.012 [FXGL Background Thread 3 ] DEBUG Engine               - fontMono: TerminalLandMono-Regular.otf
14:21:45.012 [FXGL Background Thread 3 ] DEBUG Engine               - fontSizeScaleUI: 1.0
14:21:45.013 [FXGL Background Thread 3 ] DEBUG Engine               - fontText: Courier-Prime.ttf
14:21:45.013 [FXGL Background Thread 3 ] DEBUG Engine               - fontUI: VarelaRound-Regular.ttf
14:21:45.013 [FXGL Background Thread 3 ] DEBUG Engine               - fullScreen: BooleanProperty [value: false]
14:21:45.014 [FXGL Background Thread 3 ] DEBUG Engine               - gameDifficulty: MEDIUM
14:21:45.014 [FXGL Background Thread 3 ] DEBUG Engine               - gameDifficultyProperty: ObjectProperty [value: MEDIUM]
14:21:45.014 [FXGL Background Thread 3 ] DEBUG Engine               - globalMusicVolume: 0.5
14:21:45.014 [FXGL Background Thread 3 ] DEBUG Engine               - globalMusicVolumeProperty: DoubleProperty [value: 1.0]
14:21:45.014 [FXGL Background Thread 3 ] DEBUG Engine               - globalSoundVolume: 0.5
14:21:45.014 [FXGL Background Thread 3 ] DEBUG Engine               - globalSoundVolumeProperty: DoubleProperty [value: 1.0]
14:21:45.014 [FXGL Background Thread 3 ] DEBUG Engine               - height: 800
14:21:45.015 [FXGL Background Thread 3 ] DEBUG Engine               - is3D: false
14:21:45.015 [FXGL Background Thread 3 ] DEBUG Engine               - isAndroid: false
14:21:45.015 [FXGL Background Thread 3 ] DEBUG Engine               - isBrowser: false
14:21:45.015 [FXGL Background Thread 3 ] DEBUG Engine               - isClickFeedbackEnabled: false
14:21:45.015 [FXGL Background Thread 3 ] DEBUG Engine               - isCloseConfirmation: false
14:21:45.015 [FXGL Background Thread 3 ] DEBUG Engine               - isDesktop: true
14:21:45.015 [FXGL Background Thread 3 ] DEBUG Engine               - isDeveloperMenuEnabled: false
14:21:45.015 [FXGL Background Thread 3 ] DEBUG Engine               - isEmbedded: false
14:21:45.015 [FXGL Background Thread 3 ] DEBUG Engine               - isEntityPreloadEnabled: true
14:21:45.016 [FXGL Background Thread 3 ] DEBUG Engine               - isExperimentalTiledLargeMap: false
14:21:45.016 [FXGL Background Thread 3 ] DEBUG Engine               - isFileSystemWriteAllowed: true
14:21:45.016 [FXGL Background Thread 3 ] DEBUG Engine               - isFullScreenAllowed: false
14:21:45.016 [FXGL Background Thread 3 ] DEBUG Engine               - isFullScreenFromStart: false
14:21:45.017 [FXGL Background Thread 3 ] DEBUG Engine               - isGameMenuEnabled: true
14:21:45.017 [FXGL Background Thread 3 ] DEBUG Engine               - isIOS: false
14:21:45.017 [FXGL Background Thread 3 ] DEBUG Engine               - isIntroEnabled: false
14:21:45.017 [FXGL Background Thread 3 ] DEBUG Engine               - isLinux: false
14:21:45.017 [FXGL Background Thread 3 ] DEBUG Engine               - isMac: false
14:21:45.018 [FXGL Background Thread 3 ] DEBUG Engine               - isMainMenuEnabled: true
14:21:45.018 [FXGL Background Thread 3 ] DEBUG Engine               - isManualResizeEnabled: false
14:21:45.018 [FXGL Background Thread 3 ] DEBUG Engine               - isMobile: false
14:21:45.018 [FXGL Background Thread 3 ] DEBUG Engine               - isNative: false
14:21:45.018 [FXGL Background Thread 3 ] DEBUG Engine               - isPauseMusicWhenMinimized: true
14:21:45.018 [FXGL Background Thread 3 ] DEBUG Engine               - isPreserveResizeRatio: false
14:21:45.018 [FXGL Background Thread 3 ] DEBUG Engine               - isProfilingEnabled: false
14:21:45.018 [FXGL Background Thread 3 ] DEBUG Engine               - isScaleAffectedOnResize: true
14:21:45.018 [FXGL Background Thread 3 ] DEBUG Engine               - isSingleStep: false
14:21:45.018 [FXGL Background Thread 3 ] DEBUG Engine               - isUserProfileEnabled: false
14:21:45.019 [FXGL Background Thread 3 ] DEBUG Engine               - isWindows: true
14:21:45.020 [FXGL Background Thread 3 ] DEBUG Engine               - language: ObjectProperty [value: ENGLISH]
14:21:45.020 [FXGL Background Thread 3 ] DEBUG Engine               - menuKey: ESCAPE
14:21:45.020 [FXGL Background Thread 3 ] DEBUG Engine               - mouseSensitivity: 0.2
14:21:45.021 [FXGL Background Thread 3 ] DEBUG Engine               - notificationViewClass: class com.almasb.fxgl.notification.view.XboxNotificationView
14:21:45.021 [FXGL Background Thread 3 ] DEBUG Engine               - pixelsPerMeter: 50.0
14:21:45.021 [FXGL Background Thread 3 ] DEBUG Engine               - platform: WINDOWS
14:21:45.021 [FXGL Background Thread 3 ] DEBUG Engine               - prefHeightProperty: ReadOnlyDoubleProperty [value: 800.0]
14:21:45.021 [FXGL Background Thread 3 ] DEBUG Engine               - prefWidthProperty: ReadOnlyDoubleProperty [value: 800.0]
14:21:45.022 [FXGL Background Thread 3 ] DEBUG Engine               - profileDir: profiles/
14:21:45.022 [FXGL Background Thread 3 ] DEBUG Engine               - profileName: StringProperty [value: DEFAULT]
14:21:45.022 [FXGL Background Thread 3 ] DEBUG Engine               - randomSeed: -1
14:21:45.023 [FXGL Background Thread 3 ] DEBUG Engine               - runtimeInfo: RuntimeInfo(platform=WINDOWS, version=21.1, build=27.03.2024 07.52)
14:21:45.024 [FXGL Background Thread 3 ] DEBUG Engine               - saveFileExt: sav
14:21:45.024 [FXGL Background Thread 3 ] DEBUG Engine               - scaledHeightProp$fxgl: DoubleProperty [bound, value: 800.0]
14:21:45.025 [FXGL Background Thread 3 ] DEBUG Engine               - scaledWidthProp$fxgl: DoubleProperty [bound, value: 800.0]
14:21:45.025 [FXGL Background Thread 3 ] DEBUG Engine               - sceneFactory: com.lab.App$1@35e1a6ce
14:21:45.025 [FXGL Background Thread 3 ] DEBUG Engine               - secondsIn24h: 60
14:21:45.025 [FXGL Background Thread 3 ] DEBUG Engine               - soundMenuBack: menu/back.wav
14:21:45.026 [FXGL Background Thread 3 ] DEBUG Engine               - soundMenuPress: menu/press.wav
14:21:45.026 [FXGL Background Thread 3 ] DEBUG Engine               - soundMenuSelect: menu/select.wav
14:21:45.026 [FXGL Background Thread 3 ] DEBUG Engine               - soundNotification: core/notification.wav
14:21:45.026 [FXGL Background Thread 3 ] DEBUG Engine               - stageStyle: DECORATED
14:21:45.026 [FXGL Background Thread 3 ] DEBUG Engine               - supportedLanguages: [ENGLISH, FRENCH, GERMAN, HUNGARIAN, RUSSIAN]
14:21:45.027 [FXGL Background Thread 3 ] DEBUG Engine               - ticksPerSecond: -1
14:21:45.027 [FXGL Background Thread 3 ] DEBUG Engine               - title: Gonvival
14:21:45.027 [FXGL Background Thread 3 ] DEBUG Engine               - urlGithub: https://github.com/AlmasB/FXGL
14:21:45.027 [FXGL Background Thread 3 ] DEBUG Engine               - urlLeaderboard: http://fxgl-top.herokuapp.com/
14:21:45.028 [FXGL Background Thread 3 ] DEBUG Engine               - urlPOM: https://raw.githubusercontent.com/AlmasB/FXGL/release/README.md
14:21:45.028 [FXGL Background Thread 3 ] DEBUG Engine               - userAppClass: class com.lab.App
14:21:45.028 [FXGL Background Thread 3 ] DEBUG Engine               - version: beta
14:21:45.028 [FXGL Background Thread 3 ] DEBUG Engine               - versionCheckDays: 7
14:21:45.029 [FXGL Background Thread 3 ] DEBUG Engine               - width: 800
14:21:45.029 [FXGL Background Thread 3 ] DEBUG Engine               - Logging services
14:21:45.029 [FXGL Background Thread 3 ] DEBUG Engine               - class com.almasb.fxgl.app.services.FXGLAssetLoaderService
14:21:45.029 [FXGL Background Thread 3 ] DEBUG Engine               - class com.almasb.fxgl.app.FXGLApplication$GameApplicationService
14:21:45.029 [FXGL Background Thread 3 ] DEBUG Engine               - class com.almasb.fxgl.app.services.FXGLDialogService
14:21:45.029 [FXGL Background Thread 3 ] DEBUG Engine               - class com.almasb.fxgl.app.services.IOTaskExecutorService
14:21:45.029 [FXGL Background Thread 3 ] DEBUG Engine               - class com.almasb.fxgl.io.FileSystemService
14:21:45.029 [FXGL Background Thread 3 ] DEBUG Engine               - class com.almasb.fxgl.localization.LocalizationService
14:21:45.030 [FXGL Background Thread 3 ] DEBUG Engine               - class com.almasb.fxgl.app.services.SystemBundleService
14:21:45.030 [FXGL Background Thread 3 ] DEBUG Engine               - class com.almasb.fxgl.profile.SaveLoadService
14:21:45.030 [FXGL Background Thread 3 ] DEBUG Engine               - class com.almasb.fxgl.ui.FXGLUIFactoryServiceProvider
14:21:45.030 [FXGL Background Thread 3 ] DEBUG Engine               - class com.almasb.fxgl.ui.FXGLDialogFactoryServiceProvider
14:21:45.030 [FXGL Background Thread 3 ] DEBUG Engine               - class com.almasb.fxgl.audio.AudioPlayer
14:21:45.030 [FXGL Background Thread 3 ] DEBUG Engine               - class com.almasb.fxgl.notification.impl.NotificationServiceProvider
14:21:45.030 [FXGL Background Thread 3 ] DEBUG Engine               - class com.almasb.fxgl.achievement.AchievementService
14:21:45.030 [FXGL Background Thread 3 ] DEBUG Engine               - class com.almasb.fxgl.cutscene.CutsceneService
14:21:45.030 [FXGL Background Thread 3 ] DEBUG Engine               - class com.almasb.fxgl.minigames.MiniGameService
14:21:45.030 [FXGL Background Thread 3 ] DEBUG Engine               - class com.almasb.fxgl.net.NetService
14:21:45.030 [FXGL Background Thread 3 ] DEBUG Engine               - class com.almasb.fxgl.app.services.UpdaterService
14:21:45.031 [FXGL Background Thread 3 ] DEBUG Engine               - class com.almasb.fxgl.dev.DevService
14:21:45.098 [JavaFX Application Thread] DEBUG FXGLAssetLoaderServi - Loading from file system: file:/D:/Gonvival/game/target/classes/assets/textures/arrow.png
14:21:45.151 [JavaFX Application Thread] DEBUG PrimaryStageWindow   - Push state: DialogSubScene
14:21:45.152 [JavaFX Application Thread] DEBUG Input                - Clearing active input actions
14:21:45.153 [JavaFX Application Thread] DEBUG GameApplicationServi - Removing overlay from GameScene and adding to DialogSubScene
14:21:45.153 [JavaFX Application Thread] DEBUG PrimaryStageWindow   - GameScene -> DialogSubScene
14:21:45.885 [JavaFX Application Thread] DEBUG PrimaryStageWindow   - Pop state: DialogSubScene
14:21:45.887 [JavaFX Application Thread] DEBUG Input                - Clearing active input actions
14:21:45.887 [JavaFX Application Thread] DEBUG GameApplicationServi - Removing overlay from DialogSubScene and adding to GameScene
14:21:45.887 [JavaFX Application Thread] DEBUG PrimaryStageWindow   - GameScene <- DialogSubScene
14:21:46.695 [JavaFX Application Thread] DEBUG PrimaryStageWindow   - Push state: FXGLDefaultMenu
14:21:46.699 [JavaFX Application Thread] DEBUG Input                - Clearing active input actions
14:21:46.700 [JavaFX Application Thread] DEBUG GameApplicationServi - Removing overlay from GameScene and adding to FXGLDefaultMenu
14:21:46.701 [JavaFX Application Thread] DEBUG PrimaryStageWindow   - GameScene -> FXGLDefaultMenu
14:22:36.294 [JavaFX Application Thread] DEBUG Menu                 - fireResume()
14:22:36.298 [JavaFX Application Thread] DEBUG PrimaryStageWindow   - Pop state: FXGLDefaultMenu
14:22:36.299 [JavaFX Application Thread] DEBUG Input                - Clearing active input actions
14:22:36.301 [JavaFX Application Thread] DEBUG GameApplicationServi - Removing overlay from FXGLDefaultMenu and adding to GameScene
14:22:36.301 [JavaFX Application Thread] DEBUG PrimaryStageWindow   - GameScene <- FXGLDefaultMenu
14:22:37.830 [JavaFX Application Thread] DEBUG FXGLApplication      - Exiting FXGL
14:22:37.830 [JavaFX Application Thread] DEBUG LoopRunner           - Stopping loop
14:22:37.830 [JavaFX Application Thread] DEBUG SystemBundleService  - Saving FXGL system data
14:22:37.834 [JavaFX Application Thread] DEBUG FileSystemAccess     - Writing to: D:\Gonvival\system\fxgl.bundle
14:22:37.837 [JavaFX Application Thread] DEBUG Async                - Shutting down background threads
14:22:37.838 [JavaFX Application Thread] DEBUG PrimaryStageWindow   - Closing main window
14:22:37.914 [JavaFX Application Thread] DEBUG Logger               - Closing Logger
