23:22:28.631 [main                     ] DEBUG Logger               - Configured Logger
23:22:28.658 [main                     ] DEBUG GameApplication      - Logging settings
Title: Gonvival
Version: beta
Width: 800
Height: 600
Fullscreen: false
Intro: false
Profiling: false
Single step:false
App Mode: DEVELOPER
Menu Key: ESCAPE
Stage Style: DECORATED
Scene Factory: class com.almasb.fxgl.app.scene.SceneFactory

23:22:29.737 [JavaFX Application Thread] DEBUG FXGLApplication      - Initializing FXGL
23:22:29.741 [JavaFX Application Thread] INFO  Engine               - FXGL-21.1 (27.03.2024 07.52) on WINDOWS (J:21.0.5 FX:21.0.1)
23:22:29.741 [JavaFX Application Thread] DEBUG Engine               - JRE Vendor Name: Eclipse Adoptium
23:22:29.741 [JavaFX Application Thread] DEBUG Engine               - Running on OS: Windows 11 version 10.0
23:22:29.742 [JavaFX Application Thread] DEBUG Engine               - Architecture: amd64
23:22:29.742 [JavaFX Application Thread] INFO  Engine               - Source code and latest versions at: https://github.com/AlmasB/FXGL
23:22:29.742 [JavaFX Application Thread] INFO  Engine               -       Ask questions and discuss at: https://github.com/AlmasB/FXGL/discussions
23:22:29.742 [JavaFX Application Thread] INFO  Engine               -              Join the FXGL chat at: https://gitter.im/AlmasB/FXGL
23:22:29.872 [JavaFX Application Thread] DEBUG PrimaryStageWindow   - Creating a JavaFX scene
23:22:29.945 [JavaFX Application Thread] DEBUG PrimaryStageWindow   - Target settings size: 800.0 x 600.0
23:22:29.945 [JavaFX Application Thread] DEBUG PrimaryStageWindow   - Scaled scene size:    800.0 x 600.0
23:22:29.945 [JavaFX Application Thread] DEBUG PrimaryStageWindow   - Scaled ratio: (1.0, 1.0)
23:22:29.947 [JavaFX Application Thread] DEBUG PrimaryStageWindow   - Set initial scene to FXGLStartupScene
23:22:29.949 [JavaFX Application Thread] DEBUG PrimaryStageWindow   - Opening main window
23:22:30.148 [JavaFX Application Thread] DEBUG PrimaryStageWindow   - Window border size: (14.4000244140625, 37.5999755859375)
23:22:30.149 [JavaFX Application Thread] DEBUG PrimaryStageWindow   - Scaled size: 800.0 x 600.0
23:22:30.149 [JavaFX Application Thread] DEBUG PrimaryStageWindow   - Scaled ratio: (1.0, 1.0)
23:22:30.149 [JavaFX Application Thread] DEBUG PrimaryStageWindow   - Scene size: 800.0 x 600.0
23:22:30.149 [JavaFX Application Thread] DEBUG PrimaryStageWindow   - Stage size: 814.4000244140625 x 637.5999755859375
23:22:30.178 [FXGL Background Thread 1 ] DEBUG Engine               - Initializing environment variables
23:22:30.367 [FXGL Background Thread 1 ] DEBUG FXGLAssetLoaderServi - User app class for loading assets: class com.lab.App
23:22:30.368 [FXGL Background Thread 1 ] DEBUG GameApplicationServi - Applying CSS: fxgl_dark.css
23:22:30.369 [FXGL Background Thread 1 ] DEBUG FXGLAssetLoaderServi - Loading from file system: jar:file:/C:/Users/HP/.m2/repository/com/github/almasb/fxgl/21.1/fxgl-21.1.jar!/fxglassets/ui/css/fxgl_dark.css
23:22:30.435 [FXGL Background Thread 1 ] DEBUG GameApplicationServi - Initializing application scenes
23:22:30.517 [FXGL Background Thread 1 ] DEBUG GameWorld            - Game world initialized
23:22:30.635 [FXGL Background Thread 1 ] DEBUG PhysicsWorld         - Physics world initialized: appHeight=600, physics.ppm=50.0
23:22:30.636 [FXGL Background Thread 1 ] DEBUG PhysicsWorld         - Using strategy: BRUTE_FORCE
23:22:30.641 [FXGL Background Thread 1 ] DEBUG GameScene            - Game scene initialized: 800x600
23:22:30.668 [FXGL Background Thread 1 ] DEBUG FXGL.DefaultMenu     - createMenuBodyGameMenu()
23:22:30.690 [FXGL Background Thread 1 ] DEBUG FXGL.DefaultMenu     - createOptionsMenu()
23:22:30.706 [FXGL Background Thread 1 ] DEBUG FXGLAssetLoaderServi - Loading from file system: jar:file:/C:/Users/HP/.m2/repository/com/github/almasb/fxgl/21.1/fxgl-21.1.jar!/fxglassets/textures/particles/smoke.png
23:22:30.861 [FXGL Background Thread 1 ] DEBUG FXGLAssetLoaderServi - Loading from file system: jar:file:/C:/Users/HP/.m2/repository/com/github/almasb/fxgl/21.1/fxgl-21.1.jar!/fxglassets/textures/particles/trace_horizontal.png
23:22:30.891 [FXGL Background Thread 1 ] DEBUG GameApplicationServi - Application scenes initialized
23:22:30.912 [FXGL Background Thread 1 ] DEBUG SystemBundleService  - Loading FXGL system data
23:22:30.918 [FXGL Background Thread 1 ] DEBUG FileSystemAccess     - Reading from: D:\Gonvival\system\fxgl.bundle
23:22:30.932 [FXGL Background Thread 1 ] DEBUG SystemBundleService  - Bundle FXGL: {}
23:22:30.932 [FXGL Background Thread 1 ] DEBUG UpdaterService       - Checking for updates
23:22:30.939 [FXGL Background Thread 4 ] DEBUG FXGLApplication      - Loading fonts
23:22:30.940 [FXGL Background Thread 4 ] DEBUG FXGLAssetLoaderServi - Loading from file system: jar:file:/C:/Users/HP/.m2/repository/com/github/almasb/fxgl/21.1/fxgl-21.1.jar!/fxglassets/ui/fonts/VarelaRound-Regular.ttf
23:22:30.940 [FXGL Background Thread 1 ] DEBUG FXGLApplication      - Loading default localization
23:22:30.942 [FXGL Background Thread 1 ] DEBUG FXGLAssetLoaderServi - Loading from file system: jar:file:/C:/Users/HP/.m2/repository/com/github/almasb/fxgl/21.1/fxgl-21.1.jar!/fxglassets/languages/english.lang
23:22:31.021 [FXGL Background Thread 4 ] DEBUG FXGLAssetLoaderServi - Loading from file system: jar:file:/C:/Users/HP/.m2/repository/com/github/almasb/fxgl/21.1/fxgl-21.1.jar!/fxglassets/ui/fonts/Abel-Regular.ttf
23:22:31.024 [FXGL Background Thread 1 ] INFO  FXGLApplication      - FXGL initialization took: 0.845 sec
23:22:31.027 [FXGL Background Thread 4 ] DEBUG FXGLAssetLoaderServi - Loading from file system: jar:file:/C:/Users/HP/.m2/repository/com/github/almasb/fxgl/21.1/fxgl-21.1.jar!/fxglassets/ui/fonts/TerminalLandMono-Regular.otf
23:22:31.032 [FXGL Background Thread 4 ] DEBUG FXGLAssetLoaderServi - Loading from file system: jar:file:/C:/Users/HP/.m2/repository/com/github/almasb/fxgl/21.1/fxgl-21.1.jar!/fxglassets/ui/fonts/Courier-Prime.ttf
23:22:31.042 [JavaFX Application Thread] DEBUG Input                - Registered new binding: Shoot - LMB
23:22:31.053 [JavaFX Application Thread] DEBUG Input                - Registered new binding: action0 - A
23:22:31.055 [JavaFX Application Thread] DEBUG Input                - Registered new binding: action1 - D
23:22:31.055 [JavaFX Application Thread] DEBUG Input                - Registered new binding: action2 - W
23:22:31.056 [JavaFX Application Thread] DEBUG Input                - Registered new binding: action3 - S
23:22:31.057 [JavaFX Application Thread] DEBUG FXGLAssetLoaderServi - Loading from file system: jar:file:/C:/Users/HP/.m2/repository/com/github/almasb/fxgl/21.1/fxgl-21.1.jar!/fxglassets/textures/fxgl_icon.png
23:22:31.076 [JavaFX Application Thread] DEBUG FXGLAssetLoaderServi - Loading from file system: jar:file:/C:/Users/HP/.m2/repository/com/github/almasb/fxgl/21.1/fxgl-21.1.jar!/fxglassets/textures/fxgl_default_cursor.png
23:22:31.079 [JavaFX Application Thread] DEBUG Input                - Registered new binding: Screenshot - CTRL+8
23:22:31.080 [JavaFX Application Thread] DEBUG Input                - Registered new binding: System info dump - CTRL+9
23:22:31.080 [JavaFX Application Thread] DEBUG Input                - Registered new binding: Restart - CTRL+R
23:22:31.082 [JavaFX Application Thread] DEBUG Input                - Registered new binding: Toggle Debug Camera - CTRL+7
23:22:31.087 [JavaFX Application Thread] DEBUG LoopRunner           - Starting loop
23:22:31.088 [JavaFX Application Thread] DEBUG LoopRunner           - Initializing JavaFX AnimationTimerLoop
23:22:31.090 [JavaFX Application Thread] DEBUG GameApplicationServi - Starting new game
23:22:31.091 [JavaFX Application Thread] DEBUG Input                - Clearing active input actions
23:22:31.103 [JavaFX Application Thread] DEBUG GameApplicationServi - Removing overlay from FXGLStartupScene and adding to FXGLLoadingScene
23:22:31.104 [JavaFX Application Thread] DEBUG PrimaryStageWindow   - FXGLStartupScene -> FXGLLoadingScene
23:22:31.104 [JavaFX Application Thread] DEBUG GameApplicationServi - Clearing previous game
23:22:31.104 [JavaFX Application Thread] DEBUG GameScene            - Clearing game scene
23:22:31.104 [JavaFX Application Thread] DEBUG GameWorld            - Clearing game world
23:22:31.104 [JavaFX Application Thread] DEBUG PhysicsWorld         - Clearing physics world
23:22:31.105 [FXGL Background Thread 4 ] DEBUG FXGLApplication      - Initializing game
23:22:31.105 [JavaFX Application Thread] DEBUG FXGLApplication      - Registering font factories with UI factory
23:22:31.124 [FXGL Background Thread 4 ] DEBUG FXGLAssetLoaderServi - Loading from file system: file:/D:/Gonvival/game/target/classes/assets/textures/g.png
23:22:31.133 [FXGL Background Thread 4 ] INFO  FXGLApplication      - Game initialization took: 0.028 sec
23:22:31.179 [JavaFX Application Thread] DEBUG Input                - Clearing active input actions
23:22:31.186 [JavaFX Application Thread] DEBUG GameApplicationServi - Removing overlay from FXGLLoadingScene and adding to GameScene
23:22:31.187 [JavaFX Application Thread] DEBUG PrimaryStageWindow   - FXGLLoadingScene -> GameScene
23:22:31.933 [JavaFX Application Thread] DEBUG FXGLAssetLoaderServi - Loading from file system: file:/D:/Gonvival/game/target/classes/assets/textures/evil.png
23:22:32.742 [JavaFX Application Thread] DEBUG FXGLAssetLoaderServi - Loading from file system: file:/D:/Gonvival/game/target/classes/assets/textures/arrow.png
23:22:33.935 [FXGL Background Thread 3 ] DEBUG Engine               - Logging environment variables
23:22:33.937 [FXGL Background Thread 3 ] DEBUG Engine               - achievements: []
23:22:33.937 [FXGL Background Thread 3 ] DEBUG Engine               - actualHeight: 600.0
23:22:33.938 [FXGL Background Thread 3 ] DEBUG Engine               - actualHeightProperty: ReadOnlyDoubleProperty [value: 600.0]
23:22:33.938 [FXGL Background Thread 3 ] DEBUG Engine               - actualWidth: 800.0
23:22:33.938 [FXGL Background Thread 3 ] DEBUG Engine               - actualWidthProperty: ReadOnlyDoubleProperty [value: 800.0]
23:22:33.939 [FXGL Background Thread 3 ] DEBUG Engine               - appIcon: fxgl_icon.png
23:22:33.939 [FXGL Background Thread 3 ] DEBUG Engine               - applicationMode: DEVELOPER
23:22:33.939 [FXGL Background Thread 3 ] DEBUG Engine               - cSSList: [fxgl_dark.css]
23:22:33.939 [FXGL Background Thread 3 ] DEBUG Engine               - collisionDetectionStrategy: BRUTE_FORCE
23:22:33.939 [FXGL Background Thread 3 ] DEBUG Engine               - configClass: Optional.empty
23:22:33.939 [FXGL Background Thread 3 ] DEBUG Engine               - credits: []
23:22:33.941 [FXGL Background Thread 3 ] DEBUG Engine               - defaultCursor: CursorInfo(imageName=fxgl_default_cursor.png, hotspotX=7.0, hotspotY=6.0)
23:22:33.941 [FXGL Background Thread 3 ] DEBUG Engine               - devBBoxColorProperty: ObjectProperty [value: 0xff0000ff]
23:22:33.942 [FXGL Background Thread 3 ] DEBUG Engine               - devEnableDebugCameraProperty: BooleanProperty [value: false]
23:22:33.942 [FXGL Background Thread 3 ] DEBUG Engine               - devSensorColorProperty: ObjectProperty [value: 0xffff00ff]
23:22:33.942 [FXGL Background Thread 3 ] DEBUG Engine               - devShowBBoxProperty: BooleanProperty [value: false]
23:22:33.942 [FXGL Background Thread 3 ] DEBUG Engine               - devShowPositionProperty: BooleanProperty [value: false]
23:22:33.943 [FXGL Background Thread 3 ] DEBUG Engine               - enabledMenuItems: []
23:22:33.943 [FXGL Background Thread 3 ] DEBUG Engine               - engineServices: [class com.almasb.fxgl.app.services.FXGLAssetLoaderService, class com.almasb.fxgl.app.FXGLApplication$GameApplicationService, class com.almasb.fxgl.app.services.FXGLDialogService, class com.almasb.fxgl.app.services.IOTaskExecutorService, class com.almasb.fxgl.io.FileSystemService, class com.almasb.fxgl.localization.LocalizationService, class com.almasb.fxgl.app.services.SystemBundleService, class com.almasb.fxgl.profile.SaveLoadService, class com.almasb.fxgl.ui.FXGLUIFactoryServiceProvider, class com.almasb.fxgl.ui.FXGLDialogFactoryServiceProvider, class com.almasb.fxgl.audio.AudioPlayer, class com.almasb.fxgl.notification.impl.NotificationServiceProvider, class com.almasb.fxgl.achievement.AchievementService, class com.almasb.fxgl.cutscene.CutsceneService, class com.almasb.fxgl.minigames.MiniGameService, class com.almasb.fxgl.net.NetService, class com.almasb.fxgl.app.services.UpdaterService, class com.almasb.fxgl.dev.DevService]
23:22:33.943 [FXGL Background Thread 3 ] DEBUG Engine               - fontGame: Abel-Regular.ttf
23:22:33.944 [FXGL Background Thread 3 ] DEBUG Engine               - fontMono: TerminalLandMono-Regular.otf
23:22:33.944 [FXGL Background Thread 3 ] DEBUG Engine               - fontSizeScaleUI: 1.0
23:22:33.944 [FXGL Background Thread 3 ] DEBUG Engine               - fontText: Courier-Prime.ttf
23:22:33.944 [FXGL Background Thread 3 ] DEBUG Engine               - fontUI: VarelaRound-Regular.ttf
23:22:33.944 [FXGL Background Thread 3 ] DEBUG Engine               - fullScreen: BooleanProperty [value: false]
23:22:33.945 [FXGL Background Thread 3 ] DEBUG Engine               - gameDifficulty: MEDIUM
23:22:33.945 [FXGL Background Thread 3 ] DEBUG Engine               - gameDifficultyProperty: ObjectProperty [value: MEDIUM]
23:22:33.945 [FXGL Background Thread 3 ] DEBUG Engine               - globalMusicVolume: 0.5
23:22:33.945 [FXGL Background Thread 3 ] DEBUG Engine               - globalMusicVolumeProperty: DoubleProperty [value: 0.5]
23:22:33.945 [FXGL Background Thread 3 ] DEBUG Engine               - globalSoundVolume: 0.5
23:22:33.946 [FXGL Background Thread 3 ] DEBUG Engine               - globalSoundVolumeProperty: DoubleProperty [value: 0.5]
23:22:33.946 [FXGL Background Thread 3 ] DEBUG Engine               - height: 600
23:22:33.946 [FXGL Background Thread 3 ] DEBUG Engine               - is3D: false
23:22:33.946 [FXGL Background Thread 3 ] DEBUG Engine               - isAndroid: false
23:22:33.946 [FXGL Background Thread 3 ] DEBUG Engine               - isBrowser: false
23:22:33.946 [FXGL Background Thread 3 ] DEBUG Engine               - isClickFeedbackEnabled: false
23:22:33.947 [FXGL Background Thread 3 ] DEBUG Engine               - isCloseConfirmation: false
23:22:33.947 [FXGL Background Thread 3 ] DEBUG Engine               - isDesktop: true
23:22:33.948 [FXGL Background Thread 3 ] DEBUG Engine               - isDeveloperMenuEnabled: false
23:22:33.948 [FXGL Background Thread 3 ] DEBUG Engine               - isEmbedded: false
23:22:33.948 [FXGL Background Thread 3 ] DEBUG Engine               - isEntityPreloadEnabled: true
23:22:33.948 [FXGL Background Thread 3 ] DEBUG Engine               - isExperimentalTiledLargeMap: false
23:22:33.948 [FXGL Background Thread 3 ] DEBUG Engine               - isFileSystemWriteAllowed: true
23:22:33.949 [FXGL Background Thread 3 ] DEBUG Engine               - isFullScreenAllowed: false
23:22:33.949 [FXGL Background Thread 3 ] DEBUG Engine               - isFullScreenFromStart: false
23:22:33.949 [FXGL Background Thread 3 ] DEBUG Engine               - isGameMenuEnabled: true
23:22:33.949 [FXGL Background Thread 3 ] DEBUG Engine               - isIOS: false
23:22:33.949 [FXGL Background Thread 3 ] DEBUG Engine               - isIntroEnabled: false
23:22:33.949 [FXGL Background Thread 3 ] DEBUG Engine               - isLinux: false
23:22:33.950 [FXGL Background Thread 3 ] DEBUG Engine               - isMac: false
23:22:33.950 [FXGL Background Thread 3 ] DEBUG Engine               - isMainMenuEnabled: false
23:22:33.950 [FXGL Background Thread 3 ] DEBUG Engine               - isManualResizeEnabled: false
23:22:33.950 [FXGL Background Thread 3 ] DEBUG Engine               - isMobile: false
23:22:33.950 [FXGL Background Thread 3 ] DEBUG Engine               - isNative: false
23:22:33.951 [FXGL Background Thread 3 ] DEBUG Engine               - isPauseMusicWhenMinimized: true
23:22:33.951 [FXGL Background Thread 3 ] DEBUG Engine               - isPreserveResizeRatio: false
23:22:33.951 [FXGL Background Thread 3 ] DEBUG Engine               - isProfilingEnabled: false
23:22:33.951 [FXGL Background Thread 3 ] DEBUG Engine               - isScaleAffectedOnResize: true
23:22:33.951 [FXGL Background Thread 3 ] DEBUG Engine               - isSingleStep: false
23:22:33.951 [FXGL Background Thread 3 ] DEBUG Engine               - isUserProfileEnabled: false
23:22:33.951 [FXGL Background Thread 3 ] DEBUG Engine               - isWindows: true
23:22:33.952 [FXGL Background Thread 3 ] DEBUG Engine               - language: ObjectProperty [value: ENGLISH]
23:22:33.952 [FXGL Background Thread 3 ] DEBUG Engine               - menuKey: ESCAPE
23:22:33.952 [FXGL Background Thread 3 ] DEBUG Engine               - mouseSensitivity: 0.2
23:22:33.952 [FXGL Background Thread 3 ] DEBUG Engine               - notificationViewClass: class com.almasb.fxgl.notification.view.XboxNotificationView
23:22:33.952 [FXGL Background Thread 3 ] DEBUG Engine               - pixelsPerMeter: 50.0
23:22:33.952 [FXGL Background Thread 3 ] DEBUG Engine               - platform: WINDOWS
23:22:33.953 [FXGL Background Thread 3 ] DEBUG Engine               - prefHeightProperty: ReadOnlyDoubleProperty [value: 600.0]
23:22:33.953 [FXGL Background Thread 3 ] DEBUG Engine               - prefWidthProperty: ReadOnlyDoubleProperty [value: 800.0]
23:22:33.953 [FXGL Background Thread 3 ] DEBUG Engine               - profileDir: profiles/
23:22:33.953 [FXGL Background Thread 3 ] DEBUG Engine               - profileName: StringProperty [value: DEFAULT]
23:22:33.953 [FXGL Background Thread 3 ] DEBUG Engine               - randomSeed: -1
23:22:33.954 [FXGL Background Thread 3 ] DEBUG Engine               - runtimeInfo: RuntimeInfo(platform=WINDOWS, version=21.1, build=27.03.2024 07.52)
23:22:33.954 [FXGL Background Thread 3 ] DEBUG Engine               - saveFileExt: sav
23:22:33.955 [FXGL Background Thread 3 ] DEBUG Engine               - scaledHeightProp$fxgl: DoubleProperty [bound, value: 600.0]
23:22:33.955 [FXGL Background Thread 3 ] DEBUG Engine               - scaledWidthProp$fxgl: DoubleProperty [bound, value: 800.0]
23:22:33.955 [FXGL Background Thread 3 ] DEBUG Engine               - sceneFactory: com.almasb.fxgl.app.scene.SceneFactory@3adfb693
23:22:33.955 [FXGL Background Thread 3 ] DEBUG Engine               - secondsIn24h: 60
23:22:33.955 [FXGL Background Thread 3 ] DEBUG Engine               - soundMenuBack: menu/back.wav
23:22:33.956 [FXGL Background Thread 3 ] DEBUG Engine               - soundMenuPress: menu/press.wav
23:22:33.956 [FXGL Background Thread 3 ] DEBUG Engine               - soundMenuSelect: menu/select.wav
23:22:33.956 [FXGL Background Thread 3 ] DEBUG Engine               - soundNotification: core/notification.wav
23:22:33.957 [FXGL Background Thread 3 ] DEBUG Engine               - stageStyle: DECORATED
23:22:33.957 [FXGL Background Thread 3 ] DEBUG Engine               - supportedLanguages: [ENGLISH, FRENCH, GERMAN, HUNGARIAN, RUSSIAN]
23:22:33.957 [FXGL Background Thread 3 ] DEBUG Engine               - ticksPerSecond: -1
23:22:33.957 [FXGL Background Thread 3 ] DEBUG Engine               - title: Gonvival
23:22:33.958 [FXGL Background Thread 3 ] DEBUG Engine               - urlGithub: https://github.com/AlmasB/FXGL
23:22:33.958 [FXGL Background Thread 3 ] DEBUG Engine               - urlLeaderboard: http://fxgl-top.herokuapp.com/
23:22:33.958 [FXGL Background Thread 3 ] DEBUG Engine               - urlPOM: https://raw.githubusercontent.com/AlmasB/FXGL/release/README.md
23:22:33.959 [FXGL Background Thread 3 ] DEBUG Engine               - userAppClass: class com.lab.App
23:22:33.959 [FXGL Background Thread 3 ] DEBUG Engine               - version: beta
23:22:33.959 [FXGL Background Thread 3 ] DEBUG Engine               - versionCheckDays: 7
23:22:33.960 [FXGL Background Thread 3 ] DEBUG Engine               - width: 800
23:22:33.960 [FXGL Background Thread 3 ] DEBUG Engine               - Logging services
23:22:33.961 [FXGL Background Thread 3 ] DEBUG Engine               - class com.almasb.fxgl.app.services.FXGLAssetLoaderService
23:22:33.961 [FXGL Background Thread 3 ] DEBUG Engine               - class com.almasb.fxgl.app.FXGLApplication$GameApplicationService
23:22:33.961 [FXGL Background Thread 3 ] DEBUG Engine               - class com.almasb.fxgl.app.services.FXGLDialogService
23:22:33.961 [FXGL Background Thread 3 ] DEBUG Engine               - class com.almasb.fxgl.app.services.IOTaskExecutorService
23:22:33.961 [FXGL Background Thread 3 ] DEBUG Engine               - class com.almasb.fxgl.io.FileSystemService
23:22:33.961 [FXGL Background Thread 3 ] DEBUG Engine               - class com.almasb.fxgl.localization.LocalizationService
23:22:33.962 [FXGL Background Thread 3 ] DEBUG Engine               - class com.almasb.fxgl.app.services.SystemBundleService
23:22:33.962 [FXGL Background Thread 3 ] DEBUG Engine               - class com.almasb.fxgl.profile.SaveLoadService
23:22:33.962 [FXGL Background Thread 3 ] DEBUG Engine               - class com.almasb.fxgl.ui.FXGLUIFactoryServiceProvider
23:22:33.962 [FXGL Background Thread 3 ] DEBUG Engine               - class com.almasb.fxgl.ui.FXGLDialogFactoryServiceProvider
23:22:33.962 [FXGL Background Thread 3 ] DEBUG Engine               - class com.almasb.fxgl.audio.AudioPlayer
23:22:33.962 [FXGL Background Thread 3 ] DEBUG Engine               - class com.almasb.fxgl.notification.impl.NotificationServiceProvider
23:22:33.963 [FXGL Background Thread 3 ] DEBUG Engine               - class com.almasb.fxgl.achievement.AchievementService
23:22:33.963 [FXGL Background Thread 3 ] DEBUG Engine               - class com.almasb.fxgl.cutscene.CutsceneService
23:22:33.963 [FXGL Background Thread 3 ] DEBUG Engine               - class com.almasb.fxgl.minigames.MiniGameService
23:22:33.963 [FXGL Background Thread 3 ] DEBUG Engine               - class com.almasb.fxgl.net.NetService
23:22:33.963 [FXGL Background Thread 3 ] DEBUG Engine               - class com.almasb.fxgl.app.services.UpdaterService
23:22:33.963 [FXGL Background Thread 3 ] DEBUG Engine               - class com.almasb.fxgl.dev.DevService
23:22:58.743 [JavaFX Application Thread] DEBUG PrimaryStageWindow   - Push state: FXGLDefaultMenu
23:22:58.759 [JavaFX Application Thread] DEBUG Input                - Clearing active input actions
23:22:58.772 [JavaFX Application Thread] DEBUG GameApplicationServi - Removing overlay from GameScene and adding to FXGLDefaultMenu
23:22:58.772 [JavaFX Application Thread] DEBUG PrimaryStageWindow   - GameScene -> FXGLDefaultMenu
23:23:02.527 [JavaFX Application Thread] DEBUG FXGL.DefaultMenu     - createContentControls()
23:23:06.086 [JavaFX Application Thread] DEBUG FXGLApplication      - Exiting FXGL
23:23:06.086 [JavaFX Application Thread] DEBUG LoopRunner           - Stopping loop
23:23:06.086 [JavaFX Application Thread] DEBUG SystemBundleService  - Saving FXGL system data
23:23:06.090 [JavaFX Application Thread] DEBUG FileSystemAccess     - Writing to: D:\Gonvival\system\fxgl.bundle
23:23:06.094 [JavaFX Application Thread] DEBUG Async                - Shutting down background threads
23:23:06.095 [JavaFX Application Thread] DEBUG PrimaryStageWindow   - Closing main window
23:23:06.173 [JavaFX Application Thread] DEBUG Logger               - Closing Logger
