20:54:44.592 [main                     ] DEBUG Logger               - Configured Logger
20:54:44.615 [main                     ] DEBUG GameApplication      - Logging settings
Title: Gonvival
Version: beta
Width: 800
Height: 600
Fullscreen: false
Intro: false
Profiling: false
Single step:false
App Mode: DEVELOPER
Menu Key: ESCAPE
Stage Style: DECORATED
Scene Factory: class com.almasb.fxgl.app.scene.SceneFactory

20:54:45.754 [JavaFX Application Thread] DEBUG FXGLApplication      - Initializing FXGL
20:54:45.758 [JavaFX Application Thread] INFO  Engine               - FXGL-21.1 (27.03.2024 07.52) on WINDOWS (J:21.0.5 FX:21.0.1)
20:54:45.758 [JavaFX Application Thread] DEBUG Engine               - JRE Vendor Name: Eclipse Adoptium
20:54:45.759 [JavaFX Application Thread] DEBUG Engine               - Running on OS: Windows 11 version 10.0
20:54:45.759 [JavaFX Application Thread] DEBUG Engine               - Architecture: amd64
20:54:45.759 [JavaFX Application Thread] INFO  Engine               - Source code and latest versions at: https://github.com/AlmasB/FXGL
20:54:45.761 [JavaFX Application Thread] INFO  Engine               -       Ask questions and discuss at: https://github.com/AlmasB/FXGL/discussions
20:54:45.762 [JavaFX Application Thread] INFO  Engine               -              Join the FXGL chat at: https://gitter.im/AlmasB/FXGL
20:54:46.027 [JavaFX Application Thread] DEBUG PrimaryStageWindow   - Creating a JavaFX scene
20:54:46.076 [JavaFX Application Thread] DEBUG PrimaryStageWindow   - Target settings size: 800.0 x 600.0
20:54:46.077 [JavaFX Application Thread] DEBUG PrimaryStageWindow   - Scaled scene size:    800.0 x 600.0
20:54:46.077 [JavaFX Application Thread] DEBUG PrimaryStageWindow   - Scaled ratio: (1.0, 1.0)
20:54:46.078 [JavaFX Application Thread] DEBUG PrimaryStageWindow   - Set initial scene to FXGLStartupScene
20:54:46.081 [JavaFX Application Thread] DEBUG PrimaryStageWindow   - Opening main window
20:54:46.286 [JavaFX Application Thread] DEBUG PrimaryStageWindow   - Window border size: (14.4000244140625, 37.5999755859375)
20:54:46.287 [JavaFX Application Thread] DEBUG PrimaryStageWindow   - Scaled size: 800.0 x 600.0
20:54:46.288 [JavaFX Application Thread] DEBUG PrimaryStageWindow   - Scaled ratio: (1.0, 1.0)
20:54:46.289 [JavaFX Application Thread] DEBUG PrimaryStageWindow   - Scene size: 800.0 x 600.0
20:54:46.290 [JavaFX Application Thread] DEBUG PrimaryStageWindow   - Stage size: 814.4000244140625 x 637.5999755859375
20:54:46.316 [FXGL Background Thread 1 ] DEBUG Engine               - Initializing environment variables
20:54:46.497 [FXGL Background Thread 1 ] DEBUG FXGLAssetLoaderServi - User app class for loading assets: class com.lab.App
20:54:46.498 [FXGL Background Thread 1 ] DEBUG GameApplicationServi - Applying CSS: fxgl_dark.css
20:54:46.500 [FXGL Background Thread 1 ] DEBUG FXGLAssetLoaderServi - Loading from file system: jar:file:/C:/Users/HP/.m2/repository/com/github/almasb/fxgl/21.1/fxgl-21.1.jar!/fxglassets/ui/css/fxgl_dark.css
20:54:46.567 [FXGL Background Thread 1 ] DEBUG GameApplicationServi - Initializing application scenes
20:54:46.631 [FXGL Background Thread 1 ] DEBUG GameWorld            - Game world initialized
20:54:46.733 [FXGL Background Thread 1 ] DEBUG PhysicsWorld         - Physics world initialized: appHeight=600, physics.ppm=50.0
20:54:46.734 [FXGL Background Thread 1 ] DEBUG PhysicsWorld         - Using strategy: BRUTE_FORCE
20:54:46.741 [FXGL Background Thread 1 ] DEBUG GameScene            - Game scene initialized: 800x600
20:54:46.758 [FXGL Background Thread 1 ] DEBUG FXGL.DefaultMenu     - createMenuBodyMainMenu()
20:54:46.779 [FXGL Background Thread 1 ] DEBUG FXGL.DefaultMenu     - createOptionsMenu()
20:54:46.792 [FXGL Background Thread 1 ] DEBUG FXGLAssetLoaderServi - Loading from file system: jar:file:/C:/Users/HP/.m2/repository/com/github/almasb/fxgl/21.1/fxgl-21.1.jar!/fxglassets/textures/particles/smoke.png
20:54:46.932 [FXGL Background Thread 1 ] DEBUG FXGLAssetLoaderServi - Loading from file system: jar:file:/C:/Users/HP/.m2/repository/com/github/almasb/fxgl/21.1/fxgl-21.1.jar!/fxglassets/textures/particles/trace_horizontal.png
20:54:46.963 [FXGL Background Thread 1 ] DEBUG FXGL.DefaultMenu     - createMenuBodyGameMenu()
20:54:46.967 [FXGL Background Thread 1 ] DEBUG FXGL.DefaultMenu     - createOptionsMenu()
20:54:46.992 [FXGL Background Thread 1 ] DEBUG GameApplicationServi - Application scenes initialized
20:54:47.038 [FXGL Background Thread 1 ] DEBUG SystemBundleService  - Loading FXGL system data
20:54:47.052 [FXGL Background Thread 1 ] DEBUG FileSystemAccess     - Reading from: D:\Gonvival\system\fxgl.bundle
20:54:47.069 [FXGL Background Thread 1 ] DEBUG SystemBundleService  - Bundle FXGL: {}
20:54:47.069 [FXGL Background Thread 1 ] DEBUG UpdaterService       - Checking for updates
20:54:47.078 [FXGL Background Thread 4 ] DEBUG FXGLApplication      - Loading fonts
20:54:47.079 [FXGL Background Thread 4 ] DEBUG FXGLAssetLoaderServi - Loading from file system: jar:file:/C:/Users/HP/.m2/repository/com/github/almasb/fxgl/21.1/fxgl-21.1.jar!/fxglassets/ui/fonts/VarelaRound-Regular.ttf
20:54:47.081 [FXGL Background Thread 1 ] DEBUG FXGLApplication      - Loading default localization
20:54:47.082 [FXGL Background Thread 1 ] DEBUG FXGLAssetLoaderServi - Loading from file system: jar:file:/C:/Users/HP/.m2/repository/com/github/almasb/fxgl/21.1/fxgl-21.1.jar!/fxglassets/languages/english.lang
20:54:47.145 [FXGL Background Thread 4 ] DEBUG FXGLAssetLoaderServi - Loading from file system: jar:file:/C:/Users/HP/.m2/repository/com/github/almasb/fxgl/21.1/fxgl-21.1.jar!/fxglassets/ui/fonts/Abel-Regular.ttf
20:54:47.147 [FXGL Background Thread 1 ] INFO  FXGLApplication      - FXGL initialization took: 0.831 sec
20:54:47.152 [FXGL Background Thread 4 ] DEBUG FXGLAssetLoaderServi - Loading from file system: jar:file:/C:/Users/HP/.m2/repository/com/github/almasb/fxgl/21.1/fxgl-21.1.jar!/fxglassets/ui/fonts/TerminalLandMono-Regular.otf
20:54:47.158 [JavaFX Application Thread] DEBUG Input                - Registered new binding: Shoot - LMB
20:54:47.160 [FXGL Background Thread 4 ] DEBUG FXGLAssetLoaderServi - Loading from file system: jar:file:/C:/Users/HP/.m2/repository/com/github/almasb/fxgl/21.1/fxgl-21.1.jar!/fxglassets/ui/fonts/Courier-Prime.ttf
20:54:47.172 [JavaFX Application Thread] DEBUG Input                - Registered new binding: action0 - A
20:54:47.174 [JavaFX Application Thread] DEBUG Input                - Registered new binding: action1 - D
20:54:47.176 [JavaFX Application Thread] DEBUG Input                - Registered new binding: action2 - W
20:54:47.177 [JavaFX Application Thread] DEBUG Input                - Registered new binding: action3 - S
20:54:47.177 [JavaFX Application Thread] DEBUG FXGLAssetLoaderServi - Loading from file system: jar:file:/C:/Users/HP/.m2/repository/com/github/almasb/fxgl/21.1/fxgl-21.1.jar!/fxglassets/textures/fxgl_icon.png
20:54:47.213 [JavaFX Application Thread] DEBUG FXGLAssetLoaderServi - Loading from file system: jar:file:/C:/Users/HP/.m2/repository/com/github/almasb/fxgl/21.1/fxgl-21.1.jar!/fxglassets/textures/fxgl_default_cursor.png
20:54:47.216 [JavaFX Application Thread] DEBUG Input                - Registered new binding: Screenshot - CTRL+8
20:54:47.216 [JavaFX Application Thread] DEBUG Input                - Registered new binding: System info dump - CTRL+9
20:54:47.217 [JavaFX Application Thread] DEBUG Input                - Registered new binding: Restart - CTRL+R
20:54:47.218 [JavaFX Application Thread] DEBUG Input                - Registered new binding: Toggle Debug Camera - CTRL+7
20:54:47.224 [JavaFX Application Thread] DEBUG LoopRunner           - Starting loop
20:54:47.224 [JavaFX Application Thread] DEBUG LoopRunner           - Initializing JavaFX AnimationTimerLoop
20:54:47.229 [JavaFX Application Thread] DEBUG Input                - Clearing active input actions
20:54:47.238 [JavaFX Application Thread] DEBUG GameApplicationServi - Removing overlay from FXGLStartupScene and adding to FXGLMainMenuDummyScene
20:54:47.240 [JavaFX Application Thread] DEBUG PrimaryStageWindow   - FXGLStartupScene -> FXGLMainMenuDummyScene
20:54:47.240 [JavaFX Application Thread] DEBUG PrimaryStageWindow   - Push state: FXGLDefaultMenu
20:54:47.253 [JavaFX Application Thread] DEBUG Input                - Clearing active input actions
20:54:47.273 [JavaFX Application Thread] DEBUG GameApplicationServi - Removing overlay from FXGLMainMenuDummyScene and adding to FXGLDefaultMenu
20:54:47.274 [JavaFX Application Thread] DEBUG PrimaryStageWindow   - FXGLMainMenuDummyScene -> FXGLDefaultMenu
20:54:47.291 [JavaFX Application Thread] DEBUG FXGLApplication      - Registering font factories with UI factory
20:54:48.402 [JavaFX Application Thread] DEBUG Menu                 - fireNewGame()
20:54:48.402 [JavaFX Application Thread] DEBUG GameApplicationServi - Starting new game
20:54:48.409 [JavaFX Application Thread] DEBUG PrimaryStageWindow   - Pop state: FXGLDefaultMenu
20:54:48.409 [JavaFX Application Thread] DEBUG Input                - Clearing active input actions
20:54:48.411 [JavaFX Application Thread] DEBUG GameApplicationServi - Removing overlay from FXGLDefaultMenu and adding to FXGLMainMenuDummyScene
20:54:48.411 [JavaFX Application Thread] DEBUG PrimaryStageWindow   - FXGLMainMenuDummyScene <- FXGLDefaultMenu
20:54:48.412 [JavaFX Application Thread] DEBUG Input                - Clearing active input actions
20:54:48.429 [JavaFX Application Thread] DEBUG GameApplicationServi - Removing overlay from FXGLMainMenuDummyScene and adding to FXGLLoadingScene
20:54:48.429 [JavaFX Application Thread] DEBUG PrimaryStageWindow   - FXGLMainMenuDummyScene -> FXGLLoadingScene
20:54:48.430 [JavaFX Application Thread] DEBUG GameApplicationServi - Clearing previous game
20:54:48.430 [JavaFX Application Thread] DEBUG GameScene            - Clearing game scene
20:54:48.430 [JavaFX Application Thread] DEBUG GameWorld            - Clearing game world
20:54:48.430 [JavaFX Application Thread] DEBUG PhysicsWorld         - Clearing physics world
20:54:48.433 [FXGL Background Thread 2 ] DEBUG FXGLApplication      - Initializing game
20:54:48.453 [FXGL Background Thread 2 ] DEBUG FXGLAssetLoaderServi - Loading from file system: file:/D:/Gonvival/game/target/classes/assets/textures/g.png
20:54:48.499 [FXGL Background Thread 2 ] INFO  FXGLApplication      - Game initialization took: 0.066 sec
20:54:48.501 [JavaFX Application Thread] DEBUG Input                - Clearing active input actions
20:54:48.522 [JavaFX Application Thread] DEBUG GameApplicationServi - Removing overlay from FXGLLoadingScene and adding to GameScene
20:54:48.522 [JavaFX Application Thread] DEBUG PrimaryStageWindow   - FXGLLoadingScene -> GameScene
20:54:49.469 [JavaFX Application Thread] DEBUG FXGLAssetLoaderServi - Loading from file system: file:/D:/Gonvival/game/target/classes/assets/textures/evil.png
20:54:49.994 [JavaFX Application Thread] DEBUG FXGLAssetLoaderServi - Loading from file system: file:/D:/Gonvival/game/target/classes/assets/textures/arrow.png
20:54:50.073 [FXGL Background Thread 3 ] DEBUG Engine               - Logging environment variables
20:54:50.074 [FXGL Background Thread 3 ] DEBUG Engine               - achievements: []
20:54:50.074 [FXGL Background Thread 3 ] DEBUG Engine               - actualHeight: 600.0
20:54:50.074 [FXGL Background Thread 3 ] DEBUG Engine               - actualHeightProperty: ReadOnlyDoubleProperty [value: 600.0]
20:54:50.074 [FXGL Background Thread 3 ] DEBUG Engine               - actualWidth: 800.0
20:54:50.074 [FXGL Background Thread 3 ] DEBUG Engine               - actualWidthProperty: ReadOnlyDoubleProperty [value: 800.0]
20:54:50.074 [FXGL Background Thread 3 ] DEBUG Engine               - appIcon: fxgl_icon.png
20:54:50.074 [FXGL Background Thread 3 ] DEBUG Engine               - applicationMode: DEVELOPER
20:54:50.074 [FXGL Background Thread 3 ] DEBUG Engine               - cSSList: [fxgl_dark.css]
20:54:50.074 [FXGL Background Thread 3 ] DEBUG Engine               - collisionDetectionStrategy: BRUTE_FORCE
20:54:50.074 [FXGL Background Thread 3 ] DEBUG Engine               - configClass: Optional.empty
20:54:50.075 [FXGL Background Thread 3 ] DEBUG Engine               - credits: []
20:54:50.075 [FXGL Background Thread 3 ] DEBUG Engine               - defaultCursor: CursorInfo(imageName=fxgl_default_cursor.png, hotspotX=7.0, hotspotY=6.0)
20:54:50.075 [FXGL Background Thread 3 ] DEBUG Engine               - devBBoxColorProperty: ObjectProperty [value: 0xff0000ff]
20:54:50.075 [FXGL Background Thread 3 ] DEBUG Engine               - devEnableDebugCameraProperty: BooleanProperty [value: false]
20:54:50.075 [FXGL Background Thread 3 ] DEBUG Engine               - devSensorColorProperty: ObjectProperty [value: 0xffff00ff]
20:54:50.075 [FXGL Background Thread 3 ] DEBUG Engine               - devShowBBoxProperty: BooleanProperty [value: false]
20:54:50.075 [FXGL Background Thread 3 ] DEBUG Engine               - devShowPositionProperty: BooleanProperty [value: false]
20:54:50.075 [FXGL Background Thread 3 ] DEBUG Engine               - enabledMenuItems: []
20:54:50.075 [FXGL Background Thread 3 ] DEBUG Engine               - engineServices: [class com.almasb.fxgl.app.services.FXGLAssetLoaderService, class com.almasb.fxgl.app.FXGLApplication$GameApplicationService, class com.almasb.fxgl.app.services.FXGLDialogService, class com.almasb.fxgl.app.services.IOTaskExecutorService, class com.almasb.fxgl.io.FileSystemService, class com.almasb.fxgl.localization.LocalizationService, class com.almasb.fxgl.app.services.SystemBundleService, class com.almasb.fxgl.profile.SaveLoadService, class com.almasb.fxgl.ui.FXGLUIFactoryServiceProvider, class com.almasb.fxgl.ui.FXGLDialogFactoryServiceProvider, class com.almasb.fxgl.audio.AudioPlayer, class com.almasb.fxgl.notification.impl.NotificationServiceProvider, class com.almasb.fxgl.achievement.AchievementService, class com.almasb.fxgl.cutscene.CutsceneService, class com.almasb.fxgl.minigames.MiniGameService, class com.almasb.fxgl.net.NetService, class com.almasb.fxgl.app.services.UpdaterService, class com.almasb.fxgl.dev.DevService]
20:54:50.075 [FXGL Background Thread 3 ] DEBUG Engine               - fontGame: Abel-Regular.ttf
20:54:50.075 [FXGL Background Thread 3 ] DEBUG Engine               - fontMono: TerminalLandMono-Regular.otf
20:54:50.075 [FXGL Background Thread 3 ] DEBUG Engine               - fontSizeScaleUI: 1.0
20:54:50.075 [FXGL Background Thread 3 ] DEBUG Engine               - fontText: Courier-Prime.ttf
20:54:50.075 [FXGL Background Thread 3 ] DEBUG Engine               - fontUI: VarelaRound-Regular.ttf
20:54:50.075 [FXGL Background Thread 3 ] DEBUG Engine               - fullScreen: BooleanProperty [value: false]
20:54:50.076 [FXGL Background Thread 3 ] DEBUG Engine               - gameDifficulty: MEDIUM
20:54:50.076 [FXGL Background Thread 3 ] DEBUG Engine               - gameDifficultyProperty: ObjectProperty [value: MEDIUM]
20:54:50.076 [FXGL Background Thread 3 ] DEBUG Engine               - globalMusicVolume: 0.5
20:54:50.076 [FXGL Background Thread 3 ] DEBUG Engine               - globalMusicVolumeProperty: DoubleProperty [value: 0.5]
20:54:50.076 [FXGL Background Thread 3 ] DEBUG Engine               - globalSoundVolume: 0.5
20:54:50.076 [FXGL Background Thread 3 ] DEBUG Engine               - globalSoundVolumeProperty: DoubleProperty [value: 0.5]
20:54:50.076 [FXGL Background Thread 3 ] DEBUG Engine               - height: 600
20:54:50.076 [FXGL Background Thread 3 ] DEBUG Engine               - is3D: false
20:54:50.076 [FXGL Background Thread 3 ] DEBUG Engine               - isAndroid: false
20:54:50.076 [FXGL Background Thread 3 ] DEBUG Engine               - isBrowser: false
20:54:50.076 [FXGL Background Thread 3 ] DEBUG Engine               - isClickFeedbackEnabled: false
20:54:50.076 [FXGL Background Thread 3 ] DEBUG Engine               - isCloseConfirmation: false
20:54:50.076 [FXGL Background Thread 3 ] DEBUG Engine               - isDesktop: true
20:54:50.076 [FXGL Background Thread 3 ] DEBUG Engine               - isDeveloperMenuEnabled: false
20:54:50.077 [FXGL Background Thread 3 ] DEBUG Engine               - isEmbedded: false
20:54:50.077 [FXGL Background Thread 3 ] DEBUG Engine               - isEntityPreloadEnabled: true
20:54:50.077 [FXGL Background Thread 3 ] DEBUG Engine               - isExperimentalTiledLargeMap: false
20:54:50.077 [FXGL Background Thread 3 ] DEBUG Engine               - isFileSystemWriteAllowed: true
20:54:50.077 [FXGL Background Thread 3 ] DEBUG Engine               - isFullScreenAllowed: false
20:54:50.077 [FXGL Background Thread 3 ] DEBUG Engine               - isFullScreenFromStart: false
20:54:50.077 [FXGL Background Thread 3 ] DEBUG Engine               - isGameMenuEnabled: true
20:54:50.077 [FXGL Background Thread 3 ] DEBUG Engine               - isIOS: false
20:54:50.077 [FXGL Background Thread 3 ] DEBUG Engine               - isIntroEnabled: false
20:54:50.077 [FXGL Background Thread 3 ] DEBUG Engine               - isLinux: false
20:54:50.077 [FXGL Background Thread 3 ] DEBUG Engine               - isMac: false
20:54:50.077 [FXGL Background Thread 3 ] DEBUG Engine               - isMainMenuEnabled: true
20:54:50.077 [FXGL Background Thread 3 ] DEBUG Engine               - isManualResizeEnabled: false
20:54:50.077 [FXGL Background Thread 3 ] DEBUG Engine               - isMobile: false
20:54:50.077 [FXGL Background Thread 3 ] DEBUG Engine               - isNative: false
20:54:50.077 [FXGL Background Thread 3 ] DEBUG Engine               - isPauseMusicWhenMinimized: true
20:54:50.077 [FXGL Background Thread 3 ] DEBUG Engine               - isPreserveResizeRatio: false
20:54:50.078 [FXGL Background Thread 3 ] DEBUG Engine               - isProfilingEnabled: false
20:54:50.078 [FXGL Background Thread 3 ] DEBUG Engine               - isScaleAffectedOnResize: true
20:54:50.078 [FXGL Background Thread 3 ] DEBUG Engine               - isSingleStep: false
20:54:50.078 [FXGL Background Thread 3 ] DEBUG Engine               - isUserProfileEnabled: false
20:54:50.078 [FXGL Background Thread 3 ] DEBUG Engine               - isWindows: true
20:54:50.078 [FXGL Background Thread 3 ] DEBUG Engine               - language: ObjectProperty [value: ENGLISH]
20:54:50.078 [FXGL Background Thread 3 ] DEBUG Engine               - menuKey: ESCAPE
20:54:50.078 [FXGL Background Thread 3 ] DEBUG Engine               - mouseSensitivity: 0.2
20:54:50.078 [FXGL Background Thread 3 ] DEBUG Engine               - notificationViewClass: class com.almasb.fxgl.notification.view.XboxNotificationView
20:54:50.078 [FXGL Background Thread 3 ] DEBUG Engine               - pixelsPerMeter: 50.0
20:54:50.078 [FXGL Background Thread 3 ] DEBUG Engine               - platform: WINDOWS
20:54:50.078 [FXGL Background Thread 3 ] DEBUG Engine               - prefHeightProperty: ReadOnlyDoubleProperty [value: 600.0]
20:54:50.078 [FXGL Background Thread 3 ] DEBUG Engine               - prefWidthProperty: ReadOnlyDoubleProperty [value: 800.0]
20:54:50.078 [FXGL Background Thread 3 ] DEBUG Engine               - profileDir: profiles/
20:54:50.078 [FXGL Background Thread 3 ] DEBUG Engine               - profileName: StringProperty [value: DEFAULT]
20:54:50.079 [FXGL Background Thread 3 ] DEBUG Engine               - randomSeed: -1
20:54:50.079 [FXGL Background Thread 3 ] DEBUG Engine               - runtimeInfo: RuntimeInfo(platform=WINDOWS, version=21.1, build=27.03.2024 07.52)
20:54:50.079 [FXGL Background Thread 3 ] DEBUG Engine               - saveFileExt: sav
20:54:50.079 [FXGL Background Thread 3 ] DEBUG Engine               - scaledHeightProp$fxgl: DoubleProperty [bound, value: 600.0]
20:54:50.079 [FXGL Background Thread 3 ] DEBUG Engine               - scaledWidthProp$fxgl: DoubleProperty [bound, value: 800.0]
20:54:50.079 [FXGL Background Thread 3 ] DEBUG Engine               - sceneFactory: com.almasb.fxgl.app.scene.SceneFactory@48f27aab
20:54:50.080 [FXGL Background Thread 3 ] DEBUG Engine               - secondsIn24h: 60
20:54:50.080 [FXGL Background Thread 3 ] DEBUG Engine               - soundMenuBack: menu/back.wav
20:54:50.080 [FXGL Background Thread 3 ] DEBUG Engine               - soundMenuPress: menu/press.wav
20:54:50.080 [FXGL Background Thread 3 ] DEBUG Engine               - soundMenuSelect: menu/select.wav
20:54:50.080 [FXGL Background Thread 3 ] DEBUG Engine               - soundNotification: core/notification.wav
20:54:50.080 [FXGL Background Thread 3 ] DEBUG Engine               - stageStyle: DECORATED
20:54:50.080 [FXGL Background Thread 3 ] DEBUG Engine               - supportedLanguages: [ENGLISH, FRENCH, GERMAN, HUNGARIAN, RUSSIAN]
20:54:50.080 [FXGL Background Thread 3 ] DEBUG Engine               - ticksPerSecond: -1
20:54:50.080 [FXGL Background Thread 3 ] DEBUG Engine               - title: Gonvival
20:54:50.080 [FXGL Background Thread 3 ] DEBUG Engine               - urlGithub: https://github.com/AlmasB/FXGL
20:54:50.080 [FXGL Background Thread 3 ] DEBUG Engine               - urlLeaderboard: http://fxgl-top.herokuapp.com/
20:54:50.080 [FXGL Background Thread 3 ] DEBUG Engine               - urlPOM: https://raw.githubusercontent.com/AlmasB/FXGL/release/README.md
20:54:50.080 [FXGL Background Thread 3 ] DEBUG Engine               - userAppClass: class com.lab.App
20:54:50.080 [FXGL Background Thread 3 ] DEBUG Engine               - version: beta
20:54:50.080 [FXGL Background Thread 3 ] DEBUG Engine               - versionCheckDays: 7
20:54:50.080 [FXGL Background Thread 3 ] DEBUG Engine               - width: 800
20:54:50.080 [FXGL Background Thread 3 ] DEBUG Engine               - Logging services
20:54:50.081 [FXGL Background Thread 3 ] DEBUG Engine               - class com.almasb.fxgl.app.services.FXGLAssetLoaderService
20:54:50.081 [FXGL Background Thread 3 ] DEBUG Engine               - class com.almasb.fxgl.app.FXGLApplication$GameApplicationService
20:54:50.081 [FXGL Background Thread 3 ] DEBUG Engine               - class com.almasb.fxgl.app.services.FXGLDialogService
20:54:50.081 [FXGL Background Thread 3 ] DEBUG Engine               - class com.almasb.fxgl.app.services.IOTaskExecutorService
20:54:50.081 [FXGL Background Thread 3 ] DEBUG Engine               - class com.almasb.fxgl.io.FileSystemService
20:54:50.081 [FXGL Background Thread 3 ] DEBUG Engine               - class com.almasb.fxgl.localization.LocalizationService
20:54:50.081 [FXGL Background Thread 3 ] DEBUG Engine               - class com.almasb.fxgl.app.services.SystemBundleService
20:54:50.081 [FXGL Background Thread 3 ] DEBUG Engine               - class com.almasb.fxgl.profile.SaveLoadService
20:54:50.081 [FXGL Background Thread 3 ] DEBUG Engine               - class com.almasb.fxgl.ui.FXGLUIFactoryServiceProvider
20:54:50.081 [FXGL Background Thread 3 ] DEBUG Engine               - class com.almasb.fxgl.ui.FXGLDialogFactoryServiceProvider
20:54:50.081 [FXGL Background Thread 3 ] DEBUG Engine               - class com.almasb.fxgl.audio.AudioPlayer
20:54:50.081 [FXGL Background Thread 3 ] DEBUG Engine               - class com.almasb.fxgl.notification.impl.NotificationServiceProvider
20:54:50.081 [FXGL Background Thread 3 ] DEBUG Engine               - class com.almasb.fxgl.achievement.AchievementService
20:54:50.081 [FXGL Background Thread 3 ] DEBUG Engine               - class com.almasb.fxgl.cutscene.CutsceneService
20:54:50.081 [FXGL Background Thread 3 ] DEBUG Engine               - class com.almasb.fxgl.minigames.MiniGameService
20:54:50.081 [FXGL Background Thread 3 ] DEBUG Engine               - class com.almasb.fxgl.net.NetService
20:54:50.081 [FXGL Background Thread 3 ] DEBUG Engine               - class com.almasb.fxgl.app.services.UpdaterService
20:54:50.081 [FXGL Background Thread 3 ] DEBUG Engine               - class com.almasb.fxgl.dev.DevService
20:54:52.601 [JavaFX Application Thread] DEBUG FXGLApplication      - Exiting FXGL
20:54:52.601 [JavaFX Application Thread] DEBUG LoopRunner           - Stopping loop
20:54:52.602 [JavaFX Application Thread] DEBUG SystemBundleService  - Saving FXGL system data
20:54:52.605 [JavaFX Application Thread] DEBUG FileSystemAccess     - Writing to: D:\Gonvival\system\fxgl.bundle
20:54:52.609 [JavaFX Application Thread] DEBUG Async                - Shutting down background threads
20:54:52.610 [JavaFX Application Thread] DEBUG PrimaryStageWindow   - Closing main window
20:54:52.652 [JavaFX Application Thread] DEBUG Logger               - Closing Logger
