10:21:04.311 [main                     ] DEBUG Logger               - Configured Logger
10:21:04.348 [main                     ] DEBUG GameApplication      - Logging settings
Title: Gonvival
Version: beta
Width: 800
Height: 800
Fullscreen: false
Intro: false
Profiling: false
Single step:false
App Mode: DEVELOPER
Menu Key: ESCAPE
Stage Style: DECORATED
Scene Factory: class com.lab.App$1

10:21:05.648 [JavaFX Application Thread] DEBUG FXGLApplication      - Initializing FXGL
10:21:05.660 [JavaFX Application Thread] INFO  Engine               - FXGL-21.1 (27.03.2024 07.52) on WINDOWS (J:21.0.5 FX:21.0.1)
10:21:05.661 [JavaFX Application Thread] DEBUG Engine               - JRE Vendor Name: Eclipse Adoptium
10:21:05.661 [JavaFX Application Thread] DEBUG Engine               - Running on OS: Windows 11 version 10.0
10:21:05.662 [JavaFX Application Thread] DEBUG Engine               - Architecture: amd64
10:21:05.662 [JavaFX Application Thread] INFO  Engine               - Source code and latest versions at: https://github.com/AlmasB/FXGL
10:21:05.663 [JavaFX Application Thread] INFO  Engine               -       Ask questions and discuss at: https://github.com/AlmasB/FXGL/discussions
10:21:05.664 [JavaFX Application Thread] INFO  Engine               -              Join the FXGL chat at: https://gitter.im/AlmasB/FXGL
10:21:05.886 [JavaFX Application Thread] DEBUG PrimaryStageWindow   - Creating a JavaFX scene
10:21:05.966 [JavaFX Application Thread] DEBUG PrimaryStageWindow   - Target settings size: 800.0 x 800.0
10:21:05.967 [JavaFX Application Thread] DEBUG PrimaryStageWindow   - Scaled scene size:    800.0 x 800.0
10:21:05.967 [JavaFX Application Thread] DEBUG PrimaryStageWindow   - Scaled ratio: (1.0, 1.0)
10:21:05.969 [JavaFX Application Thread] DEBUG PrimaryStageWindow   - Set initial scene to FXGLStartupScene
10:21:05.973 [JavaFX Application Thread] DEBUG PrimaryStageWindow   - Opening main window
10:21:06.104 [JavaFX Application Thread] DEBUG PrimaryStageWindow   - Window border size: (14.4000244140625, 37.5999755859375)
10:21:06.104 [JavaFX Application Thread] DEBUG PrimaryStageWindow   - Scaled size: 800.0 x 800.0
10:21:06.105 [JavaFX Application Thread] DEBUG PrimaryStageWindow   - Scaled ratio: (1.0, 1.0)
10:21:06.105 [JavaFX Application Thread] DEBUG PrimaryStageWindow   - Scene size: 800.0 x 800.0
10:21:06.105 [JavaFX Application Thread] DEBUG PrimaryStageWindow   - Stage size: 814.4000244140625 x 837.5999755859375
10:21:06.149 [FXGL Background Thread 1 ] DEBUG Engine               - Initializing environment variables
10:21:06.242 [FXGL Background Thread 1 ] DEBUG FXGLAssetLoaderServi - User app class for loading assets: class com.lab.App
10:21:06.242 [FXGL Background Thread 1 ] DEBUG GameApplicationServi - Applying CSS: fxgl_dark.css
10:21:06.243 [FXGL Background Thread 1 ] DEBUG FXGLAssetLoaderServi - Loading from file system: jar:file:/C:/Users/HP/.m2/repository/com/github/almasb/fxgl/21.1/fxgl-21.1.jar!/fxglassets/ui/css/fxgl_dark.css
10:21:06.310 [FXGL Background Thread 1 ] DEBUG GameApplicationServi - Initializing application scenes
10:21:06.378 [FXGL Background Thread 1 ] DEBUG GameWorld            - Game world initialized
10:21:06.477 [FXGL Background Thread 1 ] DEBUG PhysicsWorld         - Physics world initialized: appHeight=800, physics.ppm=50.0
10:21:06.478 [FXGL Background Thread 1 ] DEBUG PhysicsWorld         - Using strategy: BRUTE_FORCE
10:21:06.482 [FXGL Background Thread 1 ] DEBUG GameScene            - Game scene initialized: 800x800
10:21:06.531 [FXGL Background Thread 1 ] DEBUG FXGL.DefaultMenu     - createMenuBodyGameMenu()
10:21:06.546 [FXGL Background Thread 1 ] DEBUG FXGL.DefaultMenu     - createOptionsMenu()
10:21:06.556 [FXGL Background Thread 1 ] DEBUG FXGLAssetLoaderServi - Loading from file system: jar:file:/C:/Users/HP/.m2/repository/com/github/almasb/fxgl/21.1/fxgl-21.1.jar!/fxglassets/textures/particles/smoke.png
10:21:06.694 [FXGL Background Thread 1 ] DEBUG FXGLAssetLoaderServi - Loading from file system: jar:file:/C:/Users/HP/.m2/repository/com/github/almasb/fxgl/21.1/fxgl-21.1.jar!/fxglassets/textures/particles/trace_horizontal.png
10:21:06.731 [FXGL Background Thread 1 ] DEBUG GameApplicationServi - Application scenes initialized
10:21:06.751 [FXGL Background Thread 1 ] DEBUG SystemBundleService  - Loading FXGL system data
10:21:06.758 [FXGL Background Thread 1 ] DEBUG FileSystemAccess     - Reading from: D:\Gonvival\system\fxgl.bundle
10:21:06.770 [FXGL Background Thread 1 ] DEBUG SystemBundleService  - Bundle FXGL: {}
10:21:06.771 [FXGL Background Thread 1 ] DEBUG UpdaterService       - Checking for updates
10:21:06.777 [FXGL Background Thread 4 ] DEBUG FXGLApplication      - Loading fonts
10:21:06.777 [FXGL Background Thread 4 ] DEBUG FXGLAssetLoaderServi - Loading from file system: jar:file:/C:/Users/HP/.m2/repository/com/github/almasb/fxgl/21.1/fxgl-21.1.jar!/fxglassets/ui/fonts/VarelaRound-Regular.ttf
10:21:06.778 [FXGL Background Thread 1 ] DEBUG FXGLApplication      - Loading default localization
10:21:06.778 [FXGL Background Thread 1 ] DEBUG FXGLAssetLoaderServi - Loading from file system: jar:file:/C:/Users/HP/.m2/repository/com/github/almasb/fxgl/21.1/fxgl-21.1.jar!/fxglassets/languages/english.lang
10:21:06.867 [FXGL Background Thread 4 ] DEBUG FXGLAssetLoaderServi - Loading from file system: jar:file:/C:/Users/HP/.m2/repository/com/github/almasb/fxgl/21.1/fxgl-21.1.jar!/fxglassets/ui/fonts/Abel-Regular.ttf
10:21:06.871 [FXGL Background Thread 1 ] INFO  FXGLApplication      - FXGL initialization took: 0.722 sec
10:21:06.873 [FXGL Background Thread 4 ] DEBUG FXGLAssetLoaderServi - Loading from file system: jar:file:/C:/Users/HP/.m2/repository/com/github/almasb/fxgl/21.1/fxgl-21.1.jar!/fxglassets/ui/fonts/TerminalLandMono-Regular.otf
10:21:06.875 [JavaFX Application Thread] DEBUG FXGLAssetLoaderServi - Loading from file system: jar:file:/C:/Users/HP/.m2/repository/com/github/almasb/fxgl/21.1/fxgl-21.1.jar!/fxglassets/textures/fxgl_icon.png
10:21:06.880 [FXGL Background Thread 4 ] DEBUG FXGLAssetLoaderServi - Loading from file system: jar:file:/C:/Users/HP/.m2/repository/com/github/almasb/fxgl/21.1/fxgl-21.1.jar!/fxglassets/ui/fonts/Courier-Prime.ttf
10:21:06.908 [JavaFX Application Thread] DEBUG FXGLAssetLoaderServi - Loading from file system: jar:file:/C:/Users/HP/.m2/repository/com/github/almasb/fxgl/21.1/fxgl-21.1.jar!/fxglassets/textures/fxgl_default_cursor.png
10:21:06.934 [JavaFX Application Thread] DEBUG Input                - Registered new binding: Screenshot - CTRL+8
10:21:06.936 [JavaFX Application Thread] DEBUG Input                - Registered new binding: System info dump - CTRL+9
10:21:06.937 [JavaFX Application Thread] DEBUG Input                - Registered new binding: Restart - CTRL+R
10:21:06.939 [JavaFX Application Thread] DEBUG Input                - Registered new binding: Toggle Debug Camera - CTRL+7
10:21:06.946 [JavaFX Application Thread] DEBUG LoopRunner           - Starting loop
10:21:06.947 [JavaFX Application Thread] DEBUG LoopRunner           - Initializing JavaFX AnimationTimerLoop
10:21:06.956 [JavaFX Application Thread] DEBUG Input                - Clearing active input actions
10:21:06.966 [JavaFX Application Thread] DEBUG GameApplicationServi - Removing overlay from FXGLStartupScene and adding to FXGLMainMenuDummyScene
10:21:06.967 [JavaFX Application Thread] DEBUG PrimaryStageWindow   - FXGLStartupScene -> FXGLMainMenuDummyScene
10:21:06.967 [JavaFX Application Thread] DEBUG PrimaryStageWindow   - Push state: StartScreen
10:21:06.969 [JavaFX Application Thread] DEBUG Input                - Clearing active input actions
10:21:06.996 [JavaFX Application Thread] DEBUG GameApplicationServi - Removing overlay from FXGLMainMenuDummyScene and adding to StartScreen
10:21:06.997 [JavaFX Application Thread] DEBUG PrimaryStageWindow   - FXGLMainMenuDummyScene -> StartScreen
10:21:07.007 [JavaFX Application Thread] DEBUG FXGLApplication      - Registering font factories with UI factory
10:21:09.774 [FXGL Background Thread 3 ] DEBUG Engine               - Logging environment variables
10:21:09.776 [FXGL Background Thread 3 ] DEBUG Engine               - achievements: []
10:21:09.777 [FXGL Background Thread 3 ] DEBUG Engine               - actualHeight: 800.0
10:21:09.777 [FXGL Background Thread 3 ] DEBUG Engine               - actualHeightProperty: ReadOnlyDoubleProperty [value: 800.0]
10:21:09.777 [FXGL Background Thread 3 ] DEBUG Engine               - actualWidth: 800.0
10:21:09.778 [FXGL Background Thread 3 ] DEBUG Engine               - actualWidthProperty: ReadOnlyDoubleProperty [value: 800.0]
10:21:09.778 [FXGL Background Thread 3 ] DEBUG Engine               - appIcon: fxgl_icon.png
10:21:09.778 [FXGL Background Thread 3 ] DEBUG Engine               - applicationMode: DEVELOPER
10:21:09.778 [FXGL Background Thread 3 ] DEBUG Engine               - cSSList: [fxgl_dark.css]
10:21:09.778 [FXGL Background Thread 3 ] DEBUG Engine               - collisionDetectionStrategy: BRUTE_FORCE
10:21:09.778 [FXGL Background Thread 3 ] DEBUG Engine               - configClass: Optional.empty
10:21:09.778 [FXGL Background Thread 3 ] DEBUG Engine               - credits: []
10:21:09.779 [FXGL Background Thread 3 ] DEBUG Engine               - defaultCursor: CursorInfo(imageName=fxgl_default_cursor.png, hotspotX=7.0, hotspotY=6.0)
10:21:09.780 [FXGL Background Thread 3 ] DEBUG Engine               - devBBoxColorProperty: ObjectProperty [value: 0xff0000ff]
10:21:09.780 [FXGL Background Thread 3 ] DEBUG Engine               - devEnableDebugCameraProperty: BooleanProperty [value: false]
10:21:09.780 [FXGL Background Thread 3 ] DEBUG Engine               - devSensorColorProperty: ObjectProperty [value: 0xffff00ff]
10:21:09.780 [FXGL Background Thread 3 ] DEBUG Engine               - devShowBBoxProperty: BooleanProperty [value: false]
10:21:09.780 [FXGL Background Thread 3 ] DEBUG Engine               - devShowPositionProperty: BooleanProperty [value: false]
10:21:09.781 [FXGL Background Thread 3 ] DEBUG Engine               - enabledMenuItems: []
10:21:09.781 [FXGL Background Thread 3 ] DEBUG Engine               - engineServices: [class com.almasb.fxgl.app.services.FXGLAssetLoaderService, class com.almasb.fxgl.app.FXGLApplication$GameApplicationService, class com.almasb.fxgl.app.services.FXGLDialogService, class com.almasb.fxgl.app.services.IOTaskExecutorService, class com.almasb.fxgl.io.FileSystemService, class com.almasb.fxgl.localization.LocalizationService, class com.almasb.fxgl.app.services.SystemBundleService, class com.almasb.fxgl.profile.SaveLoadService, class com.almasb.fxgl.ui.FXGLUIFactoryServiceProvider, class com.almasb.fxgl.ui.FXGLDialogFactoryServiceProvider, class com.almasb.fxgl.audio.AudioPlayer, class com.almasb.fxgl.notification.impl.NotificationServiceProvider, class com.almasb.fxgl.achievement.AchievementService, class com.almasb.fxgl.cutscene.CutsceneService, class com.almasb.fxgl.minigames.MiniGameService, class com.almasb.fxgl.net.NetService, class com.almasb.fxgl.app.services.UpdaterService, class com.almasb.fxgl.dev.DevService]
10:21:09.781 [FXGL Background Thread 3 ] DEBUG Engine               - fontGame: Abel-Regular.ttf
10:21:09.781 [FXGL Background Thread 3 ] DEBUG Engine               - fontMono: TerminalLandMono-Regular.otf
10:21:09.781 [FXGL Background Thread 3 ] DEBUG Engine               - fontSizeScaleUI: 1.0
10:21:09.781 [FXGL Background Thread 3 ] DEBUG Engine               - fontText: Courier-Prime.ttf
10:21:09.781 [FXGL Background Thread 3 ] DEBUG Engine               - fontUI: VarelaRound-Regular.ttf
10:21:09.781 [FXGL Background Thread 3 ] DEBUG Engine               - fullScreen: BooleanProperty [value: false]
10:21:09.781 [FXGL Background Thread 3 ] DEBUG Engine               - gameDifficulty: MEDIUM
10:21:09.782 [FXGL Background Thread 3 ] DEBUG Engine               - gameDifficultyProperty: ObjectProperty [value: MEDIUM]
10:21:09.782 [FXGL Background Thread 3 ] DEBUG Engine               - globalMusicVolume: 0.5
10:21:09.782 [FXGL Background Thread 3 ] DEBUG Engine               - globalMusicVolumeProperty: DoubleProperty [value: 1.0]
10:21:09.782 [FXGL Background Thread 3 ] DEBUG Engine               - globalSoundVolume: 0.5
10:21:09.782 [FXGL Background Thread 3 ] DEBUG Engine               - globalSoundVolumeProperty: DoubleProperty [value: 1.0]
10:21:09.782 [FXGL Background Thread 3 ] DEBUG Engine               - height: 800
10:21:09.783 [FXGL Background Thread 3 ] DEBUG Engine               - is3D: false
10:21:09.783 [FXGL Background Thread 3 ] DEBUG Engine               - isAndroid: false
10:21:09.783 [FXGL Background Thread 3 ] DEBUG Engine               - isBrowser: false
10:21:09.783 [FXGL Background Thread 3 ] DEBUG Engine               - isClickFeedbackEnabled: false
10:21:09.783 [FXGL Background Thread 3 ] DEBUG Engine               - isCloseConfirmation: false
10:21:09.783 [FXGL Background Thread 3 ] DEBUG Engine               - isDesktop: true
10:21:09.783 [FXGL Background Thread 3 ] DEBUG Engine               - isDeveloperMenuEnabled: false
10:21:09.783 [FXGL Background Thread 3 ] DEBUG Engine               - isEmbedded: false
10:21:09.783 [FXGL Background Thread 3 ] DEBUG Engine               - isEntityPreloadEnabled: true
10:21:09.783 [FXGL Background Thread 3 ] DEBUG Engine               - isExperimentalTiledLargeMap: false
10:21:09.783 [FXGL Background Thread 3 ] DEBUG Engine               - isFileSystemWriteAllowed: true
10:21:09.783 [FXGL Background Thread 3 ] DEBUG Engine               - isFullScreenAllowed: false
10:21:09.784 [FXGL Background Thread 3 ] DEBUG Engine               - isFullScreenFromStart: false
10:21:09.784 [FXGL Background Thread 3 ] DEBUG Engine               - isGameMenuEnabled: true
10:21:09.784 [FXGL Background Thread 3 ] DEBUG Engine               - isIOS: false
10:21:09.784 [FXGL Background Thread 3 ] DEBUG Engine               - isIntroEnabled: false
10:21:09.784 [FXGL Background Thread 3 ] DEBUG Engine               - isLinux: false
10:21:09.784 [FXGL Background Thread 3 ] DEBUG Engine               - isMac: false
10:21:09.784 [FXGL Background Thread 3 ] DEBUG Engine               - isMainMenuEnabled: true
10:21:09.784 [FXGL Background Thread 3 ] DEBUG Engine               - isManualResizeEnabled: false
10:21:09.784 [FXGL Background Thread 3 ] DEBUG Engine               - isMobile: false
10:21:09.784 [FXGL Background Thread 3 ] DEBUG Engine               - isNative: false
10:21:09.785 [FXGL Background Thread 3 ] DEBUG Engine               - isPauseMusicWhenMinimized: true
10:21:09.785 [FXGL Background Thread 3 ] DEBUG Engine               - isPreserveResizeRatio: false
10:21:09.785 [FXGL Background Thread 3 ] DEBUG Engine               - isProfilingEnabled: false
10:21:09.785 [FXGL Background Thread 3 ] DEBUG Engine               - isScaleAffectedOnResize: true
10:21:09.785 [FXGL Background Thread 3 ] DEBUG Engine               - isSingleStep: false
10:21:09.785 [FXGL Background Thread 3 ] DEBUG Engine               - isUserProfileEnabled: false
10:21:09.785 [FXGL Background Thread 3 ] DEBUG Engine               - isWindows: true
10:21:09.785 [FXGL Background Thread 3 ] DEBUG Engine               - language: ObjectProperty [value: ENGLISH]
10:21:09.785 [FXGL Background Thread 3 ] DEBUG Engine               - menuKey: ESCAPE
10:21:09.785 [FXGL Background Thread 3 ] DEBUG Engine               - mouseSensitivity: 0.2
10:21:09.786 [FXGL Background Thread 3 ] DEBUG Engine               - notificationViewClass: class com.almasb.fxgl.notification.view.XboxNotificationView
10:21:09.786 [FXGL Background Thread 3 ] DEBUG Engine               - pixelsPerMeter: 50.0
10:21:09.786 [FXGL Background Thread 3 ] DEBUG Engine               - platform: WINDOWS
10:21:09.786 [FXGL Background Thread 3 ] DEBUG Engine               - prefHeightProperty: ReadOnlyDoubleProperty [value: 800.0]
10:21:09.786 [FXGL Background Thread 3 ] DEBUG Engine               - prefWidthProperty: ReadOnlyDoubleProperty [value: 800.0]
10:21:09.786 [FXGL Background Thread 3 ] DEBUG Engine               - profileDir: profiles/
10:21:09.787 [FXGL Background Thread 3 ] DEBUG Engine               - profileName: StringProperty [value: DEFAULT]
10:21:09.788 [FXGL Background Thread 3 ] DEBUG Engine               - randomSeed: -1
10:21:09.788 [FXGL Background Thread 3 ] DEBUG Engine               - runtimeInfo: RuntimeInfo(platform=WINDOWS, version=21.1, build=27.03.2024 07.52)
10:21:09.788 [FXGL Background Thread 3 ] DEBUG Engine               - saveFileExt: sav
10:21:09.788 [FXGL Background Thread 3 ] DEBUG Engine               - scaledHeightProp$fxgl: DoubleProperty [bound, value: 800.0]
10:21:09.788 [FXGL Background Thread 3 ] DEBUG Engine               - scaledWidthProp$fxgl: DoubleProperty [bound, value: 800.0]
10:21:09.789 [FXGL Background Thread 3 ] DEBUG Engine               - sceneFactory: com.lab.App$1@14e0faec
10:21:09.790 [FXGL Background Thread 3 ] DEBUG Engine               - secondsIn24h: 60
10:21:09.790 [FXGL Background Thread 3 ] DEBUG Engine               - soundMenuBack: menu/back.wav
10:21:09.790 [FXGL Background Thread 3 ] DEBUG Engine               - soundMenuPress: menu/press.wav
10:21:09.790 [FXGL Background Thread 3 ] DEBUG Engine               - soundMenuSelect: menu/select.wav
10:21:09.790 [FXGL Background Thread 3 ] DEBUG Engine               - soundNotification: core/notification.wav
10:21:09.790 [FXGL Background Thread 3 ] DEBUG Engine               - stageStyle: DECORATED
10:21:09.790 [FXGL Background Thread 3 ] DEBUG Engine               - supportedLanguages: [ENGLISH, FRENCH, GERMAN, HUNGARIAN, RUSSIAN]
10:21:09.790 [FXGL Background Thread 3 ] DEBUG Engine               - ticksPerSecond: -1
10:21:09.791 [FXGL Background Thread 3 ] DEBUG Engine               - title: Gonvival
10:21:09.791 [FXGL Background Thread 3 ] DEBUG Engine               - urlGithub: https://github.com/AlmasB/FXGL
10:21:09.791 [FXGL Background Thread 3 ] DEBUG Engine               - urlLeaderboard: http://fxgl-top.herokuapp.com/
10:21:09.791 [FXGL Background Thread 3 ] DEBUG Engine               - urlPOM: https://raw.githubusercontent.com/AlmasB/FXGL/release/README.md
10:21:09.792 [FXGL Background Thread 3 ] DEBUG Engine               - userAppClass: class com.lab.App
10:21:09.792 [FXGL Background Thread 3 ] DEBUG Engine               - version: beta
10:21:09.792 [FXGL Background Thread 3 ] DEBUG Engine               - versionCheckDays: 7
10:21:09.792 [FXGL Background Thread 3 ] DEBUG Engine               - width: 800
10:21:09.792 [FXGL Background Thread 3 ] DEBUG Engine               - Logging services
10:21:09.792 [FXGL Background Thread 3 ] DEBUG Engine               - class com.almasb.fxgl.app.services.FXGLAssetLoaderService
10:21:09.792 [FXGL Background Thread 3 ] DEBUG Engine               - class com.almasb.fxgl.app.FXGLApplication$GameApplicationService
10:21:09.792 [FXGL Background Thread 3 ] DEBUG Engine               - class com.almasb.fxgl.app.services.FXGLDialogService
10:21:09.792 [FXGL Background Thread 3 ] DEBUG Engine               - class com.almasb.fxgl.app.services.IOTaskExecutorService
10:21:09.793 [FXGL Background Thread 3 ] DEBUG Engine               - class com.almasb.fxgl.io.FileSystemService
10:21:09.793 [FXGL Background Thread 3 ] DEBUG Engine               - class com.almasb.fxgl.localization.LocalizationService
10:21:09.798 [FXGL Background Thread 3 ] DEBUG Engine               - class com.almasb.fxgl.app.services.SystemBundleService
10:21:09.798 [FXGL Background Thread 3 ] DEBUG Engine               - class com.almasb.fxgl.profile.SaveLoadService
10:21:09.798 [FXGL Background Thread 3 ] DEBUG Engine               - class com.almasb.fxgl.ui.FXGLUIFactoryServiceProvider
10:21:09.798 [FXGL Background Thread 3 ] DEBUG Engine               - class com.almasb.fxgl.ui.FXGLDialogFactoryServiceProvider
10:21:09.799 [FXGL Background Thread 3 ] DEBUG Engine               - class com.almasb.fxgl.audio.AudioPlayer
10:21:09.799 [FXGL Background Thread 3 ] DEBUG Engine               - class com.almasb.fxgl.notification.impl.NotificationServiceProvider
10:21:09.799 [FXGL Background Thread 3 ] DEBUG Engine               - class com.almasb.fxgl.achievement.AchievementService
10:21:09.802 [FXGL Background Thread 3 ] DEBUG Engine               - class com.almasb.fxgl.cutscene.CutsceneService
10:21:09.803 [FXGL Background Thread 3 ] DEBUG Engine               - class com.almasb.fxgl.minigames.MiniGameService
10:21:09.803 [FXGL Background Thread 3 ] DEBUG Engine               - class com.almasb.fxgl.net.NetService
10:21:09.803 [FXGL Background Thread 3 ] DEBUG Engine               - class com.almasb.fxgl.app.services.UpdaterService
10:21:09.803 [FXGL Background Thread 3 ] DEBUG Engine               - class com.almasb.fxgl.dev.DevService
10:21:10.649 [JavaFX Application Thread] DEBUG LoopRunner           - Pausing loop
10:21:10.651 [JavaFX Application Thread] DEBUG Menu                 - fireNewGame()
10:21:10.652 [JavaFX Application Thread] DEBUG GameApplicationServi - Starting new game
10:21:10.652 [JavaFX Application Thread] DEBUG PrimaryStageWindow   - Pop state: StartScreen
10:21:10.652 [JavaFX Application Thread] DEBUG Input                - Clearing active input actions
10:21:10.655 [JavaFX Application Thread] DEBUG GameApplicationServi - Removing overlay from StartScreen and adding to FXGLMainMenuDummyScene
10:21:10.657 [JavaFX Application Thread] DEBUG PrimaryStageWindow   - FXGLMainMenuDummyScene <- StartScreen
10:21:10.658 [JavaFX Application Thread] DEBUG Input                - Clearing active input actions
10:21:10.683 [JavaFX Application Thread] DEBUG GameApplicationServi - Removing overlay from FXGLMainMenuDummyScene and adding to FXGLLoadingScene
10:21:10.683 [JavaFX Application Thread] DEBUG PrimaryStageWindow   - FXGLMainMenuDummyScene -> FXGLLoadingScene
10:21:10.683 [JavaFX Application Thread] DEBUG GameApplicationServi - Clearing previous game
10:21:10.684 [JavaFX Application Thread] DEBUG GameScene            - Clearing game scene
10:21:10.684 [JavaFX Application Thread] DEBUG GameWorld            - Clearing game world
10:21:10.684 [JavaFX Application Thread] DEBUG PhysicsWorld         - Clearing physics world
10:21:10.690 [FXGL Background Thread 2 ] DEBUG FXGLApplication      - Initializing game
10:21:10.700 [FXGL Background Thread 2 ] DEBUG FXGLAssetLoaderServi - Loading from file system: file:/D:/Gonvival/game/target/classes/assets/textures/newmap2.png
10:21:10.813 [FXGL Background Thread 2 ] DEBUG FXGLAssetLoaderServi - Loading from file system: file:/D:/Gonvival/game/target/classes/assets/textures/idle_down.png
10:21:10.818 [FXGL Background Thread 2 ] DEBUG FXGLAssetLoaderServi - Loading from file system: file:/D:/Gonvival/game/target/classes/assets/textures/idle_up.png
10:21:10.821 [FXGL Background Thread 2 ] DEBUG FXGLAssetLoaderServi - Loading from file system: file:/D:/Gonvival/game/target/classes/assets/textures/idle_left_down.png
10:21:10.823 [FXGL Background Thread 2 ] DEBUG FXGLAssetLoaderServi - Loading from file system: file:/D:/Gonvival/game/target/classes/assets/textures/idle_left_up.png
10:21:10.824 [FXGL Background Thread 2 ] DEBUG FXGLAssetLoaderServi - Loading from file system: file:/D:/Gonvival/game/target/classes/assets/textures/idle_right_down.png
10:21:10.829 [FXGL Background Thread 2 ] DEBUG FXGLAssetLoaderServi - Loading from file system: file:/D:/Gonvival/game/target/classes/assets/textures/idle_right_up.png
10:21:10.832 [FXGL Background Thread 2 ] DEBUG FXGLAssetLoaderServi - Loading from file system: file:/D:/Gonvival/game/target/classes/assets/textures/walk_left_down.png
10:21:10.834 [FXGL Background Thread 2 ] DEBUG FXGLAssetLoaderServi - Loading from file system: file:/D:/Gonvival/game/target/classes/assets/textures/walk_right_down.png
10:21:10.836 [FXGL Background Thread 2 ] DEBUG FXGLAssetLoaderServi - Loading from file system: file:/D:/Gonvival/game/target/classes/assets/textures/walk_up.png
10:21:10.839 [FXGL Background Thread 2 ] DEBUG FXGLAssetLoaderServi - Loading from file system: file:/D:/Gonvival/game/target/classes/assets/textures/walk_down.png
10:21:10.842 [FXGL Background Thread 2 ] DEBUG FXGLAssetLoaderServi - Loading from file system: file:/D:/Gonvival/game/target/classes/assets/textures/walk_left_up.png
10:21:10.844 [FXGL Background Thread 2 ] DEBUG FXGLAssetLoaderServi - Loading from file system: file:/D:/Gonvival/game/target/classes/assets/textures/walk_right_up.png
10:21:10.860 [FXGL Background Thread 2 ] DEBUG FXGLAssetLoaderServi - Loading from file system: file:/D:/Gonvival/game/target/classes/assets/textures/Level.png
10:21:10.867 [FXGL Background Thread 2 ] INFO  FXGLApplication      - Game initialization took: 0.177 sec
10:21:10.869 [JavaFX Application Thread] DEBUG Input                - Clearing active input actions
10:21:10.887 [JavaFX Application Thread] DEBUG GameApplicationServi - Removing overlay from FXGLLoadingScene and adding to GameScene
10:21:10.887 [JavaFX Application Thread] DEBUG PrimaryStageWindow   - FXGLLoadingScene -> GameScene
10:21:11.999 [JavaFX Application Thread] DEBUG LoopRunner           - Resuming loop
10:21:12.116 [JavaFX Application Thread] DEBUG Input                - Registered new binding: SHOOT - LMB
10:21:12.117 [JavaFX Application Thread] DEBUG Input                - Registered new binding: MOVE LEFT - A
10:21:12.117 [JavaFX Application Thread] DEBUG Input                - Registered new binding: MOVE RIGHT - D
10:21:12.117 [JavaFX Application Thread] DEBUG Input                - Registered new binding: MOVE UP - W
10:21:12.117 [JavaFX Application Thread] DEBUG Input                - Registered new binding: MOVE DOWN - S
10:21:12.803 [JavaFX Application Thread] DEBUG FXGLAssetLoaderServi - Loading from file system: file:/D:/Gonvival/game/target/classes/assets/textures/GraveRevenant.png
10:21:12.823 [JavaFX Application Thread] DEBUG FXGLAssetLoaderServi - Loading from file system: file:/D:/Gonvival/game/target/classes/assets/textures/arrow.png
10:21:12.831 [JavaFX Application Thread] DEBUG FXGLAssetLoaderServi - Loading from file system: file:/D:/Gonvival/game/target/classes/assets/sounds/piw.wav
10:21:15.071 [JavaFX Application Thread] DEBUG PrimaryStageWindow   - Push state: FXGLDefaultMenu
10:21:15.077 [JavaFX Application Thread] DEBUG Input                - Clearing active input actions
10:21:15.083 [JavaFX Application Thread] DEBUG GameApplicationServi - Removing overlay from GameScene and adding to FXGLDefaultMenu
10:21:15.084 [JavaFX Application Thread] DEBUG PrimaryStageWindow   - GameScene -> FXGLDefaultMenu
10:21:18.469 [JavaFX Application Thread] DEBUG FXGLApplication      - Exiting FXGL
10:21:18.470 [JavaFX Application Thread] DEBUG LoopRunner           - Stopping loop
10:21:18.470 [JavaFX Application Thread] DEBUG SystemBundleService  - Saving FXGL system data
10:21:18.480 [JavaFX Application Thread] DEBUG FileSystemAccess     - Writing to: D:\Gonvival\system\fxgl.bundle
10:21:18.496 [JavaFX Application Thread] DEBUG Async                - Shutting down background threads
10:21:18.497 [JavaFX Application Thread] DEBUG PrimaryStageWindow   - Closing main window
10:21:18.571 [JavaFX Application Thread] DEBUG Logger               - Closing Logger
