06:33:36.081 [main                     ] DEBUG Logger               - Configured Logger
06:33:36.142 [main                     ] DEBUG GameApplication      - Logging settings
Title: Gonvival
Version: beta
Width: 800
Height: 800
Fullscreen: false
Intro: false
Profiling: false
Single step:false
App Mode: DEVELOPER
Menu Key: ESCAPE
Stage Style: DECORATED
Scene Factory: class com.lab.App$1

06:33:37.100 [JavaFX Application Thread] DEBUG FXGLApplication      - Initializing FXGL
06:33:37.107 [JavaFX Application Thread] INFO  Engine               - FXGL-21.1 (27.03.2024 07.52) on WINDOWS (J:21.0.5 FX:21.0.1)
06:33:37.112 [JavaFX Application Thread] DEBUG Engine               - JRE Vendor Name: Eclipse Adoptium
06:33:37.113 [JavaFX Application Thread] DEBUG Engine               - Running on OS: Windows 10 version 10.0
06:33:37.113 [JavaFX Application Thread] DEBUG Engine               - Architecture: amd64
06:33:37.113 [JavaFX Application Thread] INFO  Engine               - Source code and latest versions at: https://github.com/AlmasB/FXGL
06:33:37.116 [JavaFX Application Thread] INFO  Engine               -       Ask questions and discuss at: https://github.com/AlmasB/FXGL/discussions
06:33:37.118 [JavaFX Application Thread] INFO  Engine               -              Join the FXGL chat at: https://gitter.im/AlmasB/FXGL
06:33:37.390 [JavaFX Application Thread] DEBUG PrimaryStageWindow   - Creating a JavaFX scene
06:33:37.391 [JavaFX Application Thread] DEBUG PrimaryStageWindow   - Target size > screen size
06:33:37.517 [JavaFX Application Thread] DEBUG PrimaryStageWindow   - Target settings size: 800.0 x 800.0
06:33:37.518 [JavaFX Application Thread] DEBUG PrimaryStageWindow   - Scaled scene size:    743.0 x 768.0
06:33:37.519 [JavaFX Application Thread] DEBUG PrimaryStageWindow   - Scaled ratio: (0.92875, 0.96)
06:33:37.522 [JavaFX Application Thread] DEBUG PrimaryStageWindow   - Set initial scene to FXGLStartupScene
06:33:37.531 [JavaFX Application Thread] DEBUG PrimaryStageWindow   - Opening main window
06:33:37.672 [JavaFX Application Thread] DEBUG PrimaryStageWindow   - Window border size: (16.0, 39.0)
06:33:37.673 [JavaFX Application Thread] DEBUG PrimaryStageWindow   - Scaled size: 743.0 x 768.0
06:33:37.673 [JavaFX Application Thread] DEBUG PrimaryStageWindow   - Scaled ratio: (0.92875, 0.96)
06:33:37.673 [JavaFX Application Thread] DEBUG PrimaryStageWindow   - Scene size: 743.0 x 768.0
06:33:37.674 [JavaFX Application Thread] DEBUG PrimaryStageWindow   - Stage size: 759.0 x 807.0
06:33:37.705 [FXGL Background Thread 1 ] DEBUG Engine               - Initializing environment variables
06:33:37.883 [FXGL Background Thread 1 ] DEBUG FXGLAssetLoaderServi - User app class for loading assets: class com.lab.App
06:33:37.884 [FXGL Background Thread 1 ] DEBUG GameApplicationServi - Applying CSS: fxgl_dark.css
06:33:37.886 [FXGL Background Thread 1 ] DEBUG FXGLAssetLoaderServi - Loading from file system: jar:file:/C:/Users/Khana/.m2/repository/com/github/almasb/fxgl/21.1/fxgl-21.1.jar!/fxglassets/ui/css/fxgl_dark.css
06:33:38.006 [FXGL Background Thread 1 ] DEBUG GameApplicationServi - Initializing application scenes
06:33:38.319 [FXGL Background Thread 1 ] DEBUG GameWorld            - Game world initialized
06:33:38.446 [FXGL Background Thread 1 ] DEBUG PhysicsWorld         - Physics world initialized: appHeight=800, physics.ppm=50.0
06:33:38.446 [FXGL Background Thread 1 ] DEBUG PhysicsWorld         - Using strategy: BRUTE_FORCE
06:33:38.454 [FXGL Background Thread 1 ] DEBUG GameScene            - Game scene initialized: 800x800
06:33:38.458 [FXGL Background Thread 1 ] WARN  FXGLAssetLoaderServi - Asset "/assets/music/menu_music.mp3" was not found!
06:33:38.463 [FXGL Background Thread 1 ] WARN  FXGLAssetLoaderServi - Failed to load MUSIC
06:33:38.466 [FXGL Background Thread 1 ] DEBUG AudioPlayer          - Playing music com.almasb.fxgl.audio.Music@65d49817
06:33:38.582 [FXGL Background Thread 1 ] DEBUG FXGL.DefaultMenu     - createMenuBodyGameMenu()
06:33:38.616 [FXGL Background Thread 1 ] DEBUG FXGL.DefaultMenu     - createOptionsMenu()
06:33:38.631 [FXGL Background Thread 1 ] DEBUG FXGLAssetLoaderServi - Loading from file system: jar:file:/C:/Users/Khana/.m2/repository/com/github/almasb/fxgl/21.1/fxgl-21.1.jar!/fxglassets/textures/particles/smoke.png
06:33:38.882 [FXGL Background Thread 1 ] DEBUG FXGLAssetLoaderServi - Loading from file system: jar:file:/C:/Users/Khana/.m2/repository/com/github/almasb/fxgl/21.1/fxgl-21.1.jar!/fxglassets/textures/particles/trace_horizontal.png
06:33:39.022 [FXGL Background Thread 1 ] DEBUG GameApplicationServi - Application scenes initialized
06:33:39.067 [FXGL Background Thread 1 ] DEBUG SystemBundleService  - Loading FXGL system data
06:33:39.083 [FXGL Background Thread 1 ] DEBUG FileSystemAccess     - Reading from: E:\Labs\Gonvival\system\fxgl.bundle
06:33:39.118 [FXGL Background Thread 1 ] DEBUG SystemBundleService  - Bundle FXGL: {}
06:33:39.119 [FXGL Background Thread 1 ] DEBUG UpdaterService       - Checking for updates
06:33:39.137 [FXGL Background Thread 1 ] DEBUG FXGLApplication      - Loading default localization
06:33:39.138 [FXGL Background Thread 1 ] DEBUG FXGLAssetLoaderServi - Loading from file system: jar:file:/C:/Users/Khana/.m2/repository/com/github/almasb/fxgl/21.1/fxgl-21.1.jar!/fxglassets/languages/english.lang
06:33:39.206 [FXGL Background Thread 4 ] DEBUG FXGLApplication      - Loading fonts
06:33:39.217 [FXGL Background Thread 4 ] DEBUG FXGLAssetLoaderServi - Loading from file system: jar:file:/C:/Users/Khana/.m2/repository/com/github/almasb/fxgl/21.1/fxgl-21.1.jar!/fxglassets/ui/fonts/VarelaRound-Regular.ttf
06:33:39.305 [FXGL Background Thread 1 ] INFO  FXGLApplication      - FXGL initialization took: 1.600 sec
06:33:39.383 [JavaFX Application Thread] DEBUG FXGLAssetLoaderServi - Loading from file system: jar:file:/C:/Users/Khana/.m2/repository/com/github/almasb/fxgl/21.1/fxgl-21.1.jar!/fxglassets/textures/fxgl_icon.png
06:33:39.405 [FXGL Background Thread 4 ] DEBUG FXGLAssetLoaderServi - Loading from file system: jar:file:/C:/Users/Khana/.m2/repository/com/github/almasb/fxgl/21.1/fxgl-21.1.jar!/fxglassets/ui/fonts/Abel-Regular.ttf
06:33:39.469 [JavaFX Application Thread] DEBUG FXGLAssetLoaderServi - Loading from file system: jar:file:/C:/Users/Khana/.m2/repository/com/github/almasb/fxgl/21.1/fxgl-21.1.jar!/fxglassets/textures/fxgl_default_cursor.png
06:33:39.522 [JavaFX Application Thread] DEBUG Input                - Registered new binding: Screenshot - CTRL+8
06:33:39.522 [JavaFX Application Thread] DEBUG Input                - Registered new binding: System info dump - CTRL+9
06:33:39.523 [JavaFX Application Thread] DEBUG Input                - Registered new binding: Restart - CTRL+R
06:33:39.538 [JavaFX Application Thread] DEBUG Input                - Registered new binding: Toggle Debug Camera - CTRL+7
06:33:39.545 [JavaFX Application Thread] DEBUG LoopRunner           - Starting loop
06:33:39.546 [JavaFX Application Thread] DEBUG LoopRunner           - Initializing JavaFX AnimationTimerLoop
06:33:39.553 [JavaFX Application Thread] DEBUG Input                - Clearing active input actions
06:33:39.567 [FXGL Background Thread 4 ] DEBUG FXGLAssetLoaderServi - Loading from file system: jar:file:/C:/Users/Khana/.m2/repository/com/github/almasb/fxgl/21.1/fxgl-21.1.jar!/fxglassets/ui/fonts/TerminalLandMono-Regular.otf
06:33:39.589 [JavaFX Application Thread] DEBUG GameApplicationServi - Removing overlay from FXGLStartupScene and adding to FXGLMainMenuDummyScene
06:33:39.589 [JavaFX Application Thread] DEBUG PrimaryStageWindow   - FXGLStartupScene -> FXGLMainMenuDummyScene
06:33:39.590 [JavaFX Application Thread] DEBUG PrimaryStageWindow   - Push state: StartScreen
06:33:39.590 [JavaFX Application Thread] DEBUG Input                - Clearing active input actions
06:33:39.610 [FXGL Background Thread 4 ] DEBUG FXGLAssetLoaderServi - Loading from file system: jar:file:/C:/Users/Khana/.m2/repository/com/github/almasb/fxgl/21.1/fxgl-21.1.jar!/fxglassets/ui/fonts/Courier-Prime.ttf
06:33:39.656 [JavaFX Application Thread] DEBUG GameApplicationServi - Removing overlay from FXGLMainMenuDummyScene and adding to StartScreen
06:33:39.657 [JavaFX Application Thread] DEBUG PrimaryStageWindow   - FXGLMainMenuDummyScene -> StartScreen
06:33:39.924 [JavaFX Application Thread] DEBUG FXGLApplication      - Registering font factories with UI factory
06:33:42.128 [FXGL Background Thread 3 ] DEBUG Engine               - Logging environment variables
06:33:42.132 [FXGL Background Thread 3 ] DEBUG Engine               - achievements: []
06:33:42.132 [FXGL Background Thread 3 ] DEBUG Engine               - actualHeight: 768.0
06:33:42.133 [FXGL Background Thread 3 ] DEBUG Engine               - actualHeightProperty: ReadOnlyDoubleProperty [value: 768.0]
06:33:42.133 [FXGL Background Thread 3 ] DEBUG Engine               - actualWidth: 743.0
06:33:42.133 [FXGL Background Thread 3 ] DEBUG Engine               - actualWidthProperty: ReadOnlyDoubleProperty [value: 743.0]
06:33:42.133 [FXGL Background Thread 3 ] DEBUG Engine               - appIcon: fxgl_icon.png
06:33:42.133 [FXGL Background Thread 3 ] DEBUG Engine               - applicationMode: DEVELOPER
06:33:42.133 [FXGL Background Thread 3 ] DEBUG Engine               - cSSList: [fxgl_dark.css]
06:33:42.133 [FXGL Background Thread 3 ] DEBUG Engine               - collisionDetectionStrategy: BRUTE_FORCE
06:33:42.133 [FXGL Background Thread 3 ] DEBUG Engine               - configClass: Optional.empty
06:33:42.133 [FXGL Background Thread 3 ] DEBUG Engine               - credits: []
06:33:42.134 [FXGL Background Thread 3 ] DEBUG Engine               - defaultCursor: CursorInfo(imageName=fxgl_default_cursor.png, hotspotX=7.0, hotspotY=6.0)
06:33:42.134 [FXGL Background Thread 3 ] DEBUG Engine               - devBBoxColorProperty: ObjectProperty [value: 0xff0000ff]
06:33:42.135 [FXGL Background Thread 3 ] DEBUG Engine               - devEnableDebugCameraProperty: BooleanProperty [value: false]
06:33:42.135 [FXGL Background Thread 3 ] DEBUG Engine               - devSensorColorProperty: ObjectProperty [value: 0xffff00ff]
06:33:42.135 [FXGL Background Thread 3 ] DEBUG Engine               - devShowBBoxProperty: BooleanProperty [value: false]
06:33:42.135 [FXGL Background Thread 3 ] DEBUG Engine               - devShowPositionProperty: BooleanProperty [value: false]
06:33:42.135 [FXGL Background Thread 3 ] DEBUG Engine               - enabledMenuItems: []
06:33:42.135 [FXGL Background Thread 3 ] DEBUG Engine               - engineServices: [class com.almasb.fxgl.app.services.FXGLAssetLoaderService, class com.almasb.fxgl.app.FXGLApplication$GameApplicationService, class com.almasb.fxgl.app.services.FXGLDialogService, class com.almasb.fxgl.app.services.IOTaskExecutorService, class com.almasb.fxgl.io.FileSystemService, class com.almasb.fxgl.localization.LocalizationService, class com.almasb.fxgl.app.services.SystemBundleService, class com.almasb.fxgl.profile.SaveLoadService, class com.almasb.fxgl.ui.FXGLUIFactoryServiceProvider, class com.almasb.fxgl.ui.FXGLDialogFactoryServiceProvider, class com.almasb.fxgl.audio.AudioPlayer, class com.almasb.fxgl.notification.impl.NotificationServiceProvider, class com.almasb.fxgl.achievement.AchievementService, class com.almasb.fxgl.cutscene.CutsceneService, class com.almasb.fxgl.minigames.MiniGameService, class com.almasb.fxgl.net.NetService, class com.almasb.fxgl.app.services.UpdaterService, class com.almasb.fxgl.dev.DevService]
06:33:42.135 [FXGL Background Thread 3 ] DEBUG Engine               - fontGame: Abel-Regular.ttf
06:33:42.135 [FXGL Background Thread 3 ] DEBUG Engine               - fontMono: TerminalLandMono-Regular.otf
06:33:42.136 [FXGL Background Thread 3 ] DEBUG Engine               - fontSizeScaleUI: 1.0
06:33:42.136 [FXGL Background Thread 3 ] DEBUG Engine               - fontText: Courier-Prime.ttf
06:33:42.136 [FXGL Background Thread 3 ] DEBUG Engine               - fontUI: VarelaRound-Regular.ttf
06:33:42.136 [FXGL Background Thread 3 ] DEBUG Engine               - fullScreen: BooleanProperty [value: false]
06:33:42.136 [FXGL Background Thread 3 ] DEBUG Engine               - gameDifficulty: MEDIUM
06:33:42.136 [FXGL Background Thread 3 ] DEBUG Engine               - gameDifficultyProperty: ObjectProperty [value: MEDIUM]
06:33:42.136 [FXGL Background Thread 3 ] DEBUG Engine               - globalMusicVolume: 0.5
06:33:42.136 [FXGL Background Thread 3 ] DEBUG Engine               - globalMusicVolumeProperty: DoubleProperty [value: 1.0]
06:33:42.136 [FXGL Background Thread 3 ] DEBUG Engine               - globalSoundVolume: 0.5
06:33:42.137 [FXGL Background Thread 3 ] DEBUG Engine               - globalSoundVolumeProperty: DoubleProperty [value: 0.5]
06:33:42.137 [FXGL Background Thread 3 ] DEBUG Engine               - height: 800
06:33:42.137 [FXGL Background Thread 3 ] DEBUG Engine               - is3D: false
06:33:42.137 [FXGL Background Thread 3 ] DEBUG Engine               - isAndroid: false
06:33:42.137 [FXGL Background Thread 3 ] DEBUG Engine               - isBrowser: false
06:33:42.137 [FXGL Background Thread 3 ] DEBUG Engine               - isClickFeedbackEnabled: false
06:33:42.137 [FXGL Background Thread 3 ] DEBUG Engine               - isCloseConfirmation: false
06:33:42.137 [FXGL Background Thread 3 ] DEBUG Engine               - isDesktop: true
06:33:42.137 [FXGL Background Thread 3 ] DEBUG Engine               - isDeveloperMenuEnabled: false
06:33:42.138 [FXGL Background Thread 3 ] DEBUG Engine               - isEmbedded: false
06:33:42.138 [FXGL Background Thread 3 ] DEBUG Engine               - isEntityPreloadEnabled: true
06:33:42.138 [FXGL Background Thread 3 ] DEBUG Engine               - isExperimentalTiledLargeMap: false
06:33:42.139 [FXGL Background Thread 3 ] DEBUG Engine               - isFileSystemWriteAllowed: true
06:33:42.139 [FXGL Background Thread 3 ] DEBUG Engine               - isFullScreenAllowed: false
06:33:42.139 [FXGL Background Thread 3 ] DEBUG Engine               - isFullScreenFromStart: false
06:33:42.139 [FXGL Background Thread 3 ] DEBUG Engine               - isGameMenuEnabled: true
06:33:42.139 [FXGL Background Thread 3 ] DEBUG Engine               - isIOS: false
06:33:42.139 [FXGL Background Thread 3 ] DEBUG Engine               - isIntroEnabled: false
06:33:42.139 [FXGL Background Thread 3 ] DEBUG Engine               - isLinux: false
06:33:42.139 [FXGL Background Thread 3 ] DEBUG Engine               - isMac: false
06:33:42.140 [FXGL Background Thread 3 ] DEBUG Engine               - isMainMenuEnabled: true
06:33:42.140 [FXGL Background Thread 3 ] DEBUG Engine               - isManualResizeEnabled: false
06:33:42.140 [FXGL Background Thread 3 ] DEBUG Engine               - isMobile: false
06:33:42.140 [FXGL Background Thread 3 ] DEBUG Engine               - isNative: false
06:33:42.140 [FXGL Background Thread 3 ] DEBUG Engine               - isPauseMusicWhenMinimized: true
06:33:42.140 [FXGL Background Thread 3 ] DEBUG Engine               - isPreserveResizeRatio: false
06:33:42.140 [FXGL Background Thread 3 ] DEBUG Engine               - isProfilingEnabled: false
06:33:42.140 [FXGL Background Thread 3 ] DEBUG Engine               - isScaleAffectedOnResize: true
06:33:42.140 [FXGL Background Thread 3 ] DEBUG Engine               - isSingleStep: false
06:33:42.141 [FXGL Background Thread 3 ] DEBUG Engine               - isUserProfileEnabled: false
06:33:42.141 [FXGL Background Thread 3 ] DEBUG Engine               - isWindows: true
06:33:42.141 [FXGL Background Thread 3 ] DEBUG Engine               - language: ObjectProperty [value: ENGLISH]
06:33:42.141 [FXGL Background Thread 3 ] DEBUG Engine               - menuKey: ESCAPE
06:33:42.141 [FXGL Background Thread 3 ] DEBUG Engine               - mouseSensitivity: 0.2
06:33:42.141 [FXGL Background Thread 3 ] DEBUG Engine               - notificationViewClass: class com.almasb.fxgl.notification.view.XboxNotificationView
06:33:42.141 [FXGL Background Thread 3 ] DEBUG Engine               - pixelsPerMeter: 50.0
06:33:42.141 [FXGL Background Thread 3 ] DEBUG Engine               - platform: WINDOWS
06:33:42.141 [FXGL Background Thread 3 ] DEBUG Engine               - prefHeightProperty: ReadOnlyDoubleProperty [value: 800.0]
06:33:42.141 [FXGL Background Thread 3 ] DEBUG Engine               - prefWidthProperty: ReadOnlyDoubleProperty [value: 800.0]
06:33:42.141 [FXGL Background Thread 3 ] DEBUG Engine               - profileDir: profiles/
06:33:42.145 [FXGL Background Thread 3 ] DEBUG Engine               - profileName: StringProperty [value: DEFAULT]
06:33:42.146 [FXGL Background Thread 3 ] DEBUG Engine               - randomSeed: -1
06:33:42.146 [FXGL Background Thread 3 ] DEBUG Engine               - runtimeInfo: RuntimeInfo(platform=WINDOWS, version=21.1, build=27.03.2024 07.52)
06:33:42.146 [FXGL Background Thread 3 ] DEBUG Engine               - saveFileExt: sav
06:33:42.146 [FXGL Background Thread 3 ] DEBUG Engine               - scaledHeightProp$fxgl: DoubleProperty [bound, value: 768.0]
06:33:42.146 [FXGL Background Thread 3 ] DEBUG Engine               - scaledWidthProp$fxgl: DoubleProperty [bound, value: 743.0]
06:33:42.147 [FXGL Background Thread 3 ] DEBUG Engine               - sceneFactory: com.lab.App$1@3786fb00
06:33:42.147 [FXGL Background Thread 3 ] DEBUG Engine               - secondsIn24h: 60
06:33:42.147 [FXGL Background Thread 3 ] DEBUG Engine               - soundMenuBack: menu/back.wav
06:33:42.147 [FXGL Background Thread 3 ] DEBUG Engine               - soundMenuPress: menu/press.wav
06:33:42.147 [FXGL Background Thread 3 ] DEBUG Engine               - soundMenuSelect: menu/select.wav
06:33:42.147 [FXGL Background Thread 3 ] DEBUG Engine               - soundNotification: core/notification.wav
06:33:42.147 [FXGL Background Thread 3 ] DEBUG Engine               - stageStyle: DECORATED
06:33:42.147 [FXGL Background Thread 3 ] DEBUG Engine               - supportedLanguages: [ENGLISH, FRENCH, GERMAN, HUNGARIAN, RUSSIAN]
06:33:42.147 [FXGL Background Thread 3 ] DEBUG Engine               - ticksPerSecond: -1
06:33:42.147 [FXGL Background Thread 3 ] DEBUG Engine               - title: Gonvival
06:33:42.147 [FXGL Background Thread 3 ] DEBUG Engine               - urlGithub: https://github.com/AlmasB/FXGL
06:33:42.147 [FXGL Background Thread 3 ] DEBUG Engine               - urlLeaderboard: http://fxgl-top.herokuapp.com/
06:33:42.147 [FXGL Background Thread 3 ] DEBUG Engine               - urlPOM: https://raw.githubusercontent.com/AlmasB/FXGL/release/README.md
06:33:42.148 [FXGL Background Thread 3 ] DEBUG Engine               - userAppClass: class com.lab.App
06:33:42.148 [FXGL Background Thread 3 ] DEBUG Engine               - version: beta
06:33:42.148 [FXGL Background Thread 3 ] DEBUG Engine               - versionCheckDays: 7
06:33:42.148 [FXGL Background Thread 3 ] DEBUG Engine               - width: 800
06:33:42.149 [FXGL Background Thread 3 ] DEBUG Engine               - Logging services
06:33:42.149 [FXGL Background Thread 3 ] DEBUG Engine               - class com.almasb.fxgl.app.services.FXGLAssetLoaderService
06:33:42.149 [FXGL Background Thread 3 ] DEBUG Engine               - class com.almasb.fxgl.app.FXGLApplication$GameApplicationService
06:33:42.149 [FXGL Background Thread 3 ] DEBUG Engine               - class com.almasb.fxgl.app.services.FXGLDialogService
06:33:42.149 [FXGL Background Thread 3 ] DEBUG Engine               - class com.almasb.fxgl.app.services.IOTaskExecutorService
06:33:42.149 [FXGL Background Thread 3 ] DEBUG Engine               - class com.almasb.fxgl.io.FileSystemService
06:33:42.149 [FXGL Background Thread 3 ] DEBUG Engine               - class com.almasb.fxgl.localization.LocalizationService
06:33:42.149 [FXGL Background Thread 3 ] DEBUG Engine               - class com.almasb.fxgl.app.services.SystemBundleService
06:33:42.149 [FXGL Background Thread 3 ] DEBUG Engine               - class com.almasb.fxgl.profile.SaveLoadService
06:33:42.149 [FXGL Background Thread 3 ] DEBUG Engine               - class com.almasb.fxgl.ui.FXGLUIFactoryServiceProvider
06:33:42.149 [FXGL Background Thread 3 ] DEBUG Engine               - class com.almasb.fxgl.ui.FXGLDialogFactoryServiceProvider
06:33:42.149 [FXGL Background Thread 3 ] DEBUG Engine               - class com.almasb.fxgl.audio.AudioPlayer
06:33:42.149 [FXGL Background Thread 3 ] DEBUG Engine               - class com.almasb.fxgl.notification.impl.NotificationServiceProvider
06:33:42.149 [FXGL Background Thread 3 ] DEBUG Engine               - class com.almasb.fxgl.achievement.AchievementService
06:33:42.149 [FXGL Background Thread 3 ] DEBUG Engine               - class com.almasb.fxgl.cutscene.CutsceneService
06:33:42.150 [FXGL Background Thread 3 ] DEBUG Engine               - class com.almasb.fxgl.minigames.MiniGameService
06:33:42.150 [FXGL Background Thread 3 ] DEBUG Engine               - class com.almasb.fxgl.net.NetService
06:33:42.150 [FXGL Background Thread 3 ] DEBUG Engine               - class com.almasb.fxgl.app.services.UpdaterService
06:33:42.150 [FXGL Background Thread 3 ] DEBUG Engine               - class com.almasb.fxgl.dev.DevService
06:33:42.773 [JavaFX Application Thread] DEBUG FXGLApplication      - Exiting FXGL
06:33:42.773 [JavaFX Application Thread] DEBUG LoopRunner           - Stopping loop
06:33:42.773 [JavaFX Application Thread] DEBUG SystemBundleService  - Saving FXGL system data
06:33:42.776 [JavaFX Application Thread] DEBUG FileSystemAccess     - Writing to: E:\Labs\Gonvival\system\fxgl.bundle
06:33:42.780 [JavaFX Application Thread] DEBUG Async                - Shutting down background threads
06:33:42.780 [JavaFX Application Thread] DEBUG PrimaryStageWindow   - Closing main window
06:33:42.818 [JavaFX Application Thread] DEBUG Logger               - Closing Logger
