16:12:36.630 [main                     ] DEBUG Logger               - Configured Logger
16:12:36.701 [main                     ] DEBUG GameApplication      - Logging settings
Title: Gonvival
Version: beta
Width: 800
Height: 800
Fullscreen: false
Intro: false
Profiling: false
Single step:false
App Mode: DEVELOPER
Menu Key: ESCAPE
Stage Style: DECORATED
Scene Factory: class com.almasb.fxgl.app.scene.SceneFactory

16:12:38.191 [JavaFX Application Thread] DEBUG FXGLApplication      - Initializing FXGL
16:12:38.195 [JavaFX Application Thread] INFO  Engine               - FXGL-21.1 (27.03.2024 07.52) on WINDOWS (J:21.0.5 FX:21.0.1)
16:12:38.196 [JavaFX Application Thread] DEBUG Engine               - JRE Vendor Name: Eclipse Adoptium
16:12:38.196 [JavaFX Application Thread] DEBUG Engine               - Running on OS: Windows 11 version 10.0
16:12:38.196 [JavaFX Application Thread] DEBUG Engine               - Architecture: amd64
16:12:38.196 [JavaFX Application Thread] INFO  Engine               - Source code and latest versions at: https://github.com/AlmasB/FXGL
16:12:38.196 [JavaFX Application Thread] INFO  Engine               -       Ask questions and discuss at: https://github.com/AlmasB/FXGL/discussions
16:12:38.197 [JavaFX Application Thread] INFO  Engine               -              Join the FXGL chat at: https://gitter.im/AlmasB/FXGL
16:12:38.295 [JavaFX Application Thread] DEBUG PrimaryStageWindow   - Creating a JavaFX scene
16:12:38.352 [JavaFX Application Thread] DEBUG PrimaryStageWindow   - Target settings size: 800.0 x 800.0
16:12:38.352 [JavaFX Application Thread] DEBUG PrimaryStageWindow   - Scaled scene size:    800.0 x 800.0
16:12:38.352 [JavaFX Application Thread] DEBUG PrimaryStageWindow   - Scaled ratio: (1.0, 1.0)
16:12:38.353 [JavaFX Application Thread] DEBUG PrimaryStageWindow   - Set initial scene to FXGLStartupScene
16:12:38.356 [JavaFX Application Thread] DEBUG PrimaryStageWindow   - Opening main window
16:12:38.619 [JavaFX Application Thread] DEBUG PrimaryStageWindow   - Window border size: (16.0, 39.0)
16:12:38.621 [JavaFX Application Thread] DEBUG PrimaryStageWindow   - Scaled size: 800.0 x 800.0
16:12:38.621 [JavaFX Application Thread] DEBUG PrimaryStageWindow   - Scaled ratio: (1.0, 1.0)
16:12:38.622 [JavaFX Application Thread] DEBUG PrimaryStageWindow   - Scene size: 800.0 x 800.0
16:12:38.623 [JavaFX Application Thread] DEBUG PrimaryStageWindow   - Stage size: 816.0 x 839.0
16:12:38.653 [FXGL Background Thread 1 ] DEBUG Engine               - Initializing environment variables
16:12:38.770 [FXGL Background Thread 1 ] DEBUG FXGLAssetLoaderServi - User app class for loading assets: class com.lab.App
16:12:38.770 [FXGL Background Thread 1 ] DEBUG GameApplicationServi - Applying CSS: fxgl_dark.css
16:12:38.771 [FXGL Background Thread 1 ] DEBUG FXGLAssetLoaderServi - Loading from file system: jar:file:/C:/Users/HP/.m2/repository/com/github/almasb/fxgl/21.1/fxgl-21.1.jar!/fxglassets/ui/css/fxgl_dark.css
16:12:38.844 [FXGL Background Thread 1 ] DEBUG GameApplicationServi - Initializing application scenes
16:12:38.898 [FXGL Background Thread 1 ] DEBUG GameWorld            - Game world initialized
16:12:38.983 [FXGL Background Thread 1 ] DEBUG PhysicsWorld         - Physics world initialized: appHeight=800, physics.ppm=50.0
16:12:38.983 [FXGL Background Thread 1 ] DEBUG PhysicsWorld         - Using strategy: BRUTE_FORCE
16:12:38.987 [FXGL Background Thread 1 ] DEBUG GameScene            - Game scene initialized: 800x800
16:12:39.002 [FXGL Background Thread 1 ] DEBUG FXGL.DefaultMenu     - createMenuBodyMainMenu()
16:12:39.028 [FXGL Background Thread 1 ] DEBUG FXGL.DefaultMenu     - createOptionsMenu()
16:12:39.068 [FXGL Background Thread 1 ] DEBUG FXGLAssetLoaderServi - Loading from file system: jar:file:/C:/Users/HP/.m2/repository/com/github/almasb/fxgl/21.1/fxgl-21.1.jar!/fxglassets/textures/particles/smoke.png
16:12:39.240 [FXGL Background Thread 1 ] DEBUG FXGLAssetLoaderServi - Loading from file system: jar:file:/C:/Users/HP/.m2/repository/com/github/almasb/fxgl/21.1/fxgl-21.1.jar!/fxglassets/textures/particles/trace_horizontal.png
16:12:39.267 [FXGL Background Thread 1 ] DEBUG FXGL.DefaultMenu     - createMenuBodyGameMenu()
16:12:39.269 [FXGL Background Thread 1 ] DEBUG FXGL.DefaultMenu     - createOptionsMenu()
16:12:39.282 [FXGL Background Thread 1 ] DEBUG GameApplicationServi - Application scenes initialized
16:12:39.300 [FXGL Background Thread 1 ] DEBUG SystemBundleService  - Loading FXGL system data
16:12:39.308 [FXGL Background Thread 1 ] DEBUG FileSystemAccess     - Reading from: D:\Gonvival\system\fxgl.bundle
16:12:39.318 [FXGL Background Thread 1 ] DEBUG SystemBundleService  - Bundle FXGL: {}
16:12:39.319 [FXGL Background Thread 1 ] DEBUG UpdaterService       - Checking for updates
16:12:39.375 [FXGL Background Thread 4 ] DEBUG FXGLApplication      - Loading fonts
16:12:39.376 [FXGL Background Thread 4 ] DEBUG FXGLAssetLoaderServi - Loading from file system: jar:file:/C:/Users/HP/.m2/repository/com/github/almasb/fxgl/21.1/fxgl-21.1.jar!/fxglassets/ui/fonts/VarelaRound-Regular.ttf
16:12:39.377 [FXGL Background Thread 1 ] DEBUG FXGLApplication      - Loading default localization
16:12:39.379 [FXGL Background Thread 1 ] DEBUG FXGLAssetLoaderServi - Loading from file system: jar:file:/C:/Users/HP/.m2/repository/com/github/almasb/fxgl/21.1/fxgl-21.1.jar!/fxglassets/languages/english.lang
16:12:39.410 [FXGL Background Thread 1 ] INFO  FXGLApplication      - FXGL initialization took: 0.757 sec
16:12:39.413 [JavaFX Application Thread] DEBUG FXGLAssetLoaderServi - Loading from file system: jar:file:/C:/Users/HP/.m2/repository/com/github/almasb/fxgl/21.1/fxgl-21.1.jar!/fxglassets/textures/fxgl_icon.png
16:12:39.437 [FXGL Background Thread 4 ] DEBUG FXGLAssetLoaderServi - Loading from file system: jar:file:/C:/Users/HP/.m2/repository/com/github/almasb/fxgl/21.1/fxgl-21.1.jar!/fxglassets/ui/fonts/Abel-Regular.ttf
16:12:39.444 [FXGL Background Thread 4 ] DEBUG FXGLAssetLoaderServi - Loading from file system: jar:file:/C:/Users/HP/.m2/repository/com/github/almasb/fxgl/21.1/fxgl-21.1.jar!/fxglassets/ui/fonts/TerminalLandMono-Regular.otf
16:12:39.450 [FXGL Background Thread 4 ] DEBUG FXGLAssetLoaderServi - Loading from file system: jar:file:/C:/Users/HP/.m2/repository/com/github/almasb/fxgl/21.1/fxgl-21.1.jar!/fxglassets/ui/fonts/Courier-Prime.ttf
16:12:39.455 [JavaFX Application Thread] DEBUG FXGLAssetLoaderServi - Loading from file system: jar:file:/C:/Users/HP/.m2/repository/com/github/almasb/fxgl/21.1/fxgl-21.1.jar!/fxglassets/textures/fxgl_default_cursor.png
16:12:39.478 [JavaFX Application Thread] DEBUG Input                - Registered new binding: Screenshot - CTRL+8
16:12:39.479 [JavaFX Application Thread] DEBUG Input                - Registered new binding: Dev Options - 1
16:12:39.480 [JavaFX Application Thread] DEBUG Input                - Registered new binding: Dev Console - 2
16:12:39.481 [JavaFX Application Thread] DEBUG Input                - Registered new binding: System info dump - CTRL+9
16:12:39.482 [JavaFX Application Thread] DEBUG Input                - Registered new binding: Restart - CTRL+R
16:12:39.485 [JavaFX Application Thread] DEBUG Input                - Registered new binding: Toggle Debug Camera - CTRL+7
16:12:39.494 [JavaFX Application Thread] DEBUG LoopRunner           - Starting loop
16:12:39.530 [JavaFX Application Thread] DEBUG LoopRunner           - Initializing JavaFX AnimationTimerLoop
16:12:39.536 [JavaFX Application Thread] DEBUG Input                - Clearing active input actions
16:12:39.543 [JavaFX Application Thread] DEBUG GameApplicationServi - Removing overlay from FXGLStartupScene and adding to FXGLMainMenuDummyScene
16:12:39.551 [JavaFX Application Thread] DEBUG PrimaryStageWindow   - FXGLStartupScene -> FXGLMainMenuDummyScene
16:12:39.552 [JavaFX Application Thread] DEBUG PrimaryStageWindow   - Push state: FXGLDefaultMenu
16:12:39.565 [JavaFX Application Thread] DEBUG Input                - Clearing active input actions
16:12:39.571 [JavaFX Application Thread] DEBUG GameApplicationServi - Removing overlay from FXGLMainMenuDummyScene and adding to FXGLDefaultMenu
16:12:39.572 [JavaFX Application Thread] DEBUG PrimaryStageWindow   - FXGLMainMenuDummyScene -> FXGLDefaultMenu
16:12:39.580 [JavaFX Application Thread] DEBUG FXGLApplication      - Registering font factories with UI factory
16:12:40.806 [JavaFX Application Thread] DEBUG Menu                 - fireNewGame()
16:12:40.806 [JavaFX Application Thread] DEBUG GameApplicationServi - Starting new game
16:12:40.810 [JavaFX Application Thread] DEBUG PrimaryStageWindow   - Pop state: FXGLDefaultMenu
16:12:40.810 [JavaFX Application Thread] DEBUG Input                - Clearing active input actions
16:12:40.811 [JavaFX Application Thread] DEBUG GameApplicationServi - Removing overlay from FXGLDefaultMenu and adding to FXGLMainMenuDummyScene
16:12:40.814 [JavaFX Application Thread] DEBUG PrimaryStageWindow   - FXGLMainMenuDummyScene <- FXGLDefaultMenu
16:12:40.814 [JavaFX Application Thread] DEBUG Input                - Clearing active input actions
16:12:40.824 [JavaFX Application Thread] DEBUG GameApplicationServi - Removing overlay from FXGLMainMenuDummyScene and adding to FXGLLoadingScene
16:12:40.824 [JavaFX Application Thread] DEBUG PrimaryStageWindow   - FXGLMainMenuDummyScene -> FXGLLoadingScene
16:12:40.825 [JavaFX Application Thread] DEBUG GameApplicationServi - Clearing previous game
16:12:40.825 [JavaFX Application Thread] DEBUG GameScene            - Clearing game scene
16:12:40.825 [JavaFX Application Thread] DEBUG GameWorld            - Clearing game world
16:12:40.825 [JavaFX Application Thread] DEBUG PhysicsWorld         - Clearing physics world
16:12:40.829 [FXGL Background Thread 2 ] DEBUG FXGLApplication      - Initializing game
16:12:40.847 [FXGL Background Thread 2 ] DEBUG FXGLAssetLoaderServi - Loading from file system: file:/D:/Gonvival/game/target/classes/assets/textures/map.png
16:12:40.920 [FXGL Background Thread 2 ] DEBUG FXGLAssetLoaderServi - Loading from file system: file:/D:/Gonvival/game/target/classes/assets/textures/idle_down.png
16:12:40.925 [FXGL Background Thread 2 ] DEBUG FXGLAssetLoaderServi - Loading from file system: file:/D:/Gonvival/game/target/classes/assets/textures/idle_up.png
16:12:40.928 [FXGL Background Thread 2 ] DEBUG FXGLAssetLoaderServi - Loading from file system: file:/D:/Gonvival/game/target/classes/assets/textures/idle_left_down.png
16:12:40.930 [FXGL Background Thread 2 ] DEBUG FXGLAssetLoaderServi - Loading from file system: file:/D:/Gonvival/game/target/classes/assets/textures/idle_left_up.png
16:12:40.932 [FXGL Background Thread 2 ] DEBUG FXGLAssetLoaderServi - Loading from file system: file:/D:/Gonvival/game/target/classes/assets/textures/idle_right_down.png
16:12:40.934 [FXGL Background Thread 2 ] DEBUG FXGLAssetLoaderServi - Loading from file system: file:/D:/Gonvival/game/target/classes/assets/textures/idle_right_up.png
16:12:40.937 [FXGL Background Thread 2 ] DEBUG FXGLAssetLoaderServi - Loading from file system: file:/D:/Gonvival/game/target/classes/assets/textures/walk_left_down.png
16:12:40.939 [FXGL Background Thread 2 ] DEBUG FXGLAssetLoaderServi - Loading from file system: file:/D:/Gonvival/game/target/classes/assets/textures/walk_right_down.png
16:12:40.940 [FXGL Background Thread 2 ] DEBUG FXGLAssetLoaderServi - Loading from file system: file:/D:/Gonvival/game/target/classes/assets/textures/walk_up.png
16:12:40.942 [FXGL Background Thread 2 ] DEBUG FXGLAssetLoaderServi - Loading from file system: file:/D:/Gonvival/game/target/classes/assets/textures/walk_down.png
16:12:40.944 [FXGL Background Thread 2 ] DEBUG FXGLAssetLoaderServi - Loading from file system: file:/D:/Gonvival/game/target/classes/assets/textures/walk_left_up.png
16:12:40.947 [FXGL Background Thread 2 ] DEBUG FXGLAssetLoaderServi - Loading from file system: file:/D:/Gonvival/game/target/classes/assets/textures/walk_right_up.png
16:12:40.954 [FXGL Background Thread 2 ] INFO  FXGLApplication      - Game initialization took: 0.125 sec
16:12:40.956 [JavaFX Application Thread] DEBUG Input                - Clearing active input actions
16:12:40.962 [JavaFX Application Thread] DEBUG GameApplicationServi - Removing overlay from FXGLLoadingScene and adding to GameScene
16:12:40.965 [JavaFX Application Thread] DEBUG PrimaryStageWindow   - FXGLLoadingScene -> GameScene
16:12:41.071 [JavaFX Application Thread] DEBUG Input                - Registered new binding: SHOOT - LMB
16:12:41.071 [JavaFX Application Thread] DEBUG Input                - Registered new binding: MOVE LEFT - A
16:12:41.072 [JavaFX Application Thread] DEBUG Input                - Registered new binding: MOVE RIGHT - D
16:12:41.072 [JavaFX Application Thread] DEBUG Input                - Registered new binding: MOVE UP - W
16:12:41.072 [JavaFX Application Thread] DEBUG Input                - Registered new binding: MOVE DOWN - S
16:12:41.808 [JavaFX Application Thread] DEBUG FXGLAssetLoaderServi - Loading from file system: file:/D:/Gonvival/game/target/classes/assets/textures/evil.png
16:12:42.243 [JavaFX Application Thread] DEBUG FXGLAssetLoaderServi - Loading from file system: file:/D:/Gonvival/game/target/classes/assets/textures/arrow.png
16:12:42.375 [FXGL Background Thread 3 ] DEBUG Engine               - Logging environment variables
16:12:42.375 [FXGL Background Thread 3 ] DEBUG Engine               - achievements: []
16:12:42.377 [FXGL Background Thread 3 ] DEBUG Engine               - actualHeight: 800.0
16:12:42.377 [FXGL Background Thread 3 ] DEBUG Engine               - actualHeightProperty: ReadOnlyDoubleProperty [value: 800.0]
16:12:42.377 [FXGL Background Thread 3 ] DEBUG Engine               - actualWidth: 800.0
16:12:42.378 [FXGL Background Thread 3 ] DEBUG Engine               - actualWidthProperty: ReadOnlyDoubleProperty [value: 800.0]
16:12:42.378 [FXGL Background Thread 3 ] DEBUG Engine               - appIcon: fxgl_icon.png
16:12:42.378 [FXGL Background Thread 3 ] DEBUG Engine               - applicationMode: DEVELOPER
16:12:42.378 [FXGL Background Thread 3 ] DEBUG Engine               - cSSList: [fxgl_dark.css]
16:12:42.378 [FXGL Background Thread 3 ] DEBUG Engine               - collisionDetectionStrategy: BRUTE_FORCE
16:12:42.380 [FXGL Background Thread 3 ] DEBUG Engine               - configClass: Optional.empty
16:12:42.380 [FXGL Background Thread 3 ] DEBUG Engine               - credits: []
16:12:42.381 [FXGL Background Thread 3 ] DEBUG Engine               - defaultCursor: CursorInfo(imageName=fxgl_default_cursor.png, hotspotX=7.0, hotspotY=6.0)
16:12:42.382 [FXGL Background Thread 3 ] DEBUG Engine               - devBBoxColorProperty: ObjectProperty [value: 0xff0000ff]
16:12:42.382 [FXGL Background Thread 3 ] DEBUG Engine               - devEnableDebugCameraProperty: BooleanProperty [value: false]
16:12:42.383 [FXGL Background Thread 3 ] DEBUG Engine               - devSensorColorProperty: ObjectProperty [value: 0xffff00ff]
16:12:42.383 [FXGL Background Thread 3 ] DEBUG Engine               - devShowBBoxProperty: BooleanProperty [value: false]
16:12:42.383 [FXGL Background Thread 3 ] DEBUG Engine               - devShowPositionProperty: BooleanProperty [value: false]
16:12:42.383 [FXGL Background Thread 3 ] DEBUG Engine               - enabledMenuItems: []
16:12:42.384 [FXGL Background Thread 3 ] DEBUG Engine               - engineServices: [class com.almasb.fxgl.app.services.FXGLAssetLoaderService, class com.almasb.fxgl.app.FXGLApplication$GameApplicationService, class com.almasb.fxgl.app.services.FXGLDialogService, class com.almasb.fxgl.app.services.IOTaskExecutorService, class com.almasb.fxgl.io.FileSystemService, class com.almasb.fxgl.localization.LocalizationService, class com.almasb.fxgl.app.services.SystemBundleService, class com.almasb.fxgl.profile.SaveLoadService, class com.almasb.fxgl.ui.FXGLUIFactoryServiceProvider, class com.almasb.fxgl.ui.FXGLDialogFactoryServiceProvider, class com.almasb.fxgl.audio.AudioPlayer, class com.almasb.fxgl.notification.impl.NotificationServiceProvider, class com.almasb.fxgl.achievement.AchievementService, class com.almasb.fxgl.cutscene.CutsceneService, class com.almasb.fxgl.minigames.MiniGameService, class com.almasb.fxgl.net.NetService, class com.almasb.fxgl.app.services.UpdaterService, class com.almasb.fxgl.dev.DevService]
16:12:42.384 [FXGL Background Thread 3 ] DEBUG Engine               - fontGame: Abel-Regular.ttf
16:12:42.384 [FXGL Background Thread 3 ] DEBUG Engine               - fontMono: TerminalLandMono-Regular.otf
16:12:42.385 [FXGL Background Thread 3 ] DEBUG Engine               - fontSizeScaleUI: 1.0
16:12:42.385 [FXGL Background Thread 3 ] DEBUG Engine               - fontText: Courier-Prime.ttf
16:12:42.385 [FXGL Background Thread 3 ] DEBUG Engine               - fontUI: VarelaRound-Regular.ttf
16:12:42.385 [FXGL Background Thread 3 ] DEBUG Engine               - fullScreen: BooleanProperty [value: false]
16:12:42.385 [FXGL Background Thread 3 ] DEBUG Engine               - gameDifficulty: MEDIUM
16:12:42.386 [FXGL Background Thread 3 ] DEBUG Engine               - gameDifficultyProperty: ObjectProperty [value: MEDIUM]
16:12:42.386 [FXGL Background Thread 3 ] DEBUG Engine               - globalMusicVolume: 0.5
16:12:42.386 [FXGL Background Thread 3 ] DEBUG Engine               - globalMusicVolumeProperty: DoubleProperty [value: 0.5]
16:12:42.387 [FXGL Background Thread 3 ] DEBUG Engine               - globalSoundVolume: 0.5
16:12:42.387 [FXGL Background Thread 3 ] DEBUG Engine               - globalSoundVolumeProperty: DoubleProperty [value: 0.5]
16:12:42.387 [FXGL Background Thread 3 ] DEBUG Engine               - height: 800
16:12:42.387 [FXGL Background Thread 3 ] DEBUG Engine               - is3D: false
16:12:42.387 [FXGL Background Thread 3 ] DEBUG Engine               - isAndroid: false
16:12:42.388 [FXGL Background Thread 3 ] DEBUG Engine               - isBrowser: false
16:12:42.388 [FXGL Background Thread 3 ] DEBUG Engine               - isClickFeedbackEnabled: false
16:12:42.388 [FXGL Background Thread 3 ] DEBUG Engine               - isCloseConfirmation: false
16:12:42.388 [FXGL Background Thread 3 ] DEBUG Engine               - isDesktop: true
16:12:42.388 [FXGL Background Thread 3 ] DEBUG Engine               - isDeveloperMenuEnabled: true
16:12:42.389 [FXGL Background Thread 3 ] DEBUG Engine               - isEmbedded: false
16:12:42.389 [FXGL Background Thread 3 ] DEBUG Engine               - isEntityPreloadEnabled: true
16:12:42.389 [FXGL Background Thread 3 ] DEBUG Engine               - isExperimentalTiledLargeMap: false
16:12:42.389 [FXGL Background Thread 3 ] DEBUG Engine               - isFileSystemWriteAllowed: true
16:12:42.389 [FXGL Background Thread 3 ] DEBUG Engine               - isFullScreenAllowed: false
16:12:42.389 [FXGL Background Thread 3 ] DEBUG Engine               - isFullScreenFromStart: false
16:12:42.390 [FXGL Background Thread 3 ] DEBUG Engine               - isGameMenuEnabled: true
16:12:42.390 [FXGL Background Thread 3 ] DEBUG Engine               - isIOS: false
16:12:42.390 [FXGL Background Thread 3 ] DEBUG Engine               - isIntroEnabled: false
16:12:42.390 [FXGL Background Thread 3 ] DEBUG Engine               - isLinux: false
16:12:42.390 [FXGL Background Thread 3 ] DEBUG Engine               - isMac: false
16:12:42.391 [FXGL Background Thread 3 ] DEBUG Engine               - isMainMenuEnabled: true
16:12:42.391 [FXGL Background Thread 3 ] DEBUG Engine               - isManualResizeEnabled: false
16:12:42.391 [FXGL Background Thread 3 ] DEBUG Engine               - isMobile: false
16:12:42.391 [FXGL Background Thread 3 ] DEBUG Engine               - isNative: false
16:12:42.391 [FXGL Background Thread 3 ] DEBUG Engine               - isPauseMusicWhenMinimized: true
16:12:42.391 [FXGL Background Thread 3 ] DEBUG Engine               - isPreserveResizeRatio: false
16:12:42.392 [FXGL Background Thread 3 ] DEBUG Engine               - isProfilingEnabled: false
16:12:42.392 [FXGL Background Thread 3 ] DEBUG Engine               - isScaleAffectedOnResize: true
16:12:42.392 [FXGL Background Thread 3 ] DEBUG Engine               - isSingleStep: false
16:12:42.392 [FXGL Background Thread 3 ] DEBUG Engine               - isUserProfileEnabled: false
16:12:42.392 [FXGL Background Thread 3 ] DEBUG Engine               - isWindows: true
16:12:42.393 [FXGL Background Thread 3 ] DEBUG Engine               - language: ObjectProperty [value: ENGLISH]
16:12:42.393 [FXGL Background Thread 3 ] DEBUG Engine               - menuKey: ESCAPE
16:12:42.393 [FXGL Background Thread 3 ] DEBUG Engine               - mouseSensitivity: 0.2
16:12:42.393 [FXGL Background Thread 3 ] DEBUG Engine               - notificationViewClass: class com.almasb.fxgl.notification.view.XboxNotificationView
16:12:42.394 [FXGL Background Thread 3 ] DEBUG Engine               - pixelsPerMeter: 50.0
16:12:42.394 [FXGL Background Thread 3 ] DEBUG Engine               - platform: WINDOWS
16:12:42.394 [FXGL Background Thread 3 ] DEBUG Engine               - prefHeightProperty: ReadOnlyDoubleProperty [value: 800.0]
16:12:42.394 [FXGL Background Thread 3 ] DEBUG Engine               - prefWidthProperty: ReadOnlyDoubleProperty [value: 800.0]
16:12:42.394 [FXGL Background Thread 3 ] DEBUG Engine               - profileDir: profiles/
16:12:42.395 [FXGL Background Thread 3 ] DEBUG Engine               - profileName: StringProperty [value: DEFAULT]
16:12:42.396 [FXGL Background Thread 3 ] DEBUG Engine               - randomSeed: -1
16:12:42.398 [FXGL Background Thread 3 ] DEBUG Engine               - runtimeInfo: RuntimeInfo(platform=WINDOWS, version=21.1, build=27.03.2024 07.52)
16:12:42.398 [FXGL Background Thread 3 ] DEBUG Engine               - saveFileExt: sav
16:12:42.399 [FXGL Background Thread 3 ] DEBUG Engine               - scaledHeightProp$fxgl: DoubleProperty [bound, value: 800.0]
16:12:42.399 [FXGL Background Thread 3 ] DEBUG Engine               - scaledWidthProp$fxgl: DoubleProperty [bound, value: 800.0]
16:12:42.399 [FXGL Background Thread 3 ] DEBUG Engine               - sceneFactory: com.almasb.fxgl.app.scene.SceneFactory@12bb2c50
16:12:42.399 [FXGL Background Thread 3 ] DEBUG Engine               - secondsIn24h: 60
16:12:42.399 [FXGL Background Thread 3 ] DEBUG Engine               - soundMenuBack: menu/back.wav
16:12:42.399 [FXGL Background Thread 3 ] DEBUG Engine               - soundMenuPress: menu/press.wav
16:12:42.399 [FXGL Background Thread 3 ] DEBUG Engine               - soundMenuSelect: menu/select.wav
16:12:42.399 [FXGL Background Thread 3 ] DEBUG Engine               - soundNotification: core/notification.wav
16:12:42.399 [FXGL Background Thread 3 ] DEBUG Engine               - stageStyle: DECORATED
16:12:42.399 [FXGL Background Thread 3 ] DEBUG Engine               - supportedLanguages: [ENGLISH, FRENCH, GERMAN, HUNGARIAN, RUSSIAN]
16:12:42.400 [FXGL Background Thread 3 ] DEBUG Engine               - ticksPerSecond: -1
16:12:42.400 [FXGL Background Thread 3 ] DEBUG Engine               - title: Gonvival
16:12:42.400 [FXGL Background Thread 3 ] DEBUG Engine               - urlGithub: https://github.com/AlmasB/FXGL
16:12:42.400 [FXGL Background Thread 3 ] DEBUG Engine               - urlLeaderboard: http://fxgl-top.herokuapp.com/
16:12:42.400 [FXGL Background Thread 3 ] DEBUG Engine               - urlPOM: https://raw.githubusercontent.com/AlmasB/FXGL/release/README.md
16:12:42.400 [FXGL Background Thread 3 ] DEBUG Engine               - userAppClass: class com.lab.App
16:12:42.400 [FXGL Background Thread 3 ] DEBUG Engine               - version: beta
16:12:42.400 [FXGL Background Thread 3 ] DEBUG Engine               - versionCheckDays: 7
16:12:42.401 [FXGL Background Thread 3 ] DEBUG Engine               - width: 800
16:12:42.401 [FXGL Background Thread 3 ] DEBUG Engine               - Logging services
16:12:42.401 [FXGL Background Thread 3 ] DEBUG Engine               - class com.almasb.fxgl.app.services.FXGLAssetLoaderService
16:12:42.401 [FXGL Background Thread 3 ] DEBUG Engine               - class com.almasb.fxgl.app.FXGLApplication$GameApplicationService
16:12:42.401 [FXGL Background Thread 3 ] DEBUG Engine               - class com.almasb.fxgl.app.services.FXGLDialogService
16:12:42.401 [FXGL Background Thread 3 ] DEBUG Engine               - class com.almasb.fxgl.app.services.IOTaskExecutorService
16:12:42.401 [FXGL Background Thread 3 ] DEBUG Engine               - class com.almasb.fxgl.io.FileSystemService
16:12:42.401 [FXGL Background Thread 3 ] DEBUG Engine               - class com.almasb.fxgl.localization.LocalizationService
16:12:42.401 [FXGL Background Thread 3 ] DEBUG Engine               - class com.almasb.fxgl.app.services.SystemBundleService
16:12:42.401 [FXGL Background Thread 3 ] DEBUG Engine               - class com.almasb.fxgl.profile.SaveLoadService
16:12:42.401 [FXGL Background Thread 3 ] DEBUG Engine               - class com.almasb.fxgl.ui.FXGLUIFactoryServiceProvider
16:12:42.402 [FXGL Background Thread 3 ] DEBUG Engine               - class com.almasb.fxgl.ui.FXGLDialogFactoryServiceProvider
16:12:42.402 [FXGL Background Thread 3 ] DEBUG Engine               - class com.almasb.fxgl.audio.AudioPlayer
16:12:42.402 [FXGL Background Thread 3 ] DEBUG Engine               - class com.almasb.fxgl.notification.impl.NotificationServiceProvider
16:12:42.402 [FXGL Background Thread 3 ] DEBUG Engine               - class com.almasb.fxgl.achievement.AchievementService
16:12:42.402 [FXGL Background Thread 3 ] DEBUG Engine               - class com.almasb.fxgl.cutscene.CutsceneService
16:12:42.402 [FXGL Background Thread 3 ] DEBUG Engine               - class com.almasb.fxgl.minigames.MiniGameService
16:12:42.402 [FXGL Background Thread 3 ] DEBUG Engine               - class com.almasb.fxgl.net.NetService
16:12:42.402 [FXGL Background Thread 3 ] DEBUG Engine               - class com.almasb.fxgl.app.services.UpdaterService
16:12:42.402 [FXGL Background Thread 3 ] DEBUG Engine               - class com.almasb.fxgl.dev.DevService
16:12:50.863 [JavaFX Application Thread] DEBUG PrimaryStageWindow   - Push state: DialogSubScene
16:12:50.864 [JavaFX Application Thread] DEBUG Input                - Clearing active input actions
16:12:50.865 [JavaFX Application Thread] DEBUG GameApplicationServi - Removing overlay from GameScene and adding to DialogSubScene
16:12:50.869 [JavaFX Application Thread] DEBUG PrimaryStageWindow   - GameScene -> DialogSubScene
16:12:52.685 [JavaFX Application Thread] DEBUG FXGLApplication      - Exiting FXGL
16:12:52.685 [JavaFX Application Thread] DEBUG LoopRunner           - Stopping loop
16:12:52.685 [JavaFX Application Thread] DEBUG SystemBundleService  - Saving FXGL system data
16:12:52.687 [JavaFX Application Thread] DEBUG FileSystemAccess     - Writing to: D:\Gonvival\system\fxgl.bundle
16:12:52.690 [JavaFX Application Thread] DEBUG Async                - Shutting down background threads
16:12:52.691 [JavaFX Application Thread] DEBUG PrimaryStageWindow   - Closing main window
16:12:52.737 [JavaFX Application Thread] DEBUG Logger               - Closing Logger
