00:09:30.527 [main                     ] DEBUG Logger               - Configured Logger
00:09:30.554 [main                     ] DEBUG GameApplication      - Logging settings
Title: Gonvival
Version: beta
Width: 800
Height: 800
Fullscreen: false
Intro: false
Profiling: false
Single step:false
App Mode: DEVELOPER
Menu Key: ESCAPE
Stage Style: DECORATED
Scene Factory: class com.almasb.fxgl.app.scene.SceneFactory

00:09:32.425 [JavaFX Application Thread] DEBUG FXGLApplication      - Initializing FXGL
00:09:32.432 [JavaFX Application Thread] INFO  Engine               - FXGL-21.1 (27.03.2024 07.52) on WINDOWS (J:21.0.5 FX:21.0.1)
00:09:32.434 [JavaFX Application Thread] DEBUG Engine               - JRE Vendor Name: Eclipse Adoptium
00:09:32.434 [JavaFX Application Thread] DEBUG Engine               - Running on OS: Windows 11 version 10.0
00:09:32.435 [JavaFX Application Thread] DEBUG Engine               - Architecture: amd64
00:09:32.435 [JavaFX Application Thread] INFO  Engine               - Source code and latest versions at: https://github.com/AlmasB/FXGL
00:09:32.435 [JavaFX Application Thread] INFO  Engine               -       Ask questions and discuss at: https://github.com/AlmasB/FXGL/discussions
00:09:32.436 [JavaFX Application Thread] INFO  Engine               -              Join the FXGL chat at: https://gitter.im/AlmasB/FXGL
00:09:32.587 [JavaFX Application Thread] DEBUG PrimaryStageWindow   - Creating a JavaFX scene
00:09:32.675 [JavaFX Application Thread] DEBUG PrimaryStageWindow   - Target settings size: 800.0 x 800.0
00:09:32.675 [JavaFX Application Thread] DEBUG PrimaryStageWindow   - Scaled scene size:    800.0 x 800.0
00:09:32.676 [JavaFX Application Thread] DEBUG PrimaryStageWindow   - Scaled ratio: (1.0, 1.0)
00:09:32.678 [JavaFX Application Thread] DEBUG PrimaryStageWindow   - Set initial scene to FXGLStartupScene
00:09:32.681 [JavaFX Application Thread] DEBUG PrimaryStageWindow   - Opening main window
00:09:32.894 [JavaFX Application Thread] DEBUG PrimaryStageWindow   - Window border size: (14.4000244140625, 37.5999755859375)
00:09:32.894 [JavaFX Application Thread] DEBUG PrimaryStageWindow   - Scaled size: 800.0 x 800.0
00:09:32.894 [JavaFX Application Thread] DEBUG PrimaryStageWindow   - Scaled ratio: (1.0, 1.0)
00:09:32.895 [JavaFX Application Thread] DEBUG PrimaryStageWindow   - Scene size: 800.0 x 800.0
00:09:32.895 [JavaFX Application Thread] DEBUG PrimaryStageWindow   - Stage size: 814.4000244140625 x 837.5999755859375
00:09:32.903 [FXGL Background Thread 1 ] DEBUG Engine               - Initializing environment variables
00:09:33.024 [FXGL Background Thread 1 ] DEBUG FXGLAssetLoaderServi - User app class for loading assets: class com.lab.App
00:09:33.025 [FXGL Background Thread 1 ] DEBUG GameApplicationServi - Applying CSS: fxgl_dark.css
00:09:33.026 [FXGL Background Thread 1 ] DEBUG FXGLAssetLoaderServi - Loading from file system: jar:file:/C:/Users/HP/.m2/repository/com/github/almasb/fxgl/21.1/fxgl-21.1.jar!/fxglassets/ui/css/fxgl_dark.css
00:09:33.099 [FXGL Background Thread 1 ] DEBUG GameApplicationServi - Initializing application scenes
00:09:33.204 [FXGL Background Thread 1 ] DEBUG GameWorld            - Game world initialized
00:09:33.318 [FXGL Background Thread 1 ] DEBUG PhysicsWorld         - Physics world initialized: appHeight=800, physics.ppm=50.0
00:09:33.318 [FXGL Background Thread 1 ] DEBUG PhysicsWorld         - Using strategy: BRUTE_FORCE
00:09:33.326 [FXGL Background Thread 1 ] DEBUG GameScene            - Game scene initialized: 800x800
00:09:33.349 [FXGL Background Thread 1 ] DEBUG FXGL.DefaultMenu     - createMenuBodyMainMenu()
00:09:33.395 [FXGL Background Thread 1 ] DEBUG FXGL.DefaultMenu     - createOptionsMenu()
00:09:33.417 [FXGL Background Thread 1 ] DEBUG FXGLAssetLoaderServi - Loading from file system: jar:file:/C:/Users/HP/.m2/repository/com/github/almasb/fxgl/21.1/fxgl-21.1.jar!/fxglassets/textures/particles/smoke.png
00:09:33.620 [FXGL Background Thread 1 ] DEBUG FXGLAssetLoaderServi - Loading from file system: jar:file:/C:/Users/HP/.m2/repository/com/github/almasb/fxgl/21.1/fxgl-21.1.jar!/fxglassets/textures/particles/trace_horizontal.png
00:09:33.679 [FXGL Background Thread 1 ] DEBUG FXGL.DefaultMenu     - createMenuBodyGameMenu()
00:09:33.682 [FXGL Background Thread 1 ] DEBUG FXGL.DefaultMenu     - createOptionsMenu()
00:09:33.701 [FXGL Background Thread 1 ] DEBUG GameApplicationServi - Application scenes initialized
00:09:33.726 [FXGL Background Thread 1 ] DEBUG SystemBundleService  - Loading FXGL system data
00:09:33.735 [FXGL Background Thread 1 ] DEBUG FileSystemAccess     - Reading from: D:\Gonvival\system\fxgl.bundle
00:09:33.753 [FXGL Background Thread 1 ] DEBUG SystemBundleService  - Bundle FXGL: {}
00:09:33.753 [FXGL Background Thread 1 ] DEBUG UpdaterService       - Checking for updates
00:09:33.761 [FXGL Background Thread 4 ] DEBUG FXGLApplication      - Loading fonts
00:09:33.761 [FXGL Background Thread 4 ] DEBUG FXGLAssetLoaderServi - Loading from file system: jar:file:/C:/Users/HP/.m2/repository/com/github/almasb/fxgl/21.1/fxgl-21.1.jar!/fxglassets/ui/fonts/VarelaRound-Regular.ttf
00:09:33.762 [FXGL Background Thread 1 ] DEBUG FXGLApplication      - Loading default localization
00:09:33.764 [FXGL Background Thread 1 ] DEBUG FXGLAssetLoaderServi - Loading from file system: jar:file:/C:/Users/HP/.m2/repository/com/github/almasb/fxgl/21.1/fxgl-21.1.jar!/fxglassets/languages/english.lang
00:09:33.822 [FXGL Background Thread 1 ] INFO  FXGLApplication      - FXGL initialization took: 0.920 sec
00:09:33.826 [JavaFX Application Thread] DEBUG FXGLAssetLoaderServi - Loading from file system: jar:file:/C:/Users/HP/.m2/repository/com/github/almasb/fxgl/21.1/fxgl-21.1.jar!/fxglassets/textures/fxgl_icon.png
00:09:33.833 [FXGL Background Thread 4 ] DEBUG FXGLAssetLoaderServi - Loading from file system: jar:file:/C:/Users/HP/.m2/repository/com/github/almasb/fxgl/21.1/fxgl-21.1.jar!/fxglassets/ui/fonts/Abel-Regular.ttf
00:09:33.844 [FXGL Background Thread 4 ] DEBUG FXGLAssetLoaderServi - Loading from file system: jar:file:/C:/Users/HP/.m2/repository/com/github/almasb/fxgl/21.1/fxgl-21.1.jar!/fxglassets/ui/fonts/TerminalLandMono-Regular.otf
00:09:33.853 [FXGL Background Thread 4 ] DEBUG FXGLAssetLoaderServi - Loading from file system: jar:file:/C:/Users/HP/.m2/repository/com/github/almasb/fxgl/21.1/fxgl-21.1.jar!/fxglassets/ui/fonts/Courier-Prime.ttf
00:09:33.875 [JavaFX Application Thread] DEBUG FXGLAssetLoaderServi - Loading from file system: jar:file:/C:/Users/HP/.m2/repository/com/github/almasb/fxgl/21.1/fxgl-21.1.jar!/fxglassets/textures/fxgl_default_cursor.png
00:09:33.891 [JavaFX Application Thread] DEBUG Input                - Registered new binding: Screenshot - CTRL+8
00:09:33.891 [JavaFX Application Thread] DEBUG Input                - Registered new binding: System info dump - CTRL+9
00:09:33.892 [JavaFX Application Thread] DEBUG Input                - Registered new binding: Restart - CTRL+R
00:09:33.893 [JavaFX Application Thread] DEBUG Input                - Registered new binding: Toggle Debug Camera - CTRL+7
00:09:33.900 [JavaFX Application Thread] DEBUG LoopRunner           - Starting loop
00:09:33.900 [JavaFX Application Thread] DEBUG LoopRunner           - Initializing JavaFX AnimationTimerLoop
00:09:33.905 [JavaFX Application Thread] DEBUG Input                - Clearing active input actions
00:09:33.914 [JavaFX Application Thread] DEBUG GameApplicationServi - Removing overlay from FXGLStartupScene and adding to FXGLMainMenuDummyScene
00:09:33.915 [JavaFX Application Thread] DEBUG PrimaryStageWindow   - FXGLStartupScene -> FXGLMainMenuDummyScene
00:09:33.916 [JavaFX Application Thread] DEBUG PrimaryStageWindow   - Push state: FXGLDefaultMenu
00:09:33.925 [JavaFX Application Thread] DEBUG Input                - Clearing active input actions
00:09:33.942 [JavaFX Application Thread] DEBUG GameApplicationServi - Removing overlay from FXGLMainMenuDummyScene and adding to FXGLDefaultMenu
00:09:33.942 [JavaFX Application Thread] DEBUG PrimaryStageWindow   - FXGLMainMenuDummyScene -> FXGLDefaultMenu
00:09:33.955 [JavaFX Application Thread] DEBUG FXGLApplication      - Registering font factories with UI factory
00:09:35.271 [JavaFX Application Thread] DEBUG Menu                 - fireNewGame()
00:09:35.272 [JavaFX Application Thread] DEBUG GameApplicationServi - Starting new game
00:09:35.277 [JavaFX Application Thread] DEBUG PrimaryStageWindow   - Pop state: FXGLDefaultMenu
00:09:35.278 [JavaFX Application Thread] DEBUG Input                - Clearing active input actions
00:09:35.279 [JavaFX Application Thread] DEBUG GameApplicationServi - Removing overlay from FXGLDefaultMenu and adding to FXGLMainMenuDummyScene
00:09:35.280 [JavaFX Application Thread] DEBUG PrimaryStageWindow   - FXGLMainMenuDummyScene <- FXGLDefaultMenu
00:09:35.281 [JavaFX Application Thread] DEBUG Input                - Clearing active input actions
00:09:35.294 [JavaFX Application Thread] DEBUG GameApplicationServi - Removing overlay from FXGLMainMenuDummyScene and adding to FXGLLoadingScene
00:09:35.295 [JavaFX Application Thread] DEBUG PrimaryStageWindow   - FXGLMainMenuDummyScene -> FXGLLoadingScene
00:09:35.295 [JavaFX Application Thread] DEBUG GameApplicationServi - Clearing previous game
00:09:35.295 [JavaFX Application Thread] DEBUG GameScene            - Clearing game scene
00:09:35.295 [JavaFX Application Thread] DEBUG GameWorld            - Clearing game world
00:09:35.295 [JavaFX Application Thread] DEBUG PhysicsWorld         - Clearing physics world
00:09:35.298 [FXGL Background Thread 2 ] DEBUG FXGLApplication      - Initializing game
00:09:35.318 [FXGL Background Thread 2 ] DEBUG FXGLAssetLoaderServi - Loading from file system: file:/D:/Gonvival/game/target/classes/assets/textures/map.png
00:09:35.380 [FXGL Background Thread 2 ] DEBUG FXGLAssetLoaderServi - Loading from file system: file:/D:/Gonvival/game/target/classes/assets/textures/idle_down.png
00:09:35.383 [FXGL Background Thread 2 ] DEBUG FXGLAssetLoaderServi - Loading from file system: file:/D:/Gonvival/game/target/classes/assets/textures/idle_up.png
00:09:35.388 [FXGL Background Thread 2 ] DEBUG FXGLAssetLoaderServi - Loading from file system: file:/D:/Gonvival/game/target/classes/assets/textures/idle_left_down.png
00:09:35.390 [FXGL Background Thread 2 ] DEBUG FXGLAssetLoaderServi - Loading from file system: file:/D:/Gonvival/game/target/classes/assets/textures/idle_left_up.png
00:09:35.393 [FXGL Background Thread 2 ] DEBUG FXGLAssetLoaderServi - Loading from file system: file:/D:/Gonvival/game/target/classes/assets/textures/idle_right_down.png
00:09:35.396 [FXGL Background Thread 2 ] DEBUG FXGLAssetLoaderServi - Loading from file system: file:/D:/Gonvival/game/target/classes/assets/textures/idle_right_up.png
00:09:35.399 [FXGL Background Thread 2 ] DEBUG FXGLAssetLoaderServi - Loading from file system: file:/D:/Gonvival/game/target/classes/assets/textures/walk_left_down.png
00:09:35.401 [FXGL Background Thread 2 ] DEBUG FXGLAssetLoaderServi - Loading from file system: file:/D:/Gonvival/game/target/classes/assets/textures/walk_right_down.png
00:09:35.403 [FXGL Background Thread 2 ] DEBUG FXGLAssetLoaderServi - Loading from file system: file:/D:/Gonvival/game/target/classes/assets/textures/walk_up.png
00:09:35.407 [FXGL Background Thread 2 ] DEBUG FXGLAssetLoaderServi - Loading from file system: file:/D:/Gonvival/game/target/classes/assets/textures/walk_down.png
00:09:35.409 [FXGL Background Thread 2 ] DEBUG FXGLAssetLoaderServi - Loading from file system: file:/D:/Gonvival/game/target/classes/assets/textures/walk_left_up.png
00:09:35.411 [FXGL Background Thread 2 ] DEBUG FXGLAssetLoaderServi - Loading from file system: file:/D:/Gonvival/game/target/classes/assets/textures/walk_right_up.png
00:09:35.424 [FXGL Background Thread 2 ] INFO  FXGLApplication      - Game initialization took: 0.125 sec
00:09:35.425 [JavaFX Application Thread] DEBUG Input                - Clearing active input actions
00:09:35.436 [JavaFX Application Thread] DEBUG GameApplicationServi - Removing overlay from FXGLLoadingScene and adding to GameScene
00:09:35.436 [JavaFX Application Thread] DEBUG PrimaryStageWindow   - FXGLLoadingScene -> GameScene
00:09:35.543 [JavaFX Application Thread] DEBUG Input                - Registered new binding: SHOOT - LMB
00:09:35.544 [JavaFX Application Thread] DEBUG Input                - Registered new binding: MOVE LEFT - A
00:09:35.544 [JavaFX Application Thread] DEBUG Input                - Registered new binding: MOVE RIGHT - D
00:09:35.544 [JavaFX Application Thread] DEBUG Input                - Registered new binding: MOVE UP - W
00:09:35.545 [JavaFX Application Thread] DEBUG Input                - Registered new binding: MOVE DOWN - S
00:09:36.391 [JavaFX Application Thread] DEBUG FXGLAssetLoaderServi - Loading from file system: file:/D:/Gonvival/game/target/classes/assets/textures/evil.png
00:09:36.757 [FXGL Background Thread 3 ] DEBUG Engine               - Logging environment variables
00:09:36.757 [FXGL Background Thread 3 ] DEBUG Engine               - achievements: []
00:09:36.758 [FXGL Background Thread 3 ] DEBUG Engine               - actualHeight: 800.0
00:09:36.758 [FXGL Background Thread 3 ] DEBUG Engine               - actualHeightProperty: ReadOnlyDoubleProperty [value: 800.0]
00:09:36.758 [FXGL Background Thread 3 ] DEBUG Engine               - actualWidth: 800.0
00:09:36.758 [FXGL Background Thread 3 ] DEBUG Engine               - actualWidthProperty: ReadOnlyDoubleProperty [value: 800.0]
00:09:36.758 [FXGL Background Thread 3 ] DEBUG Engine               - appIcon: fxgl_icon.png
00:09:36.758 [FXGL Background Thread 3 ] DEBUG Engine               - applicationMode: DEVELOPER
00:09:36.758 [FXGL Background Thread 3 ] DEBUG Engine               - cSSList: [fxgl_dark.css]
00:09:36.758 [FXGL Background Thread 3 ] DEBUG Engine               - collisionDetectionStrategy: BRUTE_FORCE
00:09:36.759 [FXGL Background Thread 3 ] DEBUG Engine               - configClass: Optional.empty
00:09:36.759 [FXGL Background Thread 3 ] DEBUG Engine               - credits: []
00:09:36.759 [FXGL Background Thread 3 ] DEBUG Engine               - defaultCursor: CursorInfo(imageName=fxgl_default_cursor.png, hotspotX=7.0, hotspotY=6.0)
00:09:36.760 [FXGL Background Thread 3 ] DEBUG Engine               - devBBoxColorProperty: ObjectProperty [value: 0xff0000ff]
00:09:36.760 [FXGL Background Thread 3 ] DEBUG Engine               - devEnableDebugCameraProperty: BooleanProperty [value: false]
00:09:36.760 [FXGL Background Thread 3 ] DEBUG Engine               - devSensorColorProperty: ObjectProperty [value: 0xffff00ff]
00:09:36.761 [FXGL Background Thread 3 ] DEBUG Engine               - devShowBBoxProperty: BooleanProperty [value: false]
00:09:36.761 [FXGL Background Thread 3 ] DEBUG Engine               - devShowPositionProperty: BooleanProperty [value: false]
00:09:36.761 [FXGL Background Thread 3 ] DEBUG Engine               - enabledMenuItems: []
00:09:36.761 [FXGL Background Thread 3 ] DEBUG Engine               - engineServices: [class com.almasb.fxgl.app.services.FXGLAssetLoaderService, class com.almasb.fxgl.app.FXGLApplication$GameApplicationService, class com.almasb.fxgl.app.services.FXGLDialogService, class com.almasb.fxgl.app.services.IOTaskExecutorService, class com.almasb.fxgl.io.FileSystemService, class com.almasb.fxgl.localization.LocalizationService, class com.almasb.fxgl.app.services.SystemBundleService, class com.almasb.fxgl.profile.SaveLoadService, class com.almasb.fxgl.ui.FXGLUIFactoryServiceProvider, class com.almasb.fxgl.ui.FXGLDialogFactoryServiceProvider, class com.almasb.fxgl.audio.AudioPlayer, class com.almasb.fxgl.notification.impl.NotificationServiceProvider, class com.almasb.fxgl.achievement.AchievementService, class com.almasb.fxgl.cutscene.CutsceneService, class com.almasb.fxgl.minigames.MiniGameService, class com.almasb.fxgl.net.NetService, class com.almasb.fxgl.app.services.UpdaterService, class com.almasb.fxgl.dev.DevService]
00:09:36.761 [FXGL Background Thread 3 ] DEBUG Engine               - fontGame: Abel-Regular.ttf
00:09:36.761 [FXGL Background Thread 3 ] DEBUG Engine               - fontMono: TerminalLandMono-Regular.otf
00:09:36.761 [FXGL Background Thread 3 ] DEBUG Engine               - fontSizeScaleUI: 1.0
00:09:36.761 [FXGL Background Thread 3 ] DEBUG Engine               - fontText: Courier-Prime.ttf
00:09:36.761 [FXGL Background Thread 3 ] DEBUG Engine               - fontUI: VarelaRound-Regular.ttf
00:09:36.763 [FXGL Background Thread 3 ] DEBUG Engine               - fullScreen: BooleanProperty [value: false]
00:09:36.763 [FXGL Background Thread 3 ] DEBUG Engine               - gameDifficulty: MEDIUM
00:09:36.763 [FXGL Background Thread 3 ] DEBUG Engine               - gameDifficultyProperty: ObjectProperty [value: MEDIUM]
00:09:36.763 [FXGL Background Thread 3 ] DEBUG Engine               - globalMusicVolume: 0.5
00:09:36.764 [FXGL Background Thread 3 ] DEBUG Engine               - globalMusicVolumeProperty: DoubleProperty [value: 0.5]
00:09:36.764 [FXGL Background Thread 3 ] DEBUG Engine               - globalSoundVolume: 0.5
00:09:36.764 [FXGL Background Thread 3 ] DEBUG Engine               - globalSoundVolumeProperty: DoubleProperty [value: 0.5]
00:09:36.764 [FXGL Background Thread 3 ] DEBUG Engine               - height: 800
00:09:36.764 [FXGL Background Thread 3 ] DEBUG Engine               - is3D: false
00:09:36.765 [FXGL Background Thread 3 ] DEBUG Engine               - isAndroid: false
00:09:36.765 [FXGL Background Thread 3 ] DEBUG Engine               - isBrowser: false
00:09:36.765 [FXGL Background Thread 3 ] DEBUG Engine               - isClickFeedbackEnabled: false
00:09:36.765 [FXGL Background Thread 3 ] DEBUG Engine               - isCloseConfirmation: false
00:09:36.765 [FXGL Background Thread 3 ] DEBUG Engine               - isDesktop: true
00:09:36.765 [FXGL Background Thread 3 ] DEBUG Engine               - isDeveloperMenuEnabled: false
00:09:36.766 [FXGL Background Thread 3 ] DEBUG Engine               - isEmbedded: false
00:09:36.766 [FXGL Background Thread 3 ] DEBUG Engine               - isEntityPreloadEnabled: true
00:09:36.767 [FXGL Background Thread 3 ] DEBUG Engine               - isExperimentalTiledLargeMap: false
00:09:36.767 [FXGL Background Thread 3 ] DEBUG Engine               - isFileSystemWriteAllowed: true
00:09:36.767 [FXGL Background Thread 3 ] DEBUG Engine               - isFullScreenAllowed: false
00:09:36.767 [FXGL Background Thread 3 ] DEBUG Engine               - isFullScreenFromStart: false
00:09:36.767 [FXGL Background Thread 3 ] DEBUG Engine               - isGameMenuEnabled: true
00:09:36.767 [FXGL Background Thread 3 ] DEBUG Engine               - isIOS: false
00:09:36.767 [FXGL Background Thread 3 ] DEBUG Engine               - isIntroEnabled: false
00:09:36.768 [FXGL Background Thread 3 ] DEBUG Engine               - isLinux: false
00:09:36.768 [FXGL Background Thread 3 ] DEBUG Engine               - isMac: false
00:09:36.768 [FXGL Background Thread 3 ] DEBUG Engine               - isMainMenuEnabled: true
00:09:36.768 [FXGL Background Thread 3 ] DEBUG Engine               - isManualResizeEnabled: false
00:09:36.768 [FXGL Background Thread 3 ] DEBUG Engine               - isMobile: false
00:09:36.768 [FXGL Background Thread 3 ] DEBUG Engine               - isNative: false
00:09:36.768 [FXGL Background Thread 3 ] DEBUG Engine               - isPauseMusicWhenMinimized: true
00:09:36.768 [FXGL Background Thread 3 ] DEBUG Engine               - isPreserveResizeRatio: false
00:09:36.768 [FXGL Background Thread 3 ] DEBUG Engine               - isProfilingEnabled: false
00:09:36.769 [FXGL Background Thread 3 ] DEBUG Engine               - isScaleAffectedOnResize: true
00:09:36.769 [FXGL Background Thread 3 ] DEBUG Engine               - isSingleStep: false
00:09:36.769 [FXGL Background Thread 3 ] DEBUG Engine               - isUserProfileEnabled: false
00:09:36.769 [FXGL Background Thread 3 ] DEBUG Engine               - isWindows: true
00:09:36.769 [FXGL Background Thread 3 ] DEBUG Engine               - language: ObjectProperty [value: ENGLISH]
00:09:36.769 [FXGL Background Thread 3 ] DEBUG Engine               - menuKey: ESCAPE
00:09:36.770 [FXGL Background Thread 3 ] DEBUG Engine               - mouseSensitivity: 0.2
00:09:36.770 [FXGL Background Thread 3 ] DEBUG Engine               - notificationViewClass: class com.almasb.fxgl.notification.view.XboxNotificationView
00:09:36.770 [FXGL Background Thread 3 ] DEBUG Engine               - pixelsPerMeter: 50.0
00:09:36.771 [FXGL Background Thread 3 ] DEBUG Engine               - platform: WINDOWS
00:09:36.771 [FXGL Background Thread 3 ] DEBUG Engine               - prefHeightProperty: ReadOnlyDoubleProperty [value: 800.0]
00:09:36.771 [FXGL Background Thread 3 ] DEBUG Engine               - prefWidthProperty: ReadOnlyDoubleProperty [value: 800.0]
00:09:36.772 [FXGL Background Thread 3 ] DEBUG Engine               - profileDir: profiles/
00:09:36.772 [FXGL Background Thread 3 ] DEBUG Engine               - profileName: StringProperty [value: DEFAULT]
00:09:36.773 [FXGL Background Thread 3 ] DEBUG Engine               - randomSeed: -1
00:09:36.775 [FXGL Background Thread 3 ] DEBUG Engine               - runtimeInfo: RuntimeInfo(platform=WINDOWS, version=21.1, build=27.03.2024 07.52)
00:09:36.776 [FXGL Background Thread 3 ] DEBUG Engine               - saveFileExt: sav
00:09:36.776 [FXGL Background Thread 3 ] DEBUG Engine               - scaledHeightProp$fxgl: DoubleProperty [bound, value: 800.0]
00:09:36.776 [FXGL Background Thread 3 ] DEBUG Engine               - scaledWidthProp$fxgl: DoubleProperty [bound, value: 800.0]
00:09:36.776 [FXGL Background Thread 3 ] DEBUG Engine               - sceneFactory: com.almasb.fxgl.app.scene.SceneFactory@3abf2106
00:09:36.777 [FXGL Background Thread 3 ] DEBUG Engine               - secondsIn24h: 60
00:09:36.777 [FXGL Background Thread 3 ] DEBUG Engine               - soundMenuBack: menu/back.wav
00:09:36.777 [FXGL Background Thread 3 ] DEBUG Engine               - soundMenuPress: menu/press.wav
00:09:36.777 [FXGL Background Thread 3 ] DEBUG Engine               - soundMenuSelect: menu/select.wav
00:09:36.777 [FXGL Background Thread 3 ] DEBUG Engine               - soundNotification: core/notification.wav
00:09:36.778 [FXGL Background Thread 3 ] DEBUG Engine               - stageStyle: DECORATED
00:09:36.779 [FXGL Background Thread 3 ] DEBUG Engine               - supportedLanguages: [ENGLISH, FRENCH, GERMAN, HUNGARIAN, RUSSIAN]
00:09:36.780 [FXGL Background Thread 3 ] DEBUG Engine               - ticksPerSecond: -1
00:09:36.780 [FXGL Background Thread 3 ] DEBUG Engine               - title: Gonvival
00:09:36.780 [FXGL Background Thread 3 ] DEBUG Engine               - urlGithub: https://github.com/AlmasB/FXGL
00:09:36.780 [FXGL Background Thread 3 ] DEBUG Engine               - urlLeaderboard: http://fxgl-top.herokuapp.com/
00:09:36.780 [FXGL Background Thread 3 ] DEBUG Engine               - urlPOM: https://raw.githubusercontent.com/AlmasB/FXGL/release/README.md
00:09:36.781 [FXGL Background Thread 3 ] DEBUG Engine               - userAppClass: class com.lab.App
00:09:36.781 [FXGL Background Thread 3 ] DEBUG Engine               - version: beta
00:09:36.781 [FXGL Background Thread 3 ] DEBUG Engine               - versionCheckDays: 7
00:09:36.781 [FXGL Background Thread 3 ] DEBUG Engine               - width: 800
00:09:36.781 [FXGL Background Thread 3 ] DEBUG Engine               - Logging services
00:09:36.781 [FXGL Background Thread 3 ] DEBUG Engine               - class com.almasb.fxgl.app.services.FXGLAssetLoaderService
00:09:36.781 [FXGL Background Thread 3 ] DEBUG Engine               - class com.almasb.fxgl.app.FXGLApplication$GameApplicationService
00:09:36.781 [FXGL Background Thread 3 ] DEBUG Engine               - class com.almasb.fxgl.app.services.FXGLDialogService
00:09:36.781 [FXGL Background Thread 3 ] DEBUG Engine               - class com.almasb.fxgl.app.services.IOTaskExecutorService
00:09:36.781 [FXGL Background Thread 3 ] DEBUG Engine               - class com.almasb.fxgl.io.FileSystemService
00:09:36.781 [FXGL Background Thread 3 ] DEBUG Engine               - class com.almasb.fxgl.localization.LocalizationService
00:09:36.781 [FXGL Background Thread 3 ] DEBUG Engine               - class com.almasb.fxgl.app.services.SystemBundleService
00:09:36.782 [FXGL Background Thread 3 ] DEBUG Engine               - class com.almasb.fxgl.profile.SaveLoadService
00:09:36.782 [FXGL Background Thread 3 ] DEBUG Engine               - class com.almasb.fxgl.ui.FXGLUIFactoryServiceProvider
00:09:36.782 [FXGL Background Thread 3 ] DEBUG Engine               - class com.almasb.fxgl.ui.FXGLDialogFactoryServiceProvider
00:09:36.782 [FXGL Background Thread 3 ] DEBUG Engine               - class com.almasb.fxgl.audio.AudioPlayer
00:09:36.782 [FXGL Background Thread 3 ] DEBUG Engine               - class com.almasb.fxgl.notification.impl.NotificationServiceProvider
00:09:36.783 [FXGL Background Thread 3 ] DEBUG Engine               - class com.almasb.fxgl.achievement.AchievementService
00:09:36.783 [FXGL Background Thread 3 ] DEBUG Engine               - class com.almasb.fxgl.cutscene.CutsceneService
00:09:36.783 [FXGL Background Thread 3 ] DEBUG Engine               - class com.almasb.fxgl.minigames.MiniGameService
00:09:36.783 [FXGL Background Thread 3 ] DEBUG Engine               - class com.almasb.fxgl.net.NetService
00:09:36.783 [FXGL Background Thread 3 ] DEBUG Engine               - class com.almasb.fxgl.app.services.UpdaterService
00:09:36.783 [FXGL Background Thread 3 ] DEBUG Engine               - class com.almasb.fxgl.dev.DevService
00:09:37.461 [JavaFX Application Thread] DEBUG FXGLAssetLoaderServi - Loading from file system: file:/D:/Gonvival/game/target/classes/assets/textures/arrow.png
00:09:47.805 [JavaFX Application Thread] DEBUG PrimaryStageWindow   - Push state: DialogSubScene
00:09:47.805 [JavaFX Application Thread] DEBUG Input                - Clearing active input actions
00:09:47.808 [JavaFX Application Thread] DEBUG GameApplicationServi - Removing overlay from GameScene and adding to DialogSubScene
00:09:47.808 [JavaFX Application Thread] DEBUG PrimaryStageWindow   - GameScene -> DialogSubScene
00:09:50.870 [JavaFX Application Thread] DEBUG PrimaryStageWindow   - Pop state: DialogSubScene
00:09:50.870 [JavaFX Application Thread] DEBUG Input                - Clearing active input actions
00:09:50.871 [JavaFX Application Thread] DEBUG GameApplicationServi - Removing overlay from DialogSubScene and adding to GameScene
00:09:50.871 [JavaFX Application Thread] DEBUG PrimaryStageWindow   - GameScene <- DialogSubScene
00:09:50.871 [JavaFX Application Thread] DEBUG Input                - Clearing active input actions
00:09:50.882 [JavaFX Application Thread] DEBUG GameApplicationServi - Removing overlay from GameScene and adding to FXGLMainMenuDummyScene
00:09:50.882 [JavaFX Application Thread] DEBUG PrimaryStageWindow   - GameScene -> FXGLMainMenuDummyScene
00:09:50.882 [JavaFX Application Thread] DEBUG PrimaryStageWindow   - Push state: FXGLDefaultMenu
00:09:50.882 [JavaFX Application Thread] DEBUG Input                - Clearing active input actions
00:09:50.888 [JavaFX Application Thread] DEBUG GameApplicationServi - Removing overlay from FXGLMainMenuDummyScene and adding to FXGLDefaultMenu
00:09:50.888 [JavaFX Application Thread] DEBUG PrimaryStageWindow   - FXGLMainMenuDummyScene -> FXGLDefaultMenu
00:09:55.054 [JavaFX Application Thread] DEBUG Menu                 - fireExit()
00:09:55.056 [JavaFX Application Thread] DEBUG PrimaryStageWindow   - Push state: DialogSubScene
00:09:55.057 [JavaFX Application Thread] DEBUG Input                - Clearing active input actions
00:09:55.058 [JavaFX Application Thread] DEBUG GameApplicationServi - Removing overlay from FXGLDefaultMenu and adding to DialogSubScene
00:09:55.059 [JavaFX Application Thread] DEBUG PrimaryStageWindow   - FXGLDefaultMenu -> DialogSubScene
00:09:56.373 [JavaFX Application Thread] DEBUG PrimaryStageWindow   - Pop state: DialogSubScene
00:09:56.373 [JavaFX Application Thread] DEBUG Input                - Clearing active input actions
00:09:56.374 [JavaFX Application Thread] DEBUG GameApplicationServi - Removing overlay from DialogSubScene and adding to FXGLDefaultMenu
00:09:56.374 [JavaFX Application Thread] DEBUG PrimaryStageWindow   - FXGLDefaultMenu <- DialogSubScene
00:09:56.374 [JavaFX Application Thread] DEBUG FXGLApplication      - Exiting FXGL
00:09:56.374 [JavaFX Application Thread] DEBUG LoopRunner           - Stopping loop
00:09:56.374 [JavaFX Application Thread] DEBUG SystemBundleService  - Saving FXGL system data
00:09:56.379 [JavaFX Application Thread] DEBUG FileSystemAccess     - Writing to: D:\Gonvival\system\fxgl.bundle
00:09:56.387 [JavaFX Application Thread] DEBUG Async                - Shutting down background threads
00:09:56.388 [JavaFX Application Thread] DEBUG PrimaryStageWindow   - Closing main window
00:09:56.490 [JavaFX Application Thread] DEBUG Logger               - Closing Logger
